# Threadlevel provided:        3 out of        0        1        2        3
  spat_dim , proc_dim, PBC ? 
           1 -Dim Input         1200           2 T
           2 -Dim Input         1800           3 T
           3 -Dim Input         2400           4 T
#   0 Process grid   2   3   4
          14           3           2
          15           3           2
          16           3           2
          17           3           2
          18           3           2
          19           3           2
          20           3           2
          21           3           2
          22           3           2
          23           3           2
           0           3           2
#   0  Allocated 2 arrays with a total of  3490.68      Mbytes 
           1           3           2
           2           3           2
           3           3           2
           4           3           2
           5           3           2
           6           3           2
           7           3           2
           8           3           2
           9           3           2
          10           3           2
          11           3           2
          12           3           2
          13           3           2
# StartResidual    0.00000000000    
  4  Maxtime , Mintime + JacobiMi , JacobiMa    3.06027952100        3.06013288200        2.85023058600        2.96260691300       Residual    26029999.9794      MLUPs    1693.96290908    
  4  Maxtime , Mintime + JacobiMi , JacobiMa    3.06092836200        3.06092374900        2.85044389300        2.96578402300       Residual    4333333.33331      MLUPs    1693.60383090    
  4  Maxtime , Mintime + JacobiMi , JacobiMa    3.05842346700        3.05841717200        2.84934321000        2.96286459800       Residual    922839.505892      MLUPs    1694.99091801    
  4  Maxtime , Mintime + JacobiMi , JacobiMa    3.05831406800        3.05830192100        2.85009490600        2.96280979800       Residual    274176.954673      MLUPs    1695.05154956    
  4  Maxtime , Mintime + JacobiMi , JacobiMa    3.05937309400        3.05936796300        2.84924517400        2.96380702400       Residual    112289.951988      MLUPs    1694.46479417    
  4  Maxtime , Mintime + JacobiMi , JacobiMa    3.05946218700        3.05945334400        2.84964973100        2.96384359400       Residual    57854.6260461      MLUPs    1694.41545054    
  4  Maxtime , Mintime + JacobiMi , JacobiMa    3.05891847000        3.05891468100        2.84976637200        2.96333477100       Residual    34436.9975830      MLUPs    1694.71662970    
  4  Maxtime , Mintime + JacobiMi , JacobiMa    3.05944905600        3.05943865100        2.84956433300        2.96394961600       Residual    22486.1931453      MLUPs    1694.42272289    
  4  Maxtime , Mintime + JacobiMi , JacobiMa    3.05865034800        3.05863260500        2.84998744700        2.96311097700       Residual    15648.2371577      MLUPs    1694.86518895    
  4  Maxtime , Mintime + JacobiMi , JacobiMa    3.05882451600        3.05882030400        2.84962809100        2.96342218800       Residual    11410.0780517      MLUPs    1694.76868414    
