# Threadlevel provided:        3 out of        0        1        2        3
  spat_dim , proc_dim, PBC ? 
           1 -Dim Input         1200           2 T
           2 -Dim Input         1800           3 T
           3 -Dim Input         4800           8 T
#   0 Process grid   2   3   8
           1           3           2
           2           3           2
           3           3           2
           4           3           2
           5           3           2
           6           3           2
           7           3           2
           8           3           2
           9           3           2
          10           3           2
          11           3           2
          12           3           2
          13           3           2
          14           3           2
          16           3           2
          17           3           2
          18           3           2
          20           3           2
          21           3           2
          22           3           2
          23           3           2
          24           3           2
          25           3           2
          27           3           2
          29           3           2
          30           3           2
          32           3           2
          33           3           2
          34           3           2
          36           3           2
          37           3           2
          38           3           2
          39           3           2
          40           3           2
          41           3           2
          43           3           2
          44           3           2
          45           3           2
          46           3           2
           0           3           2
#   0  Allocated 2 arrays with a total of  3490.68      Mbytes 
          15           3           2
          47           3           2
          19           3           2
          26           3           2
          31           3           2
          35           3           2
          28           3           2
          42           3           2
# StartResidual    0.00000000000    
  4  Maxtime , Mintime + JacobiMi , JacobiMa    4.10756504400        4.10723323000        3.82094308100        3.98875566000       Residual    46043333.2968      MLUPs    2524.12314569    
  4  Maxtime , Mintime + JacobiMi , JacobiMa    4.10422217800        4.10406872800        3.82120951300        3.98717614900       Residual    7666666.66663      MLUPs    2526.17902987    
  4  Maxtime , Mintime + JacobiMi , JacobiMa    4.10192116600        4.10189282800        3.82048408100        3.98605791900       Residual    1632716.04889      MLUPs    2527.59611422    
  4  Maxtime , Mintime + JacobiMi , JacobiMa    4.10496733100        4.10494866200        3.82010689000        3.98918945000       Residual    485082.304422      MLUPs    2525.72046596    
  4  Maxtime , Mintime + JacobiMi , JacobiMa    4.10281203700        4.10279229200        3.81947244900        3.98691959400       Residual    198666.838132      MLUPs    2527.04728038    
  4  Maxtime , Mintime + JacobiMi , JacobiMa    4.11490380000        4.11488246300        3.82119693800        4.00381344000       Residual    102358.184543      MLUPs    2519.62147936    
  4  Maxtime , Mintime + JacobiMi , JacobiMa    4.10274406100        4.10273232600        3.82040931100        3.98756917300       Residual    60926.9957236      MLUPs    2527.08914957    
  4  Maxtime , Mintime + JacobiMi , JacobiMa    4.10463755100        4.10461501500        3.82140771000        3.98925431900       Residual    39783.2647955      MLUPs    2525.92339060    
  4  Maxtime , Mintime + JacobiMi , JacobiMa    4.10299027400        4.10296294000        3.82172187200        3.98770991900       Residual    27685.3426636      MLUPs    2526.93750353    
  4  Maxtime , Mintime + JacobiMi , JacobiMa    4.10357978500        4.10356325300        3.82174864400        3.98854534000       Residual    20187.0611683      MLUPs    2526.57448940    
