# Threadlevel provided:        3 out of        0        1        2        3
  spat_dim , proc_dim, PBC ? 
           1 -Dim Input         1200           2 T
           2 -Dim Input         1800           3 T
           3 -Dim Input         4800           8 T
#   0 Process grid   2   3   8
          11           3           2
          12           3           2
          13           3           2
          14           3           2
          15           3           2
          16           3           2
          17           3           2
          19           3           2
          20           3           2
          21           3           2
          22           3           2
          23           3           2
          24           3           2
          25           3           2
          27           3           2
          28           3           2
          31           3           2
          33           3           2
          34           3           2
          35           3           2
          36           3           2
          37           3           2
          38           3           2
          39           3           2
          40           3           2
          41           3           2
          42           3           2
          43           3           2
          44           3           2
          45           3           2
          46           3           2
          47           3           2
           0           3           2
#   0  Allocated 2 arrays with a total of  3490.68      Mbytes 
           1           3           2
           2           3           2
           3           3           2
           4           3           2
           5           3           2
           6           3           2
           7           3           2
           8           3           2
           9           3           2
          10           3           2
          32           3           2
          30           3           2
          18           3           2
          26           3           2
          29           3           2
# StartResidual    0.00000000000    
  4  Maxtime , Mintime + JacobiMi , JacobiMa    5.18317587100        5.17407475100        3.04692724600        5.04126187800       Residual    46043333.2968      MLUPs    2000.31800156    
  4  Maxtime , Mintime + JacobiMi , JacobiMa    4.13583819600        4.13582019300        3.82514909200        3.98491483100       Residual    7666666.66663      MLUPs    2506.86789682    
  4  Maxtime , Mintime + JacobiMi , JacobiMa    4.13116375000        4.13114352000        3.82538571500        3.97942093700       Residual    1632716.04889      MLUPs    2509.70443861    
  4  Maxtime , Mintime + JacobiMi , JacobiMa    4.13449495200        4.13446788600        3.82533183900        3.99012106600       Residual    485082.304422      MLUPs    2507.68234582    
  4  Maxtime , Mintime + JacobiMi , JacobiMa    4.13454282700        4.13451654100        3.82543823800        3.99120340000       Residual    198666.838132      MLUPs    2507.65330868    
  4  Maxtime , Mintime + JacobiMi , JacobiMa    4.13548351300        4.13546589300        3.82555834100        3.99185690000       Residual    102358.184543      MLUPs    2507.08290032    
  4  Maxtime , Mintime + JacobiMi , JacobiMa    4.13359258800        4.13358175600        3.82568385200        3.98939203900       Residual    60926.9957236      MLUPs    2508.22977332    
  4  Maxtime , Mintime + JacobiMi , JacobiMa    4.13432685700        4.13430706300        3.82494278000        3.99061439600       Residual    39783.2647955      MLUPs    2507.78430410    
  4  Maxtime , Mintime + JacobiMi , JacobiMa    4.13350813600        4.13349912100        3.82532472100        3.98950636700       Residual    27685.3426636      MLUPs    2508.28101914    
  4  Maxtime , Mintime + JacobiMi , JacobiMa    4.13552271800        4.13549943500        3.82666863900        3.99222419900       Residual    20187.0611683      MLUPs    2507.05913303    
