# Threadlevel provided:        3 out of        0        1        2        3
  spat_dim , proc_dim, PBC ? 
           1 -Dim Input          600           1 T
           2 -Dim Input         2400           4 T
           3 -Dim Input         7200          12 T
#   0 Process grid   1   4  12
          10           3           2
          11           3           2
          12           3           2
          13           3           2
          14           3           2
          16           3           2
          17           3           2
          18           3           2
          19           3           2
          20           3           2
          21           3           2
          22           3           2
          23           3           2
          24           3           2
          25           3           2
          26           3           2
          27           3           2
          28           3           2
          29           3           2
          30           3           2
          32           3           2
          33           3           2
          34           3           2
          35           3           2
          36           3           2
          37           3           2
          38           3           2
          39           3           2
          40           3           2
          41           3           2
          42           3           2
          43           3           2
          44           3           2
          45           3           2
          46           3           2
           0           3           2
           1           3           2
           2           3           2
           3           3           2
           5           3           2
           6           3           2
           7           3           2
           8           3           2
           9           3           2
#   0  Allocated 2 arrays with a total of  3490.68      Mbytes 
          15           3           2
          31           3           2
          47           3           2
           4           3           2
# StartResidual    0.00000000000    
  4  Maxtime , Mintime + JacobiMi , JacobiMa    4.08392942700        4.08344011700        3.80773828200        3.96099307600       Residual    64056666.6158      MLUPs    2538.73143141    
  4  Maxtime , Mintime + JacobiMi , JacobiMa    4.08374842000        4.08373498400        3.80744861200        3.96395644700       Residual    10666666.6666      MLUPs    2538.84395748    
  4  Maxtime , Mintime + JacobiMi , JacobiMa    4.08304525100        4.08302824400        3.80673092100        3.96337960600       Residual    2271604.93759      MLUPs    2539.28118907    
  4  Maxtime , Mintime + JacobiMi , JacobiMa    4.08345817200        4.08344395300        3.80832913400        3.96408304200       Residual    674897.119214      MLUPs    2539.02441590    
  4  Maxtime , Mintime + JacobiMi , JacobiMa    4.08309418200        4.08308316300        3.79431841400        3.96334116400       Residual    276406.035664      MLUPs    2539.25075883    
  4  Maxtime , Mintime + JacobiMi , JacobiMa    4.08449388900        4.08446612800        3.80796542900        3.96439288200       Residual    142411.387188      MLUPs    2538.38058809    
  4  Maxtime , Mintime + JacobiMi , JacobiMa    4.08218722800        4.08216747100        3.80727712200        3.96259370500       Residual    84767.9940506      MLUPs    2539.81491316    
  4  Maxtime , Mintime + JacobiMi , JacobiMa    4.08464697300        4.08463600200        3.80859896300        3.96499665700       Residual    55350.6292802      MLUPs    2538.28545491    
  4  Maxtime , Mintime + JacobiMi , JacobiMa    4.08818636800        4.08815869500        3.80899975700        3.96846958200       Residual    38518.7376189      MLUPs    2536.08790469    
  4  Maxtime , Mintime + JacobiMi , JacobiMa    4.08481023200        4.08479867100        3.79801216300        3.96506273000       Residual    28086.3459730      MLUPs    2538.18400639    
