# Threadlevel provided:        3 out of        0        1        2        3
  spat_dim , proc_dim, PBC ? 
           1 -Dim Input          600           1 T
           2 -Dim Input         2400           4 T
           3 -Dim Input         7200          12 T
#   0 Process grid   1   4  12
           8           3           2
          10           3           2
          11           3           2
          12           3           2
          14           3           2
          18           3           2
          19           3           2
          21           3           2
          22           3           2
          24           3           2
          25           3           2
          26           3           2
          27           3           2
          28           3           2
          29           3           2
          30           3           2
          31           3           2
          32           3           2
          34           3           2
          35           3           2
          37           3           2
          40           3           2
          42           3           2
          47           3           2
           0           3           2
#   0  Allocated 2 arrays with a total of  3490.68      Mbytes 
           1           3           2
           2           3           2
           3           3           2
           4           3           2
           5           3           2
           6           3           2
           7           3           2
           9           3           2
          13           3           2
          15           3           2
          16           3           2
          17           3           2
          20           3           2
          33           3           2
          36           3           2
          38           3           2
          39           3           2
          43           3           2
          44           3           2
          45           3           2
          46           3           2
          23           3           2
          41           3           2
# StartResidual    0.00000000000    
  4  Maxtime , Mintime + JacobiMi , JacobiMa    4.09404631300        4.09364352600        3.80833474700        3.97984857400       Residual    64056666.6158      MLUPs    2532.45791751    
  4  Maxtime , Mintime + JacobiMi , JacobiMa    4.09131271100        4.09093700800        3.80792728600        3.97952673400       Residual    10666666.6666      MLUPs    2534.14997395    
  4  Maxtime , Mintime + JacobiMi , JacobiMa    4.09036048900        4.09033843700        3.80765142500        3.97846865100       Residual    2271604.93759      MLUPs    2534.73991544    
  4  Maxtime , Mintime + JacobiMi , JacobiMa    4.09384618600        4.09382990800        3.80892883300        3.98133349900       Residual    674897.119214      MLUPs    2532.58171630    
  4  Maxtime , Mintime + JacobiMi , JacobiMa    4.09247979800        4.09210392100        3.80855269800        3.98056158200       Residual    276406.035664      MLUPs    2533.42728902    
  4  Maxtime , Mintime + JacobiMi , JacobiMa    4.09290343300        4.09288848300        3.80877280300        3.98103483500       Residual    142411.387188      MLUPs    2533.16506722    
  4  Maxtime , Mintime + JacobiMi , JacobiMa    4.09226742200        4.09223986500        3.80815160200        3.98059025300       Residual    84767.9940506      MLUPs    2533.55876604    
  4  Maxtime , Mintime + JacobiMi , JacobiMa    4.09348496300        4.09347340200        3.80938409500        3.98198646300       Residual    55350.6292802      MLUPs    2532.80519990    
  4  Maxtime , Mintime + JacobiMi , JacobiMa    4.09193496300        4.09191682600        3.80945609100        3.98009635500       Residual    38518.7376189      MLUPs    2533.76461106    
  4  Maxtime , Mintime + JacobiMi , JacobiMa    4.09396247200        4.09393870000        3.80944036500        3.98235905700       Residual    28086.3459730      MLUPs    2532.50978017    
