# Threadlevel provided:        3 out of        0        1        2        3
  spat_dim , proc_dim, PBC ? 
           1 -Dim Input          600           1 T
           2 -Dim Input         1200           2 T
           3 -Dim Input        14400          24 T
#   0 Process grid   1   2  24
          15           3           2
          16           3           2
          18           3           2
          19           3           2
          21           3           2
          22           3           2
          23           3           2
          24           3           2
          25           3           2
          26           3           2
          27           3           2
          28           3           2
          29           3           2
          30           3           2
          31           3           2
          32           3           2
          33           3           2
          34           3           2
          35           3           2
          36           3           2
          37           3           2
          38           3           2
          40           3           2
          41           3           2
          42           3           2
          43           3           2
          45           3           2
          46           3           2
          47           3           2
           0           3           2
#   0  Allocated 2 arrays with a total of  3490.68      Mbytes 
           1           3           2
           2           3           2
           3           3           2
           4           3           2
           5           3           2
           6           3           2
           7           3           2
           8           3           2
           9           3           2
          10           3           2
          11           3           2
          12           3           2
          13           3           2
          14           3           2
          39           3           2
          44           3           2
          17           3           2
          20           3           2
# StartResidual    0.00000000000    
  4  Maxtime , Mintime + JacobiMi , JacobiMa    4.08276636100        4.08241153400        3.80630718600        3.96638875500       Residual    74089999.9415      MLUPs    2539.45464503    
  4  Maxtime , Mintime + JacobiMi , JacobiMa    4.08049825700        4.08048807700        3.80690836700        3.96578851900       Residual    12333333.3333      MLUPs    2540.86617540    
  4  Maxtime , Mintime + JacobiMi , JacobiMa    4.07984943100        4.07982697900        3.80769733200        3.96535108900       Residual    2626543.20908      MLUPs    2541.27025405    
  4  Maxtime , Mintime + JacobiMi , JacobiMa    4.07989719800        4.07987710400        3.80699409900        3.96438684900       Residual    780349.794086      MLUPs    2541.24050113    
  4  Maxtime , Mintime + JacobiMi , JacobiMa    4.08058244000        4.08056862000        3.80799174800        3.96633328900       Residual    319594.478736      MLUPs    2540.81375697    
  4  Maxtime , Mintime + JacobiMi , JacobiMa    4.08072315100        4.08070081400        3.80870184200        3.96645985400       Residual    164663.166438      MLUPs    2540.72614494    
  4  Maxtime , Mintime + JacobiMi , JacobiMa    4.08060631800        4.08058010800        3.80858603300        3.96616947000       Residual    98012.9931215      MLUPs    2540.79888919    
  4  Maxtime , Mintime + JacobiMi , JacobiMa    4.09254535300        4.09252811000        3.81011873100        3.96663097500       Residual    63999.1651054      MLUPs    2533.38670820    
  4  Maxtime , Mintime + JacobiMi , JacobiMa    4.08063850100        4.08062143100        3.80910718500        3.96641423900       Residual    44537.2903724      MLUPs    2540.77885053    
  4  Maxtime , Mintime + JacobiMi , JacobiMa    4.08206104600        4.08205201400        3.80922733800        3.96743060000       Residual    32474.8375318      MLUPs    2539.89342226    
