# Threadlevel provided:        3 out of        0        1        2        3
  spat_dim , proc_dim, PBC ? 
           1 -Dim Input          600           1 T
           2 -Dim Input         1200           2 T
           3 -Dim Input         3600           6 T
#   0 Process grid   1   2   6
           0           3           2
           1           3           2
           2           3           2
           3           3           2
           4           3           2
           5           3           2
           6           3           2
           7           3           2
           8           3           2
           9           3           2
          10           3           2
          11           3           2
#   0  Allocated 2 arrays with a total of  3490.68      Mbytes 
# StartResidual    0.00000000000    
  4  Maxtime , Mintime + JacobiMi , JacobiMa    3.06043660900        3.06037585000        2.95619962200        2.96623258000       Residual    20029999.9842      MLUPs    846.937980149    
  4  Maxtime , Mintime + JacobiMi , JacobiMa    3.05461252700        3.05460805200        2.95493068600        2.96154527400       Residual    3333333.33332      MLUPs    848.552795842    
  4  Maxtime , Mintime + JacobiMi , JacobiMa    3.05432397900        3.05431875500        2.95544086500        2.96109423100       Residual    709876.542984      MLUPs    848.632960295    
  4  Maxtime , Mintime + JacobiMi , JacobiMa    3.05551213600        3.05550802600        2.95654315100        2.96263684900       Residual    210905.349752      MLUPs    848.302963507    
  4  Maxtime , Mintime + JacobiMi , JacobiMa    3.05384923000        3.05384119800        2.95560628300        2.96088516300       Residual    86376.8861455      MLUPs    848.764888108    
  4  Maxtime , Mintime + JacobiMi , JacobiMa    3.05447234000        3.05446378000        2.95626687700        2.96129043100       Residual    44503.5584977      MLUPs    848.591740726    
  4  Maxtime , Mintime + JacobiMi , JacobiMa    3.05454090200        3.05452455300        2.95616440300        2.96156917500       Residual    26489.9981411      MLUPs    848.572693298    
  4  Maxtime , Mintime + JacobiMi , JacobiMa    3.05443455400        3.05442497100        2.95617297300        2.96147982600       Residual    17297.0716500      MLUPs    848.602238541    
  4  Maxtime , Mintime + JacobiMi , JacobiMa    3.05514468400        3.05513617300        2.95684522600        2.96226751400       Residual    12037.1055057      MLUPs    848.404991611    
  4  Maxtime , Mintime + JacobiMi , JacobiMa    3.05510185400        3.05509855500        2.95676645400        2.96226203600       Residual    8776.98311687      MLUPs    848.416885547    
