# Threadlevel provided:        3 out of        0        1        2        3
  spat_dim , proc_dim, PBC ? 
           1 -Dim Input          600           1 T
           2 -Dim Input         1200           2 T
           3 -Dim Input         3600           6 T
#   0 Process grid   1   2   6
           0           3           2
           1           3           2
           2           3           2
           3           3           2
           4           3           2
           5           3           2
           6           3           2
           7           3           2
           8           3           2
           9           3           2
          10           3           2
          11           3           2
#   0  Allocated 2 arrays with a total of  3490.68      Mbytes 
# StartResidual    0.00000000000    
  4  Maxtime , Mintime + JacobiMi , JacobiMa    3.05904783900        3.05848564400        2.95685588000        2.96390236200       Residual    20029999.9842      MLUPs    847.322479549    
  4  Maxtime , Mintime + JacobiMi , JacobiMa    3.05567480100        3.05566528900        2.95602714500        2.96344532000       Residual    3333333.33332      MLUPs    848.257805167    
  4  Maxtime , Mintime + JacobiMi , JacobiMa    3.05625706000        3.05625326300        2.95658008100        2.96410635100       Residual    709876.542984      MLUPs    848.096200390    
  4  Maxtime , Mintime + JacobiMi , JacobiMa    3.05500012000        3.05498670800        2.95604747800        2.96260691100       Residual    210905.349752      MLUPs    848.445138523    
  4  Maxtime , Mintime + JacobiMi , JacobiMa    3.05605070300        3.05604644200        2.95655151400        2.96373218500       Residual    86376.8861455      MLUPs    848.153467302    
  4  Maxtime , Mintime + JacobiMi , JacobiMa    3.05703506100        3.05702007300        2.95750662900        2.96488230000       Residual    44503.5584977      MLUPs    847.880363908    
  4  Maxtime , Mintime + JacobiMi , JacobiMa    3.05601356200        3.05600456100        2.95644390700        2.96387887800       Residual    26489.9981411      MLUPs    848.163775263    
  4  Maxtime , Mintime + JacobiMi , JacobiMa    3.05652883100        3.05652518300        2.95663314600        2.96444898200       Residual    17297.0716500      MLUPs    848.020791988    
  4  Maxtime , Mintime + JacobiMi , JacobiMa    3.05690748900        3.05689785100        2.95710382400        2.96485693800       Residual    12037.1055057      MLUPs    847.915747967    
  4  Maxtime , Mintime + JacobiMi , JacobiMa    3.05827774900        3.05826885500        2.95633183300        2.96699298500       Residual    8776.98311687      MLUPs    847.535839689    
