# Threadlevel provided:        3 out of        0        1        2        3
  spat_dim , proc_dim, PBC ? 
           1 -Dim Input         1200           2 T
           2 -Dim Input         2400           4 T
           3 -Dim Input         3600           6 T
#   0 Process grid   2   4   6
           8           3           2
          10           3           2
          12           3           2
          14           3           2
          16           3           2
          18           3           2
          20           3           2
          22           3           2
          24           3           2
          26           3           2
          28           3           2
          30           3           2
          32           3           2
          34           3           2
          38           3           2
          40           3           2
          42           3           2
          44           3           2
          46           3           2
           0           3           2
#   0  Allocated 2 arrays with a total of  3490.68      Mbytes 
           2           3           2
           4           3           2
           6           3           2
          17           3           2
          19           3           2
          21           3           2
          23           3           2
          25           3           2
          27           3           2
          31           3           2
          35           3           2
          37           3           2
          39           3           2
          41           3           2
          43           3           2
          45           3           2
          47           3           2
           1           3           2
           3           3           2
           5           3           2
           7           3           2
           9           3           2
          11           3           2
          13           3           2
          15           3           2
          29           3           2
          36           3           2
          33           3           2
# StartResidual    0.00000000000    
  4  Maxtime , Mintime + JacobiMi , JacobiMa    4.10690289700        4.10653096800        3.81837333300        3.98994182000       Residual    44039999.9650      MLUPs    2524.53010456    
  4  Maxtime , Mintime + JacobiMi , JacobiMa    4.12590890000        4.12587267000        3.81805891300        4.01845245200       Residual    7333333.33330      MLUPs    2512.90085440    
  4  Maxtime , Mintime + JacobiMi , JacobiMa    4.10882224600        4.10879240200        3.81750683300        3.99542823800       Residual    1561728.39459      MLUPs    2523.35082397    
  4  Maxtime , Mintime + JacobiMi , JacobiMa    4.12786441200        4.12784345300        3.81974169500        4.01892873400       Residual    463991.769447      MLUPs    2511.71040644    
  4  Maxtime , Mintime + JacobiMi , JacobiMa    4.12571107700        4.12538877500        3.81938467200        4.01685918800       Residual    190029.149517      MLUPs    2513.02134505    
  4  Maxtime , Mintime + JacobiMi , JacobiMa    4.12620941500        4.12618949400        3.81964038100        4.01732469300       Residual    97907.8286931      MLUPs    2512.71783790    
  4  Maxtime , Mintime + JacobiMi , JacobiMa    4.12583364600        4.12581342200        3.81768556400        4.01695645100       Residual    58277.9959096      MLUPs    2512.94668898    
  4  Maxtime , Mintime + JacobiMi , JacobiMa    4.11507460500        4.11504422000        3.81930423200        4.00454265100       Residual    38053.5576305      MLUPs    2519.51689707    
  4  Maxtime , Mintime + JacobiMi , JacobiMa    4.10358596300        4.10357088600        3.81891092500        3.98845088900       Residual    26481.6321130      MLUPs    2526.57068561    
  4  Maxtime , Mintime + JacobiMi , JacobiMa    4.09955205500        4.09953226000        3.82024548900        3.98399292400       Residual    19309.3628566      MLUPs    2529.05679960    
