# Threadlevel provided:        3 out of        0        1        2        3
  spat_dim , proc_dim, PBC ? 
           1 -Dim Input         1200           2 T
           2 -Dim Input         2400           4 T
           3 -Dim Input         3600           6 T
#   0 Process grid   2   4   6
           8           3           2
          10           3           2
          11           3           2
          14           3           2
          15           3           2
          16           3           2
          17           3           2
          18           3           2
          19           3           2
          20           3           2
          21           3           2
          22           3           2
          23           3           2
          24           3           2
          25           3           2
          26           3           2
          27           3           2
          28           3           2
          30           3           2
          31           3           2
          32           3           2
          34           3           2
          35           3           2
          36           3           2
          37           3           2
          38           3           2
          39           3           2
          40           3           2
          41           3           2
          42           3           2
          43           3           2
          44           3           2
          46           3           2
          47           3           2
           0           3           2
#   0  Allocated 2 arrays with a total of  3490.68      Mbytes 
           1           3           2
           2           3           2
           3           3           2
           4           3           2
           5           3           2
           6           3           2
           7           3           2
           9           3           2
          12           3           2
          13           3           2
          29           3           2
          33           3           2
          45           3           2
# StartResidual    0.00000000000    
  4  Maxtime , Mintime + JacobiMi , JacobiMa    4.11240378400        4.11211262000        3.81916215900        3.99138785100       Residual    44039999.9650      MLUPs    2521.15320979    
  4  Maxtime , Mintime + JacobiMi , JacobiMa    4.10893892400        4.10892802800        3.81875289500        3.99060845300       Residual    7333333.33330      MLUPs    2523.27917055    
  4  Maxtime , Mintime + JacobiMi , JacobiMa    4.10905599400        4.10904540300        3.81833905800        3.99091381100       Residual    1561728.39459      MLUPs    2523.20728049    
  4  Maxtime , Mintime + JacobiMi , JacobiMa    4.10947473200        4.10946327100        3.82088266200        3.99176985800       Residual    463991.769447      MLUPs    2522.95017640    
  4  Maxtime , Mintime + JacobiMi , JacobiMa    4.10893970200        4.10892955200        3.82019627900        3.99067708000       Residual    190029.149517      MLUPs    2523.27869279    
  4  Maxtime , Mintime + JacobiMi , JacobiMa    4.11122706500        4.11120491900        3.81990398100        3.99320739700       Residual    97907.8286931      MLUPs    2521.87481647    
  4  Maxtime , Mintime + JacobiMi , JacobiMa    4.11157123400        4.11155612200        3.81997404700        3.99362544200       Residual    58277.9959096      MLUPs    2521.66371684    
  4  Maxtime , Mintime + JacobiMi , JacobiMa    4.11098844000        4.11096108400        3.82029708900        3.99288877300       Residual    38053.5576305      MLUPs    2522.02120033    
  4  Maxtime , Mintime + JacobiMi , JacobiMa    4.11100086700        4.11097850900        3.82004261600        3.99288965400       Residual    26481.6321130      MLUPs    2522.01357660    
  4  Maxtime , Mintime + JacobiMi , JacobiMa    4.11263055500        4.11260462300        3.82047702400        3.99474100400       Residual    19309.3628566      MLUPs    2521.01419307    
