# Threadlevel provided:        3 out of        0        1        2        3
  spat_dim , proc_dim, PBC ? 
           1 -Dim Input         1200           2 T
           2 -Dim Input         1800           3 T
           3 -Dim Input         2400           4 T
#   0 Process grid   2   3   4
           0           3           2
           2           3           2
           4           3           2
           6           3           2
           8           3           2
          10           3           2
          12           3           2
          14           3           2
          16           3           2
          18           3           2
          20           3           2
          22           3           2
#   0  Allocated 2 arrays with a total of  3490.68      Mbytes 
           1           3           2
           5           3           2
           9           3           2
          13           3           2
          17           3           2
          21           3           2
           3           3           2
           7           3           2
          11           3           2
          15           3           2
          19           3           2
          23           3           2
# StartResidual    0.00000000000    
  4  Maxtime , Mintime + JacobiMi , JacobiMa    1.95236657600        1.95225575600        1.88109016500        1.88802383500       Residual    26029999.9794      MLUPs    2655.23906408    
  4  Maxtime , Mintime + JacobiMi , JacobiMa    1.94161422400        1.94159981500        1.88108510500        1.88811667200       Residual    4333333.33331      MLUPs    2669.94335740    
  4  Maxtime , Mintime + JacobiMi , JacobiMa    1.94089541600        1.94089062100        1.88066480300        1.88787022500       Residual    922839.505892      MLUPs    2670.93216732    
  4  Maxtime , Mintime + JacobiMi , JacobiMa    1.94122429600        1.94121572700        1.88086723000        1.88806564300       Residual    274176.954673      MLUPs    2670.47966105    
  4  Maxtime , Mintime + JacobiMi , JacobiMa    1.94083615300        1.94081995300        1.88078313100        1.88783169200       Residual    112289.951988      MLUPs    2671.01372364    
  4  Maxtime , Mintime + JacobiMi , JacobiMa    1.94111896100        1.94111081500        1.88094323300        1.88809133100       Residual    57854.6260461      MLUPs    2670.62457487    
  4  Maxtime , Mintime + JacobiMi , JacobiMa    1.94073514600        1.94071358400        1.88066413300        1.88783569400       Residual    34436.9975830      MLUPs    2671.15273853    
  4  Maxtime , Mintime + JacobiMi , JacobiMa    1.94113561500        1.94112610000        1.88095290800        1.88809184600       Residual    22486.1931453      MLUPs    2670.60166221    
  4  Maxtime , Mintime + JacobiMi , JacobiMa    1.94081452200        1.94080941600        1.88059647600        1.88790942300       Residual    15648.2371577      MLUPs    2671.04349294    
  4  Maxtime , Mintime + JacobiMi , JacobiMa    1.94140277100        1.94139521700        1.88118465500        1.88813431200       Residual    11410.0780517      MLUPs    2670.23416132    
