# Threadlevel provided:        3 out of        0        1        2        3
  spat_dim , proc_dim, PBC ? 
           1 -Dim Input         1800           3 T
           2 -Dim Input          600           1 T
           3 -Dim Input         9600          16 T
#   0 Process grid   3   1  16
           2           3           2
           3           3           2
           4           3           2
           5           3           2
           7           3           2
           9           3           2
          11           3           2
          15           3           2
          16           3           2
          17           3           2
          18           3           2
          19           3           2
          20           3           2
          21           3           2
          23           3           2
          24           3           2
          25           3           2
          26           3           2
          27           3           2
          28           3           2
          29           3           2
          32           3           2
          33           3           2
          34           3           2
          35           3           2
          36           3           2
          37           3           2
          39           3           2
          40           3           2
          41           3           2
          42           3           2
          43           3           2
          44           3           2
          45           3           2
          47           3           2
           0           3           2
#   0  Allocated 2 arrays with a total of  3490.68      Mbytes 
           1           3           2
           8           3           2
          10           3           2
          12           3           2
          13           3           2
          31           3           2
           6           3           2
          14           3           2
          22           3           2
          30           3           2
          38           3           2
          46           3           2
# StartResidual    0.00000000000    
  4  Maxtime , Mintime + JacobiMi , JacobiMa    4.97871078300        4.97764785800        3.05251807100        4.87162743200       Residual    67066666.6135      MLUPs    2082.46681760    
  4  Maxtime , Mintime + JacobiMi , JacobiMa    4.11109148600        4.11106367200        3.82243263400        3.97903779200       Residual    11166666.6666      MLUPs    2521.95798496    
  4  Maxtime , Mintime + JacobiMi , JacobiMa    4.10976171400        4.10974873000        3.82131013500        3.98506836600       Residual    2378086.41904      MLUPs    2522.77400042    
  4  Maxtime , Mintime + JacobiMi , JacobiMa    4.11203896600        4.11202483700        3.82044266700        3.97876225000       Residual    706532.921651      MLUPs    2521.37688522    
  4  Maxtime , Mintime + JacobiMi , JacobiMa    4.10973582300        4.10971467400        3.82049030900        3.99350056400       Residual    289362.568585      MLUPs    2522.78989369    
  4  Maxtime , Mintime + JacobiMi , JacobiMa    4.10881953200        4.10879788700        3.82196360500        3.99591810400       Residual    149086.920966      MLUPs    2523.35249072    
  4  Maxtime , Mintime + JacobiMi , JacobiMa    4.10799478300        4.10798155900        3.82149362100        3.99574614100       Residual    88741.4937712      MLUPs    2523.85909615    
  4  Maxtime , Mintime + JacobiMi , JacobiMa    4.10937904700        4.10888430500        3.82216722600        3.99537378300       Residual    57945.1900284      MLUPs    2523.00892213    
  4  Maxtime , Mintime + JacobiMi , JacobiMa    4.10948189900        4.10945955700        3.82312030800        3.99584642500       Residual    40324.3034450      MLUPs    2522.94577633    
  4  Maxtime , Mintime + JacobiMi , JacobiMa    4.10900301500        4.10898188400        3.82241465000        3.99709785000       Residual    29402.8934412      MLUPs    2523.23981320    
