# Threadlevel provided:        3 out of        0        1        2        3
  spat_dim , proc_dim, PBC ? 
           1 -Dim Input         7200          12 T
           2 -Dim Input         1200           2 T
           3 -Dim Input         1200           2 T
#   0 Process grid  12   2   2
          18           3           2
          19           3           2
          20           3           2
          21           3           2
          22           3           2
          23           3           2
          24           3           2
          25           3           2
          26           3           2
          27           3           2
          29           3           2
          30           3           2
          31           3           2
          32           3           2
          33           3           2
          34           3           2
          35           3           2
          36           3           2
          37           3           2
          38           3           2
          39           3           2
          40           3           2
          41           3           2
          42           3           2
          43           3           2
          45           3           2
          46           3           2
          47           3           2
           0           3           2
#   0  Allocated 2 arrays with a total of  3490.68      Mbytes 
           1           3           2
           2           3           2
           3           3           2
           4           3           2
           5           3           2
           6           3           2
           7           3           2
           8           3           2
           9           3           2
          10           3           2
          11           3           2
          13           3           2
          14           3           2
          15           3           2
          16           3           2
          17           3           2
          12           3           2
          28           3           2
          44           3           2
# StartResidual    0.00000000000    
  4  Maxtime , Mintime + JacobiMi , JacobiMa    4.10716287700        4.10709225200        3.81869295500        3.99038014600       Residual    52053333.2921      MLUPs    2524.37030391    
  4  Maxtime , Mintime + JacobiMi , JacobiMa    4.11034656200        4.11033335200        3.81922311900        3.99721137400       Residual    8666666.66660      MLUPs    2522.41504302    
  4  Maxtime , Mintime + JacobiMi , JacobiMa    4.11022735900        4.11021279400        3.81785617600        3.99762319700       Residual    1845679.01178      MLUPs    2522.48819698    
  4  Maxtime , Mintime + JacobiMi , JacobiMa    4.11309716800        4.11307189700        3.81793133700        3.99951304100       Residual    548353.909327      MLUPs    2520.72819496    
  4  Maxtime , Mintime + JacobiMi , JacobiMa    4.11194749900        4.11158792400        3.81850541900        3.99906385000       Residual    224579.903975      MLUPs    2521.43297124    
  4  Maxtime , Mintime + JacobiMi , JacobiMa    4.11155064500        4.11154257200        3.81998842100        3.99874167800       Residual    115709.252094      MLUPs    2521.67634433    
  4  Maxtime , Mintime + JacobiMi , JacobiMa    4.11056462100        4.11054790300        3.82005210000        3.99873274500       Residual    68873.9951657      MLUPs    2522.28123286    
  4  Maxtime , Mintime + JacobiMi , JacobiMa    4.11218868500        4.11217350600        3.82085799600        3.99900491400       Residual    44972.3862910      MLUPs    2521.28508544    
  4  Maxtime , Mintime + JacobiMi , JacobiMa    4.11118123000        4.11115771300        3.82040250500        3.99776504200       Residual    31296.4743154      MLUPs    2521.90293251    
  4  Maxtime , Mintime + JacobiMi , JacobiMa    4.12984082500        4.12982536300        3.82050226500        4.02301644700       Residual    22820.1561038      MLUPs    2510.50838019    
