# Threadlevel provided:        3 out of        0        1        2        3
  spat_dim , proc_dim, PBC ? 
           1 -Dim Input         2400           4 T
           2 -Dim Input          600           1 T
           3 -Dim Input         7200          12 T
#   0 Process grid   4   1  12
           4           3           2
           5           3           2
           7           3           2
           8           3           2
          11           3           2
          12           3           2
          13           3           2
          17           3           2
          19           3           2
          23           3           2
          24           3           2
          27           3           2
          28           3           2
          29           3           2
          32           3           2
          33           3           2
          36           3           2
          37           3           2
          39           3           2
          40           3           2
          43           3           2
          44           3           2
          45           3           2
           0           3           2
#   0  Allocated 2 arrays with a total of  3490.68      Mbytes 
           1           3           2
           3           3           2
          35           3           2
          10           3           2
          14           3           2
          18           3           2
          21           3           2
          22           3           2
          26           3           2
          30           3           2
          34           3           2
          38           3           2
          41           3           2
          42           3           2
          46           3           2
           2           3           2
           6           3           2
           9           3           2
          25           3           2
          20           3           2
          16           3           2
          31           3           2
          47           3           2
          15           3           2
# StartResidual    0.00000000000    
  4  Maxtime , Mintime + JacobiMi , JacobiMa    4.08224067500        4.08187286000        3.81260237800        3.96165353700       Residual    64056666.6158      MLUPs    2539.78166047    
  4  Maxtime , Mintime + JacobiMi , JacobiMa    4.07969311600        4.07968118200        3.81274342200        3.96199651400       Residual    10666666.6666      MLUPs    2541.36762379    
  4  Maxtime , Mintime + JacobiMi , JacobiMa    4.07769358600        4.07766971300        3.81160184700        3.95990473200       Residual    2271604.93758      MLUPs    2542.61380394    
  4  Maxtime , Mintime + JacobiMi , JacobiMa    4.07795509600        4.07793202600        3.81247445700        3.96058830600       Residual    674897.119184      MLUPs    2542.45075189    
  4  Maxtime , Mintime + JacobiMi , JacobiMa    4.07960142300        4.07957595000        3.81230253500        3.96175080000       Residual    276406.035663      MLUPs    2541.42474349    
  4  Maxtime , Mintime + JacobiMi , JacobiMa    4.07886619400        4.07884508400        3.81296093400        3.96146969700       Residual    142411.387191      MLUPs    2541.88284363    
  4  Maxtime , Mintime + JacobiMi , JacobiMa    4.08936211700        4.08933973200        3.81227959400        3.96154311800       Residual    84767.9940501      MLUPs    2535.35874382    
  4  Maxtime , Mintime + JacobiMi , JacobiMa    4.08045446400        4.08044460100        3.81337890500        3.96264518500       Residual    55350.6292809      MLUPs    2540.89344495    
  4  Maxtime , Mintime + JacobiMi , JacobiMa    4.12455546100        4.12453363500        3.81240034100        4.01696679000       Residual    38518.7376190      MLUPs    2513.72544218    
  4  Maxtime , Mintime + JacobiMi , JacobiMa    4.07897846700        4.07896806000        3.81418099900        3.96106737200       Residual    28086.3459737      MLUPs    2541.81287886    
