# Threadlevel provided:        3 out of        0        1        2        3
  spat_dim , proc_dim, PBC ? 
           1 -Dim Input          600           1 T
           2 -Dim Input          600           1 T
           3 -Dim Input         7200          12 T
#   0 Process grid   1   1  12
           0           3           2
           3           3           2
           4           3           2
           5           3           2
           6           3           2
           7           3           2
           8           3           2
           9           3           2
          10           3           2
          11           3           2
#   0  Allocated 2 arrays with a total of  3490.68      Mbytes 
           1           3           2
           2           3           2
# StartResidual    0.00000000000    
  4  Maxtime , Mintime + JacobiMi , JacobiMa    3.05778263500        3.05771656000        2.95621920700        2.96282220000       Residual    25046666.6470      MLUPs    847.673072092    
  4  Maxtime , Mintime + JacobiMi , JacobiMa    3.05614008200        3.05613730000        2.95793220200        2.96393436800       Residual    4166666.66665      MLUPs    848.128662448    
  4  Maxtime , Mintime + JacobiMi , JacobiMa    3.05559677900        3.05558577200        2.95694887800        2.96315004000       Residual    887345.678689      MLUPs    848.279464690    
  4  Maxtime , Mintime + JacobiMi , JacobiMa    3.05546799300        3.05546286600        2.95639852000        2.96309283800       Residual    263631.687185      MLUPs    848.315219121    
  4  Maxtime , Mintime + JacobiMi , JacobiMa    3.05769959800        3.05769669200        2.95738835800        2.96602186300       Residual    107971.107683      MLUPs    847.696092087    
  4  Maxtime , Mintime + JacobiMi , JacobiMa    3.05613044400        3.05612111200        2.95664525600        2.96429055600       Residual    55629.4481252      MLUPs    848.131337158    
  4  Maxtime , Mintime + JacobiMi , JacobiMa    3.05657641500        3.05656882000        2.95771179100        2.96444154600       Residual    33112.4976770      MLUPs    848.007590218    
  4  Maxtime , Mintime + JacobiMi , JacobiMa    3.05653851400        3.05652416300        2.95706435300        2.96451579600       Residual    21621.3395625      MLUPs    848.018105490    
  4  Maxtime , Mintime + JacobiMi , JacobiMa    3.05637861200        3.05636835000        2.95713962900        2.96427331800       Residual    15046.3818811      MLUPs    848.062471653    
  4  Maxtime , Mintime + JacobiMi , JacobiMa    3.05634989100        3.05633502600        2.95716091500        2.96417140700       Residual    10971.2288966      MLUPs    848.070441029    
