# Threadlevel provided:        3 out of        0        1        2        3
  spat_dim , proc_dim, PBC ? 
           1 -Dim Input          600           1 T
           2 -Dim Input         2400           4 T
           3 -Dim Input         1800           3 T
#   0 Process grid   1   4   3
           0           3           2
           1           3           2
           2           3           2
           3           3           2
           4           3           2
           5           3           2
           7           3           2
           8           3           2
           9           3           2
          10           3           2
#   0  Allocated 2 arrays with a total of  3490.68      Mbytes 
          11           3           2
           6           3           2
# StartResidual    0.00000000000    
  4  Maxtime , Mintime + JacobiMi , JacobiMa    1.94090355300        1.94066426200        1.88221524200        1.88851067400       Residual    19026666.6516      MLUPs    1335.46048488    
  4  Maxtime , Mintime + JacobiMi , JacobiMa    1.93932320000        1.93931167600        1.88255106800        1.88863050100       Residual    3166666.66665      MLUPs    1336.54875062    
  4  Maxtime , Mintime + JacobiMi , JacobiMa    1.93845042600        1.93844619800        1.88214015700        1.88832881600       Residual    674382.715835      MLUPs    1337.15052252    
  4  Maxtime , Mintime + JacobiMi , JacobiMa    1.93888048200        1.93887180800        1.88262668700        1.88876910900       Residual    200360.082265      MLUPs    1336.85393404    
  4  Maxtime , Mintime + JacobiMi , JacobiMa    1.93840868700        1.93840423000        1.88220529600        1.88830724000       Residual    82058.0418383      MLUPs    1337.17931486    
  4  Maxtime , Mintime + JacobiMi , JacobiMa    1.93881997700        1.93881188200        1.88256902900        1.88879641100       Residual    42278.3805727      MLUPs    1336.89565341    
  4  Maxtime , Mintime + JacobiMi , JacobiMa    1.93845281200        1.93844028400        1.88230331300        1.88841638200       Residual    25165.4982340      MLUPs    1337.14887665    
  4  Maxtime , Mintime + JacobiMi , JacobiMa    1.93869522500        1.93869117700        1.88250772500        1.88859690500       Residual    16432.2180675      MLUPs    1336.98168055    
  4  Maxtime , Mintime + JacobiMi , JacobiMa    1.93837629200        1.93837268900        1.88225468300        1.88830410800       Residual    11435.2502304      MLUPs    1337.20166239    
  4  Maxtime , Mintime + JacobiMi , JacobiMa    1.93906181700        1.93905529400        1.88260248300        1.88900515000       Residual    8338.13396099      MLUPs    1336.72891564    
