# Threadlevel provided:        3 out of        0        1        2        3
  spat_dim , proc_dim, PBC ? 
           1 -Dim Input          600           1 T
           2 -Dim Input         1200           2 T
           3 -Dim Input        14400          24 T
#   0 Process grid   1   2  24
           4           3           2
           6           3           2
           8           3           2
          10           3           2
          12           3           2
          14           3           2
          16           3           2
          18           3           2
          20           3           2
          22           3           2
          24           3           2
          26           3           2
          28           3           2
          30           3           2
          32           3           2
          34           3           2
          36           3           2
          38           3           2
          40           3           2
          42           3           2
          44           3           2
          46           3           2
           0           3           2
#   0  Allocated 2 arrays with a total of  3490.68      Mbytes 
           2           3           2
           1           3           2
           3           3           2
           5           3           2
           7           3           2
           9           3           2
          11           3           2
          13           3           2
          15           3           2
          17           3           2
          19           3           2
          21           3           2
          23           3           2
          25           3           2
          27           3           2
          29           3           2
          31           3           2
          33           3           2
          35           3           2
          37           3           2
          39           3           2
          41           3           2
          43           3           2
          45           3           2
          47           3           2
# StartResidual    0.00000000000    
  4  Maxtime , Mintime + JacobiMi , JacobiMa    2.00058604900        1.99368520000        1.88288539800        1.93150709100       Residual    74089999.9415      MLUPs    5182.48140598    
  4  Maxtime , Mintime + JacobiMi , JacobiMa    1.97104111800        1.97102708800        1.88666269300        1.91826732900       Residual    12333333.3333      MLUPs    5260.16423773    
  4  Maxtime , Mintime + JacobiMi , JacobiMa    1.97056667100        1.97055961700        1.88664219100        1.91765734300       Residual    2626543.20908      MLUPs    5261.43071056    
  4  Maxtime , Mintime + JacobiMi , JacobiMa    1.97240379900        1.97238271600        1.88703262900        1.91878915800       Residual    780349.794086      MLUPs    5256.53013103    
  4  Maxtime , Mintime + JacobiMi , JacobiMa    1.97055109400        1.96802796100        1.88738388100        1.91799914400       Residual    319594.478736      MLUPs    5261.47230162    
  4  Maxtime , Mintime + JacobiMi , JacobiMa    1.97129377700        1.97127356000        1.88678497800        1.91830217500       Residual    164663.166438      MLUPs    5259.49004708    
  4  Maxtime , Mintime + JacobiMi , JacobiMa    1.97971660300        1.97969502700        1.88760587900        1.92758515200       Residual    98012.9931215      MLUPs    5237.11322332    
  4  Maxtime , Mintime + JacobiMi , JacobiMa    1.97201126600        1.97200388700        1.88642714100        1.91933425700       Residual    63999.1651054      MLUPs    5257.57645443    
  4  Maxtime , Mintime + JacobiMi , JacobiMa    1.97819832300        1.97818865200        1.88690129100        1.92463137000       Residual    44537.2903724      MLUPs    5241.13274157    
  4  Maxtime , Mintime + JacobiMi , JacobiMa    1.97809806200        1.97809324100        1.88705508300        1.92467761200       Residual    32474.8375318      MLUPs    5241.39839130    
