# Threadlevel provided:        3 out of        0        1        2        3
  spat_dim , proc_dim, PBC ? 
           1 -Dim Input          600           1 T
           2 -Dim Input         1200           2 T
           3 -Dim Input        14400          24 T
#   0 Process grid   1   2  24
          14           3           2
          20           3           2
          22           3           2
          24           3           2
          28           3           2
          30           3           2
          32           3           2
          34           3           2
          36           3           2
          38           3           2
          40           3           2
          42           3           2
          44           3           2
          46           3           2
           0           3           2
#   0  Allocated 2 arrays with a total of  3490.68      Mbytes 
           2           3           2
           4           3           2
           6           3           2
           8           3           2
          10           3           2
          12           3           2
          16           3           2
           1           3           2
          18           3           2
           3           3           2
          26           3           2
           7           3           2
           9           3           2
          13           3           2
          17           3           2
          19           3           2
          21           3           2
          23           3           2
          25           3           2
          27           3           2
          29           3           2
          31           3           2
          33           3           2
          35           3           2
          37           3           2
          39           3           2
          41           3           2
          43           3           2
          45           3           2
          47           3           2
           5           3           2
          11           3           2
          15           3           2
# StartResidual    0.00000000000    
  4  Maxtime , Mintime + JacobiMi , JacobiMa    2.00193660100        1.99930707700        1.88190338700        1.92351426600       Residual    74089999.9415      MLUPs    5178.98518605    
  4  Maxtime , Mintime + JacobiMi , JacobiMa    1.97362700400        1.97362188200        1.88652790500        1.92177758400       Residual    12333333.3333      MLUPs    5253.27226421    
  4  Maxtime , Mintime + JacobiMi , JacobiMa    1.98348448600        1.98347445000        1.88755274400        1.93293286400       Residual    2626543.20908      MLUPs    5227.16465552    
  4  Maxtime , Mintime + JacobiMi , JacobiMa    1.97337815900        1.97336532900        1.88697251200        1.92136943400       Residual    780349.794086      MLUPs    5253.93470720    
  4  Maxtime , Mintime + JacobiMi , JacobiMa    1.97182133400        1.97181014600        1.88715026400        1.91958665600       Residual    319594.478736      MLUPs    5258.08288065    
  4  Maxtime , Mintime + JacobiMi , JacobiMa    1.97647894600        1.97647071800        1.88692187500        1.92416572300       Residual    164663.166438      MLUPs    5245.69210362    
  4  Maxtime , Mintime + JacobiMi , JacobiMa    1.97398239700        1.97396896600        1.88778523800        1.92116746700       Residual    98012.9931215      MLUPs    5252.32647249    
  4  Maxtime , Mintime + JacobiMi , JacobiMa    1.98304459200        1.98302452500        1.88735331600        1.92129778800       Residual    63999.1651054      MLUPs    5228.32418486    
  4  Maxtime , Mintime + JacobiMi , JacobiMa    1.97376387900        1.97374750300        1.88730783400        1.92160528400       Residual    44537.2903724      MLUPs    5252.90796448    
  4  Maxtime , Mintime + JacobiMi , JacobiMa    1.97459746600        1.97439937900        1.88791451200        1.92219913500       Residual    32474.8375318      MLUPs    5250.69042097    
