# Threadlevel provided:        3 out of        0        1        2        3
  spat_dim , proc_dim, PBC ? 
           1 -Dim Input          600           1 T
           2 -Dim Input         1200           2 T
           3 -Dim Input        14400          24 T
#   0 Process grid   1   2  24
          28           3           2
          30           3           2
          32           3           2
          34           3           2
          36           3           2
          38           3           2
          40           3           2
          42           3           2
          44           3           2
          46           3           2
           0           3           2
#   0  Allocated 2 arrays with a total of  3490.68      Mbytes 
           2           3           2
           4           3           2
           6           3           2
           8           3           2
          10           3           2
          12           3           2
          14           3           2
          16           3           2
          18           3           2
          20           3           2
          22           3           2
          24           3           2
          26           3           2
           1           3           2
           3           3           2
           5           3           2
           7           3           2
           9           3           2
          11           3           2
          15           3           2
          17           3           2
          19           3           2
          21           3           2
          23           3           2
          25           3           2
          27           3           2
          29           3           2
          31           3           2
          33           3           2
          35           3           2
          37           3           2
          39           3           2
          41           3           2
          45           3           2
          47           3           2
          13           3           2
          43           3           2
# StartResidual    0.00000000000    
  4  Maxtime , Mintime + JacobiMi , JacobiMa    2.00017672700        1.99225465000        1.88281623700        1.92881856500       Residual    74089999.9415      MLUPs    5183.54196409    
  4  Maxtime , Mintime + JacobiMi , JacobiMa    1.98086888000        1.98086217100        1.88647440600        1.92893900900       Residual    12333333.3333      MLUPs    5234.06677983    
  4  Maxtime , Mintime + JacobiMi , JacobiMa    1.99291836700        1.99291156800        1.88720746000        1.94255122500       Residual    2626543.20908      MLUPs    5202.42081747    
  4  Maxtime , Mintime + JacobiMi , JacobiMa    1.98101362600        1.98100772800        1.88677114000        1.92952025200       Residual    780349.794086      MLUPs    5233.68434418    
  4  Maxtime , Mintime + JacobiMi , JacobiMa    1.98024845600        1.98023387100        1.88709812800        1.92841776800       Residual    319594.478736      MLUPs    5235.70664509    
  4  Maxtime , Mintime + JacobiMi , JacobiMa    1.99052083400        1.99051528300        1.88694315400        1.94029224800       Residual    164663.166438      MLUPs    5208.68700438    
  4  Maxtime , Mintime + JacobiMi , JacobiMa    1.97975883200        1.97975414600        1.88703925100        1.92894836100       Residual    98012.9931215      MLUPs    5237.00151373    
  4  Maxtime , Mintime + JacobiMi , JacobiMa    1.98512244700        1.98510001300        1.88596411500        1.93422427000       Residual    63999.1651054      MLUPs    5222.85162594    
  4  Maxtime , Mintime + JacobiMi , JacobiMa    1.99516305600        1.99515115500        1.88732177900        1.94490061200       Residual    44537.2903724      MLUPs    5196.56775361    
  4  Maxtime , Mintime + JacobiMi , JacobiMa    1.98036154400        1.98035534900        1.88757224800        1.92884980900       Residual    32474.8375318      MLUPs    5235.40766150    
