# Threadlevel provided:        3 out of        0        1        2        3
  spat_dim , proc_dim, PBC ? 
           1 -Dim Input         4800           8 T
           2 -Dim Input         3600           6 T
           3 -Dim Input          600           1 T
#   0 Process grid   8   6   1
           2           3           2
           3           3           2
           5           3           2
           6           3           2
           7           3           2
           8           3           2
           9           3           2
          10           3           2
          11           3           2
          13           3           2
          14           3           2
          15           3           2
          16           3           2
          17           3           2
          18           3           2
          19           3           2
          21           3           2
          22           3           2
          23           3           2
          24           3           2
          25           3           2
          26           3           2
          27           3           2
          29           3           2
          30           3           2
          31           3           2
          32           3           2
          33           3           2
          34           3           2
          35           3           2
          37           3           2
          38           3           2
          39           3           2
          40           3           2
          41           3           2
          42           3           2
          43           3           2
          45           3           2
          46           3           2
          47           3           2
           0           3           2
#   0  Allocated 2 arrays with a total of  3490.68      Mbytes 
           1           3           2
           4           3           2
          12           3           2
          20           3           2
          28           3           2
          36           3           2
          44           3           2
# StartResidual    0.00000000000    
  4  Maxtime , Mintime + JacobiMi , JacobiMa    4.07248851300        4.07188002300        3.81301426900        3.94214861000       Residual    62049999.9507      MLUPs    2545.86353452    
  4  Maxtime , Mintime + JacobiMi , JacobiMa    4.07057916700        4.07056575900        3.81237407800        3.94303264300       Residual    10333333.3333      MLUPs    2547.05769735    
  4  Maxtime , Mintime + JacobiMi , JacobiMa    4.07011354300        4.07009057700        3.81347400200        3.94297928900       Residual    2200617.28328      MLUPs    2547.34908264    
  4  Maxtime , Mintime + JacobiMi , JacobiMa    4.07102637500        4.07100980100        3.81344802100        3.94555082500       Residual    653806.584203      MLUPs    2546.77789947    
  4  Maxtime , Mintime + JacobiMi , JacobiMa    4.07689202200        4.07688022800        3.81302493200        3.94358302900       Residual    267768.347048      MLUPs    2543.11371114    
  4  Maxtime , Mintime + JacobiMi , JacobiMa    4.07742331400        4.07741741200        3.81488161600        3.95731153300       Residual    137961.031342      MLUPs    2542.78234109    
  4  Maxtime , Mintime + JacobiMi , JacobiMa    4.07121448200        4.07119599800        3.81543604200        3.94386383700       Residual    82118.9942360      MLUPs    2546.66022776    
  4  Maxtime , Mintime + JacobiMi , JacobiMa    4.07196340600        4.07194722300        3.81975384300        3.94423075400       Residual    53620.9221160      MLUPs    2546.19184070    
  4  Maxtime , Mintime + JacobiMi , JacobiMa    4.07140185800        4.07138352600        3.81856233100        3.94367555300       Residual    37315.0270683      MLUPs    2546.54302415    
  4  Maxtime , Mintime + JacobiMi , JacobiMa    4.10482454600        4.10480529800        3.82132667500        3.99249059200       Residual    27208.6476621      MLUPs    2525.80832233    
