# Threadlevel provided:        3 out of        0        1        2        3
  spat_dim , proc_dim, PBC ? 
           1 -Dim Input          600           1 T
           2 -Dim Input         1800           3 T
           3 -Dim Input         2400           4 T
#   0 Process grid   1   3   4
           9           3           2
          10           3           2
          11           3           2
           0           3           2
#   0  Allocated 2 arrays with a total of  3490.68      Mbytes 
           1           3           2
           2           3           2
           3           3           2
           4           3           2
           5           3           2
           6           3           2
           7           3           2
           8           3           2
# StartResidual    0.00000000000    
  4  Maxtime , Mintime + JacobiMi , JacobiMa    3.05488641200        3.05482371000        2.95438591000        2.95954649100       Residual    19026666.6516      MLUPs    848.476719075    
  4  Maxtime , Mintime + JacobiMi , JacobiMa    3.05385073600        3.05384245400        2.95567922100        2.96092355400       Residual    3166666.66665      MLUPs    848.764469542    
  4  Maxtime , Mintime + JacobiMi , JacobiMa    3.05352009300        3.05351638800        2.95567857900        2.96058724400       Residual    674382.715835      MLUPs    848.856375939    
  4  Maxtime , Mintime + JacobiMi , JacobiMa    3.05403482300        3.05403278100        2.95590741900        2.96114439800       Residual    200360.082265      MLUPs    848.713308859    
  4  Maxtime , Mintime + JacobiMi , JacobiMa    3.05377431600        3.05376086600        2.95572753700        2.96082869600       Residual    82058.0418383      MLUPs    848.785709677    
  4  Maxtime , Mintime + JacobiMi , JacobiMa    3.05426299600        3.05425626600        2.95609443200        2.96126682400       Residual    42278.3805727      MLUPs    848.649904541    
  4  Maxtime , Mintime + JacobiMi , JacobiMa    3.05325596800        3.05325275400        2.95520472200        2.96036356400       Residual    25165.4982340      MLUPs    848.929807119    
  4  Maxtime , Mintime + JacobiMi , JacobiMa    3.05482962700        3.05481826800        2.95681340500        2.96199223800       Residual    16432.2180675      MLUPs    848.492491067    
  4  Maxtime , Mintime + JacobiMi , JacobiMa    3.05361726700        3.05360966200        2.95558855000        2.96057428300       Residual    11435.2502304      MLUPs    848.829363133    
  4  Maxtime , Mintime + JacobiMi , JacobiMa    3.05473422300        3.05472967200        2.95671558100        2.96171290900       Residual    8338.13396099      MLUPs    848.518990780    
