# Threadlevel provided:        3 out of        0        1        2        3
  spat_dim , proc_dim, PBC ? 
           1 -Dim Input          600           1 T
           2 -Dim Input         4800           8 T
           3 -Dim Input         3600           6 T
#   0 Process grid   1   8   6
          18           3           2
          19           3           2
          20           3           2
          21           3           2
          22           3           2
          23           3           2
          24           3           2
          25           3           2
          27           3           2
          28           3           2
          29           3           2
          30           3           2
          31           3           2
          32           3           2
          33           3           2
          34           3           2
          36           3           2
          37           3           2
          38           3           2
          39           3           2
          40           3           2
          41           3           2
          42           3           2
          43           3           2
          45           3           2
          46           3           2
           0           3           2
#   0  Allocated 2 arrays with a total of  3490.68      Mbytes 
           1           3           2
           2           3           2
           3           3           2
           4           3           2
           5           3           2
           6           3           2
           7           3           2
           8           3           2
           9           3           2
          11           3           2
          12           3           2
          13           3           2
          14           3           2
          15           3           2
          16           3           2
          35           3           2
          44           3           2
          26           3           2
          47           3           2
          17           3           2
          10           3           2
# StartResidual    0.00000000000    
  4  Maxtime , Mintime + JacobiMi , JacobiMa    4.08084046900        4.08071626800        3.80802402100        3.96185894500       Residual    62049999.9507      MLUPs    2540.65310290    
  4  Maxtime , Mintime + JacobiMi , JacobiMa    4.07823185400        4.07821505900        3.80882451700        3.96138297300       Residual    10333333.3333      MLUPs    2542.27821546    
  4  Maxtime , Mintime + JacobiMi , JacobiMa    4.07940767300        4.07939468000        3.80888114000        3.96295162500       Residual    2200617.28329      MLUPs    2541.54544755    
  4  Maxtime , Mintime + JacobiMi , JacobiMa    4.07831668900        4.07829986200        3.80895462400        3.96190547200       Residual    653806.584240      MLUPs    2542.22533232    
  4  Maxtime , Mintime + JacobiMi , JacobiMa    4.08817629400        4.08815719000        3.80953185500        3.96304003700       Residual    267768.347049      MLUPs    2536.09415406    
  4  Maxtime , Mintime + JacobiMi , JacobiMa    4.08107039500        4.08103948200        3.81012047600        3.96449799500       Residual    137961.031338      MLUPs    2540.50996344    
  4  Maxtime , Mintime + JacobiMi , JacobiMa    4.08127557900        4.08126190600        3.80944867600        3.96473047500       Residual    82118.9942364      MLUPs    2540.38224063    
  4  Maxtime , Mintime + JacobiMi , JacobiMa    4.07922934500        4.07921567300        3.80921459100        3.96262929000       Residual    53620.9221152      MLUPs    2541.65655400    
  4  Maxtime , Mintime + JacobiMi , JacobiMa    4.08054243000        4.08052540100        3.81013879100        3.96382536400       Residual    37315.0270682      MLUPs    2540.83866982    
  4  Maxtime , Mintime + JacobiMi , JacobiMa    4.08236969600        4.08234994400        3.81100556800        3.96574295800       Residual    27208.6476612      MLUPs    2539.70139210    
