# Threadlevel provided:        3 out of        0        1        2        3
  spat_dim , proc_dim, PBC ? 
           1 -Dim Input          600           1 T
           2 -Dim Input          600           1 T
           3 -Dim Input         7200          12 T
#   0 Process grid   1   1  12
           5           3           2
           6           3           2
           7           3           2
           8           3           2
           9           3           2
          10           3           2
          11           3           2
           0           3           2
#   0  Allocated 2 arrays with a total of  3490.68      Mbytes 
           1           3           2
           2           3           2
           3           3           2
           4           3           2
# StartResidual    0.00000000000    
  4  Maxtime , Mintime + JacobiMi , JacobiMa    1.94137295000        1.94132086500        1.88209783200        1.88971160200       Residual    25046666.6470      MLUPs    1335.13758910    
  4  Maxtime , Mintime + JacobiMi , JacobiMa    1.94083345200        1.93963516800        1.88250980600        1.89004317700       Residual    4166666.66665      MLUPs    1335.50872041    
  4  Maxtime , Mintime + JacobiMi , JacobiMa    1.93917491100        1.93916949000        1.88207619100        1.88965107100       Residual    887345.678689      MLUPs    1336.65095670    
  4  Maxtime , Mintime + JacobiMi , JacobiMa    1.93971751000        1.93971250100        1.88245692800        1.89019480400       Residual    263631.687185      MLUPs    1336.27705407    
  4  Maxtime , Mintime + JacobiMi , JacobiMa    1.93915925400        1.93915449800        1.88225202200        1.88958849300       Residual    107971.107683      MLUPs    1336.66174898    
  4  Maxtime , Mintime + JacobiMi , JacobiMa    1.93930670000        1.93930147500        1.88239226800        1.88989304700       Residual    55629.4481252      MLUPs    1336.56012223    
  4  Maxtime , Mintime + JacobiMi , JacobiMa    1.93936457100        1.93935911800        1.88221632200        1.88975185400       Residual    33112.4976770      MLUPs    1336.52023903    
  4  Maxtime , Mintime + JacobiMi , JacobiMa    1.93948412300        1.93947979700        1.88235539700        1.88993042300       Residual    21621.3395625      MLUPs    1336.43785441    
  4  Maxtime , Mintime + JacobiMi , JacobiMa    1.93900690600        1.93899509700        1.88198505300        1.88945160800       Residual    15046.3818811      MLUPs    1336.76677065    
  4  Maxtime , Mintime + JacobiMi , JacobiMa    1.93954686100        1.93954159400        1.88229001200        1.89009289200       Residual    10971.2288966      MLUPs    1336.39462501    
