# Threadlevel provided:        3 out of        0        1        2        3
  spat_dim , proc_dim, PBC ? 
           1 -Dim Input          600           1 T
           2 -Dim Input        28800          48 T
           3 -Dim Input          600           1 T
#   0 Process grid   1  48   1
           4           3           2
           6           3           2
          10           3           2
          12           3           2
          14           3           2
          16           3           2
          18           3           2
          20           3           2
          22           3           2
          26           3           2
          28           3           2
          30           3           2
          32           3           2
          34           3           2
          36           3           2
          38           3           2
          42           3           2
          46           3           2
          47           3           2
           0           3           2
#   0  Allocated 2 arrays with a total of  3490.68      Mbytes 
           1           3           2
           2           3           2
           3           3           2
           5           3           2
           7           3           2
           8           3           2
           9           3           2
          11           3           2
          13           3           2
          15           3           2
          17           3           2
          19           3           2
          21           3           2
          23           3           2
          24           3           2
          25           3           2
          27           3           2
          31           3           2
          35           3           2
          37           3           2
          40           3           2
          41           3           2
          43           3           2
          44           3           2
          45           3           2
          29           3           2
          33           3           2
          39           3           2
# StartResidual    0.00000000000    
  4  Maxtime , Mintime + JacobiMi , JacobiMa    4.08299653600        4.08290174300        3.80632820100        3.96316843900       Residual    97166666.5905      MLUPs    2539.31148572    
  4  Maxtime , Mintime + JacobiMi , JacobiMa    4.08375308500        4.08374163200        3.80983322600        3.96595799600       Residual    16166666.6666      MLUPs    2538.84105728    
  4  Maxtime , Mintime + JacobiMi , JacobiMa    4.08224761500        4.08223331300        3.80926736100        3.96480879000       Residual    3442901.23332      MLUPs    2539.77734273    
  4  Maxtime , Mintime + JacobiMi , JacobiMa    4.08099826200        4.08096614900        3.81088912900        3.95197641200       Residual    1022890.94628      MLUPs    2540.55486780    
  4  Maxtime , Mintime + JacobiMi , JacobiMa    4.08209944900        4.08208046900        3.80941136900        3.96422398500       Residual    418927.897807      MLUPs    2539.86952781    
  4  Maxtime , Mintime + JacobiMi , JacobiMa    4.08344011800        4.08341597500        3.81020584800        3.96617996400       Residual    215842.258725      MLUPs    2539.03564161    
  4  Maxtime , Mintime + JacobiMi , JacobiMa    4.08299870100        4.08297658900        3.80972544900        3.96549143100       Residual    128476.490986      MLUPs    2539.31013925    
  4  Maxtime , Mintime + JacobiMi , JacobiMa    4.08418349800        4.08415153700        3.81060325000        3.96637798900       Residual    83890.7975032      MLUPs    2538.57350070    
  4  Maxtime , Mintime + JacobiMi , JacobiMa    4.08473334300        4.08471542400        3.80960380800        3.96725168300       Residual    58379.9616994      MLUPs    2538.23178391    
  4  Maxtime , Mintime + JacobiMi , JacobiMa    4.08440532200        4.08439375900        3.80978520700        3.96661904400       Residual    42568.3681189      MLUPs    2538.43563080    
