# Threadlevel provided:        3 out of        0        1        2        3
  spat_dim , proc_dim, PBC ? 
           1 -Dim Input          600           1 T
           2 -Dim Input        28800          48 T
           3 -Dim Input          600           1 T
#   0 Process grid   1  48   1
           3           3           2
           4           3           2
           5           3           2
           7           3           2
           8           3           2
           9           3           2
          10           3           2
          11           3           2
          12           3           2
          13           3           2
          14           3           2
          15           3           2
          17           3           2
          19           3           2
          20           3           2
          21           3           2
          22           3           2
          23           3           2
          24           3           2
          25           3           2
          26           3           2
          27           3           2
          29           3           2
          30           3           2
          31           3           2
          32           3           2
          33           3           2
          34           3           2
          35           3           2
          36           3           2
          37           3           2
          38           3           2
          39           3           2
          40           3           2
          41           3           2
          42           3           2
          43           3           2
          44           3           2
          45           3           2
          46           3           2
          47           3           2
           0           3           2
#   0  Allocated 2 arrays with a total of  3490.68      Mbytes 
           1           3           2
           2           3           2
          16           3           2
          18           3           2
          28           3           2
           6           3           2
# StartResidual    0.00000000000    
  4  Maxtime , Mintime + JacobiMi , JacobiMa    4.08075266100        4.08064206500        3.80196261900        3.96028349600       Residual    97166666.5905      MLUPs    2540.70777165    
  4  Maxtime , Mintime + JacobiMi , JacobiMa    4.07926581400        4.07922489700        3.80624705000        3.96084461900       Residual    16166666.6666      MLUPs    2541.63383137    
  4  Maxtime , Mintime + JacobiMi , JacobiMa    4.07848143000        4.07846377600        3.80593413900        3.96011709200       Residual    3442901.23332      MLUPs    2542.12264490    
  4  Maxtime , Mintime + JacobiMi , JacobiMa    4.08062522900        4.08060087000        3.81358450200        3.96242556000       Residual    1022890.94628      MLUPs    2540.78711427    
  4  Maxtime , Mintime + JacobiMi , JacobiMa    4.08146530000        4.08109469700        3.80560770400        3.96307176800       Residual    418927.897807      MLUPs    2540.26415464    
  4  Maxtime , Mintime + JacobiMi , JacobiMa    4.08185928100        4.08183743100        3.80649167900        3.96372512700       Residual    215842.258725      MLUPs    2540.01896838    
  4  Maxtime , Mintime + JacobiMi , JacobiMa    4.08168983700        4.08166370700        3.80603909400        3.96309726300       Residual    128476.490986      MLUPs    2540.12441269    
  4  Maxtime , Mintime + JacobiMi , JacobiMa    4.15639270400        4.14930705900        3.81466257700        4.05631627000       Residual    83890.7975032      MLUPs    2494.47074383    
  4  Maxtime , Mintime + JacobiMi , JacobiMa    4.08330779500        4.08328927700        3.80769740300        3.96496856100       Residual    58379.9616994      MLUPs    2539.11792119    
  4  Maxtime , Mintime + JacobiMi , JacobiMa    4.08260004300        4.08258928500        3.80873254400        3.96326757300       Residual    42568.3681189      MLUPs    2539.55809798    
