# Threadlevel provided:        3 out of        0        1        2        3
  spat_dim , proc_dim, PBC ? 
           1 -Dim Input          600           1 T
           2 -Dim Input        28800          48 T
           3 -Dim Input          600           1 T
#   0 Process grid   1  48   1
           4           3           2
           8           3           2
          10           3           2
          16           3           2
          18           3           2
          20           3           2
          24           3           2
          26           3           2
          32           3           2
          34           3           2
          36           3           2
          40           3           2
          42           3           2
           0           3           2
           2           3           2
          12           3           2
          28           3           2
          44           3           2
          15           3           2
          17           3           2
          19           3           2
          23           3           2
          25           3           2
          27           3           2
          31           3           2
          33           3           2
          35           3           2
          39           3           2
          41           3           2
          43           3           2
          47           3           2
           1           3           2
           3           3           2
           6           3           2
           7           3           2
           9           3           2
          11           3           2
          14           3           2
          22           3           2
          30           3           2
          46           3           2
           5           3           2
          13           3           2
          21           3           2
          29           3           2
          37           3           2
          38           3           2
          45           3           2
#   0  Allocated 2 arrays with a total of  3490.68      Mbytes 
# StartResidual    0.00000000000    
  4  Maxtime , Mintime + JacobiMi , JacobiMa    4.08233125900        4.08183445200        3.80344457200        3.96101684300       Residual    97166666.5905      MLUPs    2539.72530454    
  4  Maxtime , Mintime + JacobiMi , JacobiMa    4.07987234500        4.07985177600        3.80329404800        3.96155539300       Residual    16166666.6666      MLUPs    2541.25598138    
  4  Maxtime , Mintime + JacobiMi , JacobiMa    4.08224999500        4.08223054000        3.80349710100        3.96373626400       Residual    3442901.23332      MLUPs    2539.77586201    
  4  Maxtime , Mintime + JacobiMi , JacobiMa    4.08395240300        4.08393142200        3.80681588900        3.96595967700       Residual    1022890.94628      MLUPs    2538.71714871    
  4  Maxtime , Mintime + JacobiMi , JacobiMa    4.08306743400        4.08303308200        3.80424072800        3.96452409900       Residual    418927.897807      MLUPs    2539.26739335    
  4  Maxtime , Mintime + JacobiMi , JacobiMa    4.07349645500        4.07348465100        3.80496273800        3.95099378000       Residual    215842.258725      MLUPs    2545.23358852    
  4  Maxtime , Mintime + JacobiMi , JacobiMa    4.08027698100        4.07997663700        3.80422061800        3.96207981100       Residual    128476.490986      MLUPs    2541.00396818    
  4  Maxtime , Mintime + JacobiMi , JacobiMa    4.08030163800        4.08028985600        3.80496514300        3.96222577600       Residual    83890.7975032      MLUPs    2540.98861306    
  4  Maxtime , Mintime + JacobiMi , JacobiMa    4.07933387900        4.07932017800        3.80534712700        3.94917064300       Residual    58379.9616994      MLUPs    2541.59142339    
  4  Maxtime , Mintime + JacobiMi , JacobiMa    4.08133408600        4.08132445700        3.80546315000        3.96178401900       Residual    42568.3681189      MLUPs    2540.34582358    
