# Threadlevel provided:        3 out of        0        1        2        3
  spat_dim , proc_dim, PBC ? 
           1 -Dim Input         1200           2 T
           2 -Dim Input         1800           3 T
           3 -Dim Input         4800           8 T
#   0 Process grid   2   3   8
          14           3           2
          16           3           2
          18           3           2
          20           3           2
          22           3           2
          24           3           2
          26           3           2
          28           3           2
          30           3           2
          32           3           2
          34           3           2
          36           3           2
          38           3           2
          40           3           2
          42           3           2
          44           3           2
          46           3           2
           0           3           2
           2           3           2
           4           3           2
           6           3           2
           8           3           2
          10           3           2
          12           3           2
#   0  Allocated 2 arrays with a total of  3490.68      Mbytes 
           1           3           2
           3           3           2
           5           3           2
           7           3           2
           9           3           2
          11           3           2
          13           3           2
          15           3           2
          17           3           2
          19           3           2
          21           3           2
          23           3           2
          25           3           2
          27           3           2
          29           3           2
          31           3           2
          33           3           2
          35           3           2
          37           3           2
          39           3           2
          41           3           2
          43           3           2
          45           3           2
          47           3           2
# StartResidual    0.00000000000    
  4  Maxtime , Mintime + JacobiMi , JacobiMa    2.02062761400        2.01272826400        1.88546249900        1.93193048000       Residual    46043333.2968      MLUPs    5131.07904107    
  4  Maxtime , Mintime + JacobiMi , JacobiMa    1.98189987500        1.98189479700        1.88667627100        1.92663483900       Residual    7666666.66663      MLUPs    5231.34399007    
  4  Maxtime , Mintime + JacobiMi , JacobiMa    1.98023950800        1.98023399700        1.88754780300        1.92555465600       Residual    1632716.04889      MLUPs    5235.73030339    
  4  Maxtime , Mintime + JacobiMi , JacobiMa    1.98487626200        1.98361924700        1.88645575300        1.92889728900       Residual    485082.304422      MLUPs    5223.49941832    
  4  Maxtime , Mintime + JacobiMi , JacobiMa    1.97981957500        1.97981266900        1.88496847400        1.92523967400       Residual    198666.838132      MLUPs    5236.84083687    
  4  Maxtime , Mintime + JacobiMi , JacobiMa    1.98007634800        1.98006838100        1.88475119000        1.92542736100       Residual    102358.184543      MLUPs    5236.16173208    
  4  Maxtime , Mintime + JacobiMi , JacobiMa    1.98177449500        1.98175343600        1.88469035500        1.92709724300       Residual    60926.9957236      MLUPs    5231.67495906    
  4  Maxtime , Mintime + JacobiMi , JacobiMa    1.98079798700        1.98079310800        1.88472820400        1.92603077300       Residual    39783.2647955      MLUPs    5234.25410771    
  4  Maxtime , Mintime + JacobiMi , JacobiMa    1.98419818400        1.98418814500        1.88602254400        1.92968643000       Residual    27685.3426636      MLUPs    5225.28449205    
  4  Maxtime , Mintime + JacobiMi , JacobiMa    1.98153643500        1.98132999000        1.88595831400        1.92650094600       Residual    20187.0611683      MLUPs    5232.30348777    
