# Threadlevel provided:        3 out of        0        1        2        3
  spat_dim , proc_dim, PBC ? 
           1 -Dim Input         1200           2 T
           2 -Dim Input         1800           3 T
           3 -Dim Input         4800           8 T
#   0 Process grid   2   3   8
          12           3           2
          16           3           2
          18           3           2
          20           3           2
          22           3           2
          24           3           2
          26           3           2
          28           3           2
          30           3           2
          32           3           2
          34           3           2
          36           3           2
          38           3           2
          40           3           2
          42           3           2
          44           3           2
          46           3           2
           0           3           2
#   0  Allocated 2 arrays with a total of  3490.68      Mbytes 
           2           3           2
           4           3           2
           6           3           2
           8           3           2
          10           3           2
          14           3           2
           1           3           2
           3           3           2
           5           3           2
           7           3           2
           9           3           2
          11           3           2
          13           3           2
          17           3           2
          19           3           2
          21           3           2
          23           3           2
          25           3           2
          27           3           2
          29           3           2
          33           3           2
          35           3           2
          37           3           2
          39           3           2
          41           3           2
          43           3           2
          45           3           2
          15           3           2
          31           3           2
          47           3           2
# StartResidual    0.00000000000    
  4  Maxtime , Mintime + JacobiMi , JacobiMa    2.00252014000        1.99567852300        1.88591859200        1.92315617300       Residual    46043333.2968      MLUPs    5177.47601779    
  4  Maxtime , Mintime + JacobiMi , JacobiMa    1.99441430700        1.99440746100        1.88511068900        1.94066883200       Residual    7666666.66663      MLUPs    5198.51866466    
  4  Maxtime , Mintime + JacobiMi , JacobiMa    1.99442401700        1.99441747300        1.88540004200        1.94094097200       Residual    1632716.04889      MLUPs    5198.49335529    
  4  Maxtime , Mintime + JacobiMi , JacobiMa    1.99408444400        1.99407029300        1.88526455300        1.94033073200       Residual    485082.304422      MLUPs    5199.37860766    
  4  Maxtime , Mintime + JacobiMi , JacobiMa    1.99419012600        1.99417145800        1.88587248700        1.94042437200       Residual    198666.838132      MLUPs    5199.10306687    
  4  Maxtime , Mintime + JacobiMi , JacobiMa    1.99429446100        1.99427563600        1.88553212500        1.94061617000       Residual    102358.184543      MLUPs    5198.83106670    
  4  Maxtime , Mintime + JacobiMi , JacobiMa    1.99644839000        1.99641238700        1.88571447200        1.94091952300       Residual    60926.9957236      MLUPs    5193.22214986    
  4  Maxtime , Mintime + JacobiMi , JacobiMa    1.99338240800        1.99336820300        1.88554482300        1.93985969700       Residual    39783.2647955      MLUPs    5201.20974199    
  4  Maxtime , Mintime + JacobiMi , JacobiMa    1.99502339800        1.99500915600        1.88573523600        1.94100272600       Residual    27685.3426636      MLUPs    5196.93152992    
  4  Maxtime , Mintime + JacobiMi , JacobiMa    1.99446784200        1.99446181900        1.88550445200        1.94081242600       Residual    20187.0611683      MLUPs    5198.37912734    
