# Threadlevel provided:        3 out of        0        1        2        3
  spat_dim , proc_dim, PBC ? 
           1 -Dim Input         1800           3 T
           2 -Dim Input         1200           2 T
           3 -Dim Input         4800           8 T
#   0 Process grid   3   2   8
           1           3           2
           2           3           2
           3           3           2
           4           3           2
           5           3           2
           6           3           2
           7           3           2
           8           3           2
           9           3           2
          10           3           2
          11           3           2
          12           3           2
          15           3           2
          16           3           2
          18           3           2
          20           3           2
          21           3           2
          22           3           2
          23           3           2
          24           3           2
          25           3           2
          26           3           2
          27           3           2
          29           3           2
          31           3           2
          32           3           2
          33           3           2
          34           3           2
          35           3           2
          36           3           2
          37           3           2
          38           3           2
          39           3           2
          40           3           2
          41           3           2
          42           3           2
          43           3           2
          44           3           2
          45           3           2
          47           3           2
           0           3           2
#   0  Allocated 2 arrays with a total of  3490.68      Mbytes 
          17           3           2
          19           3           2
          14           3           2
          30           3           2
          46           3           2
          13           3           2
          28           3           2
# StartResidual    0.00000000000    
  4  Maxtime , Mintime + JacobiMi , JacobiMa    4.08632261600        4.08619235700        3.81449408300        3.95990680000       Residual    46043333.2968      MLUPs    2537.24460213    
  4  Maxtime , Mintime + JacobiMi , JacobiMa    4.08342775100        4.08342042400        3.81407865100        3.96068840200       Residual    7666666.66663      MLUPs    2539.04333129    
  4  Maxtime , Mintime + JacobiMi , JacobiMa    4.08288643200        4.08285671500        3.81397371600        3.95920985600       Residual    1632716.04889      MLUPs    2539.37996383    
  4  Maxtime , Mintime + JacobiMi , JacobiMa    4.08392042500        4.08390116900        3.81397058800        3.96530239500       Residual    485082.304417      MLUPs    2538.73702742    
  4  Maxtime , Mintime + JacobiMi , JacobiMa    4.08371865600        4.08370633200        3.80927521500        3.96054899200       Residual    198666.838132      MLUPs    2538.86246173    
  4  Maxtime , Mintime + JacobiMi , JacobiMa    4.08475803400        4.08473955800        3.80892902700        3.96216214800       Residual    102358.184543      MLUPs    2538.21644115    
  4  Maxtime , Mintime + JacobiMi , JacobiMa    4.08405064500        4.08402476700        3.80952692700        3.96151105000       Residual    60926.9957236      MLUPs    2538.65607977    
  4  Maxtime , Mintime + JacobiMi , JacobiMa    4.08572745400        4.08570648700        3.80986780000        3.96328037200       Residual    39783.2647956      MLUPs    2537.61419887    
  4  Maxtime , Mintime + JacobiMi , JacobiMa    4.08501569400        4.08500487400        3.80900815600        3.96175918600       Residual    27685.3426636      MLUPs    2538.05634461    
  4  Maxtime , Mintime + JacobiMi , JacobiMa    4.08566709800        4.08565421000        3.81133859500        3.96223051400       Residual    20187.0611684      MLUPs    2537.65168608    
