# Threadlevel provided:        3 out of        0        1        2        3
  spat_dim , proc_dim, PBC ? 
           1 -Dim Input         1800           3 T
           2 -Dim Input         1200           2 T
           3 -Dim Input         4800           8 T
#   0 Process grid   3   2   8
           5           3           2
           6           3           2
           7           3           2
          10           3           2
          12           3           2
          14           3           2
          15           3           2
          16           3           2
          18           3           2
          19           3           2
          20           3           2
          21           3           2
          22           3           2
          23           3           2
          26           3           2
          30           3           2
          33           3           2
          34           3           2
          35           3           2
          36           3           2
          37           3           2
          38           3           2
          39           3           2
          42           3           2
          44           3           2
          46           3           2
          47           3           2
           0           3           2
#   0  Allocated 2 arrays with a total of  3490.68      Mbytes 
           1           3           2
           2           3           2
           3           3           2
           4           3           2
          17           3           2
          24           3           2
          28           3           2
          29           3           2
          31           3           2
          40           3           2
          45           3           2
           8           3           2
          13           3           2
          27           3           2
          32           3           2
          43           3           2
          11           3           2
           9           3           2
          25           3           2
          41           3           2
# StartResidual    0.00000000000    
  4  Maxtime , Mintime + JacobiMi , JacobiMa    4.11177338600        4.11145752800        3.81930434300        3.99029926100       Residual    46043333.2968      MLUPs    2521.53974130    
  4  Maxtime , Mintime + JacobiMi , JacobiMa    4.10976694900        4.10975179900        3.81960650100        3.99250218600       Residual    7666666.66663      MLUPs    2522.77078692    
  4  Maxtime , Mintime + JacobiMi , JacobiMa    4.10865101200        4.10862630100        3.81970514100        3.99176882900       Residual    1632716.04889      MLUPs    2523.45598828    
  4  Maxtime , Mintime + JacobiMi , JacobiMa    4.11022839400        4.11020716100        3.82046218300        3.99296327000       Residual    485082.304417      MLUPs    2522.48756179    
  4  Maxtime , Mintime + JacobiMi , JacobiMa    4.10906632700        4.10905494600        3.82000907500        3.99213205000       Residual    198666.838132      MLUPs    2523.20093542    
  4  Maxtime , Mintime + JacobiMi , JacobiMa    4.11092470500        4.11090869900        3.81930091800        3.99348955300       Residual    102358.184543      MLUPs    2522.06030127    
  4  Maxtime , Mintime + JacobiMi , JacobiMa    4.11116753400        4.11115069100        3.81983339100        3.99450356700       Residual    60926.9957236      MLUPs    2521.91133401    
  4  Maxtime , Mintime + JacobiMi , JacobiMa    4.11123958800        4.11121267300        3.82116278500        3.99402652900       Residual    39783.2647956      MLUPs    2521.86713474    
  4  Maxtime , Mintime + JacobiMi , JacobiMa    4.15140494500        4.15138915500        3.82026023700        4.04338278600       Residual    27685.3426636      MLUPs    2497.46775787    
  4  Maxtime , Mintime + JacobiMi , JacobiMa    4.14025519300        4.14022421100        3.82221676000        4.03232380600       Residual    20187.0611684      MLUPs    2504.19346555    
