# Threadlevel provided:        3 out of        0        1        2        3
  spat_dim , proc_dim, PBC ? 
           1 -Dim Input          600           1 T
           2 -Dim Input         7200          12 T
           3 -Dim Input          600           1 T
#   0 Process grid   1  12   1
           0           3           2
           2           3           2
           3           3           2
           4           3           2
           5           3           2
           6           3           2
           7           3           2
           8           3           2
           9           3           2
          10           3           2
          11           3           2
           1           3           2
#   0  Allocated 2 arrays with a total of  3490.68      Mbytes 
# StartResidual    0.00000000000    
  4  Maxtime , Mintime + JacobiMi , JacobiMa    1.93939181900        1.93818501300        1.88269469100        1.88683491000       Residual    25046666.6470      MLUPs    1336.50146123    
  4  Maxtime , Mintime + JacobiMi , JacobiMa    1.93807501600        1.93806822500        1.88288830200        1.88703427100       Residual    4166666.66665      MLUPs    1337.40953193    
  4  Maxtime , Mintime + JacobiMi , JacobiMa    1.93620103700        1.93619393700        1.88239550200        1.88662039400       Residual    887345.678689      MLUPs    1338.70396228    
  4  Maxtime , Mintime + JacobiMi , JacobiMa    1.93657796700        1.93657128500        1.88298806900        1.88698845500       Residual    263631.687185      MLUPs    1338.44340077    
  4  Maxtime , Mintime + JacobiMi , JacobiMa    1.93643016400        1.93642470400        1.88257090500        1.88680610300       Residual    107971.107683      MLUPs    1338.54556089    
  4  Maxtime , Mintime + JacobiMi , JacobiMa    1.93664952600        1.93664303200        1.88303297100        1.88707575800       Residual    55629.4481252      MLUPs    1338.39394542    
  4  Maxtime , Mintime + JacobiMi , JacobiMa    1.93668970500        1.93668413400        1.88285887500        1.88698109600       Residual    33112.4976770      MLUPs    1338.36617880    
  4  Maxtime , Mintime + JacobiMi , JacobiMa    1.93651989200        1.93651498400        1.88289747900        1.88693985300       Residual    21621.3395625      MLUPs    1338.48353983    
  4  Maxtime , Mintime + JacobiMi , JacobiMa    1.93663860400        1.93663075400        1.88287635000        1.88706003200       Residual    15046.3818811      MLUPs    1338.40149352    
  4  Maxtime , Mintime + JacobiMi , JacobiMa    1.93624906200        1.93623746900        1.88268442300        1.88667083700       Residual    10971.2288966      MLUPs    1338.67075826    
