# Threadlevel provided:        3 out of        0        1        2        3
  spat_dim , proc_dim, PBC ? 
           1 -Dim Input          600           1 T
           2 -Dim Input         7200          12 T
           3 -Dim Input          600           1 T
#   0 Process grid   1  12   1
           8           3           2
           9           3           2
          10           3           2
          11           3           2
           0           3           2
#   0  Allocated 2 arrays with a total of  3490.68      Mbytes 
           1           3           2
           2           3           2
           3           3           2
           4           3           2
           5           3           2
           6           3           2
           7           3           2
# StartResidual    0.00000000000    
  4  Maxtime , Mintime + JacobiMi , JacobiMa    1.94190608700        1.94185764000        1.88220717800        1.88881506900       Residual    25046666.6470      MLUPs    1334.77103623    
  4  Maxtime , Mintime + JacobiMi , JacobiMa    1.94079801900        1.94079260100        1.88210582500        1.88918592400       Residual    4166666.66665      MLUPs    1335.53310269    
  4  Maxtime , Mintime + JacobiMi , JacobiMa    1.93937812000        1.93936943400        1.88206157400        1.88925610700       Residual    887345.678689      MLUPs    1336.51090175    
  4  Maxtime , Mintime + JacobiMi , JacobiMa    1.93963778600        1.93962789700        1.88218846800        1.88947023300       Residual    263631.687185      MLUPs    1336.33197843    
  4  Maxtime , Mintime + JacobiMi , JacobiMa    1.93879507100        1.93879081700        1.88160435900        1.88871347700       Residual    107971.107683      MLUPs    1336.91282734    
  4  Maxtime , Mintime + JacobiMi , JacobiMa    1.93980768100        1.93979880600        1.88201301000        1.88959353900       Residual    55629.4481252      MLUPs    1336.21493790    
  4  Maxtime , Mintime + JacobiMi , JacobiMa    1.93899657800        1.93899174700        1.88182779500        1.88889198500       Residual    33112.4976770      MLUPs    1336.77389089    
  4  Maxtime , Mintime + JacobiMi , JacobiMa    1.93938702900        1.93937285200        1.88212757600        1.88930351100       Residual    21621.3395625      MLUPs    1336.50476220    
  4  Maxtime , Mintime + JacobiMi , JacobiMa    1.93923126500        1.93922544700        1.88212039400        1.88905847700       Residual    15046.3818811      MLUPs    1336.61211367    
  4  Maxtime , Mintime + JacobiMi , JacobiMa    1.93969423900        1.93968637900        1.88232577400        1.88952993000       Residual    10971.2288966      MLUPs    1336.29308573    
