# Threadlevel provided:        3 out of        0        1        2        3
  spat_dim , proc_dim, PBC ? 
           1 -Dim Input          600           1 T
           2 -Dim Input         7200          12 T
           3 -Dim Input          600           1 T
#   0 Process grid   1  12   1
           0           3           2
           1           3           2
           2           3           2
           3           3           2
           4           3           2
           5           3           2
           6           3           2
           7           3           2
           8           3           2
           9           3           2
          10           3           2
          11           3           2
#   0  Allocated 2 arrays with a total of  3490.68      Mbytes 
# StartResidual    0.00000000000    
  4  Maxtime , Mintime + JacobiMi , JacobiMa    1.95503692600        1.95499109600        1.88259440200        1.90248924200       Residual    25046666.6470      MLUPs    1325.80616025    
  4  Maxtime , Mintime + JacobiMi , JacobiMa    1.95151296200        1.95150808500        1.88277148000        1.90257641300       Residual    4166666.66665      MLUPs    1328.20024795    
  4  Maxtime , Mintime + JacobiMi , JacobiMa    1.95148652900        1.95147529800        1.88266334600        1.90237289500       Residual    887345.678689      MLUPs    1328.21823850    
  4  Maxtime , Mintime + JacobiMi , JacobiMa    1.95152721300        1.95152099900        1.88271188300        1.90256937800       Residual    263631.687185      MLUPs    1328.19054878    
  4  Maxtime , Mintime + JacobiMi , JacobiMa    1.95134632300        1.95134279600        1.88244476900        1.90239059500       Residual    107971.107683      MLUPs    1328.31367218    
  4  Maxtime , Mintime + JacobiMi , JacobiMa    1.95156914700        1.95156299400        1.88288084300        1.90265285200       Residual    55629.4481252      MLUPs    1328.16200952    
  4  Maxtime , Mintime + JacobiMi , JacobiMa    1.95141920200        1.95141297500        1.88244081900        1.90246843600       Residual    33112.4976770      MLUPs    1328.26406409    
  4  Maxtime , Mintime + JacobiMi , JacobiMa    1.95150891600        1.95149419700        1.88273531500        1.90251717300       Residual    21621.3395625      MLUPs    1328.20300166    
  4  Maxtime , Mintime + JacobiMi , JacobiMa    1.95129980700        1.95129460100        1.88250569400        1.90227422400       Residual    15046.3818811      MLUPs    1328.34533714    
  4  Maxtime , Mintime + JacobiMi , JacobiMa    1.95152411400        1.95151474200        1.88279519800        1.90257253700       Residual    10971.2288966      MLUPs    1328.19265794    
