# Threadlevel provided:        3 out of        0        1        2        3
  spat_dim , proc_dim, PBC ? 
           1 -Dim Input          600           1 T
           2 -Dim Input          600           1 T
           3 -Dim Input         2400           4 T
#   0 Process grid   1   1   4
           0           3           2
           2           3           2
           1           3           2
           3           3           2
#   0  Allocated 2 arrays with a total of  3490.68      Mbytes 
# StartResidual    0.00000000000    
  4  Maxtime , Mintime + JacobiMi , JacobiMa    1.93753964400        1.93750415500        1.88632844200        1.89019753300       Residual    9019999.99294      MLUPs    445.926359585    
  4  Maxtime , Mintime + JacobiMi , JacobiMa    1.93510049600        1.93509495900        1.88639518400        1.88984131500       Residual    1500000.00000      MLUPs    446.488439120    
  4  Maxtime , Mintime + JacobiMi , JacobiMa    1.93512916900        1.93512867800        1.88651000800        1.88983400900       Residual    319444.444326      MLUPs    446.481823457    
  4  Maxtime , Mintime + JacobiMi , JacobiMa    1.93500571400        1.93500458500        1.88631490500        1.88976863200       Residual    94907.4073866      MLUPs    446.510309375    
  4  Maxtime , Mintime + JacobiMi , JacobiMa    1.93516944600        1.93516844200        1.88656460900        1.88988620600       Residual    38869.5987667      MLUPs    446.472530757    
  4  Maxtime , Mintime + JacobiMi , JacobiMa    1.93510894700        1.93510867200        1.88651323400        1.88984176400       Residual    20026.6013253      MLUPs    446.486489218    
  4  Maxtime , Mintime + JacobiMi , JacobiMa    1.93505020600        1.93504985100        1.88647578300        1.88980562100       Residual    11920.4991638      MLUPs    446.500042904    
  4  Maxtime , Mintime + JacobiMi , JacobiMa    1.93510152600        1.93510078200        1.88631878300        1.88975524600       Residual    7783.68224239      MLUPs    446.488201467    
  4  Maxtime , Mintime + JacobiMi , JacobiMa    1.93500882300        1.93500839700        1.88649590700        1.88975722500       Residual    5416.69747709      MLUPs    446.509591962    
  4  Maxtime , Mintime + JacobiMi , JacobiMa    1.93494875500        1.93494812900        1.88630302400        1.88968438900       Residual    3949.64240274      MLUPs    446.523453279    
