# Threadlevel provided:        3 out of        0        1        2        3
  spat_dim , proc_dim, PBC ? 
           1 -Dim Input          600           1 T
           2 -Dim Input        14400          24 T
           3 -Dim Input          600           1 T
#   0 Process grid   1  24   1
           0           3           2
           2           3           2
           4           3           2
           6           3           2
           8           3           2
          10           3           2
          12           3           2
          14           3           2
          16           3           2
          18           3           2
          20           3           2
          22           3           2
#   0  Allocated 2 arrays with a total of  3490.68      Mbytes 
           1           3           2
           5           3           2
           9           3           2
          13           3           2
          15           3           2
          17           3           2
          19           3           2
          21           3           2
          23           3           2
           3           3           2
           7           3           2
          11           3           2
# StartResidual    0.00000000000    
  4  Maxtime , Mintime + JacobiMi , JacobiMa    1.94621838400        1.94611293700        1.88152413100        1.89224980500       Residual    49086666.6282      MLUPs    2663.62708451    
  4  Maxtime , Mintime + JacobiMi , JacobiMa    1.94136610800        1.94135362000        1.88107870000        1.89205586500       Residual    8166666.66662      MLUPs    2670.28458910    
  4  Maxtime , Mintime + JacobiMi , JacobiMa    1.94137291000        1.94135986600        1.88100004200        1.89211806900       Residual    1739197.53023      MLUPs    2670.27523321    
  4  Maxtime , Mintime + JacobiMi , JacobiMa    1.94141632800        1.94139986000        1.88109481700        1.89211004000       Residual    516718.106883      MLUPs    2670.21551495    
  4  Maxtime , Mintime + JacobiMi , JacobiMa    1.94127118300        1.94125685300        1.88081261100        1.89191814900       Residual    211623.371058      MLUPs    2670.41516167    
  4  Maxtime , Mintime + JacobiMi , JacobiMa    1.94181387700        1.94179889300        1.88131151300        1.89247221600       Residual    109033.718325      MLUPs    2669.66883974    
  4  Maxtime , Mintime + JacobiMi , JacobiMa    1.94147238400        1.94146584600        1.88101009500        1.89226056400       Residual    64900.4954468      MLUPs    2670.13841800    
  4  Maxtime , Mintime + JacobiMi , JacobiMa    1.94173468300        1.94172254200        1.88124151000        1.89253500400       Residual    42377.8255427      MLUPs    2669.77772267    
  4  Maxtime , Mintime + JacobiMi , JacobiMa    1.94151505900        1.94150877600        1.88103818600        1.89223094500       Residual    29490.9084872      MLUPs    2670.07972767    
  4  Maxtime , Mintime + JacobiMi , JacobiMa    1.94180217800        1.94179566200        1.88139629300        1.89256329700       Residual    21503.6086373      MLUPs    2669.68492400    
