# Threadlevel provided:        3 out of        0        1        2        3
  spat_dim , proc_dim, PBC ? 
           1 -Dim Input         7200          12 T
           2 -Dim Input         2400           4 T
           3 -Dim Input          600           1 T
#   0 Process grid  12   4   1
           8           3           2
          10           3           2
          12           3           2
          14           3           2
          16           3           2
          18           3           2
          20           3           2
          22           3           2
          24           3           2
          26           3           2
          28           3           2
          30           3           2
          32           3           2
          34           3           2
          38           3           2
          40           3           2
          42           3           2
          44           3           2
          46           3           2
           0           3           2
#   0  Allocated 2 arrays with a total of  3490.68      Mbytes 
           2           3           2
           4           3           2
           6           3           2
          36           3           2
           3           3           2
           5           3           2
           7           3           2
           9           3           2
          13           3           2
          15           3           2
          17           3           2
          19           3           2
          21           3           2
          23           3           2
          25           3           2
          27           3           2
          29           3           2
          31           3           2
          33           3           2
          35           3           2
          37           3           2
          39           3           2
          41           3           2
          43           3           2
          45           3           2
          47           3           2
           1           3           2
          11           3           2
# StartResidual    0.00000000000    
  4  Maxtime , Mintime + JacobiMi , JacobiMa    2.01150300500        2.00129796100        1.88223969300        1.92194462700       Residual    64056666.6158      MLUPs    5154.35471597    
  4  Maxtime , Mintime + JacobiMi , JacobiMa    1.97956425400        1.97955744300        1.88505318500        1.92712944200       Residual    10666666.6666      MLUPs    5237.51627615    
  4  Maxtime , Mintime + JacobiMi , JacobiMa    1.98110326900        1.98109047500        1.88558294400        1.92814358400       Residual    2271604.93757      MLUPs    5233.44752504    
  4  Maxtime , Mintime + JacobiMi , JacobiMa    1.99102431100        1.98893161300        1.88436884200        1.92804574700       Residual    674897.119176      MLUPs    5207.36986621    
  4  Maxtime , Mintime + JacobiMi , JacobiMa    1.97897014100        1.97896018800        1.88408532800        1.92667064100       Residual    276406.035663      MLUPs    5239.08864778    
  4  Maxtime , Mintime + JacobiMi , JacobiMa    1.97985923200        1.97984726000        1.88471586500        1.92771069700       Residual    142411.387192      MLUPs    5236.73594184    
  4  Maxtime , Mintime + JacobiMi , JacobiMa    1.97839596000        1.97839137300        1.88471450100        1.92640069900       Residual    84767.9940500      MLUPs    5240.60916501    
  4  Maxtime , Mintime + JacobiMi , JacobiMa    1.97875936700        1.97873731000        1.88561779300        1.92631822200       Residual    55350.6292810      MLUPs    5239.64670637    
  4  Maxtime , Mintime + JacobiMi , JacobiMa    1.98226801000        1.98225177200        1.88611857600        1.92997583200       Residual    38518.7376189      MLUPs    5230.37245604    
  4  Maxtime , Mintime + JacobiMi , JacobiMa    1.97869914000        1.97869065700        1.88594016800        1.92601525100       Residual    28086.3459739      MLUPs    5239.80618903    
