# Threadlevel provided:        3 out of        0        1        2        3
  spat_dim , proc_dim, PBC ? 
           1 -Dim Input          600           1 T
           2 -Dim Input         7200          12 T
           3 -Dim Input         2400           4 T
#   0 Process grid   1  12   4
          18           3           2
          20           3           2
          22           3           2
          24           3           2
          26           3           2
          28           3           2
          30           3           2
          32           3           2
          34           3           2
          36           3           2
          38           3           2
          40           3           2
          42           3           2
          44           3           2
          46           3           2
           0           3           2
           2           3           2
           4           3           2
           6           3           2
           8           3           2
          10           3           2
          12           3           2
          14           3           2
#   0  Allocated 2 arrays with a total of  3490.68      Mbytes 
          16           3           2
           1           3           2
           3           3           2
           5           3           2
           7           3           2
           9           3           2
          11           3           2
          13           3           2
          15           3           2
          17           3           2
          19           3           2
          21           3           2
          23           3           2
          25           3           2
          27           3           2
          29           3           2
          31           3           2
          33           3           2
          35           3           2
          37           3           2
          39           3           2
          41           3           2
          43           3           2
          45           3           2
          47           3           2
# StartResidual    0.00000000000    
  4  Maxtime , Mintime + JacobiMi , JacobiMa    1.99986188200        1.99875709000        1.88252097100        1.93252570500       Residual    64056666.6158      MLUPs    5184.35802658    
  4  Maxtime , Mintime + JacobiMi , JacobiMa    1.98240923900        1.98239407600        1.88232777400        1.92937949500       Residual    10666666.6666      MLUPs    5229.99983860    
  4  Maxtime , Mintime + JacobiMi , JacobiMa    1.98904738500        1.98904427600        1.88285974300        1.93686151000       Residual    2271604.93759      MLUPs    5212.54550203    
  4  Maxtime , Mintime + JacobiMi , JacobiMa    1.98534985000        1.98534355600        1.88247425200        1.93268005700       Residual    674897.119214      MLUPs    5222.25339781    
  4  Maxtime , Mintime + JacobiMi , JacobiMa    1.98264028100        1.98263046700        1.88257266200        1.92965805900       Residual    276406.035664      MLUPs    5229.39037371    
  4  Maxtime , Mintime + JacobiMi , JacobiMa    1.98281128600        1.98280442500        1.88274019600        1.92971594100       Residual    142411.387188      MLUPs    5228.93937169    
  4  Maxtime , Mintime + JacobiMi , JacobiMa    1.98449674500        1.98448060100        1.88278298800        1.93151850100       Residual    84767.9940506      MLUPs    5224.49836520    
  4  Maxtime , Mintime + JacobiMi , JacobiMa    1.98315729100        1.98313841300        1.88276469200        1.92996787600       Residual    55350.6292802      MLUPs    5228.02706929    
  4  Maxtime , Mintime + JacobiMi , JacobiMa    1.98281339300        1.98279716600        1.88280979100        1.92977048500       Residual    38518.7376189      MLUPs    5228.93381526    
  4  Maxtime , Mintime + JacobiMi , JacobiMa    1.98256319500        1.98255801400        1.88296795800        1.92903137000       Residual    28086.3459730      MLUPs    5229.59370281    
