# Threadlevel provided:        3 out of        0        1        2        3
  spat_dim , proc_dim, PBC ? 
           1 -Dim Input          600           1 T
           2 -Dim Input         3600           6 T
           3 -Dim Input         1200           2 T
#   0 Process grid   1   6   2
           0           3           2
           1           3           2
           2           3           2
           3           3           2
           4           3           2
           5           3           2
           6           3           2
           7           3           2
           8           3           2
           9           3           2
          10           3           2
          11           3           2
#   0  Allocated 2 arrays with a total of  3490.68      Mbytes 
# StartResidual    0.00000000000    
  4  Maxtime , Mintime + JacobiMi , JacobiMa    3.05871693900        3.05862079300        2.95541178600        2.96401991100       Residual    20029999.9842      MLUPs    847.414145111    
  4  Maxtime , Mintime + JacobiMi , JacobiMa    3.05499189100        3.05498354800        2.95446046500        2.96286715000       Residual    3333333.33332      MLUPs    848.447423915    
  4  Maxtime , Mintime + JacobiMi , JacobiMa    3.05636502600        3.05635958900        2.95606474300        2.96423104600       Residual    709876.542984      MLUPs    848.066241418    
  4  Maxtime , Mintime + JacobiMi , JacobiMa    3.05626242600        3.05626043400        2.95565395500        2.96420803500       Residual    210905.349752      MLUPs    848.094711354    
  4  Maxtime , Mintime + JacobiMi , JacobiMa    3.05664103600        3.05663797900        2.95629271600        2.96436397700       Residual    86376.8861455      MLUPs    847.989662336    
  4  Maxtime , Mintime + JacobiMi , JacobiMa    3.05538493000        3.05535705300        2.95496778900        2.96333482400       Residual    44503.5584977      MLUPs    848.338281226    
  4  Maxtime , Mintime + JacobiMi , JacobiMa    3.05637012400        3.05635710200        2.95594278900        2.96403933900       Residual    26489.9981411      MLUPs    848.064826850    
  4  Maxtime , Mintime + JacobiMi , JacobiMa    3.05730944500        3.05730730400        2.95648849300        2.96501382200       Residual    17297.0716500      MLUPs    847.804269286    
  4  Maxtime , Mintime + JacobiMi , JacobiMa    3.05640129000        3.05639853500        2.95578915300        2.96401229500       Residual    12037.1055057      MLUPs    848.056179167    
  4  Maxtime , Mintime + JacobiMi , JacobiMa    3.05736593400        3.05736375300        2.95658947800        2.96530351800       Residual    8776.98311687      MLUPs    847.788604948    
