# Threadlevel provided:        3 out of        0        1        2        3
  spat_dim , proc_dim, PBC ? 
           1 -Dim Input         7200          12 T
           2 -Dim Input          600           1 T
           3 -Dim Input         2400           4 T
#   0 Process grid  12   1   4
           9           3           2
          10           3           2
          12           3           2
          13           3           2
          14           3           2
          16           3           2
          17           3           2
          18           3           2
          20           3           2
          21           3           2
          22           3           2
          24           3           2
          25           3           2
          26           3           2
          28           3           2
          29           3           2
          32           3           2
          33           3           2
          34           3           2
          36           3           2
          37           3           2
          38           3           2
          40           3           2
          41           3           2
          44           3           2
          45           3           2
          46           3           2
           0           3           2
#   0  Allocated 2 arrays with a total of  3490.68      Mbytes 
           1           3           2
           2           3           2
           3           3           2
           4           3           2
           5           3           2
           6           3           2
           7           3           2
           8           3           2
          11           3           2
          15           3           2
          19           3           2
          23           3           2
          27           3           2
          31           3           2
          35           3           2
          39           3           2
          43           3           2
          47           3           2
          30           3           2
          42           3           2
# StartResidual    0.00000000000    
  4  Maxtime , Mintime + JacobiMi , JacobiMa    4.08092088500        4.08047311400        3.80344740800        3.96129638900       Residual    64056666.6158      MLUPs    2540.60303842    
  4  Maxtime , Mintime + JacobiMi , JacobiMa    4.08040832200        4.08038602300        3.80844607300        3.96460011900       Residual    10666666.6666      MLUPs    2540.92217784    
  4  Maxtime , Mintime + JacobiMi , JacobiMa    4.07952060900        4.07951524900        3.80725491200        3.96169173000       Residual    2271604.93757      MLUPs    2541.47508830    
  4  Maxtime , Mintime + JacobiMi , JacobiMa    4.07815437500        4.07811859000        3.80789826100        3.96076066400       Residual    674897.119176      MLUPs    2542.32651504    
  4  Maxtime , Mintime + JacobiMi , JacobiMa    4.08176480200        4.08173731900        3.80871770900        3.96604865000       Residual    276406.035663      MLUPs    2540.07776120    
  4  Maxtime , Mintime + JacobiMi , JacobiMa    4.07854843700        4.07852693900        3.80892241800        3.96079114700       Residual    142411.387192      MLUPs    2542.08088004    
  4  Maxtime , Mintime + JacobiMi , JacobiMa    4.08147646600        4.08144485500        3.80858075500        3.96566561000       Residual    84767.9940500      MLUPs    2540.25720505    
  4  Maxtime , Mintime + JacobiMi , JacobiMa    4.08106783100        4.08105398000        3.80954973000        3.96544126300       Residual    55350.6292810      MLUPs    2540.51155956    
  4  Maxtime , Mintime + JacobiMi , JacobiMa    4.07802634000        4.07800362700        3.81063071100        3.96059807100       Residual    38518.7376189      MLUPs    2542.40633473    
  4  Maxtime , Mintime + JacobiMi , JacobiMa    4.08174761900        4.08171028100        3.81024724700        3.96600191100       Residual    28086.3459739      MLUPs    2540.08845420    
