# Threadlevel provided:        3 out of        0        1        2        3
  spat_dim , proc_dim, PBC ? 
           1 -Dim Input        14400          24 T
           2 -Dim Input         1200           2 T
           3 -Dim Input          600           1 T
#   0 Process grid  24   2   1
           9           3           2
          10           3           2
          11           3           2
          12           3           2
          13           3           2
          14           3           2
          15           3           2
          16           3           2
          17           3           2
          19           3           2
          20           3           2
          21           3           2
          22           3           2
          23           3           2
          25           3           2
          26           3           2
          27           3           2
          28           3           2
          29           3           2
          31           3           2
          32           3           2
          33           3           2
          34           3           2
          36           3           2
          37           3           2
          38           3           2
          39           3           2
          41           3           2
          44           3           2
          45           3           2
          46           3           2
          47           3           2
           0           3           2
#   0  Allocated 2 arrays with a total of  3490.68      Mbytes 
           1           3           2
           2           3           2
           3           3           2
           4           3           2
           5           3           2
           6           3           2
           7           3           2
           8           3           2
          40           3           2
          42           3           2
          18           3           2
          24           3           2
          30           3           2
          35           3           2
          43           3           2
# StartResidual    0.00000000000    
  4  Maxtime , Mintime + JacobiMi , JacobiMa    4.08289166600        4.08241603000        3.80332635100        3.96224879700       Residual    74089999.9415      MLUPs    2539.37670851    
  4  Maxtime , Mintime + JacobiMi , JacobiMa    4.08194143800        4.08192554800        3.80780332700        3.96419827500       Residual    12333333.3332      MLUPs    2539.96784557    
  4  Maxtime , Mintime + JacobiMi , JacobiMa    4.08135948100        4.08133819900        3.80636190400        3.96348545300       Residual    2626543.20907      MLUPs    2540.33001706    
  4  Maxtime , Mintime + JacobiMi , JacobiMa    4.08366986800        4.08364678000        3.80752552800        3.96611747000       Residual    780349.794049      MLUPs    2538.89279377    
  4  Maxtime , Mintime + JacobiMi , JacobiMa    4.08364869600        4.08362974400        3.80757463800        3.96608238000       Residual    319594.478736      MLUPs    2538.90595686    
  4  Maxtime , Mintime + JacobiMi , JacobiMa    4.08199288500        4.08196837800        3.80754242400        3.96415754300       Residual    164663.166441      MLUPs    2539.93583333    
  4  Maxtime , Mintime + JacobiMi , JacobiMa    4.08361646200        4.08360138600        3.80674242000        3.96621816300       Residual    98012.9931205      MLUPs    2538.92599770    
  4  Maxtime , Mintime + JacobiMi , JacobiMa    4.08428997600        4.08427073300        3.80819354900        3.96694106600       Residual    63999.1651062      MLUPs    2538.50731974    
  4  Maxtime , Mintime + JacobiMi , JacobiMa    4.08398200400        4.08396310900        3.80969928000        3.96595143400       Residual    44537.2903721      MLUPs    2538.69874790    
  4  Maxtime , Mintime + JacobiMi , JacobiMa    4.08502448200        4.08500662300        3.81001031400        3.96716330300       Residual    32474.8375327      MLUPs    2538.05088456    
