# Threadlevel provided:        3 out of        0        1        2        3
  spat_dim , proc_dim, PBC ? 
           1 -Dim Input        14400          24 T
           2 -Dim Input         1200           2 T
           3 -Dim Input          600           1 T
#   0 Process grid  24   2   1
          10           3           2
          11           3           2
          13           3           2
          15           3           2
          16           3           2
          17           3           2
          19           3           2
          21           3           2
          23           3           2
          24           3           2
          25           3           2
          26           3           2
          27           3           2
          31           3           2
          32           3           2
          33           3           2
          35           3           2
          37           3           2
          39           3           2
          40           3           2
          41           3           2
          42           3           2
          43           3           2
          45           3           2
           0           3           2
#   0  Allocated 2 arrays with a total of  3490.68      Mbytes 
           1           3           2
           2           3           2
           3           3           2
           5           3           2
           7           3           2
           8           3           2
           9           3           2
           4           3           2
          20           3           2
          22           3           2
          30           3           2
          36           3           2
          38           3           2
          46           3           2
          47           3           2
           6           3           2
          14           3           2
          29           3           2
          12           3           2
          44           3           2
          28           3           2
          34           3           2
          18           3           2
# StartResidual    0.00000000000    
  4  Maxtime , Mintime + JacobiMi , JacobiMa    4.10205604800        4.10194787400        3.81727023700        3.98549119900       Residual    74089999.9415      MLUPs    2527.51300291    
  4  Maxtime , Mintime + JacobiMi , JacobiMa    4.09938446000        4.09936695400        3.81549765300        3.98568617500       Residual    12333333.3332      MLUPs    2529.16019494    
  4  Maxtime , Mintime + JacobiMi , JacobiMa    4.09915372700        4.09912639900        3.81528003500        3.98561462200       Residual    2626543.20907      MLUPs    2529.30255621    
  4  Maxtime , Mintime + JacobiMi , JacobiMa    4.10095971300        4.10093915500        3.81656194800        3.98723604500       Residual    780349.794049      MLUPs    2528.18869864    
  4  Maxtime , Mintime + JacobiMi , JacobiMa    4.09888587400        4.09886149600        3.81726122000        3.98761692200       Residual    319594.478736      MLUPs    2529.46784046    
  4  Maxtime , Mintime + JacobiMi , JacobiMa    4.10195321300        4.10193364700        3.81573852700        3.98831097400       Residual    164663.166441      MLUPs    2527.57636707    
  4  Maxtime , Mintime + JacobiMi , JacobiMa    4.10012592200        4.10011564500        3.81692276000        3.98651734800       Residual    98012.9931205      MLUPs    2528.70282456    
  4  Maxtime , Mintime + JacobiMi , JacobiMa    4.10226045400        4.10223966800        3.81783792100        3.98869983800       Residual    63999.1651062      MLUPs    2527.38706288    
  4  Maxtime , Mintime + JacobiMi , JacobiMa    4.10164689800        4.10163359600        3.81781356600        3.98805598500       Residual    44537.2903721      MLUPs    2527.76512894    
  4  Maxtime , Mintime + JacobiMi , JacobiMa    4.10218919300        4.10217877200        3.81806973200        3.98850672000       Residual    32474.8375327      MLUPs    2527.43096727    
