# Threadlevel provided:        3 out of        0        1        2        3
  spat_dim , proc_dim, PBC ? 
           1 -Dim Input        14400          24 T
           2 -Dim Input         1200           2 T
           3 -Dim Input          600           1 T
#   0 Process grid  24   2   1
           1           3           2
           2           3           2
           4           3           2
           5           3           2
           6           3           2
           7           3           2
           8           3           2
           9           3           2
          10           3           2
          11           3           2
          12           3           2
          13           3           2
          14           3           2
          15           3           2
          16           3           2
          17           3           2
          18           3           2
          19           3           2
          21           3           2
          22           3           2
          23           3           2
          24           3           2
          25           3           2
          26           3           2
          28           3           2
          29           3           2
          30           3           2
          31           3           2
          32           3           2
          33           3           2
          34           3           2
          36           3           2
          37           3           2
          38           3           2
          39           3           2
          40           3           2
          41           3           2
          42           3           2
          43           3           2
          44           3           2
          45           3           2
          46           3           2
          47           3           2
           0           3           2
#   0  Allocated 2 arrays with a total of  3490.68      Mbytes 
           3           3           2
          27           3           2
          35           3           2
          20           3           2
# StartResidual    0.00000000000    
  4  Maxtime , Mintime + JacobiMi , JacobiMa    4.11469957600        4.11428270300        3.81860813900        4.00366779200       Residual    74089999.9415      MLUPs    2519.74653520    
  4  Maxtime , Mintime + JacobiMi , JacobiMa    4.11012055800        4.11010433000        3.81933649100        4.00250969200       Residual    12333333.3332      MLUPs    2522.55374354    
  4  Maxtime , Mintime + JacobiMi , JacobiMa    4.11072776200        4.11069671000        3.81847307300        4.00298893400       Residual    2626543.20907      MLUPs    2522.18113197    
  4  Maxtime , Mintime + JacobiMi , JacobiMa    4.10942991100        4.10939842500        3.81821994800        4.00148441900       Residual    780349.794049      MLUPs    2522.97769388    
  4  Maxtime , Mintime + JacobiMi , JacobiMa    4.11092514300        4.11090316400        3.81869334700        4.00281732300       Residual    319594.478736      MLUPs    2522.06003256    
  4  Maxtime , Mintime + JacobiMi , JacobiMa    4.11147405100        4.11145616600        3.81980655000        4.00303553300       Residual    164663.166441      MLUPs    2521.72332146    
  4  Maxtime , Mintime + JacobiMi , JacobiMa    4.11066395500        4.11034657300        3.81941318200        4.00193760600       Residual    98012.9931205      MLUPs    2522.22028205    
  4  Maxtime , Mintime + JacobiMi , JacobiMa    4.11214074700        4.11212837100        3.81924690800        4.00324412000       Residual    63999.1651062      MLUPs    2521.31447776    
  4  Maxtime , Mintime + JacobiMi , JacobiMa    4.11222385100        4.11221159500        3.82060287200        4.00382671200       Residual    44537.2903721      MLUPs    2521.26352447    
  4  Maxtime , Mintime + JacobiMi , JacobiMa    4.11250378100        4.11249012500        3.82012281700        4.00391298400       Residual    32474.8375327      MLUPs    2521.09190705    
