# Threadlevel provided:        3 out of        0        1        2        3
  spat_dim , proc_dim, PBC ? 
           1 -Dim Input        14400          24 T
           2 -Dim Input         1200           2 T
           3 -Dim Input          600           1 T
#   0 Process grid  24   2   1
           2           3           2
           4           3           2
           5           3           2
           6           3           2
           7           3           2
           8           3           2
           9           3           2
          10           3           2
          11           3           2
          12           3           2
          13           3           2
          14           3           2
          15           3           2
          16           3           2
          17           3           2
          18           3           2
          19           3           2
          20           3           2
          21           3           2
          23           3           2
          24           3           2
          25           3           2
          26           3           2
          27           3           2
          28           3           2
          29           3           2
          30           3           2
          31           3           2
          32           3           2
          33           3           2
          34           3           2
          35           3           2
          36           3           2
          37           3           2
          38           3           2
          39           3           2
          41           3           2
          42           3           2
          43           3           2
          44           3           2
          45           3           2
          46           3           2
          47           3           2
           0           3           2
#   0  Allocated 2 arrays with a total of  3490.68      Mbytes 
           1           3           2
           3           3           2
          22           3           2
          40           3           2
# StartResidual    0.00000000000    
  4  Maxtime , Mintime + JacobiMi , JacobiMa    4.10528681600        4.10519076900        3.81920541900        3.98671434400       Residual    74089999.9415      MLUPs    2525.52390727    
  4  Maxtime , Mintime + JacobiMi , JacobiMa    4.10348016900        4.10346327300        3.81937463200        3.98727050300       Residual    12333333.3332      MLUPs    2526.63582447    
  4  Maxtime , Mintime + JacobiMi , JacobiMa    4.10408787400        4.10406584300        3.81788864400        3.98755937500       Residual    2626543.20907      MLUPs    2526.26169768    
  4  Maxtime , Mintime + JacobiMi , JacobiMa    4.10464056300        4.10462407200        3.82040731400        3.98823738100       Residual    780349.794049      MLUPs    2525.92153707    
  4  Maxtime , Mintime + JacobiMi , JacobiMa    4.10390820100        4.10388501400        3.81937899000        3.98886632800       Residual    319594.478736      MLUPs    2526.37229982    
  4  Maxtime , Mintime + JacobiMi , JacobiMa    4.10538881900        4.10537172900        3.82018406500        3.98920691700       Residual    164663.166441      MLUPs    2525.46115779    
  4  Maxtime , Mintime + JacobiMi , JacobiMa    4.10503897600        4.10501577100        3.81939172700        3.98960171200       Residual    98012.9931205      MLUPs    2525.67638471    
  4  Maxtime , Mintime + JacobiMi , JacobiMa    4.10670349900        4.10669341500        3.81923021100        3.99065919100       Residual    63999.1651062      MLUPs    2524.65268129    
  4  Maxtime , Mintime + JacobiMi , JacobiMa    4.10849516200        4.10848658700        3.81945691300        3.99218795100       Residual    44537.2903721      MLUPs    2523.55171205    
  4  Maxtime , Mintime + JacobiMi , JacobiMa    4.10833491400        4.10831536300        3.82130473500        3.99286289700       Residual    32474.8375327      MLUPs    2523.65014465    
