# Threadlevel provided:        3 out of        0        1        2        3
  spat_dim , proc_dim, PBC ? 
           1 -Dim Input         1200           2 T
           2 -Dim Input          600           1 T
           3 -Dim Input         7200          12 T
#   0 Process grid   2   1  12
          22           3           2
          23           3           2
           0           3           2
#   0  Allocated 2 arrays with a total of  3490.68      Mbytes 
           1           3           2
           2           3           2
           3           3           2
           4           3           2
           5           3           2
           6           3           2
           7           3           2
           8           3           2
           9           3           2
          10           3           2
          11           3           2
          12           3           2
          13           3           2
          14           3           2
          15           3           2
          16           3           2
          17           3           2
          18           3           2
          19           3           2
          20           3           2
          21           3           2
# StartResidual    0.00000000000    
  4  Maxtime , Mintime + JacobiMi , JacobiMa    3.05992904100        3.05987544200        2.84931257000        2.96383164400       Residual    38049999.9700      MLUPs    1694.15693323    
  4  Maxtime , Mintime + JacobiMi , JacobiMa    3.05742131100        3.05741781400        2.84909523400        2.96388903600       Residual    6333333.33330      MLUPs    1695.54649905    
  4  Maxtime , Mintime + JacobiMi , JacobiMa    3.05811977700        3.05811490600        2.84860131800        2.96451180400       Residual    1348765.43169      MLUPs    1695.15924098    
  4  Maxtime , Mintime + JacobiMi , JacobiMa    3.05854587600        3.05854310000        2.84828900500        2.96503528000       Residual    400720.164523      MLUPs    1694.92308115    
  4  Maxtime , Mintime + JacobiMi , JacobiMa    3.05878504100        3.05877998800        2.84833362600        2.96526950100       Residual    164116.083676      MLUPs    1694.79055590    
  4  Maxtime , Mintime + JacobiMi , JacobiMa    3.05826440800        3.05824070400        2.84823917300        2.96473462200       Residual    84556.7611452      MLUPs    1695.07907375    
  4  Maxtime , Mintime + JacobiMi , JacobiMa    3.05922743600        3.05922249300        2.84907776200        2.96558347800       Residual    50330.9964674      MLUPs    1694.54547217    
  4  Maxtime , Mintime + JacobiMi , JacobiMa    3.05880552300        3.05880076500        2.84935137900        2.96524789000       Residual    32864.4361354      MLUPs    1694.77920745    
  4  Maxtime , Mintime + JacobiMi , JacobiMa    3.05901403500        3.05901075100        2.84945564500        2.96545691100       Residual    22870.5004613      MLUPs    1694.66368597    
  4  Maxtime , Mintime + JacobiMi , JacobiMa    3.05891189200        3.05890768600        2.85020663600        2.96533668700       Residual    16676.2679219      MLUPs    1694.72027408    
