# Threadlevel provided:        3 out of        0        1        2        3
  spat_dim , proc_dim, PBC ? 
           1 -Dim Input         1200           2 T
           2 -Dim Input          600           1 T
           3 -Dim Input         7200          12 T
#   0 Process grid   2   1  12
           0           3           2
           1           3           2
           2           3           2
           3           3           2
           4           3           2
           5           3           2
           6           3           2
           7           3           2
           8           3           2
           9           3           2
          10           3           2
          11           3           2
          12           3           2
          13           3           2
          14           3           2
          15           3           2
          16           3           2
          17           3           2
          18           3           2
          19           3           2
          20           3           2
          21           3           2
          22           3           2
          23           3           2
#   0  Allocated 2 arrays with a total of  3490.68      Mbytes 
# StartResidual    0.00000000000    
  4  Maxtime , Mintime + JacobiMi , JacobiMa    3.05847456400        3.05823645200        2.84987479800        2.96048747600       Residual    38049999.9700      MLUPs    1694.96260032    
  4  Maxtime , Mintime + JacobiMi , JacobiMa    3.05707055600        3.05705812200        2.85022971200        2.96126314500       Residual    6333333.33330      MLUPs    1695.74103870    
  4  Maxtime , Mintime + JacobiMi , JacobiMa    3.05739206700        3.05738272700        2.84970176100        2.96154252500       Residual    1348765.43169      MLUPs    1695.56271698    
  4  Maxtime , Mintime + JacobiMi , JacobiMa    3.05660260400        3.05658878400        2.84987902300        2.96087786500       Residual    400720.164523      MLUPs    1696.00064896    
  4  Maxtime , Mintime + JacobiMi , JacobiMa    3.05657189500        3.05656668500        2.85012505900        2.96076860800       Residual    164116.083676      MLUPs    1696.01768847    
  4  Maxtime , Mintime + JacobiMi , JacobiMa    3.05700778900        3.05699086000        2.85098191200        2.96136157600       Residual    84556.7611452      MLUPs    1695.77585594    
  4  Maxtime , Mintime + JacobiMi , JacobiMa    3.05598199200        3.05597526800        2.85038738900        2.96043254700       Residual    50330.9964674      MLUPs    1696.34507454    
  4  Maxtime , Mintime + JacobiMi , JacobiMa    3.05657954900        3.05657154200        2.85032150300        2.96076024700       Residual    32864.4361354      MLUPs    1696.01344146    
  4  Maxtime , Mintime + JacobiMi , JacobiMa    3.05713120000        3.05712038900        2.85014177800        2.96139704700       Residual    22870.5004613      MLUPs    1695.70740045    
  4  Maxtime , Mintime + JacobiMi , JacobiMa    3.05624572600        3.05624076300        2.85049431000        2.96062362800       Residual    16676.2679219      MLUPs    1696.19869106    
