# Threadlevel provided:        3 out of        0        1        2        3
  spat_dim , proc_dim, PBC ? 
           1 -Dim Input          600           1 T
           2 -Dim Input         3600           6 T
           3 -Dim Input         2400           4 T
#   0 Process grid   1   6   4
           0           3           2
           4           3           2
           5           3           2
           6           3           2
           7           3           2
           8           3           2
           9           3           2
          10           3           2
          11           3           2
          12           3           2
          13           3           2
          14           3           2
          15           3           2
          16           3           2
          17           3           2
          18           3           2
          19           3           2
          20           3           2
          21           3           2
          22           3           2
          23           3           2
#   0  Allocated 2 arrays with a total of  3490.68      Mbytes 
           1           3           2
           2           3           2
           3           3           2
# StartResidual    0.00000000000    
  4  Maxtime , Mintime + JacobiMi , JacobiMa    3.05839591900        3.05807642700        2.85415013700        2.96097973500       Residual    34036666.6397      MLUPs    1695.00618536    
  4  Maxtime , Mintime + JacobiMi , JacobiMa    3.05780337900        3.05779977600        2.85316796100        2.96292176900       Residual    5666666.66664      MLUPs    1695.33464303    
  4  Maxtime , Mintime + JacobiMi , JacobiMa    3.05690342500        3.05689891400        2.85346699800        2.96155549100       Residual    1206790.12309      MLUPs    1695.83375046    
  4  Maxtime , Mintime + JacobiMi , JacobiMa    3.05742209500        3.05740757800        2.85373813100        2.96322749200       Residual    358539.094582      MLUPs    1695.54606427    
  4  Maxtime , Mintime + JacobiMi , JacobiMa    3.05672688200        3.05669911600        2.85203014700        2.96151449400       Residual    146840.706447      MLUPs    1695.93169430    
  4  Maxtime , Mintime + JacobiMi , JacobiMa    3.05709591700        3.05708502700        2.85195744900        2.96226154000       Residual    75656.0494446      MLUPs    1695.72697120    
  4  Maxtime , Mintime + JacobiMi , JacobiMa    3.05736042400        3.05734419700        2.85036342800        2.96228101600       Residual    45032.9968395      MLUPs    1695.58026568    
  4  Maxtime , Mintime + JacobiMi , JacobiMa    3.05758561200        3.05758253500        2.85098225700        2.96275770900       Residual    29405.0218051      MLUPs    1695.45538796    
  4  Maxtime , Mintime + JacobiMi , JacobiMa    3.05657883700        3.05657431100        2.85251046000        2.96130449700       Residual    20463.0793599      MLUPs    1696.01383653    
  4  Maxtime , Mintime + JacobiMi , JacobiMa    3.05806437000        3.05806178500        2.85269892500        2.96318525000       Residual    14920.8712983      MLUPs    1695.18995442    
