# Threadlevel provided:        3 out of        0        1        2        3
  spat_dim , proc_dim, PBC ? 
           1 -Dim Input         2400           4 T
           2 -Dim Input         1800           3 T
           3 -Dim Input          600           1 T
#   0 Process grid   4   3   1
          11           3           2
           0           3           2
#   0  Allocated 2 arrays with a total of  3490.68      Mbytes 
           1           3           2
           2           3           2
           3           3           2
           4           3           2
           5           3           2
           6           3           2
           7           3           2
           8           3           2
           9           3           2
          10           3           2
# StartResidual    0.00000000000    
  4  Maxtime , Mintime + JacobiMi , JacobiMa    3.04919837900        3.04900880200        2.94321141200        2.95418181200       Residual    19026666.6516      MLUPs    850.059483781    
  4  Maxtime , Mintime + JacobiMi , JacobiMa    3.04764156000        3.04763623300        2.94470050500        2.95506992700       Residual    3166666.66665      MLUPs    850.493717509    
  4  Maxtime , Mintime + JacobiMi , JacobiMa    3.04961196700        3.04960878100        2.94651148000        2.95699919100       Residual    674382.715837      MLUPs    849.944198819    
  4  Maxtime , Mintime + JacobiMi , JacobiMa    3.04800239900        3.04799557100        2.94484931700        2.95547580100       Residual    200360.082258      MLUPs    850.393031466    
  4  Maxtime , Mintime + JacobiMi , JacobiMa    3.05042518000        3.05041881600        2.94685067500        2.95784027100       Residual    82058.0418381      MLUPs    849.717612153    
  4  Maxtime , Mintime + JacobiMi , JacobiMa    3.04981679300        3.04980495300        2.94685152400        2.95731449100       Residual    42278.3805730      MLUPs    849.887116482    
  4  Maxtime , Mintime + JacobiMi , JacobiMa    3.05004036300        3.05003203400        2.94687058900        2.95748162600       Residual    25165.4982338      MLUPs    849.824819187    
  4  Maxtime , Mintime + JacobiMi , JacobiMa    3.04825801500        3.04824900500        2.94523105200        2.95572652900       Residual    16432.2180677      MLUPs    850.321720552    
  4  Maxtime , Mintime + JacobiMi , JacobiMa    3.04829996100        3.04829103700        2.94493107700        2.95551037900       Residual    11435.2502304      MLUPs    850.310019736    
  4  Maxtime , Mintime + JacobiMi , JacobiMa    3.05126564900        3.05126178400        2.94769998800        2.95875615900       Residual    8338.13396113      MLUPs    849.483558028    
