# Threadlevel provided:        3 out of        0        1        2        3
  spat_dim , proc_dim, PBC ? 
           1 -Dim Input         7200          12 T
           2 -Dim Input          600           1 T
           3 -Dim Input         2400           4 T
#   0 Process grid  12   1   4
           8           3           2
          10           3           2
          12           3           2
          14           3           2
          16           3           2
          18           3           2
          20           3           2
          22           3           2
          24           3           2
          26           3           2
          28           3           2
          30           3           2
          32           3           2
          34           3           2
          38           3           2
          40           3           2
          42           3           2
          44           3           2
          46           3           2
           0           3           2
#   0  Allocated 2 arrays with a total of  3490.68      Mbytes 
           2           3           2
           4           3           2
           6           3           2
          36           3           2
           1           3           2
           3           3           2
           5           3           2
           7           3           2
           9           3           2
          11           3           2
          13           3           2
          15           3           2
          17           3           2
          19           3           2
          21           3           2
          23           3           2
          25           3           2
          27           3           2
          29           3           2
          31           3           2
          33           3           2
          35           3           2
          37           3           2
          39           3           2
          41           3           2
          43           3           2
          45           3           2
          47           3           2
# StartResidual    0.00000000000    
  4  Maxtime , Mintime + JacobiMi , JacobiMa    2.00135678200        2.00011801100        1.88247978900        1.91957840200       Residual    64056666.6158      MLUPs    5180.48560519    
  4  Maxtime , Mintime + JacobiMi , JacobiMa    1.97277423900        1.97275576700        1.88189741100        1.91900187600       Residual    10666666.6666      MLUPs    5255.54307991    
  4  Maxtime , Mintime + JacobiMi , JacobiMa    1.97324851700        1.96871676500        1.88266735900        1.92000762400       Residual    2271604.93757      MLUPs    5254.27988957    
  4  Maxtime , Mintime + JacobiMi , JacobiMa    1.97233769600        1.97233075600        1.88207839000        1.91916733900       Residual    674897.119176      MLUPs    5256.70630391    
  4  Maxtime , Mintime + JacobiMi , JacobiMa    1.97241530600        1.97240722300        1.88217797500        1.91903088200       Residual    276406.035663      MLUPs    5256.49946462    
  4  Maxtime , Mintime + JacobiMi , JacobiMa    1.97758462300        1.97757314000        1.88200832900        1.92466940200       Residual    142411.387192      MLUPs    5242.75921213    
  4  Maxtime , Mintime + JacobiMi , JacobiMa    1.97236320700        1.97235016800        1.88232118500        1.91891026900       Residual    84767.9940500      MLUPs    5256.63831246    
  4  Maxtime , Mintime + JacobiMi , JacobiMa    1.97222459400        1.97221238300        1.88181813800        1.91842270900       Residual    55350.6292810      MLUPs    5257.00776247    
  4  Maxtime , Mintime + JacobiMi , JacobiMa    1.97289561800        1.97288143400        1.88254329500        1.91926253100       Residual    38518.7376189      MLUPs    5255.21974169    
  4  Maxtime , Mintime + JacobiMi , JacobiMa    1.97237402200        1.97216284700        1.88200633600        1.91882473000       Residual    28086.3459739      MLUPs    5256.60948905    
