# Threadlevel provided:        3 out of        0        1        2        3
  spat_dim , proc_dim, PBC ? 
           1 -Dim Input         7200          12 T
           2 -Dim Input          600           1 T
           3 -Dim Input         2400           4 T
#   0 Process grid  12   1   4
          14           3           2
          16           3           2
          18           3           2
          20           3           2
          22           3           2
          24           3           2
          26           3           2
          28           3           2
          30           3           2
          32           3           2
          34           3           2
          36           3           2
          38           3           2
          40           3           2
          42           3           2
          44           3           2
          46           3           2
           0           3           2
           2           3           2
           4           3           2
           6           3           2
           8           3           2
          10           3           2
          12           3           2
#   0  Allocated 2 arrays with a total of  3490.68      Mbytes 
           1           3           2
           3           3           2
           5           3           2
           7           3           2
           9           3           2
          11           3           2
          13           3           2
          15           3           2
          17           3           2
          19           3           2
          21           3           2
          23           3           2
          25           3           2
          27           3           2
          29           3           2
          31           3           2
          33           3           2
          35           3           2
          37           3           2
          39           3           2
          41           3           2
          43           3           2
          45           3           2
          47           3           2
# StartResidual    0.00000000000    
  4  Maxtime , Mintime + JacobiMi , JacobiMa    1.99295742600        1.99171314900        1.88182706600        1.92301311800       Residual    64056666.6158      MLUPs    5202.31885776    
  4  Maxtime , Mintime + JacobiMi , JacobiMa    1.97940179900        1.97937916900        1.88150802600        1.92717481300       Residual    10666666.6666      MLUPs    5237.94613364    
  4  Maxtime , Mintime + JacobiMi , JacobiMa    1.97465911700        1.97463423100        1.88162425300        1.92078222000       Residual    2271604.93757      MLUPs    5250.52648872    
  4  Maxtime , Mintime + JacobiMi , JacobiMa    1.99326084200        1.99321766700        1.89560476600        1.93898129300       Residual    674897.119176      MLUPs    5201.52695600    
  4  Maxtime , Mintime + JacobiMi , JacobiMa    1.97041142000        1.97039738800        1.88267974500        1.91655120500       Residual    276406.035663      MLUPs    5261.84526478    
  4  Maxtime , Mintime + JacobiMi , JacobiMa    1.97690910900        1.97689893800        1.88253594100        1.92318388400       Residual    142411.387192      MLUPs    5244.55067398    
  4  Maxtime , Mintime + JacobiMi , JacobiMa    1.97463978200        1.97461164700        1.88392931100        1.92070346600       Residual    84767.9940500      MLUPs    5250.57790009    
  4  Maxtime , Mintime + JacobiMi , JacobiMa    1.97314162900        1.97311978600        1.88420314200        1.91869651600       Residual    55350.6292810      MLUPs    5254.56452168    
  4  Maxtime , Mintime + JacobiMi , JacobiMa    1.97198927100        1.97197379600        1.88346305200        1.91659920800       Residual    38518.7376189      MLUPs    5257.63509593    
  4  Maxtime , Mintime + JacobiMi , JacobiMa    1.97139632200        1.97138118300        1.88454800800        1.91745346700       Residual    28086.3459739      MLUPs    5259.21646718    
