# Threadlevel provided:        3 out of        0        1        2        3
  spat_dim , proc_dim, PBC ? 
           1 -Dim Input         7200          12 T
           2 -Dim Input          600           1 T
           3 -Dim Input         2400           4 T
#   0 Process grid  12   1   4
          14           3           2
          16           3           2
          18           3           2
          20           3           2
          22           3           2
          24           3           2
          26           3           2
          28           3           2
          30           3           2
          32           3           2
          34           3           2
          36           3           2
          38           3           2
          40           3           2
          42           3           2
          44           3           2
          46           3           2
           0           3           2
#   0  Allocated 2 arrays with a total of  3490.68      Mbytes 
           2           3           2
           4           3           2
           6           3           2
           8           3           2
          10           3           2
          12           3           2
           1           3           2
           3           3           2
           5           3           2
           9           3           2
          11           3           2
          13           3           2
          17           3           2
          19           3           2
          21           3           2
          25           3           2
          27           3           2
          29           3           2
          33           3           2
          35           3           2
          37           3           2
          41           3           2
          43           3           2
          45           3           2
           7           3           2
          15           3           2
          23           3           2
          31           3           2
          47           3           2
          39           3           2
# StartResidual    0.00000000000    
  4  Maxtime , Mintime + JacobiMi , JacobiMa    1.99645693700        1.99640584000        1.88341001200        1.93596604200       Residual    64056666.6158      MLUPs    5193.19991724    
  4  Maxtime , Mintime + JacobiMi , JacobiMa    1.98155444100        1.98154021400        1.88290397300        1.92961968700       Residual    10666666.6666      MLUPs    5232.25594285    
  4  Maxtime , Mintime + JacobiMi , JacobiMa    1.98018662100        1.98017183500        1.88296984000        1.92844762600       Residual    2271604.93757      MLUPs    5235.87013974    
  4  Maxtime , Mintime + JacobiMi , JacobiMa    1.98129782200        1.98129144900        1.88287422900        1.92927182500       Residual    674897.119176      MLUPs    5232.93362809    
  4  Maxtime , Mintime + JacobiMi , JacobiMa    1.98023397800        1.98021966600        1.88307249500        1.92778741900       Residual    276406.035663      MLUPs    5235.74492468    
  4  Maxtime , Mintime + JacobiMi , JacobiMa    1.98145723100        1.98144788900        1.88264946300        1.92951553200       Residual    142411.387192      MLUPs    5232.51263655    
  4  Maxtime , Mintime + JacobiMi , JacobiMa    1.98040664100        1.98039788300        1.88290509500        1.92856332900       Residual    84767.9940500      MLUPs    5235.28844297    
  4  Maxtime , Mintime + JacobiMi , JacobiMa    1.98066725500        1.98064776800        1.88291074600        1.92827652500       Residual    55350.6292810      MLUPs    5234.59958952    
  4  Maxtime , Mintime + JacobiMi , JacobiMa    1.98126595700        1.98124229000        1.88403540100        1.92929280200       Residual    38518.7376189      MLUPs    5233.01779015    
  4  Maxtime , Mintime + JacobiMi , JacobiMa    1.98041423000        1.98040574800        1.88489727000        1.92779730000       Residual    28086.3459739      MLUPs    5235.26838120    
