# Threadlevel provided:        3 out of        0        1        2        3
  spat_dim , proc_dim, PBC ? 
           1 -Dim Input         7200          12 T
           2 -Dim Input          600           1 T
           3 -Dim Input         1200           2 T
#   0 Process grid  12   1   2
           0           3           2
           2           3           2
           4           3           2
           5           3           2
           6           3           2
           7           3           2
           8           3           2
           9           3           2
          10           3           2
          11           3           2
          12           3           2
          13           3           2
          14           3           2
          15           3           2
          16           3           2
          17           3           2
          18           3           2
          19           3           2
          20           3           2
          21           3           2
          22           3           2
          23           3           2
#   0  Allocated 2 arrays with a total of  3490.68      Mbytes 
           1           3           2
           3           3           2
# StartResidual    0.00000000000    
  4  Maxtime , Mintime + JacobiMi , JacobiMa    3.06531123900        3.06525050300        2.85217359800        2.96992212600       Residual    38049999.9700      MLUPs    1691.18226366    
  4  Maxtime , Mintime + JacobiMi , JacobiMa    3.06350409100        3.06350011600        2.85098138000        2.97037329600       Residual    6333333.33329      MLUPs    1692.17988487    
  4  Maxtime , Mintime + JacobiMi , JacobiMa    3.06270061300        3.06269845600        2.85009991600        2.96962014800       Residual    1348765.43168      MLUPs    1692.62381638    
  4  Maxtime , Mintime + JacobiMi , JacobiMa    3.06357157500        3.06356150700        2.84998617300        2.97048587900       Residual    400720.164513      MLUPs    1692.14260973    
  4  Maxtime , Mintime + JacobiMi , JacobiMa    3.06318237300        3.06316645400        2.85010255700        2.97012313200       Residual    164116.083675      MLUPs    1692.35761008    
  4  Maxtime , Mintime + JacobiMi , JacobiMa    3.06325648100        3.06324581300        2.85062925000        2.97018637700       Residual    84556.7611456      MLUPs    1692.31666762    
  4  Maxtime , Mintime + JacobiMi , JacobiMa    3.06363808400        3.06363506500        2.85036842500        2.97045961500       Residual    50330.9964674      MLUPs    1692.10587474    
  4  Maxtime , Mintime + JacobiMi , JacobiMa    3.06261364100        3.06260261600        2.85099770100        2.96952561100       Residual    32864.4361356      MLUPs    1692.67188345    
  4  Maxtime , Mintime + JacobiMi , JacobiMa    3.06356869500        3.06355095700        2.85115084300        2.97043598200       Residual    22870.5004612      MLUPs    1692.14420047    
  4  Maxtime , Mintime + JacobiMi , JacobiMa    3.06396137400        3.06395825200        2.85194770800        2.97095271400       Residual    16676.2679222      MLUPs    1691.92733433    
