# Threadlevel provided:        3 out of        0        1        2        3
  spat_dim , proc_dim, PBC ? 
           1 -Dim Input         1800           3 T
           2 -Dim Input          600           1 T
           3 -Dim Input         4800           8 T
#   0 Process grid   3   1   8
          12           3           2
          14           3           2
          16           3           2
          18           3           2
          20           3           2
          22           3           2
           0           3           2
#   0  Allocated 2 arrays with a total of  3490.68      Mbytes 
           2           3           2
           4           3           2
           6           3           2
           8           3           2
          10           3           2
           1           3           2
           5           3           2
           9           3           2
          13           3           2
          17           3           2
          21           3           2
           3           3           2
           7           3           2
          11           3           2
          15           3           2
          19           3           2
          23           3           2
# StartResidual    0.00000000000    
  4  Maxtime , Mintime + JacobiMi , JacobiMa    1.94715376900        1.94693718800        1.88160168100        1.88738443100       Residual    35039999.9723      MLUPs    2662.34751591    
  4  Maxtime , Mintime + JacobiMi , JacobiMa    1.93914434500        1.93912323700        1.88124159500        1.88802407100       Residual    5833333.33330      MLUPs    2673.34405165    
  4  Maxtime , Mintime + JacobiMi , JacobiMa    1.93882842300        1.93881410300        1.88092521800        1.88758987200       Residual    1242283.95024      MLUPs    2673.77965915    
  4  Maxtime , Mintime + JacobiMi , JacobiMa    1.93853760200        1.93852999800        1.88127282400        1.88820387100       Residual    369084.362056      MLUPs    2674.18078177    
  4  Maxtime , Mintime + JacobiMi , JacobiMa    1.93845132200        1.93844683800        1.88091811100        1.88766977600       Residual    151159.550754      MLUPs    2674.29980891    
  4  Maxtime , Mintime + JacobiMi , JacobiMa    1.93893197100        1.93892745400        1.88110137800        1.88793732100       Residual    77881.2273706      MLUPs    2673.63686686    
  4  Maxtime , Mintime + JacobiMi , JacobiMa    1.93869346100        1.93868917700        1.88093184900        1.88765460100       Residual    46357.4967463      MLUPs    2673.96579412    
  4  Maxtime , Mintime + JacobiMi , JacobiMa    1.93890043700        1.93888748200        1.88110411600        1.88780794400       Residual    30269.8753879      MLUPs    2673.68035051    
  4  Maxtime , Mintime + JacobiMi , JacobiMa    1.93827771100        1.93826287200        1.88094337600        1.88770228400       Residual    21064.9346353      MLUPs    2674.53934520    
  4  Maxtime , Mintime + JacobiMi , JacobiMa    1.93879306500        1.93877890900        1.88119178100        1.88797298600       Residual    15359.7204545      MLUPs    2673.82842119    
