# Threadlevel provided:        3 out of        0        1        2        3
  spat_dim , proc_dim, PBC ? 
           1 -Dim Input         1200           2 T
           2 -Dim Input         1200           2 T
           3 -Dim Input          600           1 T
#   0 Process grid   2   2   1
           0           3           2
           2           3           2
           1           3           2
           3           3           2
#   0  Allocated 2 arrays with a total of  3490.68      Mbytes 
# StartResidual    0.00000000000    
  4  Maxtime , Mintime + JacobiMi , JacobiMa    1.93898300700        1.93898167300        1.88599966400        1.89043938000       Residual    8016666.66038      MLUPs    445.594415671    
  4  Maxtime , Mintime + JacobiMi , JacobiMa    1.93649581500        1.93649461000        1.88548334500        1.89024156800       Residual    1333333.33333      MLUPs    446.166727192    
  4  Maxtime , Mintime + JacobiMi , JacobiMa    1.93673309900        1.93673242900        1.88580665100        1.89050016700       Residual    283950.617189      MLUPs    446.112063891    
  4  Maxtime , Mintime + JacobiMi , JacobiMa    1.93649299100        1.93649224900        1.88555447500        1.89027145400       Residual    84362.1398990      MLUPs    446.167377840    
  4  Maxtime , Mintime + JacobiMi , JacobiMa    1.93693883700        1.93693773300        1.88591829800        1.89064643600       Residual    34550.7544587      MLUPs    446.064678706    
  4  Maxtime , Mintime + JacobiMi , JacobiMa    1.93670386000        1.93670301600        1.88572510500        1.89046140100       Residual    17801.4233996      MLUPs    446.118798978    
  4  Maxtime , Mintime + JacobiMi , JacobiMa    1.93683969200        1.93683931300        1.88576199800        1.89060783400       Residual    10595.9992565      MLUPs    446.087512337    
  4  Maxtime , Mintime + JacobiMi , JacobiMa    1.93667646900        1.93667551600        1.88572316000        1.89041580900       Residual    6918.82866006      MLUPs    446.125108571    
  4  Maxtime , Mintime + JacobiMi , JacobiMa    1.93666452000        1.93666344300        1.88581653300        1.89046200800       Residual    4814.84220210      MLUPs    446.127861112    
  4  Maxtime , Mintime + JacobiMi , JacobiMa    1.93682331500        1.93682234000        1.88567855500        1.89050176200       Residual    3510.79324689      MLUPs    446.091284274    
