# Threadlevel provided:        3 out of        0        1        2        3
  spat_dim , proc_dim, PBC ? 
           1 -Dim Input         3600           6 T
           2 -Dim Input         1200           2 T
           3 -Dim Input         2400           4 T
#   0 Process grid   6   2   4
           2           3           2
           4           3           2
           6           3           2
           8           3           2
          10           3           2
          12           3           2
          14           3           2
          16           3           2
          18           3           2
          20           3           2
          22           3           2
          24           3           2
          26           3           2
          30           3           2
          32           3           2
          34           3           2
          36           3           2
          38           3           2
          40           3           2
          42           3           2
          44           3           2
          46           3           2
           0           3           2
#   0  Allocated 2 arrays with a total of  3490.68      Mbytes 
          28           3           2
           1           3           2
           5           3           2
           7           3           2
           9           3           2
          11           3           2
          13           3           2
          15           3           2
          17           3           2
          19           3           2
          21           3           2
          23           3           2
          27           3           2
          29           3           2
          31           3           2
          33           3           2
          35           3           2
          37           3           2
          39           3           2
          41           3           2
          43           3           2
          45           3           2
          47           3           2
          25           3           2
           3           3           2
# StartResidual    0.00000000000    
  4  Maxtime , Mintime + JacobiMi , JacobiMa    2.01345144500        2.01335529400        1.88495875300        1.92368822800       Residual    44039999.9650      MLUPs    5149.36678793    
  4  Maxtime , Mintime + JacobiMi , JacobiMa    1.97990319900        1.97970923600        1.88462108900        1.92237822500       Residual    7333333.33329      MLUPs    5236.61965152    
  4  Maxtime , Mintime + JacobiMi , JacobiMa    1.98273844900        1.98272554400        1.88464617900        1.92621905100       Residual    1561728.39458      MLUPs    5229.13145969    
  4  Maxtime , Mintime + JacobiMi , JacobiMa    1.98025194500        1.98023859600        1.88487365800        1.92306891500       Residual    463991.769434      MLUPs    5235.69742031    
  4  Maxtime , Mintime + JacobiMi , JacobiMa    1.97978964000        1.97977042700        1.88493955400        1.92280262900       Residual    190029.149518      MLUPs    5236.92001944    
  4  Maxtime , Mintime + JacobiMi , JacobiMa    1.97948449500        1.97947031500        1.88490544600        1.92217641900       Residual    97907.8286944      MLUPs    5237.72731041    
  4  Maxtime , Mintime + JacobiMi , JacobiMa    1.98044860900        1.98042645500        1.88480550800        1.92296873300       Residual    58277.9959096      MLUPs    5235.17750114    
  4  Maxtime , Mintime + JacobiMi , JacobiMa    1.97985057500        1.97983787600        1.88465989000        1.92334442300       Residual    38053.5576307      MLUPs    5236.75883974    
  4  Maxtime , Mintime + JacobiMi , JacobiMa    1.98386088100        1.98385009100        1.88514162200        1.92640755500       Residual    26481.6321129      MLUPs    5226.17291328    
  4  Maxtime , Mintime + JacobiMi , JacobiMa    1.98200807100        1.98200259500        1.88782433300        1.92525697000       Residual    19309.3628569      MLUPs    5231.05841581    
