# Threadlevel provided:        3 out of        0        1        2        3
  spat_dim , proc_dim, PBC ? 
           1 -Dim Input         3600           6 T
           2 -Dim Input         1200           2 T
           3 -Dim Input         2400           4 T
#   0 Process grid   6   2   4
          20           3           2
          22           3           2
          24           3           2
          26           3           2
          28           3           2
          30           3           2
          32           3           2
          34           3           2
          36           3           2
          38           3           2
          40           3           2
          42           3           2
          44           3           2
          46           3           2
           0           3           2
#   0  Allocated 2 arrays with a total of  3490.68      Mbytes 
           2           3           2
           4           3           2
           6           3           2
           8           3           2
          10           3           2
          12           3           2
          14           3           2
          16           3           2
          18           3           2
           1           3           2
           3           3           2
           5           3           2
           7           3           2
           9           3           2
          11           3           2
          13           3           2
          15           3           2
          17           3           2
          19           3           2
          21           3           2
          23           3           2
          25           3           2
          27           3           2
          29           3           2
          31           3           2
          33           3           2
          35           3           2
          37           3           2
          39           3           2
          41           3           2
          43           3           2
          45           3           2
          47           3           2
# StartResidual    0.00000000000    
  4  Maxtime , Mintime + JacobiMi , JacobiMa    1.99498632600        1.99394327300        1.88401469800        1.92782098900       Residual    44039999.9650      MLUPs    5197.02810234    
  4  Maxtime , Mintime + JacobiMi , JacobiMa    1.98823094900        1.98822019500        1.88470985100        1.93154529300       Residual    7333333.33329      MLUPs    5214.68595246    
  4  Maxtime , Mintime + JacobiMi , JacobiMa    1.98752457400        1.98749877100        1.88443311700        1.93055773400       Residual    1561728.39458      MLUPs    5216.53927485    
  4  Maxtime , Mintime + JacobiMi , JacobiMa    1.98795482600        1.98793394400        1.88405357600        1.93056125600       Residual    463991.769434      MLUPs    5215.41026204    
  4  Maxtime , Mintime + JacobiMi , JacobiMa    1.98756358300        1.98754038100        1.88423968300        1.93077593800       Residual    190029.149518      MLUPs    5216.43689222    
  4  Maxtime , Mintime + JacobiMi , JacobiMa    1.98769417200        1.98768328200        1.88427955400        1.93074376200       Residual    97907.8286944      MLUPs    5216.09417890    
  4  Maxtime , Mintime + JacobiMi , JacobiMa    1.98782038400        1.98779444500        1.88428461700        1.93073880900       Residual    58277.9959096      MLUPs    5215.76299521    
  4  Maxtime , Mintime + JacobiMi , JacobiMa    1.98785491600        1.98784301000        1.88388472400        1.93088036200       Residual    38053.5576307      MLUPs    5215.67238964    
  4  Maxtime , Mintime + JacobiMi , JacobiMa    1.98701833500        1.98700892600        1.88437444400        1.93002961700       Residual    26481.6321129      MLUPs    5217.86830920    
  4  Maxtime , Mintime + JacobiMi , JacobiMa    1.98824377900        1.98822886200        1.88389348800        1.93122513400       Residual    19309.3628569      MLUPs    5214.65230245    
