# Threadlevel provided:        3 out of        0        1        2        3
  spat_dim , proc_dim, PBC ? 
           1 -Dim Input          600           1 T
           2 -Dim Input         1800           3 T
           3 -Dim Input         9600          16 T
#   0 Process grid   1   3  16
          11           3           2
          12           3           2
          14           3           2
          15           3           2
          16           3           2
          17           3           2
          18           3           2
          19           3           2
          20           3           2
          22           3           2
          23           3           2
          25           3           2
          26           3           2
          28           3           2
          30           3           2
          31           3           2
          33           3           2
          34           3           2
          35           3           2
          36           3           2
          38           3           2
          39           3           2
          41           3           2
          42           3           2
          44           3           2
          46           3           2
          47           3           2
           0           3           2
#   0  Allocated 2 arrays with a total of  3490.68      Mbytes 
           1           3           2
           2           3           2
           3           3           2
           4           3           2
           6           3           2
           7           3           2
           9           3           2
          10           3           2
          27           3           2
          43           3           2
          21           3           2
          29           3           2
          37           3           2
          45           3           2
           5           3           2
          13           3           2
          32           3           2
           8           3           2
          24           3           2
          40           3           2
# StartResidual    0.00000000000    
  4  Maxtime , Mintime + JacobiMi , JacobiMa    4.10210944700        4.10185396400        3.81880249000        3.98853257800       Residual    67066666.6135      MLUPs    2527.48010114    
  4  Maxtime , Mintime + JacobiMi , JacobiMa    4.10909625400        4.10907316700        3.81836440900        4.00364834700       Residual    11166666.6666      MLUPs    2523.18255867    
  4  Maxtime , Mintime + JacobiMi , JacobiMa    4.10951586300        4.10947683300        3.81844994200        4.00407695700       Residual    2378086.41904      MLUPs    2522.92492489    
  4  Maxtime , Mintime + JacobiMi , JacobiMa    4.22244094700        4.21508956900        3.81826543200        4.00374942000       Residual    706532.921676      MLUPs    2455.45174702    
  4  Maxtime , Mintime + JacobiMi , JacobiMa    4.10862164900        4.10858278500        3.81758005400        4.00314020000       Residual    289362.568585      MLUPs    2523.47402261    
  4  Maxtime , Mintime + JacobiMi , JacobiMa    4.10882445600        4.10880896700        3.81874160000        4.00343922800       Residual    149086.920963      MLUPs    2523.34946675    
  4  Maxtime , Mintime + JacobiMi , JacobiMa    4.10937302400        4.10934041900        3.81760247600        4.00394163900       Residual    88741.4937718      MLUPs    2523.01262004    
  4  Maxtime , Mintime + JacobiMi , JacobiMa    4.11000999500        4.10998662700        3.81866033000        4.00465618500       Residual    57945.1900278      MLUPs    2522.62160253    
  4  Maxtime , Mintime + JacobiMi , JacobiMa    4.10982842500        4.10980441300        3.81942472700        4.00438672900       Residual    40324.3034450      MLUPs    2522.73305059    
  4  Maxtime , Mintime + JacobiMi , JacobiMa    4.09439877100        4.09435091300        3.82044349600        3.98277064600       Residual    29402.8934406      MLUPs    2532.23991601    
