# Threadlevel provided:        3 out of        0        1        2        3
  spat_dim , proc_dim, PBC ? 
           1 -Dim Input        28800          48 T
           2 -Dim Input          600           1 T
           3 -Dim Input          600           1 T
#   0 Process grid  48   1   1
           6           3           2
           7           3           2
           8           3           2
           9           3           2
          10           3           2
          11           3           2
          13           3           2
          14           3           2
          15           3           2
          16           3           2
          17           3           2
          18           3           2
          19           3           2
          21           3           2
          22           3           2
          23           3           2
          24           3           2
          25           3           2
          26           3           2
          27           3           2
          29           3           2
          30           3           2
          32           3           2
          34           3           2
          35           3           2
          37           3           2
          38           3           2
          39           3           2
          40           3           2
          41           3           2
          42           3           2
          43           3           2
          45           3           2
          46           3           2
          47           3           2
           0           3           2
#   0  Allocated 2 arrays with a total of  3490.68      Mbytes 
           1           3           2
           2           3           2
           3           3           2
           5           3           2
          31           3           2
          33           3           2
           4           3           2
          12           3           2
          20           3           2
          28           3           2
          36           3           2
          44           3           2
# StartResidual    0.00000000000    
  4  Maxtime , Mintime + JacobiMi , JacobiMa    4.10691732700        4.10646261200        3.82167293500        3.99437416200       Residual    97166666.5904      MLUPs    2524.52123442    
  4  Maxtime , Mintime + JacobiMi , JacobiMa    4.10538029600        4.10535766000        3.82190179000        3.99524472700       Residual    16166666.6666      MLUPs    2525.46640079    
  4  Maxtime , Mintime + JacobiMi , JacobiMa    4.10616365500        4.10614652500        3.82224057700        3.99700814600       Residual    3442901.23349      MLUPs    2524.98460147    
  4  Maxtime , Mintime + JacobiMi , JacobiMa    4.10703497500        4.10701401700        3.82258611600        3.99653638300       Residual    1022890.94626      MLUPs    2524.44891829    
  4  Maxtime , Mintime + JacobiMi , JacobiMa    4.10270703300        4.10268807900        3.82233878700        3.99508688500       Residual    418927.897809      MLUPs    2527.11195720    
  4  Maxtime , Mintime + JacobiMi , JacobiMa    4.10732472800        4.10730991400        3.82228352200        3.99704957100       Residual    215842.258718      MLUPs    2524.27082994    
  4  Maxtime , Mintime + JacobiMi , JacobiMa    4.10752318200        4.10750965400        3.82219731000        3.99739029700       Residual    128476.490984      MLUPs    2524.14887040    
  4  Maxtime , Mintime + JacobiMi , JacobiMa    4.11030719300        4.11028109100        3.82222072000        4.00001320400       Residual    83890.7975040      MLUPs    2522.43920300    
  4  Maxtime , Mintime + JacobiMi , JacobiMa    4.11106698000        4.11104710800        3.82275193300        4.00050209800       Residual    58379.9617010      MLUPs    2521.97301830    
  4  Maxtime , Mintime + JacobiMi , JacobiMa    4.11295931300        4.11248266200        3.82351911100        4.00227185100       Residual    42568.3681188      MLUPs    2520.81268279    
