# Threadlevel provided:        3 out of        0        1        2        3
  spat_dim , proc_dim, PBC ? 
           1 -Dim Input        28800          48 T
           2 -Dim Input          600           1 T
           3 -Dim Input          600           1 T
#   0 Process grid  48   1   1
           8           3           2
           9           3           2
          10           3           2
          12           3           2
          13           3           2
          14           3           2
          16           3           2
          18           3           2
          19           3           2
          20           3           2
          21           3           2
          22           3           2
          23           3           2
          24           3           2
          26           3           2
          27           3           2
          29           3           2
          30           3           2
          32           3           2
          33           3           2
          34           3           2
          35           3           2
          36           3           2
          37           3           2
          38           3           2
          39           3           2
          41           3           2
          42           3           2
          43           3           2
          44           3           2
          45           3           2
           0           3           2
           1           3           2
           2           3           2
           3           3           2
           4           3           2
           5           3           2
           6           3           2
           7           3           2
          11           3           2
          15           3           2
          25           3           2
          31           3           2
          47           3           2
          28           3           2
          40           3           2
          46           3           2
#   0  Allocated 2 arrays with a total of  3490.68      Mbytes 
          17           3           2
# StartResidual    0.00000000000    
  4  Maxtime , Mintime + JacobiMi , JacobiMa    4.10596789100        4.10566672800        3.81927501700        3.99123881700       Residual    97166666.5904      MLUPs    2525.10498748    
  4  Maxtime , Mintime + JacobiMi , JacobiMa    4.10289498500        4.10287127800        3.81937341100        3.99181093000       Residual    16166666.6666      MLUPs    2526.99619120    
  4  Maxtime , Mintime + JacobiMi , JacobiMa    4.10227987900        4.10225563600        3.81919326000        3.98981027100       Residual    3442901.23349      MLUPs    2527.37509527    
  4  Maxtime , Mintime + JacobiMi , JacobiMa    4.10212383800        4.10210199900        3.82091523000        3.98975161700       Residual    1022890.94626      MLUPs    2527.47123428    
  4  Maxtime , Mintime + JacobiMi , JacobiMa    4.10322194200        4.10320374600        3.82017388100        3.99094163100       Residual    418927.897809      MLUPs    2526.79483259    
  4  Maxtime , Mintime + JacobiMi , JacobiMa    4.10313634700        4.10311822300        3.81998060300        3.99049538500       Residual    215842.258718      MLUPs    2526.84754373    
  4  Maxtime , Mintime + JacobiMi , JacobiMa    4.10374142200        4.10372215300        3.81979494000        3.99129308000       Residual    128476.490984      MLUPs    2526.47497340    
  4  Maxtime , Mintime + JacobiMi , JacobiMa    4.10495755700        4.10493399200        3.82058665200        3.99282603900       Residual    83890.7975040      MLUPs    2525.72647976    
  4  Maxtime , Mintime + JacobiMi , JacobiMa    4.10466370200        4.10463817900        3.82081408100        3.99236119700       Residual    58379.9617010      MLUPs    2525.90729783    
  4  Maxtime , Mintime + JacobiMi , JacobiMa    4.10537006700        4.10534822300        3.82301635000        3.99313418300       Residual    42568.3681188      MLUPs    2525.47269328    
