# Threadlevel provided:        3 out of        0        1        2        3
  spat_dim , proc_dim, PBC ? 
           1 -Dim Input        28800          48 T
           2 -Dim Input          600           1 T
           3 -Dim Input          600           1 T
#   0 Process grid  48   1   1
           1           3           2
           2           3           2
           3           3           2
           4           3           2
           5           3           2
           6           3           2
           7           3           2
           8           3           2
           9           3           2
          10           3           2
          11           3           2
          12           3           2
          13           3           2
          14           3           2
          15           3           2
          16           3           2
          17           3           2
          18           3           2
          19           3           2
          20           3           2
          21           3           2
          22           3           2
          23           3           2
          24           3           2
          26           3           2
          27           3           2
          28           3           2
          29           3           2
          30           3           2
          31           3           2
          32           3           2
          33           3           2
          34           3           2
          35           3           2
          36           3           2
          37           3           2
          38           3           2
          39           3           2
          40           3           2
          41           3           2
          42           3           2
          43           3           2
          44           3           2
          45           3           2
          46           3           2
          47           3           2
           0           3           2
#   0  Allocated 2 arrays with a total of  3490.68      Mbytes 
          25           3           2
# StartResidual    0.00000000000    
  4  Maxtime , Mintime + JacobiMi , JacobiMa    4.09822279200        4.09812012900        3.81927568900        3.98461432100       Residual    97166666.5904      MLUPs    2529.87710191    
  4  Maxtime , Mintime + JacobiMi , JacobiMa    4.09521813500        4.09520097900        3.81937568800        3.98504822100       Residual    16166666.6666      MLUPs    2531.73326993    
  4  Maxtime , Mintime + JacobiMi , JacobiMa    4.09586775600        4.09585480300        3.81798373500        3.98547302000       Residual    3442901.23349      MLUPs    2531.33172691    
  4  Maxtime , Mintime + JacobiMi , JacobiMa    4.09697611800        4.09696049200        3.81968828600        3.98663998200       Residual    1022890.94626      MLUPs    2530.64692138    
  4  Maxtime , Mintime + JacobiMi , JacobiMa    4.09586565000        4.09548829000        3.81888190000        3.98559207000       Residual    418927.897809      MLUPs    2531.33302846    
  4  Maxtime , Mintime + JacobiMi , JacobiMa    4.09546524000        4.09543973600        3.82022243500        3.98525535400       Residual    215842.258718      MLUPs    2531.58051465    
  4  Maxtime , Mintime + JacobiMi , JacobiMa    4.09666623500        4.09665474900        3.81960173100        3.98658167500       Residual    128476.490984      MLUPs    2530.83834641    
  4  Maxtime , Mintime + JacobiMi , JacobiMa    4.09747419300        4.09710049400        3.82059046400        3.98716482500       Residual    83890.7975040      MLUPs    2530.33930457    
  4  Maxtime , Mintime + JacobiMi , JacobiMa    4.09534518600        4.09532096400        3.81996457100        3.98619652600       Residual    58379.9617010      MLUPs    2531.65472728    
  4  Maxtime , Mintime + JacobiMi , JacobiMa    4.09941809800        4.09940373600        3.82143159800        3.98903847200       Residual    42568.3681188      MLUPs    2529.13944178    
