# Threadlevel provided:        3 out of        0        1        2        3
  spat_dim , proc_dim, PBC ? 
           1 -Dim Input        28800          48 T
           2 -Dim Input          600           1 T
           3 -Dim Input          600           1 T
#   0 Process grid  48   1   1
           3           3           2
           5           3           2
           6           3           2
           7           3           2
           8           3           2
           9           3           2
          10           3           2
          11           3           2
          13           3           2
          14           3           2
          15           3           2
          16           3           2
          17           3           2
          18           3           2
          21           3           2
          22           3           2
          23           3           2
          24           3           2
          25           3           2
          26           3           2
          27           3           2
          29           3           2
          30           3           2
          31           3           2
          32           3           2
          33           3           2
          35           3           2
          37           3           2
          38           3           2
          39           3           2
          40           3           2
          41           3           2
          42           3           2
          43           3           2
          45           3           2
          46           3           2
          47           3           2
           0           3           2
#   0  Allocated 2 arrays with a total of  3490.68      Mbytes 
           1           3           2
           2           3           2
          34           3           2
           4           3           2
          12           3           2
          19           3           2
          20           3           2
          28           3           2
          36           3           2
          44           3           2
# StartResidual    0.00000000000    
  4  Maxtime , Mintime + JacobiMi , JacobiMa    4.09984328600        4.09972951200        3.82031392700        3.98634067100       Residual    97166666.5904      MLUPs    2528.87714889    
  4  Maxtime , Mintime + JacobiMi , JacobiMa    4.09915422700        4.09913875900        3.82101072300        3.98949399500       Residual    16166666.6666      MLUPs    2529.30224770    
  4  Maxtime , Mintime + JacobiMi , JacobiMa    4.09944639000        4.09942412000        3.82095790600        3.98943273900       Residual    3442901.23349      MLUPs    2529.12198713    
  4  Maxtime , Mintime + JacobiMi , JacobiMa    4.09906393200        4.09903503500        3.82132522700        3.98951504900       Residual    1022890.94626      MLUPs    2529.35796367    
  4  Maxtime , Mintime + JacobiMi , JacobiMa    4.10006406300        4.09970944200        3.82208796700        3.98980579600       Residual    418927.897809      MLUPs    2528.74097592    
  4  Maxtime , Mintime + JacobiMi , JacobiMa    4.10108016400        4.10106855000        3.82224640300        3.99138383500       Residual    215842.258718      MLUPs    2528.11444434    
  4  Maxtime , Mintime + JacobiMi , JacobiMa    4.10110936100        4.10108968400        3.82324507900        3.99138458400       Residual    128476.490984      MLUPs    2528.09644595    
  4  Maxtime , Mintime + JacobiMi , JacobiMa    4.10225549100        4.10223493200        3.82547806200        3.99192345600       Residual    83890.7975040      MLUPs    2527.39012057    
  4  Maxtime , Mintime + JacobiMi , JacobiMa    4.10312580400        4.10309954600        3.82663451400        3.99315736600       Residual    58379.9617010      MLUPs    2526.85403647    
  4  Maxtime , Mintime + JacobiMi , JacobiMa    4.10281538100        4.10278850600        3.82703193600        3.99293810800       Residual    42568.3681188      MLUPs    2527.04522071    
