# Threadlevel provided:        3 out of        0        1        2        3
  spat_dim , proc_dim, PBC ? 
           1 -Dim Input          600           1 T
           2 -Dim Input         2400           4 T
           3 -Dim Input         7200          12 T
#   0 Process grid   1   4  12
          18           3           2
          20           3           2
          22           3           2
          24           3           2
          26           3           2
          28           3           2
          30           3           2
          32           3           2
          34           3           2
          36           3           2
          38           3           2
          40           3           2
          42           3           2
          44           3           2
          46           3           2
           0           3           2
           2           3           2
           4           3           2
           6           3           2
           8           3           2
          10           3           2
          12           3           2
          14           3           2
          16           3           2
#   0  Allocated 2 arrays with a total of  3490.68      Mbytes 
           1           3           2
           3           3           2
           5           3           2
           7           3           2
           9           3           2
          11           3           2
          13           3           2
          15           3           2
          17           3           2
          19           3           2
          21           3           2
          23           3           2
          25           3           2
          27           3           2
          29           3           2
          31           3           2
          33           3           2
          35           3           2
          37           3           2
          39           3           2
          41           3           2
          43           3           2
          45           3           2
          47           3           2
# StartResidual    0.00000000000    
  4  Maxtime , Mintime + JacobiMi , JacobiMa    2.00053888300        1.99049611800        1.88495771300        1.92722848600       Residual    64056666.6158      MLUPs    5182.60359151    
  4  Maxtime , Mintime + JacobiMi , JacobiMa    1.97832476200        1.97812673700        1.88470784900        1.92522276100       Residual    10666666.6666      MLUPs    5240.79776948    
  4  Maxtime , Mintime + JacobiMi , JacobiMa    1.97621545800        1.97602038700        1.88498710000        1.92311150900       Residual    2271604.93759      MLUPs    5246.39150960    
  4  Maxtime , Mintime + JacobiMi , JacobiMa    1.97606522800        1.97586788800        1.88459899700        1.92292829900       Residual    674897.119214      MLUPs    5246.79036557    
  4  Maxtime , Mintime + JacobiMi , JacobiMa    1.97658887900        1.97639630500        1.88823664800        1.92385241900       Residual    276406.035664      MLUPs    5245.40035116    
  4  Maxtime , Mintime + JacobiMi , JacobiMa    1.98188504400        1.98168582800        1.88448236200        1.92965125000       Residual    142411.387188      MLUPs    5231.38313768    
  4  Maxtime , Mintime + JacobiMi , JacobiMa    1.97474184300        1.97453770100        1.88487280200        1.92197729400       Residual    84767.9940506      MLUPs    5250.30653336    
  4  Maxtime , Mintime + JacobiMi , JacobiMa    1.97498096800        1.97478450300        1.88460675800        1.92210615100       Residual    55350.6292802      MLUPs    5249.67084139    
  4  Maxtime , Mintime + JacobiMi , JacobiMa    1.97795143000        1.97774892800        1.88551384000        1.92520089300       Residual    38518.7376189      MLUPs    5241.78695328    
  4  Maxtime , Mintime + JacobiMi , JacobiMa    1.97502029900        1.97481857200        1.88432729700        1.92207622300       Residual    28086.3459730      MLUPs    5249.56629826    
