# Threadlevel provided:        3 out of        0        1        2        3
  spat_dim , proc_dim, PBC ? 
           1 -Dim Input          600           1 T
           2 -Dim Input         2400           4 T
           3 -Dim Input         7200          12 T
#   0 Process grid   1   4  12
           8           3           2
          10           3           2
          12           3           2
          14           3           2
          16           3           2
          18           3           2
          20           3           2
          22           3           2
          24           3           2
          26           3           2
          28           3           2
          30           3           2
          32           3           2
          34           3           2
          36           3           2
          38           3           2
          40           3           2
          42           3           2
          44           3           2
          46           3           2
           0           3           2
#   0  Allocated 2 arrays with a total of  3490.68      Mbytes 
           2           3           2
           4           3           2
           6           3           2
           1           3           2
           3           3           2
           5           3           2
           7           3           2
           9           3           2
          11           3           2
          13           3           2
          15           3           2
          17           3           2
          19           3           2
          23           3           2
          25           3           2
          27           3           2
          29           3           2
          31           3           2
          33           3           2
          35           3           2
          37           3           2
          39           3           2
          41           3           2
          43           3           2
          45           3           2
          47           3           2
          21           3           2
# StartResidual    0.00000000000    
  4  Maxtime , Mintime + JacobiMi , JacobiMa    2.01458410000        2.01223156100        1.88500895400        1.92680558200       Residual    64056666.6158      MLUPs    5146.47167125    
  4  Maxtime , Mintime + JacobiMi , JacobiMa    1.98334437200        1.98315319000        1.88378975200        1.93154405000       Residual    10666666.6666      MLUPs    5227.53393025    
  4  Maxtime , Mintime + JacobiMi , JacobiMa    1.98418058000        1.98417325600        1.88413778000        1.93195669100       Residual    2271604.93759      MLUPs    5225.33085169    
  4  Maxtime , Mintime + JacobiMi , JacobiMa    1.98400577800        1.98399392900        1.88441027300        1.93237029000       Residual    674897.119214      MLUPs    5225.79123255    
  4  Maxtime , Mintime + JacobiMi , JacobiMa    1.98553954800        1.98552911200        1.88407409600        1.93304406600       Residual    276406.035664      MLUPs    5221.75446490    
  4  Maxtime , Mintime + JacobiMi , JacobiMa    1.98608535100        1.98607863600        1.88419377100        1.93203064500       Residual    142411.387188      MLUPs    5220.31945645    
  4  Maxtime , Mintime + JacobiMi , JacobiMa    1.99010453800        1.98976518500        1.89605880800        1.93464912000       Residual    84767.9940506      MLUPs    5209.77657305    
  4  Maxtime , Mintime + JacobiMi , JacobiMa    1.98284021000        1.98282792500        1.88409296500        1.93045107800       Residual    55350.6292802      MLUPs    5228.86309634    
  4  Maxtime , Mintime + JacobiMi , JacobiMa    1.98664054900        1.98663089100        1.88441175600        1.93541957300       Residual    38518.7376189      MLUPs    5218.86055594    
  4  Maxtime , Mintime + JacobiMi , JacobiMa    1.98379127900        1.98377958400        1.88401962400        1.93160155600       Residual    28086.3459730      MLUPs    5226.35627536    
