# Threadlevel provided:        3 out of        0        1        2        3
  spat_dim , proc_dim, PBC ? 
           1 -Dim Input          600           1 T
           2 -Dim Input         1200           2 T
           3 -Dim Input         1200           2 T
#   0 Process grid   1   2   2
           0           3           2
           1           3           2
           2           3           2
           3           3           2
#   0  Allocated 2 arrays with a total of  3490.68      Mbytes 
# StartResidual    0.00000000000    
  4  Maxtime , Mintime + JacobiMi , JacobiMa    1.93694810200        1.93694600800        1.88226241500        1.88792402400       Residual    8016666.66038      MLUPs    446.062545046    
  4  Maxtime , Mintime + JacobiMi , JacobiMa    1.93470798100        1.93470629500        1.88242532200        1.88793719000       Residual    1333333.33333      MLUPs    446.579023028    
  4  Maxtime , Mintime + JacobiMi , JacobiMa    1.93439355000        1.93439288200        1.88220097200        1.88766315700       Residual    283950.617185      MLUPs    446.651613370    
  4  Maxtime , Mintime + JacobiMi , JacobiMa    1.93472283300        1.93472234500        1.88253591800        1.88798023000       Residual    84362.1399004      MLUPs    446.575594841    
  4  Maxtime , Mintime + JacobiMi , JacobiMa    1.93450693500        1.93450635500        1.88229380500        1.88774749900       Residual    34550.7544587      MLUPs    446.625434300    
  4  Maxtime , Mintime + JacobiMi , JacobiMa    1.93477007300        1.93476908800        1.88248359700        1.88797682700       Residual    17801.4233998      MLUPs    446.564691101    
  4  Maxtime , Mintime + JacobiMi , JacobiMa    1.93439248100        1.93439136100        1.88223473500        1.88769576100       Residual    10595.9992565      MLUPs    446.651860202    
  4  Maxtime , Mintime + JacobiMi , JacobiMa    1.93466777700        1.93466742400        1.88246415900        1.88794854800       Residual    6918.82865997      MLUPs    446.588303311    
  4  Maxtime , Mintime + JacobiMi , JacobiMa    1.93585756100        1.93585655400        1.88225540300        1.88910622200       Residual    4814.84220205      MLUPs    446.313828768    
  4  Maxtime , Mintime + JacobiMi , JacobiMa    1.93462971600        1.93462891900        1.88243518700        1.88790169200       Residual    3510.79324689      MLUPs    446.597089280    
