# Threadlevel provided:        3 out of        0        1        2        3
  spat_dim , proc_dim, PBC ? 
           1 -Dim Input         1800           3 T
           2 -Dim Input          600           1 T
           3 -Dim Input         4800           8 T
#   0 Process grid   3   1   8
           5           3           2
           6           3           2
           7           3           2
           8           3           2
           9           3           2
          10           3           2
          11           3           2
          12           3           2
          13           3           2
          14           3           2
          15           3           2
          16           3           2
          17           3           2
          18           3           2
          19           3           2
          20           3           2
          21           3           2
          22           3           2
          23           3           2
           0           3           2
#   0  Allocated 2 arrays with a total of  3490.68      Mbytes 
           1           3           2
           2           3           2
           3           3           2
           4           3           2
# StartResidual    0.00000000000    
  4  Maxtime , Mintime + JacobiMi , JacobiMa    3.06204025900        3.06193994000        2.84669832600        2.96631213300       Residual    35039999.9723      MLUPs    1692.98884453    
  4  Maxtime , Mintime + JacobiMi , JacobiMa    3.05922029700        3.05921601900        2.84767032300        2.96608423300       Residual    5833333.33330      MLUPs    1694.54942656    
  4  Maxtime , Mintime + JacobiMi , JacobiMa    3.05997168500        3.05996702500        2.84708421600        2.96697146600       Residual    1242283.95024      MLUPs    1694.13332333    
  4  Maxtime , Mintime + JacobiMi , JacobiMa    3.05941534800        3.05940036400        2.84746682000        2.96614940700       Residual    369084.362056      MLUPs    1694.44139168    
  4  Maxtime , Mintime + JacobiMi , JacobiMa    3.05999394400        3.05996222400        2.84723506900        2.96700220600       Residual    151159.550754      MLUPs    1694.12099987    
  4  Maxtime , Mintime + JacobiMi , JacobiMa    3.06039796300        3.06037437900        2.84675804300        2.96745412800       Residual    77881.2273706      MLUPs    1693.89735017    
  4  Maxtime , Mintime + JacobiMi , JacobiMa    3.05943618800        3.05942269100        2.84768034500        2.96628069400       Residual    46357.4967463      MLUPs    1694.42984963    
  4  Maxtime , Mintime + JacobiMi , JacobiMa    3.06055581300        3.06054146400        2.84743301100        2.96745922600       Residual    30269.8753879      MLUPs    1693.80998640    
  4  Maxtime , Mintime + JacobiMi , JacobiMa    3.06145743000        3.06144764700        2.84932684900        2.96829835700       Residual    21064.9346353      MLUPs    1693.31114952    
  4  Maxtime , Mintime + JacobiMi , JacobiMa    3.05947123100        3.05946772000        2.84972595000        2.96640925400       Residual    15359.7204545      MLUPs    1694.41044174    
