# Threadlevel provided:        3 out of        0        1        2        3
  spat_dim , proc_dim, PBC ? 
           1 -Dim Input         7200          12 T
           2 -Dim Input         1200           2 T
           3 -Dim Input          600           1 T
#   0 Process grid  12   2   1
           0           3           2
           2           3           2
           4           3           2
           6           3           2
           8           3           2
          10           3           2
          12           3           2
          14           3           2
          16           3           2
          18           3           2
          20           3           2
          22           3           2
#   0  Allocated 2 arrays with a total of  3490.68      Mbytes 
           1           3           2
           3           3           2
           5           3           2
           7           3           2
           9           3           2
          11           3           2
          13           3           2
          15           3           2
          17           3           2
          19           3           2
          21           3           2
          23           3           2
# StartResidual    0.00000000000    
  4  Maxtime , Mintime + JacobiMi , JacobiMa    1.95631452800        1.95625692700        1.88127933100        1.89233051100       Residual    38049999.9700      MLUPs    2649.88064332    
  4  Maxtime , Mintime + JacobiMi , JacobiMa    1.95412131800        1.95411096200        1.88154918700        1.89260652400       Residual    6333333.33329      MLUPs    2652.85473949    
  4  Maxtime , Mintime + JacobiMi , JacobiMa    1.95362452000        1.95361585000        1.88134038000        1.89219902500       Residual    1348765.43168      MLUPs    2653.52934862    
  4  Maxtime , Mintime + JacobiMi , JacobiMa    1.95389012100        1.95388283700        1.88170183200        1.89235874500       Residual    400720.164513      MLUPs    2653.16864254    
  4  Maxtime , Mintime + JacobiMi , JacobiMa    1.95392504400        1.95391855200        1.88136828600        1.89252195500       Residual    164116.083675      MLUPs    2653.12122178    
  4  Maxtime , Mintime + JacobiMi , JacobiMa    1.95400442400        1.95399561900        1.88154358700        1.89256070100       Residual    84556.7611456      MLUPs    2653.01344067    
  4  Maxtime , Mintime + JacobiMi , JacobiMa    1.95363120600        1.95361487900        1.88137010400        1.89221199400       Residual    50330.9964674      MLUPs    2653.52026733    
  4  Maxtime , Mintime + JacobiMi , JacobiMa    1.95405189200        1.95404278200        1.88149071900        1.89255071200       Residual    32864.4361356      MLUPs    2652.94899343    
  4  Maxtime , Mintime + JacobiMi , JacobiMa    1.95389320400        1.95387784300        1.88137556800        1.89245028900       Residual    22870.5004612      MLUPs    2653.16445617    
  4  Maxtime , Mintime + JacobiMi , JacobiMa    1.95393616300        1.95392890400        1.88167375700        1.89251389400       Residual    16676.2679222      MLUPs    2653.10612402    
