# Threadlevel provided:        3 out of        0        1        2        3
  spat_dim , proc_dim, PBC ? 
           1 -Dim Input         1200           2 T
           2 -Dim Input        14400          24 T
           3 -Dim Input          600           1 T
#   0 Process grid   2  24   1
           6           3           2
           7           3           2
           8           3           2
           9           3           2
          10           3           2
          11           3           2
          12           3           2
          13           3           2
          14           3           2
          15           3           2
          16           3           2
          17           3           2
          18           3           2
          20           3           2
          21           3           2
          22           3           2
          23           3           2
          24           3           2
          25           3           2
          26           3           2
          27           3           2
          29           3           2
          30           3           2
          31           3           2
          32           3           2
          33           3           2
          34           3           2
          35           3           2
          37           3           2
          38           3           2
          39           3           2
          41           3           2
          42           3           2
          43           3           2
          44           3           2
          45           3           2
          46           3           2
          47           3           2
           0           3           2
#   0  Allocated 2 arrays with a total of  3490.68      Mbytes 
           1           3           2
           2           3           2
           3           3           2
           4           3           2
           5           3           2
          19           3           2
          40           3           2
          28           3           2
          36           3           2
# StartResidual    0.00000000000    
  4  Maxtime , Mintime + JacobiMi , JacobiMa    4.10738432200        4.10698421000        3.82024522100        3.99418370400       Residual    74089999.9415      MLUPs    2524.23420532    
  4  Maxtime , Mintime + JacobiMi , JacobiMa    4.10540898400        4.10539244500        3.81880455800        3.99482928500       Residual    12333333.3333      MLUPs    2525.44875320    
  4  Maxtime , Mintime + JacobiMi , JacobiMa    4.10371778400        4.10342868400        3.82029921900        3.99416651700       Residual    2626543.20909      MLUPs    2526.48952626    
  4  Maxtime , Mintime + JacobiMi , JacobiMa    4.10686263400        4.10684562000        3.82035588700        3.99693599900       Residual    780349.794072      MLUPs    2524.55485464    
  4  Maxtime , Mintime + JacobiMi , JacobiMa    4.10717279100        4.10689053900        3.81943449200        3.99692694200       Residual    319594.478737      MLUPs    2524.36421051    
  4  Maxtime , Mintime + JacobiMi , JacobiMa    4.10894929300        4.10893718700        3.82038684600        4.00022750800       Residual    164663.166440      MLUPs    2523.27280302    
  4  Maxtime , Mintime + JacobiMi , JacobiMa    4.10786335300        4.10785279400        3.82110750300        3.99880878700       Residual    98012.9931206      MLUPs    2523.93984635    
  4  Maxtime , Mintime + JacobiMi , JacobiMa    4.11069538400        4.11068428300        3.82365123200        4.00033917700       Residual    63999.1651059      MLUPs    2522.20099800    
  4  Maxtime , Mintime + JacobiMi , JacobiMa    4.10923883200        4.10921486100        3.82292955900        4.00027447100       Residual    44537.2903723      MLUPs    2523.09501197    
  4  Maxtime , Mintime + JacobiMi , JacobiMa    4.11121664900        4.11119799800        3.82214764600        4.00149103900       Residual    32474.8375320      MLUPs    2521.88120578    
