# Threadlevel provided:        3 out of        0        1        2        3
  spat_dim , proc_dim, PBC ? 
           1 -Dim Input         1200           2 T
           2 -Dim Input        14400          24 T
           3 -Dim Input          600           1 T
#   0 Process grid   2  24   1
           5           3           2
           8           3           2
           9           3           2
          10           3           2
          12           3           2
          13           3           2
          14           3           2
          16           3           2
          17           3           2
          18           3           2
          20           3           2
          21           3           2
          22           3           2
          24           3           2
          25           3           2
          26           3           2
          28           3           2
          29           3           2
          30           3           2
          32           3           2
          33           3           2
          34           3           2
          36           3           2
          37           3           2
          38           3           2
          40           3           2
          41           3           2
          42           3           2
          44           3           2
          45           3           2
          46           3           2
           0           3           2
#   0  Allocated 2 arrays with a total of  3490.68      Mbytes 
           1           3           2
           2           3           2
           3           3           2
           4           3           2
           6           3           2
           7           3           2
          11           3           2
          15           3           2
          19           3           2
          23           3           2
          27           3           2
          31           3           2
          35           3           2
          39           3           2
          43           3           2
          47           3           2
# StartResidual    0.00000000000    
  4  Maxtime , Mintime + JacobiMi , JacobiMa    4.09853450700        4.09809862200        3.81777865100        3.98395363600       Residual    74089999.9415      MLUPs    2529.68469151    
  4  Maxtime , Mintime + JacobiMi , JacobiMa    4.10420387000        4.10417944800        3.81802965100        3.99702239400       Residual    12333333.3333      MLUPs    2526.19029863    
  4  Maxtime , Mintime + JacobiMi , JacobiMa    4.10401943200        4.10399438300        3.81884575200        3.99667846000       Residual    2626543.20909      MLUPs    2526.30382770    
  4  Maxtime , Mintime + JacobiMi , JacobiMa    4.10436787600        4.10435811700        3.81876955700        3.99716410300       Residual    780349.794072      MLUPs    2526.08935486    
  4  Maxtime , Mintime + JacobiMi , JacobiMa    4.10456372200        4.10453595800        3.81853393100        3.99734079800       Residual    319594.478737      MLUPs    2525.96882451    
  4  Maxtime , Mintime + JacobiMi , JacobiMa    4.10509333200        4.10507392200        3.81856999700        3.99727814000       Residual    164663.166440      MLUPs    2525.64294195    
  4  Maxtime , Mintime + JacobiMi , JacobiMa    4.10493800100        4.10492640200        3.81826561400        3.99750586100       Residual    98012.9931206      MLUPs    2525.73851237    
  4  Maxtime , Mintime + JacobiMi , JacobiMa    4.10643604100        4.10642021300        3.81837383700        3.99898994700       Residual    63999.1651059      MLUPs    2524.81711549    
  4  Maxtime , Mintime + JacobiMi , JacobiMa    4.10702253900        4.10700188000        3.81830669000        3.99943179100       Residual    44537.2903723      MLUPs    2524.45656228    
  4  Maxtime , Mintime + JacobiMi , JacobiMa    4.10748719300        4.10747640100        3.81954755900        3.99988916300       Residual    32474.8375320      MLUPs    2524.17098650    
