# Threadlevel provided:        3 out of        0        1        2        3
  spat_dim , proc_dim, PBC ? 
           1 -Dim Input         3600           6 T
           2 -Dim Input         2400           4 T
           3 -Dim Input         1200           2 T
#   0 Process grid   6   4   2
          24           3           2
          26           3           2
          28           3           2
          30           3           2
          32           3           2
          34           3           2
          36           3           2
          38           3           2
          42           3           2
          44           3           2
          46           3           2
           0           3           2
#   0  Allocated 2 arrays with a total of  3490.68      Mbytes 
           2           3           2
           4           3           2
           6           3           2
           8           3           2
          10           3           2
          12           3           2
          14           3           2
          16           3           2
          20           3           2
          22           3           2
          40           3           2
          18           3           2
           1           3           2
           3           3           2
           5           3           2
           7           3           2
           9           3           2
          11           3           2
          13           3           2
          15           3           2
          17           3           2
          19           3           2
          21           3           2
          23           3           2
          25           3           2
          27           3           2
          29           3           2
          31           3           2
          33           3           2
          35           3           2
          37           3           2
          39           3           2
          41           3           2
          43           3           2
          45           3           2
          47           3           2
# StartResidual    0.00000000000    
  4  Maxtime , Mintime + JacobiMi , JacobiMa    1.98944494900        1.98930073900        1.88485847600        1.92773363600       Residual    44039999.9650      MLUPs    5211.50384443    
  4  Maxtime , Mintime + JacobiMi , JacobiMa    1.98010212800        1.97989935600        1.88883557900        1.92179403000       Residual    7333333.33329      MLUPs    5236.09355972    
  4  Maxtime , Mintime + JacobiMi , JacobiMa    1.98128430800        1.98109648700        1.88870179100        1.92232806800       Residual    1561728.39458      MLUPs    5232.96932103    
  4  Maxtime , Mintime + JacobiMi , JacobiMa    1.98752855500        1.98734533100        1.88732509700        1.92878879000       Residual    463991.769434      MLUPs    5216.52882617    
  4  Maxtime , Mintime + JacobiMi , JacobiMa    1.98024578100        1.98007497400        1.88806032200        1.92180524400       Residual    190029.149518      MLUPs    5235.71371770    
  4  Maxtime , Mintime + JacobiMi , JacobiMa    1.98133149100        1.98114352800        1.88724796500        1.92258404400       Residual    97907.8286944      MLUPs    5232.84470423    
  4  Maxtime , Mintime + JacobiMi , JacobiMa    1.98487828400        1.98470212800        1.88808877300        1.92604288100       Residual    58277.9959096      MLUPs    5223.49409713    
  4  Maxtime , Mintime + JacobiMi , JacobiMa    1.97956208700        1.97939454600        1.88735721200        1.92082336600       Residual    38053.5576307      MLUPs    5237.52200958    
  4  Maxtime , Mintime + JacobiMi , JacobiMa    1.98069695400        1.98053587800        1.88858164900        1.92233201800       Residual    26481.6321129      MLUPs    5234.52110080    
  4  Maxtime , Mintime + JacobiMi , JacobiMa    1.98278148400        1.98261492500        1.88829028300        1.92425725600       Residual    19309.3628569      MLUPs    5229.01796475    
