# Threadlevel provided:        3 out of        0        1        2        3
  spat_dim , proc_dim, PBC ? 
           1 -Dim Input         2400           4 T
           2 -Dim Input          600           1 T
           3 -Dim Input         1800           3 T
#   0 Process grid   4   1   3
           0           3           2
           1           3           2
           2           3           2
           3           3           2
           4           3           2
           6           3           2
           7           3           2
           8           3           2
           9           3           2
          10           3           2
          11           3           2
#   0  Allocated 2 arrays with a total of  3490.68      Mbytes 
           5           3           2
# StartResidual    0.00000000000    
  4  Maxtime , Mintime + JacobiMi , JacobiMa    1.94548768300        1.94419110600        1.88227408500        1.89271730700       Residual    19026666.6516      MLUPs    1332.31375487    
  4  Maxtime , Mintime + JacobiMi , JacobiMa    1.94209432700        1.94208637900        1.88230045500        1.89258216300       Residual    3166666.66665      MLUPs    1334.64166182    
  4  Maxtime , Mintime + JacobiMi , JacobiMa    1.94205055500        1.94204573600        1.88199423200        1.89258984500       Residual    674382.715837      MLUPs    1334.67174339    
  4  Maxtime , Mintime + JacobiMi , JacobiMa    1.94231189000        1.94230456000        1.88220379100        1.89272417600       Residual    200360.082258      MLUPs    1334.49216542    
  4  Maxtime , Mintime + JacobiMi , JacobiMa    1.94206730500        1.94205306700        1.88213338100        1.89251900200       Residual    82058.0418381      MLUPs    1334.66023208    
  4  Maxtime , Mintime + JacobiMi , JacobiMa    1.94224068200        1.94223107200        1.88229139400        1.89271751400       Residual    42278.3805730      MLUPs    1334.54109165    
  4  Maxtime , Mintime + JacobiMi , JacobiMa    1.94211231500        1.94209802100        1.88195598100        1.89246475400       Residual    25165.4982338      MLUPs    1334.62930026    
  4  Maxtime , Mintime + JacobiMi , JacobiMa    1.94196789500        1.94195695400        1.88224969300        1.89247116000       Residual    16432.2180677      MLUPs    1334.72855379    
  4  Maxtime , Mintime + JacobiMi , JacobiMa    1.94196308400        1.94195589200        1.88208146500        1.89246324800       Residual    11435.2502304      MLUPs    1334.73186043    
  4  Maxtime , Mintime + JacobiMi , JacobiMa    1.94224767300        1.94224016200        1.88215668100        1.89266780000       Residual    8338.13396113      MLUPs    1334.53628805    
