# Threadlevel provided:        3 out of        0        1        2        3
  spat_dim , proc_dim, PBC ? 
           1 -Dim Input         1200           2 T
           2 -Dim Input          600           1 T
           3 -Dim Input         3600           6 T
#   0 Process grid   2   1   6
           0           3           2
           2           3           2
           4           3           2
           6           3           2
           8           3           2
          10           3           2
#   0  Allocated 2 arrays with a total of  3490.68      Mbytes 
           1           3           2
           3           3           2
           5           3           2
           7           3           2
           9           3           2
          11           3           2
# StartResidual    0.00000000000    
  4  Maxtime , Mintime + JacobiMi , JacobiMa    1.95610375600        1.95605578700        1.88145411200        1.89170791200       Residual    20029999.9842      MLUPs    1325.08308521    
  4  Maxtime , Mintime + JacobiMi , JacobiMa    1.94972643700        1.94970518700        1.88150856000        1.89131811300       Residual    3333333.33332      MLUPs    1329.41727148    
  4  Maxtime , Mintime + JacobiMi , JacobiMa    1.94980534000        1.94979662900        1.88137297200        1.89144591700       Residual    709876.542990      MLUPs    1329.36347379    
  4  Maxtime , Mintime + JacobiMi , JacobiMa    1.94978035400        1.94977272200        1.88149197900        1.89137359700       Residual    210905.349749      MLUPs    1329.38050929    
  4  Maxtime , Mintime + JacobiMi , JacobiMa    1.94985439100        1.94984770900        1.88137708300        1.89148703500       Residual    86376.8861456      MLUPs    1329.33003201    
  4  Maxtime , Mintime + JacobiMi , JacobiMa    1.94975206600        1.94974483500        1.88160556900        1.89141668900       Residual    44503.5584978      MLUPs    1329.39979662    
  4  Maxtime , Mintime + JacobiMi , JacobiMa    1.94972536200        1.94972021200        1.88164431600        1.89139830500       Residual    26489.9981409      MLUPs    1329.41800446    
  4  Maxtime , Mintime + JacobiMi , JacobiMa    1.94987337600        1.94986686100        1.88152753100        1.89149778300       Residual    17297.0716502      MLUPs    1329.31708895    
  4  Maxtime , Mintime + JacobiMi , JacobiMa    1.94977186900        1.94974713200        1.88127198000        1.89146552500       Residual    12037.1055058      MLUPs    1329.38629447    
  4  Maxtime , Mintime + JacobiMi , JacobiMa    1.94971283800        1.94970218000        1.88145481500        1.89144059200       Residual    8776.98311691      MLUPs    1329.42654399    
