# Threadlevel provided:        3 out of        0        1        2        3
  spat_dim , proc_dim, PBC ? 
           1 -Dim Input         1200           2 T
           2 -Dim Input         1800           3 T
           3 -Dim Input         1200           2 T
#   0 Process grid   2   3   2
           0           3           2
           1           3           2
           2           3           2
           3           3           2
           4           3           2
           5           3           2
           6           3           2
           7           3           2
           8           3           2
           9           3           2
          10           3           2
          11           3           2
#   0  Allocated 2 arrays with a total of  3490.68      Mbytes 
# StartResidual    0.00000000000    
  4  Maxtime , Mintime + JacobiMi , JacobiMa    1.94274707100        1.94152153800        1.88261483900        1.88911756300       Residual    16023333.3207      MLUPs    1334.19323529    
  4  Maxtime , Mintime + JacobiMi , JacobiMa    1.93944827800        1.93909122500        1.88265098000        1.88936338900       Residual    2666666.66665      MLUPs    1336.46255453    
  4  Maxtime , Mintime + JacobiMi , JacobiMa    1.93808880700        1.93808573100        1.88222368600        1.88868408000       Residual    567901.234395      MLUPs    1337.40001523    
  4  Maxtime , Mintime + JacobiMi , JacobiMa    1.93858313000        1.93857879200        1.88253629100        1.88920938300       Residual    168724.279799      MLUPs    1337.05898906    
  4  Maxtime , Mintime + JacobiMi , JacobiMa    1.93828613100        1.93828121500        1.88228171200        1.88890302000       Residual    69101.5089160      MLUPs    1337.26386344    
  4  Maxtime , Mintime + JacobiMi , JacobiMa    1.93857958200        1.93857483800        1.88256364000        1.88917350100       Residual    35602.8467978      MLUPs    1337.06143615    
  4  Maxtime , Mintime + JacobiMi , JacobiMa    1.93810960400        1.93810708700        1.88237705100        1.88875342400       Residual    21191.9985126      MLUPs    1337.38566418    
  4  Maxtime , Mintime + JacobiMi , JacobiMa    1.93857645800        1.93855881400        1.88273851000        1.88918649900       Residual    13837.6573202      MLUPs    1337.06359081    
  4  Maxtime , Mintime + JacobiMi , JacobiMa    1.93812648800        1.93811958000        1.88225809800        1.88881016700       Residual    9629.68440473      MLUPs    1337.37401354    
  4  Maxtime , Mintime + JacobiMi , JacobiMa    1.93864513500        1.93864026200        1.88261567800        1.88927864200       Residual    7021.58649341      MLUPs    1337.01622499    
