# Threadlevel provided:        3 out of        0        1        2        3
  spat_dim , proc_dim, PBC ? 
           1 -Dim Input          600           1 T
           2 -Dim Input         4800           8 T
           3 -Dim Input         1800           3 T
#   0 Process grid   1   8   3
          10           3           2
          11           3           2
          12           3           2
          13           3           2
          14           3           2
          15           3           2
          16           3           2
          17           3           2
          18           3           2
          19           3           2
          20           3           2
          21           3           2
          22           3           2
          23           3           2
           0           3           2
#   0  Allocated 2 arrays with a total of  3490.68      Mbytes 
           1           3           2
           2           3           2
           3           3           2
           4           3           2
           5           3           2
           6           3           2
           7           3           2
           8           3           2
           9           3           2
# StartResidual    0.00000000000    
  4  Maxtime , Mintime + JacobiMi , JacobiMa    3.06199335000        3.06193088500        2.85340146500        2.96493895500       Residual    35039999.9723      MLUPs    1693.01478071    
  4  Maxtime , Mintime + JacobiMi , JacobiMa    3.05927793000        3.05927066600        2.85274446600        2.96500948800       Residual    5833333.33331      MLUPs    1694.51750335    
  4  Maxtime , Mintime + JacobiMi , JacobiMa    3.05942651900        3.05941603100        2.85453479100        2.96497349800       Residual    1242283.95023      MLUPs    1694.43520470    
  4  Maxtime , Mintime + JacobiMi , JacobiMa    3.06036240300        3.06035559800        2.85378504700        2.96579597300       Residual    369084.362069      MLUPs    1693.91703248    
  4  Maxtime , Mintime + JacobiMi , JacobiMa    3.05891256900        3.05889862400        2.85290534100        2.96423924800       Residual    151159.550754      MLUPs    1694.71989900    
  4  Maxtime , Mintime + JacobiMi , JacobiMa    3.05967097800        3.05966072400        2.85351714900        2.96518960100       Residual    77881.2273696      MLUPs    1694.29982416    
  4  Maxtime , Mintime + JacobiMi , JacobiMa    3.05984201400        3.05983667000        2.85391056400        2.96519795400       Residual    46357.4967466      MLUPs    1694.20511787    
  4  Maxtime , Mintime + JacobiMi , JacobiMa    3.05967428300        3.05966338800        2.85316063200        2.96521429000       Residual    30269.8753876      MLUPs    1694.29799401    
  4  Maxtime , Mintime + JacobiMi , JacobiMa    3.05969381300        3.05968968800        2.85551152900        2.96494340000       Residual    21064.9346353      MLUPs    1694.28717932    
  4  Maxtime , Mintime + JacobiMi , JacobiMa    3.05899191300        3.05898237200        2.85611388500        2.96452650400       Residual    15359.7204542      MLUPs    1694.67594143    
