# Threadlevel provided:        3 out of        0        1        2        3
  spat_dim , proc_dim, PBC ? 
           1 -Dim Input         3600           6 T
           2 -Dim Input         2400           4 T
           3 -Dim Input          600           1 T
#   0 Process grid   6   4   1
           3           3           2
           4           3           2
           5           3           2
           6           3           2
           7           3           2
           8           3           2
           9           3           2
          10           3           2
          11           3           2
          12           3           2
          13           3           2
          14           3           2
          15           3           2
          16           3           2
          17           3           2
          18           3           2
          19           3           2
          20           3           2
          21           3           2
          22           3           2
          23           3           2
           0           3           2
#   0  Allocated 2 arrays with a total of  3490.68      Mbytes 
           1           3           2
           2           3           2
# StartResidual    0.00000000000    
  4  Maxtime , Mintime + JacobiMi , JacobiMa    3.06012695600        3.06004498000        2.85260185800        2.96356443400       Residual    34036666.6397      MLUPs    1694.04736292    
  4  Maxtime , Mintime + JacobiMi , JacobiMa    3.05694495300        3.05694109900        2.85087277100        2.96286806900       Residual    5666666.66663      MLUPs    1695.81071289    
  4  Maxtime , Mintime + JacobiMi , JacobiMa    3.05755578000        3.05754582400        2.85144241100        2.96353469100       Residual    1206790.12308      MLUPs    1695.47193020    
  4  Maxtime , Mintime + JacobiMi , JacobiMa    3.05798259200        3.05797776200        2.85138223400        2.96396937300       Residual    358539.094565      MLUPs    1695.23528798    
  4  Maxtime , Mintime + JacobiMi , JacobiMa    3.05684189300        3.05683550500        2.85059933000        2.96306252500       Residual    146840.706446      MLUPs    1695.86788635    
  4  Maxtime , Mintime + JacobiMi , JacobiMa    3.05690459900        3.05689387900        2.85273307300        2.96277729200       Residual    75656.0494459      MLUPs    1695.83309917    
  4  Maxtime , Mintime + JacobiMi , JacobiMa    3.05738289800        3.05738003000        2.85176231500        2.96344476800       Residual    45032.9968392      MLUPs    1695.56780192    
  4  Maxtime , Mintime + JacobiMi , JacobiMa    3.05718970300        3.05718130200        2.85266820600        2.96333944400       Residual    29405.0218055      MLUPs    1695.67495105    
  4  Maxtime , Mintime + JacobiMi , JacobiMa    3.05802283400        3.05801973500        2.85376174000        2.96411435600       Residual    20463.0793599      MLUPs    1695.21297956    
  4  Maxtime , Mintime + JacobiMi , JacobiMa    3.05747951800        3.05747647100        2.85403809100        2.96336898900       Residual    14920.8712987      MLUPs    1695.51421996    
