# Threadlevel provided:        3 out of        0        1        2        3
  spat_dim , proc_dim, PBC ? 
           1 -Dim Input         1800           3 T
           2 -Dim Input          600           1 T
           3 -Dim Input         2400           4 T
#   0 Process grid   3   1   4
           0           3           2
           2           3           2
           4           3           2
           6           3           2
           8           3           2
          10           3           2
#   0  Allocated 2 arrays with a total of  3490.68      Mbytes 
           1           3           2
           3           3           2
           5           3           2
           7           3           2
           9           3           2
          11           3           2
# StartResidual    0.00000000000    
  4  Maxtime , Mintime + JacobiMi , JacobiMa    1.95517772300        1.95402433300        1.88156220400        1.88873554200       Residual    19026666.6516      MLUPs    1325.71068579    
  4  Maxtime , Mintime + JacobiMi , JacobiMa    1.94710613000        1.94709074600        1.88179448800        1.88844962300       Residual    3166666.66665      MLUPs    1331.20632721    
  4  Maxtime , Mintime + JacobiMi , JacobiMa    1.94634314700        1.94633639300        1.88159764300        1.88824246500       Residual    674382.715838      MLUPs    1331.72817136    
  4  Maxtime , Mintime + JacobiMi , JacobiMa    1.94733510000        1.94732784000        1.88165741500        1.88829593300       Residual    200360.082259      MLUPs    1331.04980237    
  4  Maxtime , Mintime + JacobiMi , JacobiMa    1.94695745000        1.94695088900        1.88179675900        1.88876199200       Residual    82058.0418382      MLUPs    1331.30798518    
  4  Maxtime , Mintime + JacobiMi , JacobiMa    1.94692936900        1.94692271200        1.88167858800        1.88882090300       Residual    42278.3805730      MLUPs    1331.32718694    
  4  Maxtime , Mintime + JacobiMi , JacobiMa    1.94687733700        1.94686912900        1.88174960600        1.88869385700       Residual    25165.4982338      MLUPs    1331.36276782    
  4  Maxtime , Mintime + JacobiMi , JacobiMa    1.94702267900        1.94701594700        1.88171551700        1.88890725600       Residual    16432.2180677      MLUPs    1331.26338381    
  4  Maxtime , Mintime + JacobiMi , JacobiMa    1.94673802500        1.94671934900        1.88158537500        1.88858710700       Residual    11435.2502304      MLUPs    1331.45804249    
  4  Maxtime , Mintime + JacobiMi , JacobiMa    1.94681875000        1.94680326900        1.88186701600        1.88868073800       Residual    8338.13396110      MLUPs    1331.40283347    
