# Threadlevel provided:        3 out of        0        1        2        3
  spat_dim , proc_dim, PBC ? 
           1 -Dim Input         1800           3 T
           2 -Dim Input          600           1 T
           3 -Dim Input         2400           4 T
#   0 Process grid   3   1   4
           0           3           2
           2           3           2
           4           3           2
           6           3           2
           8           3           2
          10           3           2
#   0  Allocated 2 arrays with a total of  3490.68      Mbytes 
           1           3           2
           3           3           2
           5           3           2
           7           3           2
           9           3           2
          11           3           2
# StartResidual    0.00000000000    
  4  Maxtime , Mintime + JacobiMi , JacobiMa    1.95556467400        1.95443817800        1.88124321600        1.88869073300       Residual    19026666.6516      MLUPs    1325.44836510    
  4  Maxtime , Mintime + JacobiMi , JacobiMa    1.94702678200        1.94700755700        1.88131220800        1.88867969800       Residual    3166666.66665      MLUPs    1331.26057842    
  4  Maxtime , Mintime + JacobiMi , JacobiMa    1.94667024000        1.94666282400        1.88128482700        1.88842059300       Residual    674382.715838      MLUPs    1331.50440518    
  4  Maxtime , Mintime + JacobiMi , JacobiMa    1.94719926000        1.94719215300        1.88121549500        1.88887120600       Residual    200360.082259      MLUPs    1331.14265871    
  4  Maxtime , Mintime + JacobiMi , JacobiMa    1.94692411000        1.94691815500        1.88116181600        1.88864161900       Residual    82058.0418382      MLUPs    1331.33078310    
  4  Maxtime , Mintime + JacobiMi , JacobiMa    1.94708497700        1.94707892800        1.88112785900        1.88877133100       Residual    42278.3805730      MLUPs    1331.22078934    
  4  Maxtime , Mintime + JacobiMi , JacobiMa    1.94769891300        1.94769241700        1.88129230500        1.88860023700       Residual    25165.4982338      MLUPs    1330.80117399    
  4  Maxtime , Mintime + JacobiMi , JacobiMa    1.94715464800        1.94714622300        1.88121677500        1.88882490900       Residual    16432.2180677      MLUPs    1331.17315703    
  4  Maxtime , Mintime + JacobiMi , JacobiMa    1.94688899500        1.94687668800        1.88114915600        1.88857762400       Residual    11435.2502304      MLUPs    1331.35479560    
  4  Maxtime , Mintime + JacobiMi , JacobiMa    1.94711181700        1.94710328200        1.88126755500        1.88884900900       Residual    8338.13396110      MLUPs    1331.20243910    
