# Threadlevel provided:        3 out of        0        1        2        3
  spat_dim , proc_dim, PBC ? 
           1 -Dim Input         4800           8 T
           2 -Dim Input          600           1 T
           3 -Dim Input         3600           6 T
#   0 Process grid   8   1   6
          11           3           2
          12           3           2
          13           3           2
          14           3           2
          15           3           2
          16           3           2
          17           3           2
          19           3           2
          20           3           2
          21           3           2
          22           3           2
          23           3           2
          24           3           2
          26           3           2
          27           3           2
          28           3           2
          29           3           2
          30           3           2
          31           3           2
          32           3           2
          33           3           2
          34           3           2
          35           3           2
          36           3           2
          37           3           2
          38           3           2
          39           3           2
          40           3           2
          42           3           2
          44           3           2
          45           3           2
          46           3           2
          47           3           2
           0           3           2
#   0  Allocated 2 arrays with a total of  3490.68      Mbytes 
           1           3           2
           2           3           2
           3           3           2
           4           3           2
           5           3           2
           6           3           2
           7           3           2
           8           3           2
          10           3           2
          41           3           2
           9           3           2
          25           3           2
          43           3           2
          18           3           2
# StartResidual    0.00000000000    
  4  Maxtime , Mintime + JacobiMi , JacobiMa    4.10722320900        4.10708980200        3.82038393300        3.99274235400       Residual    62049999.9507      MLUPs    2524.33322282    
  4  Maxtime , Mintime + JacobiMi , JacobiMa    4.10547768100        4.10544768900        3.81998579800        3.99420486600       Residual    10333333.3333      MLUPs    2525.40649484    
  4  Maxtime , Mintime + JacobiMi , JacobiMa    4.10543859300        4.10542081500        3.81995493400        3.99445530300       Residual    2200617.28328      MLUPs    2525.43053930    
  4  Maxtime , Mintime + JacobiMi , JacobiMa    4.10612760800        4.10610890700        3.82054680000        3.99503491200       Residual    653806.584203      MLUPs    2525.00676789    
  4  Maxtime , Mintime + JacobiMi , JacobiMa    4.10530952000        4.10491064800        3.81992817200        3.99418091100       Residual    267768.347048      MLUPs    2525.50994011    
  4  Maxtime , Mintime + JacobiMi , JacobiMa    4.10681232600        4.10679217700        3.82160580300        3.99556449200       Residual    137961.031342      MLUPs    2524.58578016    
  4  Maxtime , Mintime + JacobiMi , JacobiMa    4.10578552300        4.10577170200        3.82142478300        3.99458250100       Residual    82118.9942360      MLUPs    2525.21714588    
  4  Maxtime , Mintime + JacobiMi , JacobiMa    4.10837438500        4.10834194700        3.82316866200        3.99587147200       Residual    53620.9221160      MLUPs    2523.62589881    
  4  Maxtime , Mintime + JacobiMi , JacobiMa    4.10663203500        4.10660962400        3.82351713600        3.99548580500       Residual    37315.0270683      MLUPs    2524.69661553    
  4  Maxtime , Mintime + JacobiMi , JacobiMa    4.10835579500        4.10833915900        3.82413762200        3.99735633700       Residual    27208.6476621      MLUPs    2523.63731803    
