# Threadlevel provided:        3 out of        0        1        2        3
  spat_dim , proc_dim, PBC ? 
           1 -Dim Input         4800           8 T
           2 -Dim Input          600           1 T
           3 -Dim Input         3600           6 T
#   0 Process grid   8   1   6
          30           3           2
          32           3           2
          33           3           2
          34           3           2
          35           3           2
          37           3           2
          38           3           2
          39           3           2
          42           3           2
          43           3           2
          45           3           2
          46           3           2
          47           3           2
           0           3           2
#   0  Allocated 2 arrays with a total of  3490.68      Mbytes 
           1           3           2
           2           3           2
           3           3           2
           5           3           2
           6           3           2
           7           3           2
           9           3           2
          10           3           2
          11           3           2
          12           3           2
          13           3           2
          14           3           2
          15           3           2
          16           3           2
          17           3           2
          18           3           2
          19           3           2
          20           3           2
          21           3           2
          22           3           2
          23           3           2
          26           3           2
          27           3           2
          28           3           2
          29           3           2
          31           3           2
          36           3           2
          41           3           2
          44           3           2
           4           3           2
           8           3           2
          24           3           2
          25           3           2
          40           3           2
# StartResidual    0.00000000000    
  4  Maxtime , Mintime + JacobiMi , JacobiMa    4.10987169700        4.10973326500        3.81929537300        3.99619376600       Residual    62049999.9507      MLUPs    2522.70648925    
  4  Maxtime , Mintime + JacobiMi , JacobiMa    4.10741293700        4.10739751800        3.81898396500        3.99676645000       Residual    10333333.3333      MLUPs    2524.21661981    
  4  Maxtime , Mintime + JacobiMi , JacobiMa    4.10796920700        4.10793796300        3.81921041200        3.99727109100       Residual    2200617.28328      MLUPs    2523.87480956    
  4  Maxtime , Mintime + JacobiMi , JacobiMa    4.10633915600        4.10632189700        3.82010924700        3.99570894400       Residual    653806.584203      MLUPs    2524.87668605    
  4  Maxtime , Mintime + JacobiMi , JacobiMa    4.10807662600        4.10804854900        3.81921749900        3.99744156100       Residual    267768.347048      MLUPs    2523.80881466    
  4  Maxtime , Mintime + JacobiMi , JacobiMa    4.10615401600        4.10612950200        3.81957077200        3.99562760600       Residual    137961.031342      MLUPs    2524.99052875    
  4  Maxtime , Mintime + JacobiMi , JacobiMa    4.10525705700        4.10524481000        3.82048089000        3.99454008800       Residual    82118.9942360      MLUPs    2525.54221479    
  4  Maxtime , Mintime + JacobiMi , JacobiMa    4.10589351200        4.10587414400        3.82151357000        3.99528619800       Residual    53620.9221160      MLUPs    2525.15073021    
  4  Maxtime , Mintime + JacobiMi , JacobiMa    4.10788593100        4.10786884300        3.82131334200        3.99680902600       Residual    37315.0270683      MLUPs    2523.92597413    
  4  Maxtime , Mintime + JacobiMi , JacobiMa    4.10850361900        4.10847989700        3.82094973400        3.99786315000       Residual    27208.6476621      MLUPs    2523.54651753    
