# Threadlevel provided:        3 out of        0        1        2        3
  spat_dim , proc_dim, PBC ? 
           1 -Dim Input         4800           8 T
           2 -Dim Input          600           1 T
           3 -Dim Input         3600           6 T
#   0 Process grid   8   1   6
           4           3           2
           5           3           2
           7           3           2
           8           3           2
           9           3           2
          11           3           2
          13           3           2
          15           3           2
          16           3           2
          17           3           2
          20           3           2
          24           3           2
          25           3           2
          31           3           2
          32           3           2
          33           3           2
          36           3           2
          37           3           2
          39           3           2
          40           3           2
          43           3           2
          45           3           2
          47           3           2
           0           3           2
#   0  Allocated 2 arrays with a total of  3490.68      Mbytes 
           1           3           2
           3           3           2
          27           3           2
          35           3           2
          44           3           2
          12           3           2
          21           3           2
          28           3           2
          29           3           2
          41           3           2
          19           3           2
          23           3           2
           6           3           2
          10           3           2
          14           3           2
          18           3           2
          22           3           2
          26           3           2
          34           3           2
          38           3           2
          42           3           2
          46           3           2
           2           3           2
          30           3           2
# StartResidual    0.00000000000    
  4  Maxtime , Mintime + JacobiMi , JacobiMa    4.08858924500        4.08842256600        3.80306308800        3.96636887700       Residual    62049999.9507      MLUPs    2535.83800639    
  4  Maxtime , Mintime + JacobiMi , JacobiMa    4.08597418800        4.08595248300        3.80274171100        3.96686089000       Residual    10333333.3333      MLUPs    2537.46096352    
  4  Maxtime , Mintime + JacobiMi , JacobiMa    4.08496883200        4.08495117500        3.80147442500        3.96572323400       Residual    2200617.28328      MLUPs    2538.08546072    
  4  Maxtime , Mintime + JacobiMi , JacobiMa    4.08849341100        4.08847266300        3.80388395600        3.96956483700       Residual    653806.584203      MLUPs    2535.89744626    
  4  Maxtime , Mintime + JacobiMi , JacobiMa    4.08566798200        4.08565031600        3.80378401900        3.96669755500       Residual    267768.347048      MLUPs    2537.65113702    
  4  Maxtime , Mintime + JacobiMi , JacobiMa    4.08805325700        4.08802336900        3.80340745200        3.96893585200       Residual    137961.031342      MLUPs    2536.17048218    
  4  Maxtime , Mintime + JacobiMi , JacobiMa    4.08620993100        4.08618957500        3.80378196600        3.96693622500       Residual    82118.9942360      MLUPs    2537.31457147    
  4  Maxtime , Mintime + JacobiMi , JacobiMa    4.08564613300        4.08562431200        3.80598093500        3.96701250700       Residual    53620.9221160      MLUPs    2537.66470773    
  4  Maxtime , Mintime + JacobiMi , JacobiMa    4.08769980200        4.08766835500        3.80520437600        3.96850758200       Residual    37315.0270683      MLUPs    2536.38977963    
  4  Maxtime , Mintime + JacobiMi , JacobiMa    4.08622861500        4.08621020700        3.80549943100        3.96720678700       Residual    27208.6476621      MLUPs    2537.30296977    
