# Threadlevel provided:        3 out of        0        1        2        3
  spat_dim , proc_dim, PBC ? 
           1 -Dim Input          600           1 T
           2 -Dim Input         1200           2 T
           3 -Dim Input         1200           2 T
#   0 Process grid   1   2   2
           0           3           2
           2           3           2
           3           3           2
           1           3           2
#   0  Allocated 2 arrays with a total of  3490.68      Mbytes 
# StartResidual    0.00000000000    
  4  Maxtime , Mintime + JacobiMi , JacobiMa    1.93326065900        1.93325930500        1.88264556900        1.88425358700       Residual    8016666.66038      MLUPs    446.913351274    
  4  Maxtime , Mintime + JacobiMi , JacobiMa    1.93124935800        1.93124874600        1.88246912700        1.88433979400       Residual    1333333.33333      MLUPs    447.378789498    
  4  Maxtime , Mintime + JacobiMi , JacobiMa    1.93134668500        1.93134557600        1.88257576100        1.88449726600       Residual    283950.617185      MLUPs    447.356244588    
  4  Maxtime , Mintime + JacobiMi , JacobiMa    1.93145238100        1.93145157500        1.88259219400        1.88455672200       Residual    84362.1399004      MLUPs    447.331763651    
  4  Maxtime , Mintime + JacobiMi , JacobiMa    1.93088154400        1.93088045100        1.88221120600        1.88410064200       Residual    34550.7544587      MLUPs    447.464010770    
  4  Maxtime , Mintime + JacobiMi , JacobiMa    1.93114100900        1.93114069400        1.88249932500        1.88433051200       Residual    17801.4233998      MLUPs    447.403890225    
  4  Maxtime , Mintime + JacobiMi , JacobiMa    1.93096320100        1.93096287600        1.88258382100        1.88416002000       Residual    10595.9992565      MLUPs    447.445088313    
  4  Maxtime , Mintime + JacobiMi , JacobiMa    1.93109950300        1.93109820000        1.88236107000        1.88429322200       Residual    6918.82865997      MLUPs    447.413506481    
  4  Maxtime , Mintime + JacobiMi , JacobiMa    1.93105779800        1.93105696600        1.88227995500        1.88422508600       Residual    4814.84220205      MLUPs    447.423169257    
  4  Maxtime , Mintime + JacobiMi , JacobiMa    1.93127217200        1.93127090300        1.88248981200        1.88443383300       Residual    3510.79324689      MLUPs    447.373504639    
