# Threadlevel provided:        3 out of        0        1        2        3
  spat_dim , proc_dim, PBC ? 
           1 -Dim Input         2400           4 T
           2 -Dim Input         7200          12 T
           3 -Dim Input          600           1 T
#   0 Process grid   4  12   1
          20           3           2
          22           3           2
          24           3           2
          26           3           2
          28           3           2
          30           3           2
          32           3           2
          34           3           2
          36           3           2
          38           3           2
          40           3           2
          42           3           2
          44           3           2
          46           3           2
           0           3           2
#   0  Allocated 2 arrays with a total of  3490.68      Mbytes 
           2           3           2
           4           3           2
           6           3           2
           8           3           2
          10           3           2
          12           3           2
          14           3           2
          16           3           2
          18           3           2
           1           3           2
           3           3           2
           5           3           2
           7           3           2
           9           3           2
          11           3           2
          13           3           2
          15           3           2
          17           3           2
          19           3           2
          21           3           2
          23           3           2
          25           3           2
          27           3           2
          29           3           2
          31           3           2
          33           3           2
          35           3           2
          37           3           2
          39           3           2
          41           3           2
          43           3           2
          45           3           2
          47           3           2
# StartResidual    0.00000000000    
  4  Maxtime , Mintime + JacobiMi , JacobiMa    2.00377082400        2.00266591500        1.88251819200        1.92166089700       Residual    64056666.6158      MLUPs    5174.24441748    
  4  Maxtime , Mintime + JacobiMi , JacobiMa    1.98373370700        1.98372174000        1.88274187600        1.93257716000       Residual    10666666.6666      MLUPs    5226.50795488    
  4  Maxtime , Mintime + JacobiMi , JacobiMa    1.98418723900        1.98418011200        1.88279974300        1.93252270000       Residual    2271604.93758      MLUPs    5225.31331530    
  4  Maxtime , Mintime + JacobiMi , JacobiMa    1.98472109100        1.98471385700        1.88388856400        1.93349809300       Residual    674897.119184      MLUPs    5223.90780600    
  4  Maxtime , Mintime + JacobiMi , JacobiMa    1.98373412900        1.98354313400        1.88317690500        1.93242007300       Residual    276406.035663      MLUPs    5226.50684304    
  4  Maxtime , Mintime + JacobiMi , JacobiMa    1.98465953400        1.98464428300        1.88308274200        1.93266989600       Residual    142411.387191      MLUPs    5224.06983283    
  4  Maxtime , Mintime + JacobiMi , JacobiMa    1.98561226200        1.98559813900        1.88346113800        1.93387362800       Residual    84767.9940501      MLUPs    5221.56324194    
  4  Maxtime , Mintime + JacobiMi , JacobiMa    1.98688469400        1.98687424200        1.88187775500        1.93418692100       Residual    55350.6292809      MLUPs    5218.21927126    
  4  Maxtime , Mintime + JacobiMi , JacobiMa    1.98482247700        1.98480894400        1.88371396700        1.93315414300       Residual    38518.7376190      MLUPs    5223.64096545    
  4  Maxtime , Mintime + JacobiMi , JacobiMa    1.98359070800        1.98358159100        1.88430657500        1.93206128600       Residual    28086.3459737      MLUPs    5226.88473897    
