# Threadlevel provided:        3 out of        0        1        2        3
  spat_dim , proc_dim, PBC ? 
           1 -Dim Input         2400           4 T
           2 -Dim Input         7200          12 T
           3 -Dim Input          600           1 T
#   0 Process grid   4  12   1
          14           3           2
          16           3           2
          18           3           2
          20           3           2
          22           3           2
          24           3           2
          26           3           2
          28           3           2
          30           3           2
          32           3           2
          34           3           2
          36           3           2
          38           3           2
          40           3           2
          42           3           2
          44           3           2
          46           3           2
           0           3           2
#   0  Allocated 2 arrays with a total of  3490.68      Mbytes 
           2           3           2
           4           3           2
           6           3           2
          10           3           2
          12           3           2
           1           3           2
           8           3           2
           3           3           2
           5           3           2
           7           3           2
           9           3           2
          11           3           2
          13           3           2
          15           3           2
          17           3           2
          19           3           2
          21           3           2
          23           3           2
          25           3           2
          27           3           2
          29           3           2
          31           3           2
          33           3           2
          35           3           2
          37           3           2
          39           3           2
          41           3           2
          43           3           2
          45           3           2
          47           3           2
# StartResidual    0.00000000000    
  4  Maxtime , Mintime + JacobiMi , JacobiMa    1.98242456200        1.98234959200        1.88224859200        1.91673508400       Residual    64056666.6158      MLUPs    5229.95941371    
  4  Maxtime , Mintime + JacobiMi , JacobiMa    1.97297265700        1.97295691800        1.88217895300        1.91783991800       Residual    10666666.6666      MLUPs    5255.01454022    
  4  Maxtime , Mintime + JacobiMi , JacobiMa    1.97237422200        1.97236465200        1.88402748400        1.91791802300       Residual    2271604.93758      MLUPs    5256.60895603    
  4  Maxtime , Mintime + JacobiMi , JacobiMa    1.97294890100        1.97294132900        1.88212484000        1.91895064000       Residual    674897.119184      MLUPs    5255.07781511    
  4  Maxtime , Mintime + JacobiMi , JacobiMa    1.97184508900        1.97183209000        1.88359955700        1.91803269400       Residual    276406.035663      MLUPs    5258.01953604    
  4  Maxtime , Mintime + JacobiMi , JacobiMa    1.97588341200        1.97587159600        1.88218278200        1.92234862700       Residual    142411.387191      MLUPs    5247.27316249    
  4  Maxtime , Mintime + JacobiMi , JacobiMa    1.98110681700        1.98109418700        1.88237908200        1.92734111300       Residual    84767.9940501      MLUPs    5233.43815237    
  4  Maxtime , Mintime + JacobiMi , JacobiMa    1.97277525500        1.97275902700        1.88250375700        1.91889212600       Residual    55350.6292809      MLUPs    5255.54037325    
  4  Maxtime , Mintime + JacobiMi , JacobiMa    1.97715189700        1.97713363300        1.88235077400        1.92341617100       Residual    38518.7376190      MLUPs    5243.90665974    
  4  Maxtime , Mintime + JacobiMi , JacobiMa    1.97334846900        1.97332423100        1.88207029500        1.91954455900       Residual    28086.3459737      MLUPs    5254.01375524    
