# Threadlevel provided:        3 out of        0        1        2        3
  spat_dim , proc_dim, PBC ? 
           1 -Dim Input          600           1 T
           2 -Dim Input         7200          12 T
           3 -Dim Input         2400           4 T
#   0 Process grid   1  12   4
           8           3           2
          10           3           2
          12           3           2
          14           3           2
          16           3           2
          18           3           2
          20           3           2
          22           3           2
          24           3           2
          26           3           2
          28           3           2
          30           3           2
          32           3           2
          34           3           2
          36           3           2
          38           3           2
          40           3           2
          42           3           2
          46           3           2
           0           3           2
#   0  Allocated 2 arrays with a total of  3490.68      Mbytes 
           2           3           2
           4           3           2
           6           3           2
          44           3           2
           1           3           2
           3           3           2
           5           3           2
           7           3           2
           9           3           2
          11           3           2
          13           3           2
          15           3           2
          17           3           2
          19           3           2
          21           3           2
          23           3           2
          25           3           2
          27           3           2
          29           3           2
          31           3           2
          33           3           2
          35           3           2
          37           3           2
          39           3           2
          41           3           2
          43           3           2
          45           3           2
          47           3           2
# StartResidual    0.00000000000    
  4  Maxtime , Mintime + JacobiMi , JacobiMa    2.00626115300        1.99612324900        1.89445729600        1.93522046300       Residual    64056666.6158      MLUPs    5167.82173871    
  4  Maxtime , Mintime + JacobiMi , JacobiMa    1.97124859200        1.97123507700        1.88337283400        1.91724176100       Residual    10666666.6666      MLUPs    5259.61060522    
  4  Maxtime , Mintime + JacobiMi , JacobiMa    1.97160411700        1.97159385900        1.88351873700        1.91713646000       Residual    2271604.93759      MLUPs    5258.66217797    
  4  Maxtime , Mintime + JacobiMi , JacobiMa    1.97344006200        1.97342818400        1.88389808700        1.91843581000       Residual    674897.119214      MLUPs    5253.76990142    
  4  Maxtime , Mintime + JacobiMi , JacobiMa    1.97001614400        1.97000827400        1.88212728500        1.91585490000       Residual    276406.035664      MLUPs    5262.90103336    
  4  Maxtime , Mintime + JacobiMi , JacobiMa    1.97173483800        1.97171122000        1.88235626200        1.91839150600       Residual    142411.387188      MLUPs    5258.31354206    
  4  Maxtime , Mintime + JacobiMi , JacobiMa    1.97156461600        1.97154803200        1.88250898800        1.91737674200       Residual    84767.9940506      MLUPs    5258.76753714    
  4  Maxtime , Mintime + JacobiMi , JacobiMa    1.96920410500        1.96918522300        1.88360791700        1.91493211900       Residual    55350.6292802      MLUPs    5265.07129133    
  4  Maxtime , Mintime + JacobiMi , JacobiMa    1.96936276100        1.96933606000        1.88339570900        1.91497877600       Residual    38518.7376189      MLUPs    5264.64712613    
  4  Maxtime , Mintime + JacobiMi , JacobiMa    1.98165576400        1.98164306000        1.88417180000        1.92996910600       Residual    28086.3459730      MLUPs    5231.98841512    
