# Threadlevel provided:        3 out of        0        1        2        3
  spat_dim , proc_dim, PBC ? 
           1 -Dim Input          600           1 T
           2 -Dim Input         7200          12 T
           3 -Dim Input         2400           4 T
#   0 Process grid   1  12   4
          14           3           2
          16           3           2
          18           3           2
          20           3           2
          22           3           2
          24           3           2
          26           3           2
          28           3           2
          30           3           2
          32           3           2
          34           3           2
          36           3           2
          38           3           2
          40           3           2
          42           3           2
          44           3           2
          46           3           2
           0           3           2
#   0  Allocated 2 arrays with a total of  3490.68      Mbytes 
           2           3           2
           4           3           2
           6           3           2
          10           3           2
          12           3           2
           8           3           2
           1           3           2
           3           3           2
           5           3           2
           7           3           2
           9           3           2
          11           3           2
          13           3           2
          15           3           2
          17           3           2
          19           3           2
          21           3           2
          23           3           2
          25           3           2
          27           3           2
          29           3           2
          31           3           2
          33           3           2
          35           3           2
          37           3           2
          39           3           2
          41           3           2
          43           3           2
          45           3           2
          47           3           2
# StartResidual    0.00000000000    
  4  Maxtime , Mintime + JacobiMi , JacobiMa    1.98881225400        1.98523143300        1.88305425800        1.91903982100       Residual    64056666.6158      MLUPs    5213.16176484    
  4  Maxtime , Mintime + JacobiMi , JacobiMa    1.98384077900        1.98382985200        1.88607437900        1.93111718400       Residual    10666666.6666      MLUPs    5226.22586941    
  4  Maxtime , Mintime + JacobiMi , JacobiMa    1.97632168400        1.97631022300        1.88726196600        1.92256687100       Residual    2271604.93759      MLUPs    5246.10951949    
  4  Maxtime , Mintime + JacobiMi , JacobiMa    1.98133213400        1.98132611200        1.88719503000        1.92874719600       Residual    674897.119214      MLUPs    5232.84300602    
  4  Maxtime , Mintime + JacobiMi , JacobiMa    1.97104092800        1.97103346900        1.88737941800        1.91659742200       Residual    276406.035664      MLUPs    5260.16474479    
  4  Maxtime , Mintime + JacobiMi , JacobiMa    1.97740852800        1.97080342800        1.88782151100        1.91724242600       Residual    142411.387188      MLUPs    5243.22609779    
  4  Maxtime , Mintime + JacobiMi , JacobiMa    1.97582330200        1.97581336500        1.88744316100        1.92213670000       Residual    84767.9940506      MLUPs    5247.43279903    
  4  Maxtime , Mintime + JacobiMi , JacobiMa    1.97493313100        1.97491367000        1.88825363600        1.92185245000       Residual    55350.6292802      MLUPs    5249.79799936    
  4  Maxtime , Mintime + JacobiMi , JacobiMa    1.97211715000        1.97210663700        1.88826008700        1.91704525700       Residual    38518.7376189      MLUPs    5257.29417241    
  4  Maxtime , Mintime + JacobiMi , JacobiMa    1.98366232000        1.98364148800        1.88757194900        1.93091663100       Residual    28086.3459730      MLUPs    5226.69604371    
