# Threadlevel provided:        3 out of        0        1        2        3
  spat_dim , proc_dim, PBC ? 
           1 -Dim Input         3600           6 T
           2 -Dim Input         2400           4 T
           3 -Dim Input          600           1 T
#   0 Process grid   6   4   1
           0           3           2
           2           3           2
           3           3           2
           4           3           2
           5           3           2
           6           3           2
           7           3           2
           8           3           2
           9           3           2
          10           3           2
          11           3           2
          12           3           2
          13           3           2
          14           3           2
          15           3           2
          16           3           2
          17           3           2
          18           3           2
          19           3           2
          20           3           2
          21           3           2
          22           3           2
          23           3           2
#   0  Allocated 2 arrays with a total of  3490.68      Mbytes 
           1           3           2
# StartResidual    0.00000000000    
  4  Maxtime , Mintime + JacobiMi , JacobiMa    3.05913224500        3.05907542000        2.85039514400        2.96192086200       Residual    34036666.6397      MLUPs    1694.59820133    
  4  Maxtime , Mintime + JacobiMi , JacobiMa    3.05519996300        3.05519256200        2.84920839600        2.95999033000       Residual    5666666.66663      MLUPs    1696.77928214    
  4  Maxtime , Mintime + JacobiMi , JacobiMa    3.05638951200        3.05638612700        2.84996949400        2.96160525000       Residual    1206790.12308      MLUPs    1696.11889442    
  4  Maxtime , Mintime + JacobiMi , JacobiMa    3.05731813900        3.05731456400        2.85054764400        2.96209507400       Residual    358539.094565      MLUPs    1695.60371682    
  4  Maxtime , Mintime + JacobiMi , JacobiMa    3.05694923800        3.05694486800        2.85049595400        2.96248738500       Residual    146840.706446      MLUPs    1695.80833583    
  4  Maxtime , Mintime + JacobiMi , JacobiMa    3.05702634300        3.05701516700        2.84919084900        2.96170590600       Residual    75656.0494459      MLUPs    1695.76556377    
  4  Maxtime , Mintime + JacobiMi , JacobiMa    3.05811007300        3.05810793600        2.85001427900        2.96336330600       Residual    45032.9968392      MLUPs    1695.16462006    
  4  Maxtime , Mintime + JacobiMi , JacobiMa    3.05749061000        3.05748409300        2.85130820200        2.96225425300       Residual    29405.0218055      MLUPs    1695.50806895    
  4  Maxtime , Mintime + JacobiMi , JacobiMa    3.05818522000        3.05818257400        2.85120587300        2.96290449100       Residual    20463.0793599      MLUPs    1695.12296577    
  4  Maxtime , Mintime + JacobiMi , JacobiMa    3.05867253700        3.05865761800        2.85168284500        2.96415008100       Residual    14920.8712987      MLUPs    1694.85289363    
