# Threadlevel provided:        3 out of        0        1        2        3
  spat_dim , proc_dim, PBC ? 
           1 -Dim Input         9600          16 T
           2 -Dim Input         1800           3 T
           3 -Dim Input          600           1 T
#   0 Process grid  16   3   1
          10           3           2
          15           3           2
          16           3           2
          17           3           2
          18           3           2
          20           3           2
          22           3           2
          23           3           2
          24           3           2
          25           3           2
          26           3           2
          28           3           2
          29           3           2
          30           3           2
          31           3           2
          32           3           2
          33           3           2
          34           3           2
          35           3           2
          36           3           2
          37           3           2
          38           3           2
          39           3           2
          40           3           2
          41           3           2
          43           3           2
          44           3           2
          45           3           2
          47           3           2
           0           3           2
#   0  Allocated 2 arrays with a total of  3490.68      Mbytes 
           1           3           2
           2           3           2
           3           3           2
           4           3           2
           5           3           2
           6           3           2
           7           3           2
           8           3           2
           9           3           2
          11           3           2
          13           3           2
          14           3           2
          19           3           2
          21           3           2
          42           3           2
          27           3           2
          46           3           2
          12           3           2
# StartResidual    0.00000000000    
  4  Maxtime , Mintime + JacobiMi , JacobiMa    4.08724296500        4.08713513000        3.80889948900        3.95783827600       Residual    67066666.6135      MLUPs    2536.67327555    
  4  Maxtime , Mintime + JacobiMi , JacobiMa    4.08360971300        4.08357754500        3.80610044300        3.96623262900       Residual    11166666.6666      MLUPs    2538.93019379    
  4  Maxtime , Mintime + JacobiMi , JacobiMa    4.08522287200        4.08518759100        3.80444144400        3.96739467800       Residual    2378086.41902      MLUPs    2537.92762962    
  4  Maxtime , Mintime + JacobiMi , JacobiMa    4.08549921700        4.08546206500        3.80605780200        3.96823599400       Residual    706532.921637      MLUPs    2537.75596306    
  4  Maxtime , Mintime + JacobiMi , JacobiMa    4.08537859700        4.08504727200        3.80504339000        3.96812718400       Residual    289362.568584      MLUPs    2537.83088980    
  4  Maxtime , Mintime + JacobiMi , JacobiMa    4.08550652200        4.08547493600        3.80599221100        3.96844502500       Residual    149086.920966      MLUPs    2537.75142548    
  4  Maxtime , Mintime + JacobiMi , JacobiMa    4.08531674600        4.08528885900        3.80565592000        3.96806192000       Residual    88741.4937712      MLUPs    2537.86931213    
  4  Maxtime , Mintime + JacobiMi , JacobiMa    4.08732399200        4.08729909600        3.80676124300        3.96970380500       Residual    57945.1900286      MLUPs    2536.62298861    
  4  Maxtime , Mintime + JacobiMi , JacobiMa    4.08686365800        4.08683689400        3.80640462400        3.96978034400       Residual    40324.3034448      MLUPs    2536.90870742    
  4  Maxtime , Mintime + JacobiMi , JacobiMa    4.08708958300        4.08707164700        3.80641149900        3.96975957700       Residual    29402.8934415      MLUPs    2536.76847288    
