# Threadlevel provided:        3 out of        0        1        2        3
  spat_dim , proc_dim, PBC ? 
           1 -Dim Input          600           1 T
           2 -Dim Input         4800           8 T
           3 -Dim Input         1800           3 T
#   0 Process grid   1   8   3
           0           3           2
           2           3           2
           4           3           2
           6           3           2
           8           3           2
          10           3           2
          12           3           2
          14           3           2
          16           3           2
          18           3           2
          20           3           2
          22           3           2
#   0  Allocated 2 arrays with a total of  3490.68      Mbytes 
           1           3           2
           5           3           2
           9           3           2
          13           3           2
          17           3           2
          21           3           2
          23           3           2
           3           3           2
           7           3           2
          11           3           2
          15           3           2
          19           3           2
# StartResidual    0.00000000000    
  4  Maxtime , Mintime + JacobiMi , JacobiMa    1.95365368200        1.95263928900        1.88105321100        1.89598097900       Residual    35039999.9723      MLUPs    2653.48973964    
  4  Maxtime , Mintime + JacobiMi , JacobiMa    1.94554519600        1.94553103300        1.88096149500        1.89568937400       Residual    5833333.33331      MLUPs    2664.54873968    
  4  Maxtime , Mintime + JacobiMi , JacobiMa    1.94532473500        1.94530191900        1.88061405300        1.89541089500       Residual    1242283.95023      MLUPs    2664.85070936    
  4  Maxtime , Mintime + JacobiMi , JacobiMa    1.94569649100        1.94568798600        1.88079531500        1.89580118500       Residual    369084.362069      MLUPs    2664.34154760    
  4  Maxtime , Mintime + JacobiMi , JacobiMa    1.94513412000        1.94512746500        1.88091673400        1.89521496600       Residual    151159.550754      MLUPs    2665.11185357    
  4  Maxtime , Mintime + JacobiMi , JacobiMa    1.94570943300        1.94570278500        1.88078372000        1.89581945100       Residual    77881.2273696      MLUPs    2664.32382558    
  4  Maxtime , Mintime + JacobiMi , JacobiMa    1.94514146800        1.94513374000        1.88066689200        1.89529443200       Residual    46357.4967466      MLUPs    2665.10178580    
  4  Maxtime , Mintime + JacobiMi , JacobiMa    1.94539269000        1.94538186400        1.88086171200        1.89553949100       Residual    30269.8753876      MLUPs    2664.75762279    
  4  Maxtime , Mintime + JacobiMi , JacobiMa    1.94511122400        1.94510376300        1.88050269700        1.89533119100       Residual    21064.9346353      MLUPs    2665.14322474    
  4  Maxtime , Mintime + JacobiMi , JacobiMa    1.94529503500        1.94528629100        1.88076929700        1.89546533200       Residual    15359.7204542      MLUPs    2664.89139525    
