# Threadlevel provided:        3 out of        0        1        2        3
  spat_dim , proc_dim, PBC ? 
           1 -Dim Input         1200           2 T
           2 -Dim Input          600           1 T
           3 -Dim Input         1200           2 T
#   0 Process grid   2   1   2
           0           3           2
           3           3           2
           1           3           2
           2           3           2
#   0  Allocated 2 arrays with a total of  3490.68      Mbytes 
# StartResidual    0.00000000000    
  4  Maxtime , Mintime + JacobiMi , JacobiMa    1.93527678400        1.93524302400        1.88409859800        1.88657900500       Residual    8016666.66038      MLUPs    446.447767649    
  4  Maxtime , Mintime + JacobiMi , JacobiMa    1.93379507400        1.93379486600        1.88437804400        1.88680101200       Residual    1333333.33333      MLUPs    446.789844289    
  4  Maxtime , Mintime + JacobiMi , JacobiMa    1.93354425700        1.93354359300        1.88411733100        1.88659309200       Residual    283950.617189      MLUPs    446.847801322    
  4  Maxtime , Mintime + JacobiMi , JacobiMa    1.93373486300        1.93373355700        1.88424189800        1.88677918700       Residual    84362.1398990      MLUPs    446.803756053    
  4  Maxtime , Mintime + JacobiMi , JacobiMa    1.93371294700        1.93371228600        1.88394897200        1.88676786000       Residual    34550.7544587      MLUPs    446.808819965    
  4  Maxtime , Mintime + JacobiMi , JacobiMa    1.93364719700        1.93364633800        1.88427806900        1.88667305600       Residual    17801.4233996      MLUPs    446.824012850    
  4  Maxtime , Mintime + JacobiMi , JacobiMa    1.93404420400        1.93404400500        1.88422687200        1.88710222200       Residual    10595.9992565      MLUPs    446.732291957    
  4  Maxtime , Mintime + JacobiMi , JacobiMa    1.93427378100        1.93427297200        1.88471201400        1.88720815600       Residual    6918.82866006      MLUPs    446.679269753    
  4  Maxtime , Mintime + JacobiMi , JacobiMa    1.93372093000        1.93372036100        1.88415306500        1.88677475300       Residual    4814.84220210      MLUPs    446.806975399    
  4  Maxtime , Mintime + JacobiMi , JacobiMa    1.93434853300        1.93434773700        1.88447673000        1.88728419900       Residual    3510.79324689      MLUPs    446.662008041    
