# Threadlevel provided:        3 out of        0        1        2        3
  spat_dim , proc_dim, PBC ? 
           1 -Dim Input         1200           2 T
           2 -Dim Input          600           1 T
           3 -Dim Input         1200           2 T
#   0 Process grid   2   1   2
           0           3           2
           1           3           2
           2           3           2
           3           3           2
#   0  Allocated 2 arrays with a total of  3490.68      Mbytes 
# StartResidual    0.00000000000    
  4  Maxtime , Mintime + JacobiMi , JacobiMa    1.93797323400        1.93793121700        1.88247608700        1.88839423000       Residual    8016666.66038      MLUPs    445.826590812    
  4  Maxtime , Mintime + JacobiMi , JacobiMa    1.93654156400        1.93654066200        1.88255269000        1.88946766100       Residual    1333333.33333      MLUPs    446.156186917    
  4  Maxtime , Mintime + JacobiMi , JacobiMa    1.93531265100        1.93531182300        1.88238969800        1.88820842200       Residual    283950.617189      MLUPs    446.439493667    
  4  Maxtime , Mintime + JacobiMi , JacobiMa    1.93553932500        1.93553891000        1.88236309500        1.88838578300       Residual    84362.1398990      MLUPs    446.387210448    
  4  Maxtime , Mintime + JacobiMi , JacobiMa    1.93517439700        1.93517407100        1.88233471800        1.88804810100       Residual    34550.7544587      MLUPs    446.471388491    
  4  Maxtime , Mintime + JacobiMi , JacobiMa    1.93559416900        1.93559347800        1.88247531900        1.88847667600       Residual    17801.4233996      MLUPs    446.374562311    
  4  Maxtime , Mintime + JacobiMi , JacobiMa    1.93522251800        1.93522163000        1.88228806600        1.88809994900       Residual    10595.9992565      MLUPs    446.460286589    
  4  Maxtime , Mintime + JacobiMi , JacobiMa    1.93543175300        1.93543072700        1.88251258400        1.88828364800       Residual    6918.82866006      MLUPs    446.412020812    
  4  Maxtime , Mintime + JacobiMi , JacobiMa    1.93546564600        1.93546519300        1.88233235200        1.88830915300       Residual    4814.84220210      MLUPs    446.404203446    
  4  Maxtime , Mintime + JacobiMi , JacobiMa    1.93570123600        1.93570008300        1.88238939000        1.88852913300       Residual    3510.79324689      MLUPs    446.349872559    
