# Threadlevel provided:        3 out of        0        1        2        3
  spat_dim , proc_dim, PBC ? 
           1 -Dim Input         1200           2 T
           2 -Dim Input          600           1 T
           3 -Dim Input         1200           2 T
#   0 Process grid   2   1   2
           0           3           2
           1           3           2
           2           3           2
           3           3           2
#   0  Allocated 2 arrays with a total of  3490.68      Mbytes 
# StartResidual    0.00000000000    
  4  Maxtime , Mintime + JacobiMi , JacobiMa    1.93252913300        1.93252818800        1.88220209700        1.88303020900       Residual    8016666.66038      MLUPs    447.082522714    
  4  Maxtime , Mintime + JacobiMi , JacobiMa    1.93006023200        1.93005936500        1.88232132400        1.88302840100       Residual    1333333.33333      MLUPs    447.654423253    
  4  Maxtime , Mintime + JacobiMi , JacobiMa    1.92986662800        1.92986592800        1.88214401500        1.88282072600       Residual    283950.617189      MLUPs    447.699331894    
  4  Maxtime , Mintime + JacobiMi , JacobiMa    1.93008414500        1.93008201200        1.88239776100        1.88302730700       Residual    84362.1398990      MLUPs    447.648876987    
  4  Maxtime , Mintime + JacobiMi , JacobiMa    1.92983298400        1.92983229900        1.88213613300        1.88283098100       Residual    34550.7544587      MLUPs    447.707136920    
  4  Maxtime , Mintime + JacobiMi , JacobiMa    1.93004342500        1.93004203400        1.88233322500        1.88305192400       Residual    17801.4233996      MLUPs    447.658321470    
  4  Maxtime , Mintime + JacobiMi , JacobiMa    1.92976466900        1.92976336700        1.88220859000        1.88284083800       Residual    10595.9992565      MLUPs    447.722986061    
  4  Maxtime , Mintime + JacobiMi , JacobiMa    1.93012096800        1.93012020600        1.88238795400        1.88307482900       Residual    6918.82866006      MLUPs    447.640336707    
  4  Maxtime , Mintime + JacobiMi , JacobiMa    1.92977380200        1.92977243600        1.88212818600        1.88278426900       Residual    4814.84220210      MLUPs    447.720867132    
  4  Maxtime , Mintime + JacobiMi , JacobiMa    1.93022301300        1.93022142400        1.88256329700        1.88315761400       Residual    3510.79324689      MLUPs    447.616671328    
