# Threadlevel provided:        3 out of        0        1        2        3
  spat_dim , proc_dim, PBC ? 
           1 -Dim Input         1200           2 T
           2 -Dim Input          600           1 T
           3 -Dim Input         1200           2 T
#   0 Process grid   2   1   2
           0           3           2
           1           3           2
           2           3           2
           3           3           2
#   0  Allocated 2 arrays with a total of  3490.68      Mbytes 
# StartResidual    0.00000000000    
  4  Maxtime , Mintime + JacobiMi , JacobiMa    1.93738100400        1.93734303900        1.88267369700        1.88868869200       Residual    8016666.66038      MLUPs    445.962873702    
  4  Maxtime , Mintime + JacobiMi , JacobiMa    1.93539596700        1.93539533500        1.88282645200        1.88860438300       Residual    1333333.33333      MLUPs    446.420275092    
  4  Maxtime , Mintime + JacobiMi , JacobiMa    1.93502187400        1.93502135600        1.88252791700        1.88822599200       Residual    283950.617189      MLUPs    446.506580421    
  4  Maxtime , Mintime + JacobiMi , JacobiMa    1.93524854000        1.93524825200        1.88267584000        1.88852734800       Residual    84362.1398990      MLUPs    446.454283335    
  4  Maxtime , Mintime + JacobiMi , JacobiMa    1.93509991900        1.93509906800        1.88259473000        1.88828611400       Residual    34550.7544587      MLUPs    446.488572252    
  4  Maxtime , Mintime + JacobiMi , JacobiMa    1.93525315800        1.93525148900        1.88262918300        1.88849839800       Residual    17801.4233996      MLUPs    446.453217983    
  4  Maxtime , Mintime + JacobiMi , JacobiMa    1.93503162700        1.93503092500        1.88257644500        1.88826111800       Residual    10595.9992565      MLUPs    446.504329926    
  4  Maxtime , Mintime + JacobiMi , JacobiMa    1.93580471800        1.93580368300        1.88279755300        1.88898996100       Residual    6918.82866006      MLUPs    446.326012106    
  4  Maxtime , Mintime + JacobiMi , JacobiMa    1.93487113000        1.93486950700        1.88262433800        1.88811437700       Residual    4814.84220210      MLUPs    446.541367331    
  4  Maxtime , Mintime + JacobiMi , JacobiMa    1.93547617600        1.93547458700        1.88275329000        1.88869859700       Residual    3510.79324689      MLUPs    446.401774774    
