# Threadlevel provided:        3 out of        0        1        2        3
  spat_dim , proc_dim, PBC ? 
           1 -Dim Input         1800           3 T
           2 -Dim Input         1200           2 T
           3 -Dim Input         1200           2 T
#   0 Process grid   3   2   2
           0           3           2
           4           3           2
           6           3           2
           8           3           2
          10           3           2
           2           3           2
#   0  Allocated 2 arrays with a total of  3490.68      Mbytes 
           1           3           2
           3           3           2
           5           3           2
           7           3           2
           9           3           2
          11           3           2
# StartResidual    0.00000000000    
  4  Maxtime , Mintime + JacobiMi , JacobiMa    1.95465427900        1.95348210900        1.88191351900        1.89231011100       Residual    16023333.3207      MLUPs    1326.06570269    
  4  Maxtime , Mintime + JacobiMi , JacobiMa    1.95260397200        1.95259798100        1.88139379700        1.89235226300       Residual    2666666.66665      MLUPs    1327.45812114    
  4  Maxtime , Mintime + JacobiMi , JacobiMa    1.95270494700        1.95269683600        1.88123601000        1.89241951300       Residual    567901.234394      MLUPs    1327.38947785    
  4  Maxtime , Mintime + JacobiMi , JacobiMa    1.95314600400        1.95279949600        1.88137527900        1.89251758700       Residual    168724.279797      MLUPs    1327.08972841    
  4  Maxtime , Mintime + JacobiMi , JacobiMa    1.95278381800        1.95277831500        1.88119779200        1.89246910000       Residual    69101.5089160      MLUPs    1327.33586591    
  4  Maxtime , Mintime + JacobiMi , JacobiMa    1.95270827600        1.95270175200        1.88128520200        1.89243952300       Residual    35602.8467980      MLUPs    1327.38721490    
  4  Maxtime , Mintime + JacobiMi , JacobiMa    1.95277859800        1.95276269100        1.88114971400        1.89251468000       Residual    21191.9985126      MLUPs    1327.33941403    
  4  Maxtime , Mintime + JacobiMi , JacobiMa    1.95276455800        1.95275603200        1.88126349300        1.89251293200       Residual    13837.6573202      MLUPs    1327.34895734    
  4  Maxtime , Mintime + JacobiMi , JacobiMa    1.95265457500        1.95264806600        1.88106675300        1.89236212000       Residual    9629.68440473      MLUPs    1327.42372009    
  4  Maxtime , Mintime + JacobiMi , JacobiMa    1.95270171300        1.95269585800        1.88131790500        1.89241329300       Residual    7021.58649346      MLUPs    1327.39167623    
