# Threadlevel provided:        3 out of        0        1        2        3
  spat_dim , proc_dim, PBC ? 
           1 -Dim Input         1200           2 T
           2 -Dim Input         1200           2 T
           3 -Dim Input         1800           3 T
#   0 Process grid   2   2   3
           0           3           2
           3           3           2
           4           3           2
           5           3           2
           6           3           2
           7           3           2
           8           3           2
           9           3           2
          10           3           2
          11           3           2
#   0  Allocated 2 arrays with a total of  3490.68      Mbytes 
           1           3           2
           2           3           2
# StartResidual    0.00000000000    
  4  Maxtime , Mintime + JacobiMi , JacobiMa    3.06120664800        3.06092478600        2.95295136900        2.96607002600       Residual    16023333.3207      MLUPs    846.724934984    
  4  Maxtime , Mintime + JacobiMi , JacobiMa    3.06002409300        3.06001672700        2.95449051400        2.96758885700       Residual    2666666.66665      MLUPs    847.052154239    
  4  Maxtime , Mintime + JacobiMi , JacobiMa    3.05860115800        3.05859856900        2.95305407700        2.96611705400       Residual    567901.234395      MLUPs    847.446223324    
  4  Maxtime , Mintime + JacobiMi , JacobiMa    3.06081635700        3.06080621400        2.95533136400        2.96830007900       Residual    168724.279799      MLUPs    846.832902625    
  4  Maxtime , Mintime + JacobiMi , JacobiMa    3.06000683000        3.05999224300        2.95450304500        2.96755231800       Residual    69101.5089160      MLUPs    847.056932876    
  4  Maxtime , Mintime + JacobiMi , JacobiMa    3.06039376200        3.06039118000        2.95447811600        2.96791192700       Residual    35602.8467978      MLUPs    846.949837692    
  4  Maxtime , Mintime + JacobiMi , JacobiMa    3.05981151600        3.05980899200        2.95402981800        2.96740328600       Residual    21191.9985126      MLUPs    847.111002245    
  4  Maxtime , Mintime + JacobiMi , JacobiMa    3.06149314200        3.06147982300        2.95563312600        2.96903669600       Residual    13837.6573202      MLUPs    846.645698611    
  4  Maxtime , Mintime + JacobiMi , JacobiMa    3.06002850900        3.06002584300        2.95429361100        2.96758125300       Residual    9629.68440473      MLUPs    847.050931838    
  4  Maxtime , Mintime + JacobiMi , JacobiMa    3.06079929100        3.06079673600        2.95516416700        2.96836480600       Residual    7021.58649341      MLUPs    846.837624284    
