# Threadlevel provided:        3 out of        0        1        2        3
  spat_dim , proc_dim, PBC ? 
           1 -Dim Input          600           1 T
           2 -Dim Input         7200          12 T
           3 -Dim Input         2400           4 T
#   0 Process grid   1  12   4
           8           3           2
           9           3           2
          10           3           2
          11           3           2
          12           3           2
          13           3           2
          14           3           2
          16           3           2
          17           3           2
          18           3           2
          19           3           2
          20           3           2
          21           3           2
          22           3           2
          24           3           2
          25           3           2
          28           3           2
          30           3           2
          32           3           2
          33           3           2
          34           3           2
          35           3           2
          36           3           2
          37           3           2
          38           3           2
          40           3           2
          41           3           2
          42           3           2
          43           3           2
          44           3           2
          45           3           2
          46           3           2
           0           3           2
#   0  Allocated 2 arrays with a total of  3490.68      Mbytes 
           1           3           2
           2           3           2
           3           3           2
           4           3           2
           5           3           2
           6           3           2
          27           3           2
          29           3           2
          23           3           2
          26           3           2
          31           3           2
          39           3           2
          47           3           2
           7           3           2
          15           3           2
# StartResidual    0.00000000000    
  4  Maxtime , Mintime + JacobiMi , JacobiMa    4.11066543900        4.11020798100        3.81807100300        3.99875846100       Residual    64056666.6158      MLUPs    2522.21937150    
  4  Maxtime , Mintime + JacobiMi , JacobiMa    4.10382254000        4.10379979600        3.81919375200        3.99478429500       Residual    10666666.6666      MLUPs    2526.42503396    
  4  Maxtime , Mintime + JacobiMi , JacobiMa    4.10397689600        4.10395994800        3.81823963000        3.99497042900       Residual    2271604.93759      MLUPs    2526.33001178    
  4  Maxtime , Mintime + JacobiMi , JacobiMa    4.10757507600        4.10755937600        3.81950652200        4.00016946700       Residual    674897.119214      MLUPs    2524.11698098    
  4  Maxtime , Mintime + JacobiMi , JacobiMa    4.10217842800        4.10181983700        3.81848386200        3.99325094500       Residual    276406.035664      MLUPs    2527.43759980    
  4  Maxtime , Mintime + JacobiMi , JacobiMa    4.10407351100        4.10405035700        3.82041957500        3.99478081100       Residual    142411.387188      MLUPs    2526.27053882    
  4  Maxtime , Mintime + JacobiMi , JacobiMa    4.10867074000        4.10865825600        3.81922242000        4.00112732600       Residual    84767.9940506      MLUPs    2523.44387178    
  4  Maxtime , Mintime + JacobiMi , JacobiMa    4.10544283500        4.10542776300        3.81944875200        3.99652650900       Residual    55350.6292802      MLUPs    2525.42792987    
  4  Maxtime , Mintime + JacobiMi , JacobiMa    4.10793726900        4.10791600200        3.81870378800        3.99991566800       Residual    38518.7376189      MLUPs    2523.89443194    
  4  Maxtime , Mintime + JacobiMi , JacobiMa    4.11011339000        4.11008665800        3.82046523800        4.00172033800       Residual    28086.3459730      MLUPs    2522.55814285    
