# Threadlevel provided:        3 out of        0        1        2        3
  spat_dim , proc_dim, PBC ? 
           1 -Dim Input          600           1 T
           2 -Dim Input         3600           6 T
           3 -Dim Input         4800           8 T
#   0 Process grid   1   6   8
           9           3           2
          11           3           2
          12           3           2
          14           3           2
          15           3           2
          16           3           2
          17           3           2
          18           3           2
          19           3           2
          20           3           2
          22           3           2
          23           3           2
          24           3           2
          25           3           2
          27           3           2
          28           3           2
          30           3           2
          31           3           2
          32           3           2
          33           3           2
          34           3           2
          35           3           2
          38           3           2
          39           3           2
          40           3           2
          41           3           2
          43           3           2
          44           3           2
          46           3           2
          47           3           2
           0           3           2
#   0  Allocated 2 arrays with a total of  3490.68      Mbytes 
           1           3           2
           2           3           2
           3           3           2
           4           3           2
           6           3           2
           7           3           2
           8           3           2
          13           3           2
          21           3           2
          29           3           2
          37           3           2
          45           3           2
          36           3           2
           5           3           2
          10           3           2
          26           3           2
          42           3           2
# StartResidual    0.00000000000    
  4  Maxtime , Mintime + JacobiMi , JacobiMa    4.10494181100        4.10466250400        3.81948989300        3.99085718100       Residual    62049999.9507      MLUPs    2525.73616810    
  4  Maxtime , Mintime + JacobiMi , JacobiMa    4.10145952000        4.10143468600        3.81897563500        3.98989506800       Residual    10333333.3333      MLUPs    2527.88061163    
  4  Maxtime , Mintime + JacobiMi , JacobiMa    4.10162091700        4.10159534600        3.81946540800        3.98999451100       Residual    2200617.28329      MLUPs    2527.78114063    
  4  Maxtime , Mintime + JacobiMi , JacobiMa    4.15706062800        4.15666881700        3.82069491500        4.05507990100       Residual    653806.584240      MLUPs    2494.06995177    
  4  Maxtime , Mintime + JacobiMi , JacobiMa    4.12844458400        4.12843214900        3.82115044800        4.02511307500       Residual    267768.347049      MLUPs    2511.35743475    
  4  Maxtime , Mintime + JacobiMi , JacobiMa    4.12962788700        4.12961622800        3.82037119200        4.02635539700       Residual    137961.031338      MLUPs    2510.63783074    
  4  Maxtime , Mintime + JacobiMi , JacobiMa    4.12937528100        4.12935580300        3.81964544000        4.02606948100       Residual    82118.9942364      MLUPs    2510.79141383    
  4  Maxtime , Mintime + JacobiMi , JacobiMa    4.12885717200        4.12884437500        3.82070172500        4.02576770600       Residual    53620.9221152      MLUPs    2511.10648010    
  4  Maxtime , Mintime + JacobiMi , JacobiMa    4.12965847300        4.12962926800        3.82044936400        4.02637120200       Residual    37315.0270682      MLUPs    2510.61923590    
  4  Maxtime , Mintime + JacobiMi , JacobiMa    4.13097436400        4.13095431000        3.82151718700        4.02765700200       Residual    27208.6476612      MLUPs    2509.81949691    
