# Threadlevel provided:        3 out of        0        1        2        3
  spat_dim , proc_dim, PBC ? 
           1 -Dim Input         4800           8 T
           2 -Dim Input         1800           3 T
           3 -Dim Input          600           1 T
#   0 Process grid   8   3   1
           0           3           2
          14           3           2
          16           3           2
          18           3           2
          20           3           2
          22           3           2
           2           3           2
           4           3           2
           6           3           2
           8           3           2
          10           3           2
          12           3           2
#   0  Allocated 2 arrays with a total of  3490.68      Mbytes 
           1           3           2
           5           3           2
           9           3           2
          13           3           2
          15           3           2
          17           3           2
          19           3           2
          21           3           2
          23           3           2
           3           3           2
           7           3           2
          11           3           2
# StartResidual    0.00000000000    
  4  Maxtime , Mintime + JacobiMi , JacobiMa    1.96958002700        1.96891330300        1.88146833800        1.90206269400       Residual    35039999.9723      MLUPs    2632.03318928    
  4  Maxtime , Mintime + JacobiMi , JacobiMa    1.96292332300        1.96290872200        1.88124632400        1.90261948300       Residual    5833333.33330      MLUPs    2640.95899175    
  4  Maxtime , Mintime + JacobiMi , JacobiMa    1.96202973400        1.96201672500        1.88088038500        1.90167654500       Residual    1242283.95023      MLUPs    2642.16179305    
  4  Maxtime , Mintime + JacobiMi , JacobiMa    1.96287733600        1.96286696700        1.88115244400        1.90241181200       Residual    369084.362051      MLUPs    2641.02086510    
  4  Maxtime , Mintime + JacobiMi , JacobiMa    1.96177826300        1.96176468800        1.88080372900        1.90146409500       Residual    151159.550754      MLUPs    2642.50047917    
  4  Maxtime , Mintime + JacobiMi , JacobiMa    1.96254110100        1.96253489700        1.88128725800        1.90210793500       Residual    77881.2273708      MLUPs    2641.47334156    
  4  Maxtime , Mintime + JacobiMi , JacobiMa    1.96192567100        1.96191575400        1.88098698800        1.90154078300       Residual    46357.4967463      MLUPs    2642.30193663    
  4  Maxtime , Mintime + JacobiMi , JacobiMa    1.96271284400        1.96270316900        1.88147947500        1.90218354100       Residual    30269.8753880      MLUPs    2641.24220507    
  4  Maxtime , Mintime + JacobiMi , JacobiMa    1.96190016000        1.96189021700        1.88099569900        1.90160676300       Residual    21064.9346352      MLUPs    2642.33629503    
  4  Maxtime , Mintime + JacobiMi , JacobiMa    1.96277163100        1.96276333000        1.88133392500        1.90233541300       Residual    15359.7204546      MLUPs    2641.16309719    
