# Threadlevel provided:        3 out of        0        1        2        3
  spat_dim , proc_dim, PBC ? 
           1 -Dim Input          600           1 T
           2 -Dim Input         1200           2 T
           3 -Dim Input         7200          12 T
#   0 Process grid   1   2  12
           0           3           2
           6           3           2
           7           3           2
           8           3           2
           9           3           2
          10           3           2
          11           3           2
          12           3           2
          13           3           2
          14           3           2
          15           3           2
          16           3           2
          17           3           2
          18           3           2
          19           3           2
          20           3           2
          21           3           2
          22           3           2
          23           3           2
#   0  Allocated 2 arrays with a total of  3490.68      Mbytes 
           1           3           2
           2           3           2
           3           3           2
           4           3           2
           5           3           2
# StartResidual    0.00000000000    
  4  Maxtime , Mintime + JacobiMi , JacobiMa    3.06418784600        3.06412624900        2.84933080700        2.96860632300       Residual    38049999.9700      MLUPs    1691.80228515    
  4  Maxtime , Mintime + JacobiMi , JacobiMa    3.05978921900        3.05978466900        2.84993897100        2.96619513400       Residual    6333333.33330      MLUPs    1694.23435046    
  4  Maxtime , Mintime + JacobiMi , JacobiMa    3.06064782200        3.06064431200        2.84873330600        2.96695161100       Residual    1348765.43168      MLUPs    1693.75906719    
  4  Maxtime , Mintime + JacobiMi , JacobiMa    3.05972675300        3.05971500500        2.84936008600        2.96610118900       Residual    400720.164530      MLUPs    1694.26893918    
  4  Maxtime , Mintime + JacobiMi , JacobiMa    3.05873813100        3.05872567700        2.85015107600        2.96500610900       Residual    164116.083676      MLUPs    1694.81654786    
  4  Maxtime , Mintime + JacobiMi , JacobiMa    3.05827740900        3.05825549600        2.85144649800        2.96431722900       Residual    84556.7611446      MLUPs    1695.07186782    
  4  Maxtime , Mintime + JacobiMi , JacobiMa    3.05899264900        3.05898282300        2.85214135400        2.96522291200       Residual    50330.9964679      MLUPs    1694.67553369    
  4  Maxtime , Mintime + JacobiMi , JacobiMa    3.05863266100        3.05862845600        2.85151628200        2.96492682600       Residual    32864.4361352      MLUPs    1694.87498976    
  4  Maxtime , Mintime + JacobiMi , JacobiMa    3.05969248100        3.05968893800        2.85156940500        2.96592074400       Residual    22870.5004613      MLUPs    1694.28791690    
  4  Maxtime , Mintime + JacobiMi , JacobiMa    3.05902192200        3.05901819000        2.85021489300        2.96517896000       Residual    16676.2679218      MLUPs    1694.65931667    
