# Threadlevel provided:        3 out of        0        1        2        3
  spat_dim , proc_dim, PBC ? 
           1 -Dim Input         1200           2 T
           2 -Dim Input         3600           6 T
           3 -Dim Input          600           1 T
#   0 Process grid   2   6   1
           0           3           2
           8           3           2
          10           3           2
           2           3           2
           4           3           2
           6           3           2
#   0  Allocated 2 arrays with a total of  3490.68      Mbytes 
           1           3           2
           3           3           2
           5           3           2
           7           3           2
           9           3           2
          11           3           2
# StartResidual    0.00000000000    
  4  Maxtime , Mintime + JacobiMi , JacobiMa    1.95613817600        1.95609120000        1.88132874000        1.89493736600       Residual    20029999.9842      MLUPs    1325.05976919    
  4  Maxtime , Mintime + JacobiMi , JacobiMa    1.95353806800        1.95353143100        1.88096429600        1.89443541400       Residual    3333333.33332      MLUPs    1326.82338904    
  4  Maxtime , Mintime + JacobiMi , JacobiMa    1.95304098300        1.95303502000        1.88104474600        1.89436775600       Residual    709876.542990      MLUPs    1327.16109010    
  4  Maxtime , Mintime + JacobiMi , JacobiMa    1.95355367000        1.95354535300        1.88095965500        1.89428887400       Residual    210905.349749      MLUPs    1326.81279240    
  4  Maxtime , Mintime + JacobiMi , JacobiMa    1.95292075000        1.95291463800        1.88091582100        1.89441353400       Residual    86376.8861456      MLUPs    1327.24279774    
  4  Maxtime , Mintime + JacobiMi , JacobiMa    1.95349530900        1.95348923800        1.88087924500        1.89431472500       Residual    44503.5584978      MLUPs    1326.85243116    
  4  Maxtime , Mintime + JacobiMi , JacobiMa    1.95291833200        1.95291274900        1.88091073100        1.89450822300       Residual    26489.9981409      MLUPs    1327.24444106    
  4  Maxtime , Mintime + JacobiMi , JacobiMa    1.95346322500        1.95345746100        1.88097735300        1.89465512900       Residual    17297.0716502      MLUPs    1326.87422360    
  4  Maxtime , Mintime + JacobiMi , JacobiMa    1.95360183000        1.95358511300        1.88096095200        1.89432345200       Residual    12037.1055058      MLUPs    1326.78008394    
  4  Maxtime , Mintime + JacobiMi , JacobiMa    1.95358939500        1.95358188100        1.88089191800        1.89456848800       Residual    8776.98311691      MLUPs    1326.78852917    
