# Threadlevel provided:        3 out of        0        1        2        3
  spat_dim , proc_dim, PBC ? 
           1 -Dim Input         1200           2 T
           2 -Dim Input         3600           6 T
           3 -Dim Input          600           1 T
#   0 Process grid   2   6   1
           0           3           2
           4           3           2
           8           3           2
          10           3           2
#   0  Allocated 2 arrays with a total of  3490.68      Mbytes 
           2           3           2
           6           3           2
           1           3           2
           3           3           2
           5           3           2
           7           3           2
           9           3           2
          11           3           2
# StartResidual    0.00000000000    
  4  Maxtime , Mintime + JacobiMi , JacobiMa    1.95663083800        1.95658449700        1.88210697900        1.88983368400       Residual    20029999.9842      MLUPs    1324.72613109    
  4  Maxtime , Mintime + JacobiMi , JacobiMa    1.94867999800        1.94866851800        1.88161069000        1.88986228100       Residual    3333333.33332      MLUPs    1330.13116708    
  4  Maxtime , Mintime + JacobiMi , JacobiMa    1.94866776300        1.94864905100        1.88156739000        1.88982374300       Residual    709876.542990      MLUPs    1330.13951850    
  4  Maxtime , Mintime + JacobiMi , JacobiMa    1.94905995100        1.94905403100        1.88160215200        1.88978173500       Residual    210905.349749      MLUPs    1329.87186909    
  4  Maxtime , Mintime + JacobiMi , JacobiMa    1.94866672500        1.94865827200        1.88192277200        1.88979747400       Residual    86376.8861456      MLUPs    1330.14022703    
  4  Maxtime , Mintime + JacobiMi , JacobiMa    1.94878783200        1.94877932100        1.88170596200        1.88997088600       Residual    44503.5584978      MLUPs    1330.05756575    
  4  Maxtime , Mintime + JacobiMi , JacobiMa    1.94874640100        1.94873951300        1.88165625600        1.88990609300       Residual    26489.9981409      MLUPs    1330.08584322    
  4  Maxtime , Mintime + JacobiMi , JacobiMa    1.94900730800        1.94899762700        1.88156610200        1.88983312300       Residual    17297.0716502      MLUPs    1329.90778914    
  4  Maxtime , Mintime + JacobiMi , JacobiMa    1.94874643000        1.94873523500        1.88169894200        1.88985892000       Residual    12037.1055058      MLUPs    1330.08582343    
  4  Maxtime , Mintime + JacobiMi , JacobiMa    1.94888816400        1.94887577000        1.88185193800        1.88969419600       Residual    8776.98311691      MLUPs    1329.98909218    
