# Threadlevel provided:        3 out of        0        1        2        3
  spat_dim , proc_dim, PBC ? 
           1 -Dim Input          600           1 T
           2 -Dim Input         7200          12 T
           3 -Dim Input         2400           4 T
#   0 Process grid   1  12   4
          14           3           2
          16           3           2
          18           3           2
          20           3           2
          22           3           2
          24           3           2
          26           3           2
          28           3           2
          32           3           2
          34           3           2
          36           3           2
          38           3           2
          40           3           2
          42           3           2
          44           3           2
          46           3           2
           0           3           2
#   0  Allocated 2 arrays with a total of  3490.68      Mbytes 
           2           3           2
           4           3           2
           6           3           2
           8           3           2
          10           3           2
          12           3           2
          30           3           2
           3           3           2
           5           3           2
           7           3           2
           9           3           2
          11           3           2
          13           3           2
          15           3           2
          17           3           2
          21           3           2
          23           3           2
          25           3           2
          27           3           2
          29           3           2
          31           3           2
          33           3           2
          35           3           2
          37           3           2
          39           3           2
          41           3           2
          43           3           2
          45           3           2
          47           3           2
           1           3           2
          19           3           2
# StartResidual    0.00000000000    
  4  Maxtime , Mintime + JacobiMi , JacobiMa    4.10496395400        4.10462633300        3.81757562200        3.99485686400       Residual    64056666.6158      MLUPs    2525.72254377    
  4  Maxtime , Mintime + JacobiMi , JacobiMa    4.09756198300        4.09755017200        3.81906183100        3.98717823900       Residual    10666666.6666      MLUPs    2530.28509221    
  4  Maxtime , Mintime + JacobiMi , JacobiMa    4.09788200300        4.09785949700        3.81905689800        3.98720561600       Residual    2271604.93759      MLUPs    2530.08749213    
  4  Maxtime , Mintime + JacobiMi , JacobiMa    4.09863226000        4.09860517300        3.82015244300        3.98776740200       Residual    674897.119214      MLUPs    2529.62435815    
  4  Maxtime , Mintime + JacobiMi , JacobiMa    4.09932534500        4.09931181400        3.81833759900        3.98865976300       Residual    276406.035664      MLUPs    2529.19666712    
  4  Maxtime , Mintime + JacobiMi , JacobiMa    4.09930450100        4.09927888800        3.81937997400        3.98853067500       Residual    142411.387188      MLUPs    2529.20952749    
  4  Maxtime , Mintime + JacobiMi , JacobiMa    4.09992189600        4.09990393500        3.81929303300        3.98914829500       Residual    84767.9940506      MLUPs    2528.82866137    
  4  Maxtime , Mintime + JacobiMi , JacobiMa    4.09851464900        4.09850399200        3.82015474100        3.98777069200       Residual    55350.6292802      MLUPs    2529.69694827    
  4  Maxtime , Mintime + JacobiMi , JacobiMa    4.09865376300        4.09863097200        3.81979016800        3.98810013500       Residual    38518.7376189      MLUPs    2529.61108684    
  4  Maxtime , Mintime + JacobiMi , JacobiMa    4.10095999500        4.10094706200        3.81982165300        3.99023206700       Residual    28086.3459730      MLUPs    2528.18852479    
