# Threadlevel provided:        3 out of        0        1        2        3
  spat_dim , proc_dim, PBC ? 
           1 -Dim Input         2400           4 T
           2 -Dim Input         3600           6 T
           3 -Dim Input         1200           2 T
#   0 Process grid   4   6   2
           2           3           2
           4           3           2
           6           3           2
           8           3           2
          10           3           2
          12           3           2
          14           3           2
          16           3           2
          18           3           2
          20           3           2
          22           3           2
          24           3           2
          26           3           2
          28           3           2
          30           3           2
          32           3           2
          34           3           2
          36           3           2
          40           3           2
          42           3           2
          44           3           2
          46           3           2
           0           3           2
#   0  Allocated 2 arrays with a total of  3490.68      Mbytes 
          38           3           2
           1           3           2
           3           3           2
           5           3           2
           7           3           2
           9           3           2
          11           3           2
          13           3           2
          15           3           2
          17           3           2
          19           3           2
          21           3           2
          23           3           2
          25           3           2
          27           3           2
          29           3           2
          31           3           2
          33           3           2
          35           3           2
          37           3           2
          39           3           2
          41           3           2
          43           3           2
          45           3           2
          47           3           2
# StartResidual    0.00000000000    
  4  Maxtime , Mintime + JacobiMi , JacobiMa    1.98571774300        1.98566146000        1.88226942500        1.92196021900       Residual    44039999.9650      MLUPs    5221.28587336    
  4  Maxtime , Mintime + JacobiMi , JacobiMa    1.98094426500        1.98093796700        1.88242115600        1.92172405500       Residual    7333333.33330      MLUPs    5233.86759698    
  4  Maxtime , Mintime + JacobiMi , JacobiMa    1.98079704200        1.98077773300        1.88243043400        1.92122649000       Residual    1561728.39458      MLUPs    5234.25660487    
  4  Maxtime , Mintime + JacobiMi , JacobiMa    1.98025483400        1.98023981500        1.88236102700        1.92096736700       Residual    463991.769438      MLUPs    5235.68978193    
  4  Maxtime , Mintime + JacobiMi , JacobiMa    1.98066556100        1.98065042900        1.88261158200        1.92157848200       Residual    190029.149518      MLUPs    5234.60406651    
  4  Maxtime , Mintime + JacobiMi , JacobiMa    2.00076089800        2.00073755200        1.88236984000        1.94231059500       Residual    97907.8286940      MLUPs    5182.02850244    
  4  Maxtime , Mintime + JacobiMi , JacobiMa    1.98170269700        1.98167642700        1.88259564400        1.92208466300       Residual    58277.9959096      MLUPs    5231.86450505    
  4  Maxtime , Mintime + JacobiMi , JacobiMa    1.98029108600        1.98028030600        1.88204834200        1.92085693500       Residual    38053.5576307      MLUPs    5235.59393530    
  4  Maxtime , Mintime + JacobiMi , JacobiMa    1.98022257200        1.98021755300        1.88238266300        1.92096945800       Residual    26481.6321130      MLUPs    5235.77508236    
  4  Maxtime , Mintime + JacobiMi , JacobiMa    1.98493593400        1.98474350200        1.88225117000        1.92568324100       Residual    19309.3628568      MLUPs    5223.34238723    
