# Threadlevel provided:        3 out of        0        1        2        3
  spat_dim , proc_dim, PBC ? 
           1 -Dim Input         2400           4 T
           2 -Dim Input         3600           6 T
           3 -Dim Input         1200           2 T
#   0 Process grid   4   6   2
           2           3           2
           4           3           2
           6           3           2
           8           3           2
          10           3           2
          12           3           2
          14           3           2
          16           3           2
          18           3           2
          20           3           2
          22           3           2
          24           3           2
          26           3           2
          28           3           2
          30           3           2
          32           3           2
          34           3           2
          36           3           2
          38           3           2
          40           3           2
          42           3           2
          44           3           2
          46           3           2
           0           3           2
#   0  Allocated 2 arrays with a total of  3490.68      Mbytes 
           1           3           2
           3           3           2
           5           3           2
           7           3           2
           9           3           2
          11           3           2
          15           3           2
          17           3           2
          19           3           2
          21           3           2
          23           3           2
          25           3           2
          27           3           2
          29           3           2
          31           3           2
          33           3           2
          35           3           2
          37           3           2
          39           3           2
          41           3           2
          43           3           2
          45           3           2
          47           3           2
          13           3           2
# StartResidual    0.00000000000    
  4  Maxtime , Mintime + JacobiMi , JacobiMa    1.98964192900        1.98057233900        1.88183614100        1.92606605300       Residual    44039999.9650      MLUPs    5210.98789128    
  4  Maxtime , Mintime + JacobiMi , JacobiMa    1.99277988600        1.99277059500        1.88361485300        1.93382637600       Residual    7333333.33330      MLUPs    5202.78234081    
  4  Maxtime , Mintime + JacobiMi , JacobiMa    1.98885152600        1.98883631000        1.88456668400        1.92497967700       Residual    1561728.39458      MLUPs    5213.05882539    
  4  Maxtime , Mintime + JacobiMi , JacobiMa    1.98532659200        1.98531887600        1.88483332400        1.92618119700       Residual    463991.769438      MLUPs    5222.31457624    
  4  Maxtime , Mintime + JacobiMi , JacobiMa    1.98514741100        1.98513450400        1.88561132100        1.92611226200       Residual    190029.149518      MLUPs    5222.78594655    
  4  Maxtime , Mintime + JacobiMi , JacobiMa    1.98749930700        1.98747613100        1.88464579800        1.92797579300       Residual    97907.8286940      MLUPs    5216.60559251    
  4  Maxtime , Mintime + JacobiMi , JacobiMa    1.98412730600        1.98410724400        1.88594326000        1.92476460200       Residual    58277.9959096      MLUPs    5225.47115230    
  4  Maxtime , Mintime + JacobiMi , JacobiMa    1.98445170100        1.98444518500        1.88524671900        1.92512699100       Residual    38053.5576307      MLUPs    5224.61695328    
  4  Maxtime , Mintime + JacobiMi , JacobiMa    1.98560317100        1.98559577500        1.88499824300        1.92624628000       Residual    26481.6321130      MLUPs    5221.58714864    
  4  Maxtime , Mintime + JacobiMi , JacobiMa    1.99002189900        1.98981528800        1.88493493300        1.93093631600       Residual    19309.3628568      MLUPs    5209.99291777    
