# Threadlevel provided:        3 out of        0        1        2        3
  spat_dim , proc_dim, PBC ? 
           1 -Dim Input         7200          12 T
           2 -Dim Input          600           1 T
           3 -Dim Input         2400           4 T
#   0 Process grid  12   1   4
           1           3           2
           3           3           2
           4           3           2
           5           3           2
           7           3           2
           8           3           2
           9           3           2
          11           3           2
          12           3           2
          13           3           2
          14           3           2
          15           3           2
          16           3           2
          17           3           2
          18           3           2
          19           3           2
          20           3           2
          21           3           2
          22           3           2
          24           3           2
          25           3           2
          26           3           2
          27           3           2
          28           3           2
          29           3           2
          30           3           2
          31           3           2
          32           3           2
          33           3           2
          34           3           2
          35           3           2
          36           3           2
          37           3           2
          38           3           2
          39           3           2
          40           3           2
          41           3           2
          42           3           2
          43           3           2
          44           3           2
          45           3           2
          46           3           2
          47           3           2
           0           3           2
#   0  Allocated 2 arrays with a total of  3490.68      Mbytes 
           2           3           2
           6           3           2
          10           3           2
          23           3           2
# StartResidual    0.00000000000    
  4  Maxtime , Mintime + JacobiMi , JacobiMa    4.10270127000        4.10252481100        3.81899659000        3.98749821400       Residual    64056666.6158      MLUPs    2527.11550700    
  4  Maxtime , Mintime + JacobiMi , JacobiMa    4.10005492800        4.10003016800        3.82042359500        3.98854552200       Residual    10666666.6666      MLUPs    2528.74661000    
  4  Maxtime , Mintime + JacobiMi , JacobiMa    4.10046803100        4.10044718100        3.81859006300        3.98836614800       Residual    2271604.93757      MLUPs    2528.49185059    
  4  Maxtime , Mintime + JacobiMi , JacobiMa    4.09953931500        4.09951247900        3.81897569100        3.98799487900       Residual    674897.119176      MLUPs    2529.06465906    
  4  Maxtime , Mintime + JacobiMi , JacobiMa    4.09879907600        4.09878586600        3.81927426100        3.98728040500       Residual    276406.035663      MLUPs    2529.52140560    
  4  Maxtime , Mintime + JacobiMi , JacobiMa    4.11894004400        4.11891041700        3.81986604900        4.01648775500       Residual    142411.387192      MLUPs    2517.15244438    
  4  Maxtime , Mintime + JacobiMi , JacobiMa    4.12197953000        4.12196606200        3.81998899200        4.01983214800       Residual    84767.9940500      MLUPs    2515.29633385    
  4  Maxtime , Mintime + JacobiMi , JacobiMa    4.12241867800        4.12240517400        3.82035040600        4.02030679700       Residual    55350.6292810      MLUPs    2515.02838742    
  4  Maxtime , Mintime + JacobiMi , JacobiMa    4.11969010500        4.11966959300        3.82101064400        4.01725800800       Residual    38518.7376189      MLUPs    2516.69415314    
  4  Maxtime , Mintime + JacobiMi , JacobiMa    4.12446499000        4.12444554300        3.82253401300        4.02230760900       Residual    28086.3459739      MLUPs    2513.78058127    
