# Threadlevel provided:        3 out of        0        1        2        3
  spat_dim , proc_dim, PBC ? 
           1 -Dim Input         7200          12 T
           2 -Dim Input          600           1 T
           3 -Dim Input         2400           4 T
#   0 Process grid  12   1   4
           4           3           2
           5           3           2
           6           3           2
           8           3           2
           9           3           2
          10           3           2
          12           3           2
          13           3           2
          14           3           2
          16           3           2
          17           3           2
          18           3           2
          20           3           2
          21           3           2
          22           3           2
          24           3           2
          25           3           2
          26           3           2
          28           3           2
          29           3           2
          30           3           2
          32           3           2
          33           3           2
          34           3           2
          36           3           2
          37           3           2
          40           3           2
          41           3           2
          42           3           2
          44           3           2
          45           3           2
          46           3           2
           0           3           2
#   0  Allocated 2 arrays with a total of  3490.68      Mbytes 
           1           3           2
           2           3           2
          38           3           2
           7           3           2
          11           3           2
          15           3           2
          19           3           2
          23           3           2
          27           3           2
          31           3           2
          35           3           2
          39           3           2
          43           3           2
          47           3           2
           3           3           2
# StartResidual    0.00000000000    
  4  Maxtime , Mintime + JacobiMi , JacobiMa    4.10124652700        4.10115043300        3.81969157600        3.98647551700       Residual    64056666.6158      MLUPs    2528.01189388    
  4  Maxtime , Mintime + JacobiMi , JacobiMa    4.09596134300        4.09593943900        3.81977836800        3.98531752700       Residual    10666666.6666      MLUPs    2531.27388952    
  4  Maxtime , Mintime + JacobiMi , JacobiMa    4.09598295300        4.09596164700        3.81837263900        3.98603841200       Residual    2271604.93757      MLUPs    2531.26053477    
  4  Maxtime , Mintime + JacobiMi , JacobiMa    4.09684982500        4.09682784700        3.81871792200        3.98666164900       Residual    674897.119176      MLUPs    2530.72493327    
  4  Maxtime , Mintime + JacobiMi , JacobiMa    4.09694508300        4.09657015100        3.81888285100        3.98641390500       Residual    276406.035663      MLUPs    2530.66609143    
  4  Maxtime , Mintime + JacobiMi , JacobiMa    4.09771998000        4.09769940900        3.81952738400        3.98714427200       Residual    142411.387192      MLUPs    2530.18753126    
  4  Maxtime , Mintime + JacobiMi , JacobiMa    4.09599840600        4.09595642800        3.81918428100        3.98663274100       Residual    84767.9940500      MLUPs    2531.25098506    
  4  Maxtime , Mintime + JacobiMi , JacobiMa    4.09830481700        4.09828868900        3.81955901500        3.98788933500       Residual    55350.6292810      MLUPs    2529.82646801    
  4  Maxtime , Mintime + JacobiMi , JacobiMa    4.12624386300        4.12623144700        3.81792135200        4.02209286800       Residual    38518.7376189      MLUPs    2512.69686045    
  4  Maxtime , Mintime + JacobiMi , JacobiMa    4.12416653800        4.12413636300        3.81944807900        4.02006113900       Residual    28086.3459739      MLUPs    2513.96249508    
