# Threadlevel provided:        3 out of        0        1        2        3
  spat_dim , proc_dim, PBC ? 
           1 -Dim Input         1200           2 T
           2 -Dim Input          600           1 T
           3 -Dim Input         1200           2 T
#   0 Process grid   2   1   2
           0           3           2
           2           3           2
           3           3           2
           1           3           2
#   0  Allocated 2 arrays with a total of  3490.68      Mbytes 
# StartResidual    0.00000000000    
  4  Maxtime , Mintime + JacobiMi , JacobiMa    1.93862252800        1.93857077300        1.88592288100        1.89081151400       Residual    8016666.66038      MLUPs    445.677272146    
  4  Maxtime , Mintime + JacobiMi , JacobiMa    1.93598405600        1.93598335300        1.88582765500        1.89013551900       Residual    1333333.33333      MLUPs    446.284667130    
  4  Maxtime , Mintime + JacobiMi , JacobiMa    1.93642714800        1.93642678000        1.88595265700        1.89060915800       Residual    283950.617189      MLUPs    446.182548562    
  4  Maxtime , Mintime + JacobiMi , JacobiMa    1.93788060000        1.93787963300        1.88586723300        1.89205511300       Residual    84362.1398990      MLUPs    445.847902084    
  4  Maxtime , Mintime + JacobiMi , JacobiMa    1.93623509700        1.93623496300        1.88581036300        1.89041569200       Residual    34550.7544587      MLUPs    446.226804451    
  4  Maxtime , Mintime + JacobiMi , JacobiMa    1.93592798600        1.93592686400        1.88584979400        1.89016621400       Residual    17801.4233996      MLUPs    446.297592807    
  4  Maxtime , Mintime + JacobiMi , JacobiMa    1.93622933700        1.93622840400        1.88592564100        1.89046520700       Residual    10595.9992565      MLUPs    446.228131911    
  4  Maxtime , Mintime + JacobiMi , JacobiMa    1.93620372800        1.93620307500        1.88572928300        1.89036747500       Residual    6918.82866006      MLUPs    446.234033901    
  4  Maxtime , Mintime + JacobiMi , JacobiMa    1.93662422300        1.93662346000        1.88578679200        1.89081457300       Residual    4814.84220210      MLUPs    446.137144077    
  4  Maxtime , Mintime + JacobiMi , JacobiMa    1.93632824000        1.93632753500        1.88595079800        1.89050643300       Residual    3510.79324689      MLUPs    446.205339648    
