# Threadlevel provided:        3 out of        0        1        2        3
  spat_dim , proc_dim, PBC ? 
           1 -Dim Input         1200           2 T
           2 -Dim Input          600           1 T
           3 -Dim Input         1200           2 T
#   0 Process grid   2   1   2
           0           3           2
           2           3           2
           1           3           2
           3           3           2
#   0  Allocated 2 arrays with a total of  3490.68      Mbytes 
# StartResidual    0.00000000000    
  4  Maxtime , Mintime + JacobiMi , JacobiMa    1.93848141000        1.93844575000        1.88609865800        1.89074299500       Residual    8016666.66038      MLUPs    445.709716659    
  4  Maxtime , Mintime + JacobiMi , JacobiMa    1.93639540300        1.93639494300        1.88594780300        1.89064573500       Residual    1333333.33333      MLUPs    446.189863218    
  4  Maxtime , Mintime + JacobiMi , JacobiMa    1.93648026800        1.93648001700        1.88606886500        1.89071708400       Residual    283950.617189      MLUPs    446.170309234    
  4  Maxtime , Mintime + JacobiMi , JacobiMa    1.93625514800        1.93625478300        1.88599611500        1.89047193200       Residual    84362.1398990      MLUPs    446.222183524    
  4  Maxtime , Mintime + JacobiMi , JacobiMa    1.93647045900        1.93646935400        1.88610204200        1.89073939100       Residual    34550.7544587      MLUPs    446.172569266    
  4  Maxtime , Mintime + JacobiMi , JacobiMa    1.93633189600        1.93633121000        1.88592256500        1.89059405400       Residual    17801.4233996      MLUPs    446.204497165    
  4  Maxtime , Mintime + JacobiMi , JacobiMa    1.93649442200        1.93649391300        1.88612279000        1.89071639000       Residual    10595.9992565      MLUPs    446.167048138    
  4  Maxtime , Mintime + JacobiMi , JacobiMa    1.93666660000        1.93666591900        1.88604183500        1.89087490300       Residual    6918.82866006      MLUPs    446.127381967    
  4  Maxtime , Mintime + JacobiMi , JacobiMa    1.93658619000        1.93658533300        1.88601628800        1.89081154900       Residual    4814.84220210      MLUPs    446.145905853    
  4  Maxtime , Mintime + JacobiMi , JacobiMa    1.93630365600        1.93630311500        1.88588028100        1.89057442400       Residual    3510.79324689      MLUPs    446.211004830    
