# Threadlevel provided:        3 out of        0        1        2        3
  spat_dim , proc_dim, PBC ? 
           1 -Dim Input         1200           2 T
           2 -Dim Input          600           1 T
           3 -Dim Input        14400          24 T
#   0 Process grid   2   1  24
          12           3           2
          14           3           2
          16           3           2
          18           3           2
          20           3           2
          22           3           2
          24           3           2
          26           3           2
          28           3           2
          30           3           2
          32           3           2
          34           3           2
          36           3           2
          38           3           2
          40           3           2
          42           3           2
          44           3           2
          46           3           2
           0           3           2
#   0  Allocated 2 arrays with a total of  3490.68      Mbytes 
           2           3           2
           4           3           2
           6           3           2
           8           3           2
          10           3           2
           1           3           2
           3           3           2
           5           3           2
           9           3           2
          11           3           2
          13           3           2
          15           3           2
          17           3           2
          19           3           2
          21           3           2
          23           3           2
          27           3           2
          29           3           2
          31           3           2
          33           3           2
          35           3           2
          37           3           2
          39           3           2
          41           3           2
          45           3           2
          47           3           2
           7           3           2
          43           3           2
          25           3           2
# StartResidual    0.00000000000    
  4  Maxtime , Mintime + JacobiMi , JacobiMa    2.01127609200        2.00216718800        1.88311391100        1.92868805800       Residual    74089999.9415      MLUPs    5154.93623239    
  4  Maxtime , Mintime + JacobiMi , JacobiMa    1.97829998400        1.97829333100        1.88245604200        1.92613230700       Residual    12333333.3333      MLUPs    5240.86340992    
  4  Maxtime , Mintime + JacobiMi , JacobiMa    1.97489366300        1.97488910100        1.88255317300        1.92345120500       Residual    2626543.20909      MLUPs    5249.90291591    
  4  Maxtime , Mintime + JacobiMi , JacobiMa    1.97840835500        1.97713030300        1.88279070100        1.92580046800       Residual    780349.794072      MLUPs    5240.57633188    
  4  Maxtime , Mintime + JacobiMi , JacobiMa    1.97719849500        1.97719113900        1.88251881100        1.92580290400       Residual    319594.478737      MLUPs    5243.78307298    
  4  Maxtime , Mintime + JacobiMi , JacobiMa    1.97397259600        1.97396932900        1.88225208800        1.92226105200       Residual    164663.166440      MLUPs    5252.35255090    
  4  Maxtime , Mintime + JacobiMi , JacobiMa    1.97769556000        1.97768456100        1.88266749100        1.92613771200       Residual    98012.9931206      MLUPs    5242.46512441    
  4  Maxtime , Mintime + JacobiMi , JacobiMa    1.97637885100        1.97636374400        1.88230403600        1.92465934700       Residual    63999.1651059      MLUPs    5245.95777513    
  4  Maxtime , Mintime + JacobiMi , JacobiMa    1.97459656600        1.97457840100        1.88307817400        1.92242806400       Residual    44537.2903723      MLUPs    5250.69281418    
  4  Maxtime , Mintime + JacobiMi , JacobiMa    1.97497945700        1.97480387400        1.88245461400        1.92278694000       Residual    32474.8375320      MLUPs    5249.67485776    
