# Threadlevel provided:        3 out of        0        1        2        3
  spat_dim , proc_dim, PBC ? 
           1 -Dim Input         1200           2 T
           2 -Dim Input          600           1 T
           3 -Dim Input        14400          24 T
#   0 Process grid   2   1  24
           6           3           2
           8           3           2
          10           3           2
          12           3           2
          14           3           2
          16           3           2
          18           3           2
          20           3           2
          22           3           2
          24           3           2
          26           3           2
          28           3           2
          30           3           2
          32           3           2
          34           3           2
          36           3           2
          38           3           2
          40           3           2
          42           3           2
          44           3           2
          46           3           2
           0           3           2
#   0  Allocated 2 arrays with a total of  3490.68      Mbytes 
           2           3           2
           4           3           2
           1           3           2
           5           3           2
           9           3           2
          13           3           2
          17           3           2
          21           3           2
          25           3           2
          29           3           2
          33           3           2
          37           3           2
          41           3           2
          45           3           2
           3           3           2
           7           3           2
          11           3           2
          15           3           2
          19           3           2
          23           3           2
          27           3           2
          31           3           2
          35           3           2
          39           3           2
          43           3           2
          47           3           2
# StartResidual    0.00000000000    
  4  Maxtime , Mintime + JacobiMi , JacobiMa    2.00586968500        1.99927559900        1.88226609800        1.93194230500       Residual    74089999.9415      MLUPs    5168.83029717    
  4  Maxtime , Mintime + JacobiMi , JacobiMa    1.98906504100        1.98905917000        1.88239713600        1.93904427100       Residual    12333333.3333      MLUPs    5212.49923270    
  4  Maxtime , Mintime + JacobiMi , JacobiMa    1.98291290900        1.98290563600        1.88485834000        1.93273223900       Residual    2626543.20909      MLUPs    5228.67139194    
  4  Maxtime , Mintime + JacobiMi , JacobiMa    1.98314865600        1.98313550300        1.88336090100        1.93258931700       Residual    780349.794072      MLUPs    5228.04983309    
  4  Maxtime , Mintime + JacobiMi , JacobiMa    1.98232649400        1.98231241900        1.88492830800        1.93202919000       Residual    319594.478737      MLUPs    5230.21814589    
  4  Maxtime , Mintime + JacobiMi , JacobiMa    1.98190551500        1.98189391500        1.88484233400        1.93151787200       Residual    164663.166440      MLUPs    5231.32910299    
  4  Maxtime , Mintime + JacobiMi , JacobiMa    1.99459840700        1.99458571900        1.88416355200        1.94517741000       Residual    98012.9931206      MLUPs    5198.03884512    
  4  Maxtime , Mintime + JacobiMi , JacobiMa    1.98121489200        1.98120077100        1.88376297100        1.93093259000       Residual    63999.1651059      MLUPs    5233.15266903    
  4  Maxtime , Mintime + JacobiMi , JacobiMa    1.98190373500        1.98189622000        1.88526846600        1.93093957600       Residual    44537.2903723      MLUPs    5231.33380139    
  4  Maxtime , Mintime + JacobiMi , JacobiMa    1.98252488500        1.98251284100        1.88422579800        1.93185062200       Residual    32474.8375320      MLUPs    5229.69475866    
