# Threadlevel provided:        3 out of        0        1        2        3
  spat_dim , proc_dim, PBC ? 
           1 -Dim Input         1200           2 T
           2 -Dim Input          600           1 T
           3 -Dim Input        14400          24 T
#   0 Process grid   2   1  24
           6           3           2
           8           3           2
          10           3           2
          12           3           2
          14           3           2
          16           3           2
          18           3           2
          20           3           2
          22           3           2
          24           3           2
          26           3           2
          28           3           2
          30           3           2
          32           3           2
          36           3           2
          38           3           2
          40           3           2
          42           3           2
          44           3           2
          46           3           2
           0           3           2
           2           3           2
           4           3           2
#   0  Allocated 2 arrays with a total of  3490.68      Mbytes 
           1           3           2
           3           3           2
           5           3           2
          34           3           2
           7           3           2
           9           3           2
          11           3           2
          13           3           2
          15           3           2
          17           3           2
          19           3           2
          21           3           2
          23           3           2
          25           3           2
          27           3           2
          29           3           2
          31           3           2
          33           3           2
          35           3           2
          37           3           2
          39           3           2
          41           3           2
          43           3           2
          45           3           2
          47           3           2
# StartResidual    0.00000000000    
  4  Maxtime , Mintime + JacobiMi , JacobiMa    1.98516564500        1.98326829900        1.88283132500        1.91619571100       Residual    74089999.9415      MLUPs    5222.73797459    
  4  Maxtime , Mintime + JacobiMi , JacobiMa    1.98017547500        1.98016046100        1.88680686400        1.92783938500       Residual    12333333.3333      MLUPs    5235.89961137    
  4  Maxtime , Mintime + JacobiMi , JacobiMa    1.97689335000        1.97688570500        1.88770075400        1.92498145900       Residual    2626543.20909      MLUPs    5244.59248143    
  4  Maxtime , Mintime + JacobiMi , JacobiMa    1.97292792000        1.97292306800        1.88753617900        1.92062911100       Residual    780349.794072      MLUPs    5255.13369997    
  4  Maxtime , Mintime + JacobiMi , JacobiMa    1.97854736000        1.97852944000        1.88824709900        1.92691767200       Residual    319594.478737      MLUPs    5240.20814948    
  4  Maxtime , Mintime + JacobiMi , JacobiMa    1.97364445400        1.97363913700        1.88730377800        1.92112222600       Residual    164663.166440      MLUPs    5253.22581734    
  4  Maxtime , Mintime + JacobiMi , JacobiMa    1.98729935900        1.98416816000        1.88819338700        1.93389684200       Residual    98012.9931206      MLUPs    5217.13045045    
  4  Maxtime , Mintime + JacobiMi , JacobiMa    1.97349776400        1.97348289800        1.88832188700        1.92137663600       Residual    63999.1651059      MLUPs    5253.61628938    
  4  Maxtime , Mintime + JacobiMi , JacobiMa    1.97637699100        1.97635535100        1.88800644100        1.92475511400       Residual    44537.2903723      MLUPs    5245.96271218    
  4  Maxtime , Mintime + JacobiMi , JacobiMa    1.97844702100        1.97843613300        1.88877730300        1.92656511500       Residual    32474.8375320      MLUPs    5240.47391209    
