# Threadlevel provided:        3 out of        0        1        2        3
  spat_dim , proc_dim, PBC ? 
           1 -Dim Input         1200           2 T
           2 -Dim Input          600           1 T
           3 -Dim Input        14400          24 T
#   0 Process grid   2   1  24
          12           3           2
          14           3           2
          16           3           2
          18           3           2
          20           3           2
          22           3           2
          24           3           2
          26           3           2
          28           3           2
          30           3           2
          32           3           2
          34           3           2
          36           3           2
          38           3           2
          40           3           2
          42           3           2
          44           3           2
          46           3           2
           0           3           2
#   0  Allocated 2 arrays with a total of  3490.68      Mbytes 
           2           3           2
           4           3           2
           6           3           2
           8           3           2
          10           3           2
           1           3           2
           3           3           2
           5           3           2
           7           3           2
           9           3           2
          11           3           2
          13           3           2
          15           3           2
          17           3           2
          19           3           2
          21           3           2
          23           3           2
          25           3           2
          27           3           2
          29           3           2
          31           3           2
          33           3           2
          35           3           2
          37           3           2
          39           3           2
          41           3           2
          43           3           2
          45           3           2
          47           3           2
# StartResidual    0.00000000000    
  4  Maxtime , Mintime + JacobiMi , JacobiMa    1.99134826900        1.98409134700        1.88457083600        1.92353064200       Residual    74089999.9415      MLUPs    5206.52271700    
  4  Maxtime , Mintime + JacobiMi , JacobiMa    1.98481681700        1.98480914700        1.88875042900        1.93374467500       Residual    12333333.3333      MLUPs    5223.65586144    
  4  Maxtime , Mintime + JacobiMi , JacobiMa    1.97460451700        1.97443426600        1.88955396700        1.92238112000       Residual    2626543.20909      MLUPs    5250.67167159    
  4  Maxtime , Mintime + JacobiMi , JacobiMa    1.97622358600        1.97621024200        1.88817716300        1.92317560000       Residual    780349.794072      MLUPs    5246.36993175    
  4  Maxtime , Mintime + JacobiMi , JacobiMa    1.98472694200        1.98471631200        1.88793178900        1.93389337200       Residual    319594.478737      MLUPs    5223.89240585    
  4  Maxtime , Mintime + JacobiMi , JacobiMa    1.97517817900        1.97517203100        1.88755148700        1.92326114300       Residual    164663.166440      MLUPs    5249.14668977    
  4  Maxtime , Mintime + JacobiMi , JacobiMa    1.97431224300        1.97429904800        1.88872483800        1.92239437800       Residual    98012.9931206      MLUPs    5251.44897255    
  4  Maxtime , Mintime + JacobiMi , JacobiMa    1.97504680800        1.97503323600        1.88917629400        1.92288048400       Residual    63999.1651059      MLUPs    5249.49583878    
  4  Maxtime , Mintime + JacobiMi , JacobiMa    1.97490189500        1.97488313500        1.88918748800        1.92262979300       Residual    44537.2903723      MLUPs    5249.88103270    
  4  Maxtime , Mintime + JacobiMi , JacobiMa    1.97590199700        1.97589160500        1.88923754200        1.92406683900       Residual    32474.8375320      MLUPs    5247.22380753    
