# Threadlevel provided:        3 out of        0        1        2        3
  spat_dim , proc_dim, PBC ? 
           1 -Dim Input         1200           2 T
           2 -Dim Input          600           1 T
           3 -Dim Input        14400          24 T
#   0 Process grid   2   1  24
           4           3           2
           6           3           2
           8           3           2
          10           3           2
          12           3           2
          14           3           2
          16           3           2
          18           3           2
          20           3           2
          22           3           2
          24           3           2
          26           3           2
          28           3           2
          30           3           2
          32           3           2
          34           3           2
          36           3           2
          38           3           2
          40           3           2
          42           3           2
          44           3           2
          46           3           2
           0           3           2
           2           3           2
#   0  Allocated 2 arrays with a total of  3490.68      Mbytes 
           1           3           2
           3           3           2
           5           3           2
           7           3           2
           9           3           2
          11           3           2
          13           3           2
          15           3           2
          17           3           2
          19           3           2
          21           3           2
          23           3           2
          25           3           2
          27           3           2
          29           3           2
          31           3           2
          33           3           2
          35           3           2
          37           3           2
          39           3           2
          41           3           2
          43           3           2
          45           3           2
          47           3           2
# StartResidual    0.00000000000    
  4  Maxtime , Mintime + JacobiMi , JacobiMa    1.98748260900        1.98633156200        1.88436290500        1.92917388300       Residual    74089999.9415      MLUPs    5216.64942025    
  4  Maxtime , Mintime + JacobiMi , JacobiMa    1.97511933000        1.97510455000        1.88549683900        1.92301932800       Residual    12333333.3333      MLUPs    5249.30308894    
  4  Maxtime , Mintime + JacobiMi , JacobiMa    1.97741353900        1.97740443300        1.88619079200        1.92496488500       Residual    2626543.20909      MLUPs    5243.21281083    
  4  Maxtime , Mintime + JacobiMi , JacobiMa    1.97552955300        1.97552305300        1.88620996300        1.92333782300       Residual    780349.794072      MLUPs    5248.21305976    
  4  Maxtime , Mintime + JacobiMi , JacobiMa    1.97536428200        1.97535066500        1.88423145500        1.92333100100       Residual    319594.478737      MLUPs    5248.65215721    
  4  Maxtime , Mintime + JacobiMi , JacobiMa    1.97723310800        1.97722081900        1.88408050100        1.92526684600       Residual    164663.166440      MLUPs    5243.69127649    
  4  Maxtime , Mintime + JacobiMi , JacobiMa    1.97533518600        1.97531850900        1.88428202200        1.92303993600       Residual    98012.9931206      MLUPs    5248.72946803    
  4  Maxtime , Mintime + JacobiMi , JacobiMa    1.97522530500        1.97520927900        1.88395135500        1.92314210300       Residual    63999.1651059      MLUPs    5249.02145277    
  4  Maxtime , Mintime + JacobiMi , JacobiMa    1.97767754800        1.97766506000        1.88427348900        1.92515221700       Residual    44537.2903723      MLUPs    5242.51287096    
  4  Maxtime , Mintime + JacobiMi , JacobiMa    1.97557888300        1.97556977200        1.88390632100        1.92309025600       Residual    32474.8375320      MLUPs    5248.08201243    
