# Threadlevel provided:        3 out of        0        1        2        3
  spat_dim , proc_dim, PBC ? 
           1 -Dim Input         1200           2 T
           2 -Dim Input         1200           2 T
           3 -Dim Input         7200          12 T
#   0 Process grid   2   2  12
           8           3           2
          12           3           2
          16           3           2
          20           3           2
          24           3           2
          28           3           2
          32           3           2
          36           3           2
           0           3           2
           4           3           2
#   0  Allocated 2 arrays with a total of  3490.68      Mbytes 
          40           3           2
          44           3           2
           6           3           2
          10           3           2
          14           3           2
          18           3           2
          22           3           2
          26           3           2
          30           3           2
          34           3           2
          38           3           2
          42           3           2
          46           3           2
           1           3           2
           2           3           2
           3           3           2
           5           3           2
           7           3           2
           9           3           2
          11           3           2
          13           3           2
          15           3           2
          17           3           2
          19           3           2
          21           3           2
          23           3           2
          25           3           2
          27           3           2
          29           3           2
          31           3           2
          33           3           2
          37           3           2
          39           3           2
          41           3           2
          43           3           2
          45           3           2
          47           3           2
          35           3           2
# StartResidual    0.00000000000    
  4  Maxtime , Mintime + JacobiMi , JacobiMa    4.09476179200        4.09465683900        3.81294597800        3.96521821700       Residual    52053333.2921      MLUPs    2532.01542035    
  4  Maxtime , Mintime + JacobiMi , JacobiMa    4.08676034800        4.08674937700        3.81399444700        3.96623655800       Residual    8666666.66662      MLUPs    2536.97283842    
  4  Maxtime , Mintime + JacobiMi , JacobiMa    4.08648289900        4.08644525800        3.81537428400        3.96584446000       Residual    1845679.01179      MLUPs    2537.14508448    
  4  Maxtime , Mintime + JacobiMi , JacobiMa    4.08784850700        4.08782120700        3.81552792200        3.96732352500       Residual    548353.909347      MLUPs    2536.29751255    
  4  Maxtime , Mintime + JacobiMi , JacobiMa    4.08708836200        4.08707969600        3.81451927200        3.96656704000       Residual    224579.903975      MLUPs    2536.76923073    
  4  Maxtime , Mintime + JacobiMi , JacobiMa    4.08640926000        4.08639833300        3.81488065200        3.96656647600       Residual    115709.252092      MLUPs    2537.19080501    
  4  Maxtime , Mintime + JacobiMi , JacobiMa    4.08626705900        4.08613625100        3.81398102200        3.96594402300       Residual    68873.9951658      MLUPs    2537.27909858    
  4  Maxtime , Mintime + JacobiMi , JacobiMa    4.08934066800        4.08931671400        3.81549247900        3.96843095200       Residual    44972.3862906      MLUPs    2535.37204203    
  4  Maxtime , Mintime + JacobiMi , JacobiMa    4.08945881600        4.08943691700        3.81516593100        3.96915099800       Residual    31296.4743154      MLUPs    2535.29879294    
  4  Maxtime , Mintime + JacobiMi , JacobiMa    4.09255486800        4.09253777900        3.81715138300        3.97078970400       Residual    22820.1561033      MLUPs    2533.38081819    
