# Threadlevel provided:        3 out of        0        1        2        3
  spat_dim , proc_dim, PBC ? 
           1 -Dim Input         3600           6 T
           2 -Dim Input         1200           2 T
           3 -Dim Input          600           1 T
#   0 Process grid   6   2   1
           2           3           2
           3           3           2
           4           3           2
           5           3           2
           6           3           2
           7           3           2
           8           3           2
           9           3           2
          10           3           2
          11           3           2
           0           3           2
#   0  Allocated 2 arrays with a total of  3490.68      Mbytes 
           1           3           2
# StartResidual    0.00000000000    
  4  Maxtime , Mintime + JacobiMi , JacobiMa    2.89145152500        2.89119454700        2.72987975000        2.80369887000       Residual    20029999.9842      MLUPs    896.435571404    
  4  Maxtime , Mintime + JacobiMi , JacobiMa    2.88932676300        2.88932280000        2.73014905700        2.80388336700       Residual    3333333.33331      MLUPs    897.094794951    
  4  Maxtime , Mintime + JacobiMi , JacobiMa    2.88917126900        2.88916438200        2.72970266700        2.80380116000       Residual    709876.542986      MLUPs    897.143076221    
  4  Maxtime , Mintime + JacobiMi , JacobiMa    2.88920500700        2.88920209100        2.73075375800        2.80386407600       Residual    210905.349744      MLUPs    897.132600047    
  4  Maxtime , Mintime + JacobiMi , JacobiMa    2.88798091200        2.88797435400        2.72984559000        2.80258259000       Residual    86376.8861454      MLUPs    897.512857246    
  4  Maxtime , Mintime + JacobiMi , JacobiMa    2.88796157400        2.88793563700        2.72971337400        2.80255406800       Residual    44503.5584980      MLUPs    897.518867057    
  4  Maxtime , Mintime + JacobiMi , JacobiMa    2.88848225500        2.88847775100        2.72960333400        2.80306173500       Residual    26489.9981408      MLUPs    897.357079315    
  4  Maxtime , Mintime + JacobiMi , JacobiMa    2.88997490300        2.88997052300        2.73021143900        2.80453618800       Residual    17297.0716503      MLUPs    896.893601847    
  4  Maxtime , Mintime + JacobiMi , JacobiMa    2.88911328000        2.88910959300        2.73075512100        2.80377746700       Residual    12037.1055057      MLUPs    897.161083279    
  4  Maxtime , Mintime + JacobiMi , JacobiMa    2.88851834500        2.88851375500        2.73112079100        2.80317404300       Residual    8776.98311703      MLUPs    897.345867471    
