# Threadlevel provided:        3 out of        0        1        2        3
  spat_dim , proc_dim, PBC ? 
           1 -Dim Input         2400           4 T
           2 -Dim Input          600           1 T
           3 -Dim Input         3600           6 T
#   0 Process grid   4   1   6
           0           3           2
           2           3           2
           4           3           2
           6           3           2
           8           3           2
          10           3           2
          12           3           2
          14           3           2
          16           3           2
          18           3           2
          20           3           2
          22           3           2
#   0  Allocated 2 arrays with a total of  3490.68      Mbytes 
           1           3           2
           5           3           2
           7           3           2
           9           3           2
          11           3           2
          13           3           2
          15           3           2
          17           3           2
          19           3           2
          21           3           2
          23           3           2
           3           3           2
# StartResidual    0.00000000000    
  4  Maxtime , Mintime + JacobiMi , JacobiMa    1.96355696800        1.96260939100        1.88194394900        1.89288064200       Residual    34036666.6397      MLUPs    2640.10674734    
  4  Maxtime , Mintime + JacobiMi , JacobiMa    1.95452834100        1.95450861800        1.88180230200        1.89256598900       Residual    5666666.66664      MLUPs    2652.30229271    
  4  Maxtime , Mintime + JacobiMi , JacobiMa    1.95437383900        1.95436709100        1.88171668200        1.89209883300       Residual    1206790.12309      MLUPs    2652.51196908    
  4  Maxtime , Mintime + JacobiMi , JacobiMa    1.95447732200        1.95446597800        1.88209512300        1.89249217900       Residual    358539.094567      MLUPs    2652.37152749    
  4  Maxtime , Mintime + JacobiMi , JacobiMa    1.95440385400        1.95439836600        1.88189209700        1.89226212300       Residual    146840.706446      MLUPs    2652.47123280    
  4  Maxtime , Mintime + JacobiMi , JacobiMa    1.95400329600        1.95399673000        1.88212099800        1.89276634700       Residual    75656.0494458      MLUPs    2653.01497219    
  4  Maxtime , Mintime + JacobiMi , JacobiMa    1.95377557600        1.95376913400        1.88175421200        1.89217909900       Residual    45032.9968392      MLUPs    2653.32419121    
  4  Maxtime , Mintime + JacobiMi , JacobiMa    1.95502227700        1.95501592900        1.88176249100        1.89271103200       Residual    29405.0218055      MLUPs    2651.63218905    
  4  Maxtime , Mintime + JacobiMi , JacobiMa    1.95405076600        1.95403331700        1.88165648100        1.89212950600       Residual    20463.0793599      MLUPs    2652.95052217    
  4  Maxtime , Mintime + JacobiMi , JacobiMa    1.95459043900        1.95457755000        1.88219764800        1.89245069000       Residual    14920.8712986      MLUPs    2652.21802817    
