# Threadlevel provided:        3 out of        0        1        2        3
  spat_dim , proc_dim, PBC ? 
           1 -Dim Input         2400           4 T
           2 -Dim Input          600           1 T
           3 -Dim Input         3600           6 T
#   0 Process grid   4   1   6
           0           3           2
           2           3           2
           4           3           2
           6           3           2
           8           3           2
          10           3           2
          12           3           2
          14           3           2
          16           3           2
          18           3           2
          20           3           2
          22           3           2
#   0  Allocated 2 arrays with a total of  3490.68      Mbytes 
           1           3           2
           5           3           2
           9           3           2
          13           3           2
          17           3           2
          21           3           2
          23           3           2
           3           3           2
           7           3           2
          11           3           2
          15           3           2
          19           3           2
# StartResidual    0.00000000000    
  4  Maxtime , Mintime + JacobiMi , JacobiMa    1.96375140000        1.96255277200        1.88235832700        1.89238595000       Residual    34036666.6397      MLUPs    2639.84534906    
  4  Maxtime , Mintime + JacobiMi , JacobiMa    1.95353091400        1.95351920400        1.88214907400        1.89249324700       Residual    5666666.66664      MLUPs    2653.65649596    
  4  Maxtime , Mintime + JacobiMi , JacobiMa    1.95292417100        1.95291125500        1.88174309500        1.89175611600       Residual    1206790.12309      MLUPs    2654.48094554    
  4  Maxtime , Mintime + JacobiMi , JacobiMa    1.95330189000        1.95329546900        1.88251509700        1.89223808100       Residual    358539.094567      MLUPs    2653.96763631    
  4  Maxtime , Mintime + JacobiMi , JacobiMa    1.95286425500        1.95285700200        1.88207455200        1.89183638100       Residual    146840.706446      MLUPs    2654.56238790    
  4  Maxtime , Mintime + JacobiMi , JacobiMa    1.95341622600        1.95340885500        1.88221848900        1.89238513000       Residual    75656.0494458      MLUPs    2653.81229612    
  4  Maxtime , Mintime + JacobiMi , JacobiMa    1.95268924400        1.95268240500        1.88205124800        1.89173687600       Residual    45032.9968392      MLUPs    2654.80030472    
  4  Maxtime , Mintime + JacobiMi , JacobiMa    1.95328077600        1.95327523900        1.88223782900        1.89227134300       Residual    29405.0218055      MLUPs    2653.99632439    
  4  Maxtime , Mintime + JacobiMi , JacobiMa    1.95308340400        1.95306937900        1.88203586100        1.89205748400       Residual    20463.0793599      MLUPs    2654.26452828    
  4  Maxtime , Mintime + JacobiMi , JacobiMa    1.95347996600        1.95347234700        1.88255043200        1.89244183200       Residual    14920.8712986      MLUPs    2653.72570501    
