# Threadlevel provided:        3 out of        0        1        2        3
  spat_dim , proc_dim, PBC ? 
           1 -Dim Input         1200           2 T
           2 -Dim Input         7200          12 T
           3 -Dim Input         1200           2 T
#   0 Process grid   2  12   2
           6           3           2
           8           3           2
          10           3           2
          14           3           2
          16           3           2
          18           3           2
          22           3           2
          24           3           2
          26           3           2
          30           3           2
          32           3           2
          34           3           2
          35           3           2
          37           3           2
          38           3           2
          40           3           2
          41           3           2
          42           3           2
          43           3           2
          44           3           2
          45           3           2
          46           3           2
           0           3           2
#   0  Allocated 2 arrays with a total of  3490.68      Mbytes 
           1           3           2
           2           3           2
           3           3           2
           4           3           2
           5           3           2
           9           3           2
          11           3           2
          12           3           2
          13           3           2
          17           3           2
          19           3           2
          20           3           2
          21           3           2
          25           3           2
          27           3           2
          28           3           2
          29           3           2
          33           3           2
           7           3           2
          15           3           2
          23           3           2
          39           3           2
          31           3           2
          36           3           2
          47           3           2
# StartResidual    0.00000000000    
  4  Maxtime , Mintime + JacobiMi , JacobiMa    4.10861966700        4.10851681300        3.81837179400        3.99295057700       Residual    52053333.2921      MLUPs    2523.47523994    
  4  Maxtime , Mintime + JacobiMi , JacobiMa    4.10090453300        4.10088184900        3.81919108600        3.98995645400       Residual    8666666.66662      MLUPs    2528.22271686    
  4  Maxtime , Mintime + JacobiMi , JacobiMa    4.10510067700        4.10507046300        3.81879899500        3.99426014600       Residual    1845679.01179      MLUPs    2525.63842297    
  4  Maxtime , Mintime + JacobiMi , JacobiMa    4.10024558600        4.10022643200        3.81836715100        3.98898724000       Residual    548353.909347      MLUPs    2528.62902539    
  4  Maxtime , Mintime + JacobiMi , JacobiMa    4.09828087400        4.09791369100        3.82031806000        3.98723693200       Residual    224579.903975      MLUPs    2529.84124777    
  4  Maxtime , Mintime + JacobiMi , JacobiMa    4.10528119300        4.10525725700        3.82010308200        3.99492924600       Residual    115709.252092      MLUPs    2525.52736648    
  4  Maxtime , Mintime + JacobiMi , JacobiMa    4.10103637300        4.10100867000        3.81921633800        3.99013791200       Residual    68873.9951658      MLUPs    2528.14143963    
  4  Maxtime , Mintime + JacobiMi , JacobiMa    4.10171154400        4.10169061300        3.81890583200        3.99061051200       Residual    44972.3862906      MLUPs    2527.72528950    
  4  Maxtime , Mintime + JacobiMi , JacobiMa    4.10700569400        4.10697877600        3.81872236900        3.99657827900       Residual    31296.4743154      MLUPs    2524.46691641    
  4  Maxtime , Mintime + JacobiMi , JacobiMa    4.12032494300        4.12030833500        3.81930538600        4.01336105400       Residual    22820.1561033      MLUPs    2516.30639414    
