# Threadlevel provided:        3 out of        0        1        2        3
  spat_dim , proc_dim, PBC ? 
           1 -Dim Input        28800          48 T
           2 -Dim Input          600           1 T
           3 -Dim Input          600           1 T
#   0 Process grid  48   1   1
           2           3           2
           3           3           2
           4           3           2
           5           3           2
           6           3           2
           7           3           2
           8           3           2
           9           3           2
          10           3           2
          11           3           2
          14           3           2
          15           3           2
          17           3           2
          18           3           2
          19           3           2
          20           3           2
          21           3           2
          23           3           2
          24           3           2
          25           3           2
          26           3           2
          27           3           2
          29           3           2
          30           3           2
          31           3           2
          32           3           2
          33           3           2
          34           3           2
          35           3           2
          36           3           2
          37           3           2
          38           3           2
          39           3           2
          40           3           2
          42           3           2
          43           3           2
          45           3           2
          47           3           2
           0           3           2
#   0  Allocated 2 arrays with a total of  3490.68      Mbytes 
           1           3           2
          13           3           2
          16           3           2
          22           3           2
          41           3           2
          46           3           2
          12           3           2
          28           3           2
          44           3           2
# StartResidual    0.00000000000    
  4  Maxtime , Mintime + JacobiMi , JacobiMa    4.09193936700        4.09149030000        3.81355305500        3.97739818800       Residual    97166666.5904      MLUPs    2533.76188406    
  4  Maxtime , Mintime + JacobiMi , JacobiMa    4.09012704900        4.09011424800        3.81271054100        3.97912014500       Residual    16166666.6666      MLUPs    2534.88458324    
  4  Maxtime , Mintime + JacobiMi , JacobiMa    4.08986343100        4.08984458700        3.81296599200        3.97854354700       Residual    3442901.23349      MLUPs    2535.04797285    
  4  Maxtime , Mintime + JacobiMi , JacobiMa    4.09145085800        4.09142369500        3.81358409800        3.97987923900       Residual    1022890.94626      MLUPs    2534.06440889    
  4  Maxtime , Mintime + JacobiMi , JacobiMa    4.08991904900        4.08990510300        3.81357314900        3.97853616100       Residual    418927.897809      MLUPs    2535.01349924    
  4  Maxtime , Mintime + JacobiMi , JacobiMa    4.09253987000        4.09211767600        3.81342514200        3.98099834200       Residual    215842.258718      MLUPs    2533.39010232    
  4  Maxtime , Mintime + JacobiMi , JacobiMa    4.09219677300        4.09218635700        3.81389350400        3.98077694100       Residual    128476.490984      MLUPs    2533.60250622    
  4  Maxtime , Mintime + JacobiMi , JacobiMa    4.09367649600        4.09366548700        3.81496122200        3.98222388800       Residual    83890.7975040      MLUPs    2532.68669621    
  4  Maxtime , Mintime + JacobiMi , JacobiMa    4.09212698400        4.09210930400        3.81534329100        3.98086052100       Residual    58379.9617010      MLUPs    2533.64571543    
  4  Maxtime , Mintime + JacobiMi , JacobiMa    4.09603607000        4.09602516000        3.81929197500        3.98443565300       Residual    42568.3681188      MLUPs    2531.22770962    
