# Threadlevel provided:        3 out of        0        1        2        3
  spat_dim , proc_dim, PBC ? 
           1 -Dim Input        28800          48 T
           2 -Dim Input          600           1 T
           3 -Dim Input          600           1 T
#   0 Process grid  48   1   1
           5           3           2
           6           3           2
           7           3           2
           8           3           2
           9           3           2
          10           3           2
          11           3           2
          12           3           2
          14           3           2
          15           3           2
          16           3           2
          18           3           2
          20           3           2
          21           3           2
          22           3           2
          23           3           2
          24           3           2
          25           3           2
          26           3           2
          28           3           2
          29           3           2
          30           3           2
          31           3           2
          32           3           2
          33           3           2
          34           3           2
          35           3           2
          36           3           2
          37           3           2
          38           3           2
          40           3           2
          41           3           2
          42           3           2
          44           3           2
          45           3           2
          46           3           2
          47           3           2
           0           3           2
#   0  Allocated 2 arrays with a total of  3490.68      Mbytes 
           1           3           2
           2           3           2
           3           3           2
           4           3           2
          13           3           2
          17           3           2
          43           3           2
          19           3           2
          39           3           2
          27           3           2
# StartResidual    0.00000000000    
  4  Maxtime , Mintime + JacobiMi , JacobiMa    4.10303826400        4.10274708600        3.81853013200        3.98787944700       Residual    97166666.5904      MLUPs    2526.90794794    
  4  Maxtime , Mintime + JacobiMi , JacobiMa    4.10389090900        4.10387442400        3.81791769800        3.99182061100       Residual    16166666.6666      MLUPs    2526.38294484    
  4  Maxtime , Mintime + JacobiMi , JacobiMa    4.10158983100        4.10157061600        3.81718242300        3.98965000300       Residual    3442901.23349      MLUPs    2527.80029871    
  4  Maxtime , Mintime + JacobiMi , JacobiMa    4.10428587800        4.10392580100        3.81905065200        3.99203989800       Residual    1022890.94626      MLUPs    2526.13982266    
  4  Maxtime , Mintime + JacobiMi , JacobiMa    4.10344020400        4.10340910000        3.81810174400        3.99111816000       Residual    418927.897809      MLUPs    2526.66043236    
  4  Maxtime , Mintime + JacobiMi , JacobiMa    4.10595528300        4.10592860100        3.81986446100        3.99355650500       Residual    215842.258718      MLUPs    2525.11274122    
  4  Maxtime , Mintime + JacobiMi , JacobiMa    4.10523270300        4.10521181200        3.81917264300        3.99294828900       Residual    128476.490984      MLUPs    2525.55719738    
  4  Maxtime , Mintime + JacobiMi , JacobiMa    4.10514042700        4.10511012000        3.81906186600        3.99293307200       Residual    83890.7975040      MLUPs    2525.61396726    
  4  Maxtime , Mintime + JacobiMi , JacobiMa    4.10325219800        4.10323405900        3.81824311000        3.99220326200       Residual    58379.9617010      MLUPs    2526.77620085    
  4  Maxtime , Mintime + JacobiMi , JacobiMa    4.10520717800        4.10519483200        3.81956393100        3.99351185100       Residual    42568.3681188      MLUPs    2525.57290057    
