# Threadlevel provided:        3 out of        0        1        2        3
  spat_dim , proc_dim, PBC ? 
           1 -Dim Input         1800           3 T
           2 -Dim Input         9600          16 T
           3 -Dim Input          600           1 T
#   0 Process grid   3  16   1
          12           3           2
          13           3           2
          15           3           2
          16           3           2
          17           3           2
          19           3           2
          20           3           2
          21           3           2
          23           3           2
          24           3           2
          25           3           2
          27           3           2
          28           3           2
          29           3           2
          31           3           2
          32           3           2
          33           3           2
          35           3           2
          36           3           2
          37           3           2
          39           3           2
          40           3           2
          41           3           2
          43           3           2
          44           3           2
          45           3           2
          47           3           2
           0           3           2
#   0  Allocated 2 arrays with a total of  3490.68      Mbytes 
           1           3           2
           3           3           2
           4           3           2
           5           3           2
           7           3           2
           8           3           2
           9           3           2
          11           3           2
           6           3           2
          10           3           2
          18           3           2
          22           3           2
          26           3           2
          30           3           2
          34           3           2
          38           3           2
          42           3           2
          46           3           2
           2           3           2
          14           3           2
# StartResidual    0.00000000000    
  4  Maxtime , Mintime + JacobiMi , JacobiMa    4.10685052600        4.10651527200        3.82091133600        3.99356142300       Residual    67066666.6135      MLUPs    2524.56229764    
  4  Maxtime , Mintime + JacobiMi , JacobiMa    4.10275669800        4.10273911200        3.82033909600        3.99151228100       Residual    11166666.6666      MLUPs    2527.08136582    
  4  Maxtime , Mintime + JacobiMi , JacobiMa    4.10271549600        4.10270070000        3.81962458100        3.99211825200       Residual    2378086.41904      MLUPs    2527.10674433    
  4  Maxtime , Mintime + JacobiMi , JacobiMa    4.10429220000        4.10427279800        3.82129452400        3.99343578200       Residual    706532.921651      MLUPs    2526.13593155    
  4  Maxtime , Mintime + JacobiMi , JacobiMa    4.11763349600        4.11761550600        3.82027989900        4.00407072800       Residual    289362.568585      MLUPs    2517.95115084    
  4  Maxtime , Mintime + JacobiMi , JacobiMa    4.12636837100        4.12635608900        3.82189582500        4.02292522800       Residual    149086.920966      MLUPs    2512.62104297    
  4  Maxtime , Mintime + JacobiMi , JacobiMa    4.12541193900        4.12539251500        3.82051908800        4.02203755100       Residual    88741.4937712      MLUPs    2513.20356689    
  4  Maxtime , Mintime + JacobiMi , JacobiMa    4.12634037200        4.12632870800        3.82172310300        4.02290853800       Residual    57945.1900284      MLUPs    2512.63809218    
  4  Maxtime , Mintime + JacobiMi , JacobiMa    4.12559493900        4.12556382300        3.82159009200        4.02225803100       Residual    40324.3034450      MLUPs    2513.09208812    
  4  Maxtime , Mintime + JacobiMi , JacobiMa    4.12615101000        4.12613394200        3.82119554600        4.02273062600       Residual    29402.8934412      MLUPs    2512.75340502    
