# Threadlevel provided:        3 out of        0        1        2        3
  spat_dim , proc_dim, PBC ? 
           1 -Dim Input         1800           3 T
           2 -Dim Input         1200           2 T
           3 -Dim Input         4800           8 T
#   0 Process grid   3   2   8
           2           3           2
           4           3           2
           7           3           2
           8           3           2
           9           3           2
          10           3           2
          11           3           2
          12           3           2
          13           3           2
          14           3           2
          15           3           2
          16           3           2
          17           3           2
          18           3           2
          19           3           2
          20           3           2
          21           3           2
          22           3           2
          23           3           2
          24           3           2
          25           3           2
          26           3           2
          27           3           2
          28           3           2
          29           3           2
          30           3           2
          32           3           2
          33           3           2
          34           3           2
          35           3           2
          36           3           2
          37           3           2
          38           3           2
          40           3           2
          41           3           2
          42           3           2
          43           3           2
          44           3           2
          45           3           2
          46           3           2
          47           3           2
           0           3           2
#   0  Allocated 2 arrays with a total of  3490.68      Mbytes 
           1           3           2
           5           3           2
           6           3           2
          39           3           2
           3           3           2
          31           3           2
# StartResidual    0.00000000000    
  4  Maxtime , Mintime + JacobiMi , JacobiMa    4.10609330000        4.10594652900        3.81867846100        3.98609882300       Residual    46043333.2968      MLUPs    2525.02786529    
  4  Maxtime , Mintime + JacobiMi , JacobiMa    4.10188874800        4.10186282000        3.81878560400        3.98502043100       Residual    7666666.66663      MLUPs    2527.61609028    
  4  Maxtime , Mintime + JacobiMi , JacobiMa    4.10263871500        4.10261755500        3.81843504100        3.98540717200       Residual    1632716.04889      MLUPs    2527.15403920    
  4  Maxtime , Mintime + JacobiMi , JacobiMa    4.10646015900        4.10643754500        3.82036233400        3.98690230900       Residual    485082.304417      MLUPs    2524.80228678    
  4  Maxtime , Mintime + JacobiMi , JacobiMa    4.10494154700        4.10492155800        3.81825953500        3.98748005600       Residual    198666.838132      MLUPs    2525.73633054    
  4  Maxtime , Mintime + JacobiMi , JacobiMa    4.10387311000        4.10384517700        3.82041038500        3.98650285500       Residual    102358.184543      MLUPs    2526.39390208    
  4  Maxtime , Mintime + JacobiMi , JacobiMa    4.10341379900        4.10338980200        3.81994506600        3.98616557400       Residual    60926.9957236      MLUPs    2526.67669113    
  4  Maxtime , Mintime + JacobiMi , JacobiMa    4.10469508800        4.10467312600        3.82063057100        3.98756256800       Residual    39783.2647956      MLUPs    2525.88798381    
  4  Maxtime , Mintime + JacobiMi , JacobiMa    4.10581134500        4.10578936400        3.82002929300        3.98859532700       Residual    27685.3426636      MLUPs    2525.20126445    
  4  Maxtime , Mintime + JacobiMi , JacobiMa    4.10427400900        4.10426087300        3.82026287700        3.98771608000       Residual    20187.0611684      MLUPs    2526.14712791    
