# Threadlevel provided:        3 out of        0        1        2        3
  spat_dim , proc_dim, PBC ? 
           1 -Dim Input         3600           6 T
           2 -Dim Input         1200           2 T
           3 -Dim Input         2400           4 T
#   0 Process grid   6   2   4
           3           3           2
           4           3           2
           5           3           2
           7           3           2
           8           3           2
          10           3           2
          11           3           2
          12           3           2
          15           3           2
          16           3           2
          17           3           2
          18           3           2
          20           3           2
          21           3           2
          23           3           2
          24           3           2
          25           3           2
          26           3           2
          27           3           2
          28           3           2
          29           3           2
          31           3           2
          33           3           2
          35           3           2
          36           3           2
          37           3           2
          39           3           2
          40           3           2
          41           3           2
          42           3           2
          43           3           2
          44           3           2
          45           3           2
          47           3           2
           0           3           2
#   0  Allocated 2 arrays with a total of  3490.68      Mbytes 
           1           3           2
           2           3           2
           9           3           2
          13           3           2
          19           3           2
           6           3           2
          14           3           2
          22           3           2
          30           3           2
          38           3           2
          46           3           2
          32           3           2
          34           3           2
# StartResidual    0.00000000000    
  4  Maxtime , Mintime + JacobiMi , JacobiMa    4.07683991700        4.07637936600        3.80842372800        3.94799775700       Residual    44039999.9650      MLUPs    2543.14621400    
  4  Maxtime , Mintime + JacobiMi , JacobiMa    4.07414005900        4.07409642700        3.80853062000        3.94878443500       Residual    7333333.33329      MLUPs    2544.83151042    
  4  Maxtime , Mintime + JacobiMi , JacobiMa    4.07358163600        4.07356848000        3.80755958200        3.94881358600       Residual    1561728.39458      MLUPs    2545.18036619    
  4  Maxtime , Mintime + JacobiMi , JacobiMa    4.07479946400        4.07477168100        3.80791417800        3.94931918500       Residual    463991.769434      MLUPs    2544.41969270    
  4  Maxtime , Mintime + JacobiMi , JacobiMa    4.07513640400        4.07512126400        3.80752724800        3.94999661500       Residual    190029.149518      MLUPs    2544.20931526    
  4  Maxtime , Mintime + JacobiMi , JacobiMa    4.07475396800        4.07474002200        3.80932414700        3.94900376000       Residual    97907.8286944      MLUPs    2544.44810200    
  4  Maxtime , Mintime + JacobiMi , JacobiMa    4.07363245100        4.07360530900        3.80846146700        3.94806645200       Residual    58277.9959096      MLUPs    2545.14861729    
  4  Maxtime , Mintime + JacobiMi , JacobiMa    4.07347384300        4.07344164100        3.80926215200        3.94772235100       Residual    38053.5576307      MLUPs    2545.24771721    
  4  Maxtime , Mintime + JacobiMi , JacobiMa    4.07371508900        4.07369975500        3.80961568200        3.94823134000       Residual    26481.6321129      MLUPs    2545.09698727    
  4  Maxtime , Mintime + JacobiMi , JacobiMa    4.07511749500        4.07510229800        3.81025333300        3.94941542900       Residual    19309.3628569      MLUPs    2544.22112067    
