# Threadlevel provided:        3 out of        0        1        2        3
  spat_dim , proc_dim, PBC ? 
           1 -Dim Input         3600           6 T
           2 -Dim Input         1200           2 T
           3 -Dim Input         2400           4 T
#   0 Process grid   6   2   4
           1           3           2
           3           3           2
           4           3           2
           5           3           2
           6           3           2
           7           3           2
           8           3           2
           9           3           2
          10           3           2
          12           3           2
          13           3           2
          14           3           2
          16           3           2
          17           3           2
          18           3           2
          19           3           2
          20           3           2
          21           3           2
          23           3           2
          24           3           2
          25           3           2
          26           3           2
          28           3           2
          29           3           2
          32           3           2
          33           3           2
          34           3           2
          35           3           2
          36           3           2
          37           3           2
          38           3           2
          39           3           2
          40           3           2
          41           3           2
          42           3           2
          44           3           2
          45           3           2
          46           3           2
           0           3           2
#   0  Allocated 2 arrays with a total of  3490.68      Mbytes 
           2           3           2
          11           3           2
          27           3           2
          30           3           2
          43           3           2
          22           3           2
          15           3           2
          31           3           2
          47           3           2
# StartResidual    0.00000000000    
  4  Maxtime , Mintime + JacobiMi , JacobiMa    4.11421636500        4.11375871500        3.81996613400        3.99527254100       Residual    44039999.9650      MLUPs    2520.04247715    
  4  Maxtime , Mintime + JacobiMi , JacobiMa    4.10718549500        4.10715729300        3.81937674300        3.99209782000       Residual    7333333.33329      MLUPs    2524.35640236    
  4  Maxtime , Mintime + JacobiMi , JacobiMa    4.10732872700        4.10730275700        3.81872840300        3.99163517300       Residual    1561728.39458      MLUPs    2524.26837225    
  4  Maxtime , Mintime + JacobiMi , JacobiMa    4.10792445700        4.10789854500        3.81962012300        3.99284446000       Residual    463991.769434      MLUPs    2523.90230359    
  4  Maxtime , Mintime + JacobiMi , JacobiMa    4.10701063200        4.10698938500        3.81868491300        3.99220494000       Residual    190029.149518      MLUPs    2524.46388115    
  4  Maxtime , Mintime + JacobiMi , JacobiMa    4.10730489900        4.10728610100        3.81908804200        3.99204164500       Residual    97907.8286944      MLUPs    2524.28301647    
  4  Maxtime , Mintime + JacobiMi , JacobiMa    4.10662727000        4.10660735800        3.81974427700        3.99165699300       Residual    58277.9959096      MLUPs    2524.69954499    
  4  Maxtime , Mintime + JacobiMi , JacobiMa    4.10781235500        4.10780099300        3.82083307000        3.99286035100       Residual    38053.5576307      MLUPs    2523.97118076    
  4  Maxtime , Mintime + JacobiMi , JacobiMa    4.10756190900        4.10753795100        3.82123054000        3.99242803000       Residual    26481.6321129      MLUPs    2524.12507217    
  4  Maxtime , Mintime + JacobiMi , JacobiMa    4.10915479700        4.10912496900        3.82247376200        3.99424779300       Residual    19309.3628569      MLUPs    2523.14661097    
