# Threadlevel provided:        3 out of        0        1        2        3
  spat_dim , proc_dim, PBC ? 
           1 -Dim Input         3600           6 T
           2 -Dim Input         1200           2 T
           3 -Dim Input         2400           4 T
#   0 Process grid   6   2   4
           7           3           2
           8           3           2
           9           3           2
          10           3           2
          11           3           2
          12           3           2
          13           3           2
          14           3           2
          15           3           2
          20           3           2
          22           3           2
          25           3           2
          26           3           2
          27           3           2
          29           3           2
          30           3           2
          31           3           2
          32           3           2
          33           3           2
          34           3           2
          35           3           2
          36           3           2
          37           3           2
          38           3           2
          40           3           2
          41           3           2
          42           3           2
          43           3           2
          44           3           2
          45           3           2
          46           3           2
          47           3           2
           0           3           2
#   0  Allocated 2 arrays with a total of  3490.68      Mbytes 
           1           3           2
           2           3           2
           3           3           2
           4           3           2
           5           3           2
           6           3           2
          18           3           2
          19           3           2
          23           3           2
          28           3           2
          16           3           2
          21           3           2
          17           3           2
          39           3           2
          24           3           2
# StartResidual    0.00000000000    
  4  Maxtime , Mintime + JacobiMi , JacobiMa    4.07479306000        4.07422078500        3.80761064000        3.94210666500       Residual    44039999.9650      MLUPs    2544.42369154    
  4  Maxtime , Mintime + JacobiMi , JacobiMa    4.07370822400        4.07368920800        3.80738701600        3.94397630000       Residual    7333333.33329      MLUPs    2545.10127626    
  4  Maxtime , Mintime + JacobiMi , JacobiMa    4.08120663500        4.08118328400        3.80615668900        3.94251848600       Residual    1561728.39458      MLUPs    2540.42515541    
  4  Maxtime , Mintime + JacobiMi , JacobiMa    4.07386180300        4.07383904300        3.80659670400        3.94406191100       Residual    463991.769434      MLUPs    2545.00532943    
  4  Maxtime , Mintime + JacobiMi , JacobiMa    4.07337837100        4.07335805300        3.80708672200        3.94383582900       Residual    190029.149518      MLUPs    2545.30737282    
  4  Maxtime , Mintime + JacobiMi , JacobiMa    4.07446233000        4.07444044000        3.80770602500        3.94460696300       Residual    97907.8286944      MLUPs    2544.63022609    
  4  Maxtime , Mintime + JacobiMi , JacobiMa    4.07335625100        4.07333880900        3.80624569900        3.94357201700       Residual    58277.9959096      MLUPs    2545.32119489    
  4  Maxtime , Mintime + JacobiMi , JacobiMa    4.07458008000        4.07455478400        3.80668222300        3.94526060900       Residual    38053.5576307      MLUPs    2544.55668963    
  4  Maxtime , Mintime + JacobiMi , JacobiMa    4.07372951700        4.07369673900        3.80724491200        3.94406798400       Residual    26481.6321129      MLUPs    2545.08797325    
  4  Maxtime , Mintime + JacobiMi , JacobiMa    4.07603775000        4.07600646700        3.80815735600        3.94668694300       Residual    19309.3628569      MLUPs    2543.64670690    
