# Threadlevel provided:        3 out of        0        1        2        3
  spat_dim , proc_dim, PBC ? 
           1 -Dim Input         9600          16 T
           2 -Dim Input          600           1 T
           3 -Dim Input         1800           3 T
#   0 Process grid  16   1   3
           6           3           2
           8           3           2
          10           3           2
          12           3           2
          14           3           2
          16           3           2
          18           3           2
          20           3           2
          22           3           2
          24           3           2
          26           3           2
          28           3           2
          30           3           2
          32           3           2
          34           3           2
          36           3           2
          40           3           2
          42           3           2
          44           3           2
          46           3           2
           0           3           2
#   0  Allocated 2 arrays with a total of  3490.68      Mbytes 
           2           3           2
           4           3           2
          38           3           2
           1           3           2
           3           3           2
           5           3           2
           7           3           2
           9           3           2
          13           3           2
          15           3           2
          17           3           2
          19           3           2
          21           3           2
          23           3           2
          25           3           2
          27           3           2
          29           3           2
          31           3           2
          33           3           2
          35           3           2
          37           3           2
          39           3           2
          41           3           2
          43           3           2
          45           3           2
          47           3           2
          11           3           2
# StartResidual    0.00000000000    
  4  Maxtime , Mintime + JacobiMi , JacobiMa    5.26430243900        5.25762282700        3.06344543100        5.11989876900       Residual    67066666.6135      MLUPs    1969.49170762    
  4  Maxtime , Mintime + JacobiMi , JacobiMa    4.11256825500        4.11254666900        3.82168852200        4.00617578900       Residual    11166666.6666      MLUPs    2521.05238312    
  4  Maxtime , Mintime + JacobiMi , JacobiMa    4.11575693800        4.11573913900        3.82155561100        4.00866376700       Residual    2378086.41902      MLUPs    2519.09919759    
  4  Maxtime , Mintime + JacobiMi , JacobiMa    4.11403362200        4.11401917200        3.82263295100        4.00737098000       Residual    706532.921637      MLUPs    2520.15441599    
  4  Maxtime , Mintime + JacobiMi , JacobiMa    4.11615555000        4.11612619400        3.82171096300        4.00836866800       Residual    289362.568584      MLUPs    2518.85524589    
  4  Maxtime , Mintime + JacobiMi , JacobiMa    4.11703626000        4.11701337900        3.82234652900        4.00842269900       Residual    149086.920966      MLUPs    2518.31641629    
  4  Maxtime , Mintime + JacobiMi , JacobiMa    4.11593477000        4.11591195500        3.82333370700        4.01008116600       Residual    88741.4937712      MLUPs    2518.99035805    
  4  Maxtime , Mintime + JacobiMi , JacobiMa    4.11679617100        4.11677401000        3.82430716800        4.00854715900       Residual    57945.1900286      MLUPs    2518.46328294    
  4  Maxtime , Mintime + JacobiMi , JacobiMa    4.11674081800        4.11672234700        3.82547147600        4.01099131500       Residual    40324.3034448      MLUPs    2518.49714577    
  4  Maxtime , Mintime + JacobiMi , JacobiMa    4.11819087700        4.11817072300        3.82715184200        4.01207449600       Residual    29402.8934415      MLUPs    2517.61035602    
