# Threadlevel provided:        3 out of        0        1        2        3
  spat_dim , proc_dim, PBC ? 
           1 -Dim Input        28800          48 T
           2 -Dim Input          600           1 T
           3 -Dim Input          600           1 T
#   0 Process grid  48   1   1
          16           3           2
          20           3           2
          24           3           2
          28           3           2
          32           3           2
          36           3           2
          40           3           2
          44           3           2
           0           3           2
#   0  Allocated 2 arrays with a total of  3490.68      Mbytes 
           4           3           2
           8           3           2
          12           3           2
           1           3           2
           3           3           2
           5           3           2
           7           3           2
           9           3           2
          11           3           2
          13           3           2
          15           3           2
          17           3           2
          19           3           2
          21           3           2
          23           3           2
          25           3           2
          27           3           2
          29           3           2
          31           3           2
          33           3           2
          35           3           2
          37           3           2
          39           3           2
          41           3           2
          43           3           2
          45           3           2
          47           3           2
           2           3           2
           6           3           2
          10           3           2
          14           3           2
          18           3           2
          22           3           2
          26           3           2
          30           3           2
          38           3           2
          42           3           2
          46           3           2
          34           3           2
# StartResidual    0.00000000000    
  4  Maxtime , Mintime + JacobiMi , JacobiMa    1.98987026500        1.98981651000        1.88639428100        1.92216618600       Residual    97166666.5904      MLUPs    5210.38993464    
  4  Maxtime , Mintime + JacobiMi , JacobiMa    1.97187521400        1.97185967700        1.88423129200        1.92051608600       Residual    16166666.6666      MLUPs    5257.93920751    
  4  Maxtime , Mintime + JacobiMi , JacobiMa    1.97194326200        1.97191944000        1.88475445100        1.92099289400       Residual    3442901.23349      MLUPs    5257.75776605    
  4  Maxtime , Mintime + JacobiMi , JacobiMa    1.97231979200        1.97229408600        1.88497858700        1.92078720800       Residual    1022890.94626      MLUPs    5256.75402237    
  4  Maxtime , Mintime + JacobiMi , JacobiMa    1.97161682100        1.97160190900        1.88479212600        1.91973562600       Residual    418927.897809      MLUPs    5258.62829408    
  4  Maxtime , Mintime + JacobiMi , JacobiMa    1.97140626800        1.97140008900        1.88420734500        1.91963591600       Residual    215842.258718      MLUPs    5259.18993375    
  4  Maxtime , Mintime + JacobiMi , JacobiMa    1.97123356400        1.97122042400        1.88502579000        1.92024447500       Residual    128476.490984      MLUPs    5259.65070266    
  4  Maxtime , Mintime + JacobiMi , JacobiMa    1.97155624200        1.97155090500        1.88448828200        1.92054890600       Residual    83890.7975040      MLUPs    5258.78987326    
  4  Maxtime , Mintime + JacobiMi , JacobiMa    1.97172154300        1.97171452000        1.88489900100        1.92037991100       Residual    58379.9617010      MLUPs    5258.34899802    
  4  Maxtime , Mintime + JacobiMi , JacobiMa    1.97208599800        1.97207075800        1.88435611800        1.92074613700       Residual    42568.3681188      MLUPs    5257.37721910    
