# Threadlevel provided:        3 out of        0        1        2        3
  spat_dim , proc_dim, PBC ? 
           1 -Dim Input         4800           8 T
           2 -Dim Input          600           1 T
           3 -Dim Input         1800           3 T
#   0 Process grid   8   1   3
          12           3           2
          16           3           2
          18           3           2
          19           3           2
          21           3           2
          22           3           2
          23           3           2
           0           3           2
#   0  Allocated 2 arrays with a total of  3490.68      Mbytes 
           1           3           2
           2           3           2
           3           3           2
           4           3           2
           5           3           2
           6           3           2
           7           3           2
           8           3           2
           9           3           2
          10           3           2
          11           3           2
          13           3           2
          14           3           2
          15           3           2
          17           3           2
          20           3           2
# StartResidual    0.00000000000    
  4  Maxtime , Mintime + JacobiMi , JacobiMa    3.06889923600        3.06862197500        2.85024875200        2.97387852200       Residual    35039999.9723      MLUPs    1689.20502152    
  4  Maxtime , Mintime + JacobiMi , JacobiMa    3.06618155100        3.06617803500        2.85080598100        2.97377748300       Residual    5833333.33330      MLUPs    1690.70223461    
  4  Maxtime , Mintime + JacobiMi , JacobiMa    3.06587524800        3.06587357600        2.85029360100        2.97343297800       Residual    1242283.95023      MLUPs    1690.87114793    
  4  Maxtime , Mintime + JacobiMi , JacobiMa    3.06604643700        3.06604465100        2.85036332200        2.97355641300       Residual    369084.362051      MLUPs    1690.77674018    
  4  Maxtime , Mintime + JacobiMi , JacobiMa    3.06630059300        3.06629714800        2.84949502900        2.97372606600       Residual    151159.550754      MLUPs    1690.63659702    
  4  Maxtime , Mintime + JacobiMi , JacobiMa    3.06641655900        3.06640548100        2.84992769000        2.97406036500       Residual    77881.2273709      MLUPs    1690.57266039    
  4  Maxtime , Mintime + JacobiMi , JacobiMa    3.06704375900        3.06704184400        2.84979656900        2.97458469400       Residual    46357.4967463      MLUPs    1690.22694404    
  4  Maxtime , Mintime + JacobiMi , JacobiMa    3.06621041500        3.06620619600        2.84976164900        2.97386350200       Residual    30269.8753880      MLUPs    1690.68631906    
  4  Maxtime , Mintime + JacobiMi , JacobiMa    3.06742594100        3.06742269000        2.84996719100        2.97498383700       Residual    21064.9346352      MLUPs    1690.01635238    
  4  Maxtime , Mintime + JacobiMi , JacobiMa    3.06692639000        3.06692384300        2.84991731000        2.97440356000       Residual    15359.7204546      MLUPs    1690.29162777    
