# Threadlevel provided:        3 out of        0        1        2        3
  spat_dim , proc_dim, PBC ? 
           1 -Dim Input         2400           4 T
           2 -Dim Input          600           1 T
           3 -Dim Input         1800           3 T
#   0 Process grid   4   1   3
           0           3           2
           6           3           2
           7           3           2
           8           3           2
           9           3           2
          10           3           2
          11           3           2
           1           3           2
           2           3           2
           3           3           2
           4           3           2
           5           3           2
#   0  Allocated 2 arrays with a total of  3490.68      Mbytes 
# StartResidual    0.00000000000    
  4  Maxtime , Mintime + JacobiMi , JacobiMa    1.94362115300        1.94236114700        1.88241969100        1.89069165900       Residual    19026666.6516      MLUPs    1333.59322417    
  4  Maxtime , Mintime + JacobiMi , JacobiMa    1.94062202400        1.94061569000        1.88273377400        1.89088224900       Residual    3166666.66665      MLUPs    1335.65422217    
  4  Maxtime , Mintime + JacobiMi , JacobiMa    1.94059918800        1.94059530100        1.88252178300        1.89081784700       Residual    674382.715837      MLUPs    1335.66993948    
  4  Maxtime , Mintime + JacobiMi , JacobiMa    1.94064682800        1.94064201400        1.88272498600        1.89096430400       Residual    200360.082258      MLUPs    1335.63715077    
  4  Maxtime , Mintime + JacobiMi , JacobiMa    1.94028566900        1.94027207900        1.88221525900        1.89044267900       Residual    82058.0418381      MLUPs    1335.88576229    
  4  Maxtime , Mintime + JacobiMi , JacobiMa    1.94068594500        1.94067670400        1.88283319700        1.89089841400       Residual    42278.3805730      MLUPs    1335.61022930    
  4  Maxtime , Mintime + JacobiMi , JacobiMa    1.94063324700        1.94061290300        1.88254933400        1.89083253200       Residual    25165.4982338      MLUPs    1335.64649787    
  4  Maxtime , Mintime + JacobiMi , JacobiMa    1.94062823300        1.94061749100        1.88282039600        1.89087094700       Residual    16432.2180677      MLUPs    1335.64994878    
  4  Maxtime , Mintime + JacobiMi , JacobiMa    1.94047804000        1.94047267100        1.88244035000        1.89065307000       Residual    11435.2502304      MLUPs    1335.75332808    
  4  Maxtime , Mintime + JacobiMi , JacobiMa    1.94031660300        1.94030428000        1.88260090800        1.89056511500       Residual    8338.13396113      MLUPs    1335.86446459    
