# Threadlevel provided:        3 out of        0        1        2        3
  spat_dim , proc_dim, PBC ? 
           1 -Dim Input          600           1 T
           2 -Dim Input         1200           2 T
           3 -Dim Input         1200           2 T
#   0 Process grid   1   2   2
           0           3           2
           2           3           2
           3           3           2
           1           3           2
#   0  Allocated 2 arrays with a total of  3490.68      Mbytes 
# StartResidual    0.00000000000    
  4  Maxtime , Mintime + JacobiMi , JacobiMa    1.93632927100        1.93632100200        1.88578662300        1.88840675300       Residual    8016666.66038      MLUPs    446.205102066    
  4  Maxtime , Mintime + JacobiMi , JacobiMa    1.93384840500        1.93384794300        1.88555939800        1.88830935300       Residual    1333333.33333      MLUPs    446.777522874    
  4  Maxtime , Mintime + JacobiMi , JacobiMa    1.93416774800        1.93416606800        1.88553591700        1.88856172900       Residual    283950.617185      MLUPs    446.703757155    
  4  Maxtime , Mintime + JacobiMi , JacobiMa    1.93381681700        1.93381595100        1.88553155000        1.88820769600       Residual    84362.1399004      MLUPs    446.784820778    
  4  Maxtime , Mintime + JacobiMi , JacobiMa    1.93427872400        1.93427800800        1.88581364300        1.88869254800       Residual    34550.7544587      MLUPs    446.678128276    
  4  Maxtime , Mintime + JacobiMi , JacobiMa    1.93397348000        1.93397295400        1.88557023400        1.88834221900       Residual    17801.4233998      MLUPs    446.748628632    
  4  Maxtime , Mintime + JacobiMi , JacobiMa    1.93426746700        1.93426699200        1.88560285000        1.88868475100       Residual    10595.9992565      MLUPs    446.680727842    
  4  Maxtime , Mintime + JacobiMi , JacobiMa    1.93385429600        1.93385368000        1.88560653200        1.88828535700       Residual    6918.82865997      MLUPs    446.776161879    
  4  Maxtime , Mintime + JacobiMi , JacobiMa    1.93426546400        1.93426492800        1.88567239200        1.88868475100       Residual    4814.84220205      MLUPs    446.681190395    
  4  Maxtime , Mintime + JacobiMi , JacobiMa    1.93397966200        1.93397857100        1.88555464900        1.88838884300       Residual    3510.79324689      MLUPs    446.747200592    
