# Threadlevel provided:        3 out of        0        1        2        3
  spat_dim , proc_dim, PBC ? 
           1 -Dim Input         3600           6 T
           2 -Dim Input         1200           2 T
           3 -Dim Input          600           1 T
#   0 Process grid   6   2   1
           0           3           2
           8           3           2
          10           3           2
           2           3           2
           4           3           2
           6           3           2
#   0  Allocated 2 arrays with a total of  3490.68      Mbytes 
           1           3           2
           3           3           2
           5           3           2
           7           3           2
           9           3           2
          11           3           2
# StartResidual    0.00000000000    
  4  Maxtime , Mintime + JacobiMi , JacobiMa    1.96102043400        1.95980745000        1.88159759200        1.89958893300       Residual    20029999.9842      MLUPs    1321.76083179    
  4  Maxtime , Mintime + JacobiMi , JacobiMa    1.95860062400        1.95859220600        1.88147163900        1.89928189200       Residual    3333333.33331      MLUPs    1323.39383958    
  4  Maxtime , Mintime + JacobiMi , JacobiMa    1.95866195000        1.95865671000        1.88152506000        1.89946281300       Residual    709876.542986      MLUPs    1323.35240392    
  4  Maxtime , Mintime + JacobiMi , JacobiMa    1.95873829200        1.95872763100        1.88188790200        1.89945368600       Residual    210905.349744      MLUPs    1323.30082614    
  4  Maxtime , Mintime + JacobiMi , JacobiMa    1.95879895800        1.95879183900        1.88146832600        1.89952532400       Residual    86376.8861454      MLUPs    1323.25984217    
  4  Maxtime , Mintime + JacobiMi , JacobiMa    1.95874790200        1.95874040400        1.88159264600        1.89944661200       Residual    44503.5584980      MLUPs    1323.29433377    
  4  Maxtime , Mintime + JacobiMi , JacobiMa    1.95893124500        1.95892484300        1.88149851300        1.89960184200       Residual    26489.9981408      MLUPs    1323.17048218    
  4  Maxtime , Mintime + JacobiMi , JacobiMa    1.95882254700        1.95881631600        1.88172726800        1.89958282800       Residual    17297.0716503      MLUPs    1323.24390689    
  4  Maxtime , Mintime + JacobiMi , JacobiMa    1.95886128500        1.95884925500        1.88192795400        1.89953980900       Residual    12037.1055057      MLUPs    1323.21773872    
  4  Maxtime , Mintime + JacobiMi , JacobiMa    1.95882895800        1.95882519400        1.88171637100        1.89953278200       Residual    8776.98311703      MLUPs    1323.23957608    
