# Threadlevel provided:        3 out of        0        1        2        3
  spat_dim , proc_dim, PBC ? 
           1 -Dim Input         3600           6 T
           2 -Dim Input         1200           2 T
           3 -Dim Input          600           1 T
#   0 Process grid   6   2   1
           0           3           2
           4           3           2
           6           3           2
           8           3           2
          10           3           2
           2           3           2
#   0  Allocated 2 arrays with a total of  3490.68      Mbytes 
           1           3           2
           3           3           2
           5           3           2
           7           3           2
           9           3           2
          11           3           2
# StartResidual    0.00000000000    
  4  Maxtime , Mintime + JacobiMi , JacobiMa    1.95564672300        1.95559942900        1.88197422200        1.89423048000       Residual    20029999.9842      MLUPs    1325.39275602    
  4  Maxtime , Mintime + JacobiMi , JacobiMa    1.95390630700        1.95389960900        1.88148084700        1.89458406000       Residual    3333333.33331      MLUPs    1326.57333195    
  4  Maxtime , Mintime + JacobiMi , JacobiMa    1.95351402800        1.95350937900        1.88147313000        1.89416386500       Residual    709876.542986      MLUPs    1326.83971697    
  4  Maxtime , Mintime + JacobiMi , JacobiMa    1.95390081100        1.95389369600        1.88155459100        1.89455864400       Residual    210905.349744      MLUPs    1326.57706338    
  4  Maxtime , Mintime + JacobiMi , JacobiMa    1.95360876500        1.95360427400        1.88135824000        1.89430491100       Residual    86376.8861454      MLUPs    1326.77537409    
  4  Maxtime , Mintime + JacobiMi , JacobiMa    1.95380077700        1.95379450400        1.88148637100        1.89448823200       Residual    44503.5584980      MLUPs    1326.64498372    
  4  Maxtime , Mintime + JacobiMi , JacobiMa    1.95350916300        1.95350245600        1.88146508000        1.89418880500       Residual    26489.9981408      MLUPs    1326.84302131    
  4  Maxtime , Mintime + JacobiMi , JacobiMa    1.95381412100        1.95380970300        1.88139349400        1.89451313100       Residual    17297.0716503      MLUPs    1326.63592311    
  4  Maxtime , Mintime + JacobiMi , JacobiMa    1.95357797000        1.95356437000        1.88140133700        1.89424958300       Residual    12037.1055057      MLUPs    1326.79628856    
  4  Maxtime , Mintime + JacobiMi , JacobiMa    1.95396055600        1.95394969200        1.88158767800        1.89465659500       Residual    8776.98311703      MLUPs    1326.53650149    
