# Threadlevel provided:        3 out of        0        1        2        3
  spat_dim , proc_dim, PBC ? 
           1 -Dim Input         3600           6 T
           2 -Dim Input         1200           2 T
           3 -Dim Input         2400           4 T
#   0 Process grid   6   2   4
          24           3           2
          25           3           2
          27           3           2
          28           3           2
          29           3           2
          32           3           2
          33           3           2
          35           3           2
          37           3           2
          39           3           2
          40           3           2
          41           3           2
          43           3           2
          45           3           2
           0           3           2
#   0  Allocated 2 arrays with a total of  3490.68      Mbytes 
           1           3           2
           3           3           2
           4           3           2
           5           3           2
           7           3           2
           8           3           2
           9           3           2
          11           3           2
          12           3           2
          13           3           2
          15           3           2
          16           3           2
          17           3           2
          19           3           2
          21           3           2
          23           3           2
          31           3           2
          36           3           2
          44           3           2
          47           3           2
          20           3           2
           6           3           2
          10           3           2
          14           3           2
          18           3           2
          26           3           2
          30           3           2
          34           3           2
          38           3           2
          42           3           2
          46           3           2
           2           3           2
          22           3           2
# StartResidual    0.00000000000    
  4  Maxtime , Mintime + JacobiMi , JacobiMa    4.11040103000        4.11031259700        3.81866568900        3.99341427100       Residual    44039999.9650      MLUPs    2522.38161783    
  4  Maxtime , Mintime + JacobiMi , JacobiMa    4.10738999100        4.10737951400        3.81821185200        3.99116496700       Residual    7333333.33329      MLUPs    2524.23072139    
  4  Maxtime , Mintime + JacobiMi , JacobiMa    4.10557836600        4.10557006500        3.81801336700        3.98909419100       Residual    1561728.39458      MLUPs    2525.34456189    
  4  Maxtime , Mintime + JacobiMi , JacobiMa    4.10703154900        4.10701187100        3.81750687000        3.99070442500       Residual    463991.769434      MLUPs    2524.45102413    
  4  Maxtime , Mintime + JacobiMi , JacobiMa    4.10610858500        4.10608674600        3.81811960300        3.98980212200       Residual    190029.149518      MLUPs    2525.01846587    
  4  Maxtime , Mintime + JacobiMi , JacobiMa    4.10697768600        4.10696657500        3.81820746200        3.99024378100       Residual    97907.8286944      MLUPs    2524.48413230    
  4  Maxtime , Mintime + JacobiMi , JacobiMa    4.10627332000        4.10626263000        3.81823324200        3.98988030300       Residual    58277.9959096      MLUPs    2524.91716747    
  4  Maxtime , Mintime + JacobiMi , JacobiMa    4.10572605100        4.10569911600        3.81882836500        3.98912011500       Residual    38053.5576307      MLUPs    2525.25372400    
  4  Maxtime , Mintime + JacobiMi , JacobiMa    4.10704419700        4.10702824200        3.81836006300        3.99006938600       Residual    26481.6321129      MLUPs    2524.44324986    
  4  Maxtime , Mintime + JacobiMi , JacobiMa    4.10603382000        4.10602373500        3.82016874800        3.98963473500       Residual    19309.3628569      MLUPs    2525.06444284    
