# Threadlevel provided:        3 out of        0        1        2        3
  spat_dim , proc_dim, PBC ? 
           1 -Dim Input         3600           6 T
           2 -Dim Input         1200           2 T
           3 -Dim Input         2400           4 T
#   0 Process grid   6   2   4
           8           3           2
          12           3           2
          16           3           2
          20           3           2
          24           3           2
          28           3           2
          32           3           2
          36           3           2
          40           3           2
          44           3           2
           0           3           2
#   0  Allocated 2 arrays with a total of  3490.68      Mbytes 
           4           3           2
           2           3           2
           6           3           2
          10           3           2
          14           3           2
          18           3           2
          22           3           2
          26           3           2
          30           3           2
          34           3           2
          38           3           2
          42           3           2
          46           3           2
           3           3           2
           5           3           2
           7           3           2
           9           3           2
          11           3           2
          13           3           2
          17           3           2
          19           3           2
          21           3           2
          23           3           2
          25           3           2
          27           3           2
          29           3           2
          31           3           2
          33           3           2
          35           3           2
          37           3           2
          39           3           2
          41           3           2
          43           3           2
          45           3           2
          47           3           2
           1           3           2
          15           3           2
# StartResidual    0.00000000000    
  4  Maxtime , Mintime + JacobiMi , JacobiMa    4.10307105000        4.10300147000        3.80445506400        3.98202818200       Residual    44039999.9650      MLUPs    2526.88775643    
  4  Maxtime , Mintime + JacobiMi , JacobiMa    4.09929092500        4.09927002800        3.80338418400        3.98128915400       Residual    7333333.33329      MLUPs    2529.21790370    
  4  Maxtime , Mintime + JacobiMi , JacobiMa    4.10089090600        4.10087578700        3.80195094300        3.98250208600       Residual    1561728.39458      MLUPs    2528.23111798    
  4  Maxtime , Mintime + JacobiMi , JacobiMa    4.10232600700        4.10231360800        3.80225974900        3.98430365700       Residual    463991.769434      MLUPs    2527.34667657    
  4  Maxtime , Mintime + JacobiMi , JacobiMa    4.10014176000        4.09978105700        3.80320354000        3.98230166700       Residual    190029.149518      MLUPs    2528.69305670    
  4  Maxtime , Mintime + JacobiMi , JacobiMa    4.10292808800        4.10289012200        3.80276780900        3.98468614000       Residual    97907.8286944      MLUPs    2526.97580304    
  4  Maxtime , Mintime + JacobiMi , JacobiMa    4.10137492500        4.10135611700        3.80293054500        3.98334833700       Residual    58277.9959096      MLUPs    2527.93275172    
  4  Maxtime , Mintime + JacobiMi , JacobiMa    4.10009122800        4.10008098500        3.80434441600        3.98176625600       Residual    38053.5576307      MLUPs    2528.72422184    
  4  Maxtime , Mintime + JacobiMi , JacobiMa    4.09749432900        4.09747685800        3.80345873100        3.96891892100       Residual    26481.6321129      MLUPs    2530.32686992    
  4  Maxtime , Mintime + JacobiMi , JacobiMa    4.10356990700        4.10356172500        3.80405932100        3.98555709900       Residual    19309.3628569      MLUPs    2526.58057130    
