# Threadlevel provided:        3 out of        0        1        2        3
  spat_dim , proc_dim, PBC ? 
           1 -Dim Input         3600           6 T
           2 -Dim Input         1200           2 T
           3 -Dim Input         2400           4 T
#   0 Process grid   6   2   4
          15           3           2
          16           3           2
          17           3           2
          18           3           2
          19           3           2
          21           3           2
          22           3           2
          23           3           2
          25           3           2
          26           3           2
          27           3           2
          28           3           2
          30           3           2
          31           3           2
          32           3           2
          33           3           2
          34           3           2
          35           3           2
          36           3           2
          37           3           2
          38           3           2
          39           3           2
          42           3           2
          43           3           2
          44           3           2
          45           3           2
          47           3           2
           0           3           2
#   0  Allocated 2 arrays with a total of  3490.68      Mbytes 
           1           3           2
           2           3           2
           3           3           2
           4           3           2
           5           3           2
           6           3           2
           7           3           2
           9           3           2
          10           3           2
          11           3           2
          12           3           2
          13           3           2
          14           3           2
          46           3           2
          41           3           2
          29           3           2
          20           3           2
           8           3           2
          24           3           2
          40           3           2
# StartResidual    0.00000000000    
  4  Maxtime , Mintime + JacobiMi , JacobiMa    4.10828898900        4.10784753700        3.81740791000        3.98862404200       Residual    44039999.9650      MLUPs    2523.67835558    
  4  Maxtime , Mintime + JacobiMi , JacobiMa    4.11100820700        4.11097832300        3.81846446500        3.99358602400       Residual    7333333.33329      MLUPs    2522.00907367    
  4  Maxtime , Mintime + JacobiMi , JacobiMa    4.11178074000        4.11176563000        3.81757300000        3.99400140200       Residual    1561728.39458      MLUPs    2521.53523147    
  4  Maxtime , Mintime + JacobiMi , JacobiMa    4.11343201100        4.11341338900        3.81808639600        3.99585810200       Residual    463991.769434      MLUPs    2520.52300178    
  4  Maxtime , Mintime + JacobiMi , JacobiMa    4.11162236100        4.11160207500        3.81833879700        3.99383966400       Residual    190029.149518      MLUPs    2521.63236058    
  4  Maxtime , Mintime + JacobiMi , JacobiMa    4.11401095100        4.11398669100        3.81733462800        3.99642768700       Residual    97907.8286944      MLUPs    2520.16830375    
  4  Maxtime , Mintime + JacobiMi , JacobiMa    4.11196147300        4.11193880400        3.81703776200        3.99438860700       Residual    58277.9959096      MLUPs    2521.42440246    
  4  Maxtime , Mintime + JacobiMi , JacobiMa    4.11231611400        4.11228511100        3.81811103300        3.99468886400       Residual    38053.5576307      MLUPs    2521.20695797    
  4  Maxtime , Mintime + JacobiMi , JacobiMa    4.11224244500        4.11222834800        3.81864444300        3.99433740600       Residual    26481.6321129      MLUPs    2521.25212428    
  4  Maxtime , Mintime + JacobiMi , JacobiMa    4.11377451900        4.11351296400        3.81980320300        3.99640413300       Residual    19309.3628569      MLUPs    2520.31314602    
