# Threadlevel provided:        3 out of        0        1        2        3
  spat_dim , proc_dim, PBC ? 
           1 -Dim Input          600           1 T
           2 -Dim Input         7200          12 T
           3 -Dim Input         2400           4 T
#   0 Process grid   1  12   4
           4           3           2
           5           3           2
           7           3           2
           9           3           2
          11           3           2
          12           3           2
          13           3           2
          14           3           2
          15           3           2
          16           3           2
          17           3           2
          19           3           2
          22           3           2
          23           3           2
          25           3           2
          26           3           2
          27           3           2
          28           3           2
          29           3           2
          30           3           2
          31           3           2
          32           3           2
          33           3           2
          34           3           2
          35           3           2
          36           3           2
          37           3           2
          38           3           2
          39           3           2
          41           3           2
          42           3           2
          43           3           2
          44           3           2
          45           3           2
          46           3           2
          47           3           2
           0           3           2
#   0  Allocated 2 arrays with a total of  3490.68      Mbytes 
           1           3           2
           2           3           2
           3           3           2
           6           3           2
          10           3           2
          18           3           2
          21           3           2
          20           3           2
           8           3           2
          24           3           2
          40           3           2
# StartResidual    0.00000000000    
  4  Maxtime , Mintime + JacobiMi , JacobiMa    4.11214792300        4.11176269800        3.81766159600        3.99753744400       Residual    64056666.6158      MLUPs    2521.31007788    
  4  Maxtime , Mintime + JacobiMi , JacobiMa    4.11043233300        4.11042059500        3.81600630100        3.99946446200       Residual    10666666.6666      MLUPs    2522.36240864    
  4  Maxtime , Mintime + JacobiMi , JacobiMa    4.10879531100        4.10877006600        3.81563194200        3.99852820900       Residual    2271604.93759      MLUPs    2523.36736567    
  4  Maxtime , Mintime + JacobiMi , JacobiMa    4.10904385200        4.10902239200        3.81762602000        3.99852807600       Residual    674897.119214      MLUPs    2523.21473643    
  4  Maxtime , Mintime + JacobiMi , JacobiMa    4.10849441500        4.10847451500        3.81958979400        3.99723541500       Residual    276406.035664      MLUPs    2523.55217087    
  4  Maxtime , Mintime + JacobiMi , JacobiMa    4.10996074700        4.10993780600        3.81690948700        3.99970374100       Residual    142411.387188      MLUPs    2522.65183009    
  4  Maxtime , Mintime + JacobiMi , JacobiMa    4.10873610100        4.10872436600        3.81575477400        3.99767400000       Residual    84767.9940506      MLUPs    2523.40372931    
  4  Maxtime , Mintime + JacobiMi , JacobiMa    4.10905047800        4.10903435500        3.81742313100        3.99822939500       Residual    55350.6292802      MLUPs    2523.21066765    
  4  Maxtime , Mintime + JacobiMi , JacobiMa    4.11039156600        4.11036291000        3.81731085300        3.99940448800       Residual    38518.7376189      MLUPs    2522.38742551    
  4  Maxtime , Mintime + JacobiMi , JacobiMa    4.11108676500        4.11106868900        3.81796186800        3.99990738700       Residual    28086.3459730      MLUPs    2521.96088107    
