# Threadlevel provided:        3 out of        0        1        2        3
  spat_dim , proc_dim, PBC ? 
           1 -Dim Input          600           1 T
           2 -Dim Input         7200          12 T
           3 -Dim Input         2400           4 T
#   0 Process grid   1  12   4
          11           3           2
          12           3           2
          15           3           2
          16           3           2
          17           3           2
          18           3           2
          19           3           2
          20           3           2
          21           3           2
          22           3           2
          23           3           2
          24           3           2
          25           3           2
          26           3           2
          27           3           2
          28           3           2
          29           3           2
          30           3           2
          31           3           2
          32           3           2
          33           3           2
          35           3           2
          36           3           2
          37           3           2
          38           3           2
          39           3           2
          40           3           2
          41           3           2
          42           3           2
          43           3           2
          45           3           2
          46           3           2
          47           3           2
           0           3           2
#   0  Allocated 2 arrays with a total of  3490.68      Mbytes 
           1           3           2
           2           3           2
           3           3           2
           4           3           2
           5           3           2
           6           3           2
           7           3           2
           8           3           2
           9           3           2
          10           3           2
          13           3           2
          14           3           2
          34           3           2
          44           3           2
# StartResidual    0.00000000000    
  4  Maxtime , Mintime + JacobiMi , JacobiMa    4.09722103100        4.09708476200        3.81734279900        3.98225346900       Residual    64056666.6158      MLUPs    2530.49565097    
  4  Maxtime , Mintime + JacobiMi , JacobiMa    4.09509503500        4.09506043200        3.81902112600        3.98286171900       Residual    10666666.6666      MLUPs    2531.80937472    
  4  Maxtime , Mintime + JacobiMi , JacobiMa    4.09483995800        4.09481329200        3.81619481200        3.98271567900       Residual    2271604.93759      MLUPs    2531.96708695    
  4  Maxtime , Mintime + JacobiMi , JacobiMa    4.09614505300        4.09612003200        3.81591567700        3.98337525600       Residual    674897.119214      MLUPs    2531.16036318    
  4  Maxtime , Mintime + JacobiMi , JacobiMa    4.09498124200        4.09467671000        3.81764384900        3.98265930900       Residual    276406.035664      MLUPs    2531.87972967    
  4  Maxtime , Mintime + JacobiMi , JacobiMa    4.09486710300        4.09484594100        3.81808343900        3.98263500400       Residual    142411.387188      MLUPs    2531.95030247    
  4  Maxtime , Mintime + JacobiMi , JacobiMa    4.09587096300        4.09582746700        3.81792594600        3.98340520000       Residual    84767.9940506      MLUPs    2531.32974492    
  4  Maxtime , Mintime + JacobiMi , JacobiMa    4.09595937500        4.09594071800        3.81773722200        3.98341471200       Residual    55350.6292802      MLUPs    2531.27510573    
  4  Maxtime , Mintime + JacobiMi , JacobiMa    4.09622449900        4.09619805000        3.81787245200        3.98375647300       Residual    38518.7376189      MLUPs    2531.11127150    
  4  Maxtime , Mintime + JacobiMi , JacobiMa    4.09708538000        4.09704523600        3.81874219500        3.98473347000       Residual    28086.3459730      MLUPs    2530.57943352    
