# Threadlevel provided:        3 out of        0        1        2        3
  spat_dim , proc_dim, PBC ? 
           1 -Dim Input          600           1 T
           2 -Dim Input         1800           3 T
           3 -Dim Input         2400           4 T
#   0 Process grid   1   3   4
           0           3           2
           2           3           2
           4           3           2
           6           3           2
           8           3           2
          10           3           2
#   0  Allocated 2 arrays with a total of  3490.68      Mbytes 
           1           3           2
           3           3           2
           5           3           2
           7           3           2
           9           3           2
          11           3           2
# StartResidual    0.00000000000    
  4  Maxtime , Mintime + JacobiMi , JacobiMa    1.95883021100        1.95852923700        1.88115947300        1.89230118100       Residual    19026666.6516      MLUPs    1323.23872965    
  4  Maxtime , Mintime + JacobiMi , JacobiMa    1.95067991600        1.95066722900        1.88134493800        1.89226558700       Residual    3166666.66665      MLUPs    1328.76746141    
  4  Maxtime , Mintime + JacobiMi , JacobiMa    1.95058640300        1.95057184400        1.88122471700        1.89202992100       Residual    674382.715835      MLUPs    1328.83116380    
  4  Maxtime , Mintime + JacobiMi , JacobiMa    1.95059989500        1.95059486000        1.88123771200        1.89223607900       Residual    200360.082265      MLUPs    1328.82197248    
  4  Maxtime , Mintime + JacobiMi , JacobiMa    1.95035578200        1.95035056900        1.88119597100        1.89188659300       Residual    82058.0418383      MLUPs    1328.98829225    
  4  Maxtime , Mintime + JacobiMi , JacobiMa    1.95045210600        1.95044780600        1.88125533200        1.89211827300       Residual    42278.3805727      MLUPs    1328.92265953    
  4  Maxtime , Mintime + JacobiMi , JacobiMa    1.95042312700        1.95041952800        1.88112395400        1.89199252900       Residual    25165.4982340      MLUPs    1328.94240440    
  4  Maxtime , Mintime + JacobiMi , JacobiMa    1.95072387200        1.95071815100        1.88136727900        1.89235371100       Residual    16432.2180675      MLUPs    1328.73752006    
  4  Maxtime , Mintime + JacobiMi , JacobiMa    1.95038258500        1.95036328200        1.88127286200        1.89197579000       Residual    11435.2502304      MLUPs    1328.97002872    
  4  Maxtime , Mintime + JacobiMi , JacobiMa    1.95069983900        1.95068636200        1.88120990300        1.89227942900       Residual    8338.13396099      MLUPs    1328.75389036    
