# Threadlevel provided:        3 out of        0        1        2        3
  spat_dim , proc_dim, PBC ? 
           1 -Dim Input          600           1 T
           2 -Dim Input          600           1 T
           3 -Dim Input         4800           8 T
#   0 Process grid   1   1   8
           0           3           2
           1           3           2
           3           3           2
           5           3           2
           6           3           2
           7           3           2
#   0  Allocated 2 arrays with a total of  3490.68      Mbytes 
           2           3           2
           4           3           2
# StartResidual    0.00000000000    
  4  Maxtime , Mintime + JacobiMi , JacobiMa    1.94091672500        1.93980202700        1.88264071600        1.88945488500       Residual    17033333.3200      MLUPs    890.300947868    
  4  Maxtime , Mintime + JacobiMi , JacobiMa    1.93763654800        1.93763433600        1.88287849200        1.88942301000       Residual    2833333.33332      MLUPs    891.808116328    
  4  Maxtime , Mintime + JacobiMi , JacobiMa    1.93774555900        1.93774406200        1.88271727700        1.88953706500       Residual    603395.061508      MLUPs    891.757946225    
  4  Maxtime , Mintime + JacobiMi , JacobiMa    1.93753556600        1.93753476600        1.88282658500        1.88952755200       Residual    179269.547286      MLUPs    891.854596284    
  4  Maxtime , Mintime + JacobiMi , JacobiMa    1.93766187800        1.93765937200        1.88259577300        1.88942204400       Residual    73420.3532249      MLUPs    891.796458205    
  4  Maxtime , Mintime + JacobiMi , JacobiMa    1.93791789300        1.93791566600        1.88287317600        1.88959329700       Residual    37828.0247253      MLUPs    891.678644509    
  4  Maxtime , Mintime + JacobiMi , JacobiMa    1.93726523000        1.93726402100        1.88220945900        1.88902039100       Residual    22516.4984204      MLUPs    891.979050282    
  4  Maxtime , Mintime + JacobiMi , JacobiMa    1.93795779100        1.93795595400        1.88286885700        1.88965366400       Residual    14702.5109025      MLUPs    891.660286940    
  4  Maxtime , Mintime + JacobiMi , JacobiMa    1.93751437000        1.93751317500        1.88255087400        1.88926424000       Residual    10231.5396791      MLUPs    891.864352985    
  4  Maxtime , Mintime + JacobiMi , JacobiMa    1.93780024500        1.93779896200        1.88286578800        1.88954064400       Residual    7460.43564966      MLUPs    891.732780228    
