# Threadlevel provided:        3 out of        0        1        2        3
  spat_dim , proc_dim, PBC ? 
           1 -Dim Input         1200           2 T
           2 -Dim Input         7200          12 T
           3 -Dim Input         1200           2 T
#   0 Process grid   2  12   2
          10           3           2
          12           3           2
          14           3           2
          18           3           2
          20           3           2
          22           3           2
          24           3           2
          26           3           2
          28           3           2
          30           3           2
          32           3           2
          34           3           2
          36           3           2
          38           3           2
          40           3           2
          42           3           2
          44           3           2
          46           3           2
           0           3           2
#   0  Allocated 2 arrays with a total of  3490.68      Mbytes 
           2           3           2
           4           3           2
           6           3           2
           8           3           2
          16           3           2
           1           3           2
           3           3           2
           5           3           2
           7           3           2
           9           3           2
          11           3           2
          13           3           2
          15           3           2
          17           3           2
          19           3           2
          21           3           2
          23           3           2
          25           3           2
          27           3           2
          29           3           2
          31           3           2
          33           3           2
          35           3           2
          37           3           2
          39           3           2
          41           3           2
          43           3           2
          45           3           2
          47           3           2
# StartResidual    0.00000000000    
  4  Maxtime , Mintime + JacobiMi , JacobiMa    2.00880837900        1.99975825300        1.88341149600        1.93834183400       Residual    52053333.2921      MLUPs    5161.26879417    
  4  Maxtime , Mintime + JacobiMi , JacobiMa    2.00115158900        2.00113432100        1.88607041200        1.94697117700       Residual    8666666.66662      MLUPs    5181.01679902    
  4  Maxtime , Mintime + JacobiMi , JacobiMa    2.00334503900        2.00314285100        1.88638287100        1.94914535500       Residual    1845679.01179      MLUPs    5175.34413601    
  4  Maxtime , Mintime + JacobiMi , JacobiMa    2.00190833100        2.00171064800        1.88691153900        1.94797974700       Residual    548353.909347      MLUPs    5179.05832123    
  4  Maxtime , Mintime + JacobiMi , JacobiMa    2.00444198600        2.00442769100        1.88731136500        1.95039007300       Residual    224579.903975      MLUPs    5172.51188731    
  4  Maxtime , Mintime + JacobiMi , JacobiMa    2.00093421700        2.00092848800        1.88677283000        1.94196903100       Residual    115709.252092      MLUPs    5181.57964011    
  4  Maxtime , Mintime + JacobiMi , JacobiMa    2.00279270100        2.00278278300        1.88672964800        1.94840224000       Residual    68873.9951658      MLUPs    5176.77141265    
  4  Maxtime , Mintime + JacobiMi , JacobiMa    2.00268850700        2.00267323700        1.88599080400        1.94883008000       Residual    44972.3862906      MLUPs    5177.04074486    
  4  Maxtime , Mintime + JacobiMi , JacobiMa    2.00308943100        2.00308112600        1.88701572000        1.94914771800       Residual    31296.4743154      MLUPs    5176.00454555    
  4  Maxtime , Mintime + JacobiMi , JacobiMa    2.00346892000        2.00345743300        1.88604661900        1.94919486900       Residual    22820.1561033      MLUPs    5175.02412765    
