# Threadlevel provided:        3 out of        0        1        2        3
  spat_dim , proc_dim, PBC ? 
           1 -Dim Input         1200           2 T
           2 -Dim Input          600           1 T
           3 -Dim Input         3600           6 T
#   0 Process grid   2   1   6
           0           3           2
           4           3           2
           5           3           2
           6           3           2
           7           3           2
           8           3           2
           9           3           2
          10           3           2
          11           3           2
#   0  Allocated 2 arrays with a total of  3490.68      Mbytes 
           1           3           2
           2           3           2
           3           3           2
# StartResidual    0.00000000000    
  4  Maxtime , Mintime + JacobiMi , JacobiMa    3.05681137100        3.05651403300        2.95446411200        2.96138442700       Residual    20029999.9842      MLUPs    847.942409725    
  4  Maxtime , Mintime + JacobiMi , JacobiMa    3.05490844300        3.05490462400        2.95517806500        2.96242366900       Residual    3333333.33332      MLUPs    848.470600138    
  4  Maxtime , Mintime + JacobiMi , JacobiMa    3.05429740600        3.05428777800        2.95466758800        2.96176656600       Residual    709876.542990      MLUPs    848.640343572    
  4  Maxtime , Mintime + JacobiMi , JacobiMa    3.05332333900        3.05331856400        2.95325818200        2.96097975400       Residual    210905.349749      MLUPs    848.911075644    
  4  Maxtime , Mintime + JacobiMi , JacobiMa    3.05287242100        3.05287068000        2.95346255100        2.96020632400       Residual    86376.8861456      MLUPs    849.036462241    
  4  Maxtime , Mintime + JacobiMi , JacobiMa    3.05385334100        3.05384545200        2.95470826300        2.96147951100       Residual    44503.5584978      MLUPs    848.763745528    
  4  Maxtime , Mintime + JacobiMi , JacobiMa    3.05396489600        3.05394981900        2.95506236100        2.96138787800       Residual    26489.9981409      MLUPs    848.732741950    
  4  Maxtime , Mintime + JacobiMi , JacobiMa    3.05517114400        3.05516813400        2.95539480000        2.96265940500       Residual    17297.0716502      MLUPs    848.397643808    
  4  Maxtime , Mintime + JacobiMi , JacobiMa    3.05272321100        3.05271882700        2.95291286200        2.96020227900       Residual    12037.1055058      MLUPs    849.077961166    
  4  Maxtime , Mintime + JacobiMi , JacobiMa    3.05454379000        3.05453958300        2.95453745200        2.96197415200       Residual    8776.98311691      MLUPs    848.571890993    
