# Threadlevel provided:        3 out of        0        1        2        3
  spat_dim , proc_dim, PBC ? 
           1 -Dim Input         1200           2 T
           2 -Dim Input         2400           4 T
           3 -Dim Input          600           1 T
#   0 Process grid   2   4   1
           0           3           2
           1           3           2
           2           3           2
           3           3           2
           4           3           2
           5           3           2
           6           3           2
           7           3           2
#   0  Allocated 2 arrays with a total of  3490.68      Mbytes 
# StartResidual    0.00000000000    
  4  Maxtime , Mintime + JacobiMi , JacobiMa    1.94040747300        1.93924347000        1.88239873100        1.88856076700       Residual    14023333.3223      MLUPs    890.534603708    
  4  Maxtime , Mintime + JacobiMi , JacobiMa    1.93727615500        1.93727032400        1.88209146800        1.88895457300       Residual    2333333.33332      MLUPs    891.974020090    
  4  Maxtime , Mintime + JacobiMi , JacobiMa    1.93722133600        1.93721479700        1.88207676000        1.88885004000       Residual    496913.580090      MLUPs    891.999260946    
  4  Maxtime , Mintime + JacobiMi , JacobiMa    1.93725045400        1.93724480800        1.88210694700        1.88894753700       Residual    147633.744824      MLUPs    891.985853678    
  4  Maxtime , Mintime + JacobiMi , JacobiMa    1.93725203100        1.93724467700        1.88208058200        1.88890017400       Residual    60463.8203021      MLUPs    891.985127567    
  4  Maxtime , Mintime + JacobiMi , JacobiMa    1.93746920500        1.93746816800        1.88224646500        1.88908498800       Residual    31152.4909487      MLUPs    891.885143537    
  4  Maxtime , Mintime + JacobiMi , JacobiMa    1.93713525300        1.93713306500        1.88202264900        1.88877040200       Residual    18542.9986987      MLUPs    892.038899877    
  4  Maxtime , Mintime + JacobiMi , JacobiMa    1.93796998700        1.93796256900        1.88250248600        1.88958093500       Residual    12107.9501551      MLUPs    891.654675558    
  4  Maxtime , Mintime + JacobiMi , JacobiMa    1.93696462000        1.93696304500        1.88199180700        1.88860627000       Residual    8425.97385394      MLUPs    892.117482249    
  4  Maxtime , Mintime + JacobiMi , JacobiMa    1.93731841000        1.93731233500        1.88214211600        1.88894022900       Residual    6143.88818190      MLUPs    891.954565177    
