# Threadlevel provided:        3 out of        0        1        2        3
  spat_dim , proc_dim, PBC ? 
           1 -Dim Input         1200           2 T
           2 -Dim Input         2400           4 T
           3 -Dim Input          600           1 T
#   0 Process grid   2   4   1
           0           3           2
           2           3           2
           3           3           2
           4           3           2
           5           3           2
           6           3           2
           7           3           2
           1           3           2
#   0  Allocated 2 arrays with a total of  3490.68      Mbytes 
# StartResidual    0.00000000000    
  4  Maxtime , Mintime + JacobiMi , JacobiMa    1.93477855000        1.93384921200        1.88209916000        1.88314417800       Residual    14023333.3223      MLUPs    893.125469062    
  4  Maxtime , Mintime + JacobiMi , JacobiMa    1.93179971000        1.93179334500        1.88243073500        1.88344127700       Residual    2333333.33332      MLUPs    894.502670776    
  4  Maxtime , Mintime + JacobiMi , JacobiMa    1.93143489400        1.93142759900        1.88219175100        1.88302125700       Residual    496913.580090      MLUPs    894.671627487    
  4  Maxtime , Mintime + JacobiMi , JacobiMa    1.93171296300        1.93170969100        1.88238340400        1.88329754100       Residual    147633.744824      MLUPs    894.542840007    
  4  Maxtime , Mintime + JacobiMi , JacobiMa    1.93145780800        1.93145509200        1.88215300500        1.88300708100       Residual    60463.8203021      MLUPs    894.661013480    
  4  Maxtime , Mintime + JacobiMi , JacobiMa    1.93167714300        1.93167425800        1.88232177400        1.88330442700       Residual    31152.4909487      MLUPs    894.559427936    
  4  Maxtime , Mintime + JacobiMi , JacobiMa    1.93149756000        1.93148990800        1.88211710800        1.88308790600       Residual    18542.9986987      MLUPs    894.642600532    
  4  Maxtime , Mintime + JacobiMi , JacobiMa    1.93493928400        1.93493198200        1.88250713800        1.88661673000       Residual    12107.9501551      MLUPs    893.051277778    
  4  Maxtime , Mintime + JacobiMi , JacobiMa    1.93154843900        1.93154572700        1.88233750800        1.88310072300       Residual    8425.97385394      MLUPs    894.619034713    
  4  Maxtime , Mintime + JacobiMi , JacobiMa    1.93197106900        1.93196460400        1.88243748500        1.88348022600       Residual    6143.88818190      MLUPs    894.423331554    
