# Threadlevel provided:        3 out of        0        1        2        3
  spat_dim , proc_dim, PBC ? 
           1 -Dim Input         4800           8 T
           2 -Dim Input         1800           3 T
           3 -Dim Input          600           1 T
#   0 Process grid   8   3   1
           0           3           2
           8           3           2
          10           3           2
          11           3           2
          12           3           2
          13           3           2
          14           3           2
          15           3           2
          16           3           2
          17           3           2
          18           3           2
          19           3           2
          20           3           2
          21           3           2
          22           3           2
          23           3           2
#   0  Allocated 2 arrays with a total of  3490.68      Mbytes 
           1           3           2
           2           3           2
           3           3           2
           4           3           2
           5           3           2
           6           3           2
           7           3           2
           9           3           2
# StartResidual    0.00000000000    
  4  Maxtime , Mintime + JacobiMi , JacobiMa    3.06011319300        3.06004853500        2.84950477600        2.96260626900       Residual    35039999.9723      MLUPs    1694.05498197    
  4  Maxtime , Mintime + JacobiMi , JacobiMa    3.05896180200        3.05895668500        2.84852213900        2.96400619200       Residual    5833333.33330      MLUPs    1694.69262304    
  4  Maxtime , Mintime + JacobiMi , JacobiMa    3.05837416800        3.05837119700        2.84861640500        2.96331906700       Residual    1242283.95023      MLUPs    1695.01824016    
  4  Maxtime , Mintime + JacobiMi , JacobiMa    3.05907124200        3.05906803500        2.84895807100        2.96415251000       Residual    369084.362051      MLUPs    1694.63199445    
  4  Maxtime , Mintime + JacobiMi , JacobiMa    3.05791921300        3.05790729000        2.85045642500        2.96282658500       Residual    151159.550754      MLUPs    1695.27042374    
  4  Maxtime , Mintime + JacobiMi , JacobiMa    3.05858147100        3.05856726800        2.84967253500        2.96349489600       Residual    77881.2273708      MLUPs    1694.90335607    
  4  Maxtime , Mintime + JacobiMi , JacobiMa    3.05865851200        3.05865481600        2.84951710700        2.96368459800       Residual    46357.4967463      MLUPs    1694.86066511    
  4  Maxtime , Mintime + JacobiMi , JacobiMa    3.05786392000        3.05786199100        2.85098453500        2.96290216400       Residual    30269.8753880      MLUPs    1695.30107802    
  4  Maxtime , Mintime + JacobiMi , JacobiMa    3.05877397300        3.05877086200        2.85123196500        2.96370162400       Residual    21064.9346352      MLUPs    1694.79668840    
  4  Maxtime , Mintime + JacobiMi , JacobiMa    3.05857375700        3.05857151000        2.85073852600        2.96334839800       Residual    15359.7204546      MLUPs    1694.90763077    
