# Threadlevel provided:        3 out of        0        1        2        3
  spat_dim , proc_dim, PBC ? 
           1 -Dim Input         4800           8 T
           2 -Dim Input         1800           3 T
           3 -Dim Input          600           1 T
#   0 Process grid   8   3   1
           6           3           2
           7           3           2
           8           3           2
           9           3           2
          10           3           2
          11           3           2
          12           3           2
          13           3           2
          14           3           2
          15           3           2
          16           3           2
          17           3           2
          18           3           2
          19           3           2
          20           3           2
          21           3           2
          22           3           2
          23           3           2
           0           3           2
#   0  Allocated 2 arrays with a total of  3490.68      Mbytes 
           1           3           2
           2           3           2
           3           3           2
           4           3           2
           5           3           2
# StartResidual    0.00000000000    
  4  Maxtime , Mintime + JacobiMi , JacobiMa    3.07605689000        3.07599721700        2.85257915600        2.98188193200       Residual    35039999.9723      MLUPs    1685.27442287    
  4  Maxtime , Mintime + JacobiMi , JacobiMa    3.07406949800        3.07406344300        2.85076219600        2.98209361200       Residual    5833333.33330      MLUPs    1686.36395611    
  4  Maxtime , Mintime + JacobiMi , JacobiMa    3.07436776700        3.07436125400        2.85008749000        2.98226678100       Residual    1242283.95023      MLUPs    1686.20034846    
  4  Maxtime , Mintime + JacobiMi , JacobiMa    3.07327194300        3.07325437400        2.84936336600        2.98131289600       Residual    369084.362051      MLUPs    1686.80159001    
  4  Maxtime , Mintime + JacobiMi , JacobiMa    3.07302061100        3.07300574900        2.85046023100        2.98106923400       Residual    151159.550754      MLUPs    1686.93954783    
  4  Maxtime , Mintime + JacobiMi , JacobiMa    3.07452993500        3.07451688000        2.85072478700        2.98258415900       Residual    77881.2273708      MLUPs    1686.11140877    
  4  Maxtime , Mintime + JacobiMi , JacobiMa    3.07248439200        3.07246487400        2.85084163300        2.98047578900       Residual    46357.4967463      MLUPs    1687.23395748    
  4  Maxtime , Mintime + JacobiMi , JacobiMa    3.07499432800        3.07498408200        2.85056764000        2.98303944000       Residual    30269.8753880      MLUPs    1685.85676819    
  4  Maxtime , Mintime + JacobiMi , JacobiMa    3.07349858500        3.07348785600        2.85159772500        2.98149458600       Residual    21064.9346352      MLUPs    1686.67720405    
  4  Maxtime , Mintime + JacobiMi , JacobiMa    3.07277578700        3.07275810100        2.85218448100        2.98073772300       Residual    15359.7204546      MLUPs    1687.07395506    
