# Threadlevel provided:        3 out of        0        1        2        3
  spat_dim , proc_dim, PBC ? 
           1 -Dim Input         3600           6 T
           2 -Dim Input         2400           4 T
           3 -Dim Input         1200           2 T
#   0 Process grid   6   4   2
          10           3           2
          11           3           2
          12           3           2
          13           3           2
          15           3           2
          16           3           2
          17           3           2
          18           3           2
          19           3           2
          20           3           2
          23           3           2
          24           3           2
          25           3           2
          27           3           2
          28           3           2
          31           3           2
          34           3           2
          35           3           2
          39           3           2
          40           3           2
          41           3           2
          43           3           2
          44           3           2
          45           3           2
          47           3           2
           0           3           2
#   0  Allocated 2 arrays with a total of  3490.68      Mbytes 
           1           3           2
           2           3           2
           3           3           2
           4           3           2
           5           3           2
           7           3           2
           8           3           2
           9           3           2
          32           3           2
          42           3           2
           6           3           2
          14           3           2
          22           3           2
          29           3           2
          30           3           2
          33           3           2
          36           3           2
          37           3           2
          38           3           2
          46           3           2
          26           3           2
          21           3           2
# StartResidual    0.00000000000    
  4  Maxtime , Mintime + JacobiMi , JacobiMa    4.08418035600        4.08373778000        3.81063560100        3.96015451000       Residual    44039999.9650      MLUPs    2538.57545364    
  4  Maxtime , Mintime + JacobiMi , JacobiMa    4.08055171500        4.08053197800        3.81278968700        3.95926545400       Residual    7333333.33329      MLUPs    2540.83288833    
  4  Maxtime , Mintime + JacobiMi , JacobiMa    4.08189918600        4.08187927100        3.81206483400        3.96083262600       Residual    1561728.39458      MLUPs    2539.99413694    
  4  Maxtime , Mintime + JacobiMi , JacobiMa    4.08147399200        4.08145753200        3.81238944100        3.94828604900       Residual    463991.769434      MLUPs    2540.25874484    
  4  Maxtime , Mintime + JacobiMi , JacobiMa    4.08200675900        4.08198849500        3.81262104200        3.96093553200       Residual    190029.149518      MLUPs    2539.92720055    
  4  Maxtime , Mintime + JacobiMi , JacobiMa    4.08164255100        4.08163338300        3.81195546900        3.96068778300       Residual    97907.8286944      MLUPs    2540.15384014    
  4  Maxtime , Mintime + JacobiMi , JacobiMa    4.08120400700        4.08119733000        3.81168110900        3.96024683900       Residual    58277.9959096      MLUPs    2540.42679126    
  4  Maxtime , Mintime + JacobiMi , JacobiMa    4.08144900500        4.08142291800        3.81306624900        3.96030388500       Residual    38053.5576307      MLUPs    2540.27429653    
  4  Maxtime , Mintime + JacobiMi , JacobiMa    4.08279667200        4.08278077800        3.81190435600        3.96200997400       Residual    26481.6321129      MLUPs    2539.43579192    
  4  Maxtime , Mintime + JacobiMi , JacobiMa    4.08369411200        4.08368152800        3.81304636200        3.96272227600       Residual    19309.3628569      MLUPs    2538.87772092    
