# Threadlevel provided:        3 out of        0        1        2        3
  spat_dim , proc_dim, PBC ? 
           1 -Dim Input          600           1 T
           2 -Dim Input         1800           3 T
           3 -Dim Input         9600          16 T
#   0 Process grid   1   3  16
          16           3           2
          18           3           2
          20           3           2
          22           3           2
          26           3           2
          28           3           2
          32           3           2
          34           3           2
          36           3           2
          38           3           2
          44           3           2
          46           3           2
           0           3           2
#   0  Allocated 2 arrays with a total of  3490.68      Mbytes 
           4           3           2
           6           3           2
           8           3           2
          10           3           2
          12           3           2
          14           3           2
          30           3           2
          40           3           2
          42           3           2
          24           3           2
           1           3           2
           2           3           2
           3           3           2
           5           3           2
           7           3           2
           9           3           2
          11           3           2
          13           3           2
          15           3           2
          17           3           2
          19           3           2
          21           3           2
          23           3           2
          25           3           2
          27           3           2
          29           3           2
          31           3           2
          33           3           2
          35           3           2
          37           3           2
          39           3           2
          41           3           2
          43           3           2
          45           3           2
          47           3           2
# StartResidual    0.00000000000    
  4  Maxtime , Mintime + JacobiMi , JacobiMa    2.00111294400        2.00018780600        1.88450843500        1.92537304200       Residual    67066666.6135      MLUPs    5181.11685354    
  4  Maxtime , Mintime + JacobiMi , JacobiMa    1.97758604100        1.97757141800        1.88722005900        1.92369539000       Residual    11166666.6666      MLUPs    5242.75545288    
  4  Maxtime , Mintime + JacobiMi , JacobiMa    1.97760951700        1.97759451400        1.88867172100        1.92454075100       Residual    2378086.41904      MLUPs    5242.69321667    
  4  Maxtime , Mintime + JacobiMi , JacobiMa    1.97714291500        1.97712555300        1.88824668900        1.92355857200       Residual    706532.921676      MLUPs    5243.93048238    
  4  Maxtime , Mintime + JacobiMi , JacobiMa    1.98134613200        1.98133778900        1.88731468600        1.92888226200       Residual    289362.568585      MLUPs    5232.80603654    
  4  Maxtime , Mintime + JacobiMi , JacobiMa    1.97714507900        1.97713109900        1.88538852200        1.92400678400       Residual    149086.920963      MLUPs    5243.92474286    
  4  Maxtime , Mintime + JacobiMi , JacobiMa    1.97723611100        1.97722887700        1.88597480500        1.92413019600       Residual    88741.4937718      MLUPs    5243.68331244    
  4  Maxtime , Mintime + JacobiMi , JacobiMa    1.97687030200        1.97685224800        1.88682741700        1.92387306800       Residual    57945.1900278      MLUPs    5244.65362726    
  4  Maxtime , Mintime + JacobiMi , JacobiMa    1.97660228300        1.97659471300        1.88776774100        1.92297193900       Residual    40324.3034450      MLUPs    5245.36478035    
  4  Maxtime , Mintime + JacobiMi , JacobiMa    1.97726736400        1.97725219600        1.88777266500        1.92405188300       Residual    29402.8934406      MLUPs    5243.60042995    
