# Threadlevel provided:        3 out of        0        1        2        3
  spat_dim , proc_dim, PBC ? 
           1 -Dim Input          600           1 T
           2 -Dim Input         1200           2 T
           3 -Dim Input         3600           6 T
#   0 Process grid   1   2   6
           0           3           2
          10           3           2
           2           3           2
           4           3           2
           6           3           2
           8           3           2
#   0  Allocated 2 arrays with a total of  3490.68      Mbytes 
           1           3           2
           3           3           2
           5           3           2
           7           3           2
           9           3           2
          11           3           2
# StartResidual    0.00000000000    
  4  Maxtime , Mintime + JacobiMi , JacobiMa    1.95564609200        1.95542381200        1.88111571000        1.88849157200       Residual    20029999.9842      MLUPs    1325.39318367    
  4  Maxtime , Mintime + JacobiMi , JacobiMa    1.94742442000        1.94740450500        1.88060579100        1.88903973700       Residual    3333333.33332      MLUPs    1330.98875283    
  4  Maxtime , Mintime + JacobiMi , JacobiMa    1.94742204600        1.94741117400        1.88075221900        1.88835333400       Residual    709876.542984      MLUPs    1330.99037537    
  4  Maxtime , Mintime + JacobiMi , JacobiMa    1.94779000900        1.94778276100        1.88064113400        1.88893757000       Residual    210905.349752      MLUPs    1330.73893388    
  4  Maxtime , Mintime + JacobiMi , JacobiMa    1.94726578700        1.94725333900        1.88067929700        1.88849926000       Residual    86376.8861455      MLUPs    1331.09718114    
  4  Maxtime , Mintime + JacobiMi , JacobiMa    1.94768887500        1.94768488700        1.88094889000        1.88916333500       Residual    44503.5584977      MLUPs    1330.80803267    
  4  Maxtime , Mintime + JacobiMi , JacobiMa    1.94721243900        1.94720748400        1.88090595600        1.88860761100       Residual    26489.9981411      MLUPs    1331.13364936    
  4  Maxtime , Mintime + JacobiMi , JacobiMa    1.94761481900        1.94760862500        1.88109711900        1.88894202500       Residual    17297.0716500      MLUPs    1330.85863525    
  4  Maxtime , Mintime + JacobiMi , JacobiMa    1.94721287900        1.94720568500        1.88089339000        1.88852958600       Residual    12037.1055057      MLUPs    1331.13334857    
  4  Maxtime , Mintime + JacobiMi , JacobiMa    1.94744029000        1.94743118700        1.88108775200        1.88906088300       Residual    8776.98311687      MLUPs    1330.97790639    
