# Threadlevel provided:        3 out of        0        1        2        3
  spat_dim , proc_dim, PBC ? 
           1 -Dim Input          600           1 T
           2 -Dim Input        14400          24 T
           3 -Dim Input         1200           2 T
#   0 Process grid   1  24   2
          11           3           2
          12           3           2
          13           3           2
          14           3           2
          16           3           2
          17           3           2
          18           3           2
          19           3           2
          20           3           2
          21           3           2
          22           3           2
          23           3           2
          24           3           2
          25           3           2
          26           3           2
          27           3           2
          28           3           2
          29           3           2
          30           3           2
          31           3           2
          32           3           2
          33           3           2
          34           3           2
          35           3           2
          36           3           2
          37           3           2
          38           3           2
          39           3           2
          40           3           2
          41           3           2
          42           3           2
          43           3           2
          44           3           2
          45           3           2
          46           3           2
          47           3           2
           0           3           2
#   0  Allocated 2 arrays with a total of  3490.68      Mbytes 
           1           3           2
           2           3           2
           3           3           2
           4           3           2
           5           3           2
           6           3           2
           7           3           2
           8           3           2
           9           3           2
          10           3           2
          15           3           2
# StartResidual    0.00000000000    
  4  Maxtime , Mintime + JacobiMi , JacobiMa    4.09579147800        4.09567029800        3.81889176700        3.98193159300       Residual    74089999.9415      MLUPs    2531.37886919    
  4  Maxtime , Mintime + JacobiMi , JacobiMa    4.09531742900        4.09530611400        3.81904224200        3.98475298000       Residual    12333333.3333      MLUPs    2531.67188618    
  4  Maxtime , Mintime + JacobiMi , JacobiMa    4.09543824800        4.09542763100        3.81841610500        3.98414391400       Residual    2626543.20908      MLUPs    2531.59719966    
  4  Maxtime , Mintime + JacobiMi , JacobiMa    4.09583437200        4.09582256600        3.81982152000        3.98485144900       Residual    780349.794086      MLUPs    2531.35235909    
  4  Maxtime , Mintime + JacobiMi , JacobiMa    4.09499587000        4.09462109800        3.81877703200        3.98427222600       Residual    319594.478736      MLUPs    2531.87068538    
  4  Maxtime , Mintime + JacobiMi , JacobiMa    4.09636769000        4.09635041100        3.81930619000        3.98559310800       Residual    164663.166438      MLUPs    2531.02279498    
  4  Maxtime , Mintime + JacobiMi , JacobiMa    4.13375706400        4.13373734500        3.81942499300        4.01841772300       Residual    98012.9931215      MLUPs    2508.12997462    
  4  Maxtime , Mintime + JacobiMi , JacobiMa    4.12213398700        4.12211550400        3.82007020500        4.01886434200       Residual    63999.1651054      MLUPs    2515.20208530    
  4  Maxtime , Mintime + JacobiMi , JacobiMa    4.12330362000        4.12328198600        3.82048474400        4.02006743600       Residual    44537.2903724      MLUPs    2514.48861290    
  4  Maxtime , Mintime + JacobiMi , JacobiMa    4.12178052300        4.12176456500        3.82090645600        4.01872714500       Residual    32474.8375318      MLUPs    2515.41777689    
