# Threadlevel provided:        3 out of        0        1        2        3
  spat_dim , proc_dim, PBC ? 
           1 -Dim Input         2400           4 T
           2 -Dim Input          600           1 T
           3 -Dim Input          600           1 T
#   0 Process grid   4   1   1
           0           3           2
           2           3           2
           3           3           2
           1           3           2
#   0  Allocated 2 arrays with a total of  3490.68      Mbytes 
# StartResidual    0.00000000000    
  4  Maxtime , Mintime + JacobiMi , JacobiMa    1.93639546700        1.93639114900        1.88247293200        1.88706752300       Residual    9019999.99294      MLUPs    446.189848471    
  4  Maxtime , Mintime + JacobiMi , JacobiMa    1.93433007000        1.93432962600        1.88240883300        1.88737431600       Residual    1500000.00000      MLUPs    446.666271388    
  4  Maxtime , Mintime + JacobiMi , JacobiMa    1.93406713300        1.93406646000        1.88241903000        1.88714238900       Residual    319444.444335      MLUPs    446.726995800    
  4  Maxtime , Mintime + JacobiMi , JacobiMa    1.93427140800        1.93427063300        1.88255428500        1.88726666900       Residual    94907.4073853      MLUPs    446.679817748    
  4  Maxtime , Mintime + JacobiMi , JacobiMa    1.93404384300        1.93404349000        1.88234644600        1.88706880300       Residual    38869.5987666      MLUPs    446.732375343    
  4  Maxtime , Mintime + JacobiMi , JacobiMa    1.93418615900        1.93418552000        1.88237501400        1.88720039800       Residual    20026.6013249      MLUPs    446.699505102    
  4  Maxtime , Mintime + JacobiMi , JacobiMa    1.93411910200        1.93411813700        1.88228176900        1.88711247800       Residual    11920.4991636      MLUPs    446.714992426    
  4  Maxtime , Mintime + JacobiMi , JacobiMa    1.93427932400        1.93427872300        1.88254208700        1.88727642500       Residual    7783.68224251      MLUPs    446.677989719    
  4  Maxtime , Mintime + JacobiMi , JacobiMa    1.93403016000        1.93402935200        1.88227549200        1.88699705000       Residual    5416.69747719      MLUPs    446.735535913    
  4  Maxtime , Mintime + JacobiMi , JacobiMa    1.93421946100        1.93421854000        1.88260914600        1.88728025100       Residual    3949.64240276      MLUPs    446.691814151    
