# Threadlevel provided:        3 out of        0        1        2        3
  spat_dim , proc_dim, PBC ? 
           1 -Dim Input          600           1 T
           2 -Dim Input         3600           6 T
           3 -Dim Input         1200           2 T
#   0 Process grid   1   6   2
           0           3           2
           6           3           2
           8           3           2
          10           3           2
           2           3           2
           4           3           2
#   0  Allocated 2 arrays with a total of  3490.68      Mbytes 
           1           3           2
           3           3           2
           5           3           2
           7           3           2
           9           3           2
          11           3           2
# StartResidual    0.00000000000    
  4  Maxtime , Mintime + JacobiMi , JacobiMa    1.95356150500        1.95351957300        1.88141209400        1.89185627500       Residual    20029999.9842      MLUPs    1326.80747106    
  4  Maxtime , Mintime + JacobiMi , JacobiMa    1.95150257700        1.95148923500        1.88142956700        1.89245959700       Residual    3333333.33332      MLUPs    1328.20731602    
  4  Maxtime , Mintime + JacobiMi , JacobiMa    1.95136192300        1.95134633400        1.88172318500        1.89202848400       Residual    709876.542984      MLUPs    1328.30305309    
  4  Maxtime , Mintime + JacobiMi , JacobiMa    1.95126525300        1.95126103100        1.88150858000        1.89244027700       Residual    210905.349752      MLUPs    1328.36886016    
  4  Maxtime , Mintime + JacobiMi , JacobiMa    1.95112522500        1.95111744600        1.88143820800        1.89204694700       Residual    86376.8861455      MLUPs    1328.46419430    
  4  Maxtime , Mintime + JacobiMi , JacobiMa    1.95131812400        1.95130820500        1.88151163100        1.89242907800       Residual    44503.5584977      MLUPs    1328.33286798    
  4  Maxtime , Mintime + JacobiMi , JacobiMa    1.95123687200        1.95123129100        1.88141151100        1.89197599200       Residual    26489.9981411      MLUPs    1328.38818146    
  4  Maxtime , Mintime + JacobiMi , JacobiMa    1.95124243400        1.95123826100        1.88146173800        1.89248775600       Residual    17297.0716500      MLUPs    1328.38439490    
  4  Maxtime , Mintime + JacobiMi , JacobiMa    1.95122225300        1.95121712000        1.88123717000        1.89185223200       Residual    12037.1055057      MLUPs    1328.39813405    
  4  Maxtime , Mintime + JacobiMi , JacobiMa    1.95142548700        1.95140714200        1.88156426600        1.89250458900       Residual    8776.98311687      MLUPs    1328.25978612    
