# Threadlevel provided:        3 out of        0        1        2        3
  spat_dim , proc_dim, PBC ? 
           1 -Dim Input         7200          12 T
           2 -Dim Input          600           1 T
           3 -Dim Input         1200           2 T
#   0 Process grid  12   1   2
           0           3           2
           2           3           2
           4           3           2
           6           3           2
           8           3           2
          10           3           2
          12           3           2
          14           3           2
          16           3           2
          18           3           2
          20           3           2
          22           3           2
#   0  Allocated 2 arrays with a total of  3490.68      Mbytes 
           1           3           2
           3           3           2
           5           3           2
           7           3           2
           9           3           2
          11           3           2
          13           3           2
          15           3           2
          17           3           2
          19           3           2
          21           3           2
          23           3           2
# StartResidual    0.00000000000    
  4  Maxtime , Mintime + JacobiMi , JacobiMa    1.95642444600        1.95524333000        1.88137102000        1.89318757800       Residual    38049999.9700      MLUPs    2649.73176480    
  4  Maxtime , Mintime + JacobiMi , JacobiMa    1.95443952100        1.95441169500        1.88143123100        1.89349112800       Residual    6333333.33329      MLUPs    2652.42282726    
  4  Maxtime , Mintime + JacobiMi , JacobiMa    1.95420647700        1.95419912000        1.88132684400        1.89337016100       Residual    1348765.43168      MLUPs    2652.73913530    
  4  Maxtime , Mintime + JacobiMi , JacobiMa    1.95455132700        1.95454307400        1.88142325300        1.89369092100       Residual    400720.164513      MLUPs    2652.27110099    
  4  Maxtime , Mintime + JacobiMi , JacobiMa    1.95416749100        1.95416060000        1.88118295000        1.89331355500       Residual    164116.083675      MLUPs    2652.79205794    
  4  Maxtime , Mintime + JacobiMi , JacobiMa    1.95436066500        1.95435290000        1.88146022700        1.89354436200       Residual    84556.7611456      MLUPs    2652.52984919    
  4  Maxtime , Mintime + JacobiMi , JacobiMa    1.95435535300        1.95433862200        1.88129557400        1.89349988500       Residual    50330.9964674      MLUPs    2652.53705885    
  4  Maxtime , Mintime + JacobiMi , JacobiMa    1.95444158800        1.95443487800        1.88158260200        1.89351489800       Residual    32864.4361356      MLUPs    2652.42002208    
  4  Maxtime , Mintime + JacobiMi , JacobiMa    1.95433208300        1.95432381900        1.88124116800        1.89344659200       Residual    22870.5004612      MLUPs    2652.56864230    
  4  Maxtime , Mintime + JacobiMi , JacobiMa    1.95434639400        1.95432921900        1.88139169300        1.89351667500       Residual    16676.2679222      MLUPs    2652.54921846    
