# Threadlevel provided:        3 out of        0        1        2        3
  spat_dim , proc_dim, PBC ? 
           1 -Dim Input         1800           3 T
           2 -Dim Input         2400           4 T
           3 -Dim Input         1200           2 T
#   0 Process grid   3   4   2
           6           3           2
           7           3           2
           8           3           2
           9           3           2
          10           3           2
          11           3           2
          12           3           2
          13           3           2
          14           3           2
          15           3           2
          16           3           2
          17           3           2
          18           3           2
          19           3           2
          20           3           2
          21           3           2
          22           3           2
          23           3           2
           0           3           2
#   0  Allocated 2 arrays with a total of  3490.68      Mbytes 
           1           3           2
           2           3           2
           3           3           2
           4           3           2
           5           3           2
# StartResidual    0.00000000000    
  4  Maxtime , Mintime + JacobiMi , JacobiMa    3.06012464100        3.05977057900        2.85183036000        2.96297482700       Residual    26029999.9794      MLUPs    1694.04864447    
  4  Maxtime , Mintime + JacobiMi , JacobiMa    3.05873626900        3.05873069500        2.85086625100        2.96425555300       Residual    4333333.33331      MLUPs    1694.81757958    
  4  Maxtime , Mintime + JacobiMi , JacobiMa    3.05822596400        3.05821992500        2.85186633800        2.96379931900       Residual    922839.505891      MLUPs    1695.10038206    
  4  Maxtime , Mintime + JacobiMi , JacobiMa    3.05816075700        3.05814133600        2.85195191200        2.96370266800       Residual    274176.954670      MLUPs    1695.13652549    
  4  Maxtime , Mintime + JacobiMi , JacobiMa    3.05826956200        3.05826525200        2.85130772200        2.96388320700       Residual    112289.951988      MLUPs    1695.07621709    
  4  Maxtime , Mintime + JacobiMi , JacobiMa    3.05888921500        3.05887218600        2.85250296300        2.96443462600       Residual    57854.6260465      MLUPs    1694.73283785    
  4  Maxtime , Mintime + JacobiMi , JacobiMa    3.05754078300        3.05752450100        2.85262427000        2.96304073400       Residual    34436.9975830      MLUPs    1695.48024635    
  4  Maxtime , Mintime + JacobiMi , JacobiMa    3.05970766400        3.05968378500        2.85349224500        2.96531053000       Residual    22486.1931454      MLUPs    1694.27950944    
  4  Maxtime , Mintime + JacobiMi , JacobiMa    3.05891403900        3.05889074200        2.85327150400        2.96442467400       Residual    15648.2371577      MLUPs    1694.71908459    
  4  Maxtime , Mintime + JacobiMi , JacobiMa    3.05859133900        3.05858154100        2.85299844200        2.96406612900       Residual    11410.0780518      MLUPs    1694.89788776    
