# Threadlevel provided:        3 out of        0        1        2        3
  spat_dim , proc_dim, PBC ? 
           1 -Dim Input         2400           4 T
           2 -Dim Input         2400           4 T
           3 -Dim Input         1800           3 T
#   0 Process grid   4   4   3
           6           3           2
           8           3           2
          10           3           2
          12           3           2
          14           3           2
          16           3           2
          18           3           2
          20           3           2
          22           3           2
          24           3           2
          26           3           2
          28           3           2
          30           3           2
          32           3           2
          34           3           2
          38           3           2
          40           3           2
          42           3           2
          44           3           2
          46           3           2
           0           3           2
#   0  Allocated 2 arrays with a total of  3490.68      Mbytes 
           2           3           2
           4           3           2
          36           3           2
           1           3           2
           3           3           2
           5           3           2
           7           3           2
           9           3           2
          11           3           2
          13           3           2
          15           3           2
          17           3           2
          19           3           2
          21           3           2
          23           3           2
          25           3           2
          27           3           2
          29           3           2
          31           3           2
          33           3           2
          35           3           2
          37           3           2
          39           3           2
          41           3           2
          43           3           2
          45           3           2
          47           3           2
# StartResidual    0.00000000000    
  4  Maxtime , Mintime + JacobiMi , JacobiMa    2.02271448800        2.01890112800        1.88290126700        1.92025701600       Residual    40036666.6349      MLUPs    5125.78520672    
  4  Maxtime , Mintime + JacobiMi , JacobiMa    1.97667053300        1.97666347500        1.88517585500        1.91625268100       Residual    6666666.66664      MLUPs    5245.18366967    
  4  Maxtime , Mintime + JacobiMi , JacobiMa    1.97865806600        1.97864868200        1.88605182300        1.91829462100       Residual    1419753.08599      MLUPs    5239.91495962    
  4  Maxtime , Mintime + JacobiMi , JacobiMa    1.97622437900        1.97621734300        1.88678719000        1.91600744000       Residual    421810.699490      MLUPs    5246.36782654    
  4  Maxtime , Mintime + JacobiMi , JacobiMa    1.97607471900        1.97606031300        1.88643177900        1.91589409900       Residual    172753.772289      MLUPs    5246.76516546    
  4  Maxtime , Mintime + JacobiMi , JacobiMa    1.97930375700        1.97928448600        1.88578483700        1.91953263500       Residual    89007.1169946      MLUPs    5238.20558787    
  4  Maxtime , Mintime + JacobiMi , JacobiMa    1.97632096600        1.97630124600        1.88681899700        1.91611635300       Residual    52979.9962815      MLUPs    5246.11142540    
  4  Maxtime , Mintime + JacobiMi , JacobiMa    1.97768834600        1.97766879900        1.88683211400        1.91713764900       Residual    34594.1433006      MLUPs    5242.48424731    
  4  Maxtime , Mintime + JacobiMi , JacobiMa    1.97939577000        1.97938010300        1.88552596300        1.91611589800       Residual    24074.2110118      MLUPs    5237.96208779    
  4  Maxtime , Mintime + JacobiMi , JacobiMa    1.97703900600        1.97702095700        1.88663329500        1.91666614700       Residual    17553.9662335      MLUPs    5244.20609231    
