# Threadlevel provided:        3 out of        0        1        2        3
  spat_dim , proc_dim, PBC ? 
           1 -Dim Input          600           1 T
           2 -Dim Input         4800           8 T
           3 -Dim Input         1800           3 T
#   0 Process grid   1   8   3
          10           3           2
          11           3           2
          12           3           2
          13           3           2
          14           3           2
          15           3           2
          16           3           2
          17           3           2
          18           3           2
          19           3           2
          20           3           2
          21           3           2
          22           3           2
          23           3           2
           0           3           2
#   0  Allocated 2 arrays with a total of  3490.68      Mbytes 
           1           3           2
           2           3           2
           3           3           2
           4           3           2
           5           3           2
           6           3           2
           7           3           2
           8           3           2
           9           3           2
# StartResidual    0.00000000000    
  4  Maxtime , Mintime + JacobiMi , JacobiMa    3.06114458700        3.06107794700        2.85143699400        2.96508276700       Residual    35039999.9723      MLUPs    1693.48420261    
  4  Maxtime , Mintime + JacobiMi , JacobiMa    3.05796957000        3.05796546400        2.85140709100        2.96451960800       Residual    5833333.33331      MLUPs    1695.24250694    
  4  Maxtime , Mintime + JacobiMi , JacobiMa    3.05900900800        3.05900577300        2.85254382700        2.96542211900       Residual    1242283.95023      MLUPs    1694.66647089    
  4  Maxtime , Mintime + JacobiMi , JacobiMa    3.05853943000        3.05853747300        2.85351486400        2.96507281800       Residual    369084.362069      MLUPs    1694.92665328    
  4  Maxtime , Mintime + JacobiMi , JacobiMa    3.05907428700        3.05906148100        2.85380149300        2.96548413200       Residual    151159.550754      MLUPs    1694.63030762    
  4  Maxtime , Mintime + JacobiMi , JacobiMa    3.05938754200        3.05936591100        2.85355344400        2.96577419200       Residual    77881.2273696      MLUPs    1694.45679203    
  4  Maxtime , Mintime + JacobiMi , JacobiMa    3.05945219400        3.05944818800        2.85492014900        2.96573359900       Residual    46357.4967466      MLUPs    1694.42098496    
  4  Maxtime , Mintime + JacobiMi , JacobiMa    3.05863194800        3.05862962400        2.85426532200        2.96525217600       Residual    30269.8753876      MLUPs    1694.87538486    
  4  Maxtime , Mintime + JacobiMi , JacobiMa    3.05873325300        3.05873037700        2.85400420100        2.96512162300       Residual    21064.9346353      MLUPs    1694.81925072    
  4  Maxtime , Mintime + JacobiMi , JacobiMa    3.05927974000        3.05927685100        2.85523391900        2.96577155100       Residual    15359.7204542      MLUPs    1694.51650080    
