# Threadlevel provided:        3 out of        0        1        2        3
  spat_dim , proc_dim, PBC ? 
           1 -Dim Input         1800           3 T
           2 -Dim Input         9600          16 T
           3 -Dim Input          600           1 T
#   0 Process grid   3  16   1
          16           3           2
          18           3           2
          20           3           2
          24           3           2
          26           3           2
          28           3           2
          32           3           2
          34           3           2
          36           3           2
          40           3           2
          42           3           2
          44           3           2
           0           3           2
#   0  Allocated 2 arrays with a total of  3490.68      Mbytes 
           2           3           2
           4           3           2
           8           3           2
          10           3           2
          12           3           2
           6           3           2
          14           3           2
          22           3           2
          30           3           2
          38           3           2
          46           3           2
           1           3           2
           3           3           2
           5           3           2
           7           3           2
           9           3           2
          11           3           2
          13           3           2
          15           3           2
          17           3           2
          19           3           2
          21           3           2
          23           3           2
          25           3           2
          27           3           2
          29           3           2
          31           3           2
          33           3           2
          35           3           2
          37           3           2
          39           3           2
          41           3           2
          43           3           2
          45           3           2
          47           3           2
# StartResidual    0.00000000000    
  4  Maxtime , Mintime + JacobiMi , JacobiMa    1.99177410000        1.99170335700        1.88434672600        1.92161935500       Residual    67066666.6135      MLUPs    5205.40958937    
  4  Maxtime , Mintime + JacobiMi , JacobiMa    1.98022912100        1.98021240600        1.88659113300        1.92613755500       Residual    11166666.6666      MLUPs    5235.75776664    
  4  Maxtime , Mintime + JacobiMi , JacobiMa    1.97784410400        1.97783838600        1.88715227900        1.92425883300       Residual    2378086.41904      MLUPs    5242.07139432    
  4  Maxtime , Mintime + JacobiMi , JacobiMa    1.98245251400        1.98243780000        1.88691254300        1.92911964000       Residual    706532.921651      MLUPs    5229.88567281    
  4  Maxtime , Mintime + JacobiMi , JacobiMa    1.99186888300        1.99185547800        1.88826689500        1.94048365900       Residual    289362.568585      MLUPs    5205.16189017    
  4  Maxtime , Mintime + JacobiMi , JacobiMa    1.98489092400        1.98488154100        1.88762915200        1.93250960300       Residual    149086.920966      MLUPs    5223.46083336    
  4  Maxtime , Mintime + JacobiMi , JacobiMa    1.98531618600        1.98530934400        1.88675221000        1.93263479900       Residual    88741.4937712      MLUPs    5222.34194891    
  4  Maxtime , Mintime + JacobiMi , JacobiMa    1.97888029600        1.97886414400        1.88686302300        1.92543275500       Residual    57945.1900284      MLUPs    5239.32651255    
  4  Maxtime , Mintime + JacobiMi , JacobiMa    1.98894752500        1.98498743500        1.88795743300        1.93041350500       Residual    40324.3034450      MLUPs    5212.80721069    
  4  Maxtime , Mintime + JacobiMi , JacobiMa    1.99739586800        1.99717229900        1.89597546100        1.94304026900       Residual    29402.8934412      MLUPs    5190.75871043    
