# Threadlevel provided:        3 out of        0        1        2        3
  spat_dim , proc_dim, PBC ? 
           1 -Dim Input         1800           3 T
           2 -Dim Input         9600          16 T
           3 -Dim Input          600           1 T
#   0 Process grid   3  16   1
          24           3           2
          26           3           2
          28           3           2
          30           3           2
          32           3           2
          34           3           2
          36           3           2
          38           3           2
          40           3           2
          42           3           2
          44           3           2
          46           3           2
           0           3           2
#   0  Allocated 2 arrays with a total of  3490.68      Mbytes 
           2           3           2
           4           3           2
           6           3           2
           8           3           2
          10           3           2
          12           3           2
          14           3           2
          16           3           2
          18           3           2
          20           3           2
          22           3           2
           1           3           2
           5           3           2
           7           3           2
           9           3           2
          11           3           2
          13           3           2
          15           3           2
          17           3           2
          19           3           2
          21           3           2
          23           3           2
          25           3           2
          27           3           2
          29           3           2
          31           3           2
          33           3           2
          35           3           2
          37           3           2
          39           3           2
          41           3           2
          43           3           2
          45           3           2
          47           3           2
           3           3           2
# StartResidual    0.00000000000    
  4  Maxtime , Mintime + JacobiMi , JacobiMa    2.01739540100        2.01724650000        1.88419135500        1.92523484500       Residual    67066666.6135      MLUPs    5139.29990862    
  4  Maxtime , Mintime + JacobiMi , JacobiMa    1.97627684800        1.97610651900        1.88415903900        1.92281182100       Residual    11166666.6666      MLUPs    5246.22853852    
  4  Maxtime , Mintime + JacobiMi , JacobiMa    1.97518530200        1.97517911800        1.88440208100        1.92220460300       Residual    2378086.41904      MLUPs    5249.12776006    
  4  Maxtime , Mintime + JacobiMi , JacobiMa    1.97662885300        1.97644103300        1.88598907600        1.92384153500       Residual    706532.921651      MLUPs    5245.29427174    
  4  Maxtime , Mintime + JacobiMi , JacobiMa    1.97565861900        1.97547402200        1.88614671700        1.92194259800       Residual    289362.568585      MLUPs    5247.87020404    
  4  Maxtime , Mintime + JacobiMi , JacobiMa    1.97718838700        1.97701211200        1.88540155800        1.92407385100       Residual    149086.920966      MLUPs    5243.80988082    
  4  Maxtime , Mintime + JacobiMi , JacobiMa    1.97763408300        1.97745829200        1.88823925000        1.92428011800       Residual    88741.4937712      MLUPs    5242.62809239    
  4  Maxtime , Mintime + JacobiMi , JacobiMa    1.97770369700        1.97753538800        1.88721275700        1.92375678400       Residual    57945.1900284      MLUPs    5242.44355498    
  4  Maxtime , Mintime + JacobiMi , JacobiMa    1.97661037800        1.97643007700        1.88763382800        1.92334236500       Residual    40324.3034450      MLUPs    5245.34329851    
  4  Maxtime , Mintime + JacobiMi , JacobiMa    1.97702443400        1.97684194400        1.88858136000        1.92385197400       Residual    29402.8934412      MLUPs    5244.24474564    
