# Threadlevel provided:        3 out of        0        1        2        3
  spat_dim , proc_dim, PBC ? 
           1 -Dim Input         3600           6 T
           2 -Dim Input         4800           8 T
           3 -Dim Input          600           1 T
#   0 Process grid   6   8   1
           3           3           2
           4           3           2
           5           3           2
           7           3           2
           8           3           2
           9           3           2
          12           3           2
          13           3           2
          15           3           2
          17           3           2
          19           3           2
          20           3           2
          23           3           2
          25           3           2
          28           3           2
          29           3           2
          31           3           2
          32           3           2
          33           3           2
          35           3           2
          36           3           2
          39           3           2
          40           3           2
          45           3           2
          47           3           2
           0           3           2
#   0  Allocated 2 arrays with a total of  3490.68      Mbytes 
           1           3           2
           2           3           2
           6           3           2
          10           3           2
          14           3           2
          21           3           2
          22           3           2
          26           3           2
          30           3           2
          34           3           2
          37           3           2
          38           3           2
          42           3           2
          44           3           2
          46           3           2
          24           3           2
          27           3           2
          43           3           2
          11           3           2
          41           3           2
          18           3           2
          16           3           2
# StartResidual    0.00000000000    
  4  Maxtime , Mintime + JacobiMi , JacobiMa    4.10015768000        4.09974134500        3.81930814700        3.98723988800       Residual    62049999.9507      MLUPs    2528.68323835    
  4  Maxtime , Mintime + JacobiMi , JacobiMa    4.09718868300        4.09717302500        3.81937278500        3.98777421500       Residual    10333333.3333      MLUPs    2530.51562966    
  4  Maxtime , Mintime + JacobiMi , JacobiMa    4.09714005300        4.09711715700        3.81864288600        3.98786748000       Residual    2200617.28328      MLUPs    2530.54566500    
  4  Maxtime , Mintime + JacobiMi , JacobiMa    4.09731721800        4.09728916400        3.82006244800        3.98777951500       Residual    653806.584205      MLUPs    2530.43624605    
  4  Maxtime , Mintime + JacobiMi , JacobiMa    4.09803550000        4.09800700500        3.81894095200        3.98867778600       Residual    267768.347048      MLUPs    2529.99272456    
  4  Maxtime , Mintime + JacobiMi , JacobiMa    4.09862451000        4.09860289000        3.81976893400        3.98932782600       Residual    137961.031342      MLUPs    2529.62914136    
  4  Maxtime , Mintime + JacobiMi , JacobiMa    4.09903656400        4.09901723800        3.82028027100        3.98958074700       Residual    82118.9942360      MLUPs    2529.37485141    
  4  Maxtime , Mintime + JacobiMi , JacobiMa    4.09994063000        4.09992818800        3.82025454300        3.99065397100       Residual    53620.9221159      MLUPs    2528.81710631    
  4  Maxtime , Mintime + JacobiMi , JacobiMa    4.09968654600        4.09966811600        3.82067115300        3.99001394200       Residual    37315.0270683      MLUPs    2528.97383341    
  4  Maxtime , Mintime + JacobiMi , JacobiMa    4.09882291700        4.09880893200        3.82222347000        3.98966230900       Residual    27208.6476620      MLUPs    2529.50669252    
