# Threadlevel provided:        3 out of        0        1        2        3
  spat_dim , proc_dim, PBC ? 
           1 -Dim Input         2400           4 T
           2 -Dim Input         1200           2 T
           3 -Dim Input         3600           6 T
#   0 Process grid   4   2   6
           1           3           2
           2           3           2
           3           3           2
           4           3           2
           5           3           2
           6           3           2
           7           3           2
           8           3           2
          10           3           2
          11           3           2
          12           3           2
          13           3           2
          15           3           2
          16           3           2
          18           3           2
          19           3           2
          20           3           2
          21           3           2
          22           3           2
          23           3           2
          24           3           2
          26           3           2
          28           3           2
          29           3           2
          32           3           2
          33           3           2
          34           3           2
          35           3           2
          36           3           2
          37           3           2
          38           3           2
          40           3           2
          42           3           2
          43           3           2
          44           3           2
          45           3           2
          47           3           2
           0           3           2
#   0  Allocated 2 arrays with a total of  3490.68      Mbytes 
          39           3           2
          41           3           2
          46           3           2
           9           3           2
          14           3           2
          17           3           2
          25           3           2
          27           3           2
          30           3           2
          31           3           2
# StartResidual    0.00000000000    
  4  Maxtime , Mintime + JacobiMi , JacobiMa    4.07733127800        4.07686522600        3.80445528200        3.94797498900       Residual    44039999.9650      MLUPs    2542.83973832    
  4  Maxtime , Mintime + JacobiMi , JacobiMa    4.08252413400        4.08250980300        3.80539445500        3.95101076300       Residual    7333333.33330      MLUPs    2539.60531762    
  4  Maxtime , Mintime + JacobiMi , JacobiMa    4.07655283100        4.07652724600        3.80466675500        3.95081873300       Residual    1561728.39458      MLUPs    2543.32531181    
  4  Maxtime , Mintime + JacobiMi , JacobiMa    4.07757766800        4.07755928200        3.80564531300        3.95048230600       Residual    463991.769438      MLUPs    2542.68608575    
  4  Maxtime , Mintime + JacobiMi , JacobiMa    4.07685651500        4.07684524400        3.80369197900        3.95053537600       Residual    190029.149517      MLUPs    2543.13586015    
  4  Maxtime , Mintime + JacobiMi , JacobiMa    4.07739444300        4.07738484000        3.80497490000        3.95055546700       Residual    97907.8286940      MLUPs    2542.80034589    
  4  Maxtime , Mintime + JacobiMi , JacobiMa    4.07658736600        4.07657409200        3.80517216300        3.95023568000       Residual    58277.9959096      MLUPs    2543.30376591    
  4  Maxtime , Mintime + JacobiMi , JacobiMa    4.07744509200        4.07741984200        3.80615505700        3.95104351700       Residual    38053.5576307      MLUPs    2542.76875986    
  4  Maxtime , Mintime + JacobiMi , JacobiMa    4.07624877700        4.07621300200        3.80589032500        3.94954049100       Residual    26481.6321130      MLUPs    2543.51502256    
  4  Maxtime , Mintime + JacobiMi , JacobiMa    4.07707426500        4.07706410500        3.80550846200        3.95021160700       Residual    19309.3628568      MLUPs    2543.00003535    
