# Threadlevel provided:        3 out of        0        1        2        3
  spat_dim , proc_dim, PBC ? 
           1 -Dim Input         2400           4 T
           2 -Dim Input         1200           2 T
           3 -Dim Input         3600           6 T
#   0 Process grid   4   2   6
           1           3           2
           2           3           2
           3           3           2
           4           3           2
           5           3           2
           6           3           2
           7           3           2
           9           3           2
          10           3           2
          11           3           2
          12           3           2
          13           3           2
          14           3           2
          15           3           2
          16           3           2
          17           3           2
          18           3           2
          19           3           2
          20           3           2
          21           3           2
          22           3           2
          23           3           2
          25           3           2
          26           3           2
          27           3           2
          28           3           2
          30           3           2
          31           3           2
          32           3           2
          33           3           2
          34           3           2
          35           3           2
          36           3           2
          37           3           2
          38           3           2
          39           3           2
          41           3           2
          42           3           2
          44           3           2
          45           3           2
          46           3           2
          47           3           2
           0           3           2
#   0  Allocated 2 arrays with a total of  3490.68      Mbytes 
          29           3           2
          43           3           2
          24           3           2
          40           3           2
           8           3           2
# StartResidual    0.00000000000    
  4  Maxtime , Mintime + JacobiMi , JacobiMa    4.11686786400        4.11655732700        3.81778354700        3.99844968400       Residual    44039999.9650      MLUPs    2518.41942528    
  4  Maxtime , Mintime + JacobiMi , JacobiMa    4.11160991100        4.11159380900        3.81708610600        3.99629083100       Residual    7333333.33330      MLUPs    2521.63999611    
  4  Maxtime , Mintime + JacobiMi , JacobiMa    4.11226825800        4.11224427200        3.81700652700        3.99718606100       Residual    1561728.39458      MLUPs    2521.23629820    
  4  Maxtime , Mintime + JacobiMi , JacobiMa    4.11605918100        4.11602291000        3.81769313200        3.99927930000       Residual    463991.769438      MLUPs    2518.91421966    
  4  Maxtime , Mintime + JacobiMi , JacobiMa    4.11337475100        4.11308345300        3.81745016900        3.99814116100       Residual    190029.149517      MLUPs    2520.55808858    
  4  Maxtime , Mintime + JacobiMi , JacobiMa    4.11267769400        4.11265556100        3.81872871100        3.99766324300       Residual    97907.8286940      MLUPs    2520.98529752    
  4  Maxtime , Mintime + JacobiMi , JacobiMa    4.11238027200        4.11235754300        3.81901675300        3.99719138100       Residual    58277.9959096      MLUPs    2521.16762416    
  4  Maxtime , Mintime + JacobiMi , JacobiMa    4.11125169700        4.11122413400        3.81949659200        3.99665143900       Residual    38053.5576307      MLUPs    2521.85970700    
  4  Maxtime , Mintime + JacobiMi , JacobiMa    4.11166331400        4.11164478600        3.81884490200        3.99667751300       Residual    26481.6321130      MLUPs    2521.60724461    
  4  Maxtime , Mintime + JacobiMi , JacobiMa    4.11339099500        4.11337558200        3.81886468700        3.99858268800       Residual    19309.3628568      MLUPs    2520.54813476    
