# Threadlevel provided:        3 out of        0        1        2        3
  spat_dim , proc_dim, PBC ? 
           1 -Dim Input         2400           4 T
           2 -Dim Input         1200           2 T
           3 -Dim Input         3600           6 T
#   0 Process grid   4   2   6
          10           3           2
          11           3           2
          12           3           2
          16           3           2
          17           3           2
          18           3           2
          19           3           2
          20           3           2
          24           3           2
          25           3           2
          26           3           2
          27           3           2
          28           3           2
          32           3           2
          33           3           2
          34           3           2
          36           3           2
          40           3           2
          41           3           2
          42           3           2
          43           3           2
          44           3           2
           0           3           2
#   0  Allocated 2 arrays with a total of  3490.68      Mbytes 
           1           3           2
           2           3           2
           3           3           2
           4           3           2
           8           3           2
           9           3           2
          30           3           2
          38           3           2
          46           3           2
           6           3           2
          14           3           2
           7           3           2
          15           3           2
          22           3           2
          23           3           2
          31           3           2
          35           3           2
          39           3           2
          47           3           2
          37           3           2
          45           3           2
           5           3           2
          13           3           2
          21           3           2
          29           3           2
# StartResidual    0.00000000000    
  4  Maxtime , Mintime + JacobiMi , JacobiMa    4.08689939600        4.08654374000        3.80571532600        3.96042970900       Residual    44039999.9650      MLUPs    2536.88652335    
  4  Maxtime , Mintime + JacobiMi , JacobiMa    4.08363397400        4.08361355900        3.80557770100        3.96077925000       Residual    7333333.33330      MLUPs    2538.91510993    
  4  Maxtime , Mintime + JacobiMi , JacobiMa    4.08276343200        4.08275289500        3.80549614200        3.95975752500       Residual    1561728.39458      MLUPs    2539.45646685    
  4  Maxtime , Mintime + JacobiMi , JacobiMa    4.08580112200        4.08577212600        3.80573318700        3.96140019400       Residual    463991.769438      MLUPs    2537.56844507    
  4  Maxtime , Mintime + JacobiMi , JacobiMa    4.08426364400        4.08425277000        3.80986805300        3.96096050200       Residual    190029.149517      MLUPs    2538.52368596    
  4  Maxtime , Mintime + JacobiMi , JacobiMa    4.08589008700        4.08586886900        3.80525741200        3.96257153000       Residual    97907.8286940      MLUPs    2537.51319278    
  4  Maxtime , Mintime + JacobiMi , JacobiMa    4.09278101500        4.09276981000        3.80543626400        3.96234530800       Residual    58277.9959096      MLUPs    2533.24083600    
  4  Maxtime , Mintime + JacobiMi , JacobiMa    4.08638507200        4.08635493800        3.80659198900        3.96294276800       Residual    38053.5576307      MLUPs    2537.20582307    
  4  Maxtime , Mintime + JacobiMi , JacobiMa    4.08580583000        4.08579101700        3.80623586600        3.96270265900       Residual    26481.6321130      MLUPs    2537.56552107    
  4  Maxtime , Mintime + JacobiMi , JacobiMa    4.08673209500        4.08672189600        3.80690016800        3.96368189000       Residual    19309.3628568      MLUPs    2536.99037739    
