# Threadlevel provided:        3 out of        0        1        2        3
  spat_dim , proc_dim, PBC ? 
           1 -Dim Input         2400           4 T
           2 -Dim Input         1200           2 T
           3 -Dim Input         3600           6 T
#   0 Process grid   4   2   6
           1           3           2
           2           3           2
           3           3           2
           4           3           2
           5           3           2
           6           3           2
           8           3           2
           9           3           2
          10           3           2
          11           3           2
          13           3           2
          14           3           2
          17           3           2
          18           3           2
          19           3           2
          20           3           2
          21           3           2
          24           3           2
          26           3           2
          27           3           2
          29           3           2
          30           3           2
          33           3           2
          34           3           2
          35           3           2
          37           3           2
          38           3           2
          40           3           2
          41           3           2
          42           3           2
          43           3           2
          45           3           2
          46           3           2
           0           3           2
#   0  Allocated 2 arrays with a total of  3490.68      Mbytes 
          12           3           2
          28           3           2
          44           3           2
          32           3           2
           7           3           2
          15           3           2
          16           3           2
          22           3           2
          25           3           2
          31           3           2
          39           3           2
          47           3           2
          36           3           2
          23           3           2
# StartResidual    0.00000000000    
  4  Maxtime , Mintime + JacobiMi , JacobiMa    4.08576977700        4.08519556400        3.81377071400        3.96005867500       Residual    44039999.9650      MLUPs    2537.58791265    
  4  Maxtime , Mintime + JacobiMi , JacobiMa    4.08399382200        4.08397308700        3.81299483800        3.96137262400       Residual    7333333.33330      MLUPs    2538.69140158    
  4  Maxtime , Mintime + JacobiMi , JacobiMa    4.08193263100        4.08191401200        3.81240067200        3.95956542600       Residual    1561728.39458      MLUPs    2539.97332569    
  4  Maxtime , Mintime + JacobiMi , JacobiMa    4.08324115600        4.08322472000        3.81338520400        3.96039943800       Residual    463991.769438      MLUPs    2539.15935990    
  4  Maxtime , Mintime + JacobiMi , JacobiMa    4.08429520500        4.08398667800        3.81256502200        3.96100236300       Residual    190029.149517      MLUPs    2538.50406976    
  4  Maxtime , Mintime + JacobiMi , JacobiMa    4.08621590700        4.08592235000        3.81396954400        3.95965274000       Residual    97907.8286940      MLUPs    2537.31086070    
  4  Maxtime , Mintime + JacobiMi , JacobiMa    4.08484236500        4.08482320500        3.81254049400        3.96217822600       Residual    58277.9959096      MLUPs    2538.16404002    
  4  Maxtime , Mintime + JacobiMi , JacobiMa    4.08337448500        4.08335328500        3.81382438000        3.95924189800       Residual    38053.5576307      MLUPs    2539.07645211    
  4  Maxtime , Mintime + JacobiMi , JacobiMa    4.08805801300        4.08804251500        3.81281863100        3.96815443700       Residual    26481.6321130      MLUPs    2536.16753163    
  4  Maxtime , Mintime + JacobiMi , JacobiMa    4.08637602900        4.08635541600        3.81453611700        3.96480826200       Residual    19309.3628568      MLUPs    2537.21143782    
