# Threadlevel provided:        3 out of        0        1        2        3
  spat_dim , proc_dim, PBC ? 
           1 -Dim Input         2400           4 T
           2 -Dim Input         1200           2 T
           3 -Dim Input         3600           6 T
#   0 Process grid   4   2   6
          10           3           2
          12           3           2
          13           3           2
          14           3           2
          16           3           2
          17           3           2
          18           3           2
          20           3           2
          21           3           2
          22           3           2
          24           3           2
          25           3           2
          26           3           2
          28           3           2
          30           3           2
          32           3           2
          33           3           2
          34           3           2
          36           3           2
          37           3           2
          38           3           2
          40           3           2
          41           3           2
          42           3           2
          44           3           2
          45           3           2
          46           3           2
           0           3           2
#   0  Allocated 2 arrays with a total of  3490.68      Mbytes 
           1           3           2
           2           3           2
           4           3           2
           5           3           2
           6           3           2
           8           3           2
           9           3           2
           3           3           2
           7           3           2
          15           3           2
          23           3           2
          31           3           2
          35           3           2
          39           3           2
          47           3           2
          19           3           2
          29           3           2
          11           3           2
          27           3           2
          43           3           2
# StartResidual    0.00000000000    
  4  Maxtime , Mintime + JacobiMi , JacobiMa    4.11081718000        4.11057931000        3.81747313600        3.99253285800       Residual    44039999.9650      MLUPs    2522.12626979    
  4  Maxtime , Mintime + JacobiMi , JacobiMa    4.10821745800        4.10820368900        3.81737329600        3.99294244100       Residual    7333333.33330      MLUPs    2523.72229708    
  4  Maxtime , Mintime + JacobiMi , JacobiMa    4.10643494700        4.10610038400        3.81734245300        3.99113891800       Residual    1561728.39458      MLUPs    2524.81778813    
  4  Maxtime , Mintime + JacobiMi , JacobiMa    4.10808172700        4.10805758700        3.81795975300        3.99326119400       Residual    463991.769438      MLUPs    2523.80568085    
  4  Maxtime , Mintime + JacobiMi , JacobiMa    4.10640255700        4.10607881900        3.81868903300        3.99134485700       Residual    190029.149517      MLUPs    2524.83770310    
  4  Maxtime , Mintime + JacobiMi , JacobiMa    4.10865185900        4.10830326100        3.81812621000        3.99382219900       Residual    97907.8286940      MLUPs    2523.45546807    
  4  Maxtime , Mintime + JacobiMi , JacobiMa    4.10754108500        4.10750016100        3.81788372800        3.99238634000       Residual    58277.9959096      MLUPs    2524.13786873    
  4  Maxtime , Mintime + JacobiMi , JacobiMa    4.10913465400        4.10911300000        3.81884997600        3.99407775000       Residual    38053.5576307      MLUPs    2523.15897945    
  4  Maxtime , Mintime + JacobiMi , JacobiMa    4.10938205100        4.10936018800        3.81836831800        3.99426772600       Residual    26481.6321130      MLUPs    2523.00707779    
  4  Maxtime , Mintime + JacobiMi , JacobiMa    4.10844233400        4.10842338700        3.81881221100        3.99341404200       Residual    19309.3628568      MLUPs    2523.58416089    
