# Threadlevel provided:        3 out of        0        1        2        3
  spat_dim , proc_dim, PBC ? 
           1 -Dim Input         1200           2 T
           2 -Dim Input         2400           4 T
           3 -Dim Input          600           1 T
#   0 Process grid   2   4   1
           0           3           2
           6           3           2
           7           3           2
           1           3           2
           2           3           2
           3           3           2
           4           3           2
           5           3           2
#   0  Allocated 2 arrays with a total of  3490.68      Mbytes 
# StartResidual    0.00000000000    
  4  Maxtime , Mintime + JacobiMi , JacobiMa    1.94273328100        1.94246727200        1.88295879600        1.88955243400       Residual    14023333.3223      MLUPs    889.468470479    
  4  Maxtime , Mintime + JacobiMi , JacobiMa    1.93966158500        1.93965499700        1.88359492500        1.89014261300       Residual    2333333.33332      MLUPs    890.877054721    
  4  Maxtime , Mintime + JacobiMi , JacobiMa    1.93931925100        1.93931075300        1.88332376600        1.88978082900       Residual    496913.580090      MLUPs    891.034314803    
  4  Maxtime , Mintime + JacobiMi , JacobiMa    1.93999039800        1.93998853800        1.88365118200        1.89045933100       Residual    147633.744824      MLUPs    890.726058119    
  4  Maxtime , Mintime + JacobiMi , JacobiMa    1.93945935200        1.93945619900        1.88334774700        1.89000938200       Residual    60463.8203021      MLUPs    890.969949031    
  4  Maxtime , Mintime + JacobiMi , JacobiMa    1.93947627400        1.93946891900        1.88317490000        1.88994684700       Residual    31152.4909487      MLUPs    890.962175287    
  4  Maxtime , Mintime + JacobiMi , JacobiMa    1.93898786200        1.93897990300        1.88291754000        1.88950907700       Residual    18542.9986987      MLUPs    891.186599909    
  4  Maxtime , Mintime + JacobiMi , JacobiMa    1.93922491000        1.93922317500        1.88323844400        1.88970834600       Residual    12107.9501551      MLUPs    891.077662570    
  4  Maxtime , Mintime + JacobiMi , JacobiMa    1.93905495600        1.93905225100        1.88308954200        1.88953808700       Residual    8425.97385394      MLUPs    891.155763612    
  4  Maxtime , Mintime + JacobiMi , JacobiMa    1.93933816200        1.93933713900        1.88319866900        1.88982389000       Residual    6143.88818190      MLUPs    891.025626092    
