# Threadlevel provided:        3 out of        0        1        2        3
  spat_dim , proc_dim, PBC ? 
           1 -Dim Input          600           1 T
           2 -Dim Input         2400           4 T
           3 -Dim Input         1200           2 T
#   0 Process grid   1   4   2
           0           3           2
           5           3           2
           6           3           2
           7           3           2
           1           3           2
           2           3           2
           3           3           2
           4           3           2
#   0  Allocated 2 arrays with a total of  3490.68      Mbytes 
# StartResidual    0.00000000000    
  4  Maxtime , Mintime + JacobiMi , JacobiMa    1.94005026700        1.93888579200        1.88277771100        1.88826533500       Residual    14023333.3223      MLUPs    890.698570750    
  4  Maxtime , Mintime + JacobiMi , JacobiMa    1.93581914100        1.93581686400        1.88267187800        1.88813299700       Residual    2333333.33332      MLUPs    892.645373424    
  4  Maxtime , Mintime + JacobiMi , JacobiMa    1.93555619500        1.93555477700        1.88238253200        1.88789922700       Residual    496913.580084      MLUPs    892.766639617    
  4  Maxtime , Mintime + JacobiMi , JacobiMa    1.93554212300        1.93554036900        1.88262132500        1.88788694800       Residual    147633.744826      MLUPs    892.773130311    
  4  Maxtime , Mintime + JacobiMi , JacobiMa    1.93546454400        1.93546291100        1.88227941200        1.88774438600       Residual    60463.8203021      MLUPs    892.808915233    
  4  Maxtime , Mintime + JacobiMi , JacobiMa    1.93546010300        1.93545881200        1.88240858500        1.88800238700       Residual    31152.4909488      MLUPs    892.810963823    
  4  Maxtime , Mintime + JacobiMi , JacobiMa    1.93554560600        1.93553856700        1.88228166100        1.88789824400       Residual    18542.9986988      MLUPs    892.771523773    
  4  Maxtime , Mintime + JacobiMi , JacobiMa    1.93592104300        1.93591972300        1.88270420800        1.88821251000       Residual    12107.9501550      MLUPs    892.598386824    
  4  Maxtime , Mintime + JacobiMi , JacobiMa    1.93557905100        1.93557788100        1.88239828800        1.88793494700       Residual    8425.97385390      MLUPs    892.756097514    
  4  Maxtime , Mintime + JacobiMi , JacobiMa    1.93591273200        1.93590985900        1.88285891900        1.88825691800       Residual    6143.88818188      MLUPs    892.602218807    
