# Threadlevel provided:        3 out of        0        1        2        3
  spat_dim , proc_dim, PBC ? 
           1 -Dim Input          600           1 T
           2 -Dim Input         1200           2 T
           3 -Dim Input         3600           6 T
#   0 Process grid   1   2   6
          10           3           2
          11           3           2
           0           3           2
#   0  Allocated 2 arrays with a total of  3490.68      Mbytes 
           1           3           2
           2           3           2
           3           3           2
           4           3           2
           5           3           2
           6           3           2
           7           3           2
           8           3           2
           9           3           2
# StartResidual    0.00000000000    
  4  Maxtime , Mintime + JacobiMi , JacobiMa    2.89480418200        2.89474469800        2.72862774800        2.80650854100       Residual    20029999.9842      MLUPs    895.397352304    
  4  Maxtime , Mintime + JacobiMi , JacobiMa    2.88979196200        2.88978225700        2.72924619400        2.80409147500       Residual    3333333.33332      MLUPs    896.950380541    
  4  Maxtime , Mintime + JacobiMi , JacobiMa    2.89004126800        2.89003747200        2.72873486200        2.80430323000       Residual    709876.542984      MLUPs    896.873006175    
  4  Maxtime , Mintime + JacobiMi , JacobiMa    2.88980817700        2.88979267500        2.72890478100        2.80416878100       Residual    210905.349752      MLUPs    896.945347663    
  4  Maxtime , Mintime + JacobiMi , JacobiMa    2.88999819400        2.88997780700        2.72902394800        2.80435923700       Residual    86376.8861455      MLUPs    896.886373625    
  4  Maxtime , Mintime + JacobiMi , JacobiMa    2.88987913600        2.88987603500        2.72912291200        2.80429260000       Residual    44503.5584977      MLUPs    896.923323786    
  4  Maxtime , Mintime + JacobiMi , JacobiMa    2.88940034700        2.88938559100        2.72921479300        2.80379398600       Residual    26489.9981411      MLUPs    897.071948749    
  4  Maxtime , Mintime + JacobiMi , JacobiMa    2.89019419400        2.89018609400        2.72985725100        2.80463319200       Residual    17297.0716500      MLUPs    896.825550816    
  4  Maxtime , Mintime + JacobiMi , JacobiMa    2.88971405700        2.88971072300        2.72884374300        2.80418164000       Residual    12037.1055057      MLUPs    896.974561798    
  4  Maxtime , Mintime + JacobiMi , JacobiMa    2.89021023000        2.89020633300        2.72927870300        2.80462920500       Residual    8776.98311687      MLUPs    896.820574883    
