# Threadlevel provided:        3 out of        0        1        2        3
  spat_dim , proc_dim, PBC ? 
           1 -Dim Input         2400           4 T
           2 -Dim Input         7200          12 T
           3 -Dim Input          600           1 T
#   0 Process grid   4  12   1
          10           3           2
          12           3           2
          16           3           2
          18           3           2
          22           3           2
          24           3           2
          26           3           2
          28           3           2
          30           3           2
          32           3           2
          34           3           2
          36           3           2
          38           3           2
          40           3           2
          42           3           2
          44           3           2
          46           3           2
           0           3           2
#   0  Allocated 2 arrays with a total of  3490.68      Mbytes 
           2           3           2
           4           3           2
           6           3           2
           8           3           2
          14           3           2
          20           3           2
           1           3           2
           3           3           2
           5           3           2
           7           3           2
           9           3           2
          11           3           2
          13           3           2
          15           3           2
          17           3           2
          19           3           2
          21           3           2
          23           3           2
          25           3           2
          27           3           2
          29           3           2
          31           3           2
          33           3           2
          35           3           2
          37           3           2
          39           3           2
          41           3           2
          43           3           2
          45           3           2
          47           3           2
# StartResidual    0.00000000000    
  4  Maxtime , Mintime + JacobiMi , JacobiMa    1.99321589500        1.98525752100        1.88221995900        1.92437098900       Residual    64056666.6158      MLUPs    5201.64425038    
  4  Maxtime , Mintime + JacobiMi , JacobiMa    1.97283584800        1.97282870500        1.88245427600        1.91887405000       Residual    10666666.6666      MLUPs    5255.37895639    
  4  Maxtime , Mintime + JacobiMi , JacobiMa    1.97180139700        1.97178982500        1.88308466600        1.91867537600       Residual    2271604.93758      MLUPs    5258.13604543    
  4  Maxtime , Mintime + JacobiMi , JacobiMa    1.97258057300        1.97257343500        1.88223505900        1.91927231000       Residual    674897.119184      MLUPs    5256.05906391    
  4  Maxtime , Mintime + JacobiMi , JacobiMa    1.97339306000        1.97338566500        1.88332820100        1.91884084600       Residual    276406.035663      MLUPs    5253.89503498    
  4  Maxtime , Mintime + JacobiMi , JacobiMa    1.97493460100        1.97140314900        1.88222749300        1.91934498300       Residual    142411.387191      MLUPs    5249.79409179    
  4  Maxtime , Mintime + JacobiMi , JacobiMa    1.97273978300        1.97272466800        1.88236921900        1.91940412000       Residual    84767.9940501      MLUPs    5255.63487356    
  4  Maxtime , Mintime + JacobiMi , JacobiMa    1.97312366600        1.97310579600        1.88300160400        1.91926563600       Residual    55350.6292809      MLUPs    5254.61235839    
  4  Maxtime , Mintime + JacobiMi , JacobiMa    1.97338605700        1.97336700300        1.88240490700        1.91980908400       Residual    38518.7376190      MLUPs    5253.91367960    
  4  Maxtime , Mintime + JacobiMi , JacobiMa    1.97393181400        1.97373622000        1.88243206100        1.92072584200       Residual    28086.3459737      MLUPs    5252.46106601    
