# Threadlevel provided:        3 out of        0        1        2        3
  spat_dim , proc_dim, PBC ? 
           1 -Dim Input         4800           8 T
           2 -Dim Input          600           1 T
           3 -Dim Input         3600           6 T
#   0 Process grid   8   1   6
           6           3           2
           7           3           2
           8           3           2
           9           3           2
          10           3           2
          11           3           2
          12           3           2
          13           3           2
          14           3           2
          15           3           2
          16           3           2
          17           3           2
          18           3           2
          19           3           2
          20           3           2
          21           3           2
          22           3           2
          23           3           2
          24           3           2
          25           3           2
          26           3           2
          27           3           2
          28           3           2
          29           3           2
          31           3           2
          32           3           2
          33           3           2
          34           3           2
          35           3           2
          36           3           2
          37           3           2
          38           3           2
          39           3           2
          40           3           2
          41           3           2
          42           3           2
          43           3           2
          44           3           2
          45           3           2
          46           3           2
          47           3           2
           0           3           2
           1           3           2
           2           3           2
           3           3           2
           4           3           2
           5           3           2
          30           3           2
#   0  Allocated 2 arrays with a total of  3490.68      Mbytes 
# StartResidual    0.00000000000    
  4  Maxtime , Mintime + JacobiMi , JacobiMa    4.14652786000        4.14639256200        3.81762312300        4.04182184100       Residual    62049999.9507      MLUPs    2500.40524266    
  4  Maxtime , Mintime + JacobiMi , JacobiMa    4.14223991500        4.14221304700        3.81760903300        4.04032909700       Residual    10333333.3333      MLUPs    2502.99360075    
  4  Maxtime , Mintime + JacobiMi , JacobiMa    4.14350905200        4.14311570200        3.81678918100        4.04165194200       Residual    2200617.28328      MLUPs    2502.22694578    
  4  Maxtime , Mintime + JacobiMi , JacobiMa    4.14348782200        4.14346762500        3.81701445700        4.04185200700       Residual    653806.584203      MLUPs    2502.23976645    
  4  Maxtime , Mintime + JacobiMi , JacobiMa    4.14256994800        4.14218007800        3.81686546500        4.04034079400       Residual    267768.347048      MLUPs    2502.79419060    
  4  Maxtime , Mintime + JacobiMi , JacobiMa    4.14463850900        4.14462197500        3.81838590400        4.04293244100       Residual    137961.031342      MLUPs    2501.54506297    
  4  Maxtime , Mintime + JacobiMi , JacobiMa    4.14489121800        4.14487792900        3.81840775700        4.04312142000       Residual    82118.9942360      MLUPs    2501.39254680    
  4  Maxtime , Mintime + JacobiMi , JacobiMa    4.14587570400        4.14586637700        3.81892599100        4.04423034900       Residual    53620.9221160      MLUPs    2500.79856229    
  4  Maxtime , Mintime + JacobiMi , JacobiMa    4.14778645500        4.14776953500        3.81757567600        4.04637565200       Residual    37315.0270683      MLUPs    2499.64652532    
  4  Maxtime , Mintime + JacobiMi , JacobiMa    4.14721761200        4.14720611800        3.81833121500        4.04514152200       Residual    27208.6476621      MLUPs    2499.98938324    
