# Threadlevel provided:        3 out of        0        1        2        3
  spat_dim , proc_dim, PBC ? 
           1 -Dim Input         2400           4 T
           2 -Dim Input         1800           3 T
           3 -Dim Input          600           1 T
#   0 Process grid   4   3   1
           0           3           2
           5           3           2
           6           3           2
           7           3           2
           8           3           2
           9           3           2
          10           3           2
          11           3           2
           1           3           2
           2           3           2
           3           3           2
           4           3           2
#   0  Allocated 2 arrays with a total of  3490.68      Mbytes 
# StartResidual    0.00000000000    
  4  Maxtime , Mintime + JacobiMi , JacobiMa    1.95561874500        1.95443812700        1.89488190300        1.89635177500       Residual    19026666.6516      MLUPs    1325.41171771    
  4  Maxtime , Mintime + JacobiMi , JacobiMa    1.95308042200        1.95221857100        1.89489934600        1.89629796400       Residual    3166666.66665      MLUPs    1327.13429043    
  4  Maxtime , Mintime + JacobiMi , JacobiMa    1.95236681000        1.95236505200        1.89495555000        1.89649153300       Residual    674382.715837      MLUPs    1327.61937292    
  4  Maxtime , Mintime + JacobiMi , JacobiMa    1.95306077800        1.95305861600        1.89548033600        1.89725516700       Residual    200360.082258      MLUPs    1327.14763882    
  4  Maxtime , Mintime + JacobiMi , JacobiMa    1.95296347400        1.95295847200        1.89554078500        1.89710868100       Residual    82058.0418381      MLUPs    1327.21376232    
  4  Maxtime , Mintime + JacobiMi , JacobiMa    1.95283480400        1.95281865300        1.89530514100        1.89703206700       Residual    42278.3805730      MLUPs    1327.30121088    
  4  Maxtime , Mintime + JacobiMi , JacobiMa    1.95268766300        1.95267621800        1.89520206400        1.89683351600       Residual    25165.4982338      MLUPs    1327.40122710    
  4  Maxtime , Mintime + JacobiMi , JacobiMa    1.95304756900        1.95304575800        1.89539146500        1.89704677000       Residual    16432.2180677      MLUPs    1327.15661469    
  4  Maxtime , Mintime + JacobiMi , JacobiMa    1.95311902600        1.95311670600        1.89564128800        1.89730197300       Residual    11435.2502304      MLUPs    1327.10805921    
  4  Maxtime , Mintime + JacobiMi , JacobiMa    1.95413206000        1.95413036500        1.89659559200        1.89828860400       Residual    8338.13396113      MLUPs    1326.42007828    
