# Threadlevel provided:        3 out of        0        1        2        3
  spat_dim , proc_dim, PBC ? 
           1 -Dim Input         2400           4 T
           2 -Dim Input         2400           4 T
           3 -Dim Input         1800           3 T
#   0 Process grid   4   4   3
           6           3           2
           8           3           2
          12           3           2
          14           3           2
          16           3           2
          20           3           2
          24           3           2
          28           3           2
          30           3           2
          32           3           2
          36           3           2
          38           3           2
          40           3           2
          46           3           2
           0           3           2
#   0  Allocated 2 arrays with a total of  3490.68      Mbytes 
           2           3           2
           4           3           2
          22           3           2
           1           3           2
           3           3           2
           7           3           2
           9           3           2
          11           3           2
          15           3           2
          17           3           2
          19           3           2
          23           3           2
          25           3           2
          31           3           2
          33           3           2
          35           3           2
          39           3           2
          41           3           2
          43           3           2
          44           3           2
          47           3           2
          18           3           2
          27           3           2
          26           3           2
          42           3           2
          10           3           2
          34           3           2
           5           3           2
          13           3           2
          21           3           2
          29           3           2
          37           3           2
          45           3           2
# StartResidual    0.00000000000    
  4  Maxtime , Mintime + JacobiMi , JacobiMa    4.09278208100        4.09266991900        3.80580461700        3.96766386000       Residual    40036666.6349      MLUPs    2533.24017619    
  4  Maxtime , Mintime + JacobiMi , JacobiMa    4.09013060700        4.09011938000        3.80643090200        3.96784317300       Residual    6666666.66664      MLUPs    2534.88237815    
  4  Maxtime , Mintime + JacobiMi , JacobiMa    4.08877986800        4.08874900600        3.80575493700        3.96619827500       Residual    1419753.08599      MLUPs    2535.71978309    
  4  Maxtime , Mintime + JacobiMi , JacobiMa    4.08989522700        4.08987055900        3.80635288500        3.96757985200       Residual    421810.699490      MLUPs    2535.02826467    
  4  Maxtime , Mintime + JacobiMi , JacobiMa    4.09596631500        4.09554967800        3.80625437800        3.96693719800       Residual    172753.772289      MLUPs    2531.27081686    
  4  Maxtime , Mintime + JacobiMi , JacobiMa    4.09029095800        4.09027875800        3.80671809800        3.96808654600       Residual    89007.1169946      MLUPs    2534.78300357    
  4  Maxtime , Mintime + JacobiMi , JacobiMa    4.08963027400        4.08961776500        3.80690872700        3.96744182900       Residual    52979.9962815      MLUPs    2535.19250039    
  4  Maxtime , Mintime + JacobiMi , JacobiMa    4.09089621200        4.09087677000        3.80743355000        3.96862888400       Residual    34594.1433006      MLUPs    2534.40797877    
  4  Maxtime , Mintime + JacobiMi , JacobiMa    4.09094794500        4.09092270700        3.80657966900        3.96867233400       Residual    24074.2110118      MLUPs    2534.37592934    
  4  Maxtime , Mintime + JacobiMi , JacobiMa    4.09148262200        4.09146862400        3.80673455700        3.96932567900       Residual    17553.9662335      MLUPs    2534.04473583    
