# Threadlevel provided:        3 out of        0        1        2        3
  spat_dim , proc_dim, PBC ? 
           1 -Dim Input         1200           2 T
           2 -Dim Input         2400           4 T
           3 -Dim Input         3600           6 T
#   0 Process grid   2   4   6
           7           3           2
           9           3           2
          11           3           2
          12           3           2
          13           3           2
          15           3           2
          16           3           2
          17           3           2
          19           3           2
          21           3           2
          25           3           2
          27           3           2
          28           3           2
          29           3           2
          31           3           2
          32           3           2
          33           3           2
          35           3           2
          36           3           2
          37           3           2
          39           3           2
          41           3           2
          42           3           2
          43           3           2
          44           3           2
          45           3           2
          46           3           2
          47           3           2
           0           3           2
#   0  Allocated 2 arrays with a total of  3490.68      Mbytes 
           1           3           2
           2           3           2
           3           3           2
           4           3           2
           5           3           2
           6           3           2
           8           3           2
          10           3           2
          14           3           2
          18           3           2
          20           3           2
          22           3           2
          24           3           2
          26           3           2
          30           3           2
          34           3           2
          38           3           2
          40           3           2
          23           3           2
# StartResidual    0.00000000000    
  4  Maxtime , Mintime + JacobiMi , JacobiMa    4.08002276600        4.07967882300        3.81109953300        3.95757035800       Residual    44039999.9650      MLUPs    2541.16229115    
  4  Maxtime , Mintime + JacobiMi , JacobiMa    4.07786312000        4.07784962400        3.81105490800        3.95818926800       Residual    7333333.33330      MLUPs    2542.50809674    
  4  Maxtime , Mintime + JacobiMi , JacobiMa    4.07745456300        4.07744019900        3.81016472300        3.95791556600       Residual    1561728.39459      MLUPs    2542.76285359    
  4  Maxtime , Mintime + JacobiMi , JacobiMa    4.07919230900        4.07918101100        3.81120687700        3.94609424600       Residual    463991.769447      MLUPs    2541.67963033    
  4  Maxtime , Mintime + JacobiMi , JacobiMa    4.08106258800        4.08102552900        3.81001863400        3.95827554700       Residual    190029.149517      MLUPs    2540.51482339    
  4  Maxtime , Mintime + JacobiMi , JacobiMa    4.09022508900        4.08993301500        3.81148709200        3.97197257200       Residual    97907.8286931      MLUPs    2534.82382373    
  4  Maxtime , Mintime + JacobiMi , JacobiMa    4.07837549600        4.07835519500        3.81161626700        3.95864350800       Residual    58277.9959096      MLUPs    2542.18867541    
  4  Maxtime , Mintime + JacobiMi , JacobiMa    4.07989100700        4.07987095000        3.81131609000        3.96024367900       Residual    38053.5576305      MLUPs    2541.24435732    
  4  Maxtime , Mintime + JacobiMi , JacobiMa    4.07797119000        4.07795267300        3.81122796800        3.95820531100       Residual    26481.6321130      MLUPs    2542.44071793    
  4  Maxtime , Mintime + JacobiMi , JacobiMa    4.07973631100        4.07971599000        3.81255411600        3.96023028200       Residual    19309.3628566      MLUPs    2541.34071657    
