# Threadlevel provided:        3 out of        0        1        2        3
  spat_dim , proc_dim, PBC ? 
           1 -Dim Input         1200           2 T
           2 -Dim Input         1200           2 T
           3 -Dim Input         1800           3 T
#   0 Process grid   2   2   3
           0           3           2
           4           3           2
           5           3           2
           6           3           2
           7           3           2
           8           3           2
           9           3           2
          10           3           2
          11           3           2
           1           3           2
           2           3           2
           3           3           2
#   0  Allocated 2 arrays with a total of  3490.68      Mbytes 
# StartResidual    0.00000000000    
  4  Maxtime , Mintime + JacobiMi , JacobiMa    2.90622070600        2.90589620500        2.73103482800        2.81815388200       Residual    16023333.3207      MLUPs    891.879957585    
  4  Maxtime , Mintime + JacobiMi , JacobiMa    2.90487446800        2.90486823600        2.73138359000        2.81939301700       Residual    2666666.66665      MLUPs    892.293291346    
  4  Maxtime , Mintime + JacobiMi , JacobiMa    2.90459013000        2.90458422700        2.73123262100        2.81913554200       Residual    567901.234395      MLUPs    892.380640294    
  4  Maxtime , Mintime + JacobiMi , JacobiMa    2.90396768700        2.90395675000        2.73115480600        2.81846930800       Residual    168724.279799      MLUPs    892.571915178    
  4  Maxtime , Mintime + JacobiMi , JacobiMa    2.90413990700        2.90412645600        2.73088385400        2.81861482700       Residual    69101.5089160      MLUPs    892.518984279    
  4  Maxtime , Mintime + JacobiMi , JacobiMa    2.90447197200        2.90446615400        2.73153984700        2.81901619400       Residual    35602.8467978      MLUPs    892.416943592    
  4  Maxtime , Mintime + JacobiMi , JacobiMa    2.90470603600        2.90470023100        2.73118581700        2.81919674000       Residual    21191.9985126      MLUPs    892.345031778    
  4  Maxtime , Mintime + JacobiMi , JacobiMa    2.90447913200        2.90447206500        2.73112538200        2.81898840200       Residual    13837.6573202      MLUPs    892.414743643    
  4  Maxtime , Mintime + JacobiMi , JacobiMa    2.90406742100        2.90405097500        2.73173813200        2.81857799600       Residual    9629.68440473      MLUPs    892.541261700    
  4  Maxtime , Mintime + JacobiMi , JacobiMa    2.90483822100        2.90483390100        2.73191643900        2.81923895100       Residual    7021.58649341      MLUPs    892.304425514    
