# Threadlevel provided:        3 out of        0        1        2        3
  spat_dim , proc_dim, PBC ? 
           1 -Dim Input         1200           2 T
           2 -Dim Input         1800           3 T
           3 -Dim Input         4800           8 T
#   0 Process grid   2   3   8
           5           3           2
           6           3           2
           7           3           2
           9           3           2
          10           3           2
          11           3           2
          12           3           2
          13           3           2
          14           3           2
          15           3           2
          16           3           2
          20           3           2
          22           3           2
          26           3           2
          30           3           2
          31           3           2
          32           3           2
          33           3           2
          34           3           2
          36           3           2
          37           3           2
          39           3           2
          41           3           2
          42           3           2
          44           3           2
          45           3           2
          46           3           2
           0           3           2
#   0  Allocated 2 arrays with a total of  3490.68      Mbytes 
           1           3           2
           2           3           2
           3           3           2
           4           3           2
          21           3           2
          28           3           2
          43           3           2
           8           3           2
          17           3           2
          19           3           2
          24           3           2
          25           3           2
          27           3           2
          29           3           2
          38           3           2
          40           3           2
          47           3           2
          18           3           2
          23           3           2
          35           3           2
# StartResidual    0.00000000000    
  4  Maxtime , Mintime + JacobiMi , JacobiMa    4.11682184300        4.11664660200        3.82238784800        3.99739545100       Residual    46043333.2968      MLUPs    2518.44757811    
  4  Maxtime , Mintime + JacobiMi , JacobiMa    4.11686268400        4.11684024600        3.82243014700        4.00051711500       Residual    7666666.66663      MLUPs    2518.42259405    
  4  Maxtime , Mintime + JacobiMi , JacobiMa    4.11495574400        4.11492819200        3.82181323700        3.99912217300       Residual    1632716.04889      MLUPs    2519.58967362    
  4  Maxtime , Mintime + JacobiMi , JacobiMa    4.18063571100        4.18062334700        3.82194123300        4.07372845300       Residual    485082.304422      MLUPs    2480.00560602    
  4  Maxtime , Mintime + JacobiMi , JacobiMa    4.11668916900        4.11667136900        3.82187026600        4.00164091800       Residual    198666.838132      MLUPs    2518.52874346    
  4  Maxtime , Mintime + JacobiMi , JacobiMa    4.11744015800        4.11742006300        3.82251553600        4.00292364900       Residual    102358.184543      MLUPs    2518.06938344    
  4  Maxtime , Mintime + JacobiMi , JacobiMa    4.11601647900        4.11599203100        3.82227503600        4.00131164900       Residual    60926.9957236      MLUPs    2518.94035238    
  4  Maxtime , Mintime + JacobiMi , JacobiMa    4.11780582500        4.11778408200        3.82143222800        4.00288974300       Residual    39783.2647955      MLUPs    2517.84577530    
  4  Maxtime , Mintime + JacobiMi , JacobiMa    4.11522039800        4.11520706000        3.82153763600        3.99938682800       Residual    27685.3426636      MLUPs    2519.42763625    
  4  Maxtime , Mintime + JacobiMi , JacobiMa    4.11828639000        4.11826637800        3.82278292400        4.00250441400       Residual    20187.0611683      MLUPs    2517.55196656    
