# Threadlevel provided:        3 out of        0        1        2        3
  spat_dim , proc_dim, PBC ? 
           1 -Dim Input         1200           2 T
           2 -Dim Input         2400           4 T
           3 -Dim Input         1800           3 T
#   0 Process grid   2   4   3
           0           3           2
           6           3           2
           7           3           2
           8           3           2
           9           3           2
          10           3           2
          11           3           2
          12           3           2
          13           3           2
          14           3           2
          15           3           2
          16           3           2
          17           3           2
          18           3           2
          19           3           2
          20           3           2
          21           3           2
          22           3           2
          23           3           2
#   0  Allocated 2 arrays with a total of  3490.68      Mbytes 
           1           3           2
           2           3           2
           3           3           2
           4           3           2
           5           3           2
# StartResidual    0.00000000000    
  4  Maxtime , Mintime + JacobiMi , JacobiMa    3.06222656000        3.06169736700        2.85275518200        2.96462083300       Residual    26029999.9794      MLUPs    1692.88584578    
  4  Maxtime , Mintime + JacobiMi , JacobiMa    3.06164489800        3.06164041700        2.85041496700        2.96683924500       Residual    4333333.33331      MLUPs    1693.20746615    
  4  Maxtime , Mintime + JacobiMi , JacobiMa    3.05993549100        3.05991803200        2.84978211400        2.96459218700       Residual    922839.505892      MLUPs    1694.15336214    
  4  Maxtime , Mintime + JacobiMi , JacobiMa    3.05946718400        3.05945686500        2.85064777600        2.96437029000       Residual    274176.954673      MLUPs    1694.41268307    
  4  Maxtime , Mintime + JacobiMi , JacobiMa    3.06009193800        3.06008154900        2.84971324100        2.96476371900       Residual    112289.951988      MLUPs    1694.06674866    
  4  Maxtime , Mintime + JacobiMi , JacobiMa    3.05883985800        3.05883453700        2.85159312100        2.96392061300       Residual    57854.6260461      MLUPs    1694.76018381    
  4  Maxtime , Mintime + JacobiMi , JacobiMa    3.05984153700        3.05983089300        2.85237036900        2.96476583800       Residual    34436.9975830      MLUPs    1694.20538198    
  4  Maxtime , Mintime + JacobiMi , JacobiMa    3.06006918700        3.06005869600        2.85278074300        2.96502022800       Residual    22486.1931453      MLUPs    1694.07934370    
  4  Maxtime , Mintime + JacobiMi , JacobiMa    3.06068387300        3.06065677900        2.85236209200        2.96562951400       Residual    15648.2371577      MLUPs    1693.73911685    
  4  Maxtime , Mintime + JacobiMi , JacobiMa    3.05979574900        3.05978595600        2.85150405900        2.96468795700       Residual    11410.0780517      MLUPs    1694.23073475    
