# Threadlevel provided:        3 out of        0        1        2        3
  spat_dim , proc_dim, PBC ? 
           1 -Dim Input         1200           2 T
           2 -Dim Input        14400          24 T
           3 -Dim Input          600           1 T
#   0 Process grid   2  24   1
          13           3           2
          16           3           2
          17           3           2
          19           3           2
          21           3           2
          24           3           2
          25           3           2
          27           3           2
          28           3           2
          29           3           2
          32           3           2
          33           3           2
          35           3           2
          36           3           2
          37           3           2
          40           3           2
          41           3           2
          43           3           2
          44           3           2
          45           3           2
           0           3           2
#   0  Allocated 2 arrays with a total of  3490.68      Mbytes 
           1           3           2
           3           3           2
           4           3           2
           5           3           2
           8           3           2
           9           3           2
          11           3           2
          12           3           2
          20           3           2
           2           3           2
           6           3           2
          10           3           2
          14           3           2
          18           3           2
          22           3           2
          26           3           2
          30           3           2
          34           3           2
          38           3           2
          42           3           2
          46           3           2
           7           3           2
          15           3           2
          23           3           2
          31           3           2
          39           3           2
          47           3           2
# StartResidual    0.00000000000    
  4  Maxtime , Mintime + JacobiMi , JacobiMa    4.11979087500        4.11924911300        3.82098484100        4.00561934200       Residual    74089999.9415      MLUPs    2516.63259485    
  4  Maxtime , Mintime + JacobiMi , JacobiMa    4.11443800200        4.11440046800        3.82022335500        4.00465061600       Residual    12333333.3333      MLUPs    2519.90672723    
  4  Maxtime , Mintime + JacobiMi , JacobiMa    4.11446235200        4.11442842600        3.82064424300        4.00477680600       Residual    2626543.20909      MLUPs    2519.89181404    
  4  Maxtime , Mintime + JacobiMi , JacobiMa    4.11517493600        4.11515020400        3.82014120800        4.00518942000       Residual    780349.794072      MLUPs    2519.45546939    
  4  Maxtime , Mintime + JacobiMi , JacobiMa    4.11553971000        4.11552130600        3.82106733000        4.00510359200       Residual    319594.478737      MLUPs    2519.23216165    
  4  Maxtime , Mintime + JacobiMi , JacobiMa    4.11818030800        4.11816311800        3.82115245300        4.00654844500       Residual    164663.166440      MLUPs    2517.61681728    
  4  Maxtime , Mintime + JacobiMi , JacobiMa    4.11526819500        4.11525068400        3.82032769500        4.00392521100       Residual    98012.9931206      MLUPs    2519.39837423    
  4  Maxtime , Mintime + JacobiMi , JacobiMa    4.11873972000        4.11872475400        3.82216592200        4.00703765600       Residual    63999.1651059      MLUPs    2517.27487164    
  4  Maxtime , Mintime + JacobiMi , JacobiMa    4.11925312500        4.11923089900        3.82162609300        4.00760299800       Residual    44537.2903723      MLUPs    2516.96112994    
  4  Maxtime , Mintime + JacobiMi , JacobiMa    4.12018967500        4.12015802400        3.82199413400        4.00825135400       Residual    32474.8375320      MLUPs    2516.38900580    
