# Threadlevel provided:        3 out of        0        1        2        3
  spat_dim , proc_dim, PBC ? 
           1 -Dim Input         1200           2 T
           2 -Dim Input        14400          24 T
           3 -Dim Input          600           1 T
#   0 Process grid   2  24   1
          10           3           2
          11           3           2
          12           3           2
          13           3           2
          14           3           2
          15           3           2
          16           3           2
          17           3           2
          18           3           2
          19           3           2
          20           3           2
          22           3           2
          23           3           2
          24           3           2
          26           3           2
          28           3           2
          29           3           2
          30           3           2
          31           3           2
          32           3           2
          33           3           2
          34           3           2
          35           3           2
          36           3           2
          37           3           2
          38           3           2
          39           3           2
          40           3           2
          42           3           2
          43           3           2
          44           3           2
          45           3           2
          46           3           2
          47           3           2
           0           3           2
#   0  Allocated 2 arrays with a total of  3490.68      Mbytes 
           1           3           2
           2           3           2
           3           3           2
           4           3           2
           5           3           2
           6           3           2
           7           3           2
           8           3           2
          21           3           2
           9           3           2
          25           3           2
          27           3           2
          41           3           2
# StartResidual    0.00000000000    
  4  Maxtime , Mintime + JacobiMi , JacobiMa    4.11044850200        4.11014220200        3.81716403700        3.99741284000       Residual    74089999.9415      MLUPs    2522.35248659    
  4  Maxtime , Mintime + JacobiMi , JacobiMa    4.10732109300        4.10729108400        3.81789813900        3.99680681500       Residual    12333333.3333      MLUPs    2524.27306394    
  4  Maxtime , Mintime + JacobiMi , JacobiMa    4.10764803100        4.10761392000        3.81863944700        3.99746354200       Residual    2626543.20909      MLUPs    2524.07215072    
  4  Maxtime , Mintime + JacobiMi , JacobiMa    4.10832253000        4.10830951900        3.81871510000        3.99744675900       Residual    780349.794072      MLUPs    2523.65775187    
  4  Maxtime , Mintime + JacobiMi , JacobiMa    4.10770072700        4.10767658700        3.81839013000        3.99655572500       Residual    319594.478737      MLUPs    2524.03977044    
  4  Maxtime , Mintime + JacobiMi , JacobiMa    4.10842566000        4.10841174300        3.81900900200        3.99787830300       Residual    164663.166440      MLUPs    2523.59440283    
  4  Maxtime , Mintime + JacobiMi , JacobiMa    4.10778109400        4.10776472400        3.81832510900        3.99749710100       Residual    98012.9931206      MLUPs    2523.99038867    
  4  Maxtime , Mintime + JacobiMi , JacobiMa    4.11042319400        4.11041020500        3.81947866000        3.99977128500       Residual    63999.1651059      MLUPs    2522.36801679    
  4  Maxtime , Mintime + JacobiMi , JacobiMa    4.10984580300        4.10981205600        3.81989163400        3.99936175900       Residual    44537.2903723      MLUPs    2522.72238351    
  4  Maxtime , Mintime + JacobiMi , JacobiMa    4.10837040400        4.10835634900        3.82022104600        3.99788114700       Residual    32474.8375320      MLUPs    2523.62834420    
