# Threadlevel provided:        3 out of        0        1        2        3
  spat_dim , proc_dim, PBC ? 
           1 -Dim Input         1200           2 T
           2 -Dim Input        14400          24 T
           3 -Dim Input          600           1 T
#   0 Process grid   2  24   1
           8           3           2
           9           3           2
          11           3           2
          13           3           2
          14           3           2
          15           3           2
          16           3           2
          17           3           2
          18           3           2
          20           3           2
          23           3           2
          24           3           2
          25           3           2
          27           3           2
          28           3           2
          29           3           2
          31           3           2
          32           3           2
          33           3           2
          35           3           2
          37           3           2
          38           3           2
          39           3           2
          40           3           2
          41           3           2
          44           3           2
          45           3           2
           0           3           2
#   0  Allocated 2 arrays with a total of  3490.68      Mbytes 
           1           3           2
           2           3           2
           3           3           2
           4           3           2
           5           3           2
           6           3           2
           7           3           2
          12           3           2
          19           3           2
          21           3           2
          22           3           2
          30           3           2
          34           3           2
          36           3           2
          42           3           2
          43           3           2
          46           3           2
          47           3           2
          10           3           2
          26           3           2
# StartResidual    0.00000000000    
  4  Maxtime , Mintime + JacobiMi , JacobiMa    4.08481736500        4.08228330100        3.81266828700        3.96013357000       Residual    74089999.9415      MLUPs    2538.17957416    
  4  Maxtime , Mintime + JacobiMi , JacobiMa    4.08028516500        4.08026964200        3.81383083800        3.96038782200       Residual    12333333.3333      MLUPs    2540.99887158    
  4  Maxtime , Mintime + JacobiMi , JacobiMa    4.08059305300        4.08022099400        3.81351902100        3.96113575100       Residual    2626543.20909      MLUPs    2540.80714870    
  4  Maxtime , Mintime + JacobiMi , JacobiMa    4.08095858300        4.08094344700        3.81378628100        3.96100212600       Residual    780349.794072      MLUPs    2540.57956951    
  4  Maxtime , Mintime + JacobiMi , JacobiMa    4.07998512200        4.07960947800        3.81337030000        3.96012756800       Residual    319594.478737      MLUPs    2541.18573720    
  4  Maxtime , Mintime + JacobiMi , JacobiMa    4.08058505600        4.08056429600        3.81283973400        3.96085525900       Residual    164663.166440      MLUPs    2540.81212809    
  4  Maxtime , Mintime + JacobiMi , JacobiMa    4.08142220100        4.08109444900        3.81289216100        3.96161831800       Residual    98012.9931206      MLUPs    2540.29097932    
  4  Maxtime , Mintime + JacobiMi , JacobiMa    4.08299233900        4.08297408600        3.81443607000        3.96308077900       Residual    63999.1651059      MLUPs    2539.31409593    
  4  Maxtime , Mintime + JacobiMi , JacobiMa    4.08246508700        4.08245174200        3.81456955700        3.96295325000       Residual    44537.2903723      MLUPs    2539.64204936    
  4  Maxtime , Mintime + JacobiMi , JacobiMa    4.08383602500        4.08381590100        3.81417074800        3.96397442000       Residual    32474.8375320      MLUPs    2538.78949510    
