# Threadlevel provided:        3 out of        0        1        2        3
  spat_dim , proc_dim, PBC ? 
           1 -Dim Input         1200           2 T
           2 -Dim Input        14400          24 T
           3 -Dim Input          600           1 T
#   0 Process grid   2  24   1
           2           3           2
           6           3           2
           8           3           2
          10           3           2
          14           3           2
          16           3           2
          18           3           2
          22           3           2
          24           3           2
          30           3           2
          32           3           2
          34           3           2
          38           3           2
          40           3           2
          42           3           2
           0           3           2
#   0  Allocated 2 arrays with a total of  3490.68      Mbytes 
          26           3           2
           4           3           2
          20           3           2
          36           3           2
          46           3           2
          12           3           2
          28           3           2
          44           3           2
           1           3           2
           3           3           2
           7           3           2
           9           3           2
          11           3           2
          13           3           2
          15           3           2
          23           3           2
          25           3           2
          27           3           2
          29           3           2
          31           3           2
          33           3           2
          35           3           2
          37           3           2
          39           3           2
          41           3           2
          43           3           2
          45           3           2
          47           3           2
           5           3           2
          17           3           2
          19           3           2
          21           3           2
# StartResidual    0.00000000000    
  4  Maxtime , Mintime + JacobiMi , JacobiMa    4.10467867100        4.10416200700        3.81988082100        3.98948770400       Residual    74089999.9415      MLUPs    2525.89808631    
  4  Maxtime , Mintime + JacobiMi , JacobiMa    4.10140985900        4.10138584700        3.81979140700        3.98973981600       Residual    12333333.3333      MLUPs    2527.91121991    
  4  Maxtime , Mintime + JacobiMi , JacobiMa    4.10214709600        4.10212877800        3.81863219400        3.99015075500       Residual    2626543.20909      MLUPs    2527.45690424    
  4  Maxtime , Mintime + JacobiMi , JacobiMa    4.10228339700        4.10226124900        3.81905524200        3.99032878000       Residual    780349.794072      MLUPs    2527.37292786    
  4  Maxtime , Mintime + JacobiMi , JacobiMa    4.10096600100        4.10093773600        3.81936694000        3.98943853300       Residual    319594.478737      MLUPs    2528.18482218    
  4  Maxtime , Mintime + JacobiMi , JacobiMa    4.10278136700        4.10276197900        3.82044420400        3.99105247500       Residual    164663.166440      MLUPs    2527.06617111    
  4  Maxtime , Mintime + JacobiMi , JacobiMa    4.10288373500        4.10286817500        3.82029628200        3.99076566000       Residual    98012.9931206      MLUPs    2527.00312016    
  4  Maxtime , Mintime + JacobiMi , JacobiMa    4.10536718300        4.10535603300        3.82117348300        3.99317710400       Residual    63999.1651059      MLUPs    2525.47446741    
  4  Maxtime , Mintime + JacobiMi , JacobiMa    4.10394777700        4.10392742900        3.82034593700        3.99178622600       Residual    44537.2903723      MLUPs    2526.34793700    
  4  Maxtime , Mintime + JacobiMi , JacobiMa    4.10361878000        4.10359484100        3.82029156800        3.99172063000       Residual    32474.8375320      MLUPs    2526.55048040    
