# Threadlevel provided:        3 out of        0        1        2        3
  spat_dim , proc_dim, PBC ? 
           1 -Dim Input         1800           3 T
           2 -Dim Input         2400           4 T
           3 -Dim Input          600           1 T
#   0 Process grid   3   4   1
           0           3           2
           1           3           2
           2           3           2
           3           3           2
           4           3           2
           5           3           2
           6           3           2
           7           3           2
           8           3           2
           9           3           2
          10           3           2
          11           3           2
#   0  Allocated 2 arrays with a total of  3490.68      Mbytes 
# StartResidual    0.00000000000    
  4  Maxtime , Mintime + JacobiMi , JacobiMa    1.94571084600        1.94566045200        1.88231059800        1.89255009800       Residual    19026666.6516      MLUPs    1332.16094536    
  4  Maxtime , Mintime + JacobiMi , JacobiMa    1.94296242200        1.94295162200        1.88268748900        1.89299978700       Residual    3166666.66665      MLUPs    1334.04535808    
  4  Maxtime , Mintime + JacobiMi , JacobiMa    1.94220438800        1.94219521200        1.88238591300        1.89225745300       Residual    674382.715838      MLUPs    1334.56603024    
  4  Maxtime , Mintime + JacobiMi , JacobiMa    1.94250719300        1.94249620900        1.88256766500        1.89256580000       Residual    200360.082259      MLUPs    1334.35799329    
  4  Maxtime , Mintime + JacobiMi , JacobiMa    1.94247433500        1.94246117400        1.88250284900        1.89247992200       Residual    82058.0418382      MLUPs    1334.38056467    
  4  Maxtime , Mintime + JacobiMi , JacobiMa    1.94269846700        1.94269000500        1.88254642900        1.89264031400       Residual    42278.3805730      MLUPs    1334.22661521    
  4  Maxtime , Mintime + JacobiMi , JacobiMa    1.94218079400        1.94217022400        1.88217258400        1.89223969900       Residual    25165.4982338      MLUPs    1334.58224281    
  4  Maxtime , Mintime + JacobiMi , JacobiMa    1.94275838800        1.94274929000        1.88263441800        1.89282417300       Residual    16432.2180677      MLUPs    1334.18546331    
  4  Maxtime , Mintime + JacobiMi , JacobiMa    1.94228672400        1.94228126500        1.88232792300        1.89233557600       Residual    11435.2502304      MLUPs    1334.50945629    
  4  Maxtime , Mintime + JacobiMi , JacobiMa    1.94244585900        1.94243983400        1.88272599700        1.89249481200       Residual    8338.13396110      MLUPs    1334.40012652    
