# Threadlevel provided:        3 out of        0        1        2        3
  spat_dim , proc_dim, PBC ? 
           1 -Dim Input         1800           3 T
           2 -Dim Input          600           1 T
           3 -Dim Input         2400           4 T
#   0 Process grid   3   1   4
           0           3           2
           2           3           2
           3           3           2
           4           3           2
           5           3           2
           6           3           2
           7           3           2
           8           3           2
           9           3           2
          10           3           2
          11           3           2
           1           3           2
#   0  Allocated 2 arrays with a total of  3490.68      Mbytes 
# StartResidual    0.00000000000    
  4  Maxtime , Mintime + JacobiMi , JacobiMa    1.94195187100        1.94064442300        1.88213047600        1.88909209900       Residual    19026666.6516      MLUPs    1334.73956729    
  4  Maxtime , Mintime + JacobiMi , JacobiMa    1.93895572100        1.93894102000        1.88241294600        1.88946314300       Residual    3166666.66665      MLUPs    1336.80205893    
  4  Maxtime , Mintime + JacobiMi , JacobiMa    1.93863424800        1.93862864100        1.88219525800        1.88917126700       Residual    674382.715838      MLUPs    1337.02373342    
  4  Maxtime , Mintime + JacobiMi , JacobiMa    1.93912150500        1.93911096600        1.88287409500        1.88960023900       Residual    200360.082259      MLUPs    1336.68776986    
  4  Maxtime , Mintime + JacobiMi , JacobiMa    1.93887240000        1.93885252500        1.88230990900        1.88939557800       Residual    82058.0418382      MLUPs    1336.85950659    
  4  Maxtime , Mintime + JacobiMi , JacobiMa    1.93864047500        1.93863412300        1.88255029800        1.88915286100       Residual    42278.3805730      MLUPs    1337.01943884    
  4  Maxtime , Mintime + JacobiMi , JacobiMa    1.93891317800        1.93890621800        1.88255020200        1.88943039400       Residual    25165.4982338      MLUPs    1336.83139060    
  4  Maxtime , Mintime + JacobiMi , JacobiMa    1.93930476400        1.93929686700        1.88289125700        1.88982465000       Residual    16432.2180677      MLUPs    1336.56145652    
  4  Maxtime , Mintime + JacobiMi , JacobiMa    1.93895210400        1.93894636700        1.88257557600        1.88947420800       Residual    11435.2502304      MLUPs    1336.80455265    
  4  Maxtime , Mintime + JacobiMi , JacobiMa    1.93886971000        1.93886314900        1.88253044400        1.88934776700       Residual    8338.13396110      MLUPs    1336.86136135    
