# Threadlevel provided:        3 out of        0        1        2        3
  spat_dim , proc_dim, PBC ? 
           1 -Dim Input          600           1 T
           2 -Dim Input          600           1 T
           3 -Dim Input        14400          24 T
#   0 Process grid   1   1  24
           3           3           2
           4           3           2
           5           3           2
           6           3           2
           7           3           2
           8           3           2
           9           3           2
          10           3           2
          11           3           2
          12           3           2
          13           3           2
          14           3           2
          15           3           2
          16           3           2
          17           3           2
          18           3           2
          19           3           2
          20           3           2
          21           3           2
          22           3           2
          23           3           2
           0           3           2
#   0  Allocated 2 arrays with a total of  3490.68      Mbytes 
           1           3           2
           2           3           2
# StartResidual    0.00000000000    
  4  Maxtime , Mintime + JacobiMi , JacobiMa    3.07359780800        3.07352542300        2.84988059000        2.98059574200       Residual    49086666.6282      MLUPs    1686.62275412    
  4  Maxtime , Mintime + JacobiMi , JacobiMa    3.07125295600        3.07124811800        2.84855712600        2.98049895400       Residual    8166666.66662      MLUPs    1687.91046334    
  4  Maxtime , Mintime + JacobiMi , JacobiMa    3.07154840400        3.07154438900        2.84882494500        2.98090436100       Residual    1739197.53023      MLUPs    1687.74810556    
  4  Maxtime , Mintime + JacobiMi , JacobiMa    3.07248547900        3.07248054600        2.84953003200        2.98177646900       Residual    516718.106883      MLUPs    1687.23336056    
  4  Maxtime , Mintime + JacobiMi , JacobiMa    3.07029372000        3.07028827600        2.84996786400        2.97953620600       Residual    211623.371058      MLUPs    1688.43780848    
  4  Maxtime , Mintime + JacobiMi , JacobiMa    3.07111527400        3.07111123300        2.85038125100        2.98030581700       Residual    109033.718325      MLUPs    1687.98613451    
  4  Maxtime , Mintime + JacobiMi , JacobiMa    3.07150548600        3.07147159400        2.85052471100        2.98072937500       Residual    64900.4954468      MLUPs    1687.77168839    
  4  Maxtime , Mintime + JacobiMi , JacobiMa    3.07145542600        3.07143610700        2.85082874700        2.98075471700       Residual    42377.8255427      MLUPs    1687.79919647    
  4  Maxtime , Mintime + JacobiMi , JacobiMa    3.07223842200        3.07221721300        2.85204949000        2.98139539200       Residual    29490.9084872      MLUPs    1687.36904105    
  4  Maxtime , Mintime + JacobiMi , JacobiMa    3.07169205400        3.07167970500        2.85251708000        2.98092988000       Residual    21503.6086374      MLUPs    1687.66917675    
