# Threadlevel provided:        3 out of        0        1        2        3
  spat_dim , proc_dim, PBC ? 
           1 -Dim Input         1200           2 T
           2 -Dim Input         7200          12 T
           3 -Dim Input          600           1 T
#   0 Process grid   2  12   1
           4           3           2
           5           3           2
           6           3           2
           7           3           2
           8           3           2
           9           3           2
          10           3           2
          11           3           2
          12           3           2
          13           3           2
          14           3           2
          15           3           2
          16           3           2
          17           3           2
          18           3           2
          19           3           2
          20           3           2
          21           3           2
          22           3           2
          23           3           2
           0           3           2
#   0  Allocated 2 arrays with a total of  3490.68      Mbytes 
           1           3           2
           2           3           2
           3           3           2
# StartResidual    0.00000000000    
  4  Maxtime , Mintime + JacobiMi , JacobiMa    3.07243531600        3.07236350300        2.84841648600        2.97771731300       Residual    38049999.9700      MLUPs    1687.26090766    
  4  Maxtime , Mintime + JacobiMi , JacobiMa    3.07079340300        3.07078795000        2.84858011700        2.97861991300       Residual    6333333.33330      MLUPs    1688.16306396    
  4  Maxtime , Mintime + JacobiMi , JacobiMa    3.07062894700        3.07062437800        2.84860640700        2.97847322800       Residual    1348765.43169      MLUPs    1688.25347819    
  4  Maxtime , Mintime + JacobiMi , JacobiMa    3.07153128800        3.07151637600        2.84774607900        2.97936318300       Residual    400720.164523      MLUPs    1687.75751048    
  4  Maxtime , Mintime + JacobiMi , JacobiMa    3.07029887700        3.07028859100        2.84732287300        2.97796240900       Residual    164116.083676      MLUPs    1688.43497251    
  4  Maxtime , Mintime + JacobiMi , JacobiMa    3.07144710100        3.07142704500        2.84807941400        2.97935393900       Residual    84556.7611452      MLUPs    1687.80377116    
  4  Maxtime , Mintime + JacobiMi , JacobiMa    3.07044923000        3.07043986400        2.84849198000        2.97805092600       Residual    50330.9964674      MLUPs    1688.35229365    
  4  Maxtime , Mintime + JacobiMi , JacobiMa    3.07110683700        3.07109985100        2.84849486200        2.97808430100       Residual    32864.4361354      MLUPs    1687.99077178    
  4  Maxtime , Mintime + JacobiMi , JacobiMa    3.07155709900        3.07153728200        2.84937078800        2.97935211100       Residual    22870.5004613      MLUPs    1687.74332787    
  4  Maxtime , Mintime + JacobiMi , JacobiMa    3.07058938100        3.07058018700        2.84830576900        2.97836602500       Residual    16676.2679219      MLUPs    1688.27523214    
