# Threadlevel provided:        3 out of        0        1        2        3
  spat_dim , proc_dim, PBC ? 
           1 -Dim Input         1200           2 T
           2 -Dim Input         1800           3 T
           3 -Dim Input         1200           2 T
#   0 Process grid   2   3   2
           0           3           2
           1           3           2
           2           3           2
           3           3           2
           4           3           2
           5           3           2
           6           3           2
           7           3           2
           8           3           2
           9           3           2
          10           3           2
          11           3           2
#   0  Allocated 2 arrays with a total of  3490.68      Mbytes 
# StartResidual    0.00000000000    
  4  Maxtime , Mintime + JacobiMi , JacobiMa    3.06067134200        3.06037087000        2.95701008000        2.96461840400       Residual    16023333.3207      MLUPs    846.873025676    
  4  Maxtime , Mintime + JacobiMi , JacobiMa    3.05873761100        3.05873268800        2.95844551200        2.96593072700       Residual    2666666.66665      MLUPs    847.408417995    
  4  Maxtime , Mintime + JacobiMi , JacobiMa    3.05805363300        3.05804938700        2.95794865500        2.96516405600       Residual    567901.234395      MLUPs    847.597953165    
  4  Maxtime , Mintime + JacobiMi , JacobiMa    3.05889300400        3.05888143400        2.95865409400        2.96600880800       Residual    168724.279799      MLUPs    847.365369305    
  4  Maxtime , Mintime + JacobiMi , JacobiMa    3.05839960400        3.05838404700        2.95795275700        2.96556290600       Residual    69101.5089160      MLUPs    847.502071544    
  4  Maxtime , Mintime + JacobiMi , JacobiMa    3.05934789900        3.05933835700        2.95851195300        2.96635609400       Residual    35602.8467978      MLUPs    847.239374393    
  4  Maxtime , Mintime + JacobiMi , JacobiMa    3.05872442400        3.05872152500        2.95829084400        2.96591667200       Residual    21191.9985126      MLUPs    847.412071405    
  4  Maxtime , Mintime + JacobiMi , JacobiMa    3.05827670000        3.05827238300        2.95767344100        2.96543668500       Residual    13837.6573202      MLUPs    847.536130397    
  4  Maxtime , Mintime + JacobiMi , JacobiMa    3.05916378000        3.05915082100        2.95881723000        2.96617195600       Residual    9629.68440473      MLUPs    847.290366389    
  4  Maxtime , Mintime + JacobiMi , JacobiMa    3.05963471200        3.05963101700        2.95883737900        2.96674187000       Residual    7021.58649341      MLUPs    847.159953387    
