# Threadlevel provided:        3 out of        0        1        2        3
  spat_dim , proc_dim, PBC ? 
           1 -Dim Input          600           1 T
           2 -Dim Input         1800           3 T
           3 -Dim Input         4800           8 T
#   0 Process grid   1   3   8
           0           3           2
           2           3           2
           4           3           2
           6           3           2
           8           3           2
          10           3           2
          12           3           2
          14           3           2
          16           3           2
          18           3           2
          20           3           2
          22           3           2
#   0  Allocated 2 arrays with a total of  3490.68      Mbytes 
           1           3           2
           3           3           2
           5           3           2
           7           3           2
           9           3           2
          11           3           2
          13           3           2
          15           3           2
          17           3           2
          19           3           2
          21           3           2
          23           3           2
# StartResidual    0.00000000000    
  4  Maxtime , Mintime + JacobiMi , JacobiMa    1.94869460900        1.94743135100        1.88146984700        1.88758766200       Residual    35039999.9723      MLUPs    2660.24238793    
  4  Maxtime , Mintime + JacobiMi , JacobiMa    1.93937129700        1.93936219100        1.88113749100        1.88762078600       Residual    5833333.33331      MLUPs    2673.03120760    
  4  Maxtime , Mintime + JacobiMi , JacobiMa    1.93912027300        1.93910659900        1.88099271300        1.88701407000       Residual    1242283.95023      MLUPs    2673.37723822    
  4  Maxtime , Mintime + JacobiMi , JacobiMa    1.93935973000        1.93935478800        1.88108103200        1.88772776200       Residual    369084.362069      MLUPs    2673.04715046    
  4  Maxtime , Mintime + JacobiMi , JacobiMa    1.93912803200        1.93912125400        1.88066705100        1.88705382200       Residual    151159.550754      MLUPs    2673.36654128    
  4  Maxtime , Mintime + JacobiMi , JacobiMa    1.93941368900        1.93940608100        1.88132105500        1.88767882500       Residual    77881.2273696      MLUPs    2672.97278007    
  4  Maxtime , Mintime + JacobiMi , JacobiMa    1.93906880600        1.93906349300        1.88075022700        1.88709234400       Residual    46357.4967466      MLUPs    2673.44819532    
  4  Maxtime , Mintime + JacobiMi , JacobiMa    1.93933667700        1.93932655000        1.88108753000        1.88765021900       Residual    30269.8753876      MLUPs    2673.07892512    
  4  Maxtime , Mintime + JacobiMi , JacobiMa    1.93903092100        1.93901539200        1.88112983000        1.88728895400       Residual    21064.9346353      MLUPs    2673.50042944    
  4  Maxtime , Mintime + JacobiMi , JacobiMa    1.93935281100        1.93934355100        1.88107277200        1.88800719200       Residual    15359.7204542      MLUPs    2673.05668705    
