# Threadlevel provided:        3 out of        0        1        2        3
  spat_dim , proc_dim, PBC ? 
           1 -Dim Input         2400           4 T
           2 -Dim Input          600           1 T
           3 -Dim Input          600           1 T
#   0 Process grid   4   1   1
           0           3           2
           3           3           2
           1           3           2
           2           3           2
#   0  Allocated 2 arrays with a total of  3490.68      Mbytes 
# StartResidual    0.00000000000    
  4  Maxtime , Mintime + JacobiMi , JacobiMa    1.93313581000        1.93308926900        1.88263030800        1.88439418200       Residual    9019999.99294      MLUPs    446.942214577    
  4  Maxtime , Mintime + JacobiMi , JacobiMa    1.93187173100        1.93187091300        1.88264315000        1.88468825900       Residual    1500000.00000      MLUPs    447.234661668    
  4  Maxtime , Mintime + JacobiMi , JacobiMa    1.93131739900        1.93131716700        1.88241910500        1.88427062700       Residual    319444.444335      MLUPs    447.363028183    
  4  Maxtime , Mintime + JacobiMi , JacobiMa    1.93160738400        1.93160714200        1.88246346500        1.88451277300       Residual    94907.4073853      MLUPs    447.295867243    
  4  Maxtime , Mintime + JacobiMi , JacobiMa    1.93143627100        1.93143574500        1.88250536100        1.88430575400       Residual    38869.5987666      MLUPs    447.335494819    
  4  Maxtime , Mintime + JacobiMi , JacobiMa    1.93188092500        1.93188044400        1.88262248900        1.88473382600       Residual    20026.6013249      MLUPs    447.232533237    
  4  Maxtime , Mintime + JacobiMi , JacobiMa    1.93144763500        1.93144698100        1.88261123700        1.88431299500       Residual    11920.4991636      MLUPs    447.332862845    
  4  Maxtime , Mintime + JacobiMi , JacobiMa    1.93174119800        1.93174065100        1.88265516200        1.88449656900       Residual    7783.68224251      MLUPs    447.264882529    
  4  Maxtime , Mintime + JacobiMi , JacobiMa    1.93166137000        1.93166074700        1.88251791000        1.88452788100       Residual    5416.69747719      MLUPs    447.283366235    
  4  Maxtime , Mintime + JacobiMi , JacobiMa    1.93178757600        1.93178608700        1.88278964900        1.88469467300       Residual    3949.64240276      MLUPs    447.254144676    
