# Threadlevel provided:        3 out of        0        1        2        3
  spat_dim , proc_dim, PBC ? 
           1 -Dim Input         1800           3 T
           2 -Dim Input         9600          16 T
           3 -Dim Input          600           1 T
#   0 Process grid   3  16   1
           1           3           2
           2           3           2
           3           3           2
           4           3           2
           6           3           2
           7           3           2
           8           3           2
           9           3           2
          10           3           2
          11           3           2
          12           3           2
          14           3           2
          15           3           2
          16           3           2
          17           3           2
          18           3           2
          19           3           2
          20           3           2
          22           3           2
          23           3           2
          24           3           2
          25           3           2
          26           3           2
          27           3           2
          28           3           2
          30           3           2
          31           3           2
          32           3           2
          33           3           2
          34           3           2
          35           3           2
          36           3           2
          38           3           2
          39           3           2
          40           3           2
          41           3           2
          42           3           2
          43           3           2
          44           3           2
          47           3           2
           0           3           2
#   0  Allocated 2 arrays with a total of  3490.68      Mbytes 
          46           3           2
           5           3           2
          13           3           2
          21           3           2
          29           3           2
          37           3           2
          45           3           2
# StartResidual    0.00000000000    
  4  Maxtime , Mintime + JacobiMi , JacobiMa    4.10359420700        4.10314446200        3.81742633800        3.98743500400       Residual    67066666.6135      MLUPs    2526.56560980    
  4  Maxtime , Mintime + JacobiMi , JacobiMa    4.10083680000        4.10082232100        3.81809022300        3.98881442300       Residual    11166666.6666      MLUPs    2528.26447519    
  4  Maxtime , Mintime + JacobiMi , JacobiMa    4.10005697500        4.10003477300        3.81695173100        3.98819286700       Residual    2378086.41904      MLUPs    2528.74534750    
  4  Maxtime , Mintime + JacobiMi , JacobiMa    4.10098451800        4.10096782000        3.81833772100        3.98933316800       Residual    706532.921651      MLUPs    2528.17340677    
  4  Maxtime , Mintime + JacobiMi , JacobiMa    4.10011813700        4.10008947500        3.81753163700        3.98833713300       Residual    289362.568585      MLUPs    2528.70762587    
  4  Maxtime , Mintime + JacobiMi , JacobiMa    4.11463549400        4.11460703300        3.81775937300        4.00783605500       Residual    149086.920966      MLUPs    2519.78577814    
  4  Maxtime , Mintime + JacobiMi , JacobiMa    4.10226722000        4.10224828100        3.81705231700        3.99046323400       Residual    88741.4937712      MLUPs    2527.38289438    
  4  Maxtime , Mintime + JacobiMi , JacobiMa    4.10256336900        4.10253913100        3.81862319600        3.99049564100       Residual    57945.1900284      MLUPs    2527.20045188    
  4  Maxtime , Mintime + JacobiMi , JacobiMa    4.10327256000        4.10325401900        3.81899975300        3.99136570200       Residual    40324.3034450      MLUPs    2526.76366203    
  4  Maxtime , Mintime + JacobiMi , JacobiMa    4.10227726800        4.10225921000        3.81948420400        3.99131376100       Residual    29402.8934412      MLUPs    2527.37670388    
