# Threadlevel provided:        3 out of        0        1        2        3
  spat_dim , proc_dim, PBC ? 
           1 -Dim Input         1800           3 T
           2 -Dim Input         9600          16 T
           3 -Dim Input          600           1 T
#   0 Process grid   3  16   1
           9           3           2
          10           3           2
          12           3           2
          13           3           2
          16           3           2
          17           3           2
          18           3           2
          20           3           2
          25           3           2
          26           3           2
          29           3           2
          32           3           2
          34           3           2
          36           3           2
          37           3           2
          41           3           2
          42           3           2
          44           3           2
          45           3           2
           0           3           2
#   0  Allocated 2 arrays with a total of  3490.68      Mbytes 
           1           3           2
           2           3           2
           4           3           2
           5           3           2
          21           3           2
          28           3           2
          33           3           2
          40           3           2
           8           3           2
           6           3           2
          14           3           2
          22           3           2
          30           3           2
          38           3           2
          46           3           2
          24           3           2
           3           3           2
           7           3           2
          11           3           2
          15           3           2
          19           3           2
          23           3           2
          27           3           2
          31           3           2
          35           3           2
          39           3           2
          43           3           2
          47           3           2
# StartResidual    0.00000000000    
  4  Maxtime , Mintime + JacobiMi , JacobiMa    4.10657308700        4.10618083000        3.81840480800        3.99156173900       Residual    67066666.6135      MLUPs    2524.73285641    
  4  Maxtime , Mintime + JacobiMi , JacobiMa    4.10351356900        4.10350178700        3.81843454200        3.99098288600       Residual    11166666.6666      MLUPs    2526.61525926    
  4  Maxtime , Mintime + JacobiMi , JacobiMa    4.10378707200        4.10376358000        3.81875072000        3.99114715900       Residual    2378086.41904      MLUPs    2526.44686922    
  4  Maxtime , Mintime + JacobiMi , JacobiMa    4.10453315600        4.10451752200        3.81732040000        3.99196844700       Residual    706532.921651      MLUPs    2525.98763512    
  4  Maxtime , Mintime + JacobiMi , JacobiMa    4.10552539200        4.10517689200        3.81895369300        3.99307206400       Residual    289362.568585      MLUPs    2525.37714666    
  4  Maxtime , Mintime + JacobiMi , JacobiMa    4.10608218100        4.10607377900        3.81959288800        3.99337094100       Residual    149086.920966      MLUPs    2525.03470290    
  4  Maxtime , Mintime + JacobiMi , JacobiMa    4.10526934500        4.10524988700        3.81859652600        3.99255627200       Residual    88741.4937712      MLUPs    2525.53465527    
  4  Maxtime , Mintime + JacobiMi , JacobiMa    4.10662285000        4.10660633100        3.81920496400        3.99428834500       Residual    57945.1900284      MLUPs    2524.70226235    
  4  Maxtime , Mintime + JacobiMi , JacobiMa    4.10728126200        4.10726790100        3.82054555500        3.99492941100       Residual    40324.3034450      MLUPs    2524.29754347    
  4  Maxtime , Mintime + JacobiMi , JacobiMa    4.10811522700        4.10809674500        3.82183838800        3.99566363600       Residual    29402.8934412      MLUPs    2523.78510025    
