# Threadlevel provided:        3 out of        0        1        2        3
  spat_dim , proc_dim, PBC ? 
           1 -Dim Input         1800           3 T
           2 -Dim Input         9600          16 T
           3 -Dim Input          600           1 T
#   0 Process grid   3  16   1
           2           3           2
           3           3           2
           5           3           2
           6           3           2
           7           3           2
           8           3           2
           9           3           2
          10           3           2
          11           3           2
          12           3           2
          13           3           2
          14           3           2
          15           3           2
          16           3           2
          17           3           2
          19           3           2
          20           3           2
          22           3           2
          24           3           2
          26           3           2
          27           3           2
          28           3           2
          29           3           2
          30           3           2
          31           3           2
          32           3           2
          34           3           2
          35           3           2
          36           3           2
          38           3           2
          40           3           2
          41           3           2
          42           3           2
          43           3           2
          44           3           2
          45           3           2
          46           3           2
          47           3           2
           0           3           2
#   0  Allocated 2 arrays with a total of  3490.68      Mbytes 
           1           3           2
           4           3           2
          18           3           2
          21           3           2
          23           3           2
          25           3           2
          37           3           2
          33           3           2
          39           3           2
# StartResidual    0.00000000000    
  4  Maxtime , Mintime + JacobiMi , JacobiMa    4.08966976600        4.08920204400        3.81225198900        3.97050064000       Residual    67066666.6135      MLUPs    2535.16801924    
  4  Maxtime , Mintime + JacobiMi , JacobiMa    4.08666712400        4.08665552100        3.81184443500        3.97037137000       Residual    11166666.6666      MLUPs    2537.03071119    
  4  Maxtime , Mintime + JacobiMi , JacobiMa    4.08522307000        4.08519617100        3.81193068600        3.96888875500       Residual    2378086.41904      MLUPs    2537.92750661    
  4  Maxtime , Mintime + JacobiMi , JacobiMa    4.09429571700        4.09427853400        3.81256720500        3.97033144500       Residual    706532.921651      MLUPs    2532.30365285    
  4  Maxtime , Mintime + JacobiMi , JacobiMa    4.08962211100        4.08961406800        3.81159662300        3.97216027800       Residual    289362.568585      MLUPs    2535.19756070    
  4  Maxtime , Mintime + JacobiMi , JacobiMa    4.08873199000        4.08872347700        3.81338745500        3.97256740300       Residual    149086.920966      MLUPs    2535.74947572    
  4  Maxtime , Mintime + JacobiMi , JacobiMa    4.08690780500        4.08689438900        3.81323423100        3.97041678800       Residual    88741.4937712      MLUPs    2536.88130359    
  4  Maxtime , Mintime + JacobiMi , JacobiMa    4.08812917400        4.08811429900        3.81391958900        3.97177728000       Residual    57945.1900284      MLUPs    2536.12338522    
  4  Maxtime , Mintime + JacobiMi , JacobiMa    4.08870110100        4.08869039400        3.81296900900        3.97226065900       Residual    40324.3034450      MLUPs    2535.76863260    
  4  Maxtime , Mintime + JacobiMi , JacobiMa    4.08985714800        4.08984609500        3.81403474300        3.97254824700       Residual    29402.8934412      MLUPs    2535.05186729    
