# Threadlevel provided:        3 out of        0        1        2        3
  spat_dim , proc_dim, PBC ? 
           1 -Dim Input          600           1 T
           2 -Dim Input         1200           2 T
           3 -Dim Input        14400          24 T
#   0 Process grid   1   2  24
          32           3           2
          40           3           2
           0           3           2
#   0  Allocated 2 arrays with a total of  3490.68      Mbytes 
           8           3           2
          16           3           2
          24           3           2
          35           3           2
          39           3           2
          43           3           2
          45           3           2
           1           3           2
           3           3           2
           5           3           2
           7           3           2
          11           3           2
          13           3           2
          17           3           2
          19           3           2
          21           3           2
          23           3           2
          27           3           2
          29           3           2
          37           3           2
           4           3           2
          12           3           2
          15           3           2
          20           3           2
          25           3           2
          28           3           2
          31           3           2
          33           3           2
          36           3           2
          41           3           2
          44           3           2
          47           3           2
           2           3           2
          10           3           2
          14           3           2
          18           3           2
          22           3           2
          26           3           2
          30           3           2
          34           3           2
          38           3           2
          42           3           2
          46           3           2
           6           3           2
           9           3           2
# StartResidual    0.00000000000    
  4  Maxtime , Mintime + JacobiMi , JacobiMa    4.09893849000        4.09859089200        3.81828727500        3.98659692700       Residual    74089999.9415      MLUPs    2529.43537096    
  4  Maxtime , Mintime + JacobiMi , JacobiMa    4.09926398400        4.09925437700        3.81945580600        3.98964554900       Residual    12333333.3333      MLUPs    2529.23452612    
  4  Maxtime , Mintime + JacobiMi , JacobiMa    4.12604645200        4.12601749800        3.81798564800        4.02144156900       Residual    2626543.20908      MLUPs    2512.81708062    
  4  Maxtime , Mintime + JacobiMi , JacobiMa    4.12624813000        4.12622476300        3.81920633500        4.02155125800       Residual    780349.794086      MLUPs    2512.69426204    
  4  Maxtime , Mintime + JacobiMi , JacobiMa    4.12554120200        4.12550561000        3.81849602600        4.02099388200       Residual    319594.478736      MLUPs    2513.12482226    
  4  Maxtime , Mintime + JacobiMi , JacobiMa    4.13626038400        4.13623779600        3.81840278000        4.01916485800       Residual    164663.166438      MLUPs    2506.61202087    
  4  Maxtime , Mintime + JacobiMi , JacobiMa    4.12391357500        4.12389664600        3.81932585800        4.01936453700       Residual    98012.9931215      MLUPs    2514.11670285    
  4  Maxtime , Mintime + JacobiMi , JacobiMa    4.12528406400        4.12525044100        3.82078185500        4.00707965500       Residual    63999.1651054      MLUPs    2513.28147084    
  4  Maxtime , Mintime + JacobiMi , JacobiMa    4.12594058200        4.12591655900        3.81919596100        4.02119794200       Residual    44537.2903724      MLUPs    2512.88155851    
  4  Maxtime , Mintime + JacobiMi , JacobiMa    4.12689905700        4.12687343200        3.82224224100        4.02209274000       Residual    32474.8375318      MLUPs    2512.29794012    
