# Threadlevel provided:        3 out of        0        1        2        3
  spat_dim , proc_dim, PBC ? 
           1 -Dim Input          600           1 T
           2 -Dim Input         7200          12 T
           3 -Dim Input         2400           4 T
#   0 Process grid   1  12   4
          12           3           2
          14           3           2
          16           3           2
          18           3           2
          22           3           2
          26           3           2
          28           3           2
          30           3           2
          32           3           2
          34           3           2
          36           3           2
          38           3           2
          42           3           2
          44           3           2
           0           3           2
#   0  Allocated 2 arrays with a total of  3490.68      Mbytes 
           2           3           2
           4           3           2
           6           3           2
          10           3           2
          20           3           2
           1           3           2
           3           3           2
           5           3           2
           7           3           2
           9           3           2
          11           3           2
          13           3           2
          15           3           2
          19           3           2
          21           3           2
          24           3           2
          25           3           2
          27           3           2
          29           3           2
          33           3           2
          35           3           2
          37           3           2
          39           3           2
          40           3           2
          41           3           2
          43           3           2
          45           3           2
          47           3           2
           8           3           2
          46           3           2
          17           3           2
          31           3           2
          23           3           2
# StartResidual    0.00000000000    
  4  Maxtime , Mintime + JacobiMi , JacobiMa    4.10279738800        4.10244745400        3.81572277400        3.98940492100       Residual    64056666.6158      MLUPs    2527.05630318    
  4  Maxtime , Mintime + JacobiMi , JacobiMa    4.10132212300        4.10129745800        3.81645680900        3.99124585300       Residual    10666666.6666      MLUPs    2527.96529730    
  4  Maxtime , Mintime + JacobiMi , JacobiMa    4.09878807800        4.09876238500        3.81610123800        3.99053807900       Residual    2271604.93759      MLUPs    2529.52819289    
  4  Maxtime , Mintime + JacobiMi , JacobiMa    4.10224636100        4.10222444800        3.81577367100        3.99216970000       Residual    674897.119214      MLUPs    2527.39574555    
  4  Maxtime , Mintime + JacobiMi , JacobiMa    4.10169843700        4.10126663200        3.81538781100        3.99155986500       Residual    276406.035664      MLUPs    2527.73336686    
  4  Maxtime , Mintime + JacobiMi , JacobiMa    4.10364382300        4.10321134000        3.81639137000        3.99330651800       Residual    142411.387188      MLUPs    2526.53506181    
  4  Maxtime , Mintime + JacobiMi , JacobiMa    4.10162170700        4.10160069800        3.81763688100        3.99149226600       Residual    84767.9940506      MLUPs    2527.78065376    
  4  Maxtime , Mintime + JacobiMi , JacobiMa    4.10155254400        4.10153825500        3.81602542200        3.99166707100       Residual    55350.6292802      MLUPs    2527.82327881    
  4  Maxtime , Mintime + JacobiMi , JacobiMa    4.10259192000        4.10257791800        3.81637605100        3.99241052200       Residual    38518.7376189      MLUPs    2527.18286444    
  4  Maxtime , Mintime + JacobiMi , JacobiMa    4.10403097700        4.10400891200        3.81734092300        3.99404346100       Residual    28086.3459730      MLUPs    2526.29672098    
