# Threadlevel provided:        3 out of        0        1        2        3
  spat_dim , proc_dim, PBC ? 
           1 -Dim Input          600           1 T
           2 -Dim Input         7200          12 T
           3 -Dim Input         2400           4 T
#   0 Process grid   1  12   4
          17           3           2
          21           3           2
          22           3           2
          25           3           2
          26           3           2
          27           3           2
          30           3           2
          31           3           2
          32           3           2
          33           3           2
          34           3           2
          35           3           2
          37           3           2
          39           3           2
          41           3           2
          42           3           2
          43           3           2
          45           3           2
          46           3           2
          47           3           2
           0           3           2
#   0  Allocated 2 arrays with a total of  3490.68      Mbytes 
           1           3           2
           2           3           2
           3           3           2
           5           3           2
           6           3           2
           7           3           2
           8           3           2
           9           3           2
          10           3           2
          11           3           2
          13           3           2
          14           3           2
          15           3           2
          16           3           2
          19           3           2
          23           3           2
          24           3           2
          40           3           2
          38           3           2
          29           3           2
          18           3           2
           4           3           2
          12           3           2
          20           3           2
          28           3           2
          36           3           2
          44           3           2
# StartResidual    0.00000000000    
  4  Maxtime , Mintime + JacobiMi , JacobiMa    4.08403909900        4.08391117400        3.80859999300        3.96419804500       Residual    64056666.6158      MLUPs    2538.66325681    
  4  Maxtime , Mintime + JacobiMi , JacobiMa    4.08144920600        4.08143202400        3.80844453700        3.96374563400       Residual    10666666.6666      MLUPs    2540.27417143    
  4  Maxtime , Mintime + JacobiMi , JacobiMa    4.08121122300        4.08119543100        3.80755965300        3.96390487300       Residual    2271604.93759      MLUPs    2540.42229953    
  4  Maxtime , Mintime + JacobiMi , JacobiMa    4.08149178000        4.08146580700        3.80872309900        3.96392007300       Residual    674897.119214      MLUPs    2540.24767385    
  4  Maxtime , Mintime + JacobiMi , JacobiMa    4.08254521400        4.08251859500        3.80825570400        3.96530718300       Residual    276406.035664      MLUPs    2539.59220450    
  4  Maxtime , Mintime + JacobiMi , JacobiMa    4.08173465900        4.08132471300        3.80875388300        3.96396738900       Residual    142411.387188      MLUPs    2540.09651929    
  4  Maxtime , Mintime + JacobiMi , JacobiMa    4.08200906800        4.08198700700        3.80769997900        3.96439219600       Residual    84767.9940506      MLUPs    2539.92576383    
  4  Maxtime , Mintime + JacobiMi , JacobiMa    4.08242002600        4.08240802400        3.80885003900        3.96485683300       Residual    55350.6292802      MLUPs    2539.67008146    
  4  Maxtime , Mintime + JacobiMi , JacobiMa    4.08173244800        4.08170589400        3.80855884500        3.96450238900       Residual    38518.7376189      MLUPs    2540.09789522    
  4  Maxtime , Mintime + JacobiMi , JacobiMa    4.09081997100        4.09079191000        3.80983282300        3.96608132500       Residual    28086.3459730      MLUPs    2534.45521277    
