# Threadlevel provided:        3 out of        0        1        2        3
  spat_dim , proc_dim, PBC ? 
           1 -Dim Input         1800           3 T
           2 -Dim Input         1200           2 T
           3 -Dim Input         1200           2 T
#   0 Process grid   3   2   2
           0           3           2
           3           3           2
           4           3           2
           5           3           2
           6           3           2
           7           3           2
           8           3           2
           9           3           2
          10           3           2
          11           3           2
           1           3           2
           2           3           2
#   0  Allocated 2 arrays with a total of  3490.68      Mbytes 
# StartResidual    0.00000000000    
  4  Maxtime , Mintime + JacobiMi , JacobiMa    1.94016744900        1.93897760700        1.88213436200        1.88857527800       Residual    16023333.3207      MLUPs    1335.96716167    
  4  Maxtime , Mintime + JacobiMi , JacobiMa    1.93827042000        1.93826751400        1.88234859900        1.88882227500       Residual    2666666.66665      MLUPs    1337.27470288    
  4  Maxtime , Mintime + JacobiMi , JacobiMa    1.93801806800        1.93801460400        1.88200939600        1.88853774000       Residual    567901.234394      MLUPs    1337.44883126    
  4  Maxtime , Mintime + JacobiMi , JacobiMa    1.93822762400        1.93821678000        1.88245094400        1.88880334800       Residual    168724.279797      MLUPs    1337.30422986    
  4  Maxtime , Mintime + JacobiMi , JacobiMa    1.93808105400        1.93807341900        1.88212127300        1.88866642200       Residual    69101.5089160      MLUPs    1337.40536530    
  4  Maxtime , Mintime + JacobiMi , JacobiMa    1.93834094600        1.93833764700        1.88229882300        1.88891517200       Residual    35602.8467980      MLUPs    1337.22604651    
  4  Maxtime , Mintime + JacobiMi , JacobiMa    1.93782970600        1.93782577100        1.88196145200        1.88846385600       Residual    21191.9985126      MLUPs    1337.57883470    
  4  Maxtime , Mintime + JacobiMi , JacobiMa    1.93844219200        1.93842791100        1.88228147900        1.88901619000       Residual    13837.6573202      MLUPs    1337.15620239    
  4  Maxtime , Mintime + JacobiMi , JacobiMa    1.93786166000        1.93785688300        1.88202208700        1.88843773200       Residual    9629.68440473      MLUPs    1337.55677895    
  4  Maxtime , Mintime + JacobiMi , JacobiMa    1.93861727900        1.93861143200        1.88233984300        1.88916191300       Residual    7021.58649346      MLUPs    1337.03543659    
