# Threadlevel provided:        3 out of        0        1        2        3
  spat_dim , proc_dim, PBC ? 
           1 -Dim Input         3600           6 T
           2 -Dim Input          600           1 T
           3 -Dim Input         2400           4 T
#   0 Process grid   6   1   4
           0           3           2
          12           3           2
          13           3           2
          14           3           2
          15           3           2
          16           3           2
          17           3           2
          18           3           2
          19           3           2
          20           3           2
          21           3           2
          22           3           2
          23           3           2
#   0  Allocated 2 arrays with a total of  3490.68      Mbytes 
           1           3           2
           2           3           2
           3           3           2
           4           3           2
           5           3           2
           6           3           2
           7           3           2
           8           3           2
           9           3           2
          10           3           2
          11           3           2
# StartResidual    0.00000000000    
  4  Maxtime , Mintime + JacobiMi , JacobiMa    3.05924510800        3.05917454000        2.85287680200        2.96202630000       Residual    34036666.6397      MLUPs    1694.53568347    
  4  Maxtime , Mintime + JacobiMi , JacobiMa    3.05853366100        3.05852865200        2.85126966000        2.96334160300       Residual    5666666.66663      MLUPs    1694.92985024    
  4  Maxtime , Mintime + JacobiMi , JacobiMa    3.05711191000        3.05710604800        2.85248699700        2.96228326400       Residual    1206790.12308      MLUPs    1695.71810016    
  4  Maxtime , Mintime + JacobiMi , JacobiMa    3.05912445500        3.05912028000        2.85037767100        2.96401147200       Residual    358539.094565      MLUPs    1694.60251659    
  4  Maxtime , Mintime + JacobiMi , JacobiMa    3.05699632000        3.05697615600        2.85099480700        2.96158314000       Residual    146840.706446      MLUPs    1695.78221802    
  4  Maxtime , Mintime + JacobiMi , JacobiMa    3.05905340700        3.05903268600        2.85142480400        2.96438919300       Residual    75656.0494459      MLUPs    1694.64187455    
  4  Maxtime , Mintime + JacobiMi , JacobiMa    3.05760551500        3.05759108000        2.85132141800        2.96228132900       Residual    45032.9968392      MLUPs    1695.44435166    
  4  Maxtime , Mintime + JacobiMi , JacobiMa    3.05968066200        3.05966978600        2.85186768000        2.96493977700       Residual    29405.0218055      MLUPs    1694.29446164    
  4  Maxtime , Mintime + JacobiMi , JacobiMa    3.05804203500        3.05803670100        2.85148450300        2.96269283200       Residual    20463.0793599      MLUPs    1695.20233557    
  4  Maxtime , Mintime + JacobiMi , JacobiMa    3.05955300200        3.05953912600        2.85347770100        2.96492980200       Residual    14920.8712987      MLUPs    1694.36515616    
