# Threadlevel provided:        3 out of        0        1        2        3
  spat_dim , proc_dim, PBC ? 
           1 -Dim Input         3600           6 T
           2 -Dim Input          600           1 T
           3 -Dim Input         2400           4 T
#   0 Process grid   6   1   4
           0           3           2
           3           3           2
           4           3           2
           5           3           2
           6           3           2
           7           3           2
           8           3           2
           9           3           2
          10           3           2
          11           3           2
          12           3           2
          13           3           2
          14           3           2
          15           3           2
          16           3           2
          17           3           2
          18           3           2
          19           3           2
          20           3           2
          21           3           2
          22           3           2
          23           3           2
#   0  Allocated 2 arrays with a total of  3490.68      Mbytes 
           1           3           2
           2           3           2
# StartResidual    0.00000000000    
  4  Maxtime , Mintime + JacobiMi , JacobiMa    3.05678697400        3.05672731600        2.85010023400        2.95893794300       Residual    34036666.6397      MLUPs    1695.89835474    
  4  Maxtime , Mintime + JacobiMi , JacobiMa    3.05483040700        3.05481466900        2.85022183800        2.95939689800       Residual    5666666.66663      MLUPs    1696.98454884    
  4  Maxtime , Mintime + JacobiMi , JacobiMa    3.05541679600        3.05541084100        2.85103300200        2.95979132600       Residual    1206790.12308      MLUPs    1696.65886722    
  4  Maxtime , Mintime + JacobiMi , JacobiMa    3.05562938000        3.05562602900        2.84942686200        2.96008445000       Residual    358539.094565      MLUPs    1696.54082852    
  4  Maxtime , Mintime + JacobiMi , JacobiMa    3.05542543000        3.05542273300        2.85074556700        2.95983860600       Residual    146840.706446      MLUPs    1696.65407282    
  4  Maxtime , Mintime + JacobiMi , JacobiMa    3.05576209500        3.05574912600        2.85084285400        2.96015151200       Residual    75656.0494459      MLUPs    1696.46714595    
  4  Maxtime , Mintime + JacobiMi , JacobiMa    3.05548840700        3.05548535300        2.85208318800        2.95984683600       Residual    45032.9968392      MLUPs    1696.61910290    
  4  Maxtime , Mintime + JacobiMi , JacobiMa    3.05673784600        3.05673111700        2.85227260200        2.96132428200       Residual    29405.0218055      MLUPs    1695.92561128    
  4  Maxtime , Mintime + JacobiMi , JacobiMa    3.05701865900        3.05701486700        2.85188692100        2.96139608300       Residual    20463.0793599      MLUPs    1695.76982618    
  4  Maxtime , Mintime + JacobiMi , JacobiMa    3.05576904800        3.05576632400        2.85399901100        2.96139327500       Residual    14920.8712987      MLUPs    1696.46328586    
