# Threadlevel provided:        3 out of        0        1        2        3
  spat_dim , proc_dim, PBC ? 
           1 -Dim Input         1800           3 T
           2 -Dim Input         1200           2 T
           3 -Dim Input         1200           2 T
#   0 Process grid   3   2   2
           0           3           2
           2           3           2
           4           3           2
           6           3           2
           8           3           2
          10           3           2
#   0  Allocated 2 arrays with a total of  3490.68      Mbytes 
           1           3           2
           3           3           2
           5           3           2
           7           3           2
           9           3           2
          11           3           2
# StartResidual    0.00000000000    
  4  Maxtime , Mintime + JacobiMi , JacobiMa    2.89122583200        2.89117214500        2.73083604300        2.80312402200       Residual    16023333.3207      MLUPs    896.505548377    
  4  Maxtime , Mintime + JacobiMi , JacobiMa    2.89045088100        2.89044382200        2.73104547300        2.80453891100       Residual    2666666.66665      MLUPs    896.745908065    
  4  Maxtime , Mintime + JacobiMi , JacobiMa    2.88989867000        2.88989331800        2.73071458200        2.80409758500       Residual    567901.234394      MLUPs    896.917261116    
  4  Maxtime , Mintime + JacobiMi , JacobiMa    2.89056153900        2.89054690500        2.73047622600        2.80471163300       Residual    168724.279797      MLUPs    896.711578366    
  4  Maxtime , Mintime + JacobiMi , JacobiMa    2.89103671200        2.89102122400        2.73085951300        2.80522934600       Residual    69101.5089160      MLUPs    896.564194166    
  4  Maxtime , Mintime + JacobiMi , JacobiMa    2.89050655800        2.89050243600        2.73163729900        2.80466160100       Residual    35602.8467980      MLUPs    896.728634926    
  4  Maxtime , Mintime + JacobiMi , JacobiMa    2.89072358500        2.89071933200        2.73162406200        2.80488873100       Residual    21191.9985126      MLUPs    896.661311185    
  4  Maxtime , Mintime + JacobiMi , JacobiMa    2.89114903500        2.89114345200        2.73181301200        2.80526241800       Residual    13837.6573202      MLUPs    896.529362071    
  4  Maxtime , Mintime + JacobiMi , JacobiMa    2.89107968100        2.89107024400        2.73152453400        2.80526470700       Residual    9629.68440473      MLUPs    896.550868879    
  4  Maxtime , Mintime + JacobiMi , JacobiMa    2.89141243800        2.89140793000        2.73210848100        2.80553223300       Residual    7021.58649346      MLUPs    896.447689695    
