# Threadlevel provided:        3 out of        0        1        2        3
  spat_dim , proc_dim, PBC ? 
           1 -Dim Input         1800           3 T
           2 -Dim Input         1200           2 T
           3 -Dim Input         1200           2 T
#   0 Process grid   3   2   2
           6           3           2
           7           3           2
           8           3           2
           9           3           2
          10           3           2
          11           3           2
           0           3           2
#   0  Allocated 2 arrays with a total of  3490.68      Mbytes 
           1           3           2
           2           3           2
           3           3           2
           4           3           2
           5           3           2
# StartResidual    0.00000000000    
  4  Maxtime , Mintime + JacobiMi , JacobiMa    2.89037087900        2.89031529400        2.72926215600        2.80217381200       Residual    16023333.3207      MLUPs    896.770728917    
  4  Maxtime , Mintime + JacobiMi , JacobiMa    2.88853371900        2.88852683800        2.72873258800        2.80270599200       Residual    2666666.66665      MLUPs    897.341091416    
  4  Maxtime , Mintime + JacobiMi , JacobiMa    2.88794421000        2.88794059800        2.72789194900        2.80210660000       Residual    567901.234394      MLUPs    897.524263462    
  4  Maxtime , Mintime + JacobiMi , JacobiMa    2.88852494600        2.88850888300        2.72890463100        2.80266964400       Residual    168724.279797      MLUPs    897.343816812    
  4  Maxtime , Mintime + JacobiMi , JacobiMa    2.88754429300        2.88754035200        2.72904762700        2.80177349200       Residual    69101.5089160      MLUPs    897.648568122    
  4  Maxtime , Mintime + JacobiMi , JacobiMa    2.88790735900        2.88789197500        2.72909018700        2.80206687800       Residual    35602.8467980      MLUPs    897.535716276    
  4  Maxtime , Mintime + JacobiMi , JacobiMa    2.88754191200        2.88753926800        2.72950233000        2.80173366100       Residual    21191.9985126      MLUPs    897.649308302    
  4  Maxtime , Mintime + JacobiMi , JacobiMa    2.88851451200        2.88850993700        2.72869789900        2.80279830600       Residual    13837.6573202      MLUPs    897.347058231    
  4  Maxtime , Mintime + JacobiMi , JacobiMa    2.88959674300        2.88959067300        2.72880886000        2.80385232300       Residual    9629.68440473      MLUPs    897.010977839    
  4  Maxtime , Mintime + JacobiMi , JacobiMa    2.88894417500        2.88894055300        2.72884819300        2.80320783200       Residual    7021.58649346      MLUPs    897.213598806    
