# Threadlevel provided:        3 out of        0        1        2        3
  spat_dim , proc_dim, PBC ? 
           1 -Dim Input          600           1 T
           2 -Dim Input         2400           4 T
           3 -Dim Input         7200          12 T
#   0 Process grid   1   4  12
           9           3           2
          11           3           2
          12           3           2
          14           3           2
          17           3           2
          18           3           2
          21           3           2
          22           3           2
          23           3           2
          24           3           2
          27           3           2
          28           3           2
          29           3           2
          30           3           2
          34           3           2
          35           3           2
          36           3           2
          37           3           2
          39           3           2
          43           3           2
          44           3           2
          45           3           2
          46           3           2
          47           3           2
           0           3           2
#   0  Allocated 2 arrays with a total of  3490.68      Mbytes 
           1           3           2
           2           3           2
           3           3           2
           4           3           2
           5           3           2
           6           3           2
           7           3           2
           8           3           2
          13           3           2
          15           3           2
          16           3           2
          20           3           2
          31           3           2
          33           3           2
          25           3           2
          41           3           2
          19           3           2
          38           3           2
          40           3           2
          32           3           2
          10           3           2
          26           3           2
          42           3           2
# StartResidual    0.00000000000    
  4  Maxtime , Mintime + JacobiMi , JacobiMa    4.10202362700        4.10190155600        3.82024973000        3.99049268900       Residual    64056666.6158      MLUPs    2527.53297952    
  4  Maxtime , Mintime + JacobiMi , JacobiMa    4.09910065200        4.09908444100        3.82140519200        3.99013629300       Residual    10666666.6666      MLUPs    2529.33530552    
  4  Maxtime , Mintime + JacobiMi , JacobiMa    4.09798581000        4.09795480600        3.81941492300        3.98966247200       Residual    2271604.93759      MLUPs    2530.02340191    
  4  Maxtime , Mintime + JacobiMi , JacobiMa    4.10065763400        4.10064958000        3.81988747900        3.98938377300       Residual    674897.119214      MLUPs    2528.37494016    
  4  Maxtime , Mintime + JacobiMi , JacobiMa    4.12649444000        4.12613952400        3.82039511100        4.02374116300       Residual    276406.035664      MLUPs    2512.54427959    
  4  Maxtime , Mintime + JacobiMi , JacobiMa    4.12717397900        4.12713895500        3.82073047300        4.02441110400       Residual    142411.387188      MLUPs    2512.13058930    
  4  Maxtime , Mintime + JacobiMi , JacobiMa    4.10865616100        4.10863736000        3.82073685900        4.00202782000       Residual    84767.9940506      MLUPs    2523.45282587    
  4  Maxtime , Mintime + JacobiMi , JacobiMa    4.11660070000        4.11658142800        3.82057535700        4.01255715800       Residual    55350.6292802      MLUPs    2518.58286863    
  4  Maxtime , Mintime + JacobiMi , JacobiMa    4.12744475800        4.12743175900        3.82166172500        4.02466670000       Residual    38518.7376189      MLUPs    2511.96578220    
  4  Maxtime , Mintime + JacobiMi , JacobiMa    4.12991901400        4.12991101300        3.82194220200        4.02807565600       Residual    28086.3459730      MLUPs    2510.46085041    
