# Threadlevel provided:        3 out of        0        1        2        3
  spat_dim , proc_dim, PBC ? 
           1 -Dim Input          600           1 T
           2 -Dim Input         2400           4 T
           3 -Dim Input         7200          12 T
#   0 Process grid   1   4  12
           3           3           2
           4           3           2
           5           3           2
           6           3           2
           7           3           2
           8           3           2
           9           3           2
          10           3           2
          11           3           2
          12           3           2
          13           3           2
          14           3           2
          15           3           2
          16           3           2
          17           3           2
          19           3           2
          20           3           2
          21           3           2
          22           3           2
          23           3           2
          24           3           2
          25           3           2
          26           3           2
          27           3           2
          29           3           2
          30           3           2
          31           3           2
          33           3           2
          34           3           2
          35           3           2
          36           3           2
          37           3           2
          38           3           2
          39           3           2
          40           3           2
          41           3           2
          42           3           2
          43           3           2
          44           3           2
          45           3           2
          46           3           2
          47           3           2
           0           3           2
#   0  Allocated 2 arrays with a total of  3490.68      Mbytes 
           1           3           2
           2           3           2
          32           3           2
          28           3           2
          18           3           2
# StartResidual    0.00000000000    
  4  Maxtime , Mintime + JacobiMi , JacobiMa    4.10054798800        4.10013583500        3.81996445600        3.98752304500       Residual    64056666.6158      MLUPs    2528.44254727    
  4  Maxtime , Mintime + JacobiMi , JacobiMa    4.16025088300        4.14944241700        3.82000889100        4.06068979500       Residual    10666666.6666      MLUPs    2492.15739425    
  4  Maxtime , Mintime + JacobiMi , JacobiMa    4.13063363000        4.13059747500        3.81910958300        4.02997335900       Residual    2271604.93759      MLUPs    2510.02653072    
  4  Maxtime , Mintime + JacobiMi , JacobiMa    4.13356950300        4.13355351200        3.82005741400        4.03294283500       Residual    674897.119214      MLUPs    2508.24378119    
  4  Maxtime , Mintime + JacobiMi , JacobiMa    4.09335023000        4.09332669700        3.82007935500        3.98031746300       Residual    276406.035664      MLUPs    2532.88856742    
  4  Maxtime , Mintime + JacobiMi , JacobiMa    4.13390927100        4.13389461300        3.82012580800        4.03282528300       Residual    142411.387188      MLUPs    2508.03762742    
  4  Maxtime , Mintime + JacobiMi , JacobiMa    4.13277792500        4.13276016800        3.82024399900        4.03169592000       Residual    84767.9940506      MLUPs    2508.72420153    
  4  Maxtime , Mintime + JacobiMi , JacobiMa    4.13397814200        4.13395675000        3.82083824100        4.03288472900       Residual    55350.6292802      MLUPs    2507.99584416    
  4  Maxtime , Mintime + JacobiMi , JacobiMa    4.13187519500        4.13185586600        3.82117105300        4.03049214400       Residual    38518.7376189      MLUPs    2509.27230632    
  4  Maxtime , Mintime + JacobiMi , JacobiMa    4.13366658900        4.13364912600        3.82209249000        4.03235912900       Residual    28086.3459730      MLUPs    2508.18487093    
