# Threadlevel provided:        3 out of        0        1        2        3
  spat_dim , proc_dim, PBC ? 
           1 -Dim Input         1200           2 T
           2 -Dim Input         1200           2 T
           3 -Dim Input          600           1 T
#   0 Process grid   2   2   1
           0           3           2
           2           3           2
           3           3           2
           1           3           2
#   0  Allocated 2 arrays with a total of  3490.68      Mbytes 
# StartResidual    0.00000000000    
  4  Maxtime , Mintime + JacobiMi , JacobiMa    1.94956670500        1.94955830100        1.88588295700        1.90107496000       Residual    8016666.66038      MLUPs    443.175397787    
  4  Maxtime , Mintime + JacobiMi , JacobiMa    1.94723063000        1.94723009000        1.88570552500        1.90076938400       Residual    1333333.33333      MLUPs    443.707071309    
  4  Maxtime , Mintime + JacobiMi , JacobiMa    1.94752729000        1.94752671500        1.88587160200        1.90094242800       Residual    283950.617189      MLUPs    443.639482967    
  4  Maxtime , Mintime + JacobiMi , JacobiMa    1.94741973500        1.94741934400        1.88582357900        1.90087254300       Residual    84362.1398990      MLUPs    443.663984950    
  4  Maxtime , Mintime + JacobiMi , JacobiMa    1.94738729000        1.94738639500        1.88574075800        1.90082266900       Residual    34550.7544587      MLUPs    443.671376740    
  4  Maxtime , Mintime + JacobiMi , JacobiMa    1.94731481100        1.94731463100        1.88584639500        1.90076966400       Residual    17801.4233996      MLUPs    443.687890175    
  4  Maxtime , Mintime + JacobiMi , JacobiMa    1.94758944500        1.94758875400        1.88583892900        1.90108948200       Residual    10595.9992565      MLUPs    443.625324741    
  4  Maxtime , Mintime + JacobiMi , JacobiMa    1.94712933800        1.94712878700        1.88573717000        1.90061188500       Residual    6918.82866006      MLUPs    443.730153482    
  4  Maxtime , Mintime + JacobiMi , JacobiMa    1.94741932100        1.94741840600        1.88587197400        1.90088335400       Residual    4814.84220210      MLUPs    443.664079268    
  4  Maxtime , Mintime + JacobiMi , JacobiMa    1.94778869700        1.94778720600        1.88578642300        1.90126838900       Residual    3510.79324689      MLUPs    443.579943415    
