# Threadlevel provided:        3 out of        0        1        2        3
  spat_dim , proc_dim, PBC ? 
           1 -Dim Input         2400           4 T
           2 -Dim Input         7200          12 T
           3 -Dim Input          600           1 T
#   0 Process grid   4  12   1
           7           3           2
           8           3           2
           9           3           2
          10           3           2
          11           3           2
          13           3           2
          14           3           2
          15           3           2
          16           3           2
          17           3           2
          18           3           2
          21           3           2
          22           3           2
          23           3           2
          24           3           2
          25           3           2
          26           3           2
          27           3           2
          29           3           2
          30           3           2
          31           3           2
          32           3           2
          33           3           2
          34           3           2
          35           3           2
          37           3           2
          38           3           2
          40           3           2
          41           3           2
          43           3           2
          45           3           2
          46           3           2
          47           3           2
           0           3           2
#   0  Allocated 2 arrays with a total of  3490.68      Mbytes 
           1           3           2
           2           3           2
           3           3           2
           5           3           2
           6           3           2
          39           3           2
          42           3           2
          12           3           2
          19           3           2
          20           3           2
          28           3           2
          36           3           2
          44           3           2
           4           3           2
# StartResidual    0.00000000000    
  4  Maxtime , Mintime + JacobiMi , JacobiMa    4.10498450100        4.10459743500        3.82008053800        3.98947769800       Residual    64056666.6158      MLUPs    2525.70990158    
  4  Maxtime , Mintime + JacobiMi , JacobiMa    4.10250054900        4.10246142200        3.82011733800        3.99133403800       Residual    10666666.6666      MLUPs    2527.23914992    
  4  Maxtime , Mintime + JacobiMi , JacobiMa    4.10630691300        4.10628057900        3.81925933500        3.99431109300       Residual    2271604.93758      MLUPs    2524.89651155    
  4  Maxtime , Mintime + JacobiMi , JacobiMa    4.10213015900        4.10211016400        3.82083546700        3.99104246800       Residual    674897.119184      MLUPs    2527.46733968    
  4  Maxtime , Mintime + JacobiMi , JacobiMa    4.12134359800        4.12131618400        3.82088264500        3.99183558500       Residual    276406.035663      MLUPs    2515.68444937    
  4  Maxtime , Mintime + JacobiMi , JacobiMa    4.10784706200        4.10781767800        3.82152132300        3.99585887200       Residual    142411.387191      MLUPs    2523.94985585    
  4  Maxtime , Mintime + JacobiMi , JacobiMa    4.10120748800        4.10117715400        3.82031819400        3.99009966900       Residual    84767.9940501      MLUPs    2528.03595778    
  4  Maxtime , Mintime + JacobiMi , JacobiMa    4.10228918900        4.10226937000        3.82087557100        3.99119876800       Residual    55350.6292809      MLUPs    2527.36935948    
  4  Maxtime , Mintime + JacobiMi , JacobiMa    4.11026615000        4.11023290200        3.82217725600        3.99796372600       Residual    38518.7376190      MLUPs    2522.46439078    
  4  Maxtime , Mintime + JacobiMi , JacobiMa    4.10531891300        4.10528237500        3.82110501600        3.99409104400       Residual    28086.3459737      MLUPs    2525.50416173    
