# Threadlevel provided:        3 out of        0        1        2        3
  spat_dim , proc_dim, PBC ? 
           1 -Dim Input         2400           4 T
           2 -Dim Input         7200          12 T
           3 -Dim Input          600           1 T
#   0 Process grid   4  12   1
           6           3           2
           8           3           2
           9           3           2
          12           3           2
          13           3           2
          14           3           2
          16           3           2
          17           3           2
          18           3           2
          20           3           2
          21           3           2
          22           3           2
          24           3           2
          28           3           2
          29           3           2
          30           3           2
          32           3           2
          33           3           2
          34           3           2
          36           3           2
          37           3           2
          38           3           2
          40           3           2
          41           3           2
          44           3           2
          45           3           2
          46           3           2
           0           3           2
           1           3           2
           2           3           2
           4           3           2
           5           3           2
          10           3           2
          26           3           2
          42           3           2
#   0  Allocated 2 arrays with a total of  3490.68      Mbytes 
           3           3           2
           7           3           2
          11           3           2
          15           3           2
          19           3           2
          23           3           2
          27           3           2
          31           3           2
          35           3           2
          39           3           2
          43           3           2
          47           3           2
          25           3           2
# StartResidual    0.00000000000    
  4  Maxtime , Mintime + JacobiMi , JacobiMa    4.07549131000        4.07536250700        3.80224717000        3.94937549500       Residual    64056666.6158      MLUPs    2543.98775788    
  4  Maxtime , Mintime + JacobiMi , JacobiMa    4.07423905400        4.07422611700        3.80346931100        3.95155389800       Residual    10666666.6666      MLUPs    2544.76967664    
  4  Maxtime , Mintime + JacobiMi , JacobiMa    4.07321925600        4.07319619500        3.80214670900        3.95050350900       Residual    2271604.93758      MLUPs    2545.40680194    
  4  Maxtime , Mintime + JacobiMi , JacobiMa    4.07942284500        4.07939325300        3.80562867200        3.95193910000       Residual    674897.119184      MLUPs    2541.53599515    
  4  Maxtime , Mintime + JacobiMi , JacobiMa    4.07433733300        4.07390863200        3.80323004700        3.95168666500       Residual    276406.035663      MLUPs    2544.70829306    
  4  Maxtime , Mintime + JacobiMi , JacobiMa    4.07419957100        4.07417687100        3.80338765400        3.95162330600       Residual    142411.387191      MLUPs    2544.79433796    
  4  Maxtime , Mintime + JacobiMi , JacobiMa    4.07273777500        4.07271610800        3.80331932600        3.94959861600       Residual    84767.9940501      MLUPs    2545.70772114    
  4  Maxtime , Mintime + JacobiMi , JacobiMa    4.07514785400        4.07513269800        3.80305585500        3.95260077900       Residual    55350.6292809      MLUPs    2544.20216676    
  4  Maxtime , Mintime + JacobiMi , JacobiMa    4.07451450000        4.07449660500        3.80500439900        3.95193045200       Residual    38518.7376190      MLUPs    2544.59764470    
  4  Maxtime , Mintime + JacobiMi , JacobiMa    4.07520003300        4.07517471800        3.80423148000        3.95204188400       Residual    28086.3459737      MLUPs    2544.16959071    
