# Threadlevel provided:        3 out of        0        1        2        3
  spat_dim , proc_dim, PBC ? 
           1 -Dim Input         2400           4 T
           2 -Dim Input         7200          12 T
           3 -Dim Input          600           1 T
#   0 Process grid   4  12   1
           6           3           2
           7           3           2
           8           3           2
          11           3           2
          12           3           2
          13           3           2
          14           3           2
          15           3           2
          16           3           2
          17           3           2
          18           3           2
          19           3           2
          20           3           2
          21           3           2
          22           3           2
          23           3           2
          24           3           2
          26           3           2
          27           3           2
          28           3           2
          29           3           2
          31           3           2
          32           3           2
          33           3           2
          34           3           2
          35           3           2
          36           3           2
          38           3           2
          39           3           2
          42           3           2
          43           3           2
          44           3           2
          45           3           2
          46           3           2
          47           3           2
           0           3           2
           1           3           2
           2           3           2
           3           3           2
           4           3           2
           5           3           2
          40           3           2
          10           3           2
          25           3           2
          30           3           2
#   0  Allocated 2 arrays with a total of  3490.68      Mbytes 
           9           3           2
          37           3           2
          41           3           2
# StartResidual    0.00000000000    
  4  Maxtime , Mintime + JacobiMi , JacobiMa    4.06947461200        4.06932974400        3.80123533700        3.93803551300       Residual    64056666.6158      MLUPs    2547.74903115    
  4  Maxtime , Mintime + JacobiMi , JacobiMa    4.06710423900        4.06674539300        3.80123089200        3.93692102400       Residual    10666666.6666      MLUPs    2549.23389978    
  4  Maxtime , Mintime + JacobiMi , JacobiMa    4.06898773300        4.06896810200        3.80020604900        3.93959558800       Residual    2271604.93758      MLUPs    2548.05388473    
  4  Maxtime , Mintime + JacobiMi , JacobiMa    4.06950292800        4.06946750700        3.80034927100        3.94014534000       Residual    674897.119184      MLUPs    2547.73130366    
  4  Maxtime , Mintime + JacobiMi , JacobiMa    4.07314688300        4.07277598700        3.80159148200        3.93901389000       Residual    276406.035663      MLUPs    2545.45202955    
  4  Maxtime , Mintime + JacobiMi , JacobiMa    4.07137576400        4.07135595800        3.80162037300        3.93858183200       Residual    142411.387191      MLUPs    2546.55934529    
  4  Maxtime , Mintime + JacobiMi , JacobiMa    4.06772291400        4.06770836500        3.80097099500        3.93835934900       Residual    84767.9940501      MLUPs    2548.84617738    
  4  Maxtime , Mintime + JacobiMi , JacobiMa    4.06952281100        4.06950415200        3.80043231200        3.94102424100       Residual    55350.6292809      MLUPs    2547.71885588    
  4  Maxtime , Mintime + JacobiMi , JacobiMa    4.06798031900        4.06796371800        3.80014738600        3.93821937900       Residual    38518.7376190      MLUPs    2548.68489692    
  4  Maxtime , Mintime + JacobiMi , JacobiMa    4.06920124400        4.06919328800        3.80185797800        3.94205326600       Residual    28086.3459737      MLUPs    2547.92018834    
