# Threadlevel provided:        3 out of        0        1        2        3
  spat_dim , proc_dim, PBC ? 
           1 -Dim Input         1200           2 T
           2 -Dim Input         3600           6 T
           3 -Dim Input         1200           2 T
#   0 Process grid   2   6   2
           2           3           2
           3           3           2
           4           3           2
           5           3           2
           6           3           2
           7           3           2
           8           3           2
           9           3           2
          10           3           2
          11           3           2
          12           3           2
          13           3           2
          14           3           2
          15           3           2
          16           3           2
          17           3           2
          18           3           2
          19           3           2
          20           3           2
          21           3           2
          22           3           2
          23           3           2
           0           3           2
#   0  Allocated 2 arrays with a total of  3490.68      Mbytes 
           1           3           2
# StartResidual    0.00000000000    
  4  Maxtime , Mintime + JacobiMi , JacobiMa    3.05945105300        3.05910292800        2.85021688200        2.96128624800       Residual    28033333.3112      MLUPs    1694.42161688    
  4  Maxtime , Mintime + JacobiMi , JacobiMa    3.05721380300        3.05720878000        2.85138919400        2.96201197500       Residual    4666666.66664      MLUPs    1695.66158406    
  4  Maxtime , Mintime + JacobiMi , JacobiMa    3.05743367200        3.05742884100        2.85180483300        2.96157143400       Residual    993827.160193      MLUPs    1695.53964407    
  4  Maxtime , Mintime + JacobiMi , JacobiMa    3.05845544000        3.05844260200        2.85056904100        2.96333088100       Residual    295267.489648      MLUPs    1694.97319863    
  4  Maxtime , Mintime + JacobiMi , JacobiMa    3.05868450700        3.05868038800        2.85035304700        2.96343031800       Residual    120927.640602      MLUPs    1694.84626091    
  4  Maxtime , Mintime + JacobiMi , JacobiMa    3.05714993000        3.05714645900        2.85015493700        2.96165298200       Residual    62304.9818958      MLUPs    1695.69701150    
  4  Maxtime , Mintime + JacobiMi , JacobiMa    3.05864016300        3.05862925500        2.84966135100        2.96359695900       Residual    37085.9973970      MLUPs    1694.87083270    
  4  Maxtime , Mintime + JacobiMi , JacobiMa    3.05730389700        3.05729423000        2.85129697100        2.96173778100       Residual    24215.9003103      MLUPs    1695.61161554    
  4  Maxtime , Mintime + JacobiMi , JacobiMa    3.05855873900        3.05853115200        2.85130577800        2.96346506600       Residual    16851.9477083      MLUPs    1694.91595303    
  4  Maxtime , Mintime + JacobiMi , JacobiMa    3.05754327100        3.05753937800        2.85024356100        2.96176938700       Residual    12287.7763634      MLUPs    1695.47886670    
