# Threadlevel provided:        3 out of        0        1        2        3
  spat_dim , proc_dim, PBC ? 
           1 -Dim Input         9600          16 T
           2 -Dim Input          600           1 T
           3 -Dim Input         1800           3 T
#   0 Process grid  16   1   3
           2           3           2
           4           3           2
           6           3           2
           8           3           2
          10           3           2
          14           3           2
          16           3           2
          18           3           2
          20           3           2
          22           3           2
          24           3           2
          26           3           2
          28           3           2
          30           3           2
          32           3           2
          34           3           2
          36           3           2
          38           3           2
          40           3           2
          42           3           2
          44           3           2
          46           3           2
           0           3           2
#   0  Allocated 2 arrays with a total of  3490.68      Mbytes 
          12           3           2
           1           3           2
           3           3           2
           5           3           2
           7           3           2
           9           3           2
          11           3           2
          13           3           2
          15           3           2
          17           3           2
          19           3           2
          21           3           2
          25           3           2
          27           3           2
          29           3           2
          31           3           2
          33           3           2
          35           3           2
          37           3           2
          39           3           2
          41           3           2
          43           3           2
          45           3           2
          47           3           2
          23           3           2
# StartResidual    0.00000000000    
  4  Maxtime , Mintime + JacobiMi , JacobiMa    2.02516104700        2.02409038300        1.88392064500        1.91949315200       Residual    67066666.6135      MLUPs    5119.59284194    
  4  Maxtime , Mintime + JacobiMi , JacobiMa    1.96858425600        1.96734560800        1.88503322000        1.91419047700       Residual    11166666.6666      MLUPs    5266.72910667    
  4  Maxtime , Mintime + JacobiMi , JacobiMa    1.96869997400        1.96867702300        1.88696307200        1.91513294300       Residual    2378086.41902      MLUPs    5266.41953417    
  4  Maxtime , Mintime + JacobiMi , JacobiMa    1.97016853200        1.97016147200        1.88640022800        1.91686048500       Residual    706532.921637      MLUPs    5262.49396009    
  4  Maxtime , Mintime + JacobiMi , JacobiMa    1.96807556000        1.96806711200        1.88618644400        1.91476436500       Residual    289362.568584      MLUPs    5268.09041824    
  4  Maxtime , Mintime + JacobiMi , JacobiMa    1.96841241800        1.96521930300        1.88521986100        1.91560052700       Residual    149086.920966      MLUPs    5267.18888033    
  4  Maxtime , Mintime + JacobiMi , JacobiMa    1.97168113500        1.97166562500        1.88474844700        1.91668261200       Residual    88741.4937712      MLUPs    5258.45676360    
  4  Maxtime , Mintime + JacobiMi , JacobiMa    1.96768438500        1.96767841800        1.88519285600        1.91405729800       Residual    57945.1900286      MLUPs    5269.13771286    
  4  Maxtime , Mintime + JacobiMi , JacobiMa    1.97614013200        1.97612983000        1.88469895200        1.92424852300       Residual    40324.3034448      MLUPs    5246.59149020    
  4  Maxtime , Mintime + JacobiMi , JacobiMa    1.96873161700        1.96871775800        1.88254088000        1.91548533900       Residual    29402.8934415      MLUPs    5266.33488814    
