# Threadlevel provided:        3 out of        0        1        2        3
  spat_dim , proc_dim, PBC ? 
           1 -Dim Input         3600           6 T
           2 -Dim Input         1200           2 T
           3 -Dim Input         2400           4 T
#   0 Process grid   6   2   4
          24           3           2
          26           3           2
          28           3           2
          30           3           2
          32           3           2
          34           3           2
          36           3           2
          38           3           2
          40           3           2
          42           3           2
          44           3           2
          46           3           2
           0           3           2
#   0  Allocated 2 arrays with a total of  3490.68      Mbytes 
           2           3           2
           4           3           2
           6           3           2
           8           3           2
          10           3           2
          12           3           2
          14           3           2
          16           3           2
          18           3           2
          20           3           2
          22           3           2
           1           3           2
           3           3           2
           5           3           2
           7           3           2
           9           3           2
          11           3           2
          13           3           2
          15           3           2
          17           3           2
          19           3           2
          21           3           2
          23           3           2
          25           3           2
          27           3           2
          29           3           2
          31           3           2
          33           3           2
          35           3           2
          37           3           2
          39           3           2
          41           3           2
          43           3           2
          45           3           2
          47           3           2
# StartResidual    0.00000000000    
  4  Maxtime , Mintime + JacobiMi , JacobiMa    1.99524896600        1.99109637800        1.88423736800        1.92569721800       Residual    44039999.9650      MLUPs    5196.34400352    
  4  Maxtime , Mintime + JacobiMi , JacobiMa    1.98405153100        1.98403938300        1.88489857100        1.92707139100       Residual    7333333.33329      MLUPs    5225.67072377    
  4  Maxtime , Mintime + JacobiMi , JacobiMa    1.98013115600        1.98011591200        1.88459281300        1.92353487100       Residual    1561728.39458      MLUPs    5236.01680050    
  4  Maxtime , Mintime + JacobiMi , JacobiMa    1.97963761100        1.97962912100        1.88507172900        1.92300980100       Residual    463991.769434      MLUPs    5237.32219594    
  4  Maxtime , Mintime + JacobiMi , JacobiMa    1.98523057500        1.98521184200        1.88388978700        1.92823708700       Residual    190029.149518      MLUPs    5222.56715697    
  4  Maxtime , Mintime + JacobiMi , JacobiMa    1.98112282600        1.98109976200        1.88533340700        1.92386459400       Residual    97907.8286944      MLUPs    5233.39586215    
  4  Maxtime , Mintime + JacobiMi , JacobiMa    1.98225835500        1.98224622100        1.88562398300        1.92515835300       Residual    58277.9959096      MLUPs    5230.39793166    
  4  Maxtime , Mintime + JacobiMi , JacobiMa    1.98134764400        1.98133506300        1.88506829200        1.92432176900       Residual    38053.5576307      MLUPs    5232.80204329    
  4  Maxtime , Mintime + JacobiMi , JacobiMa    1.98372891400        1.98371899000        1.88615838400        1.92651671800       Residual    26481.6321129      MLUPs    5226.52058294    
  4  Maxtime , Mintime + JacobiMi , JacobiMa    1.98268375500        1.98267383000        1.88527676100        1.92479448900       Residual    19309.3628569      MLUPs    5229.27570968    
