# Threadlevel provided:        3 out of        0        1        2        3
  spat_dim , proc_dim, PBC ? 
           1 -Dim Input         3600           6 T
           2 -Dim Input         1200           2 T
           3 -Dim Input         2400           4 T
#   0 Process grid   6   2   4
          24           3           2
          26           3           2
          28           3           2
          30           3           2
          32           3           2
          34           3           2
          36           3           2
          38           3           2
          40           3           2
          42           3           2
          44           3           2
          46           3           2
           0           3           2
#   0  Allocated 2 arrays with a total of  3490.68      Mbytes 
           2           3           2
           4           3           2
           6           3           2
           8           3           2
          10           3           2
          12           3           2
          14           3           2
          16           3           2
          18           3           2
          20           3           2
          22           3           2
           1           3           2
           3           3           2
           9           3           2
          11           3           2
          13           3           2
          15           3           2
          17           3           2
          19           3           2
          21           3           2
          23           3           2
          25           3           2
          27           3           2
          29           3           2
          31           3           2
          33           3           2
          35           3           2
          37           3           2
          39           3           2
          41           3           2
          43           3           2
          47           3           2
           5           3           2
           7           3           2
          45           3           2
# StartResidual    0.00000000000    
  4  Maxtime , Mintime + JacobiMi , JacobiMa    2.00879238300        2.00770639900        1.88460400900        1.92977061200       Residual    44039999.9650      MLUPs    5161.30989332    
  4  Maxtime , Mintime + JacobiMi , JacobiMa    1.98278783400        1.98261164000        1.88430085700        1.92452905100       Residual    7333333.33329      MLUPs    5229.00121849    
  4  Maxtime , Mintime + JacobiMi , JacobiMa    1.98000854000        1.97999428400        1.88455817100        1.92358402800       Residual    1561728.39458      MLUPs    5236.34105134    
  4  Maxtime , Mintime + JacobiMi , JacobiMa    1.98940548600        1.98939373800        1.88433778800        1.93335883300       Residual    463991.769434      MLUPs    5211.60722284    
  4  Maxtime , Mintime + JacobiMi , JacobiMa    1.98017944000        1.98016292700        1.88434717300        1.92361691800       Residual    190029.149518      MLUPs    5235.88912730    
  4  Maxtime , Mintime + JacobiMi , JacobiMa    1.98410305000        1.98409165300        1.88412035400        1.92346184100       Residual    97907.8286944      MLUPs    5225.53503458    
  4  Maxtime , Mintime + JacobiMi , JacobiMa    1.99366103900        1.99364241700        1.88441636600        1.93818866700       Residual    58277.9959096      MLUPs    5200.48282892    
  4  Maxtime , Mintime + JacobiMi , JacobiMa    1.98151572400        1.98150877700        1.88515166600        1.92457499100       Residual    38053.5576307      MLUPs    5232.35817633    
  4  Maxtime , Mintime + JacobiMi , JacobiMa    1.98394901600        1.98393897100        1.88452004700        1.92746277200       Residual    26481.6321129      MLUPs    5225.94074565    
  4  Maxtime , Mintime + JacobiMi , JacobiMa    1.99085089800        1.99084253000        1.88663062300        1.93487741400       Residual    19309.3628569      MLUPs    5207.82345399    
