# Threadlevel provided:        3 out of        0        1        2        3
  spat_dim , proc_dim, PBC ? 
           1 -Dim Input         3600           6 T
           2 -Dim Input         1200           2 T
           3 -Dim Input         1200           2 T
#   0 Process grid   6   2   2
           0           3           2
          14           3           2
          16           3           2
          18           3           2
          20           3           2
          22           3           2
           2           3           2
           4           3           2
           6           3           2
           8           3           2
          10           3           2
          12           3           2
#   0  Allocated 2 arrays with a total of  3490.68      Mbytes 
           1           3           2
           3           3           2
           5           3           2
           7           3           2
           9           3           2
          11           3           2
          13           3           2
          15           3           2
          17           3           2
          19           3           2
          21           3           2
          23           3           2
# StartResidual    0.00000000000    
  4  Maxtime , Mintime + JacobiMi , JacobiMa    1.94598209600        1.94479001000        1.88140440100        1.88994277500       Residual    28033333.3112      MLUPs    2663.95051150    
  4  Maxtime , Mintime + JacobiMi , JacobiMa    1.94281455800        1.94280783700        1.88147477700        1.89007177300       Residual    4666666.66664      MLUPs    2668.29377959    
  4  Maxtime , Mintime + JacobiMi , JacobiMa    1.94255207600        1.94254732200        1.88125421600        1.88992383800       Residual    993827.160188      MLUPs    2668.65432543    
  4  Maxtime , Mintime + JacobiMi , JacobiMa    1.94268877000        1.94268249400        1.88153947700        1.89006130100       Residual    295267.489640      MLUPs    2668.46655010    
  4  Maxtime , Mintime + JacobiMi , JacobiMa    1.94253731000        1.94252806100        1.88143091400        1.88995719900       Residual    120927.640602      MLUPs    2668.67461094    
  4  Maxtime , Mintime + JacobiMi , JacobiMa    1.94241720200        1.94240806300        1.88154609800        1.88990140900       Residual    62304.9818966      MLUPs    2668.83962656    
  4  Maxtime , Mintime + JacobiMi , JacobiMa    1.94258626500        1.94258084300        1.88128309400        1.88999229000       Residual    37085.9973970      MLUPs    2668.60735783    
  4  Maxtime , Mintime + JacobiMi , JacobiMa    1.94249612700        1.94249204700        1.88148724400        1.88994715400       Residual    24215.9003105      MLUPs    2668.73118970    
  4  Maxtime , Mintime + JacobiMi , JacobiMa    1.94254310500        1.94253784300        1.88124319900        1.88996805000       Residual    16851.9477083      MLUPs    2668.66664974    
  4  Maxtime , Mintime + JacobiMi , JacobiMa    1.94262220700        1.94261263000        1.88145395200        1.88994796400       Residual    12287.7763636      MLUPs    2668.55798380    
