# Threadlevel provided:        3 out of        0        1        2        3
  spat_dim , proc_dim, PBC ? 
           1 -Dim Input          600           1 T
           2 -Dim Input         1200           2 T
           3 -Dim Input        14400          24 T
#   0 Process grid   1   2  24
           5           3           2
           7           3           2
           9           3           2
          10           3           2
          11           3           2
          13           3           2
          14           3           2
          15           3           2
          16           3           2
          17           3           2
          18           3           2
          19           3           2
          20           3           2
          21           3           2
          22           3           2
          23           3           2
          24           3           2
          25           3           2
          26           3           2
          27           3           2
          29           3           2
          30           3           2
          31           3           2
          33           3           2
          34           3           2
          35           3           2
          36           3           2
          37           3           2
          39           3           2
          40           3           2
          41           3           2
          42           3           2
          43           3           2
          45           3           2
          46           3           2
          47           3           2
           0           3           2
#   0  Allocated 2 arrays with a total of  3490.68      Mbytes 
           1           3           2
           2           3           2
           3           3           2
           4           3           2
           6           3           2
           8           3           2
          12           3           2
          28           3           2
          32           3           2
          44           3           2
          38           3           2
# StartResidual    0.00000000000    
  4  Maxtime , Mintime + JacobiMi , JacobiMa    4.11271240200        4.11239091900        3.82110840700        3.99428152400       Residual    74089999.9415      MLUPs    2520.96402242    
  4  Maxtime , Mintime + JacobiMi , JacobiMa    4.11117593300        4.11114248800        3.82183159800        3.99483371800       Residual    12333333.3333      MLUPs    2521.90618182    
  4  Maxtime , Mintime + JacobiMi , JacobiMa    4.11011536000        4.11009588600        3.82078216100        3.99394482700       Residual    2626543.20908      MLUPs    2522.55693378    
  4  Maxtime , Mintime + JacobiMi , JacobiMa    4.11070382800        4.11068374000        3.82142006200        3.99444282600       Residual    780349.794086      MLUPs    2522.19581702    
  4  Maxtime , Mintime + JacobiMi , JacobiMa    4.11138100400        4.11136686000        3.82075299300        3.99473813800       Residual    319594.478736      MLUPs    2521.78039202    
  4  Maxtime , Mintime + JacobiMi , JacobiMa    4.11252628700        4.11249445900        3.82135228700        3.99567556200       Residual    164663.166438      MLUPs    2521.07811025    
  4  Maxtime , Mintime + JacobiMi , JacobiMa    4.11281978500        4.11279744000        3.82082433900        3.99664257700       Residual    98012.9931215      MLUPs    2520.89820172    
  4  Maxtime , Mintime + JacobiMi , JacobiMa    4.11592761100        4.11590934600        3.82177201600        3.99958451000       Residual    63999.1651054      MLUPs    2518.99473943    
  4  Maxtime , Mintime + JacobiMi , JacobiMa    4.11408234600        4.11405508500        3.82280648900        3.99771698000       Residual    44537.2903724      MLUPs    2520.12456923    
  4  Maxtime , Mintime + JacobiMi , JacobiMa    4.11491362000        4.11489160100        3.82450038400        3.99835195300       Residual    32474.8375318      MLUPs    2519.61546644    
