# Threadlevel provided:        3 out of        0        1        2        3
  spat_dim , proc_dim, PBC ? 
           1 -Dim Input          600           1 T
           2 -Dim Input         1200           2 T
           3 -Dim Input        14400          24 T
#   0 Process grid   1   2  24
          12           3           2
          13           3           2
          14           3           2
          15           3           2
          17           3           2
          19           3           2
          20           3           2
          21           3           2
          22           3           2
          23           3           2
          24           3           2
          25           3           2
          27           3           2
          28           3           2
          29           3           2
          30           3           2
          31           3           2
          32           3           2
          33           3           2
          34           3           2
          35           3           2
          36           3           2
          37           3           2
          38           3           2
          39           3           2
          40           3           2
          41           3           2
          44           3           2
          45           3           2
          46           3           2
          47           3           2
           0           3           2
#   0  Allocated 2 arrays with a total of  3490.68      Mbytes 
           2           3           2
           3           3           2
           4           3           2
           5           3           2
           6           3           2
           7           3           2
           8           3           2
           9           3           2
          11           3           2
          16           3           2
          18           3           2
          43           3           2
          26           3           2
          42           3           2
          10           3           2
           1           3           2
# StartResidual    0.00000000000    
  4  Maxtime , Mintime + JacobiMi , JacobiMa    4.11820640900        4.11811297900        3.81962440300        4.01291305300       Residual    74089999.9415      MLUPs    2517.60086074    
  4  Maxtime , Mintime + JacobiMi , JacobiMa    4.13610426500        4.13608515700        3.82020957600        4.02475865300       Residual    12333333.3333      MLUPs    2506.70663400    
  4  Maxtime , Mintime + JacobiMi , JacobiMa    4.12733210300        4.12730904500        3.81960835400        4.02482321200       Residual    2626543.20908      MLUPs    2512.03434598    
  4  Maxtime , Mintime + JacobiMi , JacobiMa    4.12740722600        4.12739288800        3.82197158900        4.02512151800       Residual    780349.794086      MLUPs    2511.98862441    
  4  Maxtime , Mintime + JacobiMi , JacobiMa    4.12815321700        4.12781612100        3.82147846800        4.02586247400       Residual    319594.478736      MLUPs    2511.53468755    
  4  Maxtime , Mintime + JacobiMi , JacobiMa    4.09197525400        4.09196409700        3.82128118600        3.97813911900       Residual    164663.166438      MLUPs    2533.73966274    
  4  Maxtime , Mintime + JacobiMi , JacobiMa    4.12930616300        4.12928516200        3.82154646300        4.02599268200       Residual    98012.9931215      MLUPs    2510.83344047    
  4  Maxtime , Mintime + JacobiMi , JacobiMa    4.13077428800        4.13074237900        3.82269169800        4.02724574200       Residual    63999.1651054      MLUPs    2509.94106120    
  4  Maxtime , Mintime + JacobiMi , JacobiMa    4.13068256800        4.13065443900        3.82296233400        4.02717474900       Residual    44537.2903724      MLUPs    2509.99679334    
  4  Maxtime , Mintime + JacobiMi , JacobiMa    4.13291671500        4.13288084100        3.82280415800        4.02954625800       Residual    32474.8375318      MLUPs    2508.63995453    
