# Threadlevel provided:        3 out of        0        1        2        3
  spat_dim , proc_dim, PBC ? 
           1 -Dim Input          600           1 T
           2 -Dim Input          600           1 T
           3 -Dim Input        28800          48 T
#   0 Process grid   1   1  48
           7           3           2
           8           3           2
           9           3           2
          10           3           2
          11           3           2
          12           3           2
          13           3           2
          14           3           2
          17           3           2
          18           3           2
          20           3           2
          21           3           2
          22           3           2
          23           3           2
          24           3           2
          25           3           2
          27           3           2
          28           3           2
          29           3           2
          30           3           2
          31           3           2
          32           3           2
          33           3           2
          34           3           2
          35           3           2
          36           3           2
          37           3           2
          38           3           2
          39           3           2
          40           3           2
          41           3           2
          42           3           2
          43           3           2
          44           3           2
          47           3           2
           0           3           2
#   0  Allocated 2 arrays with a total of  3490.68      Mbytes 
           1           3           2
           2           3           2
           3           3           2
           4           3           2
           5           3           2
           6           3           2
          26           3           2
          45           3           2
          16           3           2
          19           3           2
          15           3           2
          46           3           2
# StartResidual    0.00000000000    
  4  Maxtime , Mintime + JacobiMi , JacobiMa    4.08454712900        4.08414415100        3.80496313800        3.96739079300       Residual    97166666.5905      MLUPs    2538.34750158    
  4  Maxtime , Mintime + JacobiMi , JacobiMa    4.09094360200        4.09093296100        3.80784795200        3.96211617600       Residual    16166666.6666      MLUPs    2534.37861987    
  4  Maxtime , Mintime + JacobiMi , JacobiMa    4.08046161400        4.08044574800        3.80696996400        3.96207304700       Residual    3442901.23332      MLUPs    2540.88899266    
  4  Maxtime , Mintime + JacobiMi , JacobiMa    4.09048526600        4.09045537500        3.80885632500        3.97338720300       Residual    1022890.94628      MLUPs    2534.66259521    
  4  Maxtime , Mintime + JacobiMi , JacobiMa    4.07715074200        4.07713136100        3.80757780400        3.95955570700       Residual    418927.897807      MLUPs    2542.95233512    
  4  Maxtime , Mintime + JacobiMi , JacobiMa    4.08191007700        4.08188953800        3.80844125800        3.96389694600       Residual    215842.258725      MLUPs    2539.98735994    
  4  Maxtime , Mintime + JacobiMi , JacobiMa    4.08177320500        4.08175425200        3.80894427500        3.96424285200       Residual    128476.490986      MLUPs    2540.07253203    
  4  Maxtime , Mintime + JacobiMi , JacobiMa    4.08391291700        4.08390192800        3.81074243800        3.96602034100       Residual    83890.7975032      MLUPs    2538.74169472    
  4  Maxtime , Mintime + JacobiMi , JacobiMa    4.08235537100        4.08234505700        3.80928147000        3.96442581100       Residual    58379.9616994      MLUPs    2539.71030392    
  4  Maxtime , Mintime + JacobiMi , JacobiMa    4.09475738200        4.09474483000        3.81083263700        3.97963391500       Residual    42568.3681189      MLUPs    2532.01814730    
