# Threadlevel provided:        3 out of        0        1        2        3
  spat_dim , proc_dim, PBC ? 
           1 -Dim Input         3600           6 T
           2 -Dim Input          600           1 T
           3 -Dim Input         4800           8 T
#   0 Process grid   6   1   8
          40           3           2
          42           3           2
          46           3           2
           0           3           2
           2           3           2
           4           3           2
           6           3           2
           8           3           2
          10           3           2
          12           3           2
          14           3           2
          16           3           2
          18           3           2
          20           3           2
          22           3           2
          24           3           2
          26           3           2
          28           3           2
          30           3           2
          32           3           2
          34           3           2
          36           3           2
          38           3           2
          44           3           2
#   0  Allocated 2 arrays with a total of  3490.68      Mbytes 
           1           3           2
           3           3           2
           5           3           2
           7           3           2
           9           3           2
          11           3           2
          13           3           2
          15           3           2
          17           3           2
          19           3           2
          21           3           2
          23           3           2
          25           3           2
          27           3           2
          29           3           2
          31           3           2
          33           3           2
          35           3           2
          37           3           2
          39           3           2
          41           3           2
          43           3           2
          45           3           2
          47           3           2
# StartResidual    0.00000000000    
  4  Maxtime , Mintime + JacobiMi , JacobiMa    2.04300767900        2.03922690800        1.89394717400        1.95637272200       Residual    62049999.9507      MLUPs    5074.87079298    
  4  Maxtime , Mintime + JacobiMi , JacobiMa    2.01049174800        2.01031253700        1.88845329100        1.96049967400       Residual    10333333.3333      MLUPs    5156.94730422    
  4  Maxtime , Mintime + JacobiMi , JacobiMa    2.01588613500        2.01587129900        1.88640327000        1.96625700600       Residual    2200617.28328      MLUPs    5143.14763120    
  4  Maxtime , Mintime + JacobiMi , JacobiMa    2.00929147100        2.00928274400        1.88798821300        1.95889039200       Residual    653806.584205      MLUPs    5160.02787532    
  4  Maxtime , Mintime + JacobiMi , JacobiMa    2.00994122500        2.00993731000        1.88839961700        1.96012227500       Residual    267768.347048      MLUPs    5158.35979234    
  4  Maxtime , Mintime + JacobiMi , JacobiMa    2.01135523200        2.01134195200        1.88860899000        1.96091801700       Residual    137961.031342      MLUPs    5154.73340315    
  4  Maxtime , Mintime + JacobiMi , JacobiMa    2.01222085200        2.01095668600        1.88926778600        1.96241008200       Residual    82118.9942360      MLUPs    5152.51593268    
  4  Maxtime , Mintime + JacobiMi , JacobiMa    2.00952907500        2.00951598200        1.88900965400        1.95959811500       Residual    53620.9221159      MLUPs    5159.41776060    
  4  Maxtime , Mintime + JacobiMi , JacobiMa    2.01247122400        2.01245494700        1.88894052700        1.96261982300       Residual    37315.0270683      MLUPs    5151.87490701    
  4  Maxtime , Mintime + JacobiMi , JacobiMa    2.00849745900        2.00847836300        1.88874126400        1.95830853400       Residual    27208.6476620      MLUPs    5162.06777038    
