# Threadlevel provided:        3 out of        0        1        2        3
  spat_dim , proc_dim, PBC ? 
           1 -Dim Input         3600           6 T
           2 -Dim Input          600           1 T
           3 -Dim Input         4800           8 T
#   0 Process grid   6   1   8
          28           3           2
          30           3           2
          32           3           2
          34           3           2
          36           3           2
          38           3           2
          40           3           2
          42           3           2
          44           3           2
          46           3           2
           0           3           2
           2           3           2
           4           3           2
           6           3           2
           8           3           2
          10           3           2
          12           3           2
          14           3           2
          16           3           2
          18           3           2
          20           3           2
          22           3           2
          24           3           2
          26           3           2
#   0  Allocated 2 arrays with a total of  3490.68      Mbytes 
           1           3           2
           3           3           2
           5           3           2
           7           3           2
           9           3           2
          11           3           2
          13           3           2
          15           3           2
          17           3           2
          19           3           2
          21           3           2
          23           3           2
          25           3           2
          27           3           2
          29           3           2
          31           3           2
          33           3           2
          35           3           2
          37           3           2
          39           3           2
          41           3           2
          43           3           2
          45           3           2
          47           3           2
# StartResidual    0.00000000000    
  4  Maxtime , Mintime + JacobiMi , JacobiMa    1.99266962600        1.99143633400        1.88472881400        1.92084084900       Residual    62049999.9507      MLUPs    5203.07022535    
  4  Maxtime , Mintime + JacobiMi , JacobiMa    1.97421617100        1.97401982400        1.88453333200        1.92061173700       Residual    10333333.3333      MLUPs    5251.70452572    
  4  Maxtime , Mintime + JacobiMi , JacobiMa    1.97475983700        1.97474874700        1.88479942600        1.92044772600       Residual    2200617.28328      MLUPs    5250.25869260    
  4  Maxtime , Mintime + JacobiMi , JacobiMa    1.97465362300        1.97463968800        1.88471839900        1.92076957300       Residual    653806.584205      MLUPs    5250.54109705    
  4  Maxtime , Mintime + JacobiMi , JacobiMa    1.97605587100        1.97604781400        1.88607236000        1.92111590600       Residual    267768.347048      MLUPs    5246.81521012    
  4  Maxtime , Mintime + JacobiMi , JacobiMa    1.97530478100        1.97528784700        1.88556057100        1.92160102800       Residual    137961.031342      MLUPs    5248.81025942    
  4  Maxtime , Mintime + JacobiMi , JacobiMa    1.97530934800        1.97529448800        1.88601693300        1.92173305700       Residual    82118.9942360      MLUPs    5248.79812395    
  4  Maxtime , Mintime + JacobiMi , JacobiMa    1.97535180900        1.97533997900        1.88634060800        1.92187872100       Residual    53620.9221159      MLUPs    5248.68529887    
  4  Maxtime , Mintime + JacobiMi , JacobiMa    1.97554466100        1.97553177400        1.88701123900        1.92216523500       Residual    37315.0270683      MLUPs    5248.17292399    
  4  Maxtime , Mintime + JacobiMi , JacobiMa    1.97773297300        1.97771728100        1.88719426500        1.92400634100       Residual    27208.6476620      MLUPs    5242.36595210    
