# Threadlevel provided:        3 out of        0        1        2        3
  spat_dim , proc_dim, PBC ? 
           1 -Dim Input          600           1 T
           2 -Dim Input         3600           6 T
           3 -Dim Input         1200           2 T
#   0 Process grid   1   6   2
           0           3           2
           5           3           2
           6           3           2
           7           3           2
           8           3           2
           9           3           2
          10           3           2
          11           3           2
           1           3           2
           2           3           2
           3           3           2
           4           3           2
#   0  Allocated 2 arrays with a total of  3490.68      Mbytes 
# StartResidual    0.00000000000    
  4  Maxtime , Mintime + JacobiMi , JacobiMa    1.97482696100        1.97477962500        1.89773971400        1.92078531500       Residual    20029999.9842      MLUPs    1312.52005932    
  4  Maxtime , Mintime + JacobiMi , JacobiMa    1.97282844400        1.97282571900        1.89760778400        1.92105536100       Residual    3333333.33332      MLUPs    1313.84966994    
  4  Maxtime , Mintime + JacobiMi , JacobiMa    1.97252858900        1.97252609500        1.89737906900        1.92082769900       Residual    709876.542984      MLUPs    1314.04939551    
  4  Maxtime , Mintime + JacobiMi , JacobiMa    1.97232239400        1.97232020400        1.89728652900        1.92062470600       Residual    210905.349752      MLUPs    1314.18677184    
  4  Maxtime , Mintime + JacobiMi , JacobiMa    1.97190226300        1.97189780400        1.89678192700        1.92020353300       Residual    86376.8861455      MLUPs    1314.46677081    
  4  Maxtime , Mintime + JacobiMi , JacobiMa    1.97334709100        1.97333405500        1.89817082100        1.92160780400       Residual    44503.5584977      MLUPs    1313.50435604    
  4  Maxtime , Mintime + JacobiMi , JacobiMa    1.97254188000        1.97254008200        1.89746708300        1.92074591100       Residual    26489.9981411      MLUPs    1314.04054144    
  4  Maxtime , Mintime + JacobiMi , JacobiMa    1.97330913900        1.97330717700        1.89793224900        1.92162450100       Residual    17297.0716500      MLUPs    1313.52961823    
  4  Maxtime , Mintime + JacobiMi , JacobiMa    1.97291021400        1.97290698600        1.89771359800        1.92109011600       Residual    12037.1055057      MLUPs    1313.79521562    
  4  Maxtime , Mintime + JacobiMi , JacobiMa    1.97424375800        1.97423921800        1.89901504000        1.92250908400       Residual    8776.98311687      MLUPs    1312.90778532    
