# Threadlevel provided:        3 out of        0        1        2        3
  spat_dim , proc_dim, PBC ? 
           1 -Dim Input          600           1 T
           2 -Dim Input         3600           6 T
           3 -Dim Input         1200           2 T
#   0 Process grid   1   6   2
           0           3           2
           4           3           2
           5           3           2
           6           3           2
           7           3           2
           8           3           2
           9           3           2
          10           3           2
          11           3           2
           1           3           2
           2           3           2
           3           3           2
#   0  Allocated 2 arrays with a total of  3490.68      Mbytes 
# StartResidual    0.00000000000    
  4  Maxtime , Mintime + JacobiMi , JacobiMa    1.95959437700        1.95835845400        1.89535691500        1.89850673000       Residual    20029999.9842      MLUPs    1322.72271773    
  4  Maxtime , Mintime + JacobiMi , JacobiMa    1.95394049800        1.95392919100        1.89530026200        1.89872659900       Residual    3333333.33332      MLUPs    1326.55011893    
  4  Maxtime , Mintime + JacobiMi , JacobiMa    1.95336288600        1.95335905500        1.89483952600        1.89808148300       Residual    709876.542984      MLUPs    1326.94238156    
  4  Maxtime , Mintime + JacobiMi , JacobiMa    1.95392325700        1.95391465100        1.89539221400        1.89868203700       Residual    210905.349752      MLUPs    1326.56182412    
  4  Maxtime , Mintime + JacobiMi , JacobiMa    1.95380220000        1.95378781400        1.89518262000        1.89851696500       Residual    86376.8861455      MLUPs    1326.64401750    
  4  Maxtime , Mintime + JacobiMi , JacobiMa    1.95388807200        1.95387720200        1.89539751900        1.89861582600       Residual    44503.5584977      MLUPs    1326.58571243    
  4  Maxtime , Mintime + JacobiMi , JacobiMa    1.95378962100        1.95377510600        1.89529603600        1.89854746500       Residual    26489.9981411      MLUPs    1326.65255877    
  4  Maxtime , Mintime + JacobiMi , JacobiMa    1.95398564700        1.95397530900        1.89522652500        1.89870560300       Residual    17297.0716500      MLUPs    1326.51946752    
  4  Maxtime , Mintime + JacobiMi , JacobiMa    1.95364741000        1.95364364500        1.89506691200        1.89842760000       Residual    12037.1055057      MLUPs    1326.74912921    
  4  Maxtime , Mintime + JacobiMi , JacobiMa    1.95371347200        1.95370967900        1.89510435300        1.89846499300       Residual    8776.98311687      MLUPs    1326.70426710    
