# Threadlevel provided:        3 out of        0        1        2        3
  spat_dim , proc_dim, PBC ? 
           1 -Dim Input         1200           2 T
           2 -Dim Input         2400           4 T
           3 -Dim Input         3600           6 T
#   0 Process grid   2   4   6
          13           3           2
          14           3           2
          16           3           2
          17           3           2
          18           3           2
          20           3           2
          21           3           2
          25           3           2
          26           3           2
          28           3           2
          29           3           2
          30           3           2
          32           3           2
          33           3           2
          34           3           2
          37           3           2
          38           3           2
          40           3           2
          41           3           2
          42           3           2
          44           3           2
           0           3           2
#   0  Allocated 2 arrays with a total of  3490.68      Mbytes 
           1           3           2
           2           3           2
           4           3           2
           5           3           2
           6           3           2
           8           3           2
           9           3           2
          10           3           2
          12           3           2
          22           3           2
          36           3           2
          46           3           2
          24           3           2
          31           3           2
          35           3           2
          39           3           2
          45           3           2
          47           3           2
           3           3           2
           7           3           2
          11           3           2
          15           3           2
          19           3           2
          23           3           2
          27           3           2
          43           3           2
# StartResidual    0.00000000000    
  4  Maxtime , Mintime + JacobiMi , JacobiMa    4.11501186400        4.11488949600        3.82004182300        3.99632007700       Residual    44039999.9650      MLUPs    2519.55531179    
  4  Maxtime , Mintime + JacobiMi , JacobiMa    4.11492621200        4.11490548800        3.81888832900        4.00250967900       Residual    7333333.33330      MLUPs    2519.60775621    
  4  Maxtime , Mintime + JacobiMi , JacobiMa    4.11309596800        4.11307653200        3.81925150900        4.00082652100       Residual    1561728.39459      MLUPs    2520.72893039    
  4  Maxtime , Mintime + JacobiMi , JacobiMa    4.13126640600        4.13124744600        3.81917507600        4.01743092600       Residual    463991.769447      MLUPs    2509.64207608    
  4  Maxtime , Mintime + JacobiMi , JacobiMa    4.13912187100        4.13874198300        3.82016956000        4.03064194200       Residual    190029.149517      MLUPs    2504.87913213    
  4  Maxtime , Mintime + JacobiMi , JacobiMa    4.12326971400        4.12324603800        3.82000909300        4.01581003500       Residual    97907.8286931      MLUPs    2514.50928975    
  4  Maxtime , Mintime + JacobiMi , JacobiMa    4.13792098200        4.13790570000        3.81992369100        4.03029143700       Residual    58277.9959096      MLUPs    2505.60608699    
  4  Maxtime , Mintime + JacobiMi , JacobiMa    4.13911543200        4.13908965000        3.81983837900        4.03157026300       Residual    38053.5576305      MLUPs    2504.88302883    
  4  Maxtime , Mintime + JacobiMi , JacobiMa    4.13979530300        4.13978415500        3.81961977300        4.03216351900       Residual    26481.6321130      MLUPs    2504.47165648    
  4  Maxtime , Mintime + JacobiMi , JacobiMa    4.14036568800        4.14034232300        3.82072399600        4.03274826100       Residual    19309.3628566      MLUPs    2504.12663549    
