# Threadlevel provided:        3 out of        0        1        2        3
  spat_dim , proc_dim, PBC ? 
           1 -Dim Input        14400          24 T
           2 -Dim Input          600           1 T
           3 -Dim Input         1200           2 T
#   0 Process grid  24   1   2
           8           3           2
          12           3           2
          13           3           2
          14           3           2
          15           3           2
          16           3           2
          17           3           2
          18           3           2
          19           3           2
          20           3           2
          21           3           2
          22           3           2
          23           3           2
          24           3           2
          25           3           2
          26           3           2
          27           3           2
          28           3           2
          30           3           2
          32           3           2
          33           3           2
          34           3           2
          35           3           2
          36           3           2
          37           3           2
          38           3           2
          39           3           2
          40           3           2
          41           3           2
          42           3           2
          43           3           2
          46           3           2
          47           3           2
           0           3           2
#   0  Allocated 2 arrays with a total of  3490.68      Mbytes 
           1           3           2
           2           3           2
           3           3           2
           4           3           2
           5           3           2
           6           3           2
           7           3           2
          10           3           2
          11           3           2
          29           3           2
          31           3           2
          44           3           2
          45           3           2
           9           3           2
# StartResidual    0.00000000000    
  4  Maxtime , Mintime + JacobiMi , JacobiMa    4.10293767700        4.10249364500        3.81848127600        3.98768287300       Residual    74089999.9415      MLUPs    2526.96989723    
  4  Maxtime , Mintime + JacobiMi , JacobiMa    4.10026352800        4.10024339300        3.81900789300        3.98746220000       Residual    12333333.3332      MLUPs    2528.61796058    
  4  Maxtime , Mintime + JacobiMi , JacobiMa    4.10079327400        4.10076017000        3.81876255700        3.98788597100       Residual    2626543.20907      MLUPs    2528.29131030    
  4  Maxtime , Mintime + JacobiMi , JacobiMa    4.10225625300        4.10221755900        3.81933278900        3.98937358700       Residual    780349.794049      MLUPs    2527.38965110    
  4  Maxtime , Mintime + JacobiMi , JacobiMa    4.10254841100        4.10252638300        3.81880795100        3.98947950000       Residual    319594.478736      MLUPs    2527.20966612    
  4  Maxtime , Mintime + JacobiMi , JacobiMa    4.10402111600        4.10400009400        3.81945826800        3.99106681500       Residual    164663.166441      MLUPs    2526.30279108    
  4  Maxtime , Mintime + JacobiMi , JacobiMa    4.10484571300        4.10482995600        3.81955236400        3.99226855600       Residual    98012.9931205      MLUPs    2525.79529778    
  4  Maxtime , Mintime + JacobiMi , JacobiMa    4.10669886000        4.10667658800        3.82115434800        3.99391600100       Residual    63999.1651062      MLUPs    2524.65553318    
  4  Maxtime , Mintime + JacobiMi , JacobiMa    4.10738762200        4.10736324800        3.82042994900        3.99335644700       Residual    44537.2903721      MLUPs    2524.23217728    
  4  Maxtime , Mintime + JacobiMi , JacobiMa    4.10528378500        4.10525359400        3.82081812900        3.99237916200       Residual    32474.8375327      MLUPs    2525.52577190    
