# Threadlevel provided:        3 out of        0        1        2        3
  spat_dim , proc_dim, PBC ? 
           1 -Dim Input          600           1 T
           2 -Dim Input        28800          48 T
           3 -Dim Input          600           1 T
#   0 Process grid   1  48   1
          28           3           2
          30           3           2
          32           3           2
          36           3           2
          38           3           2
          40           3           2
          42           3           2
          44           3           2
          46           3           2
           0           3           2
           2           3           2
           4           3           2
           6           3           2
           8           3           2
          10           3           2
          12           3           2
          14           3           2
          16           3           2
          18           3           2
          20           3           2
          22           3           2
          24           3           2
          26           3           2
#   0  Allocated 2 arrays with a total of  3490.68      Mbytes 
          34           3           2
           1           3           2
           3           3           2
           5           3           2
           7           3           2
           9           3           2
          11           3           2
          13           3           2
          15           3           2
          17           3           2
          19           3           2
          21           3           2
          23           3           2
          25           3           2
          27           3           2
          29           3           2
          31           3           2
          33           3           2
          35           3           2
          37           3           2
          39           3           2
          41           3           2
          43           3           2
          45           3           2
          47           3           2
# StartResidual    0.00000000000    
  4  Maxtime , Mintime + JacobiMi , JacobiMa    1.97756524100        1.97651375700        1.88187920600        1.91845056100       Residual    97166666.5905      MLUPs    5242.81059610    
  4  Maxtime , Mintime + JacobiMi , JacobiMa    1.96709784300        1.96690585900        1.88176967400        1.91570436300       Residual    16166666.6666      MLUPs    5270.70884496    
  4  Maxtime , Mintime + JacobiMi , JacobiMa    1.97032198700        1.97029147200        1.88329224000        1.91899599700       Residual    3442901.23332      MLUPs    5262.08410017    
  4  Maxtime , Mintime + JacobiMi , JacobiMa    1.96910678700        1.96909424500        1.88179916400        1.91792585900       Residual    1022890.94628      MLUPs    5265.33150383    
  4  Maxtime , Mintime + JacobiMi , JacobiMa    1.96782995300        1.96781450900        1.88273321700        1.91634851900       Residual    418927.897807      MLUPs    5268.74793434    
  4  Maxtime , Mintime + JacobiMi , JacobiMa    1.97280164000        1.97279639500        1.88320396600        1.91488604900       Residual    215842.258725      MLUPs    5255.47008365    
  4  Maxtime , Mintime + JacobiMi , JacobiMa    1.96711297000        1.96710144400        1.88209036400        1.91559730400       Residual    128476.490986      MLUPs    5270.66831347    
  4  Maxtime , Mintime + JacobiMi , JacobiMa    1.96870468500        1.96869704100        1.88261491500        1.91729843500       Residual    83890.7975032      MLUPs    5266.40693193    
  4  Maxtime , Mintime + JacobiMi , JacobiMa    1.97094859000        1.97093534600        1.88330114400        1.91987805800       Residual    58379.9616994      MLUPs    5260.41118099    
  4  Maxtime , Mintime + JacobiMi , JacobiMa    1.96903517100        1.96901815000        1.88469253500        1.91811363600       Residual    42568.3681189      MLUPs    5265.52300980    
