# Threadlevel provided:        3 out of        0        1        2        3
  spat_dim , proc_dim, PBC ? 
           1 -Dim Input          600           1 T
           2 -Dim Input        28800          48 T
           3 -Dim Input          600           1 T
#   0 Process grid   1  48   1
          18           3           2
          20           3           2
          22           3           2
          24           3           2
          26           3           2
          28           3           2
          30           3           2
          32           3           2
          34           3           2
          36           3           2
          38           3           2
          40           3           2
          42           3           2
          44           3           2
          46           3           2
           0           3           2
#   0  Allocated 2 arrays with a total of  3490.68      Mbytes 
           2           3           2
           4           3           2
           6           3           2
           8           3           2
          10           3           2
          12           3           2
          14           3           2
          16           3           2
           1           3           2
           3           3           2
           5           3           2
           7           3           2
           9           3           2
          11           3           2
          13           3           2
          15           3           2
          17           3           2
          19           3           2
          21           3           2
          23           3           2
          25           3           2
          27           3           2
          29           3           2
          31           3           2
          33           3           2
          35           3           2
          37           3           2
          39           3           2
          41           3           2
          43           3           2
          45           3           2
          47           3           2
# StartResidual    0.00000000000    
  4  Maxtime , Mintime + JacobiMi , JacobiMa    1.98739921200        1.98734936400        1.88201123100        1.92695225100       Residual    97166666.5905      MLUPs    5216.86832590    
  4  Maxtime , Mintime + JacobiMi , JacobiMa    1.96768233500        1.96766897900        1.88222867100        1.91484101400       Residual    16166666.6666      MLUPs    5269.14320243    
  4  Maxtime , Mintime + JacobiMi , JacobiMa    1.97286399400        1.97160941200        1.88364788100        1.92054435300       Residual    3442901.23332      MLUPs    5255.30398017    
  4  Maxtime , Mintime + JacobiMi , JacobiMa    1.96830249600        1.96828673200        1.88321090200        1.91644846500       Residual    1022890.94628      MLUPs    5267.48303224    
  4  Maxtime , Mintime + JacobiMi , JacobiMa    1.96764998300        1.96762620500        1.88199964400        1.91583253400       Residual    418927.897807      MLUPs    5269.22983741    
  4  Maxtime , Mintime + JacobiMi , JacobiMa    1.97106618200        1.97105528600        1.88218060300        1.91972942500       Residual    215842.258725      MLUPs    5260.09734969    
  4  Maxtime , Mintime + JacobiMi , JacobiMa    1.96809882900        1.96808379800        1.88419687700        1.91597276600       Residual    128476.490986      MLUPs    5268.02813315    
  4  Maxtime , Mintime + JacobiMi , JacobiMa    1.96806307600        1.96805688800        1.88300780300        1.91642099500       Residual    83890.7975032      MLUPs    5268.12383527    
  4  Maxtime , Mintime + JacobiMi , JacobiMa    1.96841589000        1.96840531600        1.88392666000        1.91623794600       Residual    58379.9616994      MLUPs    5267.17958978    
  4  Maxtime , Mintime + JacobiMi , JacobiMa    1.96736448200        1.96735642500        1.88476242200        1.91523044100       Residual    42568.3681189      MLUPs    5269.99450019    
