# Threadlevel provided:        3 out of        0        1        2        3
  spat_dim , proc_dim, PBC ? 
           1 -Dim Input         1800           3 T
           2 -Dim Input         9600          16 T
           3 -Dim Input          600           1 T
#   0 Process grid   3  16   1
          10           3           2
          12           3           2
          14           3           2
          16           3           2
          18           3           2
          20           3           2
          22           3           2
          24           3           2
          26           3           2
          28           3           2
          30           3           2
          32           3           2
          34           3           2
          36           3           2
          38           3           2
          40           3           2
          42           3           2
          44           3           2
          46           3           2
           0           3           2
#   0  Allocated 2 arrays with a total of  3490.68      Mbytes 
           2           3           2
           4           3           2
           6           3           2
           8           3           2
           1           3           2
           3           3           2
           5           3           2
           7           3           2
           9           3           2
          11           3           2
          13           3           2
          15           3           2
          17           3           2
          19           3           2
          21           3           2
          23           3           2
          25           3           2
          27           3           2
          29           3           2
          31           3           2
          33           3           2
          35           3           2
          37           3           2
          39           3           2
          41           3           2
          43           3           2
          45           3           2
          47           3           2
# StartResidual    0.00000000000    
  4  Maxtime , Mintime + JacobiMi , JacobiMa    1.99786548800        1.99725932600        1.88495818000        1.92251098900       Residual    67066666.6135      MLUPs    5189.53856617    
  4  Maxtime , Mintime + JacobiMi , JacobiMa    1.98200292200        1.98199397400        1.88824421100        1.92888059100       Residual    11166666.6666      MLUPs    5231.07200545    
  4  Maxtime , Mintime + JacobiMi , JacobiMa    1.98157662500        1.98156384700        1.88878975900        1.92843055300       Residual    2378086.41904      MLUPs    5232.19736708    
  4  Maxtime , Mintime + JacobiMi , JacobiMa    1.99760449400        1.99759682700        1.88960148700        1.94661639400       Residual    706532.921651      MLUPs    5190.21659750    
  4  Maxtime , Mintime + JacobiMi , JacobiMa    1.98285912500        1.98284455700        1.89000391800        1.92946887700       Residual    289362.568585      MLUPs    5228.81321687    
  4  Maxtime , Mintime + JacobiMi , JacobiMa    1.98339549500        1.98338700700        1.88954817900        1.92911565600       Residual    149086.920966      MLUPs    5227.39918798    
  4  Maxtime , Mintime + JacobiMi , JacobiMa    1.98606969000        1.98606113800        1.89052155400        1.93329009300       Residual    88741.4937712      MLUPs    5220.36062088    
  4  Maxtime , Mintime + JacobiMi , JacobiMa    1.98174766300        1.98172665500        1.88939932200        1.92898424100       Residual    57945.1900284      MLUPs    5231.74579366    
  4  Maxtime , Mintime + JacobiMi , JacobiMa    1.99402140000        1.99401253000        1.88926941200        1.94277977500       Residual    40324.3034450      MLUPs    5199.54299387    
  4  Maxtime , Mintime + JacobiMi , JacobiMa    1.98547694000        1.98547041200        1.89024662700        1.93017445200       Residual    29402.8934412      MLUPs    5221.91912236    
