# Threadlevel provided:        3 out of        0        1        2        3
  spat_dim , proc_dim, PBC ? 
           1 -Dim Input         1800           3 T
           2 -Dim Input         2400           4 T
           3 -Dim Input          600           1 T
#   0 Process grid   3   4   1
          11           3           2
           0           3           2
#   0  Allocated 2 arrays with a total of  3490.68      Mbytes 
           1           3           2
           2           3           2
           3           3           2
           4           3           2
           5           3           2
           6           3           2
           7           3           2
           8           3           2
           9           3           2
          10           3           2
# StartResidual    0.00000000000    
  4  Maxtime , Mintime + JacobiMi , JacobiMa    3.04523897200        3.04502319200        2.94393716500        2.94952905000       Residual    19026666.6516      MLUPs    851.164727574    
  4  Maxtime , Mintime + JacobiMi , JacobiMa    3.04154886300        3.04154267900        2.94276359200        2.94806320100       Residual    3166666.66665      MLUPs    852.197389143    
  4  Maxtime , Mintime + JacobiMi , JacobiMa    3.04201762800        3.04201366300        2.94280154400        2.94862356900       Residual    674382.715838      MLUPs    852.066068304    
  4  Maxtime , Mintime + JacobiMi , JacobiMa    3.04352529700        3.04351692100        2.94447856200        2.95074689400       Residual    200360.082259      MLUPs    851.643980931    
  4  Maxtime , Mintime + JacobiMi , JacobiMa    3.04244299500        3.04242972000        2.94354901800        2.94926149700       Residual    82058.0418382      MLUPs    851.946940094    
  4  Maxtime , Mintime + JacobiMi , JacobiMa    3.04356845500        3.04356490400        2.94423621400        2.95032346400       Residual    42278.3805730      MLUPs    851.631904563    
  4  Maxtime , Mintime + JacobiMi , JacobiMa    3.04221045800        3.04219401600        2.94416455000        2.94878080400       Residual    25165.4982338      MLUPs    852.012060239    
  4  Maxtime , Mintime + JacobiMi , JacobiMa    3.04427376300        3.04425763500        2.94519860600        2.95104813300       Residual    16432.2180677      MLUPs    851.434595503    
  4  Maxtime , Mintime + JacobiMi , JacobiMa    3.04785098000        3.04784839500        2.94622224800        2.95499804100       Residual    11435.2502304      MLUPs    850.435279483    
  4  Maxtime , Mintime + JacobiMi , JacobiMa    3.04259214000        3.04258796900        2.94389370900        2.94927008100       Residual    8338.13396110      MLUPs    851.905178457    
