# Threadlevel provided:        3 out of        0        1        2        3
  spat_dim , proc_dim, PBC ? 
           1 -Dim Input          600           1 T
           2 -Dim Input         1800           3 T
           3 -Dim Input         9600          16 T
#   0 Process grid   1   3  16
           2           3           2
           3           3           2
           4           3           2
           5           3           2
           6           3           2
           7           3           2
           8           3           2
           9           3           2
          10           3           2
          11           3           2
          12           3           2
          13           3           2
          16           3           2
          18           3           2
          19           3           2
          20           3           2
          21           3           2
          22           3           2
          23           3           2
          24           3           2
          25           3           2
          26           3           2
          27           3           2
          28           3           2
          29           3           2
          32           3           2
          34           3           2
          35           3           2
          36           3           2
          37           3           2
          38           3           2
          39           3           2
          40           3           2
          42           3           2
          44           3           2
          45           3           2
           0           3           2
#   0  Allocated 2 arrays with a total of  3490.68      Mbytes 
           1           3           2
          33           3           2
          41           3           2
          43           3           2
          17           3           2
          15           3           2
          31           3           2
          47           3           2
          30           3           2
          46           3           2
          14           3           2
# StartResidual    0.00000000000    
  4  Maxtime , Mintime + JacobiMi , JacobiMa    4.08260914900        4.08227681000        3.80903927200        3.96262147800       Residual    67066666.6135      MLUPs    2539.55243365    
  4  Maxtime , Mintime + JacobiMi , JacobiMa    4.08149327000        4.08147458800        3.81053723300        3.96458373400       Residual    11166666.6666      MLUPs    2540.24674651    
  4  Maxtime , Mintime + JacobiMi , JacobiMa    4.07876148300        4.07874416300        3.80920025200        3.96143931500       Residual    2378086.41904      MLUPs    2541.94809949    
  4  Maxtime , Mintime + JacobiMi , JacobiMa    4.07972374900        4.07970390300        3.81027516600        3.96257582800       Residual    706532.921676      MLUPs    2541.34854169    
  4  Maxtime , Mintime + JacobiMi , JacobiMa    4.07967821800        4.07966794400        3.80956799400        3.96275179400       Residual    289362.568585      MLUPs    2541.37690425    
  4  Maxtime , Mintime + JacobiMi , JacobiMa    4.07956494500        4.07953874100        3.81029391900        3.96210114300       Residual    149086.920963      MLUPs    2541.44746800    
  4  Maxtime , Mintime + JacobiMi , JacobiMa    4.08030680300        4.08002032800        3.80962143100        3.96312130200       Residual    88741.4937718      MLUPs    2540.98539658    
  4  Maxtime , Mintime + JacobiMi , JacobiMa    4.08183606800        4.08182007200        3.81112315300        3.96502325700       Residual    57945.1900278      MLUPs    2540.03341322    
  4  Maxtime , Mintime + JacobiMi , JacobiMa    4.08107454600        4.08106302000        3.81078050600        3.96399254500       Residual    40324.3034450      MLUPs    2540.50737940    
  4  Maxtime , Mintime + JacobiMi , JacobiMa    4.08240382900        4.08238669500        3.81111222300        3.96547200400       Residual    29402.8934406      MLUPs    2539.68015764    
