# Threadlevel provided:        3 out of        0        1        2        3
  spat_dim , proc_dim, PBC ? 
           1 -Dim Input          600           1 T
           2 -Dim Input         1800           3 T
           3 -Dim Input         9600          16 T
#   0 Process grid   1   3  16
           4           3           2
           5           3           2
           6           3           2
           8           3           2
           9           3           2
          10           3           2
          12           3           2
          13           3           2
          14           3           2
          16           3           2
          17           3           2
          19           3           2
          20           3           2
          21           3           2
          22           3           2
          24           3           2
          25           3           2
          26           3           2
          28           3           2
          29           3           2
          30           3           2
          32           3           2
          33           3           2
          34           3           2
          35           3           2
          36           3           2
          37           3           2
          38           3           2
          40           3           2
          41           3           2
          42           3           2
          44           3           2
          45           3           2
           0           3           2
#   0  Allocated 2 arrays with a total of  3490.68      Mbytes 
           1           3           2
           2           3           2
           3           3           2
          18           3           2
          23           3           2
          27           3           2
          39           3           2
          43           3           2
          46           3           2
           7           3           2
          11           3           2
          15           3           2
          31           3           2
          47           3           2
# StartResidual    0.00000000000    
  4  Maxtime , Mintime + JacobiMi , JacobiMa    4.11240789400        4.11198684200        3.81889312800        4.00241400400       Residual    67066666.6135      MLUPs    2521.15069012    
  4  Maxtime , Mintime + JacobiMi , JacobiMa    4.10867844800        4.10866462000        3.81949630000        4.00034113500       Residual    11166666.6666      MLUPs    2523.43913772    
  4  Maxtime , Mintime + JacobiMi , JacobiMa    4.10637600300        4.10601645500        3.81896509800        3.99851347500       Residual    2378086.41904      MLUPs    2524.85403003    
  4  Maxtime , Mintime + JacobiMi , JacobiMa    4.10955487100        4.10952253700        3.81846423900        4.00120806100       Residual    706532.921676      MLUPs    2522.90097722    
  4  Maxtime , Mintime + JacobiMi , JacobiMa    4.10824276400        4.10821574800        3.81916532500        3.99970724800       Residual    289362.568585      MLUPs    2523.70675143    
  4  Maxtime , Mintime + JacobiMi , JacobiMa    4.11043950500        4.11042533900        3.81983018700        4.00228371300       Residual    149086.920963      MLUPs    2522.35800755    
  4  Maxtime , Mintime + JacobiMi , JacobiMa    4.11069046200        4.11067831900        3.81981849000        4.00194483900       Residual    88741.4937718      MLUPs    2522.20401800    
  4  Maxtime , Mintime + JacobiMi , JacobiMa    4.11118497300        4.11116878800        3.81898313100        4.00221373200       Residual    57945.1900278      MLUPs    2521.90063646    
  4  Maxtime , Mintime + JacobiMi , JacobiMa    4.11136820500        4.11135103100        3.81930399000        4.00339031900       Residual    40324.3034450      MLUPs    2521.78824251    
  4  Maxtime , Mintime + JacobiMi , JacobiMa    4.11253593800        4.11252459800        3.82060532100        4.00337715100       Residual    29402.8934406      MLUPs    2521.07219397    
