# Threadlevel provided:        3 out of        0        1        2        3
  spat_dim , proc_dim, PBC ? 
           1 -Dim Input         2400           4 T
           2 -Dim Input          600           1 T
           3 -Dim Input         7200          12 T
#   0 Process grid   4   1  12
          10           3           2
          12           3           2
          15           3           2
          16           3           2
          18           3           2
          19           3           2
          21           3           2
          23           3           2
          24           3           2
          26           3           2
          27           3           2
          28           3           2
          29           3           2
          30           3           2
          31           3           2
          32           3           2
          33           3           2
          34           3           2
          35           3           2
          36           3           2
          37           3           2
          38           3           2
          39           3           2
          40           3           2
          41           3           2
          42           3           2
          43           3           2
          44           3           2
          45           3           2
          46           3           2
          47           3           2
           0           3           2
#   0  Allocated 2 arrays with a total of  3490.68      Mbytes 
           2           3           2
           3           3           2
           4           3           2
           5           3           2
           6           3           2
           7           3           2
           8           3           2
           9           3           2
          11           3           2
          14           3           2
          17           3           2
          20           3           2
          22           3           2
          25           3           2
           1           3           2
          13           3           2
# StartResidual    0.00000000000    
  4  Maxtime , Mintime + JacobiMi , JacobiMa    4.11041654100        4.10999769100        3.81826260600        3.99925567300       Residual    64056666.6158      MLUPs    2522.37209942    
  4  Maxtime , Mintime + JacobiMi , JacobiMa    4.10598182800        4.10597070500        3.81819535300        3.99796476100       Residual    10666666.6666      MLUPs    2525.09641648    
  4  Maxtime , Mintime + JacobiMi , JacobiMa    4.10819423200        4.10817108700        3.81806001000        3.99985794100       Residual    2271604.93758      MLUPs    2523.73656514    
  4  Maxtime , Mintime + JacobiMi , JacobiMa    4.10991917000        4.10990699600        3.81776705400        4.00149504200       Residual    674897.119184      MLUPs    2522.67734988    
  4  Maxtime , Mintime + JacobiMi , JacobiMa    4.10698061900        4.10697216600        3.81767752400        3.99991248100       Residual    276406.035663      MLUPs    2524.48232944    
  4  Maxtime , Mintime + JacobiMi , JacobiMa    4.10771785700        4.10769837700        3.81869136900        3.99889689000       Residual    142411.387191      MLUPs    2524.02924469    
  4  Maxtime , Mintime + JacobiMi , JacobiMa    4.10709814000        4.10708867400        3.81857696500        3.99837756700       Residual    84767.9940501      MLUPs    2524.41009359    
  4  Maxtime , Mintime + JacobiMi , JacobiMa    4.10613846100        4.10612362600        3.81884165500        3.99885384500       Residual    55350.6292809      MLUPs    2525.00009400    
  4  Maxtime , Mintime + JacobiMi , JacobiMa    4.10820524800        4.10818014300        3.81865754700        3.99971664900       Residual    38518.7376190      MLUPs    2523.72979784    
  4  Maxtime , Mintime + JacobiMi , JacobiMa    4.10856762200        4.10855785100        3.81949395800        4.00138012000       Residual    28086.3459737      MLUPs    2523.50720589    
