# Threadlevel provided:        3 out of        0        1        2        3
  spat_dim , proc_dim, PBC ? 
           1 -Dim Input         2400           4 T
           2 -Dim Input         1800           3 T
           3 -Dim Input         2400           4 T
#   0 Process grid   4   3   4
          28           3           2
          30           3           2
          32           3           2
          34           3           2
          36           3           2
          38           3           2
          40           3           2
          42           3           2
          44           3           2
          46           3           2
           0           3           2
           2           3           2
           4           3           2
           6           3           2
           8           3           2
          10           3           2
          12           3           2
          14           3           2
          16           3           2
          18           3           2
          20           3           2
          22           3           2
          24           3           2
          26           3           2
#   0  Allocated 2 arrays with a total of  3490.68      Mbytes 
           1           3           2
           3           3           2
           5           3           2
           7           3           2
           9           3           2
          11           3           2
          13           3           2
          15           3           2
          17           3           2
          19           3           2
          21           3           2
          23           3           2
          25           3           2
          27           3           2
          29           3           2
          31           3           2
          33           3           2
          35           3           2
          37           3           2
          39           3           2
          41           3           2
          43           3           2
          45           3           2
          47           3           2
# StartResidual    0.00000000000    
  4  Maxtime , Mintime + JacobiMi , JacobiMa    2.00762266200        1.99966748300        1.88243947000        1.92004017100       Residual    40036666.6349      MLUPs    5164.31707823    
  4  Maxtime , Mintime + JacobiMi , JacobiMa    1.97939242400        1.97919908200        1.88198410600        1.91952684400       Residual    6666666.66664      MLUPs    5237.97094214    
  4  Maxtime , Mintime + JacobiMi , JacobiMa    1.98327138900        1.98325756300        1.88259702700        1.92355899500       Residual    1419753.08599      MLUPs    5227.72629984    
  4  Maxtime , Mintime + JacobiMi , JacobiMa    1.98032385200        1.98031546100        1.88225428800        1.92014195600       Residual    421810.699490      MLUPs    5235.50730833    
  4  Maxtime , Mintime + JacobiMi , JacobiMa    1.98792862600        1.98791074400        1.88235989800        1.92827138200       Residual    172753.772289      MLUPs    5215.47899879    
  4  Maxtime , Mintime + JacobiMi , JacobiMa    1.98178840800        1.98176288700        1.88207894100        1.92192540400       Residual    89007.1169946      MLUPs    5231.63823047    
  4  Maxtime , Mintime + JacobiMi , JacobiMa    1.98038967400        1.98037227500        1.88241384400        1.92016542100       Residual    52979.9962815      MLUPs    5235.33329633    
  4  Maxtime , Mintime + JacobiMi , JacobiMa    1.98172822000        1.98172204200        1.88263392500        1.92142485600       Residual    34594.1433006      MLUPs    5231.79712302    
  4  Maxtime , Mintime + JacobiMi , JacobiMa    1.98051621300        1.98050764900        1.88243289600        1.92023993200       Residual    24074.2110118      MLUPs    5234.99880079    
  4  Maxtime , Mintime + JacobiMi , JacobiMa    1.98594701500        1.98594138900        1.88226007500        1.91938010800       Residual    17553.9662335      MLUPs    5220.68309058    
