# Threadlevel provided:        3 out of        0        1        2        3
  spat_dim , proc_dim, PBC ? 
           1 -Dim Input         2400           4 T
           2 -Dim Input         1800           3 T
           3 -Dim Input         2400           4 T
#   0 Process grid   4   3   4
           8           3           2
          10           3           2
          12           3           2
          14           3           2
          16           3           2
          18           3           2
          20           3           2
          22           3           2
          24           3           2
          26           3           2
          28           3           2
          30           3           2
          32           3           2
          34           3           2
          36           3           2
          38           3           2
          40           3           2
          42           3           2
          44           3           2
          46           3           2
           0           3           2
#   0  Allocated 2 arrays with a total of  3490.68      Mbytes 
           2           3           2
           4           3           2
           6           3           2
           1           3           2
           3           3           2
           5           3           2
           7           3           2
           9           3           2
          11           3           2
          13           3           2
          15           3           2
          17           3           2
          19           3           2
          21           3           2
          23           3           2
          25           3           2
          27           3           2
          29           3           2
          31           3           2
          33           3           2
          35           3           2
          37           3           2
          39           3           2
          41           3           2
          43           3           2
          45           3           2
          47           3           2
# StartResidual    0.00000000000    
  4  Maxtime , Mintime + JacobiMi , JacobiMa    1.99710167700        1.98915925500        1.88383143400        1.91974123400       Residual    40036666.6349      MLUPs    5191.52335577    
  4  Maxtime , Mintime + JacobiMi , JacobiMa    1.98217396300        1.98216722700        1.88298802900        1.92212518800       Residual    6666666.66664      MLUPs    5230.62061834    
  4  Maxtime , Mintime + JacobiMi , JacobiMa    1.98292289200        1.98290528300        1.88428957500        1.92289185500       Residual    1419753.08599      MLUPs    5228.64506826    
  4  Maxtime , Mintime + JacobiMi , JacobiMa    1.98304370900        1.98302722700        1.88480208900        1.92293931000       Residual    421810.699490      MLUPs    5228.32651290    
  4  Maxtime , Mintime + JacobiMi , JacobiMa    1.98392282200        1.98390573800        1.88563016000        1.92388370600       Residual    172753.772289      MLUPs    5226.00974445    
  4  Maxtime , Mintime + JacobiMi , JacobiMa    1.98464454800        1.98445196200        1.88625538000        1.92463349700       Residual    89007.1169946      MLUPs    5224.10927964    
  4  Maxtime , Mintime + JacobiMi , JacobiMa    1.98379979700        1.98377597800        1.88495884300        1.92386817300       Residual    52979.9962815      MLUPs    5226.33383453    
  4  Maxtime , Mintime + JacobiMi , JacobiMa    1.98371066700        1.98370231300        1.88708781800        1.92383216900       Residual    34594.1433006      MLUPs    5226.56865866    
  4  Maxtime , Mintime + JacobiMi , JacobiMa    1.98343768900        1.98342848400        1.88730952700        1.92335136100       Residual    24074.2110118      MLUPs    5227.28798464    
  4  Maxtime , Mintime + JacobiMi , JacobiMa    1.98364742500        1.98363809500        1.88670873800        1.92349755500       Residual    17553.9662335      MLUPs    5226.73529042    
