# Threadlevel provided:        3 out of        0        1        2        3
  spat_dim , proc_dim, PBC ? 
           1 -Dim Input         2400           4 T
           2 -Dim Input         1800           3 T
           3 -Dim Input         2400           4 T
#   0 Process grid   4   3   4
           4           3           2
           8           3           2
          12           3           2
          16           3           2
          20           3           2
          24           3           2
          28           3           2
          32           3           2
          36           3           2
          40           3           2
          44           3           2
           0           3           2
#   0  Allocated 2 arrays with a total of  3490.68      Mbytes 
          31           3           2
          33           3           2
          35           3           2
          37           3           2
          39           3           2
          41           3           2
          43           3           2
          45           3           2
          47           3           2
           1           3           2
           3           3           2
           5           3           2
           7           3           2
           9           3           2
          11           3           2
          13           3           2
          15           3           2
          17           3           2
          19           3           2
          23           3           2
          25           3           2
          27           3           2
          29           3           2
          21           3           2
          22           3           2
          30           3           2
          34           3           2
          38           3           2
          42           3           2
          46           3           2
           2           3           2
           6           3           2
          10           3           2
          14           3           2
          18           3           2
          26           3           2
# StartResidual    0.00000000000    
  4  Maxtime , Mintime + JacobiMi , JacobiMa    4.08768147900        4.08756263000        3.80584130500        3.96365441700       Residual    40036666.6349      MLUPs    2536.40114898    
  4  Maxtime , Mintime + JacobiMi , JacobiMa    4.08504663000        4.08503509600        3.80558338400        3.96351832500       Residual    6666666.66664      MLUPs    2538.03712395    
  4  Maxtime , Mintime + JacobiMi , JacobiMa    4.08424152900        4.08423151800        3.80527152700        3.96320890100       Residual    1419753.08599      MLUPs    2538.53743134    
  4  Maxtime , Mintime + JacobiMi , JacobiMa    4.08471975700        4.08435175500        3.80514280800        3.96349330600       Residual    421810.699490      MLUPs    2538.24022621    
  4  Maxtime , Mintime + JacobiMi , JacobiMa    4.08622003900        4.08585475900        3.80510712200        3.96497799900       Residual    172753.772289      MLUPs    2537.30829496    
  4  Maxtime , Mintime + JacobiMi , JacobiMa    4.08787884400        4.08786632900        3.80525716400        3.96685806900       Residual    89007.1169946      MLUPs    2536.27869016    
  4  Maxtime , Mintime + JacobiMi , JacobiMa    4.08564997600        4.08562859700        3.80543579300        3.96443958600       Residual    52979.9962815      MLUPs    2537.66232078    
  4  Maxtime , Mintime + JacobiMi , JacobiMa    4.08627313500        4.08625150700        3.80540844300        3.96504016500       Residual    34594.1433006      MLUPs    2537.27532582    
  4  Maxtime , Mintime + JacobiMi , JacobiMa    4.08782220300        4.08780428700        3.80554252900        3.96663675300       Residual    24074.2110118      MLUPs    2536.31383292    
  4  Maxtime , Mintime + JacobiMi , JacobiMa    4.08935530100        4.08933431000        3.80675438700        3.96817620900       Residual    17553.9662335      MLUPs    2535.36296968    
