# Threadlevel provided:        3 out of        0        1        2        3
  spat_dim , proc_dim, PBC ? 
           1 -Dim Input         9600          16 T
           2 -Dim Input          600           1 T
           3 -Dim Input         1800           3 T
#   0 Process grid  16   1   3
           4           3           2
           6           3           2
           8           3           2
          10           3           2
          12           3           2
          14           3           2
          16           3           2
          18           3           2
          20           3           2
          22           3           2
          24           3           2
          26           3           2
          28           3           2
          30           3           2
          32           3           2
          34           3           2
          36           3           2
          38           3           2
          40           3           2
          42           3           2
          44           3           2
          46           3           2
           0           3           2
#   0  Allocated 2 arrays with a total of  3490.68      Mbytes 
           2           3           2
           5           3           2
           7           3           2
           9           3           2
          11           3           2
          13           3           2
          15           3           2
          17           3           2
          19           3           2
          21           3           2
          23           3           2
          25           3           2
          27           3           2
          31           3           2
          33           3           2
          35           3           2
          37           3           2
          39           3           2
          41           3           2
          43           3           2
          47           3           2
           1           3           2
           3           3           2
          29           3           2
          45           3           2
# StartResidual    0.00000000000    
  4  Maxtime , Mintime + JacobiMi , JacobiMa    4.10464467600        4.10453636700        3.81930390100        3.98901926900       Residual    67066666.6135      MLUPs    2525.91900600    
  4  Maxtime , Mintime + JacobiMi , JacobiMa    4.10089490400        4.10088247300        3.81876268500        3.98898947700       Residual    11166666.6666      MLUPs    2528.22865319    
  4  Maxtime , Mintime + JacobiMi , JacobiMa    4.10074804600        4.10072224400        3.81959650800        3.98891442400       Residual    2378086.41902      MLUPs    2528.31919535    
  4  Maxtime , Mintime + JacobiMi , JacobiMa    4.09917095900        4.09915391800        3.82025925900        3.98713664700       Residual    706532.921637      MLUPs    2529.29192359    
  4  Maxtime , Mintime + JacobiMi , JacobiMa    4.10006232900        4.10004893200        3.81966622500        3.98793696900       Residual    289362.568584      MLUPs    2528.74204537    
  4  Maxtime , Mintime + JacobiMi , JacobiMa    4.10238271000        4.10236043400        3.81936188700        3.99022822200       Residual    149086.920966      MLUPs    2527.31174367    
  4  Maxtime , Mintime + JacobiMi , JacobiMa    4.10128544400        4.10125897000        3.81908794600        3.98921696500       Residual    88741.4937712      MLUPs    2527.98790564    
  4  Maxtime , Mintime + JacobiMi , JacobiMa    4.10338618400        4.10337392000        3.82087221900        3.99107319800       Residual    57945.1900286      MLUPs    2526.69369518    
  4  Maxtime , Mintime + JacobiMi , JacobiMa    4.11897457800        4.11894898700        3.82055344500        4.01283345600       Residual    40324.3034448      MLUPs    2517.13134026    
  4  Maxtime , Mintime + JacobiMi , JacobiMa    4.12149378600        4.12147616100        3.82049077800        4.01525186100       Residual    29402.8934415      MLUPs    2515.59277736    
