# Threadlevel provided:        3 out of        0        1        2        3
  spat_dim , proc_dim, PBC ? 
           1 -Dim Input         9600          16 T
           2 -Dim Input          600           1 T
           3 -Dim Input         1800           3 T
#   0 Process grid  16   1   3
           6           3           2
           7           3           2
           8           3           2
           9           3           2
          10           3           2
          11           3           2
          12           3           2
          13           3           2
          14           3           2
          15           3           2
          16           3           2
          17           3           2
          18           3           2
          19           3           2
          20           3           2
          21           3           2
          22           3           2
          23           3           2
          24           3           2
          25           3           2
          26           3           2
          27           3           2
          28           3           2
          29           3           2
          30           3           2
          31           3           2
          32           3           2
          33           3           2
          34           3           2
          35           3           2
          36           3           2
          37           3           2
          38           3           2
          39           3           2
          40           3           2
          41           3           2
          42           3           2
          43           3           2
          44           3           2
          45           3           2
          46           3           2
          47           3           2
           0           3           2
#   0  Allocated 2 arrays with a total of  3490.68      Mbytes 
           1           3           2
           2           3           2
           3           3           2
           4           3           2
           5           3           2
# StartResidual    0.00000000000    
  4  Maxtime , Mintime + JacobiMi , JacobiMa    4.08646736600        4.08618544700        3.80767493100        3.96673853600       Residual    67066666.6135      MLUPs    2537.15472838    
  4  Maxtime , Mintime + JacobiMi , JacobiMa    4.08462353800        4.08460479700        3.80784878700        3.96832483600       Residual    11166666.6666      MLUPs    2538.30001799    
  4  Maxtime , Mintime + JacobiMi , JacobiMa    4.08495167200        4.08492986900        3.80599696800        3.96840704900       Residual    2378086.41902      MLUPs    2538.09612267    
  4  Maxtime , Mintime + JacobiMi , JacobiMa    4.08578262600        4.08576408900        3.80641229400        3.96941831500       Residual    706532.921637      MLUPs    2537.57993243    
  4  Maxtime , Mintime + JacobiMi , JacobiMa    4.08529523700        4.08527876400        3.80610281900        3.96848241300       Residual    289362.568584      MLUPs    2537.88267396    
  4  Maxtime , Mintime + JacobiMi , JacobiMa    4.08623156300        4.08621369400        3.80731591000        3.96967895200       Residual    149086.920966      MLUPs    2537.30113924    
  4  Maxtime , Mintime + JacobiMi , JacobiMa    4.08497962900        4.08495949000        3.80823045800        3.96812464900       Residual    88741.4937712      MLUPs    2538.07875231    
  4  Maxtime , Mintime + JacobiMi , JacobiMa    4.09431926600        4.09430250100        3.80849966300        3.97092163200       Residual    57945.1900286      MLUPs    2532.28908798    
  4  Maxtime , Mintime + JacobiMi , JacobiMa    4.08599904800        4.08596373100        3.80781430800        3.96919935800       Residual    40324.3034448      MLUPs    2537.44552512    
  4  Maxtime , Mintime + JacobiMi , JacobiMa    4.08654198500        4.08652548900        3.80796810100        3.96995260000       Residual    29402.8934415      MLUPs    2537.10840071    
