# Threadlevel provided:        3 out of        0        1        2        3
  spat_dim , proc_dim, PBC ? 
           1 -Dim Input         9600          16 T
           2 -Dim Input          600           1 T
           3 -Dim Input         1800           3 T
#   0 Process grid  16   1   3
           9           3           2
          10           3           2
          11           3           2
          12           3           2
          13           3           2
          15           3           2
          16           3           2
          17           3           2
          18           3           2
          19           3           2
          20           3           2
          21           3           2
          22           3           2
          23           3           2
          24           3           2
          25           3           2
          26           3           2
          28           3           2
          29           3           2
          31           3           2
          32           3           2
          33           3           2
          34           3           2
          36           3           2
          37           3           2
          38           3           2
          39           3           2
          40           3           2
          41           3           2
          43           3           2
          44           3           2
          45           3           2
          47           3           2
           0           3           2
#   0  Allocated 2 arrays with a total of  3490.68      Mbytes 
           1           3           2
           2           3           2
           3           3           2
           4           3           2
           5           3           2
           6           3           2
           7           3           2
           8           3           2
          14           3           2
          30           3           2
          35           3           2
          42           3           2
          46           3           2
          27           3           2
# StartResidual    0.00000000000    
  4  Maxtime , Mintime + JacobiMi , JacobiMa    5.39509300200        5.38779580200        3.04911646400        5.29228235100       Residual    67066666.6135      MLUPs    1921.74629727    
  4  Maxtime , Mintime + JacobiMi , JacobiMa    4.10290824200        4.10288099800        3.81784193400        3.98981747800       Residual    11166666.6666      MLUPs    2526.98802617    
  4  Maxtime , Mintime + JacobiMi , JacobiMa    4.10274276600        4.10240177900        3.81683966900        3.98983345500       Residual    2378086.41902      MLUPs    2527.08994722    
  4  Maxtime , Mintime + JacobiMi , JacobiMa    4.10350066800        4.09394483400        3.81799521000        3.99027279500       Residual    706532.921637      MLUPs    2526.62320268    
  4  Maxtime , Mintime + JacobiMi , JacobiMa    4.10516348100        4.10483273100        3.81868368300        3.99028684700       Residual    289362.568584      MLUPs    2525.59978378    
  4  Maxtime , Mintime + JacobiMi , JacobiMa    4.10453869200        4.10452736800        3.81822711800        3.99145809000       Residual    149086.920966      MLUPs    2525.98422819    
  4  Maxtime , Mintime + JacobiMi , JacobiMa    4.10594443100        4.10592825100        3.81832658600        3.99229685600       Residual    88741.4937712      MLUPs    2525.11941509    
  4  Maxtime , Mintime + JacobiMi , JacobiMa    4.11365560400        4.11364988400        3.81825834400        3.99272266700       Residual    57945.1900286      MLUPs    2520.38600167    
  4  Maxtime , Mintime + JacobiMi , JacobiMa    4.10679078400        4.10676847800        3.81819454200        3.99363496600       Residual    40324.3034448      MLUPs    2524.59902277    
  4  Maxtime , Mintime + JacobiMi , JacobiMa    4.10566410100        4.10564801400        3.82061200700        3.99213688700       Residual    29402.8934415      MLUPs    2525.29182733    
