# Threadlevel provided:        3 out of        0        1        2        3
  spat_dim , proc_dim, PBC ? 
           1 -Dim Input          600           1 T
           2 -Dim Input         2400           4 T
           3 -Dim Input          600           1 T
#   0 Process grid   1   4   1
           0           3           2
           2           3           2
           3           3           2
           1           3           2
#   0  Allocated 2 arrays with a total of  3490.68      Mbytes 
# StartResidual    0.00000000000    
  4  Maxtime , Mintime + JacobiMi , JacobiMa    1.93700765500        1.93697243900        1.88677924100        1.88869207000       Residual    9019999.99294      MLUPs    446.048830922    
  4  Maxtime , Mintime + JacobiMi , JacobiMa    1.93459010700        1.93458789300        1.88620807700        1.88837237100       Residual    1500000.00000      MLUPs    446.606232955    
  4  Maxtime , Mintime + JacobiMi , JacobiMa    1.93496368200        1.93496232300        1.88658893800        1.88873766400       Residual    319444.444326      MLUPs    446.520008638    
  4  Maxtime , Mintime + JacobiMi , JacobiMa    1.93465788800        1.93465712800        1.88627191700        1.88846321900       Residual    94907.4073866      MLUPs    446.590586046    
  4  Maxtime , Mintime + JacobiMi , JacobiMa    1.93494463900        1.93494386400        1.88654769200        1.88871817000       Residual    38869.5987667      MLUPs    446.524403120    
  4  Maxtime , Mintime + JacobiMi , JacobiMa    1.93459290400        1.93459233100        1.88637746800        1.88836487200       Residual    20026.6013253      MLUPs    446.605587260    
  4  Maxtime , Mintime + JacobiMi , JacobiMa    1.93485227800        1.93485132700        1.88649671200        1.88859755500       Residual    11920.4991638      MLUPs    446.545718153    
  4  Maxtime , Mintime + JacobiMi , JacobiMa    1.93471296700        1.93471204700        1.88647450000        1.88849198100       Residual    7783.68224239      MLUPs    446.577872138    
  4  Maxtime , Mintime + JacobiMi , JacobiMa    1.93508999400        1.93508897100        1.88663845600        1.88854286900       Residual    5416.69747709      MLUPs    446.490862275    
  4  Maxtime , Mintime + JacobiMi , JacobiMa    1.93454759300        1.93454740100        1.88630451200        1.88833728200       Residual    3949.64240274      MLUPs    446.616047662    
