# Threadlevel provided:        3 out of        0        1        2        3
  spat_dim , proc_dim, PBC ? 
           1 -Dim Input          600           1 T
           2 -Dim Input          600           1 T
           3 -Dim Input        14400          24 T
#   0 Process grid   1   1  24
           5           3           2
           6           3           2
           7           3           2
           8           3           2
           9           3           2
          10           3           2
          11           3           2
          12           3           2
          13           3           2
          14           3           2
          15           3           2
          16           3           2
          17           3           2
          18           3           2
          19           3           2
          20           3           2
          21           3           2
          22           3           2
          23           3           2
           0           3           2
#   0  Allocated 2 arrays with a total of  3490.68      Mbytes 
           1           3           2
           2           3           2
           3           3           2
           4           3           2
# StartResidual    0.00000000000    
  4  Maxtime , Mintime + JacobiMi , JacobiMa    3.06171138600        3.06147697400        2.85074818700        2.96522810900       Residual    49086666.6282      MLUPs    1693.17069653    
  4  Maxtime , Mintime + JacobiMi , JacobiMa    3.06108180300        3.06106732700        2.84970436000        2.96701097600       Residual    8166666.66662      MLUPs    1693.51893665    
  4  Maxtime , Mintime + JacobiMi , JacobiMa    3.06042212500        3.06041622700        2.85007510200        2.96624404500       Residual    1739197.53023      MLUPs    1693.88397687    
  4  Maxtime , Mintime + JacobiMi , JacobiMa    3.06021755000        3.06020706700        2.85044188400        2.96617619400       Residual    516718.106883      MLUPs    1693.99721271    
  4  Maxtime , Mintime + JacobiMi , JacobiMa    3.06100556100        3.06099452600        2.84957641100        2.96700388300       Residual    211623.371058      MLUPs    1693.56111797    
  4  Maxtime , Mintime + JacobiMi , JacobiMa    3.05979382200        3.05975940200        2.85093156600        2.96573848400       Residual    109033.718325      MLUPs    1694.23180174    
  4  Maxtime , Mintime + JacobiMi , JacobiMa    3.06043482900        3.06042219600        2.85039390900        2.96653393600       Residual    64900.4954468      MLUPs    1693.87694548    
  4  Maxtime , Mintime + JacobiMi , JacobiMa    3.06068384100        3.06067762300        2.85125781000        2.96673791800       Residual    42377.8255427      MLUPs    1693.73913455    
  4  Maxtime , Mintime + JacobiMi , JacobiMa    3.06031945900        3.06029784400        2.85227599400        2.96627296300       Residual    29490.9084872      MLUPs    1693.94080241    
  4  Maxtime , Mintime + JacobiMi , JacobiMa    3.06105478900        3.06103867800        2.85293746900        2.96713201100       Residual    21503.6086374      MLUPs    1693.53388206    
