# Threadlevel provided:        3 out of        0        1        2        3
  spat_dim , proc_dim, PBC ? 
           1 -Dim Input        14400          24 T
           2 -Dim Input          600           1 T
           3 -Dim Input          600           1 T
#   0 Process grid  24   1   1
           0           3           2
           4           3           2
           6           3           2
           8           3           2
          10           3           2
          12           3           2
          14           3           2
          16           3           2
          18           3           2
          20           3           2
          22           3           2
           2           3           2
#   0  Allocated 2 arrays with a total of  3490.68      Mbytes 
           1           3           2
           5           3           2
           7           3           2
           9           3           2
          11           3           2
          13           3           2
          15           3           2
          17           3           2
          19           3           2
          21           3           2
          23           3           2
           3           3           2
# StartResidual    0.00000000000    
  4  Maxtime , Mintime + JacobiMi , JacobiMa    1.95972444000        1.95856513300        1.88155630700        1.89656087900       Residual    49086666.6282      MLUPs    2645.26986253    
  4  Maxtime , Mintime + JacobiMi , JacobiMa    1.95624272200        1.95622777300        1.88205133600        1.89650505400       Residual    8166666.66664      MLUPs    2649.97791005    
  4  Maxtime , Mintime + JacobiMi , JacobiMa    1.95615433700        1.95613141200        1.88155684700        1.89626377400       Residual    1739197.53031      MLUPs    2650.09764411    
  4  Maxtime , Mintime + JacobiMi , JacobiMa    1.95637142200        1.95636579700        1.88178553400        1.89657234800       Residual    516718.106874      MLUPs    2649.80358111    
  4  Maxtime , Mintime + JacobiMi , JacobiMa    1.95614787300        1.95613315900        1.88145180900        1.89626280100       Residual    211623.371059      MLUPs    2650.10640124    
  4  Maxtime , Mintime + JacobiMi , JacobiMa    1.95613534900        1.95611694500        1.88177939800        1.89638162700       Residual    109033.718322      MLUPs    2650.12336833    
  4  Maxtime , Mintime + JacobiMi , JacobiMa    1.95619540600        1.95618916900        1.88158771100        1.89634385800       Residual    64900.4954457      MLUPs    2650.04200710    
  4  Maxtime , Mintime + JacobiMi , JacobiMa    1.95635382000        1.95634819900        1.88170194700        1.89656926400       Residual    42377.8255432      MLUPs    2649.82742232    
  4  Maxtime , Mintime + JacobiMi , JacobiMa    1.95609352500        1.95608823600        1.88128732500        1.89624751500       Residual    29490.9084880      MLUPs    2650.18003165    
  4  Maxtime , Mintime + JacobiMi , JacobiMa    1.95629929000        1.95629014000        1.88178040400        1.89646983700       Residual    21503.6086373      MLUPs    2649.90128377    
