# Threadlevel provided:        3 out of        0        1        2        3
  spat_dim , proc_dim, PBC ? 
           1 -Dim Input         1200           2 T
           2 -Dim Input          600           1 T
           3 -Dim Input        14400          24 T
#   0 Process grid   2   1  24
           1           3           2
           2           3           2
           3           3           2
           4           3           2
           5           3           2
           6           3           2
           7           3           2
           8           3           2
           9           3           2
          10           3           2
          11           3           2
          12           3           2
          13           3           2
          14           3           2
          15           3           2
          16           3           2
          17           3           2
          18           3           2
          19           3           2
          20           3           2
          22           3           2
          23           3           2
          24           3           2
          25           3           2
          26           3           2
          27           3           2
          28           3           2
          29           3           2
          30           3           2
          31           3           2
          32           3           2
          33           3           2
          34           3           2
          35           3           2
          36           3           2
          37           3           2
          39           3           2
          40           3           2
          42           3           2
          43           3           2
          44           3           2
          45           3           2
          46           3           2
          47           3           2
           0           3           2
#   0  Allocated 2 arrays with a total of  3490.68      Mbytes 
          21           3           2
          38           3           2
          41           3           2
# StartResidual    0.00000000000    
  4  Maxtime , Mintime + JacobiMi , JacobiMa    4.10928191700        4.10902947900        3.81813135500        3.99581795800       Residual    74089999.9415      MLUPs    2523.06855782    
  4  Maxtime , Mintime + JacobiMi , JacobiMa    4.10733017100        4.10730326500        3.81955618300        3.99709602900       Residual    12333333.3333      MLUPs    2524.26748480    
  4  Maxtime , Mintime + JacobiMi , JacobiMa    4.10551682900        4.10548785300        3.81851897800        3.99448044900       Residual    2626543.20909      MLUPs    2525.38241392    
  4  Maxtime , Mintime + JacobiMi , JacobiMa    4.10638881300        4.10636599100        3.81950069100        3.99497745300       Residual    780349.794072      MLUPs    2524.84615368    
  4  Maxtime , Mintime + JacobiMi , JacobiMa    4.10562562700        4.10530927500        3.81785132400        3.99485633900       Residual    319594.478737      MLUPs    2525.31549195    
  4  Maxtime , Mintime + JacobiMi , JacobiMa    4.10734750100        4.10733402100        3.81850410800        3.99678529700       Residual    164663.166440      MLUPs    2524.25683424    
  4  Maxtime , Mintime + JacobiMi , JacobiMa    4.10671498700        4.10669205800        3.81892684400        3.99539054800       Residual    98012.9931206      MLUPs    2524.64561890    
  4  Maxtime , Mintime + JacobiMi , JacobiMa    4.10815486300        4.10814393700        3.81952035600        3.99763074700       Residual    63999.1651059      MLUPs    2523.76075045    
  4  Maxtime , Mintime + JacobiMi , JacobiMa    4.10867140500        4.10866005700        3.81922180700        3.99813875400       Residual    44537.2903723      MLUPs    2523.44346335    
  4  Maxtime , Mintime + JacobiMi , JacobiMa    4.10908315900        4.10906482700        3.82015390500        3.99788245400       Residual    32474.8375320      MLUPs    2523.19059966    
