# Threadlevel provided:        3 out of        0        1        2        3
  spat_dim , proc_dim, PBC ? 
           1 -Dim Input         1200           2 T
           2 -Dim Input          600           1 T
           3 -Dim Input        14400          24 T
#   0 Process grid   2   1  24
          19           3           2
          20           3           2
          22           3           2
          23           3           2
          26           3           2
          27           3           2
          32           3           2
          33           3           2
          35           3           2
          36           3           2
          38           3           2
          39           3           2
          40           3           2
          42           3           2
          46           3           2
          47           3           2
           0           3           2
#   0  Allocated 2 arrays with a total of  3490.68      Mbytes 
           1           3           2
           2           3           2
           3           3           2
           4           3           2
           6           3           2
           7           3           2
           8           3           2
          10           3           2
          11           3           2
          14           3           2
          15           3           2
          18           3           2
          12           3           2
          28           3           2
          43           3           2
          44           3           2
          31           3           2
          25           3           2
          30           3           2
          34           3           2
          41           3           2
           9           3           2
          17           3           2
           5           3           2
          13           3           2
          16           3           2
          21           3           2
          29           3           2
          37           3           2
          45           3           2
          24           3           2
# StartResidual    0.00000000000    
  4  Maxtime , Mintime + JacobiMi , JacobiMa    4.08454762000        4.08408670800        3.81056381400        3.96389066100       Residual    74089999.9415      MLUPs    2538.34719645    
  4  Maxtime , Mintime + JacobiMi , JacobiMa    4.08304270800        4.08301631100        3.81058991700        3.96535041600       Residual    12333333.3333      MLUPs    2539.28277059    
  4  Maxtime , Mintime + JacobiMi , JacobiMa    4.08222919500        4.08219464400        3.81149172000        3.96425657000       Residual    2626543.20909      MLUPs    2539.78880282    
  4  Maxtime , Mintime + JacobiMi , JacobiMa    4.08381435700        4.08379724900        3.81196026400        3.96571089900       Residual    780349.794072      MLUPs    2538.80296547    
  4  Maxtime , Mintime + JacobiMi , JacobiMa    4.08255915800        4.08253908400        3.81073758200        3.96455357900       Residual    319594.478737      MLUPs    2539.58353051    
  4  Maxtime , Mintime + JacobiMi , JacobiMa    4.08343510000        4.08342010100        3.81086715400        3.96551475400       Residual    164663.166440      MLUPs    2539.03876175    
  4  Maxtime , Mintime + JacobiMi , JacobiMa    4.08238636100        4.08236698000        3.81159420100        3.96436760400       Residual    98012.9931206      MLUPs    2539.69102460    
  4  Maxtime , Mintime + JacobiMi , JacobiMa    4.08418793300        4.08416362900        3.81176343100        3.96640340500       Residual    63999.1651059      MLUPs    2538.57074407    
  4  Maxtime , Mintime + JacobiMi , JacobiMa    4.08464848800        4.08462990600        3.81171133700        3.96654415600       Residual    44537.2903723      MLUPs    2538.28451346    
  4  Maxtime , Mintime + JacobiMi , JacobiMa    4.08228422300        4.08224383000        3.81215193500        3.96591121900       Residual    32474.8375320      MLUPs    2539.75456721    
