# Threadlevel provided:        3 out of        0        1        2        3
  spat_dim , proc_dim, PBC ? 
           1 -Dim Input         1800           3 T
           2 -Dim Input         4800           8 T
           3 -Dim Input         1200           2 T
#   0 Process grid   3   8   2
          10           3           2
          12           3           2
          14           3           2
          16           3           2
          18           3           2
          20           3           2
          22           3           2
          24           3           2
          26           3           2
          28           3           2
          30           3           2
          32           3           2
          34           3           2
          36           3           2
          38           3           2
          40           3           2
          42           3           2
          44           3           2
          46           3           2
           0           3           2
#   0  Allocated 2 arrays with a total of  3490.68      Mbytes 
           2           3           2
           4           3           2
           6           3           2
           8           3           2
           3           3           2
           5           3           2
           7           3           2
           9           3           2
          11           3           2
          13           3           2
          15           3           2
          17           3           2
          19           3           2
          21           3           2
          23           3           2
          25           3           2
          27           3           2
          29           3           2
          31           3           2
          33           3           2
          35           3           2
          37           3           2
          39           3           2
          41           3           2
          43           3           2
          45           3           2
          47           3           2
           1           3           2
# StartResidual    0.00000000000    
  4  Maxtime , Mintime + JacobiMi , JacobiMa    4.10867840200        4.10820697200        3.81868803500        3.99196074400       Residual    46043333.2968      MLUPs    2523.43916597    
  4  Maxtime , Mintime + JacobiMi , JacobiMa    4.10632820800        4.10630266000        3.81925896700        3.99212149400       Residual    7666666.66663      MLUPs    2524.88341770    
  4  Maxtime , Mintime + JacobiMi , JacobiMa    4.10676552300        4.10675115400        3.81835490000        3.99395664900       Residual    1632716.04889      MLUPs    2524.61455175    
  4  Maxtime , Mintime + JacobiMi , JacobiMa    4.10969767800        4.10968632800        3.81854237300        3.99608681800       Residual    485082.304417      MLUPs    2522.81330948    
  4  Maxtime , Mintime + JacobiMi , JacobiMa    4.10719633300        4.10688590400        3.81799526000        3.99438470800       Residual    198666.838132      MLUPs    2524.34974114    
  4  Maxtime , Mintime + JacobiMi , JacobiMa    4.10749693300        4.10748439800        3.81916095100        3.99463086500       Residual    102358.184543      MLUPs    2524.16500100    
  4  Maxtime , Mintime + JacobiMi , JacobiMa    4.10868073900        4.10865830100        3.81974685700        3.99588906100       Residual    60926.9957236      MLUPs    2523.43773065    
  4  Maxtime , Mintime + JacobiMi , JacobiMa    4.10919345600        4.10918260300        3.81983563100        3.99652595400       Residual    39783.2647956      MLUPs    2523.12287339    
  4  Maxtime , Mintime + JacobiMi , JacobiMa    4.10852711400        4.10851187900        3.81876213400        3.99577935700       Residual    27685.3426636      MLUPs    2523.53208639    
  4  Maxtime , Mintime + JacobiMi , JacobiMa    4.11095191700        4.11094010200        3.81915405400        3.99819182600       Residual    20187.0611684      MLUPs    2522.04360677    
