# Threadlevel provided:        3 out of        0        1        2        3
  spat_dim , proc_dim, PBC ? 
           1 -Dim Input         4800           8 T
           2 -Dim Input          600           1 T
           3 -Dim Input         3600           6 T
#   0 Process grid   8   1   6
           6           3           2
           8           3           2
          10           3           2
          14           3           2
          16           3           2
          18           3           2
          20           3           2
          22           3           2
          24           3           2
          26           3           2
          28           3           2
          30           3           2
          32           3           2
          34           3           2
          36           3           2
          38           3           2
          40           3           2
          42           3           2
          44           3           2
          46           3           2
           0           3           2
#   0  Allocated 2 arrays with a total of  3490.68      Mbytes 
           2           3           2
           4           3           2
          12           3           2
           1           3           2
           3           3           2
           5           3           2
           7           3           2
           9           3           2
          11           3           2
          13           3           2
          15           3           2
          17           3           2
          19           3           2
          21           3           2
          23           3           2
          25           3           2
          27           3           2
          29           3           2
          31           3           2
          33           3           2
          35           3           2
          37           3           2
          39           3           2
          41           3           2
          43           3           2
          45           3           2
          47           3           2
# StartResidual    0.00000000000    
  4  Maxtime , Mintime + JacobiMi , JacobiMa    1.99401084500        1.99128592500        1.88229132700        1.91549034900       Residual    62049999.9507      MLUPs    5199.57051688    
  4  Maxtime , Mintime + JacobiMi , JacobiMa    1.97774093400        1.97772589800        1.88210437700        1.92313591300       Residual    10333333.3333      MLUPs    5242.34485001    
  4  Maxtime , Mintime + JacobiMi , JacobiMa    1.97896916200        1.97895304900        1.88195861600        1.92431403600       Residual    2200617.28328      MLUPs    5239.09123956    
  4  Maxtime , Mintime + JacobiMi , JacobiMa    1.97984454700        1.97983001900        1.88192805700        1.92399714400       Residual    653806.584203      MLUPs    5236.77478402    
  4  Maxtime , Mintime + JacobiMi , JacobiMa    1.97680241900        1.97678499200        1.88204915000        1.92330770900       Residual    267768.347048      MLUPs    5244.83372761    
  4  Maxtime , Mintime + JacobiMi , JacobiMa    1.97757018400        1.97755790800        1.88181915900        1.92372994900       Residual    137961.031342      MLUPs    5242.79749153    
  4  Maxtime , Mintime + JacobiMi , JacobiMa    1.97743963300        1.97741021100        1.88224098200        1.92368958800       Residual    82118.9942360      MLUPs    5243.14362217    
  4  Maxtime , Mintime + JacobiMi , JacobiMa    1.97728538500        1.97725481600        1.88205887600        1.92376546900       Residual    53620.9221160      MLUPs    5243.55263972    
  4  Maxtime , Mintime + JacobiMi , JacobiMa    1.97726873800        1.97724535500        1.88314620000        1.92352208800       Residual    37315.0270683      MLUPs    5243.59678618    
  4  Maxtime , Mintime + JacobiMi , JacobiMa    1.97781033600        1.97768753800        1.88343526300        1.92397576200       Residual    27208.6476621      MLUPs    5242.16089444    
