# Threadlevel provided:        3 out of        0        1        2        3
  spat_dim , proc_dim, PBC ? 
           1 -Dim Input         4800           8 T
           2 -Dim Input          600           1 T
           3 -Dim Input         3600           6 T
#   0 Process grid   8   1   6
          20           3           2
          24           3           2
          26           3           2
          32           3           2
          36           3           2
          38           3           2
          40           3           2
          42           3           2
          46           3           2
           0           3           2
#   0  Allocated 2 arrays with a total of  3490.68      Mbytes 
           2           3           2
           4           3           2
           6           3           2
           8           3           2
          10           3           2
          12           3           2
          14           3           2
          16           3           2
          18           3           2
          22           3           2
          28           3           2
          30           3           2
          34           3           2
           1           3           2
          44           3           2
           3           3           2
           5           3           2
           7           3           2
           9           3           2
          11           3           2
          13           3           2
          15           3           2
          17           3           2
          19           3           2
          21           3           2
          23           3           2
          25           3           2
          27           3           2
          29           3           2
          31           3           2
          33           3           2
          35           3           2
          37           3           2
          39           3           2
          41           3           2
          43           3           2
          45           3           2
          47           3           2
# StartResidual    0.00000000000    
  4  Maxtime , Mintime + JacobiMi , JacobiMa    1.99839589800        1.99046887400        1.88241008300        1.91802254400       Residual    62049999.9507      MLUPs    5188.16116985    
  4  Maxtime , Mintime + JacobiMi , JacobiMa    1.99056365300        1.99055539700        1.88599627600        1.93747146800       Residual    10333333.3333      MLUPs    5208.57496035    
  4  Maxtime , Mintime + JacobiMi , JacobiMa    1.98721149900        1.98720601400        1.88581905700        1.93434247100       Residual    2200617.28328      MLUPs    5217.36111391    
  4  Maxtime , Mintime + JacobiMi , JacobiMa    1.98712799200        1.98711557400        1.88419753000        1.93393872500       Residual    653806.584203      MLUPs    5217.58036812    
  4  Maxtime , Mintime + JacobiMi , JacobiMa    1.98596083500        1.98594949400        1.88478663000        1.93294067300       Residual    267768.347048      MLUPs    5220.64676064    
  4  Maxtime , Mintime + JacobiMi , JacobiMa    1.98658333900        1.98657150000        1.88448866700        1.93350043900       Residual    137961.031342      MLUPs    5219.01084966    
  4  Maxtime , Mintime + JacobiMi , JacobiMa    1.98598688100        1.98596811000        1.88461695900        1.93261638100       Residual    82118.9942360      MLUPs    5220.57829243    
  4  Maxtime , Mintime + JacobiMi , JacobiMa    1.98633838000        1.98633320700        1.88345477300        1.93311972700       Residual    53620.9221160      MLUPs    5219.65446794    
  4  Maxtime , Mintime + JacobiMi , JacobiMa    1.98731042100        1.98728806800        1.88371403800        1.93430542100       Residual    37315.0270683      MLUPs    5217.10141025    
  4  Maxtime , Mintime + JacobiMi , JacobiMa    1.98887131800        1.98885747700        1.88457226400        1.93579435000       Residual    27208.6476621      MLUPs    5213.00694830    
