# Threadlevel provided:        3 out of        0        1        2        3
  spat_dim , proc_dim, PBC ? 
           1 -Dim Input         4800           8 T
           2 -Dim Input         1200           2 T
           3 -Dim Input         1800           3 T
#   0 Process grid   8   2   3
          11           3           2
          12           3           2
          13           3           2
          14           3           2
          16           3           2
          17           3           2
          18           3           2
          20           3           2
          21           3           2
          22           3           2
          24           3           2
          26           3           2
          27           3           2
          29           3           2
          30           3           2
          32           3           2
          34           3           2
          36           3           2
          37           3           2
          38           3           2
          40           3           2
          42           3           2
          43           3           2
          44           3           2
          45           3           2
          46           3           2
           0           3           2
#   0  Allocated 2 arrays with a total of  3490.68      Mbytes 
           1           3           2
           2           3           2
           3           3           2
           4           3           2
           5           3           2
           6           3           2
           8           3           2
          10           3           2
          19           3           2
          33           3           2
          35           3           2
           9           3           2
          25           3           2
          28           3           2
          41           3           2
           7           3           2
          15           3           2
          23           3           2
          31           3           2
          39           3           2
          47           3           2
# StartResidual    0.00000000000    
  4  Maxtime , Mintime + JacobiMi , JacobiMa    4.10835823000        4.10824723600        3.81789158800        3.99045145900       Residual    46043333.2968      MLUPs    2523.63582228    
  4  Maxtime , Mintime + JacobiMi , JacobiMa    4.13825103200        4.13822662400        3.81839769100        4.02093991500       Residual    7666666.66662      MLUPs    2505.40625009    
  4  Maxtime , Mintime + JacobiMi , JacobiMa    4.13792865200        4.13789845000        3.81794942900        4.02030124100       Residual    1632716.04888      MLUPs    2505.60144264    
  4  Maxtime , Mintime + JacobiMi , JacobiMa    4.14176246900        4.14173998800        3.81835808100        4.01959365100       Residual    485082.304407      MLUPs    2503.28213595    
  4  Maxtime , Mintime + JacobiMi , JacobiMa    4.13650651900        4.13649630800        3.81854649900        4.01504175500       Residual    198666.838132      MLUPs    2506.46286966    
  4  Maxtime , Mintime + JacobiMi , JacobiMa    4.14071629900        4.13987007700        3.81870921400        4.01775344500       Residual    102358.184544      MLUPs    2503.91460108    
  4  Maxtime , Mintime + JacobiMi , JacobiMa    4.14082152100        4.14080986300        3.81871035300        4.02505074800       Residual    60926.9957236      MLUPs    2503.85097436    
  4  Maxtime , Mintime + JacobiMi , JacobiMa    4.13136069400        4.13133877400        3.81892584400        4.01359839900       Residual    39783.2647958      MLUPs    2509.58479976    
  4  Maxtime , Mintime + JacobiMi , JacobiMa    4.13409153800        4.13407368600        3.81983977100        4.01491851000       Residual    27685.3426636      MLUPs    2507.92705113    
  4  Maxtime , Mintime + JacobiMi , JacobiMa    4.16290805600        4.16288360400        3.82049581500        4.03794794900       Residual    20187.0611687      MLUPs    2490.56665690    
