# Threadlevel provided:        3 out of        0        1        2        3
  spat_dim , proc_dim, PBC ? 
           1 -Dim Input         4800           8 T
           2 -Dim Input         1200           2 T
           3 -Dim Input         1800           3 T
#   0 Process grid   8   2   3
           5           3           2
           7           3           2
           8           3           2
           9           3           2
          12           3           2
          15           3           2
          16           3           2
          19           3           2
          21           3           2
          23           3           2
          24           3           2
          25           3           2
          27           3           2
          28           3           2
          31           3           2
          32           3           2
          33           3           2
          35           3           2
          36           3           2
          37           3           2
          39           3           2
          40           3           2
          41           3           2
          43           3           2
          44           3           2
          47           3           2
           0           3           2
#   0  Allocated 2 arrays with a total of  3490.68      Mbytes 
           1           3           2
           3           3           2
           4           3           2
          11           3           2
          17           3           2
          20           3           2
          13           3           2
          29           3           2
          45           3           2
           2           3           2
           6           3           2
          18           3           2
          22           3           2
          26           3           2
          34           3           2
          38           3           2
          42           3           2
          10           3           2
          14           3           2
          30           3           2
          46           3           2
# StartResidual    0.00000000000    
  4  Maxtime , Mintime + JacobiMi , JacobiMa    4.08531522900        4.08457819000        3.80679774800        3.96307954800       Residual    46043333.2968      MLUPs    2537.87025452    
  4  Maxtime , Mintime + JacobiMi , JacobiMa    4.08422862500        4.08420516200        3.81188633600        3.96530768500       Residual    7666666.66662      MLUPs    2538.54545177    
  4  Maxtime , Mintime + JacobiMi , JacobiMa    4.09220385200        4.09217623400        3.81173651600        3.96425155500       Residual    1632716.04888      MLUPs    2533.59812340    
  4  Maxtime , Mintime + JacobiMi , JacobiMa    4.08334039600        4.08332423600        3.81243987200        3.96418908200       Residual    485082.304407      MLUPs    2539.09764911    
  4  Maxtime , Mintime + JacobiMi , JacobiMa    4.08429515600        4.08428304000        3.81212323200        3.96530605800       Residual    198666.838132      MLUPs    2538.50410022    
  4  Maxtime , Mintime + JacobiMi , JacobiMa    4.08524909500        4.08523202200        3.81169878400        3.96607534300       Residual    102358.184544      MLUPs    2537.91133879    
  4  Maxtime , Mintime + JacobiMi , JacobiMa    4.08336955500        4.08335532700        3.81185730400        3.96421317800       Residual    60926.9957236      MLUPs    2539.07951763    
  4  Maxtime , Mintime + JacobiMi , JacobiMa    4.08569984400        4.08568800400        3.81313622700        3.96641606100       Residual    39783.2647958      MLUPs    2537.63134735    
  4  Maxtime , Mintime + JacobiMi , JacobiMa    4.08506074500        4.08505160700        3.81220632900        3.96623109000       Residual    27685.3426636      MLUPs    2538.02835434    
  4  Maxtime , Mintime + JacobiMi , JacobiMa    4.08600517600        4.08599390700        3.81327700800        3.96671778200       Residual    20187.0611687      MLUPs    2537.44171958    
