# Threadlevel provided:        3 out of        0        1        2        3
  spat_dim , proc_dim, PBC ? 
           1 -Dim Input         4800           8 T
           2 -Dim Input         1200           2 T
           3 -Dim Input         1800           3 T
#   0 Process grid   8   2   3
           8           3           2
          12           3           2
          16           3           2
          18           3           2
          20           3           2
          24           3           2
          28           3           2
          32           3           2
          36           3           2
          40           3           2
           0           3           2
           2           3           2
           4           3           2
          37           3           2
          45           3           2
          46           3           2
           1           3           2
           3           3           2
           5           3           2
           6           3           2
           7           3           2
          11           3           2
          14           3           2
          15           3           2
          17           3           2
          19           3           2
          22           3           2
          27           3           2
          29           3           2
          31           3           2
          39           3           2
          43           3           2
          47           3           2
#   0  Allocated 2 arrays with a total of  3490.68      Mbytes 
           9           3           2
          10           3           2
          13           3           2
          23           3           2
          25           3           2
          26           3           2
          33           3           2
          34           3           2
          41           3           2
          42           3           2
          44           3           2
          38           3           2
          21           3           2
          30           3           2
          35           3           2
# StartResidual    0.00000000000    
  4  Maxtime , Mintime + JacobiMi , JacobiMa    4.08497852400        4.08432951800        3.80277806100        3.96168024000       Residual    46043333.2968      MLUPs    2538.07943887    
  4  Maxtime , Mintime + JacobiMi , JacobiMa    4.08282098500        4.08280096700        3.80368094100        3.96253271400       Residual    7666666.66662      MLUPs    2539.42066970    
  4  Maxtime , Mintime + JacobiMi , JacobiMa    4.07811938600        4.07810891700        3.80279674000        3.94837913500       Residual    1632716.04888      MLUPs    2542.34832742    
  4  Maxtime , Mintime + JacobiMi , JacobiMa    4.08199907300        4.08198047300        3.80328506500        3.96140631200       Residual    485082.304407      MLUPs    2539.93198298    
  4  Maxtime , Mintime + JacobiMi , JacobiMa    4.08157612500        4.08156157400        3.80356449300        3.96162153000       Residual    198666.838132      MLUPs    2540.19518012    
  4  Maxtime , Mintime + JacobiMi , JacobiMa    4.08245269100        4.08242661200        3.80389376600        3.96279455200       Residual    102358.184544      MLUPs    2539.64976076    
  4  Maxtime , Mintime + JacobiMi , JacobiMa    4.08231202200        4.08229191600        3.80404356900        3.96208100800       Residual    60926.9957236      MLUPs    2539.73727244    
  4  Maxtime , Mintime + JacobiMi , JacobiMa    4.08356577700        4.08353245100        3.80442413600        3.96340991300       Residual    39783.2647958      MLUPs    2538.95751071    
  4  Maxtime , Mintime + JacobiMi , JacobiMa    4.08371218200        4.08369250800        3.80289765900        3.96381960400       Residual    27685.3426636      MLUPs    2538.86648665    
  4  Maxtime , Mintime + JacobiMi , JacobiMa    4.08463360500        4.08462398900        3.80354352700        3.96477102400       Residual    20187.0611687      MLUPs    2538.29376209    
