# Threadlevel provided:        3 out of        0        1        2        3
  spat_dim , proc_dim, PBC ? 
           1 -Dim Input         2400           4 T
           2 -Dim Input         1800           3 T
           3 -Dim Input         1200           2 T
#   0 Process grid   4   3   2
           5           3           2
           6           3           2
           7           3           2
           8           3           2
           9           3           2
          10           3           2
          11           3           2
          12           3           2
          13           3           2
          14           3           2
          15           3           2
          16           3           2
          17           3           2
          18           3           2
          19           3           2
          20           3           2
          21           3           2
          22           3           2
          23           3           2
           0           3           2
#   0  Allocated 2 arrays with a total of  3490.68      Mbytes 
           1           3           2
           2           3           2
           3           3           2
           4           3           2
# StartResidual    0.00000000000    
  4  Maxtime , Mintime + JacobiMi , JacobiMa    3.06535459100        3.06527539200        2.85335421100        2.96941777900       Residual    26029999.9794      MLUPs    1691.15834599    
  4  Maxtime , Mintime + JacobiMi , JacobiMa    3.06431669400        3.06430718600        2.85281066300        2.97100542000       Residual    4333333.33331      MLUPs    1691.73114846    
  4  Maxtime , Mintime + JacobiMi , JacobiMa    3.06411203000        3.06410790300        2.85272939000        2.97072346200       Residual    922839.505890      MLUPs    1691.84414579    
  4  Maxtime , Mintime + JacobiMi , JacobiMa    3.06354798600        3.06352390800        2.85319399900        2.97008136700       Residual    274176.954668      MLUPs    1692.15563905    
  4  Maxtime , Mintime + JacobiMi , JacobiMa    3.06138497400        3.06138112900        2.85182460100        2.96791911700       Residual    112289.951988      MLUPs    1693.35122633    
  4  Maxtime , Mintime + JacobiMi , JacobiMa    3.06289160500        3.06288720200        2.85105067200        2.96952291900       Residual    57854.6260466      MLUPs    1692.51826984    
  4  Maxtime , Mintime + JacobiMi , JacobiMa    3.06237248300        3.06236842600        2.85200618200        2.96902984400       Residual    34436.9975829      MLUPs    1692.80517925    
  4  Maxtime , Mintime + JacobiMi , JacobiMa    3.06383727900        3.06380371000        2.85293052600        2.97044588100       Residual    22486.1931454      MLUPs    1691.99586268    
  4  Maxtime , Mintime + JacobiMi , JacobiMa    3.06446959100        3.06444345700        2.85316447500        2.97109495300       Residual    15648.2371577      MLUPs    1691.64674214    
  4  Maxtime , Mintime + JacobiMi , JacobiMa    3.06352467000        3.06352163900        2.85204627200        2.97019506500       Residual    11410.0780518      MLUPs    1692.16851777    
