# Threadlevel provided:        3 out of        0        1        2        3
  spat_dim , proc_dim, PBC ? 
           1 -Dim Input         2400           4 T
           2 -Dim Input         1800           3 T
           3 -Dim Input         1200           2 T
#   0 Process grid   4   3   2
           3           3           2
           4           3           2
           5           3           2
           6           3           2
           7           3           2
           8           3           2
           9           3           2
          10           3           2
          11           3           2
          12           3           2
          13           3           2
          14           3           2
          15           3           2
          16           3           2
          17           3           2
          18           3           2
          19           3           2
          20           3           2
          21           3           2
          22           3           2
          23           3           2
           0           3           2
#   0  Allocated 2 arrays with a total of  3490.68      Mbytes 
           1           3           2
           2           3           2
# StartResidual    0.00000000000    
  4  Maxtime , Mintime + JacobiMi , JacobiMa    3.06505647400        3.06498007500        2.85144009600        2.96864072200       Residual    26029999.9794      MLUPs    1691.32283336    
  4  Maxtime , Mintime + JacobiMi , JacobiMa    3.06075506400        3.06074987900        2.85161395700        2.96728151600       Residual    4333333.33331      MLUPs    1693.69972167    
  4  Maxtime , Mintime + JacobiMi , JacobiMa    3.06160123600        3.06159652800        2.85110418700        2.96790460000       Residual    922839.505890      MLUPs    1693.23161326    
  4  Maxtime , Mintime + JacobiMi , JacobiMa    3.06165911800        3.06163736400        2.84867896700        2.96800647800       Residual    274176.954668      MLUPs    1693.19960198    
  4  Maxtime , Mintime + JacobiMi , JacobiMa    3.06140018300        3.06139547400        2.85045487500        2.96780942200       Residual    112289.951988      MLUPs    1693.34281378    
  4  Maxtime , Mintime + JacobiMi , JacobiMa    3.06140778500        3.06139773300        2.85093574700        2.96780314400       Residual    57854.6260466      MLUPs    1693.33860892    
  4  Maxtime , Mintime + JacobiMi , JacobiMa    3.06106118900        3.06104219600        2.85255803800        2.96735670500       Residual    34436.9975829      MLUPs    1693.53034125    
  4  Maxtime , Mintime + JacobiMi , JacobiMa    3.06090611700        3.06088772500        2.85298867100        2.96719514800       Residual    22486.1931454      MLUPs    1693.61613909    
  4  Maxtime , Mintime + JacobiMi , JacobiMa    3.06254614400        3.06252877500        2.85232949800        2.96878853600       Residual    15648.2371577      MLUPs    1692.70918910    
  4  Maxtime , Mintime + JacobiMi , JacobiMa    3.06146827400        3.06146305700        2.85152273900        2.96796701900       Residual    11410.0780518      MLUPs    1693.30515166    
