# Threadlevel provided:        3 out of        0        1        2        3
  spat_dim , proc_dim, PBC ? 
           1 -Dim Input         2400           4 T
           2 -Dim Input         1200           2 T
           3 -Dim Input         1800           3 T
#   0 Process grid   4   2   3
           4           3           2
           5           3           2
           6           3           2
           7           3           2
           8           3           2
           9           3           2
          10           3           2
          11           3           2
          12           3           2
          13           3           2
          14           3           2
          15           3           2
          16           3           2
          17           3           2
          18           3           2
          19           3           2
          20           3           2
          21           3           2
          22           3           2
          23           3           2
           0           3           2
#   0  Allocated 2 arrays with a total of  3490.68      Mbytes 
           1           3           2
           2           3           2
           3           3           2
# StartResidual    0.00000000000    
  4  Maxtime , Mintime + JacobiMi , JacobiMa    3.05706216200        3.05698890200        2.84857760500        2.96044677900       Residual    26029999.9794      MLUPs    1695.74569482    
  4  Maxtime , Mintime + JacobiMi , JacobiMa    3.05369051500        3.05368287500        2.84870987400        2.95939151000       Residual    4333333.33331      MLUPs    1697.61800501    
  4  Maxtime , Mintime + JacobiMi , JacobiMa    3.05520302900        3.05519401000        2.84931909600        2.96077743200       Residual    922839.505890      MLUPs    1696.77757936    
  4  Maxtime , Mintime + JacobiMi , JacobiMa    3.05581037700        3.05577674100        2.84972442800        2.96139422200       Residual    274176.954668      MLUPs    1696.44034166    
  4  Maxtime , Mintime + JacobiMi , JacobiMa    3.05524096400        3.05523062000        2.84953183500        2.96080133500       Residual    112289.951988      MLUPs    1696.75651154    
  4  Maxtime , Mintime + JacobiMi , JacobiMa    3.05563356000        3.05563115700        2.84929995400        2.96125087400       Residual    57854.6260466      MLUPs    1696.53850771    
  4  Maxtime , Mintime + JacobiMi , JacobiMa    3.05529819200        3.05529460500        2.84843214700        2.96070533300       Residual    34436.9975829      MLUPs    1696.72473004    
  4  Maxtime , Mintime + JacobiMi , JacobiMa    3.05587404900        3.05585617100        2.85000144700        2.96147911200       Residual    22486.1931454      MLUPs    1696.40499473    
  4  Maxtime , Mintime + JacobiMi , JacobiMa    3.05672730200        3.05671004600        2.85026574600        2.96241267800       Residual    15648.2371577      MLUPs    1695.93146127    
  4  Maxtime , Mintime + JacobiMi , JacobiMa    3.05645585800        3.05645362800        2.85201986500        2.96204659500       Residual    11410.0780518      MLUPs    1696.08207703    
