# Threadlevel provided:        3 out of        0        1        2        3
  spat_dim , proc_dim, PBC ? 
           1 -Dim Input         7200          12 T
           2 -Dim Input          600           1 T
           3 -Dim Input         1200           2 T
#   0 Process grid  12   1   2
           9           3           2
          10           3           2
          11           3           2
          12           3           2
          13           3           2
          14           3           2
          15           3           2
          16           3           2
          17           3           2
          18           3           2
          19           3           2
          20           3           2
          21           3           2
          22           3           2
          23           3           2
           0           3           2
#   0  Allocated 2 arrays with a total of  3490.68      Mbytes 
           1           3           2
           2           3           2
           3           3           2
           4           3           2
           5           3           2
           6           3           2
           7           3           2
           8           3           2
# StartResidual    0.00000000000    
  4  Maxtime , Mintime + JacobiMi , JacobiMa    3.07190722300        3.07184627300        2.85179629000        2.97858748600       Residual    38049999.9700      MLUPs    1687.55096547    
  4  Maxtime , Mintime + JacobiMi , JacobiMa    3.07085544500        3.07084640700        2.85101862800        2.97999173100       Residual    6333333.33329      MLUPs    1688.12895717    
  4  Maxtime , Mintime + JacobiMi , JacobiMa    3.07031395700        3.07029936000        2.85024896200        2.97940348400       Residual    1348765.43168      MLUPs    1688.42667968    
  4  Maxtime , Mintime + JacobiMi , JacobiMa    3.07024512700        3.07023985000        2.85051019200        2.97935831800       Residual    400720.164513      MLUPs    1688.46453152    
  4  Maxtime , Mintime + JacobiMi , JacobiMa    3.07047609500        3.07045603700        2.85109170500        2.97948508300       Residual    164116.083675      MLUPs    1688.33752148    
  4  Maxtime , Mintime + JacobiMi , JacobiMa    3.06993149200        3.06991945200        2.85109512000        2.97905583000       Residual    84556.7611456      MLUPs    1688.63703099    
  4  Maxtime , Mintime + JacobiMi , JacobiMa    3.07014918500        3.07013470900        2.85081537800        2.97909519400       Residual    50330.9964674      MLUPs    1688.51729594    
  4  Maxtime , Mintime + JacobiMi , JacobiMa    3.06982236500        3.06980376400        2.85219551500        2.97893621000       Residual    32864.4361356      MLUPs    1688.69705919    
  4  Maxtime , Mintime + JacobiMi , JacobiMa    3.06949524100        3.06948408900        2.85097130400        2.97862020000       Residual    22870.5004612      MLUPs    1688.87702797    
  4  Maxtime , Mintime + JacobiMi , JacobiMa    3.07040559500        3.07039229300        2.85148685900        2.97947381700       Residual    16676.2679222      MLUPs    1688.37628763    
