# Threadlevel provided:        3 out of        0        1        2        3
  spat_dim , proc_dim, PBC ? 
           1 -Dim Input         7200          12 T
           2 -Dim Input          600           1 T
           3 -Dim Input         1200           2 T
#   0 Process grid  12   1   2
           2           3           2
           5           3           2
           6           3           2
           9           3           2
          10           3           2
          11           3           2
          13           3           2
          14           3           2
          15           3           2
          16           3           2
          17           3           2
          18           3           2
          19           3           2
          20           3           2
          21           3           2
          22           3           2
          23           3           2
           0           3           2
#   0  Allocated 2 arrays with a total of  3490.68      Mbytes 
           1           3           2
           3           3           2
           4           3           2
           7           3           2
           8           3           2
          12           3           2
# StartResidual    0.00000000000    
  4  Maxtime , Mintime + JacobiMi , JacobiMa    3.05722341500        3.05715343700        2.85211585700        2.96100963800       Residual    38049999.9700      MLUPs    1695.65625285    
  4  Maxtime , Mintime + JacobiMi , JacobiMa    3.05548986100        3.05547813900        2.85227217700        2.96119431200       Residual    6333333.33329      MLUPs    1696.61829554    
  4  Maxtime , Mintime + JacobiMi , JacobiMa    3.05539592100        3.05538877700        2.85225208000        2.96119550200       Residual    1348765.43168      MLUPs    1696.67045909    
  4  Maxtime , Mintime + JacobiMi , JacobiMa    3.05624638600        3.05622882300        2.85379311600        2.96200124400       Residual    400720.164513      MLUPs    1696.19832476    
  4  Maxtime , Mintime + JacobiMi , JacobiMa    3.05647817700        3.05647225100        2.85286410100        2.96257102900       Residual    164116.083675      MLUPs    1696.06969191    
  4  Maxtime , Mintime + JacobiMi , JacobiMa    3.05601120900        3.05598991300        2.85196170700        2.96190075600       Residual    84556.7611456      MLUPs    1696.32885663    
  4  Maxtime , Mintime + JacobiMi , JacobiMa    3.05497714100        3.05495208000        2.85266854300        2.96080806400       Residual    50330.9964674      MLUPs    1696.90304076    
  4  Maxtime , Mintime + JacobiMi , JacobiMa    3.05640078700        3.05639608500        2.85202665700        2.96234761400       Residual    32864.4361356      MLUPs    1696.11263747    
  4  Maxtime , Mintime + JacobiMi , JacobiMa    3.05650070900        3.05648583700        2.85468944400        2.96260912900       Residual    22870.5004612      MLUPs    1696.05718878    
  4  Maxtime , Mintime + JacobiMi , JacobiMa    3.05715727200        3.05714442800        2.85328298000        2.96315959900       Residual    16676.2679222      MLUPs    1695.69293915    
