# Threadlevel provided:        3 out of        0        1        2        3
  spat_dim , proc_dim, PBC ? 
           1 -Dim Input         1200           2 T
           2 -Dim Input         3600           6 T
           3 -Dim Input         2400           4 T
#   0 Process grid   2   6   4
          16           3           2
          18           3           2
          20           3           2
          22           3           2
          24           3           2
          26           3           2
          28           3           2
          30           3           2
          32           3           2
          34           3           2
          36           3           2
          38           3           2
          40           3           2
          42           3           2
          44           3           2
          46           3           2
           0           3           2
           2           3           2
           4           3           2
           6           3           2
           8           3           2
          10           3           2
          12           3           2
          14           3           2
#   0  Allocated 2 arrays with a total of  3490.68      Mbytes 
           1           3           2
           3           3           2
           5           3           2
           7           3           2
           9           3           2
          11           3           2
          13           3           2
          15           3           2
          17           3           2
          19           3           2
          21           3           2
          23           3           2
          25           3           2
          27           3           2
          29           3           2
          31           3           2
          33           3           2
          35           3           2
          37           3           2
          39           3           2
          41           3           2
          43           3           2
          45           3           2
          47           3           2
# StartResidual    0.00000000000    
  4  Maxtime , Mintime + JacobiMi , JacobiMa    2.00250194300        2.00135421400        1.88455353800        1.92493306200       Residual    44039999.9650      MLUPs    5177.52306620    
  4  Maxtime , Mintime + JacobiMi , JacobiMa    1.99372408600        1.99371066200        1.88429058400        1.93798386300       Residual    7333333.33330      MLUPs    5200.31837545    
  4  Maxtime , Mintime + JacobiMi , JacobiMa    1.99448714000        1.99446941100        1.88512836800        1.93895149600       Residual    1561728.39459      MLUPs    5198.32882954    
  4  Maxtime , Mintime + JacobiMi , JacobiMa    1.99428145600        1.99427508800        1.88457230300        1.93881919300       Residual    463991.769447      MLUPs    5198.86496904    
  4  Maxtime , Mintime + JacobiMi , JacobiMa    1.99330399000        1.99328595800        1.88446651000        1.93782608600       Residual    190029.149517      MLUPs    5201.41436129    
  4  Maxtime , Mintime + JacobiMi , JacobiMa    1.99328880000        1.99327512500        1.88538144200        1.93767640700       Residual    97907.8286931      MLUPs    5201.45399904    
  4  Maxtime , Mintime + JacobiMi , JacobiMa    1.99344191100        1.99341829500        1.88666258800        1.93793371000       Residual    58277.9959096      MLUPs    5201.05448912    
  4  Maxtime , Mintime + JacobiMi , JacobiMa    1.99200798900        1.99200290200        1.88565139100        1.93624139900       Residual    38053.5576305      MLUPs    5204.79840304    
  4  Maxtime , Mintime + JacobiMi , JacobiMa    1.98111186500        1.98110738700        1.88704150500        1.92415832900       Residual    26481.6321130      MLUPs    5233.42481723    
  4  Maxtime , Mintime + JacobiMi , JacobiMa    1.98161509700        1.98160313800        1.88572734900        1.92457640700       Residual    19309.3628566      MLUPs    5232.09578676    
