# Threadlevel provided:        3 out of        0        1        2        3
  spat_dim , proc_dim, PBC ? 
           1 -Dim Input         7200          12 T
           2 -Dim Input         2400           4 T
           3 -Dim Input          600           1 T
#   0 Process grid  12   4   1
           6           3           2
           8           3           2
          10           3           2
          12           3           2
          14           3           2
          16           3           2
          18           3           2
          20           3           2
          22           3           2
          24           3           2
          26           3           2
          28           3           2
          30           3           2
          32           3           2
          34           3           2
          36           3           2
          38           3           2
          40           3           2
          42           3           2
          44           3           2
          46           3           2
           0           3           2
           2           3           2
           4           3           2
#   0  Allocated 2 arrays with a total of  3490.68      Mbytes 
           1           3           2
           3           3           2
           5           3           2
           7           3           2
           9           3           2
          11           3           2
          13           3           2
          15           3           2
          17           3           2
          19           3           2
          21           3           2
          23           3           2
          25           3           2
          27           3           2
          29           3           2
          31           3           2
          33           3           2
          35           3           2
          37           3           2
          39           3           2
          41           3           2
          43           3           2
          45           3           2
          47           3           2
# StartResidual    0.00000000000    
  4  Maxtime , Mintime + JacobiMi , JacobiMa    1.99371544800        1.99249561400        1.88236104700        1.91387432900       Residual    64056666.6158      MLUPs    5200.34090642    
  4  Maxtime , Mintime + JacobiMi , JacobiMa    1.97274589600        1.97255103400        1.88194751800        1.91920093800       Residual    10666666.6666      MLUPs    5255.61858779    
  4  Maxtime , Mintime + JacobiMi , JacobiMa    1.97061898200        1.97061446300        1.88298847900        1.91675325200       Residual    2271604.93757      MLUPs    5261.29104343    
  4  Maxtime , Mintime + JacobiMi , JacobiMa    1.97637334500        1.97636457200        1.88250727900        1.92278216300       Residual    674897.119176      MLUPs    5245.97238990    
  4  Maxtime , Mintime + JacobiMi , JacobiMa    1.97226103400        1.97225254600        1.88224896600        1.91811717300       Residual    276406.035663      MLUPs    5256.91063265    
  4  Maxtime , Mintime + JacobiMi , JacobiMa    1.97384776800        1.97384143700        1.88204184800        1.92003808400       Residual    142411.387192      MLUPs    5252.68471464    
  4  Maxtime , Mintime + JacobiMi , JacobiMa    1.97142792000        1.97141295000        1.88217599300        1.91771529100       Residual    84767.9940500      MLUPs    5259.13217258    
  4  Maxtime , Mintime + JacobiMi , JacobiMa    1.97392605600        1.97391419000        1.88188499700        1.91714394400       Residual    55350.6292810      MLUPs    5252.47638760    
  4  Maxtime , Mintime + JacobiMi , JacobiMa    1.97223427300        1.97203862500        1.88227191400        1.91837576800       Residual    38518.7376189      MLUPs    5256.98196301    
  4  Maxtime , Mintime + JacobiMi , JacobiMa    1.96993920700        1.96972585400        1.88199301600        1.91607649100       Residual    28086.3459739      MLUPs    5263.10657870    
