# Threadlevel provided:        3 out of        0        1        2        3
  spat_dim , proc_dim, PBC ? 
           1 -Dim Input         7200          12 T
           2 -Dim Input         2400           4 T
           3 -Dim Input          600           1 T
#   0 Process grid  12   4   1
          16           3           2
          18           3           2
          20           3           2
          22           3           2
          24           3           2
          26           3           2
          28           3           2
          30           3           2
          32           3           2
          34           3           2
          36           3           2
          38           3           2
          40           3           2
          42           3           2
          44           3           2
          46           3           2
           0           3           2
#   0  Allocated 2 arrays with a total of  3490.68      Mbytes 
           2           3           2
           4           3           2
           6           3           2
           8           3           2
          10           3           2
          12           3           2
          14           3           2
           3           3           2
           5           3           2
           7           3           2
           9           3           2
          11           3           2
          13           3           2
          15           3           2
          17           3           2
          19           3           2
          21           3           2
          23           3           2
          25           3           2
          27           3           2
          29           3           2
          31           3           2
          33           3           2
          35           3           2
          37           3           2
          39           3           2
          41           3           2
          43           3           2
          45           3           2
          47           3           2
           1           3           2
# StartResidual    0.00000000000    
  4  Maxtime , Mintime + JacobiMi , JacobiMa    2.00123303400        1.99334122800        1.88268514800        1.93060858600       Residual    64056666.6158      MLUPs    5180.80594506    
  4  Maxtime , Mintime + JacobiMi , JacobiMa    1.98195464000        1.98194575600        1.88382341700        1.92963039700       Residual    10666666.6666      MLUPs    5231.19943855    
  4  Maxtime , Mintime + JacobiMi , JacobiMa    1.97742233900        1.97740753800        1.88517669500        1.92442005200       Residual    2271604.93757      MLUPs    5243.18947729    
  4  Maxtime , Mintime + JacobiMi , JacobiMa    1.97681306200        1.97679798000        1.88447639600        1.92414055100       Residual    674897.119176      MLUPs    5244.80548986    
  4  Maxtime , Mintime + JacobiMi , JacobiMa    1.97749103300        1.97747696900        1.88242490300        1.92456006700       Residual    276406.035663      MLUPs    5243.00733959    
  4  Maxtime , Mintime + JacobiMi , JacobiMa    1.97596654900        1.97594832300        1.88283177000        1.91693568700       Residual    142411.387192      MLUPs    5247.05238823    
  4  Maxtime , Mintime + JacobiMi , JacobiMa    1.97732904300        1.97731677000        1.88382967700        1.92485039600       Residual    84767.9940500      MLUPs    5243.43686586    
  4  Maxtime , Mintime + JacobiMi , JacobiMa    1.97694275400        1.97692663500        1.88406048100        1.92397738100       Residual    55350.6292810      MLUPs    5244.46141853    
  4  Maxtime , Mintime + JacobiMi , JacobiMa    1.98198714700        1.98196517600        1.88494184900        1.92890764700       Residual    38518.7376189      MLUPs    5231.11364052    
  4  Maxtime , Mintime + JacobiMi , JacobiMa    1.97833145600        1.97832506600        1.88419549800        1.92508557700       Residual    28086.3459739      MLUPs    5240.78003641    
