# Threadlevel provided:        3 out of        0        1        2        3
  spat_dim , proc_dim, PBC ? 
           1 -Dim Input         7200          12 T
           2 -Dim Input         2400           4 T
           3 -Dim Input          600           1 T
#   0 Process grid  12   4   1
          32           3           2
          34           3           2
          36           3           2
          38           3           2
          40           3           2
          42           3           2
          44           3           2
          46           3           2
           0           3           2
           2           3           2
           4           3           2
           6           3           2
           8           3           2
          10           3           2
          12           3           2
          14           3           2
          16           3           2
          18           3           2
          20           3           2
          22           3           2
          24           3           2
          26           3           2
          28           3           2
          30           3           2
#   0  Allocated 2 arrays with a total of  3490.68      Mbytes 
           1           3           2
           3           3           2
           5           3           2
           7           3           2
           9           3           2
          11           3           2
          13           3           2
          15           3           2
          17           3           2
          19           3           2
          21           3           2
          23           3           2
          25           3           2
          27           3           2
          29           3           2
          31           3           2
          33           3           2
          35           3           2
          37           3           2
          39           3           2
          41           3           2
          43           3           2
          45           3           2
          47           3           2
# StartResidual    0.00000000000    
  4  Maxtime , Mintime + JacobiMi , JacobiMa    1.99437966800        1.99193137000        1.88515304000        1.93350257500       Residual    64056666.6158      MLUPs    5198.60895413    
  4  Maxtime , Mintime + JacobiMi , JacobiMa    1.98085314500        1.98084622600        1.88641684400        1.92808754400       Residual    10666666.6666      MLUPs    5234.10835688    
  4  Maxtime , Mintime + JacobiMi , JacobiMa    1.98122255800        1.98121501100        1.88712424000        1.92832596800       Residual    2271604.93757      MLUPs    5233.13242025    
  4  Maxtime , Mintime + JacobiMi , JacobiMa    1.98328328900        1.98327195000        1.88705864400        1.93064896000       Residual    674897.119176      MLUPs    5227.69493269    
  4  Maxtime , Mintime + JacobiMi , JacobiMa    1.98189149500        1.98188606200        1.88703766400        1.92865890400       Residual    276406.035663      MLUPs    5231.36610968    
  4  Maxtime , Mintime + JacobiMi , JacobiMa    1.97784270700        1.97783186900        1.88733622800        1.92443170900       Residual    142411.387192      MLUPs    5242.07509693    
  4  Maxtime , Mintime + JacobiMi , JacobiMa    1.97916363600        1.97914846500        1.88744894800        1.92580796400       Residual    84767.9940500      MLUPs    5238.57644280    
  4  Maxtime , Mintime + JacobiMi , JacobiMa    1.97913011300        1.97910384800        1.88695097800        1.92604698600       Residual    55350.6292810      MLUPs    5238.66517512    
  4  Maxtime , Mintime + JacobiMi , JacobiMa    1.98342017500        1.98340220300        1.88680436600        1.92727931100       Residual    38518.7376189      MLUPs    5227.33414265    
  4  Maxtime , Mintime + JacobiMi , JacobiMa    1.98026423200        1.98008110700        1.88639889700        1.92749649400       Residual    28086.3459739      MLUPs    5235.66493423    
