# Threadlevel provided:        3 out of        0        1        2        3
  spat_dim , proc_dim, PBC ? 
           1 -Dim Input         1200           2 T
           2 -Dim Input          600           1 T
           3 -Dim Input        14400          24 T
#   0 Process grid   2   1  24
           2           3           2
           3           3           2
           4           3           2
           6           3           2
           7           3           2
           8           3           2
           9           3           2
          11           3           2
          12           3           2
          14           3           2
          15           3           2
          16           3           2
          17           3           2
          18           3           2
          19           3           2
          20           3           2
          22           3           2
          23           3           2
          24           3           2
          25           3           2
          27           3           2
          28           3           2
          30           3           2
          31           3           2
          32           3           2
          33           3           2
          34           3           2
          35           3           2
          36           3           2
          38           3           2
          39           3           2
          40           3           2
          41           3           2
          43           3           2
          44           3           2
          46           3           2
          47           3           2
           0           3           2
#   0  Allocated 2 arrays with a total of  3490.68      Mbytes 
           1           3           2
           5           3           2
          21           3           2
          37           3           2
          42           3           2
          45           3           2
          10           3           2
          13           3           2
          26           3           2
          29           3           2
# StartResidual    0.00000000000    
  4  Maxtime , Mintime + JacobiMi , JacobiMa    4.08216740100        4.08171095700        3.80315756000        3.96309016200       Residual    74089999.9415      MLUPs    2539.82724899    
  4  Maxtime , Mintime + JacobiMi , JacobiMa    4.07971682600        4.07970221100        3.80406311700        3.96351594800       Residual    12333333.3333      MLUPs    2541.35285418    
  4  Maxtime , Mintime + JacobiMi , JacobiMa    4.07791708900        4.07789339800        3.80356612200        3.96142255500       Residual    2626543.20909      MLUPs    2542.47444804    
  4  Maxtime , Mintime + JacobiMi , JacobiMa    4.07813932800        4.07811889600        3.80395288700        3.96154366500       Residual    780349.794072      MLUPs    2542.33589540    
  4  Maxtime , Mintime + JacobiMi , JacobiMa    4.07825779100        4.07824098200        3.80365988600        3.96167137100       Residual    319594.478737      MLUPs    2542.26204701    
  4  Maxtime , Mintime + JacobiMi , JacobiMa    4.07998833200        4.07996933900        3.80503852100        3.96358625300       Residual    164663.166440      MLUPs    2541.18373788    
  4  Maxtime , Mintime + JacobiMi , JacobiMa    4.07871320300        4.07868857500        3.80484500600        3.96202790700       Residual    98012.9931206      MLUPs    2541.97818870    
  4  Maxtime , Mintime + JacobiMi , JacobiMa    4.08006999000        4.08005651800        3.80564657400        3.96351255300       Residual    63999.1651059      MLUPs    2541.13287895    
  4  Maxtime , Mintime + JacobiMi , JacobiMa    4.08121186700        4.08118875100        3.80708492200        3.96475115400       Residual    44537.2903723      MLUPs    2540.42189866    
  4  Maxtime , Mintime + JacobiMi , JacobiMa    4.08183941700        4.08181367100        3.80580922400        3.96531891800       Residual    32474.8375320      MLUPs    2540.03132921    
