# Threadlevel provided:        3 out of        0        1        2        3
  spat_dim , proc_dim, PBC ? 
           1 -Dim Input         1200           2 T
           2 -Dim Input        14400          24 T
           3 -Dim Input          600           1 T
#   0 Process grid   2  24   1
          20           3           2
          24           3           2
          28           3           2
          34           3           2
          36           3           2
          38           3           2
          40           3           2
          46           3           2
           0           3           2
#   0  Allocated 2 arrays with a total of  3490.68      Mbytes 
           2           3           2
           4           3           2
           6           3           2
           8           3           2
          10           3           2
          14           3           2
          16           3           2
          18           3           2
          22           3           2
          26           3           2
          30           3           2
          42           3           2
          44           3           2
          32           3           2
           1           3           2
          12           3           2
           3           3           2
           5           3           2
           7           3           2
           9           3           2
          11           3           2
          13           3           2
          15           3           2
          17           3           2
          19           3           2
          21           3           2
          23           3           2
          25           3           2
          29           3           2
          31           3           2
          33           3           2
          35           3           2
          37           3           2
          39           3           2
          41           3           2
          43           3           2
          45           3           2
          47           3           2
          27           3           2
# StartResidual    0.00000000000    
  4  Maxtime , Mintime + JacobiMi , JacobiMa    1.98923098600        1.98917672500        1.88252695500        1.92025070700       Residual    74089999.9415      MLUPs    5212.06439723    
  4  Maxtime , Mintime + JacobiMi , JacobiMa    1.97837642600        1.97818699100        1.88303826700        1.92652012800       Residual    12333333.3333      MLUPs    5240.66090949    
  4  Maxtime , Mintime + JacobiMi , JacobiMa    1.98288933700        1.98287909800        1.88383776500        1.93204205700       Residual    2626543.20909      MLUPs    5228.73354884    
  4  Maxtime , Mintime + JacobiMi , JacobiMa    1.97631215100        1.97629991000        1.88350241900        1.92358895200       Residual    780349.794072      MLUPs    5246.13482478    
  4  Maxtime , Mintime + JacobiMi , JacobiMa    1.97656859800        1.97656461400        1.88207408700        1.92452532100       Residual    319594.478737      MLUPs    5245.45417270    
  4  Maxtime , Mintime + JacobiMi , JacobiMa    1.97667503800        1.97667111700        1.88180795800        1.92430921700       Residual    164663.166440      MLUPs    5245.17171547    
  4  Maxtime , Mintime + JacobiMi , JacobiMa    1.98020851200        1.98019522400        1.88260519400        1.92813141200       Residual    98012.9931206      MLUPs    5235.81225773    
  4  Maxtime , Mintime + JacobiMi , JacobiMa    1.98066748700        1.98064874900        1.88187770800        1.92974514900       Residual    63999.1651059      MLUPs    5234.59897638    
  4  Maxtime , Mintime + JacobiMi , JacobiMa    1.97595328200        1.97576135300        1.88313396000        1.92405463700       Residual    44537.2903723      MLUPs    5247.08761814    
  4  Maxtime , Mintime + JacobiMi , JacobiMa    1.98406403500        1.98405367600        1.88348207300        1.93233484500       Residual    32474.8375320      MLUPs    5225.63779047    
