# Threadlevel provided:        3 out of        0        1        2        3
  spat_dim , proc_dim, PBC ? 
           1 -Dim Input         1200           2 T
           2 -Dim Input         1800           3 T
           3 -Dim Input         1200           2 T
#   0 Process grid   2   3   2
           0           3           2
           2           3           2
           3           3           2
           4           3           2
           5           3           2
           6           3           2
           7           3           2
           8           3           2
          10           3           2
          11           3           2
#   0  Allocated 2 arrays with a total of  3490.68      Mbytes 
           1           3           2
           9           3           2
# StartResidual    0.00000000000    
  4  Maxtime , Mintime + JacobiMi , JacobiMa    1.96117641100        1.95994930100        1.89503015300        1.90233635200       Residual    16023333.3207      MLUPs    1321.65570902    
  4  Maxtime , Mintime + JacobiMi , JacobiMa    1.95797376100        1.95796984900        1.89508315900        1.90286355600       Residual    2666666.66665      MLUPs    1323.81753608    
  4  Maxtime , Mintime + JacobiMi , JacobiMa    1.95757440600        1.95757254500        1.89501394300        1.90246475800       Residual    567901.234395      MLUPs    1324.08760150    
  4  Maxtime , Mintime + JacobiMi , JacobiMa    1.95810786800        1.95810499200        1.89526052300        1.90298205500       Residual    168724.279799      MLUPs    1323.72687039    
  4  Maxtime , Mintime + JacobiMi , JacobiMa    1.95833687200        1.95833243700        1.89570044700        1.90321997300       Residual    69101.5089160      MLUPs    1323.57207642    
  4  Maxtime , Mintime + JacobiMi , JacobiMa    1.95810868500        1.95810639300        1.89555856400        1.90299135300       Residual    35602.8467978      MLUPs    1323.72631808    
  4  Maxtime , Mintime + JacobiMi , JacobiMa    1.95893489300        1.95893098700        1.89606065500        1.90386765800       Residual    21191.9985126      MLUPs    1323.16801812    
  4  Maxtime , Mintime + JacobiMi , JacobiMa    1.95897784500        1.95896433800        1.89608292700        1.90385814300       Residual    13837.6573202      MLUPs    1323.13900671    
  4  Maxtime , Mintime + JacobiMi , JacobiMa    1.95915501000        1.95914694400        1.89648357200        1.90405110100       Residual    9629.68440473      MLUPs    1323.01935619    
  4  Maxtime , Mintime + JacobiMi , JacobiMa    1.95884608100        1.95884195400        1.89626728700        1.90373953300       Residual    7021.58649341      MLUPs    1323.22800915    
