# Threadlevel provided:        3 out of        0        1        2        3
  spat_dim , proc_dim, PBC ? 
           1 -Dim Input          600           1 T
           2 -Dim Input        14400          24 T
           3 -Dim Input         1200           2 T
#   0 Process grid   1  24   2
           3           3           2
           4           3           2
           6           3           2
           7           3           2
           8           3           2
          11           3           2
          12           3           2
          14           3           2
          15           3           2
          17           3           2
          18           3           2
          19           3           2
          20           3           2
          22           3           2
          24           3           2
          26           3           2
          27           3           2
          28           3           2
          29           3           2
          30           3           2
          31           3           2
          32           3           2
          33           3           2
          35           3           2
          36           3           2
          37           3           2
          38           3           2
          39           3           2
          40           3           2
          41           3           2
          42           3           2
          43           3           2
          44           3           2
          45           3           2
          47           3           2
           0           3           2
#   0  Allocated 2 arrays with a total of  3490.68      Mbytes 
           1           3           2
           2           3           2
           5           3           2
           9           3           2
          10           3           2
          13           3           2
          16           3           2
          21           3           2
          25           3           2
          46           3           2
          23           3           2
          34           3           2
# StartResidual    0.00000000000    
  4  Maxtime , Mintime + JacobiMi , JacobiMa    4.11236526500        4.11225262700        3.81813107400        4.00013514300       Residual    74089999.9415      MLUPs    2521.17682450    
  4  Maxtime , Mintime + JacobiMi , JacobiMa    4.09874817400        4.09872906200        3.81814335000        3.98803429800       Residual    12333333.3333      MLUPs    2529.55281951    
  4  Maxtime , Mintime + JacobiMi , JacobiMa    4.10077219600        4.10074463700        3.81776079600        3.99000810800       Residual    2626543.20908      MLUPs    2528.30430574    
  4  Maxtime , Mintime + JacobiMi , JacobiMa    4.10204897100        4.10203727400        3.81886623200        3.99034212100       Residual    780349.794086      MLUPs    2527.51736347    
  4  Maxtime , Mintime + JacobiMi , JacobiMa    4.10115595000        4.10114169700        3.81861110200        3.98955124300       Residual    319594.478736      MLUPs    2528.06772686    
  4  Maxtime , Mintime + JacobiMi , JacobiMa    4.10274400300        4.10272098900        3.81993951100        3.99117636200       Residual    164663.166438      MLUPs    2527.08918529    
  4  Maxtime , Mintime + JacobiMi , JacobiMa    4.10034159800        4.10032213900        3.81908957500        3.98957977000       Residual    98012.9931215      MLUPs    2528.56981600    
  4  Maxtime , Mintime + JacobiMi , JacobiMa    4.10093825900        4.10092508200        3.81891161900        3.98948149000       Residual    63999.1651054      MLUPs    2528.20192483    
  4  Maxtime , Mintime + JacobiMi , JacobiMa    4.10229751900        4.10227065800        3.81903201900        3.99062527400       Residual    44537.2903724      MLUPs    2527.36422748    
  4  Maxtime , Mintime + JacobiMi , JacobiMa    4.10326609700        4.10324260800        3.81936051000        3.99167553900       Residual    32474.8375318      MLUPs    2526.76764190    
