# Threadlevel provided:        3 out of        0        1        2        3
  spat_dim , proc_dim, PBC ? 
           1 -Dim Input          600           1 T
           2 -Dim Input        14400          24 T
           3 -Dim Input         1200           2 T
#   0 Process grid   1  24   2
           8           3           2
          12           3           2
          13           3           2
          16           3           2
          17           3           2
          20           3           2
          21           3           2
          24           3           2
          29           3           2
          32           3           2
          36           3           2
          37           3           2
          40           3           2
          45           3           2
           0           3           2
#   0  Allocated 2 arrays with a total of  3490.68      Mbytes 
           1           3           2
           5           3           2
           9           3           2
          25           3           2
          41           3           2
          18           3           2
          26           3           2
          30           3           2
          34           3           2
          38           3           2
          42           3           2
          46           3           2
           2           3           2
           3           3           2
           6           3           2
           7           3           2
          10           3           2
          11           3           2
          14           3           2
          15           3           2
          19           3           2
          22           3           2
          23           3           2
          27           3           2
          31           3           2
          35           3           2
          39           3           2
          43           3           2
          44           3           2
          47           3           2
          28           3           2
          33           3           2
           4           3           2
# StartResidual    0.00000000000    
  4  Maxtime , Mintime + JacobiMi , JacobiMa    4.12184766500        4.12174341500        3.81854659000        4.01360608800       Residual    74089999.9415      MLUPs    2515.37680250    
  4  Maxtime , Mintime + JacobiMi , JacobiMa    4.11982036700        4.11980942300        3.81971229600        4.01501472200       Residual    12333333.3333      MLUPs    2516.61457938    
  4  Maxtime , Mintime + JacobiMi , JacobiMa    4.12034388600        4.12032781400        3.81974504000        4.01565627500       Residual    2626543.20908      MLUPs    2516.29482559    
  4  Maxtime , Mintime + JacobiMi , JacobiMa    4.12163329400        4.12160656000        3.82008157900        4.01659880100       Residual    780349.794086      MLUPs    2515.50763021    
  4  Maxtime , Mintime + JacobiMi , JacobiMa    4.11957038500        4.11920373700        3.82059800500        4.01477545300       Residual    319594.478736      MLUPs    2516.76729150    
  4  Maxtime , Mintime + JacobiMi , JacobiMa    4.12072074700        4.12071245400        3.82074017900        4.01579004100       Residual    164663.166438      MLUPs    2516.06469755    
  4  Maxtime , Mintime + JacobiMi , JacobiMa    4.12043511100        4.12041184400        3.82027062900        4.01559910200       Residual    98012.9931215      MLUPs    2516.23911570    
  4  Maxtime , Mintime + JacobiMi , JacobiMa    4.12117674500        4.12116938900        3.82133536600        4.01518771500       Residual    63999.1651054      MLUPs    2515.78630123    
  4  Maxtime , Mintime + JacobiMi , JacobiMa    4.12142729700        4.12140882800        3.82024168800        4.01659474900       Residual    44537.2903724      MLUPs    2515.63336021    
  4  Maxtime , Mintime + JacobiMi , JacobiMa    4.12421001800        4.12420020900        3.82049040700        4.01914567900       Residual    32474.8375318      MLUPs    2513.93599132    
