# Threadlevel provided:        3 out of        0        1        2        3
  spat_dim , proc_dim, PBC ? 
           1 -Dim Input         2400           4 T
           2 -Dim Input          600           1 T
           3 -Dim Input         3600           6 T
#   0 Process grid   4   1   6
           0           3           2
           2           3           2
           5           3           2
           7           3           2
           8           3           2
           9           3           2
          10           3           2
          11           3           2
          12           3           2
          13           3           2
          14           3           2
          15           3           2
          16           3           2
          17           3           2
          18           3           2
          19           3           2
          20           3           2
          21           3           2
          22           3           2
          23           3           2
#   0  Allocated 2 arrays with a total of  3490.68      Mbytes 
           1           3           2
           3           3           2
           4           3           2
           6           3           2
# StartResidual    0.00000000000    
  4  Maxtime , Mintime + JacobiMi , JacobiMa    3.06001328400        3.05972505600        2.84810913300        2.96202559400       Residual    34036666.6397      MLUPs    1694.11029263    
  4  Maxtime , Mintime + JacobiMi , JacobiMa    3.05886426300        3.05885859600        2.84815530300        2.96339024000       Residual    5666666.66664      MLUPs    1694.74666225    
  4  Maxtime , Mintime + JacobiMi , JacobiMa    3.05862791800        3.05862179500        2.84713886200        2.96289183800       Residual    1206790.12309      MLUPs    1694.87761800    
  4  Maxtime , Mintime + JacobiMi , JacobiMa    3.05909912100        3.05907969400        2.84858352300        2.96364024200       Residual    358539.094567      MLUPs    1694.61655048    
  4  Maxtime , Mintime + JacobiMi , JacobiMa    3.05884649200        3.05883826600        2.84731056900        2.96311524400       Residual    146840.706446      MLUPs    1694.75650823    
  4  Maxtime , Mintime + JacobiMi , JacobiMa    3.05856025500        3.05854287400        2.84822247100        2.96283854100       Residual    75656.0494458      MLUPs    1694.91511293    
  4  Maxtime , Mintime + JacobiMi , JacobiMa    3.05763900900        3.05762786300        2.84869718300        2.96207661100       Residual    45032.9968392      MLUPs    1695.42577941    
  4  Maxtime , Mintime + JacobiMi , JacobiMa    3.05919004400        3.05918336700        2.84909954800        2.96351605000       Residual    29405.0218055      MLUPs    1694.56618433    
  4  Maxtime , Mintime + JacobiMi , JacobiMa    3.05903594600        3.04851079300        2.84949108200        2.96361523900       Residual    20463.0793599      MLUPs    1694.65154758    
  4  Maxtime , Mintime + JacobiMi , JacobiMa    3.05931758800        3.05931416500        2.84965588200        2.96407888900       Residual    14920.8712986      MLUPs    1694.49553728    
