# Threadlevel provided:        3 out of        0        1        2        3
  spat_dim , proc_dim, PBC ? 
           1 -Dim Input          600           1 T
           2 -Dim Input        14400          24 T
           3 -Dim Input         1200           2 T
#   0 Process grid   1  24   2
          10           3           2
          12           3           2
          14           3           2
          16           3           2
          18           3           2
          20           3           2
          22           3           2
          24           3           2
          26           3           2
          28           3           2
          30           3           2
          32           3           2
          34           3           2
          36           3           2
          38           3           2
          40           3           2
          42           3           2
          44           3           2
          46           3           2
           0           3           2
#   0  Allocated 2 arrays with a total of  3490.68      Mbytes 
           2           3           2
           4           3           2
           6           3           2
           8           3           2
           1           3           2
           5           3           2
           7           3           2
           9           3           2
          11           3           2
          13           3           2
          15           3           2
          17           3           2
          19           3           2
          23           3           2
          25           3           2
          29           3           2
          31           3           2
          33           3           2
          35           3           2
          37           3           2
          39           3           2
          41           3           2
          43           3           2
          45           3           2
          47           3           2
           3           3           2
          21           3           2
          27           3           2
# StartResidual    0.00000000000    
  4  Maxtime , Mintime + JacobiMi , JacobiMa    1.98510057000        1.97716849900        1.88423888200        1.92121440600       Residual    74089999.9415      MLUPs    5222.90918490    
  4  Maxtime , Mintime + JacobiMi , JacobiMa    1.97327981400        1.97309712100        1.88583882100        1.92058591000       Residual    12333333.3333      MLUPs    5254.19655461    
  4  Maxtime , Mintime + JacobiMi , JacobiMa    1.97507807000        1.97507003200        1.88508947100        1.92150898900       Residual    2626543.20908      MLUPs    5249.41274853    
  4  Maxtime , Mintime + JacobiMi , JacobiMa    1.97367065900        1.97366297600        1.88389106100        1.92093278000       Residual    780349.794086      MLUPs    5253.15606873    
  4  Maxtime , Mintime + JacobiMi , JacobiMa    1.97222209100        1.97221084000        1.88457946500        1.91913626700       Residual    319594.478736      MLUPs    5257.01443428    
  4  Maxtime , Mintime + JacobiMi , JacobiMa    1.97013104300        1.97012230700        1.88269622200        1.91677281200       Residual    164663.166438      MLUPs    5262.59409842    
  4  Maxtime , Mintime + JacobiMi , JacobiMa    1.97314597400        1.97313337100        1.88484048000        1.92014216300       Residual    98012.9931215      MLUPs    5254.55295078    
  4  Maxtime , Mintime + JacobiMi , JacobiMa    1.97179401500        1.97176526100        1.88419174500        1.91886175900       Residual    63999.1651054      MLUPs    5258.15573084    
  4  Maxtime , Mintime + JacobiMi , JacobiMa    1.97087504800        1.97085707400        1.88432064300        1.91798588900       Residual    44537.2903724      MLUPs    5260.60747003    
  4  Maxtime , Mintime + JacobiMi , JacobiMa    1.97134006000        1.97132116300        1.88407105200        1.91863958800       Residual    32474.8375318      MLUPs    5259.36656510    
