# Threadlevel provided:        3 out of        0        1        2        3
  spat_dim , proc_dim, PBC ? 
           1 -Dim Input         1200           2 T
           2 -Dim Input         1200           2 T
           3 -Dim Input         1800           3 T
#   0 Process grid   2   2   3
           0           3           2
           2           3           2
           4           3           2
           5           3           2
           6           3           2
           7           3           2
           8           3           2
           9           3           2
          10           3           2
          11           3           2
#   0  Allocated 2 arrays with a total of  3490.68      Mbytes 
           1           3           2
           3           3           2
# StartResidual    0.00000000000    
  4  Maxtime , Mintime + JacobiMi , JacobiMa    2.89074743100        2.89049102600        2.73132231900        2.80228965900       Residual    16023333.3207      MLUPs    896.653914556    
  4  Maxtime , Mintime + JacobiMi , JacobiMa    2.88863186000        2.88862054400        2.73136564500        2.80263586600       Residual    2666666.66665      MLUPs    897.310604336    
  4  Maxtime , Mintime + JacobiMi , JacobiMa    2.88810018100        2.88808735300        2.73106400900        2.80205049700       Residual    567901.234395      MLUPs    897.475792929    
  4  Maxtime , Mintime + JacobiMi , JacobiMa    2.88807073100        2.88806597200        2.73073122100        2.80201143300       Residual    168724.279799      MLUPs    897.484944596    
  4  Maxtime , Mintime + JacobiMi , JacobiMa    2.88815219000        2.88814163700        2.73076438200        2.80220869100       Residual    69101.5089160      MLUPs    897.459631447    
  4  Maxtime , Mintime + JacobiMi , JacobiMa    2.88893810400        2.88892675900        2.73022271200        2.80297646700       Residual    35602.8467978      MLUPs    897.215484268    
  4  Maxtime , Mintime + JacobiMi , JacobiMa    2.88785133300        2.88784194600        2.73103257400        2.80181323200       Residual    21191.9985126      MLUPs    897.553128993    
  4  Maxtime , Mintime + JacobiMi , JacobiMa    2.88802802900        2.88801022500        2.73078346700        2.80198844700       Residual    13837.6573202      MLUPs    897.498214689    
  4  Maxtime , Mintime + JacobiMi , JacobiMa    2.88847584300        2.88846689000        2.73073712600        2.80254668200       Residual    9629.68440473      MLUPs    897.359071318    
  4  Maxtime , Mintime + JacobiMi , JacobiMa    2.88898263500        2.88897823400        2.73040936900        2.80304771000       Residual    7021.58649341      MLUPs    897.201654519    
