# Threadlevel provided:        3 out of        0        1        2        3
  spat_dim , proc_dim, PBC ? 
           1 -Dim Input         1200           2 T
           2 -Dim Input         1200           2 T
           3 -Dim Input         1800           3 T
#   0 Process grid   2   2   3
           0           3           2
           2           3           2
           3           3           2
           4           3           2
           5           3           2
           6           3           2
           7           3           2
           8           3           2
           9           3           2
          10           3           2
          11           3           2
#   0  Allocated 2 arrays with a total of  3490.68      Mbytes 
           1           3           2
# StartResidual    0.00000000000    
  4  Maxtime , Mintime + JacobiMi , JacobiMa    2.88956922400        2.88923334400        2.72944770600        2.80063417300       Residual    16023333.3207      MLUPs    897.019520582    
  4  Maxtime , Mintime + JacobiMi , JacobiMa    2.88806064200        2.88805334200        2.72973842700        2.80184484200       Residual    2666666.66665      MLUPs    897.488079823    
  4  Maxtime , Mintime + JacobiMi , JacobiMa    2.88748012900        2.88747769100        2.72913858100        2.80123414000       Residual    567901.234395      MLUPs    897.668515176    
  4  Maxtime , Mintime + JacobiMi , JacobiMa    2.88707003500        2.88706657400        2.72895239000        2.80097255600       Residual    168724.279799      MLUPs    897.796024543    
  4  Maxtime , Mintime + JacobiMi , JacobiMa    2.88816129100        2.88815086500        2.72819345600        2.80200576800       Residual    69101.5089160      MLUPs    897.456803426    
  4  Maxtime , Mintime + JacobiMi , JacobiMa    2.88797015600        2.88795904500        2.72924312700        2.80173617400       Residual    35602.8467978      MLUPs    897.516199956    
  4  Maxtime , Mintime + JacobiMi , JacobiMa    2.88734827400        2.88734534100        2.72863157000        2.80111977200       Residual    21191.9985126      MLUPs    897.709508527    
  4  Maxtime , Mintime + JacobiMi , JacobiMa    2.88771778500        2.88771292000        2.72920859000        2.80151458500       Residual    13837.6573202      MLUPs    897.594638044    
  4  Maxtime , Mintime + JacobiMi , JacobiMa    2.88760999700        2.88760605600        2.72916879600        2.80148003900       Residual    9629.68440473      MLUPs    897.628143237    
  4  Maxtime , Mintime + JacobiMi , JacobiMa    2.88738703900        2.88738287800        2.72939623100        2.80119444100       Residual    7021.58649341      MLUPs    897.697456209    
