# Threadlevel provided:        3 out of        0        1        2        3
  spat_dim , proc_dim, PBC ? 
           1 -Dim Input         2400           4 T
           2 -Dim Input         2400           4 T
           3 -Dim Input         1800           3 T
#   0 Process grid   4   4   3
           6           3           2
           8           3           2
          10           3           2
          12           3           2
          14           3           2
          16           3           2
          18           3           2
          20           3           2
          22           3           2
          24           3           2
          26           3           2
          28           3           2
          30           3           2
          32           3           2
          34           3           2
          36           3           2
          38           3           2
          40           3           2
          42           3           2
          44           3           2
          46           3           2
           0           3           2
           2           3           2
           4           3           2
#   0  Allocated 2 arrays with a total of  3490.68      Mbytes 
           1           3           2
           3           3           2
           5           3           2
           7           3           2
           9           3           2
          11           3           2
          13           3           2
          15           3           2
          17           3           2
          19           3           2
          21           3           2
          23           3           2
          25           3           2
          27           3           2
          29           3           2
          31           3           2
          33           3           2
          35           3           2
          37           3           2
          39           3           2
          41           3           2
          43           3           2
          45           3           2
          47           3           2
# StartResidual    0.00000000000    
  4  Maxtime , Mintime + JacobiMi , JacobiMa    2.02448144500        2.01752629100        1.88351742700        1.92118313600       Residual    40036666.6349      MLUPs    5121.31144773    
  4  Maxtime , Mintime + JacobiMi , JacobiMa    1.98689507700        1.98670054700        1.88645518900        1.92751570300       Residual    6666666.66664      MLUPs    5218.19200219    
  4  Maxtime , Mintime + JacobiMi , JacobiMa    1.98590363800        1.98589549900        1.88580670500        1.92648129500       Residual    1419753.08599      MLUPs    5220.79712309    
  4  Maxtime , Mintime + JacobiMi , JacobiMa    1.98595027600        1.98593402800        1.88569114500        1.92651405700       Residual    421810.699490      MLUPs    5220.67451804    
  4  Maxtime , Mintime + JacobiMi , JacobiMa    1.98593738100        1.98593029400        1.88594576200        1.92648332900       Residual    172753.772289      MLUPs    5220.70841669    
  4  Maxtime , Mintime + JacobiMi , JacobiMa    1.98571985100        1.98570730200        1.88463000500        1.92625571700       Residual    89007.1169946      MLUPs    5221.28033055    
  4  Maxtime , Mintime + JacobiMi , JacobiMa    1.98476037200        1.98473835400        1.88466897200        1.92526214200       Residual    52979.9962815      MLUPs    5223.80441804    
  4  Maxtime , Mintime + JacobiMi , JacobiMa    1.98851269200        1.98849269100        1.88506160600        1.92910836700       Residual    34594.1433006      MLUPs    5213.94710816    
  4  Maxtime , Mintime + JacobiMi , JacobiMa    1.98785783300        1.98784760600        1.88518964300        1.92845941400       Residual    24074.2110118      MLUPs    5215.66473612    
  4  Maxtime , Mintime + JacobiMi , JacobiMa    1.98652810100        1.98651528900        1.88620332500        1.92711167800       Residual    17553.9662335      MLUPs    5219.15597105    
