# Threadlevel provided:        3 out of        0        1        2        3
  spat_dim , proc_dim, PBC ? 
           1 -Dim Input         1200           2 T
           2 -Dim Input         1800           3 T
           3 -Dim Input         1200           2 T
#   0 Process grid   2   3   2
           1           3           2
           2           3           2
           3           3           2
           4           3           2
           5           3           2
           6           3           2
           7           3           2
           8           3           2
           9           3           2
          10           3           2
          11           3           2
           0           3           2
#   0  Allocated 2 arrays with a total of  3490.68      Mbytes 
# StartResidual    0.00000000000    
  4  Maxtime , Mintime + JacobiMi , JacobiMa    3.07421899800        3.07387705000        2.95890775100        2.97908999900       Residual    16023333.3207      MLUPs    843.140973914    
  4  Maxtime , Mintime + JacobiMi , JacobiMa    3.07264902900        3.07264546000        2.95953694400        2.98029613600       Residual    2666666.66665      MLUPs    843.571776515    
  4  Maxtime , Mintime + JacobiMi , JacobiMa    3.07143689000        3.07143270100        2.95842065000        2.97899188400       Residual    567901.234395      MLUPs    843.904691136    
  4  Maxtime , Mintime + JacobiMi , JacobiMa    3.07126466000        3.07126147300        2.95872807300        2.97885434600       Residual    168724.279799      MLUPs    843.952015519    
  4  Maxtime , Mintime + JacobiMi , JacobiMa    3.07124550300        3.07123847900        2.95841132000        2.97868658100       Residual    69101.5089160      MLUPs    843.957279699    
  4  Maxtime , Mintime + JacobiMi , JacobiMa    3.07189330400        3.07188173500        2.95907992400        2.97948812100       Residual    35602.8467978      MLUPs    843.779305949    
  4  Maxtime , Mintime + JacobiMi , JacobiMa    3.07107419600        3.07107126800        2.95865818800        2.97873294600       Residual    21191.9985126      MLUPs    844.004356318    
  4  Maxtime , Mintime + JacobiMi , JacobiMa    3.07252366600        3.07251593400        2.95940123700        2.98006397300       Residual    13837.6573202      MLUPs    843.606195351    
  4  Maxtime , Mintime + JacobiMi , JacobiMa    3.07164633900        3.07163398900        2.95903825600        2.97922317600       Residual    9629.68440473      MLUPs    843.847147079    
  4  Maxtime , Mintime + JacobiMi , JacobiMa    3.07150813700        3.07150510700        2.95895951800        2.97918303500       Residual    7021.58649341      MLUPs    843.885115841    
