# Threadlevel provided:        3 out of        0        1        2        3
  spat_dim , proc_dim, PBC ? 
           1 -Dim Input         4800           8 T
           2 -Dim Input          600           1 T
           3 -Dim Input          600           1 T
#   0 Process grid   8   1   1
           0           3           2
           1           3           2
           2           3           2
           3           3           2
           4           3           2
           5           3           2
           6           3           2
           7           3           2
#   0  Allocated 2 arrays with a total of  3490.68      Mbytes 
# StartResidual    0.00000000000    
  4  Maxtime , Mintime + JacobiMi , JacobiMa    1.94034967000        1.94034226500        1.88270537600        1.89040799900       Residual    17033333.3200      MLUPs    890.561132726    
  4  Maxtime , Mintime + JacobiMi , JacobiMa    1.93842802100        1.93842532600        1.88272677000        1.89066052200       Residual    2833333.33333      MLUPs    891.443985167    
  4  Maxtime , Mintime + JacobiMi , JacobiMa    1.93793814500        1.93793587800        1.88250739400        1.89016923300       Residual    603395.061531      MLUPs    891.669326216    
  4  Maxtime , Mintime + JacobiMi , JacobiMa    1.93833494100        1.93832715000        1.88249823400        1.89053211200       Residual    179269.547283      MLUPs    891.486792839    
  4  Maxtime , Mintime + JacobiMi , JacobiMa    1.93794969600        1.93794746400        1.88251886200        1.89014976800       Residual    73420.3532250      MLUPs    891.664011489    
  4  Maxtime , Mintime + JacobiMi , JacobiMa    1.93838840600        1.93825541700        1.88267198200        1.89060207300       Residual    37828.0247242      MLUPs    891.462203680    
  4  Maxtime , Mintime + JacobiMi , JacobiMa    1.93812852500        1.93812221900        1.88257876300        1.89041547200       Residual    22516.4984200      MLUPs    891.581738626    
  4  Maxtime , Mintime + JacobiMi , JacobiMa    1.93857398900        1.93857073900        1.88293863300        1.89082124200       Residual    14702.5109027      MLUPs    891.376862480    
  4  Maxtime , Mintime + JacobiMi , JacobiMa    1.93804116800        1.93803792700        1.88235622200        1.89025978700       Residual    10231.5396794      MLUPs    891.621926578    
  4  Maxtime , Mintime + JacobiMi , JacobiMa    1.93871200500        1.93870912400        1.88309612500        1.89094324900       Residual    7460.43564967      MLUPs    891.313405778    
