# Threadlevel provided:        3 out of        0        1        2        3
  spat_dim , proc_dim, PBC ? 
           1 -Dim Input         4800           8 T
           2 -Dim Input          600           1 T
           3 -Dim Input          600           1 T
#   0 Process grid   8   1   1
           2           3           2
           4           3           2
           5           3           2
           6           3           2
           7           3           2
           0           3           2
#   0  Allocated 2 arrays with a total of  3490.68      Mbytes 
           1           3           2
           3           3           2
# StartResidual    0.00000000000    
  4  Maxtime , Mintime + JacobiMi , JacobiMa    1.93337400300        1.93335946800        1.88216394300        1.88287255400       Residual    17033333.3200      MLUPs    893.774301981    
  4  Maxtime , Mintime + JacobiMi , JacobiMa    1.93107278500        1.93106977300        1.88227263100        1.88297562200       Residual    2833333.33333      MLUPs    894.839393638    
  4  Maxtime , Mintime + JacobiMi , JacobiMa    1.93211760100        1.93094295300        1.88217852600        1.88273757500       Residual    603395.061531      MLUPs    894.355498395    
  4  Maxtime , Mintime + JacobiMi , JacobiMa    1.93110111400        1.93109774300        1.88230942600        1.88305658500       Residual    179269.547283      MLUPs    894.826266461    
  4  Maxtime , Mintime + JacobiMi , JacobiMa    1.93092294100        1.93091468800        1.88223303100        1.88279512800       Residual    73420.3532250      MLUPs    894.908835205    
  4  Maxtime , Mintime + JacobiMi , JacobiMa    1.93112523100        1.93111955600        1.88243339400        1.88299127500       Residual    37828.0247242      MLUPs    894.815091357    
  4  Maxtime , Mintime + JacobiMi , JacobiMa    1.93091646300        1.93091410500        1.88215846800        1.88270562600       Residual    22516.4984200      MLUPs    894.911837520    
  4  Maxtime , Mintime + JacobiMi , JacobiMa    1.93101675900        1.93101244400        1.88224360400        1.88293362100       Residual    14702.5109027      MLUPs    894.865356267    
  4  Maxtime , Mintime + JacobiMi , JacobiMa    1.93083619400        1.93082885800        1.88216729700        1.88272259300       Residual    10231.5396794      MLUPs    894.949040923    
  4  Maxtime , Mintime + JacobiMi , JacobiMa    1.93111930700        1.93111636400        1.88248394000        1.88309092000       Residual    7460.43564967      MLUPs    894.817836338    
