# Threadlevel provided:        3 out of        0        1        2        3
  spat_dim , proc_dim, PBC ? 
           1 -Dim Input         4800           8 T
           2 -Dim Input          600           1 T
           3 -Dim Input          600           1 T
#   0 Process grid   8   1   1
           6           3           2
           7           3           2
           0           3           2
#   0  Allocated 2 arrays with a total of  3490.68      Mbytes 
           1           3           2
           2           3           2
           3           3           2
           4           3           2
           5           3           2
# StartResidual    0.00000000000    
  4  Maxtime , Mintime + JacobiMi , JacobiMa    1.93475410700        1.93360637700        1.88261004500        1.88320760400       Residual    17033333.3200      MLUPs    893.136752494    
  4  Maxtime , Mintime + JacobiMi , JacobiMa    1.93128119000        1.93127320300        1.88256485400        1.88343222100       Residual    2833333.33333      MLUPs    894.742831312    
  4  Maxtime , Mintime + JacobiMi , JacobiMa    1.93112313300        1.93112065500        1.88235435400        1.88320466600       Residual    603395.061531      MLUPs    894.816063497    
  4  Maxtime , Mintime + JacobiMi , JacobiMa    1.93129192800        1.93128424900        1.88260614900        1.88337194100       Residual    179269.547283      MLUPs    894.737856534    
  4  Maxtime , Mintime + JacobiMi , JacobiMa    1.93107745800        1.93106934300        1.88235880000        1.88315032700       Residual    73420.3532250      MLUPs    894.837228223    
  4  Maxtime , Mintime + JacobiMi , JacobiMa    1.93138973500        1.93138072800        1.88268506400        1.88347803900       Residual    37828.0247242      MLUPs    894.692546349    
  4  Maxtime , Mintime + JacobiMi , JacobiMa    1.93112845300        1.93112581400        1.88240761100        1.88320184000       Residual    22516.4984200      MLUPs    894.813598399    
  4  Maxtime , Mintime + JacobiMi , JacobiMa    1.93149776100        1.93149538500        1.88263253000        1.88358964400       Residual    14702.5109027      MLUPs    894.642507432    
  4  Maxtime , Mintime + JacobiMi , JacobiMa    1.93124331500        1.93124066200        1.88237893300        1.88329594200       Residual    10231.5396794      MLUPs    894.760378756    
  4  Maxtime , Mintime + JacobiMi , JacobiMa    1.93175151600        1.93174509200        1.88263191200        1.88386093700       Residual    7460.43564967      MLUPs    894.524987136    
