# Threadlevel provided:        3 out of        0        1        2        3
  spat_dim , proc_dim, PBC ? 
           1 -Dim Input         2400           4 T
           2 -Dim Input          600           1 T
           3 -Dim Input          600           1 T
#   0 Process grid   4   1   1
           0           3           2
           2           3           2
           3           3           2
           1           3           2
#   0  Allocated 2 arrays with a total of  3490.68      Mbytes 
# StartResidual    0.00000000000    
  4  Maxtime , Mintime + JacobiMi , JacobiMa    1.93832824400        1.93828449600        1.88589535600        1.89058728200       Residual    9019999.99294      MLUPs    445.744936480    
  4  Maxtime , Mintime + JacobiMi , JacobiMa    1.93592687300        1.93592604800        1.88601848900        1.89001814100       Residual    1500000.00000      MLUPs    446.297849392    
  4  Maxtime , Mintime + JacobiMi , JacobiMa    1.93608084300        1.93608039200        1.88572811300        1.89011544800       Residual    319444.444335      MLUPs    446.262356825    
  4  Maxtime , Mintime + JacobiMi , JacobiMa    1.93587858000        1.93587835300        1.88592550500        1.88996454100       Residual    94907.4073853      MLUPs    446.308982870    
  4  Maxtime , Mintime + JacobiMi , JacobiMa    1.93620959000        1.93620808900        1.88585505000        1.89027853300       Residual    38869.5987666      MLUPs    446.232682899    
  4  Maxtime , Mintime + JacobiMi , JacobiMa    1.93589873400        1.93589755700        1.88576846300        1.88996217800       Residual    20026.6013249      MLUPs    446.304336495    
  4  Maxtime , Mintime + JacobiMi , JacobiMa    1.93611376800        1.93611258400        1.88578088700        1.89022735500       Residual    11920.4991636      MLUPs    446.254767814    
  4  Maxtime , Mintime + JacobiMi , JacobiMa    1.93599153100        1.93599114700        1.88577733700        1.89010102200       Residual    7783.68224251      MLUPs    446.282943993    
  4  Maxtime , Mintime + JacobiMi , JacobiMa    1.93609383900        1.93609346100        1.88586762700        1.89020105700       Residual    5416.69747719      MLUPs    446.259361295    
  4  Maxtime , Mintime + JacobiMi , JacobiMa    1.93603551100        1.93603429100        1.88620827900        1.89017363800       Residual    3949.64240276      MLUPs    446.272805995    
