# Threadlevel provided:        3 out of        0        1        2        3
  spat_dim , proc_dim, PBC ? 
           1 -Dim Input         3600           6 T
           2 -Dim Input         2400           4 T
           3 -Dim Input         1200           2 T
#   0 Process grid   6   4   2
          12           3           2
          14           3           2
          16           3           2
          18           3           2
          20           3           2
          22           3           2
          24           3           2
          26           3           2
          30           3           2
          32           3           2
          34           3           2
          36           3           2
          38           3           2
          40           3           2
          42           3           2
          44           3           2
           0           3           2
#   0  Allocated 2 arrays with a total of  3490.68      Mbytes 
           2           3           2
           4           3           2
           6           3           2
           8           3           2
          10           3           2
          28           3           2
           3           3           2
           5           3           2
           7           3           2
           9           3           2
          11           3           2
          13           3           2
          17           3           2
          19           3           2
          21           3           2
          23           3           2
          25           3           2
          27           3           2
          31           3           2
          33           3           2
          35           3           2
          37           3           2
          39           3           2
          41           3           2
          43           3           2
          45           3           2
          47           3           2
           1           3           2
          15           3           2
          46           3           2
          29           3           2
# StartResidual    0.00000000000    
  4  Maxtime , Mintime + JacobiMi , JacobiMa    4.10639898600        4.10622883400        3.82067808300        3.98763340600       Residual    44039999.9650      MLUPs    2524.83989874    
  4  Maxtime , Mintime + JacobiMi , JacobiMa    4.10367129600        4.10364343900        3.82022780700        3.98863056800       Residual    7333333.33329      MLUPs    2526.51814732    
  4  Maxtime , Mintime + JacobiMi , JacobiMa    4.10181971200        4.10179299600        3.82035480700        3.98641950400       Residual    1561728.39458      MLUPs    2527.65863153    
  4  Maxtime , Mintime + JacobiMi , JacobiMa    4.10217397000        4.10215422300        3.82081632700        3.98698258900       Residual    463991.769434      MLUPs    2527.44034647    
  4  Maxtime , Mintime + JacobiMi , JacobiMa    4.10153466100        4.10151238600        3.82160534400        3.98626850100       Residual    190029.149518      MLUPs    2527.83430031    
  4  Maxtime , Mintime + JacobiMi , JacobiMa    4.10167241900        4.10165569200        3.82128017800        3.98640197600       Residual    97907.8286944      MLUPs    2527.74940095    
  4  Maxtime , Mintime + JacobiMi , JacobiMa    4.10123045700        4.10121106800        3.82057797600        3.98597345800       Residual    58277.9959096      MLUPs    2528.02179948    
  4  Maxtime , Mintime + JacobiMi , JacobiMa    4.10345920200        4.10344371700        3.82096908000        3.98805357600       Residual    38053.5576307      MLUPs    2526.64873455    
  4  Maxtime , Mintime + JacobiMi , JacobiMa    4.10197672600        4.10194790600        3.82101054700        3.98666058600       Residual    26481.6321129      MLUPs    2527.56187871    
  4  Maxtime , Mintime + JacobiMi , JacobiMa    4.10332162000        4.10330093300        3.82143432800        3.98814859200       Residual    19309.3628569      MLUPs    2526.73345162    
