# Threadlevel provided:        3 out of        0        1        2        3
  spat_dim , proc_dim, PBC ? 
           1 -Dim Input         3600           6 T
           2 -Dim Input         2400           4 T
           3 -Dim Input         1200           2 T
#   0 Process grid   6   4   2
           2           3           2
           3           3           2
           4           3           2
           5           3           2
           6           3           2
           7           3           2
           8           3           2
           9           3           2
          10           3           2
          11           3           2
          12           3           2
          13           3           2
          14           3           2
          15           3           2
          17           3           2
          18           3           2
          20           3           2
          21           3           2
          23           3           2
          24           3           2
          25           3           2
          26           3           2
          28           3           2
          29           3           2
          30           3           2
          31           3           2
          32           3           2
          33           3           2
          34           3           2
          35           3           2
          36           3           2
          38           3           2
          39           3           2
          40           3           2
          41           3           2
          42           3           2
          44           3           2
          45           3           2
          46           3           2
          47           3           2
           0           3           2
           1           3           2
          19           3           2
          22           3           2
          43           3           2
#   0  Allocated 2 arrays with a total of  3490.68      Mbytes 
          27           3           2
          37           3           2
          16           3           2
# StartResidual    0.00000000000    
  4  Maxtime , Mintime + JacobiMi , JacobiMa    4.11626891100        4.11594376400        3.81854644900        3.99918446800       Residual    44039999.9650      MLUPs    2518.78587725    
  4  Maxtime , Mintime + JacobiMi , JacobiMa    4.11388533000        4.11353172100        3.81833742100        4.00035153100       Residual    7333333.33329      MLUPs    2520.24525924    
  4  Maxtime , Mintime + JacobiMi , JacobiMa    4.11252275800        4.11216190000        3.81869220900        3.99923706700       Residual    1561728.39458      MLUPs    2521.08027362    
  4  Maxtime , Mintime + JacobiMi , JacobiMa    4.11256001000        4.11221132300        3.81772747600        3.99846034800       Residual    463991.769434      MLUPs    2521.05743741    
  4  Maxtime , Mintime + JacobiMi , JacobiMa    4.11325037400        4.11288759900        3.81751582500        3.99993074400       Residual    190029.149518      MLUPs    2520.63430554    
  4  Maxtime , Mintime + JacobiMi , JacobiMa    4.11367110000        4.11331780900        3.81792071500        3.99997744100       Residual    97907.8286944      MLUPs    2520.37650749    
  4  Maxtime , Mintime + JacobiMi , JacobiMa    4.11289488200        4.11254714000        3.81812302200        3.99905187900       Residual    58277.9959096      MLUPs    2520.85217285    
  4  Maxtime , Mintime + JacobiMi , JacobiMa    4.11464494700        4.11427853400        3.81866466400        4.00101672200       Residual    38053.5576307      MLUPs    2519.77998917    
  4  Maxtime , Mintime + JacobiMi , JacobiMa    4.11379909100        4.11344682300        3.81897137300        4.00067133000       Residual    26481.6321129      MLUPs    2520.29809202    
  4  Maxtime , Mintime + JacobiMi , JacobiMa    4.11364318300        4.11329133000        3.81951036100        4.00035570300       Residual    19309.3628569      MLUPs    2520.39361188    
