# Threadlevel provided:        3 out of        0        1        2        3
  spat_dim , proc_dim, PBC ? 
           1 -Dim Input         1200           2 T
           2 -Dim Input         7200          12 T
           3 -Dim Input          600           1 T
#   0 Process grid   2  12   1
          18           3           2
          20           3           2
          22           3           2
           0           3           2
#   0  Allocated 2 arrays with a total of  3490.68      Mbytes 
           2           3           2
           4           3           2
           6           3           2
           8           3           2
          10           3           2
          12           3           2
          14           3           2
          16           3           2
           1           3           2
           5           3           2
           9           3           2
          13           3           2
          17           3           2
          19           3           2
          21           3           2
          23           3           2
           3           3           2
           7           3           2
          11           3           2
          15           3           2
# StartResidual    0.00000000000    
  4  Maxtime , Mintime + JacobiMi , JacobiMa    1.94748573200        1.94639042100        1.88214438000        1.89356945900       Residual    38049999.9700      MLUPs    2661.89369956    
  4  Maxtime , Mintime + JacobiMi , JacobiMa    1.94255414000        1.94254716200        1.88137162300        1.89319661500       Residual    6333333.33330      MLUPs    2668.65148994    
  4  Maxtime , Mintime + JacobiMi , JacobiMa    1.94246144600        1.94244907700        1.88119292700        1.89293594900       Residual    1348765.43169      MLUPs    2668.77883763    
  4  Maxtime , Mintime + JacobiMi , JacobiMa    1.94252492900        1.94251683300        1.88139116900        1.89307099400       Residual    400720.164523      MLUPs    2668.69162017    
  4  Maxtime , Mintime + JacobiMi , JacobiMa    1.94262870700        1.94262215600        1.88138271200        1.89304829900       Residual    164116.083676      MLUPs    2668.54905486    
  4  Maxtime , Mintime + JacobiMi , JacobiMa    1.94254285000        1.94252752800        1.88145784400        1.89312819300       Residual    84556.7611452      MLUPs    2668.66700006    
  4  Maxtime , Mintime + JacobiMi , JacobiMa    1.94256574200        1.94255559700        1.88107971700        1.89308562500       Residual    50330.9964674      MLUPs    2668.63555138    
  4  Maxtime , Mintime + JacobiMi , JacobiMa    1.94236481500        1.94235564100        1.88148347700        1.89295369300       Residual    32864.4361354      MLUPs    2668.91160711    
  4  Maxtime , Mintime + JacobiMi , JacobiMa    1.94268161800        1.94267356200        1.88122418700        1.89313333900       Residual    22870.5004613      MLUPs    2668.47637408    
  4  Maxtime , Mintime + JacobiMi , JacobiMa    1.94262235200        1.94260799400        1.88140739200        1.89317569900       Residual    16676.2679219      MLUPs    2668.55778462    
