# Threadlevel provided:        3 out of        0        1        2        3
  spat_dim , proc_dim, PBC ? 
           1 -Dim Input         2400           4 T
           2 -Dim Input         1800           3 T
           3 -Dim Input         1200           2 T
#   0 Process grid   4   3   2
           9           3           2
          10           3           2
          11           3           2
          12           3           2
          13           3           2
          14           3           2
          15           3           2
          16           3           2
          17           3           2
          18           3           2
          19           3           2
          20           3           2
          21           3           2
          22           3           2
          23           3           2
           0           3           2
#   0  Allocated 2 arrays with a total of  3490.68      Mbytes 
           1           3           2
           2           3           2
           3           3           2
           4           3           2
           5           3           2
           6           3           2
           7           3           2
           8           3           2
# StartResidual    0.00000000000    
  4  Maxtime , Mintime + JacobiMi , JacobiMa    3.06580258700        3.06573992500        2.85006736300        2.96865366400       Residual    26029999.9794      MLUPs    1690.91122239    
  4  Maxtime , Mintime + JacobiMi , JacobiMa    3.06426496700        3.06425856900        2.84931641300        2.96945249100       Residual    4333333.33331      MLUPs    1691.75970611    
  4  Maxtime , Mintime + JacobiMi , JacobiMa    3.06340926900        3.06339493400        2.84878287200        2.96854321700       Residual    922839.505890      MLUPs    1692.23226307    
  4  Maxtime , Mintime + JacobiMi , JacobiMa    3.06451031400        3.06449931900        2.85006718000        2.96959067100       Residual    274176.954668      MLUPs    1691.62426255    
  4  Maxtime , Mintime + JacobiMi , JacobiMa    3.06410905400        3.06410519500        2.84902933300        2.96924830500       Residual    112289.951988      MLUPs    1691.84578898    
  4  Maxtime , Mintime + JacobiMi , JacobiMa    3.06412345800        3.06411964100        2.84884575700        2.96942204800       Residual    57854.6260466      MLUPs    1691.83783586    
  4  Maxtime , Mintime + JacobiMi , JacobiMa    3.06362825900        3.06362442800        2.84861026600        2.96877291700       Residual    34436.9975829      MLUPs    1692.11130129    
  4  Maxtime , Mintime + JacobiMi , JacobiMa    3.06432208800        3.06430053900        2.84904473500        2.96961706200       Residual    22486.1931454      MLUPs    1691.72817058    
  4  Maxtime , Mintime + JacobiMi , JacobiMa    3.06431674900        3.06429781700        2.85042575000        2.96953063100       Residual    15648.2371577      MLUPs    1691.73111810    
  4  Maxtime , Mintime + JacobiMi , JacobiMa    3.06394927400        3.06393942800        2.85061905400        2.96910361300       Residual    11410.0780518      MLUPs    1691.93401601    
