# Threadlevel provided:        3 out of        0        1        2        3
  spat_dim , proc_dim, PBC ? 
           1 -Dim Input         1800           3 T
           2 -Dim Input         4800           8 T
           3 -Dim Input          600           1 T
#   0 Process grid   3   8   1
           2           3           2
           3           3           2
           4           3           2
           5           3           2
           6           3           2
           7           3           2
           8           3           2
           9           3           2
          10           3           2
          11           3           2
          12           3           2
          13           3           2
          14           3           2
          15           3           2
          16           3           2
          17           3           2
          18           3           2
          19           3           2
          20           3           2
          21           3           2
          22           3           2
          23           3           2
           0           3           2
#   0  Allocated 2 arrays with a total of  3490.68      Mbytes 
           1           3           2
# StartResidual    0.00000000000    
  4  Maxtime , Mintime + JacobiMi , JacobiMa    3.06645781900        3.06638693200        2.85235351700        2.97124927700       Residual    35039999.9723      MLUPs    1690.54991328    
  4  Maxtime , Mintime + JacobiMi , JacobiMa    3.06318229800        3.06317034800        2.85199340800        2.97066160300       Residual    5833333.33330      MLUPs    1692.35765151    
  4  Maxtime , Mintime + JacobiMi , JacobiMa    3.06508369400        3.06507101800        2.85163985000        2.97254851500       Residual    1242283.95024      MLUPs    1691.30781327    
  4  Maxtime , Mintime + JacobiMi , JacobiMa    3.06394297700        3.06391647300        2.85255564600        2.97144734100       Residual    369084.362056      MLUPs    1691.93749326    
  4  Maxtime , Mintime + JacobiMi , JacobiMa    3.06424285900        3.06422014900        2.85271901800        2.97169712600       Residual    151159.550754      MLUPs    1691.77191187    
  4  Maxtime , Mintime + JacobiMi , JacobiMa    3.06470893000        3.06469905200        2.85215049900        2.97227008200       Residual    77881.2273706      MLUPs    1691.51463268    
  4  Maxtime , Mintime + JacobiMi , JacobiMa    3.06492360200        3.06490119600        2.85248148100        2.97244622800       Residual    46357.4967463      MLUPs    1691.39615637    
  4  Maxtime , Mintime + JacobiMi , JacobiMa    3.06486134000        3.06485639800        2.85158630500        2.97244488200       Residual    30269.8753879      MLUPs    1691.43051672    
  4  Maxtime , Mintime + JacobiMi , JacobiMa    3.06440871300        3.06440354200        2.85247563800        2.97206658600       Residual    21064.9346353      MLUPs    1691.68034865    
  4  Maxtime , Mintime + JacobiMi , JacobiMa    3.06427448000        3.06426667600        2.85320072700        2.97169857400       Residual    15359.7204545      MLUPs    1691.75445406    
