# Threadlevel provided:        3 out of        0        1        2        3
  spat_dim , proc_dim, PBC ? 
           1 -Dim Input          600           1 T
           2 -Dim Input         9600          16 T
           3 -Dim Input         1800           3 T
#   0 Process grid   1  16   3
          14           3           2
          15           3           2
          16           3           2
          17           3           2
          18           3           2
          21           3           2
          22           3           2
          23           3           2
          24           3           2
          25           3           2
          26           3           2
          27           3           2
          28           3           2
          29           3           2
          30           3           2
          33           3           2
          34           3           2
          36           3           2
          37           3           2
          38           3           2
          39           3           2
          40           3           2
          41           3           2
          43           3           2
          46           3           2
          47           3           2
           0           3           2
#   0  Allocated 2 arrays with a total of  3490.68      Mbytes 
           1           3           2
           2           3           2
           3           3           2
           4           3           2
           5           3           2
           6           3           2
           7           3           2
           8           3           2
          10           3           2
          11           3           2
          12           3           2
          13           3           2
          19           3           2
          20           3           2
          32           3           2
          35           3           2
          42           3           2
          44           3           2
           9           3           2
          31           3           2
          45           3           2
# StartResidual    0.00000000000    
  4  Maxtime , Mintime + JacobiMi , JacobiMa    4.08150228600        4.08138459800        3.80459564300        3.96272159900       Residual    67066666.6135      MLUPs    2540.24113512    
  4  Maxtime , Mintime + JacobiMi , JacobiMa    4.08035769200        4.08034537300        3.80504221200        3.96460651300       Residual    11166666.6666      MLUPs    2540.95370617    
  4  Maxtime , Mintime + JacobiMi , JacobiMa    4.07975263000        4.07973324600        3.80396257500        3.96348388100       Residual    2378086.41904      MLUPs    2541.33055121    
  4  Maxtime , Mintime + JacobiMi , JacobiMa    4.08115569300        4.08114071000        3.80486873300        3.96521714600       Residual    706532.921676      MLUPs    2540.45686563    
  4  Maxtime , Mintime + JacobiMi , JacobiMa    4.08126055900        4.08094893900        3.80464379900        3.96474824400       Residual    289362.568585      MLUPs    2540.39158983    
  4  Maxtime , Mintime + JacobiMi , JacobiMa    4.08537968600        4.08536212900        3.80567640100        3.97005788600       Residual    149086.920963      MLUPs    2537.83021332    
  4  Maxtime , Mintime + JacobiMi , JacobiMa    4.08130532500        4.08129481600        3.79311316600        3.96450011800       Residual    88741.4937718      MLUPs    2540.36372542    
  4  Maxtime , Mintime + JacobiMi , JacobiMa    4.08295006400        4.08293215300        3.80661902100        3.96678262200       Residual    57945.1900278      MLUPs    2539.34038807    
  4  Maxtime , Mintime + JacobiMi , JacobiMa    4.08056132600        4.08054498400        3.80672889500        3.96346543600       Residual    40324.3034450      MLUPs    2540.82690387    
  4  Maxtime , Mintime + JacobiMi , JacobiMa    4.08156258000        4.08154586100        3.80669943500        3.96509043700       Residual    29402.8934406      MLUPs    2540.20360996    
