# Threadlevel provided:        3 out of        0        1        2        3
  spat_dim , proc_dim, PBC ? 
           1 -Dim Input          600           1 T
           2 -Dim Input         2400           4 T
           3 -Dim Input         1800           3 T
#   0 Process grid   1   4   3
           3           3           2
           4           3           2
           6           3           2
           7           3           2
           8           3           2
           9           3           2
          10           3           2
          11           3           2
           0           3           2
#   0  Allocated 2 arrays with a total of  3490.68      Mbytes 
           1           3           2
           2           3           2
           5           3           2
# StartResidual    0.00000000000    
  4  Maxtime , Mintime + JacobiMi , JacobiMa    1.96171973200        1.96130779900        1.89201875000        1.90494951200       Residual    19026666.6516      MLUPs    1321.28966117    
  4  Maxtime , Mintime + JacobiMi , JacobiMa    1.95958947100        1.95957965200        1.89249277400        1.90527350200       Residual    3166666.66665      MLUPs    1322.72602928    
  4  Maxtime , Mintime + JacobiMi , JacobiMa    1.96078847000        1.96078447700        1.89356549000        1.90646419300       Residual    674382.715835      MLUPs    1321.91719793    
  4  Maxtime , Mintime + JacobiMi , JacobiMa    1.96094536800        1.96094265000        1.89395352900        1.90661811000       Residual    200360.082265      MLUPs    1321.81142948    
  4  Maxtime , Mintime + JacobiMi , JacobiMa    1.96127426000        1.96125598700        1.89436942400        1.90696571500       Residual    82058.0418383      MLUPs    1321.58977093    
  4  Maxtime , Mintime + JacobiMi , JacobiMa    1.96122598300        1.96122270200        1.89416894400        1.90695568700       Residual    42278.3805727      MLUPs    1321.62230282    
  4  Maxtime , Mintime + JacobiMi , JacobiMa    1.96130664000        1.96129867000        1.89434979000        1.90691409600       Residual    25165.4982340      MLUPs    1321.56795227    
  4  Maxtime , Mintime + JacobiMi , JacobiMa    1.96143492200        1.96143302300        1.89432895900        1.90709770600       Residual    16432.2180675      MLUPs    1321.48151893    
  4  Maxtime , Mintime + JacobiMi , JacobiMa    1.96197982900        1.96197712700        1.89509232600        1.90759006300       Residual    11435.2502304      MLUPs    1321.11449959    
  4  Maxtime , Mintime + JacobiMi , JacobiMa    1.96185080000        1.96184641100        1.89456319500        1.90731133100       Residual    8338.13396099      MLUPs    1321.20138800    
