# Threadlevel provided:        3 out of        0        1        2        3
  spat_dim , proc_dim, PBC ? 
           1 -Dim Input         2400           4 T
           2 -Dim Input         1800           3 T
           3 -Dim Input         2400           4 T
#   0 Process grid   4   3   4
          12           3           2
          14           3           2
          16           3           2
          20           3           2
          22           3           2
          24           3           2
          26           3           2
          28           3           2
          30           3           2
          32           3           2
          34           3           2
          36           3           2
          38           3           2
          40           3           2
          42           3           2
          44           3           2
          46           3           2
           0           3           2
           2           3           2
           4           3           2
           6           3           2
           8           3           2
          10           3           2
#   0  Allocated 2 arrays with a total of  3490.68      Mbytes 
          18           3           2
           1           3           2
           3           3           2
           5           3           2
           7           3           2
           9           3           2
          11           3           2
          13           3           2
          15           3           2
          17           3           2
          19           3           2
          21           3           2
          23           3           2
          25           3           2
          29           3           2
          31           3           2
          35           3           2
          37           3           2
          39           3           2
          41           3           2
          43           3           2
          45           3           2
          47           3           2
          27           3           2
          33           3           2
# StartResidual    0.00000000000    
  4  Maxtime , Mintime + JacobiMi , JacobiMa    4.07755517800        4.07716303600        3.80416524600        3.94695355400       Residual    40036666.6349      MLUPs    2542.70011009    
  4  Maxtime , Mintime + JacobiMi , JacobiMa    4.07468937700        4.07468026400        3.81070131300        3.94759776200       Residual    6666666.66664      MLUPs    2544.48843598    
  4  Maxtime , Mintime + JacobiMi , JacobiMa    4.07399257800        4.07397886900        3.80639212900        3.94676509900       Residual    1419753.08599      MLUPs    2544.92363486    
  4  Maxtime , Mintime + JacobiMi , JacobiMa    4.07384001300        4.07382408100        3.80588456300        3.94706609600       Residual    421810.699490      MLUPs    2545.01894206    
  4  Maxtime , Mintime + JacobiMi , JacobiMa    4.07441966700        4.07398824100        3.80594571500        3.94709062800       Residual    172753.772289      MLUPs    2544.65687076    
  4  Maxtime , Mintime + JacobiMi , JacobiMa    4.07549582200        4.07548817800        3.80655306600        3.94845202400       Residual    89007.1169946      MLUPs    2543.98494142    
  4  Maxtime , Mintime + JacobiMi , JacobiMa    4.07560736600        4.07558619400        3.80617432100        3.94842434700       Residual    52979.9962815      MLUPs    2543.91531591    
  4  Maxtime , Mintime + JacobiMi , JacobiMa    4.07601533200        4.07598404000        3.80626956800        3.94931623400       Residual    34594.1433006      MLUPs    2543.66069691    
  4  Maxtime , Mintime + JacobiMi , JacobiMa    4.07650831600        4.07649342100        3.80753404400        3.94939679900       Residual    24074.2110118      MLUPs    2543.35308463    
  4  Maxtime , Mintime + JacobiMi , JacobiMa    4.07569586700        4.07567502100        3.80678286600        3.94856387100       Residual    17553.9662335      MLUPs    2543.86007650    
