# Threadlevel provided:        3 out of        0        1        2        3
  spat_dim , proc_dim, PBC ? 
           1 -Dim Input         2400           4 T
           2 -Dim Input         1800           3 T
           3 -Dim Input          600           1 T
#   0 Process grid   4   3   1
           0           3           2
           8           3           2
          10           3           2
           2           3           2
           4           3           2
           6           3           2
#   0  Allocated 2 arrays with a total of  3490.68      Mbytes 
           1           3           2
           3           3           2
           5           3           2
           7           3           2
           9           3           2
          11           3           2
# StartResidual    0.00000000000    
  4  Maxtime , Mintime + JacobiMi , JacobiMa    1.95844488100        1.95760450100        1.88166355900        1.89416086800       Residual    19026666.6516      MLUPs    1323.49908090    
  4  Maxtime , Mintime + JacobiMi , JacobiMa    1.95241099700        1.95240410500        1.88124619700        1.89413521600       Residual    3166666.66665      MLUPs    1327.58932621    
  4  Maxtime , Mintime + JacobiMi , JacobiMa    1.95234522200        1.95233859000        1.88126106400        1.89403278100       Residual    674382.715837      MLUPs    1327.63405303    
  4  Maxtime , Mintime + JacobiMi , JacobiMa    1.95239912700        1.95238247200        1.88133029800        1.89412081500       Residual    200360.082258      MLUPs    1327.59739756    
  4  Maxtime , Mintime + JacobiMi , JacobiMa    1.95237399700        1.95236668700        1.88113078600        1.89406258200       Residual    82058.0418381      MLUPs    1327.61448574    
  4  Maxtime , Mintime + JacobiMi , JacobiMa    1.95269961500        1.95268210100        1.88134405600        1.89429803800       Residual    42278.3805730      MLUPs    1327.39310239    
  4  Maxtime , Mintime + JacobiMi , JacobiMa    1.95210459800        1.95209753400        1.88123187300        1.89382886600       Residual    25165.4982338      MLUPs    1327.79770236    
  4  Maxtime , Mintime + JacobiMi , JacobiMa    1.95241322800        1.95240678900        1.88132378800        1.89405340200       Residual    16432.2180677      MLUPs    1327.58780919    
  4  Maxtime , Mintime + JacobiMi , JacobiMa    1.95231160600        1.95230378100        1.88111530500        1.89401133700       Residual    11435.2502304      MLUPs    1327.65691298    
  4  Maxtime , Mintime + JacobiMi , JacobiMa    1.95246636700        1.95245830400        1.88149660000        1.89427479600       Residual    8338.13396113      MLUPs    1327.55167710    
