# Threadlevel provided:        3 out of        0        1        2        3
  spat_dim , proc_dim, PBC ? 
           1 -Dim Input         3600           6 T
           2 -Dim Input         1200           2 T
           3 -Dim Input          600           1 T
#   0 Process grid   6   2   1
           9           3           2
          10           3           2
          11           3           2
           0           3           2
#   0  Allocated 2 arrays with a total of  3490.68      Mbytes 
           1           3           2
           2           3           2
           3           3           2
           4           3           2
           5           3           2
           6           3           2
           7           3           2
           8           3           2
# StartResidual    0.00000000000    
  4  Maxtime , Mintime + JacobiMi , JacobiMa    3.05966996400        3.05936846200        2.95575927700        2.96489733600       Residual    20029999.9842      MLUPs    847.150192830    
  4  Maxtime , Mintime + JacobiMi , JacobiMa    3.05636429200        3.05635286100        2.95416991900        2.96422630600       Residual    3333333.33331      MLUPs    848.066445085    
  4  Maxtime , Mintime + JacobiMi , JacobiMa    3.05741020600        3.05740803900        2.95622391100        2.96516979300       Residual    709876.542986      MLUPs    847.776328774    
  4  Maxtime , Mintime + JacobiMi , JacobiMa    3.05663226000        3.05662972600        2.95405981600        2.96447606000       Residual    210905.349744      MLUPs    847.992097028    
  4  Maxtime , Mintime + JacobiMi , JacobiMa    3.05716116400        3.05714948800        2.95474828600        2.96503315600       Residual    86376.8861454      MLUPs    847.845390201    
  4  Maxtime , Mintime + JacobiMi , JacobiMa    3.05695876500        3.05695063900        2.95631672600        2.96494156000       Residual    44503.5584980      MLUPs    847.901525423    
  4  Maxtime , Mintime + JacobiMi , JacobiMa    3.05664189800        3.05663955900        2.95586474100        2.96476081300       Residual    26489.9981408      MLUPs    847.989423195    
  4  Maxtime , Mintime + JacobiMi , JacobiMa    3.05682396600        3.05681354900        2.95602849000        2.96483342300       Residual    17297.0716503      MLUPs    847.938915957    
  4  Maxtime , Mintime + JacobiMi , JacobiMa    3.05727194700        3.05727035800        2.95656125600        2.96513912900       Residual    12037.1055057      MLUPs    847.814667761    
  4  Maxtime , Mintime + JacobiMi , JacobiMa    3.05667873900        3.05667600200        2.95594848000        2.96458522200       Residual    8776.98311703      MLUPs    847.979202698    
