# Threadlevel provided:        3 out of        0        1        2        3
  spat_dim , proc_dim, PBC ? 
           1 -Dim Input         3600           6 T
           2 -Dim Input         1200           2 T
           3 -Dim Input          600           1 T
#   0 Process grid   6   2   1
           0           3           2
           2           3           2
           3           3           2
           4           3           2
           5           3           2
           6           3           2
           7           3           2
           8           3           2
           9           3           2
          10           3           2
          11           3           2
#   0  Allocated 2 arrays with a total of  3490.68      Mbytes 
           1           3           2
# StartResidual    0.00000000000    
  4  Maxtime , Mintime + JacobiMi , JacobiMa    3.05948673700        3.05913203600        2.95418034300        2.96441254400       Residual    20029999.9842      MLUPs    847.200927088    
  4  Maxtime , Mintime + JacobiMi , JacobiMa    3.05740398800        3.05740141900        2.95442627100        2.96498200100       Residual    3333333.33331      MLUPs    847.778052941    
  4  Maxtime , Mintime + JacobiMi , JacobiMa    3.05813341500        3.05813117800        2.95477147700        2.96575182400       Residual    709876.542986      MLUPs    847.575840637    
  4  Maxtime , Mintime + JacobiMi , JacobiMa    3.05947454900        3.05946491200        2.95536705900        2.96732249000       Residual    210905.349744      MLUPs    847.204302074    
  4  Maxtime , Mintime + JacobiMi , JacobiMa    3.05882641000        3.05882302800        2.95485650700        2.96657834400       Residual    86376.8861454      MLUPs    847.383817377    
  4  Maxtime , Mintime + JacobiMi , JacobiMa    3.05987034300        3.05984992300        2.95656155100        2.96781490100       Residual    44503.5584980      MLUPs    847.094716261    
  4  Maxtime , Mintime + JacobiMi , JacobiMa    3.05980191900        3.05979076300        2.95645736200        2.96779002400       Residual    26489.9981408      MLUPs    847.113659190    
  4  Maxtime , Mintime + JacobiMi , JacobiMa    3.05933251800        3.05933107500        2.95619629700        2.96703831200       Residual    17297.0716503      MLUPs    847.243633946    
  4  Maxtime , Mintime + JacobiMi , JacobiMa    3.06055701600        3.06054819500        2.95663823900        2.96853521600       Residual    12037.1055057      MLUPs    846.904660312    
  4  Maxtime , Mintime + JacobiMi , JacobiMa    3.05914160900        3.05913843400        2.95491342400        2.96699583200       Residual    8776.98311703      MLUPs    847.296507090    
