# Threadlevel provided:        3 out of        0        1        2        3
  spat_dim , proc_dim, PBC ? 
           1 -Dim Input         1800           3 T
           2 -Dim Input          600           1 T
           3 -Dim Input         2400           4 T
#   0 Process grid   3   1   4
           0           3           2
           4           3           2
           5           3           2
           6           3           2
           7           3           2
           8           3           2
           9           3           2
          10           3           2
          11           3           2
#   0  Allocated 2 arrays with a total of  3490.68      Mbytes 
           1           3           2
           2           3           2
           3           3           2
# StartResidual    0.00000000000    
  4  Maxtime , Mintime + JacobiMi , JacobiMa    1.96338541100        1.96333877000        1.89861560500        1.90578079500       Residual    19026666.6516      MLUPs    1320.16871750    
  4  Maxtime , Mintime + JacobiMi , JacobiMa    1.95971460200        1.95971153500        1.89735036600        1.90441193000       Residual    3166666.66665      MLUPs    1322.64157105    
  4  Maxtime , Mintime + JacobiMi , JacobiMa    1.96014554500        1.96014275200        1.89741176600        1.90481291600       Residual    674382.715838      MLUPs    1322.35078493    
  4  Maxtime , Mintime + JacobiMi , JacobiMa    1.95944074500        1.95943718700        1.89674832400        1.90420655700       Residual    200360.082259      MLUPs    1322.82642719    
  4  Maxtime , Mintime + JacobiMi , JacobiMa    1.95885283300        1.95883525500        1.89631539200        1.90357361400       Residual    82058.0418382      MLUPs    1323.22344810    
  4  Maxtime , Mintime + JacobiMi , JacobiMa    1.95858611600        1.95857956300        1.89590175400        1.90334295300       Residual    42278.3805730      MLUPs    1323.40364247    
  4  Maxtime , Mintime + JacobiMi , JacobiMa    1.95942948200        1.95942779000        1.89675281500        1.90417586600       Residual    25165.4982338      MLUPs    1322.83403093    
  4  Maxtime , Mintime + JacobiMi , JacobiMa    1.96038556200        1.96037637700        1.89755644500        1.90513041400       Residual    16432.2180677      MLUPs    1322.18888480    
  4  Maxtime , Mintime + JacobiMi , JacobiMa    1.96048102400        1.96047831600        1.89803142100        1.90526150400       Residual    11435.2502304      MLUPs    1322.12450326    
  4  Maxtime , Mintime + JacobiMi , JacobiMa    1.96306471500        1.96306167200        1.89987046700        1.90787774100       Residual    8338.13396110      MLUPs    1320.38438682    
