# Threadlevel provided:        3 out of        0        1        2        3
  spat_dim , proc_dim, PBC ? 
           1 -Dim Input         1800           3 T
           2 -Dim Input         2400           4 T
           3 -Dim Input          600           1 T
#   0 Process grid   3   4   1
           0           3           2
           3           3           2
           5           3           2
           6           3           2
           7           3           2
           8           3           2
           9           3           2
          10           3           2
          11           3           2
#   0  Allocated 2 arrays with a total of  3490.68      Mbytes 
           1           3           2
           2           3           2
           4           3           2
# StartResidual    0.00000000000    
  4  Maxtime , Mintime + JacobiMi , JacobiMa    1.96299682900        1.96174818700        1.90174065300        1.90406096800       Residual    19026666.6516      MLUPs    1320.43004946    
  4  Maxtime , Mintime + JacobiMi , JacobiMa    1.96031092900        1.96030701500        1.90230507700        1.90471617200       Residual    3166666.66665      MLUPs    1322.23922320    
  4  Maxtime , Mintime + JacobiMi , JacobiMa    1.96015338300        1.96015017300        1.90197653600        1.90447170100       Residual    674382.715838      MLUPs    1322.34549729    
  4  Maxtime , Mintime + JacobiMi , JacobiMa    1.95919926800        1.95919625000        1.90109426000        1.90357015000       Residual    200360.082259      MLUPs    1322.98946939    
  4  Maxtime , Mintime + JacobiMi , JacobiMa    1.95796280700        1.95795324200        1.89989108200        1.90230616000       Residual    82058.0418382      MLUPs    1323.82494230    
  4  Maxtime , Mintime + JacobiMi , JacobiMa    1.95854926900        1.95854107000        1.90030243000        1.90291053300       Residual    42278.3805730      MLUPs    1323.42854021    
  4  Maxtime , Mintime + JacobiMi , JacobiMa    1.95757243800        1.95756083300        1.89939743300        1.90192729600       Residual    25165.4982338      MLUPs    1324.08893264    
  4  Maxtime , Mintime + JacobiMi , JacobiMa    1.96054812300        1.96053995300        1.90237508800        1.90490446200       Residual    16432.2180677      MLUPs    1322.07925406    
  4  Maxtime , Mintime + JacobiMi , JacobiMa    1.95976388400        1.95975868600        1.90161918500        1.90407830700       Residual    11435.2502304      MLUPs    1322.60831071    
  4  Maxtime , Mintime + JacobiMi , JacobiMa    1.96149980400        1.96149702500        1.90342502300        1.90589390100       Residual    8338.13396110      MLUPs    1321.43780729    
