# Threadlevel provided:        3 out of        0        1        2        3
  spat_dim , proc_dim, PBC ? 
           1 -Dim Input         7200          12 T
           2 -Dim Input         2400           4 T
           3 -Dim Input          600           1 T
#   0 Process grid  12   4   1
          12           3           2
          14           3           2
          16           3           2
          18           3           2
          20           3           2
          22           3           2
          26           3           2
          28           3           2
          32           3           2
          34           3           2
          38           3           2
          42           3           2
          44           3           2
          46           3           2
           0           3           2
#   0  Allocated 2 arrays with a total of  3490.68      Mbytes 
           2           3           2
           4           3           2
           6           3           2
          10           3           2
          36           3           2
          24           3           2
          40           3           2
           8           3           2
           1           3           2
           3           3           2
           5           3           2
           7           3           2
           9           3           2
          11           3           2
          13           3           2
          15           3           2
          17           3           2
          19           3           2
          21           3           2
          23           3           2
          25           3           2
          27           3           2
          29           3           2
          33           3           2
          35           3           2
          37           3           2
          39           3           2
          41           3           2
          43           3           2
          45           3           2
          47           3           2
          31           3           2
          30           3           2
# StartResidual    0.00000000000    
  4  Maxtime , Mintime + JacobiMi , JacobiMa    4.08169101200        4.08159082300        3.80834085500        3.96183633100       Residual    64056666.6158      MLUPs    2540.12368146    
  4  Maxtime , Mintime + JacobiMi , JacobiMa    4.07751767300        4.07750187600        3.80758243000        3.96084476900       Residual    10666666.6666      MLUPs    2542.72349784    
  4  Maxtime , Mintime + JacobiMi , JacobiMa    4.07779341300        4.07735414700        3.80766006300        3.96068566800       Residual    2271604.93757      MLUPs    2542.55155912    
  4  Maxtime , Mintime + JacobiMi , JacobiMa    4.07965392200        4.07927281900        3.80839293600        3.96257294300       Residual    674897.119176      MLUPs    2541.39203918    
  4  Maxtime , Mintime + JacobiMi , JacobiMa    4.07904888500        4.07903419500        3.80713888400        3.96189621500       Residual    276406.035663      MLUPs    2541.76899868    
  4  Maxtime , Mintime + JacobiMi , JacobiMa    4.08182008800        4.08181256400        3.80805848600        3.96475970000       Residual    142411.387192      MLUPs    2540.04335725    
  4  Maxtime , Mintime + JacobiMi , JacobiMa    4.08027031100        4.08025532800        3.80876393700        3.95138158500       Residual    84767.9940500      MLUPs    2541.00812195    
  4  Maxtime , Mintime + JacobiMi , JacobiMa    4.08228455100        4.08227658100        3.80861525400        3.96500664400       Residual    55350.6292810      MLUPs    2539.75436314    
  4  Maxtime , Mintime + JacobiMi , JacobiMa    4.08142233400        4.08141075500        3.80860408700        3.96429302800       Residual    38518.7376189      MLUPs    2540.29089654    
  4  Maxtime , Mintime + JacobiMi , JacobiMa    4.08181748700        4.08178982600        3.80823458300        3.96462225400       Residual    28086.3459739      MLUPs    2540.04497580    
