# Threadlevel provided:        3 out of        0        1        2        3
  spat_dim , proc_dim, PBC ? 
           1 -Dim Input         7200          12 T
           2 -Dim Input          600           1 T
           3 -Dim Input          600           1 T
#   0 Process grid  12   1   1
           8           3           2
           9           3           2
          10           3           2
          11           3           2
           0           3           2
#   0  Allocated 2 arrays with a total of  3490.68      Mbytes 
           1           3           2
           2           3           2
           3           3           2
           4           3           2
           5           3           2
           6           3           2
           7           3           2
# StartResidual    0.00000000000    
  4  Maxtime , Mintime + JacobiMi , JacobiMa    2.88944212200        2.88925570400        2.73351766800        2.80118875800       Residual    25046666.6470      MLUPs    897.058979055    
  4  Maxtime , Mintime + JacobiMi , JacobiMa    2.88756620400        2.88755549100        2.73608217000        2.80206249400       Residual    4166666.66665      MLUPs    897.641756719    
  4  Maxtime , Mintime + JacobiMi , JacobiMa    2.88763193300        2.88762025900        2.73671078700        2.80201477600       Residual    887345.678726      MLUPs    897.621324373    
  4  Maxtime , Mintime + JacobiMi , JacobiMa    2.88793771300        2.88793009200        2.73633136000        2.80237320300       Residual    263631.687181      MLUPs    897.526282625    
  4  Maxtime , Mintime + JacobiMi , JacobiMa    2.88814451800        2.88813851000        2.73563076000        2.80250707800       Residual    107971.107683      MLUPs    897.462015438    
  4  Maxtime , Mintime + JacobiMi , JacobiMa    2.88760456500        2.88759423600        2.73511154800        2.80200223200       Residual    55629.4481235      MLUPs    897.629831805    
  4  Maxtime , Mintime + JacobiMi , JacobiMa    2.88777298900        2.88776568400        2.73240552900        2.80222940300       Residual    33112.4976765      MLUPs    897.577479211    
  4  Maxtime , Mintime + JacobiMi , JacobiMa    2.88792399800        2.88790234400        2.73166781900        2.80233793100       Residual    21621.3395628      MLUPs    897.530545054    
  4  Maxtime , Mintime + JacobiMi , JacobiMa    2.88700888500        2.88699821500        2.72967573000        2.80148959800       Residual    15046.3818815      MLUPs    897.815040843    
  4  Maxtime , Mintime + JacobiMi , JacobiMa    2.88699734500        2.88699202100        2.72682734200        2.80143996600       Residual    10971.2288966      MLUPs    897.818629618    
