# Threadlevel provided:        3 out of        0        1        2        3
  spat_dim , proc_dim, PBC ? 
           1 -Dim Input         7200          12 T
           2 -Dim Input          600           1 T
           3 -Dim Input          600           1 T
#   0 Process grid  12   1   1
           0           3           2
           2           3           2
           3           3           2
           4           3           2
           5           3           2
           6           3           2
           7           3           2
           8           3           2
           9           3           2
          10           3           2
          11           3           2
#   0  Allocated 2 arrays with a total of  3490.68      Mbytes 
           1           3           2
# StartResidual    0.00000000000    
  4  Maxtime , Mintime + JacobiMi , JacobiMa    2.88554407800        2.88548103800        2.72858786600        2.79729767800       Residual    25046666.6470      MLUPs    898.270804373    
  4  Maxtime , Mintime + JacobiMi , JacobiMa    2.88309000700        2.88286738000        2.72928089400        2.79723393300       Residual    4166666.66665      MLUPs    899.035407742    
  4  Maxtime , Mintime + JacobiMi , JacobiMa    2.88318452400        2.88318252500        2.72810126600        2.79754377600       Residual    887345.678726      MLUPs    899.005935424    
  4  Maxtime , Mintime + JacobiMi , JacobiMa    2.88322574900        2.88322300700        2.72918079000        2.79758697200       Residual    263631.687181      MLUPs    898.993081239    
  4  Maxtime , Mintime + JacobiMi , JacobiMa    2.88244149500        2.88243862700        2.72877612500        2.79673496900       Residual    107971.107683      MLUPs    899.237679063    
  4  Maxtime , Mintime + JacobiMi , JacobiMa    2.88326226300        2.88325874800        2.72916150500        2.79764244400       Residual    55629.4481235      MLUPs    898.981696276    
  4  Maxtime , Mintime + JacobiMi , JacobiMa    2.88211716000        2.88211416600        2.72908151300        2.79656708500       Residual    33112.4976765      MLUPs    899.338873511    
  4  Maxtime , Mintime + JacobiMi , JacobiMa    2.88265489200        2.88264079700        2.72950029800        2.79696378700       Residual    21621.3395628      MLUPs    899.171110352    
  4  Maxtime , Mintime + JacobiMi , JacobiMa    2.88260283400        2.88258988200        2.72920857600        2.79694636600       Residual    15046.3818815      MLUPs    899.187348818    
  4  Maxtime , Mintime + JacobiMi , JacobiMa    2.88218907300        2.88218756500        2.72912474900        2.79654140800       Residual    10971.2288966      MLUPs    899.316434262    
