# Threadlevel provided:        3 out of        0        1        2        3
  spat_dim , proc_dim, PBC ? 
           1 -Dim Input         2400           4 T
           2 -Dim Input         1800           3 T
           3 -Dim Input          600           1 T
#   0 Process grid   4   3   1
           0           3           2
           4           3           2
           5           3           2
           6           3           2
           7           3           2
           8           3           2
           9           3           2
          10           3           2
          11           3           2
           1           3           2
           2           3           2
           3           3           2
#   0  Allocated 2 arrays with a total of  3490.68      Mbytes 
# StartResidual    0.00000000000    
  4  Maxtime , Mintime + JacobiMi , JacobiMa    1.94166782700        1.94161949900        1.88214178100        1.88858247600       Residual    19026666.6516      MLUPs    1334.93482457    
  4  Maxtime , Mintime + JacobiMi , JacobiMa    1.93856377200        1.93855867800        1.88237076100        1.88868959800       Residual    3166666.66665      MLUPs    1337.07234058    
  4  Maxtime , Mintime + JacobiMi , JacobiMa    1.93844822500        1.93844261700        1.88235925800        1.88865938900       Residual    674382.715837      MLUPs    1337.15204078    
  4  Maxtime , Mintime + JacobiMi , JacobiMa    1.93943632600        1.93943058100        1.88252333100        1.88951502000       Residual    200360.082258      MLUPs    1336.47079064    
  4  Maxtime , Mintime + JacobiMi , JacobiMa    1.93841404100        1.93840132900        1.88219463000        1.88857495300       Residual    82058.0418381      MLUPs    1337.17562150    
  4  Maxtime , Mintime + JacobiMi , JacobiMa    1.93888684500        1.93887786100        1.88247419300        1.88868626500       Residual    42278.3805730      MLUPs    1336.84954678    
  4  Maxtime , Mintime + JacobiMi , JacobiMa    1.93825084200        1.93824801000        1.88209540800        1.88847850500       Residual    25165.4982338      MLUPs    1337.28821050    
  4  Maxtime , Mintime + JacobiMi , JacobiMa    1.93863704100        1.93862241100        1.88238664800        1.88879250900       Residual    16432.2180677      MLUPs    1337.02180717    
  4  Maxtime , Mintime + JacobiMi , JacobiMa    1.93834673300        1.93834356900        1.88209126800        1.88852179400       Residual    11435.2502304      MLUPs    1337.22205417    
  4  Maxtime , Mintime + JacobiMi , JacobiMa    1.93860760900        1.93859847000        1.88231379700        1.88880583900       Residual    8338.13396113      MLUPs    1337.04210587    
