# Threadlevel provided:        3 out of        0        1        2        3
  spat_dim , proc_dim, PBC ? 
           1 -Dim Input         1200           2 T
           2 -Dim Input         7200          12 T
           3 -Dim Input         1200           2 T
#   0 Process grid   2  12   2
           1           3           2
           2           3           2
           3           3           2
           4           3           2
           5           3           2
           6           3           2
           7           3           2
           8           3           2
           9           3           2
          10           3           2
          13           3           2
          14           3           2
          16           3           2
          17           3           2
          18           3           2
          19           3           2
          20           3           2
          21           3           2
          22           3           2
          23           3           2
          24           3           2
          25           3           2
          26           3           2
          29           3           2
          30           3           2
          32           3           2
          33           3           2
          34           3           2
          35           3           2
          36           3           2
          38           3           2
          39           3           2
          41           3           2
          42           3           2
          45           3           2
          46           3           2
           0           3           2
#   0  Allocated 2 arrays with a total of  3490.68      Mbytes 
          11           3           2
          27           3           2
          28           3           2
          37           3           2
          40           3           2
          43           3           2
          44           3           2
          15           3           2
          47           3           2
          31           3           2
          12           3           2
# StartResidual    0.00000000000    
  4  Maxtime , Mintime + JacobiMi , JacobiMa    4.11033977200        4.11021662400        3.81898402800        3.99069492300       Residual    52053333.2921      MLUPs    2522.41920987    
  4  Maxtime , Mintime + JacobiMi , JacobiMa    4.10643629600        4.10641003600        3.81884242500        3.99002645200       Residual    8666666.66662      MLUPs    2524.81695871    
  4  Maxtime , Mintime + JacobiMi , JacobiMa    4.10586037100        4.10583369500        3.81863958900        3.98937445400       Residual    1845679.01179      MLUPs    2525.17111230    
  4  Maxtime , Mintime + JacobiMi , JacobiMa    4.10719644000        4.10716143900        3.81944844700        3.99062721100       Residual    548353.909347      MLUPs    2524.34967537    
  4  Maxtime , Mintime + JacobiMi , JacobiMa    4.10585767600        4.10544791600        3.81908858400        3.98913175600       Residual    224579.903975      MLUPs    2525.17276977    
  4  Maxtime , Mintime + JacobiMi , JacobiMa    4.10641770900        4.10639353500        3.82059847300        3.99099083300       Residual    115709.252092      MLUPs    2524.82838686    
  4  Maxtime , Mintime + JacobiMi , JacobiMa    4.10321565100        4.10319554800        3.81975346600        3.98837502800       Residual    68873.9951658      MLUPs    2526.79870664    
  4  Maxtime , Mintime + JacobiMi , JacobiMa    4.10324099700        4.10321995100        3.82075929500        3.98841721900       Residual    44972.3862906      MLUPs    2526.78309843    
  4  Maxtime , Mintime + JacobiMi , JacobiMa    4.10712473700        4.10709843500        3.82028914300        3.99044722000       Residual    31296.4743154      MLUPs    2524.39374597    
  4  Maxtime , Mintime + JacobiMi , JacobiMa    4.10781912200        4.10778630500        3.81956403800        3.99115904600       Residual    22820.1561033      MLUPs    2523.96702291    
