# Threadlevel provided:        3 out of        0        1        2        3
  spat_dim , proc_dim, PBC ? 
           1 -Dim Input         1200           2 T
           2 -Dim Input         7200          12 T
           3 -Dim Input         1200           2 T
#   0 Process grid   2  12   2
          14           3           2
          15           3           2
          16           3           2
          17           3           2
          18           3           2
          19           3           2
          20           3           2
          21           3           2
          23           3           2
          24           3           2
          25           3           2
          26           3           2
          27           3           2
          28           3           2
          30           3           2
          31           3           2
          33           3           2
          34           3           2
          35           3           2
          36           3           2
          37           3           2
          38           3           2
          39           3           2
          40           3           2
          41           3           2
          42           3           2
          44           3           2
          45           3           2
          46           3           2
          47           3           2
           0           3           2
#   0  Allocated 2 arrays with a total of  3490.68      Mbytes 
           1           3           2
           2           3           2
           4           3           2
           5           3           2
           6           3           2
           7           3           2
           8           3           2
           9           3           2
          10           3           2
          11           3           2
          12           3           2
          13           3           2
          29           3           2
          32           3           2
           3           3           2
          22           3           2
          43           3           2
# StartResidual    0.00000000000    
  4  Maxtime , Mintime + JacobiMi , JacobiMa    4.10590305200        4.10549739200        3.81712473800        3.99106630100       Residual    52053333.2921      MLUPs    2525.14486306    
  4  Maxtime , Mintime + JacobiMi , JacobiMa    4.10390438600        4.10388027000        3.81886489600        3.99231971400       Residual    8666666.66662      MLUPs    2526.37464834    
  4  Maxtime , Mintime + JacobiMi , JacobiMa    4.10382879600        4.10380912800        3.81809384800        3.99182884100       Residual    1845679.01179      MLUPs    2526.42118261    
  4  Maxtime , Mintime + JacobiMi , JacobiMa    4.10590406400        4.10587584900        3.81820768300        3.99486143600       Residual    548353.909347      MLUPs    2525.14424068    
  4  Maxtime , Mintime + JacobiMi , JacobiMa    4.10535454900        4.10534148300        3.81890165600        3.99371136600       Residual    224579.903975      MLUPs    2525.48223941    
  4  Maxtime , Mintime + JacobiMi , JacobiMa    4.10639518900        4.10637452300        3.81917940000        3.99471135800       Residual    115709.252092      MLUPs    2524.84223335    
  4  Maxtime , Mintime + JacobiMi , JacobiMa    4.10642758500        4.10641354500        3.81884126500        3.99399835000       Residual    68873.9951658      MLUPs    2524.82231463    
  4  Maxtime , Mintime + JacobiMi , JacobiMa    4.10682937000        4.10681389000        3.81941378700        3.99513752500       Residual    44972.3862906      MLUPs    2524.57530272    
  4  Maxtime , Mintime + JacobiMi , JacobiMa    4.10655232900        4.10652784800        3.81931500800        3.99459691300       Residual    31296.4743154      MLUPs    2524.74561855    
  4  Maxtime , Mintime + JacobiMi , JacobiMa    4.14526905700        4.14525386600        3.81975323600        4.04411383100       Residual    22820.1561033      MLUPs    2501.16454624    
