# Threadlevel provided:        3 out of        0        1        2        3
  spat_dim , proc_dim, PBC ? 
           1 -Dim Input          600           1 T
           2 -Dim Input         2400           4 T
           3 -Dim Input         7200          12 T
#   0 Process grid   1   4  12
          17           3           2
          18           3           2
          19           3           2
          20           3           2
          21           3           2
          22           3           2
          23           3           2
          24           3           2
          25           3           2
          26           3           2
          27           3           2
          28           3           2
          29           3           2
          32           3           2
          34           3           2
          36           3           2
          37           3           2
          38           3           2
          39           3           2
          40           3           2
          41           3           2
          42           3           2
          43           3           2
          45           3           2
          47           3           2
           0           3           2
#   0  Allocated 2 arrays with a total of  3490.68      Mbytes 
           1           3           2
           2           3           2
           3           3           2
           4           3           2
           5           3           2
           6           3           2
           7           3           2
           8           3           2
           9           3           2
          10           3           2
          11           3           2
          12           3           2
          13           3           2
          15           3           2
          31           3           2
          33           3           2
          35           3           2
          44           3           2
          16           3           2
          14           3           2
          30           3           2
          46           3           2
# StartResidual    0.00000000000    
  4  Maxtime , Mintime + JacobiMi , JacobiMa    4.10070328400        4.10048720800        3.81799892500        3.98774145400       Residual    64056666.6158      MLUPs    2528.34679370    
  4  Maxtime , Mintime + JacobiMi , JacobiMa    4.10314529300        4.10313523000        3.81743451300        3.99460176600       Residual    10666666.6666      MLUPs    2526.84203450    
  4  Maxtime , Mintime + JacobiMi , JacobiMa    4.10349282300        4.10346647300        3.81867291100        3.99562500800       Residual    2271604.93759      MLUPs    2526.62803305    
  4  Maxtime , Mintime + JacobiMi , JacobiMa    4.10392727000        4.10391069000        3.81876850400        3.99594678400       Residual    674897.119214      MLUPs    2526.36056097    
  4  Maxtime , Mintime + JacobiMi , JacobiMa    4.10444583700        4.10443232800        3.81794126700        3.99659671800       Residual    276406.035664      MLUPs    2526.04137361    
  4  Maxtime , Mintime + JacobiMi , JacobiMa    4.10460297700        4.10459318300        3.81829706900        3.99660962400       Residual    142411.387188      MLUPs    2525.94466702    
  4  Maxtime , Mintime + JacobiMi , JacobiMa    4.10407123200        4.10405200900        3.81852223100        3.99620670000       Residual    84767.9940506      MLUPs    2526.27194167    
  4  Maxtime , Mintime + JacobiMi , JacobiMa    4.10597910800        4.10595978200        3.81900542100        3.99809225300       Residual    55350.6292802      MLUPs    2525.09808922    
  4  Maxtime , Mintime + JacobiMi , JacobiMa    4.10753478500        4.10751857200        3.81875376400        3.99971955300       Residual    38518.7376189      MLUPs    2524.14174017    
  4  Maxtime , Mintime + JacobiMi , JacobiMa    4.10707413900        4.10704853100        3.81895175600        3.99921916300       Residual    28086.3459730      MLUPs    2524.42484579    
