# Threadlevel provided:        3 out of        0        1        2        3
  spat_dim , proc_dim, PBC ? 
           1 -Dim Input          600           1 T
           2 -Dim Input         2400           4 T
           3 -Dim Input         7200          12 T
#   0 Process grid   1   4  12
          12           3           2
          13           3           2
          14           3           2
          15           3           2
          16           3           2
          17           3           2
          18           3           2
          19           3           2
          20           3           2
          21           3           2
          22           3           2
          23           3           2
          24           3           2
          25           3           2
          26           3           2
          30           3           2
          31           3           2
          32           3           2
          33           3           2
          34           3           2
          35           3           2
          36           3           2
          37           3           2
          38           3           2
          39           3           2
          40           3           2
          41           3           2
          42           3           2
          44           3           2
          45           3           2
          46           3           2
          47           3           2
           0           3           2
#   0  Allocated 2 arrays with a total of  3490.68      Mbytes 
           1           3           2
           2           3           2
           3           3           2
           4           3           2
           5           3           2
           6           3           2
           7           3           2
           8           3           2
           9           3           2
          10           3           2
          29           3           2
          28           3           2
          43           3           2
          11           3           2
          27           3           2
# StartResidual    0.00000000000    
  4  Maxtime , Mintime + JacobiMi , JacobiMa    5.12139089500        5.11003149900        3.05968830100        4.98319828600       Residual    64056666.6158      MLUPs    2024.45003956    
  4  Maxtime , Mintime + JacobiMi , JacobiMa    4.12307796100        4.12305749800        3.82230026900        4.01244386600       Residual    10666666.6666      MLUPs    2514.62623265    
  4  Maxtime , Mintime + JacobiMi , JacobiMa    4.12318025900        4.12316529300        3.82130963300        4.01242747300       Residual    2271604.93759      MLUPs    2514.56384362    
  4  Maxtime , Mintime + JacobiMi , JacobiMa    4.12647289500        4.12645020600        3.82441266600        4.01679807300       Residual    674897.119214      MLUPs    2512.55739801    
  4  Maxtime , Mintime + JacobiMi , JacobiMa    4.12254936700        4.12253394800        3.82202249600        4.01170491300       Residual    276406.035664      MLUPs    2514.94865847    
  4  Maxtime , Mintime + JacobiMi , JacobiMa    4.12313756700        4.12312080700        3.82200996000        4.01274887100       Residual    142411.387188      MLUPs    2514.58988004    
  4  Maxtime , Mintime + JacobiMi , JacobiMa    4.16929262600        4.16927684900        3.82129345900        4.06249028800       Residual    84767.9940506      MLUPs    2486.75277320    
  4  Maxtime , Mintime + JacobiMi , JacobiMa    4.17046292500        4.17045127200        3.82224023100        4.06106288300       Residual    55350.6292802      MLUPs    2486.05495036    
  4  Maxtime , Mintime + JacobiMi , JacobiMa    4.18305552700        4.18302697300        3.82389534500        4.08250782700       Residual    38518.7376189      MLUPs    2478.57097117    
  4  Maxtime , Mintime + JacobiMi , JacobiMa    4.13270688000        4.12803506000        3.82309929300        4.01910852900       Residual    28086.3459730      MLUPs    2508.76732879    
