# Threadlevel provided:        3 out of        0        1        2        3
  spat_dim , proc_dim, PBC ? 
           1 -Dim Input          600           1 T
           2 -Dim Input         2400           4 T
           3 -Dim Input         7200          12 T
#   0 Process grid   1   4  12
           6           3           2
           7           3           2
           8           3           2
           9           3           2
          10           3           2
          11           3           2
          12           3           2
          13           3           2
          14           3           2
          15           3           2
          16           3           2
          17           3           2
          18           3           2
          19           3           2
          20           3           2
          21           3           2
          22           3           2
          23           3           2
          24           3           2
          25           3           2
          27           3           2
          28           3           2
          29           3           2
          30           3           2
          32           3           2
          33           3           2
          34           3           2
          35           3           2
          36           3           2
          37           3           2
          38           3           2
          39           3           2
          40           3           2
          41           3           2
          42           3           2
          43           3           2
          44           3           2
          45           3           2
          46           3           2
          47           3           2
           0           3           2
#   0  Allocated 2 arrays with a total of  3490.68      Mbytes 
           1           3           2
           2           3           2
           3           3           2
           4           3           2
           5           3           2
          26           3           2
          31           3           2
# StartResidual    0.00000000000    
  4  Maxtime , Mintime + JacobiMi , JacobiMa    4.10423597600        4.10378678400        3.81896301800        3.98827903200       Residual    64056666.6158      MLUPs    2526.17053713    
  4  Maxtime , Mintime + JacobiMi , JacobiMa    4.10203419300        4.10201471200        3.81980390900        3.98772924800       Residual    10666666.6666      MLUPs    2527.52646911    
  4  Maxtime , Mintime + JacobiMi , JacobiMa    4.10066966400        4.10063683200        3.81834255000        3.98641970000       Residual    2271604.93759      MLUPs    2528.36752275    
  4  Maxtime , Mintime + JacobiMi , JacobiMa    4.11090696800        4.11089295000        3.81919278900        3.98734149900       Residual    674897.119214      MLUPs    2522.07118300    
  4  Maxtime , Mintime + JacobiMi , JacobiMa    4.10212784300        4.10210725200        3.82049905800        3.98813639300       Residual    276406.035664      MLUPs    2527.46876665    
  4  Maxtime , Mintime + JacobiMi , JacobiMa    4.11837344900        4.11805252300        3.82012856000        4.01143617100       Residual    142411.387188      MLUPs    2517.49874760    
  4  Maxtime , Mintime + JacobiMi , JacobiMa    4.12543959900        4.12541132200        3.82021170200        4.02108205300       Residual    84767.9940506      MLUPs    2513.18671652    
  4  Maxtime , Mintime + JacobiMi , JacobiMa    4.13703813100        4.13701869800        3.82096512800        4.02124205300       Residual    55350.6292802      MLUPs    2506.14078761    
  4  Maxtime , Mintime + JacobiMi , JacobiMa    4.12569530300        4.12567001200        3.82032978100        4.02118873700       Residual    38518.7376189      MLUPs    2513.03095322    
  4  Maxtime , Mintime + JacobiMi , JacobiMa    4.12672464800        4.12670780300        3.82057326400        4.02227765200       Residual    28086.3459730      MLUPs    2512.40411812    
