# Threadlevel provided:        3 out of        0        1        2        3
  spat_dim , proc_dim, PBC ? 
           1 -Dim Input         3600           6 T
           2 -Dim Input          600           1 T
           3 -Dim Input         4800           8 T
#   0 Process grid   6   1   8
          16           3           2
          17           3           2
          20           3           2
          24           3           2
          25           3           2
          32           3           2
          33           3           2
          36           3           2
          40           3           2
          41           3           2
          45           3           2
           0           3           2
#   0  Allocated 2 arrays with a total of  3490.68      Mbytes 
           1           3           2
           4           3           2
           5           3           2
           8           3           2
           9           3           2
          13           3           2
          21           3           2
          29           3           2
          37           3           2
           7           3           2
          11           3           2
          12           3           2
          15           3           2
          19           3           2
          23           3           2
          27           3           2
          28           3           2
          31           3           2
          35           3           2
          39           3           2
          43           3           2
          44           3           2
          47           3           2
           3           3           2
           2           3           2
           6           3           2
          10           3           2
          14           3           2
          18           3           2
          22           3           2
          26           3           2
          30           3           2
          34           3           2
          38           3           2
          42           3           2
          46           3           2
# StartResidual    0.00000000000    
  4  Maxtime , Mintime + JacobiMi , JacobiMa    4.08814696900        4.08801146300        3.81107792200        3.97017899800       Residual    62049999.9507      MLUPs    2536.11234592    
  4  Maxtime , Mintime + JacobiMi , JacobiMa    4.08676520000        4.08674708200        3.81169571800        3.97136354000       Residual    10333333.3333      MLUPs    2536.96982640    
  4  Maxtime , Mintime + JacobiMi , JacobiMa    4.08360481000        4.08357961800        3.80987765600        3.96777301000       Residual    2200617.28328      MLUPs    2538.93324217    
  4  Maxtime , Mintime + JacobiMi , JacobiMa    4.08598204400        4.08595429800        3.81120700700        3.97066951700       Residual    653806.584205      MLUPs    2537.45608482    
  4  Maxtime , Mintime + JacobiMi , JacobiMa    4.08397925600        4.08396151900        3.81008080400        3.96848467200       Residual    267768.347048      MLUPs    2538.70045612    
  4  Maxtime , Mintime + JacobiMi , JacobiMa    4.08785606800        4.08784052100        3.81201511600        3.97234764300       Residual    137961.031342      MLUPs    2536.29282135    
  4  Maxtime , Mintime + JacobiMi , JacobiMa    4.08528875900        4.08527303300        3.81124863100        3.96986265500       Residual    82118.9942360      MLUPs    2537.88669826    
  4  Maxtime , Mintime + JacobiMi , JacobiMa    4.08746903600        4.08745457400        3.81290503300        3.97200992000       Residual    53620.9221159      MLUPs    2536.53297644    
  4  Maxtime , Mintime + JacobiMi , JacobiMa    4.08664476600        4.08662768600        3.81240071900        3.97114085800       Residual    37315.0270683      MLUPs    2537.04459126    
  4  Maxtime , Mintime + JacobiMi , JacobiMa    4.08844259900        4.08843226600        3.81395981000        3.97309368300       Residual    27208.6476620      MLUPs    2535.92896291    
