# Threadlevel provided:        3 out of        0        1        2        3
  spat_dim , proc_dim, PBC ? 
           1 -Dim Input         3600           6 T
           2 -Dim Input          600           1 T
           3 -Dim Input         4800           8 T
#   0 Process grid   6   1   8
           6           3           2
           8           3           2
           9           3           2
          11           3           2
          16           3           2
          17           3           2
          18           3           2
          19           3           2
          22           3           2
          24           3           2
          25           3           2
          27           3           2
          32           3           2
          33           3           2
          34           3           2
          35           3           2
          40           3           2
          43           3           2
           0           3           2
#   0  Allocated 2 arrays with a total of  3490.68      Mbytes 
           1           3           2
           2           3           2
           3           3           2
          38           3           2
          14           3           2
          30           3           2
          46           3           2
           7           3           2
          15           3           2
          23           3           2
          31           3           2
          37           3           2
          39           3           2
          41           3           2
          45           3           2
          47           3           2
           5           3           2
          10           3           2
          13           3           2
          21           3           2
          26           3           2
          29           3           2
          42           3           2
           4           3           2
          12           3           2
          20           3           2
          28           3           2
          36           3           2
          44           3           2
# StartResidual    0.00000000000    
  4  Maxtime , Mintime + JacobiMi , JacobiMa    4.10600616400        4.10561895100        3.81992406100        3.99211770300       Residual    62049999.9507      MLUPs    2525.08145041    
  4  Maxtime , Mintime + JacobiMi , JacobiMa    4.10459478900        4.10457778700        3.81822318900        3.99407081500       Residual    10333333.3333      MLUPs    2525.94970587    
  4  Maxtime , Mintime + JacobiMi , JacobiMa    4.10172828100        4.10169617200        3.81836828800        3.99113528500       Residual    2200617.28328      MLUPs    2527.71497518    
  4  Maxtime , Mintime + JacobiMi , JacobiMa    4.10457717000        4.10455244900        3.81903767100        3.99397566400       Residual    653806.584205      MLUPs    2525.96054857    
  4  Maxtime , Mintime + JacobiMi , JacobiMa    4.10367662500        4.10334697600        3.81970726800        3.99320146900       Residual    267768.347048      MLUPs    2526.51486641    
  4  Maxtime , Mintime + JacobiMi , JacobiMa    4.10421731500        4.10419991600        3.81969490000        3.99369065800       Residual    137961.031342      MLUPs    2526.18202309    
  4  Maxtime , Mintime + JacobiMi , JacobiMa    4.10259706500        4.10257913000        3.81954381600        3.99196043400       Residual    82118.9942360      MLUPs    2527.17969514    
  4  Maxtime , Mintime + JacobiMi , JacobiMa    4.10489002800        4.10486592600        3.82078434000        3.99412754800       Residual    53620.9221159      MLUPs    2525.76803015    
  4  Maxtime , Mintime + JacobiMi , JacobiMa    4.10586150600        4.10554743600        3.82098269800        3.99541939400       Residual    37315.0270683      MLUPs    2525.17041426    
  4  Maxtime , Mintime + JacobiMi , JacobiMa    4.10542822200        4.10540773700        3.82124312500        3.99497275800       Residual    27208.6476620      MLUPs    2525.43691897    
