# Threadlevel provided:        3 out of        0        1        2        3
  spat_dim , proc_dim, PBC ? 
           1 -Dim Input         2400           4 T
           2 -Dim Input         3600           6 T
           3 -Dim Input         1200           2 T
#   0 Process grid   4   6   2
           8           3           2
          10           3           2
          12           3           2
          14           3           2
          18           3           2
          20           3           2
          22           3           2
          24           3           2
          26           3           2
          28           3           2
          30           3           2
          32           3           2
          34           3           2
          36           3           2
          38           3           2
          40           3           2
          42           3           2
          44           3           2
          46           3           2
           0           3           2
           2           3           2
           4           3           2
           6           3           2
          16           3           2
#   0  Allocated 2 arrays with a total of  3490.68      Mbytes 
           1           3           2
           3           3           2
           5           3           2
           7           3           2
           9           3           2
          11           3           2
          13           3           2
          15           3           2
          17           3           2
          19           3           2
          21           3           2
          23           3           2
          25           3           2
          27           3           2
          29           3           2
          31           3           2
          33           3           2
          35           3           2
          37           3           2
          39           3           2
          41           3           2
          43           3           2
          45           3           2
          47           3           2
# StartResidual    0.00000000000    
  4  Maxtime , Mintime + JacobiMi , JacobiMa    1.98986433800        1.98980970600        1.88219998900        1.92717119500       Residual    44039999.9650      MLUPs    5210.40545428    
  4  Maxtime , Mintime + JacobiMi , JacobiMa    1.99087643800        1.99067282500        1.88166886300        1.93170130600       Residual    7333333.33330      MLUPs    5207.75664532    
  4  Maxtime , Mintime + JacobiMi , JacobiMa    1.98877749300        1.98876347700        1.88193075200        1.93002088000       Residual    1561728.39458      MLUPs    5213.25288349    
  4  Maxtime , Mintime + JacobiMi , JacobiMa    1.98857681400        1.98857014200        1.88165932100        1.92957026900       Residual    463991.769438      MLUPs    5213.77898355    
  4  Maxtime , Mintime + JacobiMi , JacobiMa    1.98858165300        1.98855459400        1.88191291200        1.92965437500       Residual    190029.149518      MLUPs    5213.76629637    
  4  Maxtime , Mintime + JacobiMi , JacobiMa    1.98869276700        1.98867116300        1.88174588900        1.92976892300       Residual    97907.8286940      MLUPs    5213.47498822    
  4  Maxtime , Mintime + JacobiMi , JacobiMa    2.01587297600        2.01585582800        1.88217316300        1.95784558200       Residual    58277.9959096      MLUPs    5143.18120409    
  4  Maxtime , Mintime + JacobiMi , JacobiMa    1.98746118100        1.98745127500        1.88155550300        1.92839508600       Residual    38053.5576307      MLUPs    5216.70566405    
  4  Maxtime , Mintime + JacobiMi , JacobiMa    1.98706003000        1.98704682400        1.88195502700        1.92828850700       Residual    26481.6321130      MLUPs    5217.75882131    
  4  Maxtime , Mintime + JacobiMi , JacobiMa    1.98966396200        1.98965670000        1.88194346200        1.93022634100       Residual    19309.3628568      MLUPs    5210.93018621    
