# Threadlevel provided:        3 out of        0        1        2        3
  spat_dim , proc_dim, PBC ? 
           1 -Dim Input         7200          12 T
           2 -Dim Input         2400           4 T
           3 -Dim Input          600           1 T
#   0 Process grid  12   4   1
          21           3           2
          22           3           2
          23           3           2
          24           3           2
          25           3           2
          26           3           2
          27           3           2
          29           3           2
          30           3           2
          32           3           2
          33           3           2
          34           3           2
          37           3           2
          38           3           2
          39           3           2
          40           3           2
          41           3           2
          43           3           2
          44           3           2
          45           3           2
          46           3           2
          47           3           2
           0           3           2
#   0  Allocated 2 arrays with a total of  3490.68      Mbytes 
           1           3           2
           2           3           2
           3           3           2
           4           3           2
           5           3           2
           6           3           2
           7           3           2
           8           3           2
           9           3           2
          10           3           2
          11           3           2
          12           3           2
          13           3           2
          14           3           2
          15           3           2
          16           3           2
          17           3           2
          18           3           2
          19           3           2
          28           3           2
          31           3           2
          35           3           2
          36           3           2
          42           3           2
          20           3           2
# StartResidual    0.00000000000    
  4  Maxtime , Mintime + JacobiMi , JacobiMa    4.81731763100        4.81324302300        3.09084007600        4.71470426800       Residual    64056666.6158      MLUPs    2152.23508064    
  4  Maxtime , Mintime + JacobiMi , JacobiMa    4.13580209100        4.13577881000        3.82511684000        4.03142070700       Residual    10666666.6666      MLUPs    2506.88978144    
  4  Maxtime , Mintime + JacobiMi , JacobiMa    4.13463183700        4.13459248600        3.82492019800        4.03029873800       Residual    2271604.93757      MLUPs    2507.59932413    
  4  Maxtime , Mintime + JacobiMi , JacobiMa    4.14558861500        4.14555641200        3.82596499200        4.03209810600       Residual    674897.119176      MLUPs    2500.97174681    
  4  Maxtime , Mintime + JacobiMi , JacobiMa    4.13382799000        4.13380905500        3.82404785300        4.02963185700       Residual    276406.035663      MLUPs    2508.08694147    
  4  Maxtime , Mintime + JacobiMi , JacobiMa    4.13418424600        4.13416610800        3.82677670900        4.02992267700       Residual    142411.387192      MLUPs    2507.87081152    
  4  Maxtime , Mintime + JacobiMi , JacobiMa    4.13322338700        4.13320485700        3.82660737100        4.02894262000       Residual    84767.9940500      MLUPs    2508.45382144    
  4  Maxtime , Mintime + JacobiMi , JacobiMa    4.13477599600        4.13476544800        3.82720962400        4.03041268400       Residual    55350.6292810      MLUPs    2507.51189666    
  4  Maxtime , Mintime + JacobiMi , JacobiMa    4.13664148300        4.13662736700        3.82796447600        4.03235450100       Residual    38518.7376189      MLUPs    2506.38109263    
  4  Maxtime , Mintime + JacobiMi , JacobiMa    4.13805418100        4.13804516300        3.82668048400        4.03366731200       Residual    28086.3459739      MLUPs    2505.52543454    
