# Threadlevel provided:        3 out of        0        1        2        3
  spat_dim , proc_dim, PBC ? 
           1 -Dim Input         7200          12 T
           2 -Dim Input         2400           4 T
           3 -Dim Input          600           1 T
#   0 Process grid  12   4   1
          16           3           2
          17           3           2
          18           3           2
          20           3           2
          21           3           2
          22           3           2
          24           3           2
          25           3           2
          26           3           2
          28           3           2
          29           3           2
          30           3           2
          32           3           2
          33           3           2
          34           3           2
          38           3           2
          40           3           2
          41           3           2
          42           3           2
          44           3           2
          45           3           2
          46           3           2
           0           3           2
#   0  Allocated 2 arrays with a total of  3490.68      Mbytes 
           1           3           2
           2           3           2
           4           3           2
           5           3           2
           6           3           2
           8           3           2
           9           3           2
          10           3           2
          12           3           2
          13           3           2
          14           3           2
          37           3           2
          36           3           2
           3           3           2
          11           3           2
          15           3           2
          19           3           2
          23           3           2
          27           3           2
          31           3           2
          35           3           2
          39           3           2
          43           3           2
          47           3           2
           7           3           2
# StartResidual    0.00000000000    
  4  Maxtime , Mintime + JacobiMi , JacobiMa    4.10274249200        4.10234522600        3.81892512800        3.98848403100       Residual    64056666.6158      MLUPs    2527.09011599    
  4  Maxtime , Mintime + JacobiMi , JacobiMa    4.10564894300        4.10561653800        3.81896399000        3.99402957600       Residual    10666666.6666      MLUPs    2525.30115067    
  4  Maxtime , Mintime + JacobiMi , JacobiMa    4.10634033100        4.09871139500        3.81888411000        3.99521081600       Residual    2271604.93757      MLUPs    2524.87596357    
  4  Maxtime , Mintime + JacobiMi , JacobiMa    4.10770116700        4.10768694500        3.81980620300        3.99631773600       Residual    674897.119176      MLUPs    2524.03950007    
  4  Maxtime , Mintime + JacobiMi , JacobiMa    4.10728209100        4.10689833400        3.81907739100        3.99622053700       Residual    276406.035663      MLUPs    2524.29703397    
  4  Maxtime , Mintime + JacobiMi , JacobiMa    4.11072030700        4.11070590300        3.81953847200        3.99976136700       Residual    142411.387192      MLUPs    2522.18570608    
  4  Maxtime , Mintime + JacobiMi , JacobiMa    4.10865569300        4.10863842400        3.82007426100        3.99766355900       Residual    84767.9940500      MLUPs    2523.45311331    
  4  Maxtime , Mintime + JacobiMi , JacobiMa    4.11094658700        4.11091625800        3.82006537700        3.99992963500       Residual    55350.6292810      MLUPs    2522.04687669    
  4  Maxtime , Mintime + JacobiMi , JacobiMa    4.13571806100        4.13569620900        3.82095729900        4.03046384200       Residual    38518.7376189      MLUPs    2506.94071672    
  4  Maxtime , Mintime + JacobiMi , JacobiMa    4.13608115600        4.13606467800        3.82069341400        4.03091541300       Residual    28086.3459739      MLUPs    2506.72063941    
