# Threadlevel provided:        3 out of        0        1        2        3
  spat_dim , proc_dim, PBC ? 
           1 -Dim Input         7200          12 T
           2 -Dim Input         2400           4 T
           3 -Dim Input          600           1 T
#   0 Process grid  12   4   1
           3           3           2
           4           3           2
           7           3           2
           8           3           2
           9           3           2
          10           3           2
          11           3           2
          13           3           2
          15           3           2
          16           3           2
          17           3           2
          18           3           2
          19           3           2
          20           3           2
          21           3           2
          24           3           2
          25           3           2
          26           3           2
          29           3           2
          31           3           2
          32           3           2
          33           3           2
          34           3           2
          35           3           2
          36           3           2
          37           3           2
          39           3           2
          40           3           2
          42           3           2
          43           3           2
          45           3           2
          47           3           2
           0           3           2
#   0  Allocated 2 arrays with a total of  3490.68      Mbytes 
           1           3           2
           2           3           2
           5           3           2
          12           3           2
          28           3           2
          44           3           2
          27           3           2
          38           3           2
          41           3           2
           6           3           2
          14           3           2
          22           3           2
          23           3           2
          30           3           2
          46           3           2
# StartResidual    0.00000000000    
  4  Maxtime , Mintime + JacobiMi , JacobiMa    4.08391085400        4.08374155000        3.80675594300        3.95980656000       Residual    64056666.6158      MLUPs    2538.74297717    
  4  Maxtime , Mintime + JacobiMi , JacobiMa    4.08222591600        4.08221709800        3.80743222900        3.96168092300       Residual    10666666.6666      MLUPs    2539.79084287    
  4  Maxtime , Mintime + JacobiMi , JacobiMa    4.08246466800        4.08216426700        3.80671578300        3.96176286500       Residual    2271604.93757      MLUPs    2539.64231002    
  4  Maxtime , Mintime + JacobiMi , JacobiMa    4.08498053100        4.08495698900        3.80804058100        3.95755022900       Residual    674897.119176      MLUPs    2538.07819188    
  4  Maxtime , Mintime + JacobiMi , JacobiMa    4.08148873900        4.08117150900        3.80733934300        3.96128144400       Residual    276406.035663      MLUPs    2540.24956652    
  4  Maxtime , Mintime + JacobiMi , JacobiMa    4.08431359400        4.08429135400        3.80801051100        3.96434308200       Residual    142411.387192      MLUPs    2538.49264053    
  4  Maxtime , Mintime + JacobiMi , JacobiMa    4.08342466300        4.08341423900        3.80666495200        3.96332336300       Residual    84767.9940500      MLUPs    2539.04525139    
  4  Maxtime , Mintime + JacobiMi , JacobiMa    4.08362538600        4.08360083000        3.80869227000        3.96353732300       Residual    55350.6292810      MLUPs    2538.92044935    
  4  Maxtime , Mintime + JacobiMi , JacobiMa    4.08457588500        4.08454868700        3.80892225100        3.96382942000       Residual    38518.7376189      MLUPs    2538.32963125    
  4  Maxtime , Mintime + JacobiMi , JacobiMa    4.08382352400        4.08380496200        3.80930339500        3.96339554200       Residual    28086.3459739      MLUPs    2538.79726660    
