# Threadlevel provided:        3 out of        0        1        2        3
  spat_dim , proc_dim, PBC ? 
           1 -Dim Input         7200          12 T
           2 -Dim Input         2400           4 T
           3 -Dim Input          600           1 T
#   0 Process grid  12   4   1
          16           3           2
          17           3           2
          18           3           2
          20           3           2
          21           3           2
          23           3           2
          25           3           2
          26           3           2
          27           3           2
          31           3           2
          32           3           2
          33           3           2
          35           3           2
          36           3           2
          37           3           2
          38           3           2
          39           3           2
          41           3           2
          42           3           2
          45           3           2
          47           3           2
           0           3           2
#   0  Allocated 2 arrays with a total of  3490.68      Mbytes 
           1           3           2
           2           3           2
           4           3           2
           5           3           2
           6           3           2
           7           3           2
           9           3           2
          10           3           2
          11           3           2
          13           3           2
          15           3           2
          19           3           2
          43           3           2
           3           3           2
          28           3           2
          29           3           2
          44           3           2
          12           3           2
          22           3           2
          34           3           2
          30           3           2
          46           3           2
          14           3           2
          24           3           2
          40           3           2
           8           3           2
# StartResidual    0.00000000000    
  4  Maxtime , Mintime + JacobiMi , JacobiMa    4.08781405500        4.08768297500        3.81351440200        3.96627352500       Residual    64056666.6158      MLUPs    2536.31888841    
  4  Maxtime , Mintime + JacobiMi , JacobiMa    4.08523104700        4.08521688300        3.80839432400        3.96701478600       Residual    10666666.6666      MLUPs    2537.92255094    
  4  Maxtime , Mintime + JacobiMi , JacobiMa    4.08451165900        4.08449869800        3.80788664300        3.96672208100       Residual    2271604.93757      MLUPs    2538.36954466    
  4  Maxtime , Mintime + JacobiMi , JacobiMa    4.08685978300        4.08684217300        3.81142809300        3.96810163400       Residual    674897.119176      MLUPs    2536.91111281    
  4  Maxtime , Mintime + JacobiMi , JacobiMa    4.09806599100        4.09804128400        3.81006126700        3.98117645500       Residual    276406.035663      MLUPs    2529.97390056    
  4  Maxtime , Mintime + JacobiMi , JacobiMa    4.08888906100        4.08854780600        3.80915830600        3.97015147900       Residual    142411.387192      MLUPs    2535.65206718    
  4  Maxtime , Mintime + JacobiMi , JacobiMa    4.08684218600        4.08682290100        3.80996740800        3.96844952900       Residual    84767.9940500      MLUPs    2536.92203617    
  4  Maxtime , Mintime + JacobiMi , JacobiMa    4.08596593800        4.08594845200        3.80939292700        3.96747200300       Residual    55350.6292810      MLUPs    2537.46608692    
  4  Maxtime , Mintime + JacobiMi , JacobiMa    4.08721175900        4.08719992800        3.80987379400        3.96854921400       Residual    38518.7376189      MLUPs    2536.69264314    
  4  Maxtime , Mintime + JacobiMi , JacobiMa    4.08827379800        4.08825810900        3.80987417000        3.96991009600       Residual    28086.3459739      MLUPs    2536.03366904    
