# Threadlevel provided:        3 out of        0        1        2        3
  spat_dim , proc_dim, PBC ? 
           1 -Dim Input          600           1 T
           2 -Dim Input         9600          16 T
           3 -Dim Input         1800           3 T
#   0 Process grid   1  16   3
          10           3           2
          11           3           2
          14           3           2
          15           3           2
          16           3           2
          17           3           2
          18           3           2
          19           3           2
          23           3           2
          24           3           2
          25           3           2
          26           3           2
          27           3           2
          30           3           2
          31           3           2
          32           3           2
          33           3           2
          34           3           2
          35           3           2
          38           3           2
          39           3           2
          40           3           2
          41           3           2
          42           3           2
          43           3           2
          46           3           2
          47           3           2
           0           3           2
#   0  Allocated 2 arrays with a total of  3490.68      Mbytes 
           1           3           2
           2           3           2
           3           3           2
           6           3           2
           7           3           2
           8           3           2
           9           3           2
          12           3           2
          20           3           2
          28           3           2
          36           3           2
          44           3           2
           4           3           2
          22           3           2
           5           3           2
          13           3           2
          21           3           2
          29           3           2
          37           3           2
          45           3           2
# StartResidual    0.00000000000    
  4  Maxtime , Mintime + JacobiMi , JacobiMa    4.09706454600        4.09678804200        3.81764478200        3.98180066900       Residual    67066666.6135      MLUPs    2530.59230178    
  4  Maxtime , Mintime + JacobiMi , JacobiMa    4.09581379800        4.09578709000        3.81849201000        3.98316235200       Residual    11166666.6666      MLUPs    2531.36507452    
  4  Maxtime , Mintime + JacobiMi , JacobiMa    4.09540916200        4.09539167800        3.81733969000        3.98432951100       Residual    2378086.41904      MLUPs    2531.61517931    
  4  Maxtime , Mintime + JacobiMi , JacobiMa    4.13550078800        4.13548660300        3.81911383300        4.03125198400       Residual    706532.921676      MLUPs    2507.07242762    
  4  Maxtime , Mintime + JacobiMi , JacobiMa    4.13011841500        4.12980138700        3.81885846500        4.02651947100       Residual    289362.568585      MLUPs    2510.33964604    
  4  Maxtime , Mintime + JacobiMi , JacobiMa    4.13098477700        4.13097643100        3.81928364000        4.02714296500       Residual    149086.920963      MLUPs    2509.81317039    
  4  Maxtime , Mintime + JacobiMi , JacobiMa    4.13333338800        4.13330925100        3.81850504700        4.03040924500       Residual    88741.4937718      MLUPs    2508.38706360    
  4  Maxtime , Mintime + JacobiMi , JacobiMa    4.13125829200        4.13123197100        3.81934142200        4.02701682500       Residual    57945.1900278      MLUPs    2509.64700515    
  4  Maxtime , Mintime + JacobiMi , JacobiMa    4.13090687800        4.13087538300        3.81946123200        4.02707634600       Residual    40324.3034450      MLUPs    2509.86049945    
  4  Maxtime , Mintime + JacobiMi , JacobiMa    4.13562126700        4.13560865500        3.81919526000        4.03353837100       Residual    29402.8934406      MLUPs    2506.99939154    
