# Threadlevel provided:        3 out of        0        1        2        3
  spat_dim , proc_dim, PBC ? 
           1 -Dim Input          600           1 T
           2 -Dim Input         9600          16 T
           3 -Dim Input         1800           3 T
#   0 Process grid   1  16   3
           2           3           2
           3           3           2
           4           3           2
           6           3           2
           7           3           2
           8           3           2
           9           3           2
          10           3           2
          11           3           2
          12           3           2
          14           3           2
          16           3           2
          17           3           2
          18           3           2
          22           3           2
          23           3           2
          24           3           2
          25           3           2
          26           3           2
          28           3           2
          30           3           2
          32           3           2
          33           3           2
          34           3           2
          35           3           2
          36           3           2
          38           3           2
          39           3           2
          40           3           2
          41           3           2
          42           3           2
          43           3           2
          44           3           2
          46           3           2
           0           3           2
#   0  Allocated 2 arrays with a total of  3490.68      Mbytes 
           1           3           2
          19           3           2
          13           3           2
          20           3           2
          21           3           2
          29           3           2
          37           3           2
          45           3           2
           5           3           2
          27           3           2
          47           3           2
          15           3           2
          31           3           2
# StartResidual    0.00000000000    
  4  Maxtime , Mintime + JacobiMi , JacobiMa    4.09325029100        4.09313014500        3.80725277600        3.94675097800       Residual    67066666.6135      MLUPs    2532.95040931    
  4  Maxtime , Mintime + JacobiMi , JacobiMa    4.07195559300        4.07194546600        3.80814907500        3.94665507500       Residual    11166666.6666      MLUPs    2546.19672617    
  4  Maxtime , Mintime + JacobiMi , JacobiMa    4.07228458400        4.07226507600        3.80720219800        3.94681666300       Residual    2378086.41904      MLUPs    2545.99102448    
  4  Maxtime , Mintime + JacobiMi , JacobiMa    4.07214847600        4.07213884300        3.80826008500        3.94697012800       Residual    706532.921676      MLUPs    2546.07612200    
  4  Maxtime , Mintime + JacobiMi , JacobiMa    4.07088032600        4.07054983900        3.80691461100        3.94578537300       Residual    289362.568585      MLUPs    2546.86926898    
  4  Maxtime , Mintime + JacobiMi , JacobiMa    4.07105579600        4.07104673100        3.80792832000        3.94596016200       Residual    149086.920963      MLUPs    2546.75949423    
  4  Maxtime , Mintime + JacobiMi , JacobiMa    4.07172459000        4.07171559400        3.80810162000        3.94610688700       Residual    88741.4937718      MLUPs    2546.34118070    
  4  Maxtime , Mintime + JacobiMi , JacobiMa    4.07240225800        4.07239301100        3.80878905000        3.94718644300       Residual    57945.1900278      MLUPs    2545.91745686    
  4  Maxtime , Mintime + JacobiMi , JacobiMa    4.07228996000        4.07227543800        3.80870628400        3.94637837500       Residual    40324.3034450      MLUPs    2545.98766341    
  4  Maxtime , Mintime + JacobiMi , JacobiMa    4.07268206100        4.07264890500        3.80939601700        3.94880714200       Residual    29402.8934406      MLUPs    2545.74254624    
