# Threadlevel provided:        3 out of        0        1        2        3
  spat_dim , proc_dim, PBC ? 
           1 -Dim Input          600           1 T
           2 -Dim Input         9600          16 T
           3 -Dim Input         1800           3 T
#   0 Process grid   1  16   3
           6           3           2
           8           3           2
          10           3           2
          12           3           2
          14           3           2
          16           3           2
          18           3           2
          20           3           2
          22           3           2
          24           3           2
          26           3           2
          28           3           2
          30           3           2
          32           3           2
          34           3           2
          36           3           2
          38           3           2
          40           3           2
          42           3           2
          44           3           2
          46           3           2
           0           3           2
#   0  Allocated 2 arrays with a total of  3490.68      Mbytes 
           2           3           2
           4           3           2
           1           3           2
           3           3           2
           5           3           2
           7           3           2
           9           3           2
          11           3           2
          13           3           2
          15           3           2
          17           3           2
          21           3           2
          23           3           2
          25           3           2
          27           3           2
          29           3           2
          31           3           2
          33           3           2
          35           3           2
          37           3           2
          39           3           2
          41           3           2
          43           3           2
          45           3           2
          47           3           2
          19           3           2
# StartResidual    0.00000000000    
  4  Maxtime , Mintime + JacobiMi , JacobiMa    4.09675993500        4.09650314800        3.81928771700        3.98158517400       Residual    67066666.6135      MLUPs    2530.78046176    
  4  Maxtime , Mintime + JacobiMi , JacobiMa    4.09180243900        4.09178879200        3.82092506600        3.97963923700       Residual    11166666.6666      MLUPs    2533.84667382    
  4  Maxtime , Mintime + JacobiMi , JacobiMa    4.11459094800        4.11457872300        3.82044550300        4.01159820200       Residual    2378086.41904      MLUPs    2519.81305822    
  4  Maxtime , Mintime + JacobiMi , JacobiMa    4.12997276400        4.12994641000        3.82049812100        4.01461253500       Residual    706532.921676      MLUPs    2510.42817773    
  4  Maxtime , Mintime + JacobiMi , JacobiMa    4.11677851000        4.11676966400        3.81935777000        4.01374107700       Residual    289362.568585      MLUPs    2518.47408716    
  4  Maxtime , Mintime + JacobiMi , JacobiMa    4.11744489200        4.11743565500        3.82043722600        4.01450090100       Residual    149086.920963      MLUPs    2518.06648831    
  4  Maxtime , Mintime + JacobiMi , JacobiMa    4.11778840800        4.11775682800        3.82045370900        4.01486430300       Residual    88741.4937718      MLUPs    2517.85642503    
  4  Maxtime , Mintime + JacobiMi , JacobiMa    4.11659865800        4.11658207300        3.82122749500        4.01256052200       Residual    57945.1900278      MLUPs    2518.58411795    
  4  Maxtime , Mintime + JacobiMi , JacobiMa    4.11752790600        4.11752035800        3.82035689400        4.01476973300       Residual    40324.3034450      MLUPs    2518.01572125    
  4  Maxtime , Mintime + JacobiMi , JacobiMa    4.11739485400        4.11737994600        3.82077694200        4.01456076800       Residual    29402.8934406      MLUPs    2518.09708994    
