# Threadlevel provided:        3 out of        0        1        2        3
  spat_dim , proc_dim, PBC ? 
           1 -Dim Input         2400           4 T
           2 -Dim Input          600           1 T
           3 -Dim Input         1800           3 T
#   0 Process grid   4   1   3
           0           3           2
          10           3           2
           2           3           2
           4           3           2
           6           3           2
           8           3           2
#   0  Allocated 2 arrays with a total of  3490.68      Mbytes 
           1           3           2
           3           3           2
           5           3           2
           7           3           2
           9           3           2
          11           3           2
# StartResidual    0.00000000000    
  4  Maxtime , Mintime + JacobiMi , JacobiMa    1.95752628700        1.95636602600        1.88159344700        1.89256971900       Residual    19026666.6516      MLUPs    1324.12014961    
  4  Maxtime , Mintime + JacobiMi , JacobiMa    1.95016073200        1.95014471500        1.88108053500        1.89245182600       Residual    3166666.66665      MLUPs    1329.12121420    
  4  Maxtime , Mintime + JacobiMi , JacobiMa    1.94999847800        1.94998461800        1.88115880300        1.89233270900       Residual    674382.715837      MLUPs    1329.23180671    
  4  Maxtime , Mintime + JacobiMi , JacobiMa    1.95004356800        1.95003463300        1.88112776800        1.89244710500       Residual    200360.082258      MLUPs    1329.20107147    
  4  Maxtime , Mintime + JacobiMi , JacobiMa    1.94994047700        1.94993282200        1.88139356500        1.89231723800       Residual    82058.0418381      MLUPs    1329.27134473    
  4  Maxtime , Mintime + JacobiMi , JacobiMa    1.95003444400        1.95002436200        1.88114576500        1.89243180500       Residual    42278.3805730      MLUPs    1329.20729066    
  4  Maxtime , Mintime + JacobiMi , JacobiMa    1.94998396100        1.94997944300        1.88107088200        1.89235976500       Residual    25165.4982338      MLUPs    1329.24170241    
  4  Maxtime , Mintime + JacobiMi , JacobiMa    1.95072595100        1.95071725100        1.88157096200        1.89310496500       Residual    16432.2180677      MLUPs    1328.73610395    
  4  Maxtime , Mintime + JacobiMi , JacobiMa    1.95037127000        1.95036266800        1.88145797100        1.89256554300       Residual    11435.2502304      MLUPs    1328.97773868    
  4  Maxtime , Mintime + JacobiMi , JacobiMa    1.95030164400        1.95029644700        1.88156854300        1.89274275400       Residual    8338.13396113      MLUPs    1329.02518335    
