# Threadlevel provided:        3 out of        0        1        2        3
  spat_dim , proc_dim, PBC ? 
           1 -Dim Input         3600           6 T
           2 -Dim Input         4800           8 T
           3 -Dim Input          600           1 T
#   0 Process grid   6   8   1
           5           3           2
           6           3           2
           7           3           2
          10           3           2
          13           3           2
          14           3           2
          15           3           2
          17           3           2
          18           3           2
          19           3           2
          21           3           2
          22           3           2
          24           3           2
          25           3           2
          26           3           2
          27           3           2
          29           3           2
          30           3           2
          31           3           2
          33           3           2
          34           3           2
          35           3           2
          37           3           2
          38           3           2
          39           3           2
          40           3           2
          41           3           2
          42           3           2
          43           3           2
          45           3           2
          46           3           2
          47           3           2
           0           3           2
#   0  Allocated 2 arrays with a total of  3490.68      Mbytes 
           1           3           2
           2           3           2
           3           3           2
           8           3           2
          11           3           2
          16           3           2
          23           3           2
          32           3           2
           9           3           2
           4           3           2
          12           3           2
          20           3           2
          28           3           2
          36           3           2
          44           3           2
# StartResidual    0.00000000000    
  4  Maxtime , Mintime + JacobiMi , JacobiMa    4.09584172700        4.09513020600        3.80793379900        3.97800857600       Residual    62049999.9507      MLUPs    2531.34781348    
  4  Maxtime , Mintime + JacobiMi , JacobiMa    4.09520881900        4.09518488200        3.80979708500        3.97995086200       Residual    10333333.3333      MLUPs    2531.73902925    
  4  Maxtime , Mintime + JacobiMi , JacobiMa    4.09292147000        4.09290267700        3.80897826200        3.97811126000       Residual    2200617.28328      MLUPs    2533.15390388    
  4  Maxtime , Mintime + JacobiMi , JacobiMa    4.09349762900        4.09347907300        3.80894146600        3.97877372300       Residual    653806.584205      MLUPs    2532.79736296    
  4  Maxtime , Mintime + JacobiMi , JacobiMa    4.09393166200        4.09390249600        3.80900264300        3.97888865900       Residual    267768.347048      MLUPs    2532.52883927    
  4  Maxtime , Mintime + JacobiMi , JacobiMa    4.09755428100        4.09754003500        3.80995810100        3.98217015600       Residual    137961.031342      MLUPs    2530.28984828    
  4  Maxtime , Mintime + JacobiMi , JacobiMa    4.09702779900        4.09700413900        3.81013672100        3.98248631300       Residual    82118.9942360      MLUPs    2530.61499913    
  4  Maxtime , Mintime + JacobiMi , JacobiMa    4.10614752100        4.10612832700        3.81041219900        3.98156943200       Residual    53620.9221159      MLUPs    2524.99452272    
  4  Maxtime , Mintime + JacobiMi , JacobiMa    4.09795448300        4.09793699700        3.81023813900        3.98388903700       Residual    37315.0270683      MLUPs    2530.04274279    
  4  Maxtime , Mintime + JacobiMi , JacobiMa    4.09646995400        4.09645072200        3.81152351200        3.98165079900       Residual    27208.6476620      MLUPs    2530.95961070    
