# Threadlevel provided:        3 out of        0        1        2        3
  spat_dim , proc_dim, PBC ? 
           1 -Dim Input         3600           6 T
           2 -Dim Input         4800           8 T
           3 -Dim Input          600           1 T
#   0 Process grid   6   8   1
           6           3           2
           8           3           2
           9           3           2
          10           3           2
          12           3           2
          13           3           2
          14           3           2
          16           3           2
          17           3           2
          18           3           2
          20           3           2
          22           3           2
          24           3           2
          25           3           2
          26           3           2
          28           3           2
          29           3           2
          30           3           2
          32           3           2
          33           3           2
          36           3           2
          37           3           2
          38           3           2
          40           3           2
          41           3           2
          42           3           2
          44           3           2
          45           3           2
          46           3           2
           0           3           2
#   0  Allocated 2 arrays with a total of  3490.68      Mbytes 
           1           3           2
           2           3           2
           4           3           2
           5           3           2
          21           3           2
          34           3           2
           3           3           2
           7           3           2
          19           3           2
          23           3           2
          27           3           2
          31           3           2
          35           3           2
          39           3           2
          43           3           2
          47           3           2
          11           3           2
          15           3           2
# StartResidual    0.00000000000    
  4  Maxtime , Mintime + JacobiMi , JacobiMa    5.21311721200        5.20413487300        3.05290379200        5.09121220600       Residual    62049999.9507      MLUPs    1988.82925098    
  4  Maxtime , Mintime + JacobiMi , JacobiMa    4.11206511900        4.11165579900        3.82564071300        4.00424660700       Residual    10333333.3333      MLUPs    2521.36084910    
  4  Maxtime , Mintime + JacobiMi , JacobiMa    4.11053307200        4.11050907600        3.82475157000        4.00324257600       Residual    2200617.28328      MLUPs    2522.30059177    
  4  Maxtime , Mintime + JacobiMi , JacobiMa    4.22240476800        4.22239181600        3.82723873700        4.08213729400       Residual    653806.584205      MLUPs    2455.47278617    
  4  Maxtime , Mintime + JacobiMi , JacobiMa    4.16924640100        4.16921995400        3.82653313300        4.05506552400       Residual    267768.347048      MLUPs    2486.78034417    
  4  Maxtime , Mintime + JacobiMi , JacobiMa    4.17627728400        4.17626705600        3.82830998900        4.03176895900       Residual    137961.031342      MLUPs    2482.59377789    
  4  Maxtime , Mintime + JacobiMi , JacobiMa    4.17906952200        4.17905965700        3.82868556100        4.03430650200       Residual    82118.9942360      MLUPs    2480.93503719    
  4  Maxtime , Mintime + JacobiMi , JacobiMa    4.18242932000        4.18241472900        3.82934129700        4.07970891200       Residual    53620.9221159      MLUPs    2478.94207092    
  4  Maxtime , Mintime + JacobiMi , JacobiMa    4.18274277000        4.18271745400        3.83068627000        4.08029402000       Residual    37315.0270683      MLUPs    2478.75630181    
  4  Maxtime , Mintime + JacobiMi , JacobiMa    4.11790384200        4.11786988400        3.82987223800        4.01151515500       Residual    27208.6476620      MLUPs    2517.78584392    
