# Threadlevel provided:        3 out of        0        1        2        3
  spat_dim , proc_dim, PBC ? 
           1 -Dim Input          600           1 T
           2 -Dim Input         2400           4 T
           3 -Dim Input          600           1 T
#   0 Process grid   1   4   1
           0           3           2
           3           3           2
           1           3           2
           2           3           2
#   0  Allocated 2 arrays with a total of  3490.68      Mbytes 
# StartResidual    0.00000000000    
  4  Maxtime , Mintime + JacobiMi , JacobiMa    1.95448496800        1.95448327100        1.88399505400        1.90512702300       Residual    9019999.99294      MLUPs    442.060191890    
  4  Maxtime , Mintime + JacobiMi , JacobiMa    1.95210718600        1.95210653000        1.88449352100        1.90511255700       Residual    1500000.00000      MLUPs    442.598647347    
  4  Maxtime , Mintime + JacobiMi , JacobiMa    1.95181000100        1.95180853700        1.88387239100        1.90487264100       Residual    319444.444326      MLUPs    442.666037963    
  4  Maxtime , Mintime + JacobiMi , JacobiMa    1.95150066600        1.95150019300        1.88419666200        1.90452849900       Residual    94907.4073866      MLUPs    442.736205554    
  4  Maxtime , Mintime + JacobiMi , JacobiMa    1.95147010500        1.95146878100        1.88386076700        1.90453433900       Residual    38869.5987667      MLUPs    442.743139024    
  4  Maxtime , Mintime + JacobiMi , JacobiMa    1.95177630200        1.95177545700        1.88411161700        1.90484911300       Residual    20026.6013253      MLUPs    442.673680951    
  4  Maxtime , Mintime + JacobiMi , JacobiMa    1.95140697000        1.95140588800        1.88375545700        1.90446025400       Residual    11920.4991638      MLUPs    442.757463350    
  4  Maxtime , Mintime + JacobiMi , JacobiMa    1.95178240400        1.95178172300        1.88415189400        1.90481963000       Residual    7783.68224239      MLUPs    442.672296988    
  4  Maxtime , Mintime + JacobiMi , JacobiMa    1.95155966900        1.95155897700        1.88375731100        1.90463782800       Residual    5416.69747709      MLUPs    442.722819970    
  4  Maxtime , Mintime + JacobiMi , JacobiMa    1.95192921800        1.95192857000        1.88408018700        1.90502645800       Residual    3949.64240274      MLUPs    442.639001472    
