# Threadlevel provided:        3 out of        0        1        2        3
  spat_dim , proc_dim, PBC ? 
           1 -Dim Input          600           1 T
           2 -Dim Input         2400           4 T
           3 -Dim Input          600           1 T
#   0 Process grid   1   4   1
           0           3           2
           3           3           2
           1           3           2
           2           3           2
#   0  Allocated 2 arrays with a total of  3490.68      Mbytes 
# StartResidual    0.00000000000    
  4  Maxtime , Mintime + JacobiMi , JacobiMa    1.93631568700        1.93630894800        1.88261532500        1.88767178000       Residual    9019999.99294      MLUPs    446.208232367    
  4  Maxtime , Mintime + JacobiMi , JacobiMa    1.93412750700        1.93412687200        1.88245098900        1.88731356100       Residual    1500000.00000      MLUPs    446.713051168    
  4  Maxtime , Mintime + JacobiMi , JacobiMa    1.93392411900        1.93392318600        1.88217484400        1.88714246600       Residual    319444.444326      MLUPs    446.760031333    
  4  Maxtime , Mintime + JacobiMi , JacobiMa    1.93373649200        1.93373238500        1.88244544100        1.88696398500       Residual    94907.4073866      MLUPs    446.803379661    
  4  Maxtime , Mintime + JacobiMi , JacobiMa    1.93357063700        1.93356975700        1.88226021200        1.88678591000       Residual    38869.5987667      MLUPs    446.841704909    
  4  Maxtime , Mintime + JacobiMi , JacobiMa    1.93357017200        1.93356927800        1.88229318600        1.88680911800       Residual    20026.6013253      MLUPs    446.841812369    
  4  Maxtime , Mintime + JacobiMi , JacobiMa    1.93526273600        1.93526195300        1.88222942000        1.88816604800       Residual    11920.4991638      MLUPs    446.451008397    
  4  Maxtime , Mintime + JacobiMi , JacobiMa    1.93363939100        1.93363878900        1.88235359400        1.88688772800       Residual    7783.68224239      MLUPs    446.825816655    
  4  Maxtime , Mintime + JacobiMi , JacobiMa    1.93375456700        1.93375366900        1.88217449200        1.88697873700       Residual    5416.69747709      MLUPs    446.799203345    
  4  Maxtime , Mintime + JacobiMi , JacobiMa    1.93391762400        1.93391682300        1.88225699100        1.88711717700       Residual    3949.64240274      MLUPs    446.761531762    
