# Threadlevel provided:        3 out of        0        1        2        3
  spat_dim , proc_dim, PBC ? 
           1 -Dim Input         1200           2 T
           2 -Dim Input         1200           2 T
           3 -Dim Input         7200          12 T
#   0 Process grid   2   2  12
          12           3           2
          14           3           2
          16           3           2
          18           3           2
          20           3           2
          22           3           2
          24           3           2
          26           3           2
          28           3           2
          30           3           2
          32           3           2
          34           3           2
          36           3           2
          38           3           2
          40           3           2
          42           3           2
          44           3           2
          46           3           2
           0           3           2
#   0  Allocated 2 arrays with a total of  3490.68      Mbytes 
           2           3           2
           4           3           2
           6           3           2
           8           3           2
          10           3           2
           1           3           2
           3           3           2
           5           3           2
           7           3           2
           9           3           2
          11           3           2
          13           3           2
          15           3           2
          17           3           2
          19           3           2
          21           3           2
          23           3           2
          25           3           2
          27           3           2
          29           3           2
          31           3           2
          33           3           2
          35           3           2
          37           3           2
          39           3           2
          41           3           2
          43           3           2
          45           3           2
          47           3           2
# StartResidual    0.00000000000    
  4  Maxtime , Mintime + JacobiMi , JacobiMa    2.00517962300        1.99728616700        1.88438245500        1.93514483800       Residual    52053333.2921      MLUPs    5170.60909710    
  4  Maxtime , Mintime + JacobiMi , JacobiMa    1.98693470700        1.98692490700        1.88660586700        1.93389430600       Residual    8666666.66662      MLUPs    5218.08792381    
  4  Maxtime , Mintime + JacobiMi , JacobiMa    1.98719676100        1.98717674100        1.88712850900        1.93443004300       Residual    1845679.01179      MLUPs    5217.39980835    
  4  Maxtime , Mintime + JacobiMi , JacobiMa    1.98629801500        1.98628956200        1.88594076300        1.93426731800       Residual    548353.909347      MLUPs    5219.76054031    
  4  Maxtime , Mintime + JacobiMi , JacobiMa    1.98874510400        1.98872971300        1.88541272500        1.93445651800       Residual    224579.903975      MLUPs    5213.33778730    
  4  Maxtime , Mintime + JacobiMi , JacobiMa    1.98802614400        1.98801061500        1.88574162500        1.93512837900       Residual    115709.252092      MLUPs    5215.22316560    
  4  Maxtime , Mintime + JacobiMi , JacobiMa    1.98788251300        1.98786702800        1.88430034400        1.93384124800       Residual    68873.9951658      MLUPs    5215.59998249    
  4  Maxtime , Mintime + JacobiMi , JacobiMa    1.98659974000        1.98658929500        1.88568503100        1.93464960300       Residual    44972.3862906      MLUPs    5218.96776247    
  4  Maxtime , Mintime + JacobiMi , JacobiMa    1.99655912600        1.99654422000        1.88590823400        1.93451483500       Residual    31296.4743154      MLUPs    5192.93411599    
  4  Maxtime , Mintime + JacobiMi , JacobiMa    1.98678413200        1.98676829400        1.88492075200        1.93447821600       Residual    22820.1561033      MLUPs    5218.48339385    
