# Threadlevel provided:        3 out of        0        1        2        3
  spat_dim , proc_dim, PBC ? 
           1 -Dim Input          600           1 T
           2 -Dim Input          600           1 T
           3 -Dim Input         7200          12 T
#   0 Process grid   1   1  12
           0           3           2
           4           3           2
           7           3           2
           8           3           2
           9           3           2
          10           3           2
          11           3           2
           1           3           2
           2           3           2
           3           3           2
#   0  Allocated 2 arrays with a total of  3490.68      Mbytes 
           5           3           2
           6           3           2
# StartResidual    0.00000000000    
  4  Maxtime , Mintime + JacobiMi , JacobiMa    2.88968267200        2.88962527900        2.72856201500        2.80187307800       Residual    25046666.6470      MLUPs    896.984303888    
  4  Maxtime , Mintime + JacobiMi , JacobiMa    2.88767076100        2.88765823800        2.72943725300        2.80255355900       Residual    4166666.66665      MLUPs    897.609254838    
  4  Maxtime , Mintime + JacobiMi , JacobiMa    2.88732044400        2.88731658500        2.72879358200        2.80210635200       Residual    887345.678689      MLUPs    897.718161275    
  4  Maxtime , Mintime + JacobiMi , JacobiMa    2.88716383500        2.88715850600        2.72940706700        2.80180597800       Residual    263631.687185      MLUPs    897.766856379    
  4  Maxtime , Mintime + JacobiMi , JacobiMa    2.88620626700        2.88620126600        2.72907143300        2.80107144100       Residual    107971.107683      MLUPs    898.064712019    
  4  Maxtime , Mintime + JacobiMi , JacobiMa    2.88688241400        2.88687669800        2.72967200300        2.80169334400       Residual    55629.4481252      MLUPs    897.854373088    
  4  Maxtime , Mintime + JacobiMi , JacobiMa    2.88645058200        2.88644588100        2.73024740300        2.80130005000       Residual    33112.4976770      MLUPs    897.988698010    
  4  Maxtime , Mintime + JacobiMi , JacobiMa    2.88639195100        2.88638625300        2.73014970200        2.80118767800       Residual    21621.3395625      MLUPs    898.006938767    
  4  Maxtime , Mintime + JacobiMi , JacobiMa    2.88667278700        2.88666178400        2.73072665300        2.80145925800       Residual    15046.3818811      MLUPs    897.919574284    
  4  Maxtime , Mintime + JacobiMi , JacobiMa    2.88635938100        2.88635502200        2.73092861800        2.80114566200       Residual    10971.2288966      MLUPs    898.017071977    
