# Threadlevel provided:        3 out of        0        1        2        3
  spat_dim , proc_dim, PBC ? 
           1 -Dim Input         1200           2 T
           2 -Dim Input         7200          12 T
           3 -Dim Input          600           1 T
#   0 Process grid   2  12   1
           8           3           2
          12           3           2
          13           3           2
          14           3           2
          15           3           2
          16           3           2
          17           3           2
          18           3           2
          19           3           2
          20           3           2
          21           3           2
          22           3           2
          23           3           2
           0           3           2
#   0  Allocated 2 arrays with a total of  3490.68      Mbytes 
           1           3           2
           2           3           2
           3           3           2
           4           3           2
           5           3           2
           6           3           2
           7           3           2
           9           3           2
          10           3           2
          11           3           2
# StartResidual    0.00000000000    
  4  Maxtime , Mintime + JacobiMi , JacobiMa    3.06056708100        3.06044480100        2.85043621600        2.96477906900       Residual    38049999.9700      MLUPs    1693.80375035    
  4  Maxtime , Mintime + JacobiMi , JacobiMa    3.05740777400        3.05739879300        2.85073302800        2.96397812200       Residual    6333333.33330      MLUPs    1695.55400627    
  4  Maxtime , Mintime + JacobiMi , JacobiMa    3.05720018400        3.05719802100        2.85013520400        2.96382122200       Residual    1348765.43169      MLUPs    1695.66913777    
  4  Maxtime , Mintime + JacobiMi , JacobiMa    3.05791132400        3.05790014800        2.85040659200        2.96460673400       Residual    400720.164523      MLUPs    1695.27479731    
  4  Maxtime , Mintime + JacobiMi , JacobiMa    3.05812446700        3.05810445000        2.85163579700        2.96447191600       Residual    164116.083676      MLUPs    1695.15664125    
  4  Maxtime , Mintime + JacobiMi , JacobiMa    3.05807666200        3.05806740400        2.85176378500        2.96468550200       Residual    84556.7611452      MLUPs    1695.18314057    
  4  Maxtime , Mintime + JacobiMi , JacobiMa    3.05781986000        3.05780369000        2.85231567900        2.96493432600       Residual    50330.9964674      MLUPs    1695.32550554    
  4  Maxtime , Mintime + JacobiMi , JacobiMa    3.05785933400        3.05785683400        2.85223521100        2.96439710600       Residual    32864.4361354      MLUPs    1695.30362053    
  4  Maxtime , Mintime + JacobiMi , JacobiMa    3.05665636500        3.05665120700        2.85415459900        2.96330512200       Residual    22870.5004613      MLUPs    1695.97081941    
  4  Maxtime , Mintime + JacobiMi , JacobiMa    3.05800930500        3.05800468500        2.85339364400        2.96482197100       Residual    16676.2679219      MLUPs    1695.22047939    
