# Threadlevel provided:        3 out of        0        1        2        3
  spat_dim , proc_dim, PBC ? 
           1 -Dim Input          600           1 T
           2 -Dim Input         7200          12 T
           3 -Dim Input          600           1 T
#   0 Process grid   1  12   1
           0           3           2
           4           3           2
           5           3           2
           6           3           2
           7           3           2
           8           3           2
           9           3           2
          10           3           2
          11           3           2
           1           3           2
           2           3           2
           3           3           2
#   0  Allocated 2 arrays with a total of  3490.68      Mbytes 
# StartResidual    0.00000000000    
  4  Maxtime , Mintime + JacobiMi , JacobiMa    1.96085001600        1.95964101600        1.89556499800        1.90237161100       Residual    25046666.6470      MLUPs    1321.87570638    
  4  Maxtime , Mintime + JacobiMi , JacobiMa    1.95771745100        1.95771430600        1.89523870800        1.90228677900       Residual    4166666.66665      MLUPs    1323.99085408    
  4  Maxtime , Mintime + JacobiMi , JacobiMa    1.95779787500        1.95778741700        1.89601242100        1.90303822900       Residual    887345.678689      MLUPs    1323.93646612    
  4  Maxtime , Mintime + JacobiMi , JacobiMa    1.95824419000        1.95823683600        1.89635506500        1.90360016000       Residual    263631.687185      MLUPs    1323.63471994    
  4  Maxtime , Mintime + JacobiMi , JacobiMa    1.95812758900        1.95812319600        1.89644141400        1.90356129600       Residual    107971.107683      MLUPs    1323.71353867    
  4  Maxtime , Mintime + JacobiMi , JacobiMa    1.95856094100        1.95855558300        1.89685274000        1.90390542000       Residual    55629.4481252      MLUPs    1323.42065327    
  4  Maxtime , Mintime + JacobiMi , JacobiMa    1.95924696700        1.95924172500        1.89762317000        1.90454298200       Residual    33112.4976770      MLUPs    1322.95726045    
  4  Maxtime , Mintime + JacobiMi , JacobiMa    1.96033265000        1.96033077600        1.89846322700        1.90560290200       Residual    21621.3395625      MLUPs    1322.22457245    
  4  Maxtime , Mintime + JacobiMi , JacobiMa    1.96106479800        1.96105659800        1.89913783900        1.90622383600       Residual    15046.3818811      MLUPs    1321.73093038    
  4  Maxtime , Mintime + JacobiMi , JacobiMa    1.96019331300        1.96019103700        1.89863503700        1.90558272000       Residual    10971.2288966      MLUPs    1322.31856053    
