# Threadlevel provided:        3 out of        0        1        2        3
  spat_dim , proc_dim, PBC ? 
           1 -Dim Input          600           1 T
           2 -Dim Input         7200          12 T
           3 -Dim Input          600           1 T
#   0 Process grid   1  12   1
           0           3           2
           1           3           2
           2           3           2
           3           3           2
           4           3           2
           5           3           2
           6           3           2
           7           3           2
           9           3           2
          10           3           2
          11           3           2
#   0  Allocated 2 arrays with a total of  3490.68      Mbytes 
           8           3           2
# StartResidual    0.00000000000    
  4  Maxtime , Mintime + JacobiMi , JacobiMa    1.97374999300        1.97251094500        1.89560378800        1.92096472500       Residual    25046666.6470      MLUPs    1313.23623012    
  4  Maxtime , Mintime + JacobiMi , JacobiMa    1.97294591500        1.97294325300        1.89536279400        1.92102831900       Residual    4166666.66665      MLUPs    1313.77144213    
  4  Maxtime , Mintime + JacobiMi , JacobiMa    1.97213959300        1.97213785100        1.89563645100        1.92131846900       Residual    887345.678689      MLUPs    1314.30858607    
  4  Maxtime , Mintime + JacobiMi , JacobiMa    1.97236484500        1.97236201400        1.89570428600        1.92154927100       Residual    263631.687185      MLUPs    1314.15848674    
  4  Maxtime , Mintime + JacobiMi , JacobiMa    1.97325489100        1.97325303300        1.89646513600        1.92246690600       Residual    107971.107683      MLUPs    1313.56572930    
  4  Maxtime , Mintime + JacobiMi , JacobiMa    1.97301719300        1.97301500400        1.89678001500        1.92218396000       Residual    55629.4481252      MLUPs    1313.72398031    
  4  Maxtime , Mintime + JacobiMi , JacobiMa    1.97265493800        1.97264989100        1.89614536900        1.92185085300       Residual    33112.4976770      MLUPs    1313.96523034    
  4  Maxtime , Mintime + JacobiMi , JacobiMa    1.97246770300        1.97246505300        1.89595108200        1.92166915200       Residual    21621.3395625      MLUPs    1314.08995750    
  4  Maxtime , Mintime + JacobiMi , JacobiMa    1.97291201100        1.97290879400        1.89635528500        1.92217163500       Residual    15046.3818811      MLUPs    1313.79401897    
  4  Maxtime , Mintime + JacobiMi , JacobiMa    1.97308687400        1.97307994900        1.89620275500        1.92224073900       Residual    10971.2288966      MLUPs    1313.67758519    
