# Threadlevel provided:        3 out of        0        1        2        3
  spat_dim , proc_dim, PBC ? 
           1 -Dim Input          600           1 T
           2 -Dim Input        28800          48 T
           3 -Dim Input          600           1 T
#   0 Process grid   1  48   1
           4           3           2
           8           3           2
          12           3           2
          16           3           2
          20           3           2
          24           3           2
          32           3           2
          36           3           2
          40           3           2
          44           3           2
           0           3           2
#   0  Allocated 2 arrays with a total of  3490.68      Mbytes 
           6           3           2
          10           3           2
          14           3           2
          18           3           2
          22           3           2
          26           3           2
          30           3           2
          34           3           2
          38           3           2
          42           3           2
           2           3           2
          46           3           2
          28           3           2
           5           3           2
           9           3           2
          15           3           2
          17           3           2
          19           3           2
          21           3           2
          23           3           2
          25           3           2
          27           3           2
          31           3           2
          33           3           2
          35           3           2
          37           3           2
          39           3           2
          41           3           2
          43           3           2
          47           3           2
           1           3           2
           3           3           2
           7           3           2
          11           3           2
          29           3           2
          45           3           2
          13           3           2
# StartResidual    0.00000000000    
  4  Maxtime , Mintime + JacobiMi , JacobiMa    4.11177395700        4.11158996700        3.81847501500        4.00409719200       Residual    97166666.5905      MLUPs    2521.53939113    
  4  Maxtime , Mintime + JacobiMi , JacobiMa    4.10881718900        4.10879427500        3.81822664900        4.00296256800       Residual    16166666.6666      MLUPs    2523.35392963    
  4  Maxtime , Mintime + JacobiMi , JacobiMa    4.10899904400        4.10897130700        3.81717685700        4.00310946700       Residual    3442901.23332      MLUPs    2523.24225170    
  4  Maxtime , Mintime + JacobiMi , JacobiMa    4.10899345600        4.10895515600        3.81772153700        4.00330354100       Residual    1022890.94628      MLUPs    2523.24568316    
  4  Maxtime , Mintime + JacobiMi , JacobiMa    4.10876365200        4.10874252700        3.81874915600        4.00293792500       Residual    418927.897807      MLUPs    2523.38680882    
  4  Maxtime , Mintime + JacobiMi , JacobiMa    4.11143518300        4.11111262700        3.81942906500        4.00570598500       Residual    215842.258725      MLUPs    2521.74716091    
  4  Maxtime , Mintime + JacobiMi , JacobiMa    4.11050703300        4.11048891000        3.81858548200        4.00448636400       Residual    128476.490986      MLUPs    2522.31656989    
  4  Maxtime , Mintime + JacobiMi , JacobiMa    4.11107245100        4.11104795600        3.81969297000        4.00531694000       Residual    83890.7975032      MLUPs    2521.96966207    
  4  Maxtime , Mintime + JacobiMi , JacobiMa    4.11074559600        4.11072110400        3.81917137500        4.00467859700       Residual    58379.9616994      MLUPs    2522.17018978    
  4  Maxtime , Mintime + JacobiMi , JacobiMa    4.11169717000        4.11167006600        3.81998612000        4.00569310700       Residual    42568.3681189      MLUPs    2521.58648153    
