# Threadlevel provided:        3 out of        0        1        2        3
  spat_dim , proc_dim, PBC ? 
           1 -Dim Input         1200           2 T
           2 -Dim Input          600           1 T
           3 -Dim Input         7200          12 T
#   0 Process grid   2   1  12
           0           3           2
           2           3           2
           4           3           2
           6           3           2
           8           3           2
          10           3           2
          12           3           2
          14           3           2
          16           3           2
          18           3           2
          20           3           2
          22           3           2
#   0  Allocated 2 arrays with a total of  3490.68      Mbytes 
           1           3           2
           5           3           2
           9           3           2
          13           3           2
          17           3           2
          21           3           2
          23           3           2
           3           3           2
           7           3           2
          11           3           2
          15           3           2
          19           3           2
# StartResidual    0.00000000000    
  4  Maxtime , Mintime + JacobiMi , JacobiMa    1.96047169300        1.95927199600        1.88118791000        1.90536581600       Residual    38049999.9700      MLUPs    2644.26159200    
  4  Maxtime , Mintime + JacobiMi , JacobiMa    1.95401328600        1.95399827500        1.88126331100        1.90536485600       Residual    6333333.33330      MLUPs    2653.00140851    
  4  Maxtime , Mintime + JacobiMi , JacobiMa    1.95341965900        1.95341117500        1.88075367000        1.90500348300       Residual    1348765.43169      MLUPs    2653.80763223    
  4  Maxtime , Mintime + JacobiMi , JacobiMa    1.95378419700        1.95377539300        1.88117530700        1.90534339800       Residual    400720.164523      MLUPs    2653.31248352    
  4  Maxtime , Mintime + JacobiMi , JacobiMa    1.95375803100        1.95374873500        1.88080601700        1.90531444100       Residual    164116.083676      MLUPs    2653.34801841    
  4  Maxtime , Mintime + JacobiMi , JacobiMa    1.95360928000        1.95360156200        1.88133729200        1.90512315500       Residual    84556.7611452      MLUPs    2653.55004866    
  4  Maxtime , Mintime + JacobiMi , JacobiMa    1.95357622400        1.95357080800        1.88078704900        1.90510937400       Residual    50330.9964674      MLUPs    2653.59494875    
  4  Maxtime , Mintime + JacobiMi , JacobiMa    1.95354845600        1.95353820300        1.88106071200        1.90508219800       Residual    32864.4361354      MLUPs    2653.63266730    
  4  Maxtime , Mintime + JacobiMi , JacobiMa    1.95391391900        1.95390118600        1.88073736300        1.90515814600       Residual    22870.5004613      MLUPs    2653.13632785    
  4  Maxtime , Mintime + JacobiMi , JacobiMa    1.95397644200        1.95396666700        1.88111393900        1.90516657700       Residual    16676.2679219      MLUPs    2653.05143326    
