# Threadlevel provided:        3 out of        0        1        2        3
  spat_dim , proc_dim, PBC ? 
           1 -Dim Input         1800           3 T
           2 -Dim Input         2400           4 T
           3 -Dim Input         2400           4 T
#   0 Process grid   3   4   4
           8           3           2
          10           3           2
          12           3           2
          14           3           2
          16           3           2
          18           3           2
          20           3           2
          22           3           2
          24           3           2
          26           3           2
          28           3           2
          30           3           2
          32           3           2
          34           3           2
          36           3           2
          38           3           2
          40           3           2
          42           3           2
          44           3           2
          46           3           2
           0           3           2
#   0  Allocated 2 arrays with a total of  3490.68      Mbytes 
           2           3           2
           4           3           2
           6           3           2
           1           3           2
           3           3           2
           7           3           2
           9           3           2
          11           3           2
          13           3           2
          15           3           2
          17           3           2
          19           3           2
          21           3           2
          23           3           2
          25           3           2
          27           3           2
          29           3           2
          33           3           2
          35           3           2
          37           3           2
          39           3           2
          41           3           2
          43           3           2
          45           3           2
          47           3           2
           5           3           2
          31           3           2
# StartResidual    0.00000000000    
  4  Maxtime , Mintime + JacobiMi , JacobiMa    2.01474728800        2.01469663800        1.88490444000        1.92359103400       Residual    40036666.6349      MLUPs    5146.05482373    
  4  Maxtime , Mintime + JacobiMi , JacobiMa    1.98207213000        1.98206389900        1.88485357100        1.92169520700       Residual    6666666.66664      MLUPs    5230.88935214    
  4  Maxtime , Mintime + JacobiMi , JacobiMa    1.98443452100        1.98442809200        1.88493326300        1.92544803600       Residual    1419753.08599      MLUPs    5224.66218476    
  4  Maxtime , Mintime + JacobiMi , JacobiMa    1.98217675800        1.98217219100        1.88460355600        1.92048384500       Residual    421810.699493      MLUPs    5230.61324282    
  4  Maxtime , Mintime + JacobiMi , JacobiMa    1.98129568500        1.98127382200        1.88470898000        1.92105028600       Residual    172753.772289      MLUPs    5232.93927226    
  4  Maxtime , Mintime + JacobiMi , JacobiMa    2.01300256300        2.01298908100        1.89277130400        1.94587851900       Residual    89007.1169942      MLUPs    5150.51505178    
  4  Maxtime , Mintime + JacobiMi , JacobiMa    1.98128670400        1.97563769400        1.88504379000        1.92040812300       Residual    52979.9962815      MLUPs    5232.96299272    
  4  Maxtime , Mintime + JacobiMi , JacobiMa    1.98805205100        1.98803600400        1.88510979800        1.92813266300       Residual    34594.1433005      MLUPs    5215.15520420    
  4  Maxtime , Mintime + JacobiMi , JacobiMa    1.98089224200        1.98088346300        1.88490647900        1.92041230800       Residual    24074.2110118      MLUPs    5234.00505094    
  4  Maxtime , Mintime + JacobiMi , JacobiMa    1.98226782800        1.98225748500        1.88502805100        1.92208128100       Residual    17553.9662334      MLUPs    5230.37293627    
