# Threadlevel provided:        3 out of        0        1        2        3
  spat_dim , proc_dim, PBC ? 
           1 -Dim Input         2400           4 T
           2 -Dim Input          600           1 T
           3 -Dim Input         1800           3 T
#   0 Process grid   4   1   3
          10           3           2
           0           3           2
           1           3           2
           2           3           2
           3           3           2
           4           3           2
           5           3           2
           6           3           2
           7           3           2
           8           3           2
           9           3           2
          11           3           2
#   0  Allocated 2 arrays with a total of  3490.68      Mbytes 
# StartResidual    0.00000000000    
  4  Maxtime , Mintime + JacobiMi , JacobiMa    2.89821992100        2.89815977000        2.72841931000        2.81000122500       Residual    19026666.6516      MLUPs    894.342068805    
  4  Maxtime , Mintime + JacobiMi , JacobiMa    2.89715742000        2.89714614500        2.72931472400        2.81141782600       Residual    3166666.66665      MLUPs    894.670059040    
  4  Maxtime , Mintime + JacobiMi , JacobiMa    2.89682676400        2.89682269900        2.72864387600        2.81113071500       Residual    674382.715837      MLUPs    894.772180446    
  4  Maxtime , Mintime + JacobiMi , JacobiMa    2.89699379600        2.89698420500        2.72874449400        2.81123878700       Residual    200360.082258      MLUPs    894.720590558    
  4  Maxtime , Mintime + JacobiMi , JacobiMa    2.89732241200        2.89730290900        2.72882544000        2.81162560100       Residual    82058.0418381      MLUPs    894.619110826    
  4  Maxtime , Mintime + JacobiMi , JacobiMa    2.89760456400        2.89759541600        2.72901966900        2.81187911700       Residual    42278.3805730      MLUPs    894.531997983    
  4  Maxtime , Mintime + JacobiMi , JacobiMa    2.89741585700        2.89740970100        2.72891290900        2.81167103500       Residual    25165.4982338      MLUPs    894.590258329    
  4  Maxtime , Mintime + JacobiMi , JacobiMa    2.89735336400        2.89734823900        2.72922751400        2.81155684100       Residual    16432.2180677      MLUPs    894.609553742    
  4  Maxtime , Mintime + JacobiMi , JacobiMa    2.89725171400        2.89724588900        2.72954992000        2.81152926900       Residual    11435.2502304      MLUPs    894.640941094    
  4  Maxtime , Mintime + JacobiMi , JacobiMa    2.89734596600        2.89733895300        2.72927495600        2.81160103300       Residual    8338.13396113      MLUPs    894.611838012    
