# Threadlevel provided:        3 out of        0        1        2        3
  spat_dim , proc_dim, PBC ? 
           1 -Dim Input         1800           3 T
           2 -Dim Input         1200           2 T
           3 -Dim Input         4800           8 T
#   0 Process grid   3   2   8
           7           3           2
           8           3           2
           9           3           2
          10           3           2
          11           3           2
          12           3           2
          13           3           2
          15           3           2
          17           3           2
          19           3           2
          20           3           2
          22           3           2
          26           3           2
          27           3           2
          28           3           2
          29           3           2
          30           3           2
          31           3           2
          32           3           2
          33           3           2
          34           3           2
          35           3           2
          36           3           2
          37           3           2
          40           3           2
          41           3           2
          42           3           2
          43           3           2
          46           3           2
          47           3           2
           0           3           2
           1           3           2
           2           3           2
           3           3           2
           4           3           2
           5           3           2
           6           3           2
          16           3           2
          18           3           2
          21           3           2
          23           3           2
          24           3           2
          25           3           2
          38           3           2
          39           3           2
          44           3           2
          45           3           2
#   0  Allocated 2 arrays with a total of  3490.68      Mbytes 
          14           3           2
# StartResidual    0.00000000000    
  4  Maxtime , Mintime + JacobiMi , JacobiMa    4.11705964800        4.11691124600        3.81918683900        4.00588031600       Residual    46043333.2968      MLUPs    2518.30211035    
  4  Maxtime , Mintime + JacobiMi , JacobiMa    4.10603234900        4.10601586300        3.81892182900        3.99211528700       Residual    7666666.66663      MLUPs    2525.06534746    
  4  Maxtime , Mintime + JacobiMi , JacobiMa    4.10516351100        4.10514421800        3.81842014500        3.99119172800       Residual    1632716.04889      MLUPs    2525.59976532    
  4  Maxtime , Mintime + JacobiMi , JacobiMa    4.10606064600        4.10603593100        3.81852222700        3.99196372000       Residual    485082.304417      MLUPs    2525.04794592    
  4  Maxtime , Mintime + JacobiMi , JacobiMa    4.10586885000        4.10585085100        3.81826739500        3.99193769300       Residual    198666.838132      MLUPs    2525.16589759    
  4  Maxtime , Mintime + JacobiMi , JacobiMa    4.10724992500        4.10687674200        3.81962212800        3.99340596300       Residual    102358.184543      MLUPs    2524.31680305    
  4  Maxtime , Mintime + JacobiMi , JacobiMa    4.10706544700        4.10704930600        3.81944467600        3.99313485900       Residual    60926.9957236      MLUPs    2524.43018837    
  4  Maxtime , Mintime + JacobiMi , JacobiMa    4.10708867700        4.10707460200        3.81966834200        3.99336188400       Residual    39783.2647956      MLUPs    2524.41591000    
  4  Maxtime , Mintime + JacobiMi , JacobiMa    4.10873981000        4.10872197000        3.81984554600        3.99404529200       Residual    27685.3426636      MLUPs    2523.40145141    
  4  Maxtime , Mintime + JacobiMi , JacobiMa    4.10825561200        4.10823754700        3.82116242700        3.99429030900       Residual    20187.0611684      MLUPs    2523.69885888    
