# Threadlevel provided:        3 out of        0        1        2        3
  spat_dim , proc_dim, PBC ? 
           1 -Dim Input         1200           2 T
           2 -Dim Input         4800           8 T
           3 -Dim Input         1800           3 T
#   0 Process grid   2   8   3
           2           3           2
           3           3           2
           4           3           2
           5           3           2
           6           3           2
           7           3           2
           8           3           2
           9           3           2
          10           3           2
          11           3           2
          12           3           2
          13           3           2
          14           3           2
          15           3           2
          17           3           2
          18           3           2
          20           3           2
          21           3           2
          22           3           2
          23           3           2
          25           3           2
          26           3           2
          28           3           2
          29           3           2
          30           3           2
          31           3           2
          32           3           2
          33           3           2
          34           3           2
          35           3           2
          36           3           2
          37           3           2
          38           3           2
          39           3           2
          40           3           2
          41           3           2
          42           3           2
          43           3           2
          44           3           2
          46           3           2
          47           3           2
           0           3           2
#   0  Allocated 2 arrays with a total of  3490.68      Mbytes 
           1           3           2
          24           3           2
          19           3           2
          45           3           2
          16           3           2
          27           3           2
# StartResidual    0.00000000000    
  4  Maxtime , Mintime + JacobiMi , JacobiMa    4.08589480500        4.08541012000        3.80322136900        3.96390031600       Residual    46043333.2968      MLUPs    2537.51026270    
  4  Maxtime , Mintime + JacobiMi , JacobiMa    4.08374873400        4.08372945900        3.80416843100        3.96426044200       Residual    7666666.66663      MLUPs    2538.84376227    
  4  Maxtime , Mintime + JacobiMi , JacobiMa    4.08349609200        4.08347385700        3.80322455700        3.96413219000       Residual    1632716.04889      MLUPs    2539.00083811    
  4  Maxtime , Mintime + JacobiMi , JacobiMa    4.08393342600        4.08391502800        3.80318473600        3.95289740900       Residual    485082.304422      MLUPs    2538.72894548    
  4  Maxtime , Mintime + JacobiMi , JacobiMa    4.08237321700        4.08203589500        3.80306726800        3.96282603800       Residual    198666.838132      MLUPs    2539.69920164    
  4  Maxtime , Mintime + JacobiMi , JacobiMa    4.08576082400        4.08574834600        3.80400080700        3.96561444100       Residual    102358.184543      MLUPs    2537.59347319    
  4  Maxtime , Mintime + JacobiMi , JacobiMa    4.07759842500        4.07757836200        3.80317358400        3.95154325600       Residual    60926.9957236      MLUPs    2542.67314222    
  4  Maxtime , Mintime + JacobiMi , JacobiMa    4.08186348600        4.08183671700        3.80348143400        3.96215988400       Residual    39783.2647955      MLUPs    2540.01635174    
  4  Maxtime , Mintime + JacobiMi , JacobiMa    4.08262799900        4.08261888100        3.80352637900        3.96283850700       Residual    27685.3426636      MLUPs    2539.54070823    
  4  Maxtime , Mintime + JacobiMi , JacobiMa    4.08329875700        4.08327555400        3.80476391500        3.96359544800       Residual    20187.0611683      MLUPs    2539.12354129    
