# Threadlevel provided:        3 out of        0        1        2        3
  spat_dim , proc_dim, PBC ? 
           1 -Dim Input         2400           4 T
           2 -Dim Input         1200           2 T
           3 -Dim Input         3600           6 T
#   0 Process grid   4   2   6
          30           3           2
          32           3           2
          34           3           2
          36           3           2
          38           3           2
          40           3           2
          42           3           2
          44           3           2
          46           3           2
           0           3           2
           2           3           2
           4           3           2
           6           3           2
           8           3           2
          10           3           2
          12           3           2
          14           3           2
          16           3           2
          18           3           2
          20           3           2
          22           3           2
          24           3           2
          26           3           2
          28           3           2
#   0  Allocated 2 arrays with a total of  3490.68      Mbytes 
           1           3           2
           3           3           2
           5           3           2
           7           3           2
           9           3           2
          11           3           2
          13           3           2
          15           3           2
          17           3           2
          19           3           2
          21           3           2
          23           3           2
          25           3           2
          27           3           2
          29           3           2
          31           3           2
          33           3           2
          35           3           2
          37           3           2
          39           3           2
          41           3           2
          43           3           2
          45           3           2
          47           3           2
# StartResidual    0.00000000000    
  4  Maxtime , Mintime + JacobiMi , JacobiMa    1.99864349200        1.98994652100        1.88546722100        1.92368967600       Residual    44039999.9650      MLUPs    5187.51845514    
  4  Maxtime , Mintime + JacobiMi , JacobiMa    1.98573269100        1.98555055200        1.88455911700        1.92414245400       Residual    7333333.33330      MLUPs    5221.24656908    
  4  Maxtime , Mintime + JacobiMi , JacobiMa    1.98012839600        1.98011982800        1.88505755600        1.92389850100       Residual    1561728.39458      MLUPs    5236.02409871    
  4  Maxtime , Mintime + JacobiMi , JacobiMa    1.97887718500        1.97885912900        1.88563146900        1.92186888500       Residual    463991.769438      MLUPs    5239.33474932    
  4  Maxtime , Mintime + JacobiMi , JacobiMa    1.97929052200        1.97928206100        1.88485233100        1.92228077300       Residual    190029.149517      MLUPs    5238.24061438    
  4  Maxtime , Mintime + JacobiMi , JacobiMa    1.97825583900        1.97824122100        1.88492015400        1.92212885100       Residual    97907.8286940      MLUPs    5240.98036038    
  4  Maxtime , Mintime + JacobiMi , JacobiMa    1.97744341800        1.97742853100        1.88510378000        1.92127960000       Residual    58277.9959096      MLUPs    5243.13358634    
  4  Maxtime , Mintime + JacobiMi , JacobiMa    1.97845709700        1.97843456500        1.88478495800        1.92133110000       Residual    38053.5576307      MLUPs    5240.44722310    
  4  Maxtime , Mintime + JacobiMi , JacobiMa    1.97807630500        1.97806921800        1.88493611100        1.92190938900       Residual    26481.6321130      MLUPs    5241.45604181    
  4  Maxtime , Mintime + JacobiMi , JacobiMa    1.97843650100        1.97842585300        1.88457624600        1.92176720300       Residual    19309.3628568      MLUPs    5240.50177742    
