# Threadlevel provided:        3 out of        0        1        2        3
  spat_dim , proc_dim, PBC ? 
           1 -Dim Input         2400           4 T
           2 -Dim Input         1200           2 T
           3 -Dim Input         3600           6 T
#   0 Process grid   4   2   6
          10           3           2
          12           3           2
          14           3           2
          16           3           2
          18           3           2
          20           3           2
          22           3           2
          24           3           2
          26           3           2
          28           3           2
          30           3           2
          32           3           2
          34           3           2
          36           3           2
          38           3           2
          40           3           2
          42           3           2
          44           3           2
          46           3           2
           0           3           2
           2           3           2
           4           3           2
           6           3           2
           8           3           2
#   0  Allocated 2 arrays with a total of  3490.68      Mbytes 
           1           3           2
           3           3           2
           5           3           2
           7           3           2
           9           3           2
          11           3           2
          13           3           2
          15           3           2
          17           3           2
          19           3           2
          21           3           2
          23           3           2
          25           3           2
          27           3           2
          29           3           2
          31           3           2
          33           3           2
          35           3           2
          37           3           2
          39           3           2
          41           3           2
          43           3           2
          45           3           2
          47           3           2
# StartResidual    0.00000000000    
  4  Maxtime , Mintime + JacobiMi , JacobiMa    2.00891697900        2.00667445500        1.88506624200        1.92445934100       Residual    44039999.9650      MLUPs    5160.98978125    
  4  Maxtime , Mintime + JacobiMi , JacobiMa    1.98146993200        1.98130305000        1.88689302600        1.92446901200       Residual    7333333.33330      MLUPs    5232.47909674    
  4  Maxtime , Mintime + JacobiMi , JacobiMa    1.98066964700        1.98048765800        1.88718441900        1.92374247700       Residual    1561728.39458      MLUPs    5234.59326784    
  4  Maxtime , Mintime + JacobiMi , JacobiMa    1.98109583800        1.98091356100        1.88624082900        1.92376531800       Residual    463991.769438      MLUPs    5233.46715546    
  4  Maxtime , Mintime + JacobiMi , JacobiMa    1.98044841600        1.98027232600        1.88569974400        1.92364282100       Residual    190029.149517      MLUPs    5235.17801132    
  4  Maxtime , Mintime + JacobiMi , JacobiMa    1.98614181400        1.98596501300        1.88733975800        1.92223283600       Residual    97907.8286940      MLUPs    5220.17105069    
  4  Maxtime , Mintime + JacobiMi , JacobiMa    2.02674773600        2.02656376300        1.89460984800        1.95652230600       Residual    58277.9959096      MLUPs    5115.58484356    
  4  Maxtime , Mintime + JacobiMi , JacobiMa    1.97926916700        1.97901368800        1.88651281000        1.92199060500       Residual    38053.5576307      MLUPs    5238.29713152    
  4  Maxtime , Mintime + JacobiMi , JacobiMa    1.97882335000        1.97863363000        1.88523358000        1.92151172800       Residual    26481.6321130      MLUPs    5239.47728836    
  4  Maxtime , Mintime + JacobiMi , JacobiMa    1.97941606200        1.97922439100        1.88552689300        1.92183794400       Residual    19309.3628568      MLUPs    5237.90839078    
