# Threadlevel provided:        3 out of        0        1        2        3
  spat_dim , proc_dim, PBC ? 
           1 -Dim Input         2400           4 T
           2 -Dim Input         1200           2 T
           3 -Dim Input          600           1 T
#   0 Process grid   4   2   1
           0           3           2
           1           3           2
           2           3           2
           3           3           2
           4           3           2
           5           3           2
           6           3           2
           7           3           2
#   0  Allocated 2 arrays with a total of  3490.68      Mbytes 
# StartResidual    0.00000000000    
  4  Maxtime , Mintime + JacobiMi , JacobiMa    1.94228261400        1.94108125300        1.88261714700        1.88923263700       Residual    14023333.3223      MLUPs    889.674853466    
  4  Maxtime , Mintime + JacobiMi , JacobiMa    1.93929008100        1.93928099300        1.88281767900        1.88961707000       Residual    2333333.33332      MLUPs    891.047717373    
  4  Maxtime , Mintime + JacobiMi , JacobiMa    1.93883320500        1.93882685400        1.88261557500        1.88921952100       Residual    496913.580088      MLUPs    891.257688152    
  4  Maxtime , Mintime + JacobiMi , JacobiMa    1.93940017700        1.93939363300        1.88289480500        1.88975257000       Residual    147633.744822      MLUPs    890.997134317    
  4  Maxtime , Mintime + JacobiMi , JacobiMa    1.93877576200        1.93877001300        1.88258269600        1.88913848100       Residual    60463.8203020      MLUPs    891.284094772    
  4  Maxtime , Mintime + JacobiMi , JacobiMa    1.93920444400        1.93920220200        1.88279034200        1.88957027500       Residual    31152.4909488      MLUPs    891.087066836    
  4  Maxtime , Mintime + JacobiMi , JacobiMa    1.93884738000        1.93884312000        1.88266170800        1.88919008600       Residual    18542.9986987      MLUPs    891.251172127    
  4  Maxtime , Mintime + JacobiMi , JacobiMa    1.93931951200        1.93931240600        1.88294000100        1.88969516700       Residual    12107.9501552      MLUPs    891.034194885    
  4  Maxtime , Mintime + JacobiMi , JacobiMa    1.93902239200        1.93901928800        1.88250282200        1.88937515400       Residual    8425.97385391      MLUPs    891.170729709    
  4  Maxtime , Mintime + JacobiMi , JacobiMa    1.93934088700        1.93933807700        1.88296188400        1.88968318500       Residual    6143.88818196      MLUPs    891.024374097    
