# Threadlevel provided:        3 out of        0        1        2        3
  spat_dim , proc_dim, PBC ? 
           1 -Dim Input         2400           4 T
           2 -Dim Input         1200           2 T
           3 -Dim Input          600           1 T
#   0 Process grid   4   2   1
           0           3           2
           1           3           2
           2           3           2
           3           3           2
           4           3           2
           5           3           2
           6           3           2
           7           3           2
#   0  Allocated 2 arrays with a total of  3490.68      Mbytes 
# StartResidual    0.00000000000    
  4  Maxtime , Mintime + JacobiMi , JacobiMa    1.94772966200        1.94654245700        1.88294308300        1.89456172100       Residual    14023333.3223      MLUPs    887.186776334    
  4  Maxtime , Mintime + JacobiMi , JacobiMa    1.94513176900        1.94390047500        1.88316903000        1.89444875100       Residual    2333333.33332      MLUPs    888.371691594    
  4  Maxtime , Mintime + JacobiMi , JacobiMa    1.94374296000        1.94373714300        1.88288369300        1.89423915900       Residual    496913.580088      MLUPs    889.006435295    
  4  Maxtime , Mintime + JacobiMi , JacobiMa    1.94391177400        1.94390927900        1.88308376000        1.89444147900       Residual    147633.744822      MLUPs    888.929231826    
  4  Maxtime , Mintime + JacobiMi , JacobiMa    1.94376275400        1.94375553100        1.88284528000        1.89426212000       Residual    60463.8203020      MLUPs    888.997382239    
  4  Maxtime , Mintime + JacobiMi , JacobiMa    1.94422352300        1.94421660500        1.88328052800        1.89469733200       Residual    31152.4909488      MLUPs    888.786695335    
  4  Maxtime , Mintime + JacobiMi , JacobiMa    1.94391741900        1.94391451900        1.88281829100        1.89439671000       Residual    18542.9986987      MLUPs    888.926650438    
  4  Maxtime , Mintime + JacobiMi , JacobiMa    1.94451042300        1.94450787500        1.88358243600        1.89500194800       Residual    12107.9501552      MLUPs    888.655560578    
  4  Maxtime , Mintime + JacobiMi , JacobiMa    1.94419869900        1.94419201000        1.88320368500        1.89473421500       Residual    8425.97385391      MLUPs    888.798043579    
  4  Maxtime , Mintime + JacobiMi , JacobiMa    1.94413211600        1.94412901700        1.88311793600        1.89451906200       Residual    6143.88818196      MLUPs    888.828483300    
