# Threadlevel provided:        3 out of        0        1        2        3
  spat_dim , proc_dim, PBC ? 
           1 -Dim Input         1800           3 T
           2 -Dim Input         1200           2 T
           3 -Dim Input         4800           8 T
#   0 Process grid   3   2   8
           6           3           2
           8           3           2
          10           3           2
          12           3           2
          16           3           2
          18           3           2
          20           3           2
          22           3           2
          24           3           2
          26           3           2
          28           3           2
          30           3           2
          32           3           2
          34           3           2
          36           3           2
          38           3           2
          40           3           2
          44           3           2
          46           3           2
           0           3           2
#   0  Allocated 2 arrays with a total of  3490.68      Mbytes 
           2           3           2
           4           3           2
           1           3           2
           3           3           2
           9           3           2
          17           3           2
          19           3           2
          25           3           2
          27           3           2
          33           3           2
          35           3           2
          41           3           2
          42           3           2
          43           3           2
          11           3           2
          14           3           2
           7           3           2
          15           3           2
          23           3           2
          31           3           2
          39           3           2
          47           3           2
          13           3           2
          21           3           2
          29           3           2
           5           3           2
          37           3           2
          45           3           2
# StartResidual    0.00000000000    
  4  Maxtime , Mintime + JacobiMi , JacobiMa    4.13606528400        4.13598186600        3.82078491100        4.02697932700       Residual    46043333.2968      MLUPs    2506.73025885    
  4  Maxtime , Mintime + JacobiMi , JacobiMa    4.13412846900        4.13411911300        3.82033917200        4.02695644300       Residual    7666666.66663      MLUPs    2507.90464731    
  4  Maxtime , Mintime + JacobiMi , JacobiMa    4.13382282300        4.13380599000        3.81948808800        4.02761944200       Residual    1632716.04889      MLUPs    2508.09007641    
  4  Maxtime , Mintime + JacobiMi , JacobiMa    4.13450471800        4.13448131500        3.82020167600        4.02796100200       Residual    485082.304417      MLUPs    2507.67642249    
  4  Maxtime , Mintime + JacobiMi , JacobiMa    4.13322821100        4.13321517800        3.81967732600        4.02718872600       Residual    198666.838132      MLUPs    2508.45089376    
  4  Maxtime , Mintime + JacobiMi , JacobiMa    4.13373255300        4.13371518200        3.82013381100        4.02760108200       Residual    102358.184543      MLUPs    2508.14484659    
  4  Maxtime , Mintime + JacobiMi , JacobiMa    4.13328304700        4.13325696900        3.82085459200        4.02636784700       Residual    60926.9957236      MLUPs    2508.41761430    
  4  Maxtime , Mintime + JacobiMi , JacobiMa    4.13525940400        4.13524009600        3.82107181000        4.02884605300       Residual    39783.2647956      MLUPs    2507.21877084    
  4  Maxtime , Mintime + JacobiMi , JacobiMa    4.12887306500        4.12885579400        3.82009232700        4.02398133600       Residual    27685.3426636      MLUPs    2511.09681426    
  4  Maxtime , Mintime + JacobiMi , JacobiMa    4.13622831100        4.13621164600        3.82109620700        4.02926109200       Residual    20187.0611684      MLUPs    2506.63145756    
