# Threadlevel provided:        3 out of        0        1        2        3
  spat_dim , proc_dim, PBC ? 
           1 -Dim Input          600           1 T
           2 -Dim Input         2400           4 T
           3 -Dim Input         1800           3 T
#   0 Process grid   1   4   3
           0           3           2
          10           3           2
          11           3           2
           1           3           2
           2           3           2
           4           3           2
           5           3           2
           6           3           2
           7           3           2
           8           3           2
           9           3           2
#   0  Allocated 2 arrays with a total of  3490.68      Mbytes 
           3           3           2
# StartResidual    0.00000000000    
  4  Maxtime , Mintime + JacobiMi , JacobiMa    1.94352499000        1.94230236200        1.88249126500        1.88778029300       Residual    19026666.6516      MLUPs    1333.65920857    
  4  Maxtime , Mintime + JacobiMi , JacobiMa    1.93799347900        1.93798777700        1.88279277800        1.88806751000       Residual    3166666.66665      MLUPs    1337.46580063    
  4  Maxtime , Mintime + JacobiMi , JacobiMa    1.93774982700        1.93774651400        1.88222337000        1.88782129300       Residual    674382.715835      MLUPs    1337.63397312    
  4  Maxtime , Mintime + JacobiMi , JacobiMa    1.93781364900        1.93780961100        1.88244589700        1.88788866800       Residual    200360.082265      MLUPs    1337.58991807    
  4  Maxtime , Mintime + JacobiMi , JacobiMa    1.93783708100        1.93782214700        1.88240923700        1.88784332200       Residual    82058.0418383      MLUPs    1337.57374416    
  4  Maxtime , Mintime + JacobiMi , JacobiMa    1.93792647200        1.93792116400        1.88254418600        1.88806154700       Residual    42278.3805727      MLUPs    1337.51204571    
  4  Maxtime , Mintime + JacobiMi , JacobiMa    1.93802625000        1.93801507500        1.88245596000        1.88812578100       Residual    25165.4982340      MLUPs    1337.44318479    
  4  Maxtime , Mintime + JacobiMi , JacobiMa    1.93794443800        1.93793782000        1.88273884400        1.88797757500       Residual    16432.2180675      MLUPs    1337.49964611    
  4  Maxtime , Mintime + JacobiMi , JacobiMa    1.93796283500        1.93795822700        1.88220127400        1.88800527500       Residual    11435.2502304      MLUPs    1337.48694928    
  4  Maxtime , Mintime + JacobiMi , JacobiMa    1.93792989200        1.93792539800        1.88245334200        1.88799334100       Residual    8338.13396099      MLUPs    1337.50968531    
