# Threadlevel provided:        3 out of        0        1        2        3
  spat_dim , proc_dim, PBC ? 
           1 -Dim Input         2400           4 T
           2 -Dim Input         3600           6 T
           3 -Dim Input          600           1 T
#   0 Process grid   4   6   1
           0           3           2
           1           3           2
           2           3           2
           3           3           2
           4           3           2
           5           3           2
           6           3           2
           7           3           2
           8           3           2
           9           3           2
          10           3           2
          11           3           2
          12           3           2
          13           3           2
          14           3           2
          15           3           2
          16           3           2
          17           3           2
          18           3           2
          19           3           2
          20           3           2
          21           3           2
          22           3           2
          23           3           2
#   0  Allocated 2 arrays with a total of  3490.68      Mbytes 
# StartResidual    0.00000000000    
  4  Maxtime , Mintime + JacobiMi , JacobiMa    3.05886218100        3.05879356100        2.85237596400        2.96243488500       Residual    34036666.6397      MLUPs    1694.74781577    
  4  Maxtime , Mintime + JacobiMi , JacobiMa    3.05745611700        3.05744258300        2.85125280800        2.96349071900       Residual    5666666.66664      MLUPs    1695.52719700    
  4  Maxtime , Mintime + JacobiMi , JacobiMa    3.05741514400        3.05740464000        2.85313765300        2.96343213300       Residual    1206790.12309      MLUPs    1695.54991908    
  4  Maxtime , Mintime + JacobiMi , JacobiMa    3.05688121100        3.05687191600        2.85299679600        2.96281107100       Residual    358539.094567      MLUPs    1695.84607388    
  4  Maxtime , Mintime + JacobiMi , JacobiMa    3.05792511600        3.05790774600        2.85484186300        2.96397659000       Residual    146840.706446      MLUPs    1695.26715121    
  4  Maxtime , Mintime + JacobiMi , JacobiMa    3.05730563900        3.05728859800        2.85376380400        2.96345270100       Residual    75656.0494458      MLUPs    1695.61064941    
  4  Maxtime , Mintime + JacobiMi , JacobiMa    3.05707852200        3.05707545400        2.85477759900        2.96306976900       Residual    45032.9968392      MLUPs    1695.73662001    
  4  Maxtime , Mintime + JacobiMi , JacobiMa    3.05776481800        3.05776014600        2.85433596300        2.96382470700       Residual    29405.0218055      MLUPs    1695.35602264    
  4  Maxtime , Mintime + JacobiMi , JacobiMa    3.05803667400        3.05803158900        2.85628679100        2.96390846900       Residual    20463.0793599      MLUPs    1695.20530740    
  4  Maxtime , Mintime + JacobiMi , JacobiMa    3.05710941200        3.05709939400        2.85543774700        2.96324137000       Residual    14920.8712986      MLUPs    1695.71948575    
