# Threadlevel provided:        3 out of        0        1        2        3
  spat_dim , proc_dim, PBC ? 
           1 -Dim Input          600           1 T
           2 -Dim Input         9600          16 T
           3 -Dim Input         1800           3 T
#   0 Process grid   1  16   3
           8           3           2
           9           3           2
          10           3           2
          11           3           2
          12           3           2
          13           3           2
          14           3           2
          15           3           2
          16           3           2
          17           3           2
          18           3           2
          19           3           2
          20           3           2
          21           3           2
          22           3           2
          23           3           2
          26           3           2
          27           3           2
          28           3           2
          29           3           2
          30           3           2
          32           3           2
          34           3           2
          35           3           2
          36           3           2
          38           3           2
          39           3           2
          40           3           2
          41           3           2
          42           3           2
          43           3           2
          44           3           2
          45           3           2
          47           3           2
           0           3           2
#   0  Allocated 2 arrays with a total of  3490.68      Mbytes 
           1           3           2
           2           3           2
           3           3           2
           4           3           2
           5           3           2
           6           3           2
           7           3           2
          25           3           2
          33           3           2
          24           3           2
          46           3           2
          31           3           2
          37           3           2
# StartResidual    0.00000000000    
  4  Maxtime , Mintime + JacobiMi , JacobiMa    4.10559949100        4.10512751000        3.81632121600        3.99257135500       Residual    67066666.6135      MLUPs    2525.33156795    
  4  Maxtime , Mintime + JacobiMi , JacobiMa    4.10417900000        4.10416393500        3.81749541900        3.99411587400       Residual    11166666.6666      MLUPs    2526.20560653    
  4  Maxtime , Mintime + JacobiMi , JacobiMa    4.10316440600        4.10315266600        3.81557383400        3.99306609700       Residual    2378086.41904      MLUPs    2526.83026418    
  4  Maxtime , Mintime + JacobiMi , JacobiMa    4.10568877000        4.10567541100        3.81610821200        3.99570600200       Residual    706532.921676      MLUPs    2525.27665413    
  4  Maxtime , Mintime + JacobiMi , JacobiMa    4.10542142100        4.10540797600        3.81833245700        3.99522730700       Residual    289362.568585      MLUPs    2525.44110258    
  4  Maxtime , Mintime + JacobiMi , JacobiMa    4.10601899100        4.10600696100        3.81731026500        3.99622647000       Residual    149086.920963      MLUPs    2525.07356218    
  4  Maxtime , Mintime + JacobiMi , JacobiMa    4.10565753100        4.10562452900        3.81683208600        3.99553087500       Residual    88741.4937718      MLUPs    2525.29586838    
  4  Maxtime , Mintime + JacobiMi , JacobiMa    4.10731935300        4.10730441600        3.81748779400        3.99747056800       Residual    57945.1900278      MLUPs    2524.27413330    
  4  Maxtime , Mintime + JacobiMi , JacobiMa    4.10521467100        4.10519157500        3.81955149600        3.99512095800       Residual    40324.3034450      MLUPs    2525.56829080    
  4  Maxtime , Mintime + JacobiMi , JacobiMa    4.10610426700        4.10608304200        3.81847123400        3.99643897200       Residual    29402.8934406      MLUPs    2525.02112119    
