# Threadlevel provided:        3 out of        0        1        2        3
  spat_dim , proc_dim, PBC ? 
           1 -Dim Input         1800           3 T
           2 -Dim Input         1200           2 T
           3 -Dim Input         1200           2 T
#   0 Process grid   3   2   2
           0           3           2
           4           3           2
           5           3           2
           6           3           2
           7           3           2
           8           3           2
           9           3           2
          10           3           2
          11           3           2
#   0  Allocated 2 arrays with a total of  3490.68      Mbytes 
           1           3           2
           2           3           2
           3           3           2
# StartResidual    0.00000000000    
  4  Maxtime , Mintime + JacobiMi , JacobiMa    1.96234488500        1.96113238900        1.89086667000        1.90357206400       Residual    16023333.3207      MLUPs    1320.86873200    
  4  Maxtime , Mintime + JacobiMi , JacobiMa    1.95879545400        1.95879206900        1.89064073400        1.90327986400       Residual    2666666.66665      MLUPs    1323.26220929    
  4  Maxtime , Mintime + JacobiMi , JacobiMa    1.96141446500        1.96141061700        1.89339178300        1.90573136400       Residual    567901.234394      MLUPs    1321.49530161    
  4  Maxtime , Mintime + JacobiMi , JacobiMa    1.96133653200        1.96133266700        1.89284321600        1.90576464900       Residual    168724.279797      MLUPs    1321.54781075    
  4  Maxtime , Mintime + JacobiMi , JacobiMa    1.96152845700        1.96151635600        1.89341954700        1.90590088800       Residual    69101.5089160      MLUPs    1321.41850441    
  4  Maxtime , Mintime + JacobiMi , JacobiMa    1.96127487400        1.96125689800        1.89333474300        1.90573807700       Residual    35602.8467980      MLUPs    1321.58935719    
  4  Maxtime , Mintime + JacobiMi , JacobiMa    1.96159254000        1.96159093200        1.89362784400        1.90602489300       Residual    21191.9985126      MLUPs    1321.37533517    
  4  Maxtime , Mintime + JacobiMi , JacobiMa    1.96200373400        1.96199236900        1.89394779200        1.90635414400       Residual    13837.6573202      MLUPs    1321.09840317    
  4  Maxtime , Mintime + JacobiMi , JacobiMa    1.96204227300        1.96203354900        1.89403490100        1.90651184800       Residual    9629.68440473      MLUPs    1321.07245377    
  4  Maxtime , Mintime + JacobiMi , JacobiMa    1.96187362800        1.96186976700        1.89347885400        1.90628157200       Residual    7021.58649346      MLUPs    1321.18601474    
