# Threadlevel provided:        3 out of        0        1        2        3
  spat_dim , proc_dim, PBC ? 
           1 -Dim Input          600           1 T
           2 -Dim Input        28800          48 T
           3 -Dim Input          600           1 T
#   0 Process grid   1  48   1
           9           3           2
          10           3           2
          11           3           2
          12           3           2
          13           3           2
          16           3           2
          17           3           2
          18           3           2
          19           3           2
          20           3           2
          21           3           2
          22           3           2
          24           3           2
          25           3           2
          26           3           2
          28           3           2
          29           3           2
          32           3           2
          33           3           2
          34           3           2
          35           3           2
          36           3           2
          37           3           2
          38           3           2
          40           3           2
          41           3           2
          42           3           2
          43           3           2
          45           3           2
           0           3           2
#   0  Allocated 2 arrays with a total of  3490.68      Mbytes 
           1           3           2
           2           3           2
           3           3           2
           4           3           2
           5           3           2
           6           3           2
           8           3           2
          44           3           2
          30           3           2
          46           3           2
          47           3           2
           7           3           2
          14           3           2
          15           3           2
          23           3           2
          27           3           2
          31           3           2
          39           3           2
# StartResidual    0.00000000000    
  4  Maxtime , Mintime + JacobiMi , JacobiMa    4.07689457500        4.07679476300        3.81280511300        3.95782894200       Residual    97166666.5905      MLUPs    2543.11211862    
  4  Maxtime , Mintime + JacobiMi , JacobiMa    4.08001374100        4.07999602800        3.81215483200        3.96631173400       Residual    16166666.6666      MLUPs    2541.16791221    
  4  Maxtime , Mintime + JacobiMi , JacobiMa    4.07849876600        4.07847108900        3.81205603900        3.96418047100       Residual    3442901.23332      MLUPs    2542.11183939    
  4  Maxtime , Mintime + JacobiMi , JacobiMa    4.08089414600        4.08087422700        3.81341962700        3.96672119800       Residual    1022890.94628      MLUPs    2540.61968507    
  4  Maxtime , Mintime + JacobiMi , JacobiMa    4.08135980100        4.08133468700        3.81311478800        3.96716148300       Residual    418927.897807      MLUPs    2540.32981789    
  4  Maxtime , Mintime + JacobiMi , JacobiMa    4.08311381200        4.08272772000        3.81317873600        3.96926073800       Residual    215842.258725      MLUPs    2539.23855111    
  4  Maxtime , Mintime + JacobiMi , JacobiMa    4.08330597200        4.08328709600        3.81257511100        3.96930809200       Residual    128476.490986      MLUPs    2539.11905478    
  4  Maxtime , Mintime + JacobiMi , JacobiMa    4.08304807600        4.08302585200        3.81275453800        3.96886839100       Residual    83890.7975032      MLUPs    2539.27943218    
  4  Maxtime , Mintime + JacobiMi , JacobiMa    4.08326815700        4.08324269800        3.81401593900        3.96919576800       Residual    58379.9616994      MLUPs    2539.14256947    
  4  Maxtime , Mintime + JacobiMi , JacobiMa    4.08464841200        4.08463172800        3.81498289800        3.97064187800       Residual    42568.3681189      MLUPs    2538.28456068    
