# Threadlevel provided:        3 out of        0        1        2        3
  spat_dim , proc_dim, PBC ? 
           1 -Dim Input          600           1 T
           2 -Dim Input        28800          48 T
           3 -Dim Input          600           1 T
#   0 Process grid   1  48   1
           3           3           2
           4           3           2
           5           3           2
           6           3           2
           7           3           2
           9           3           2
          10           3           2
          11           3           2
          12           3           2
          13           3           2
          14           3           2
          15           3           2
          16           3           2
          17           3           2
          18           3           2
          19           3           2
          20           3           2
          21           3           2
          22           3           2
          23           3           2
          24           3           2
          25           3           2
          26           3           2
          27           3           2
          28           3           2
          29           3           2
          30           3           2
          31           3           2
          32           3           2
          33           3           2
          34           3           2
          35           3           2
          36           3           2
          37           3           2
          38           3           2
          39           3           2
          40           3           2
          41           3           2
          42           3           2
          44           3           2
          45           3           2
          46           3           2
          47           3           2
           0           3           2
#   0  Allocated 2 arrays with a total of  3490.68      Mbytes 
           1           3           2
           2           3           2
           8           3           2
          43           3           2
# StartResidual    0.00000000000    
  4  Maxtime , Mintime + JacobiMi , JacobiMa    4.07220200500        4.07176029200        3.81492658100        3.94739651800       Residual    97166666.5905      MLUPs    2546.04265389    
  4  Maxtime , Mintime + JacobiMi , JacobiMa    4.06997625900        4.06996705000        3.81452260300        3.94717363200       Residual    16166666.6666      MLUPs    2547.43500704    
  4  Maxtime , Mintime + JacobiMi , JacobiMa    4.07097068900        4.07094031700        3.81379069400        3.94852606100       Residual    3442901.23332      MLUPs    2546.81273634    
  4  Maxtime , Mintime + JacobiMi , JacobiMa    4.07016402400        4.07014638000        3.81596174000        3.94784627200       Residual    1022890.94628      MLUPs    2547.31748865    
  4  Maxtime , Mintime + JacobiMi , JacobiMa    4.07170090300        4.07167548100        3.81502563200        3.94906659100       Residual    418927.897807      MLUPs    2546.35599397    
  4  Maxtime , Mintime + JacobiMi , JacobiMa    4.07202967600        4.07200093500        3.81590782300        3.94941950700       Residual    215842.258725      MLUPs    2546.15040286    
  4  Maxtime , Mintime + JacobiMi , JacobiMa    4.07621632100        4.07620563500        3.81520828200        3.95667475600       Residual    128476.490986      MLUPs    2543.53527476    
  4  Maxtime , Mintime + JacobiMi , JacobiMa    4.07437145100        4.07435985100        3.81702713800        3.95194818400       Residual    83890.7975032      MLUPs    2544.68698416    
  4  Maxtime , Mintime + JacobiMi , JacobiMa    4.07316589900        4.07314740400        3.81765758700        3.95086388400       Residual    58379.9616994      MLUPs    2545.44014584    
  4  Maxtime , Mintime + JacobiMi , JacobiMa    4.07382806700        4.07380285700        3.81913400400        3.95136041800       Residual    42568.3681189      MLUPs    2545.02640501    
