# Threadlevel provided:        3 out of        0        1        2        3
  spat_dim , proc_dim, PBC ? 
           1 -Dim Input         3600           6 T
           2 -Dim Input         2400           4 T
           3 -Dim Input         1200           2 T
#   0 Process grid   6   4   2
           8           3           2
          10           3           2
          12           3           2
          14           3           2
          16           3           2
          18           3           2
          20           3           2
          22           3           2
          24           3           2
          26           3           2
          28           3           2
          30           3           2
          32           3           2
          34           3           2
          36           3           2
          38           3           2
          40           3           2
          42           3           2
          44           3           2
          46           3           2
           0           3           2
           2           3           2
           4           3           2
           6           3           2
#   0  Allocated 2 arrays with a total of  3490.68      Mbytes 
           1           3           2
           3           3           2
           5           3           2
           7           3           2
           9           3           2
          11           3           2
          13           3           2
          15           3           2
          19           3           2
          21           3           2
          23           3           2
          25           3           2
          27           3           2
          29           3           2
          31           3           2
          33           3           2
          35           3           2
          37           3           2
          39           3           2
          41           3           2
          43           3           2
          45           3           2
          47           3           2
          17           3           2
# StartResidual    0.00000000000    
  4  Maxtime , Mintime + JacobiMi , JacobiMa    1.99268849800        1.99144994500        1.88461444000        1.93145616800       Residual    44039999.9650      MLUPs    5203.02094904    
  4  Maxtime , Mintime + JacobiMi , JacobiMa    1.98832142700        1.98830849600        1.88595618600        1.93041333800       Residual    7333333.33329      MLUPs    5214.44865966    
  4  Maxtime , Mintime + JacobiMi , JacobiMa    1.98721842800        1.98720848700        1.88711142500        1.92972131900       Residual    1561728.39458      MLUPs    5217.34292210    
  4  Maxtime , Mintime + JacobiMi , JacobiMa    1.98654997900        1.98654589900        1.88833233100        1.92916119900       Residual    463991.769434      MLUPs    5219.09849216    
  4  Maxtime , Mintime + JacobiMi , JacobiMa    1.98812781300        1.98811608700        1.88821071400        1.92953904600       Residual    190029.149518      MLUPs    5214.95646920    
  4  Maxtime , Mintime + JacobiMi , JacobiMa    1.98779121400        1.98777932200        1.88736763000        1.92976940200       Residual    97907.8286944      MLUPs    5215.83953434    
  4  Maxtime , Mintime + JacobiMi , JacobiMa    1.98826575000        1.98825153300        1.88752535900        1.92990982900       Residual    58277.9959096      MLUPs    5214.59467880    
  4  Maxtime , Mintime + JacobiMi , JacobiMa    1.98804167700        1.98803346900        1.88862196600        1.93030703300       Residual    38053.5576307      MLUPs    5215.18241793    
  4  Maxtime , Mintime + JacobiMi , JacobiMa    1.98828235200        1.98826077500        1.88863327000        1.93044081600       Residual    26481.6321129      MLUPs    5214.55113735    
  4  Maxtime , Mintime + JacobiMi , JacobiMa    1.98938329800        1.98937552500        1.88957842400        1.93155340200       Residual    19309.3628569      MLUPs    5211.66534897    
