# Threadlevel provided:        3 out of        0        1        2        3
  spat_dim , proc_dim, PBC ? 
           1 -Dim Input         3600           6 T
           2 -Dim Input         2400           4 T
           3 -Dim Input         1200           2 T
#   0 Process grid   6   4   2
          24           3           2
          26           3           2
          28           3           2
          30           3           2
          32           3           2
          34           3           2
          36           3           2
          38           3           2
          40           3           2
          42           3           2
          44           3           2
          46           3           2
           0           3           2
#   0  Allocated 2 arrays with a total of  3490.68      Mbytes 
           2           3           2
           4           3           2
           6           3           2
           8           3           2
          10           3           2
          12           3           2
          14           3           2
          16           3           2
          18           3           2
          20           3           2
          22           3           2
           1           3           2
           9           3           2
          11           3           2
          13           3           2
          15           3           2
          17           3           2
          19           3           2
          21           3           2
          23           3           2
          25           3           2
          27           3           2
          29           3           2
          31           3           2
          33           3           2
          35           3           2
          37           3           2
          39           3           2
          41           3           2
          43           3           2
          45           3           2
          47           3           2
           3           3           2
           7           3           2
           5           3           2
# StartResidual    0.00000000000    
  4  Maxtime , Mintime + JacobiMi , JacobiMa    1.99096364200        1.98972787300        1.88554069500        1.92572053000       Residual    44039999.9650      MLUPs    5207.52854612    
  4  Maxtime , Mintime + JacobiMi , JacobiMa    1.98253638400        1.98252696100        1.88845148100        1.92440778800       Residual    7333333.33329      MLUPs    5229.66442567    
  4  Maxtime , Mintime + JacobiMi , JacobiMa    1.98285205300        1.98284310700        1.88908867300        1.92437285500       Residual    1561728.39458      MLUPs    5228.83186585    
  4  Maxtime , Mintime + JacobiMi , JacobiMa    1.98180547400        1.98178953900        1.88884629300        1.92364044500       Residual    463991.769434      MLUPs    5231.59317906    
  4  Maxtime , Mintime + JacobiMi , JacobiMa    1.98188658000        1.98187480900        1.88923307100        1.92402250900       Residual    190029.149518      MLUPs    5231.37908326    
  4  Maxtime , Mintime + JacobiMi , JacobiMa    1.98243303900        1.98242357900        1.88875739100        1.92415461500       Residual    97907.8286944      MLUPs    5229.93705010    
  4  Maxtime , Mintime + JacobiMi , JacobiMa    1.98252772000        1.98250839700        1.88932830600        1.92412951400       Residual    58277.9959096      MLUPs    5229.68728024    
  4  Maxtime , Mintime + JacobiMi , JacobiMa    1.98270784300        1.98269888000        1.88909577600        1.92486104100       Residual    38053.5576307      MLUPs    5229.21217899    
  4  Maxtime , Mintime + JacobiMi , JacobiMa    1.98260288400        1.98259776600        1.88957752300        1.92479731500       Residual    26481.6321129      MLUPs    5229.48901349    
  4  Maxtime , Mintime + JacobiMi , JacobiMa    1.98318682600        1.98317886600        1.88987375400        1.92504736100       Residual    19309.3628569      MLUPs    5227.94920986    
