# Threadlevel provided:        3 out of        0        1        2        3
  spat_dim , proc_dim, PBC ? 
           1 -Dim Input         3600           6 T
           2 -Dim Input          600           1 T
           3 -Dim Input         1200           2 T
#   0 Process grid   6   1   2
           0           3           2
           3           3           2
           4           3           2
           5           3           2
           6           3           2
           7           3           2
           8           3           2
           9           3           2
          10           3           2
          11           3           2
#   0  Allocated 2 arrays with a total of  3490.68      Mbytes 
           1           3           2
           2           3           2
# StartResidual    0.00000000000    
  4  Maxtime , Mintime + JacobiMi , JacobiMa    3.06474994700        3.06468912400        2.95433609700        2.97001874100       Residual    20029999.9842      MLUPs    845.745997169    
  4  Maxtime , Mintime + JacobiMi , JacobiMa    3.06168350700        3.06167587900        2.95327044200        2.96936258300       Residual    3333333.33331      MLUPs    846.593057079    
  4  Maxtime , Mintime + JacobiMi , JacobiMa    3.06299815400        3.06299506100        2.95401877300        2.97085432600       Residual    709876.542986      MLUPs    846.229697075    
  4  Maxtime , Mintime + JacobiMi , JacobiMa    3.06240345200        3.06239267700        2.95378410300        2.97008538500       Residual    210905.349744      MLUPs    846.394030253    
  4  Maxtime , Mintime + JacobiMi , JacobiMa    3.06243016900        3.06242175900        2.95411464000        2.97003546600       Residual    86376.8861454      MLUPs    846.386646213    
  4  Maxtime , Mintime + JacobiMi , JacobiMa    3.06224188700        3.06223341000        2.95467655400        2.96983750100       Residual    44503.5584980      MLUPs    846.438686311    
  4  Maxtime , Mintime + JacobiMi , JacobiMa    3.06332001200        3.06330849700        2.95543278200        2.97100693700       Residual    26489.9981408      MLUPs    846.140785111    
  4  Maxtime , Mintime + JacobiMi , JacobiMa    3.06385011500        3.06384869500        2.95465920000        2.97165378600       Residual    17297.0716503      MLUPs    845.994387033    
  4  Maxtime , Mintime + JacobiMi , JacobiMa    3.06383654700        3.06382790700        2.95489369100        2.97168738500       Residual    12037.1055057      MLUPs    845.998133464    
  4  Maxtime , Mintime + JacobiMi , JacobiMa    3.06334059300        3.06333782300        2.95448433400        2.97107340700       Residual    8776.98311703      MLUPs    846.135100329    
