# Threadlevel provided:        3 out of        0        1        2        3
  spat_dim , proc_dim, PBC ? 
           1 -Dim Input         3600           6 T
           2 -Dim Input          600           1 T
           3 -Dim Input         1200           2 T
#   0 Process grid   6   1   2
           6           3           2
           7           3           2
           8           3           2
           9           3           2
          10           3           2
          11           3           2
           0           3           2
#   0  Allocated 2 arrays with a total of  3490.68      Mbytes 
           1           3           2
           2           3           2
           3           3           2
           4           3           2
           5           3           2
# StartResidual    0.00000000000    
  4  Maxtime , Mintime + JacobiMi , JacobiMa    3.06190286500        3.06172943700        2.95640566900        2.96659970600       Residual    20029999.9842      MLUPs    846.532406246    
  4  Maxtime , Mintime + JacobiMi , JacobiMa    3.05959372800        3.05958582000        2.95653936000        2.96708542500       Residual    3333333.33331      MLUPs    847.171301300    
  4  Maxtime , Mintime + JacobiMi , JacobiMa    3.06037682600        3.06037273600        2.95725390800        2.96771233500       Residual    709876.542986      MLUPs    846.954524678    
  4  Maxtime , Mintime + JacobiMi , JacobiMa    3.05988836600        3.05988551800        2.95691736100        2.96728221500       Residual    210905.349744      MLUPs    847.089726802    
  4  Maxtime , Mintime + JacobiMi , JacobiMa    3.05986367300        3.05984573700        2.95673392900        2.96717555400       Residual    86376.8861454      MLUPs    847.096562789    
  4  Maxtime , Mintime + JacobiMi , JacobiMa    3.05938698200        3.05937890000        2.95647286000        2.96675572300       Residual    44503.5584980      MLUPs    847.228551095    
  4  Maxtime , Mintime + JacobiMi , JacobiMa    3.05887784700        3.05886665500        2.95532150500        2.96643465000       Residual    26489.9981408      MLUPs    847.369568073    
  4  Maxtime , Mintime + JacobiMi , JacobiMa    3.05829293700        3.05828217100        2.95561692000        2.96546309000       Residual    17297.0716503      MLUPs    847.531630682    
  4  Maxtime , Mintime + JacobiMi , JacobiMa    3.05856115400        3.05854884200        2.95643783000        2.96568055400       Residual    12037.1055057      MLUPs    847.457307372    
  4  Maxtime , Mintime + JacobiMi , JacobiMa    3.05769700800        3.05769480500        2.95602863800        2.96469078200       Residual    8776.98311703      MLUPs    847.696810122    
