# Threadlevel provided:        3 out of        0        1        2        3
  spat_dim , proc_dim, PBC ? 
           1 -Dim Input         4800           8 T
           2 -Dim Input         3600           6 T
           3 -Dim Input          600           1 T
#   0 Process grid   8   6   1
           8           3           2
          10           3           2
          12           3           2
          14           3           2
          16           3           2
          18           3           2
          20           3           2
          22           3           2
          24           3           2
          26           3           2
          28           3           2
          30           3           2
          32           3           2
          34           3           2
          36           3           2
          38           3           2
          40           3           2
          42           3           2
          44           3           2
          46           3           2
           0           3           2
#   0  Allocated 2 arrays with a total of  3490.68      Mbytes 
           2           3           2
           4           3           2
           6           3           2
           1           3           2
           3           3           2
           5           3           2
           9           3           2
          11           3           2
          13           3           2
          15           3           2
          17           3           2
          19           3           2
          21           3           2
          23           3           2
          25           3           2
          31           3           2
          33           3           2
          35           3           2
          37           3           2
          39           3           2
          41           3           2
          43           3           2
          45           3           2
          47           3           2
           7           3           2
          27           3           2
          29           3           2
# StartResidual    0.00000000000    
  4  Maxtime , Mintime + JacobiMi , JacobiMa    1.99788099000        1.99672728300        1.88224191800        1.92543976200       Residual    62049999.9507      MLUPs    5189.49829940    
  4  Maxtime , Mintime + JacobiMi , JacobiMa    1.98165832500        1.98164616700        1.88612990100        1.92670566000       Residual    10333333.3333      MLUPs    5231.98165355    
  4  Maxtime , Mintime + JacobiMi , JacobiMa    1.98528285300        1.98527746000        1.88518516100        1.93231490000       Residual    2200617.28328      MLUPs    5222.42963230    
  4  Maxtime , Mintime + JacobiMi , JacobiMa    1.97974469500        1.97973833900        1.88603662900        1.92646616500       Residual    653806.584203      MLUPs    5237.03891021    
  4  Maxtime , Mintime + JacobiMi , JacobiMa    1.97983076100        1.97982718000        1.88626190700        1.92668314000       Residual    267768.347048      MLUPs    5236.81124884    
  4  Maxtime , Mintime + JacobiMi , JacobiMa    1.98495985100        1.98495398200        1.88591916700        1.93189533000       Residual    137961.031342      MLUPs    5223.27945060    
  4  Maxtime , Mintime + JacobiMi , JacobiMa    1.98054981100        1.98054414700        1.88656119400        1.92721385300       Residual    82118.9942360      MLUPs    5234.90999439    
  4  Maxtime , Mintime + JacobiMi , JacobiMa    1.98035086200        1.98034601200        1.88562083800        1.92717690800       Residual    53620.9221160      MLUPs    5235.43590126    
  4  Maxtime , Mintime + JacobiMi , JacobiMa    1.98371926500        1.98370671800        1.88688088000        1.93052098700       Residual    37315.0270683      MLUPs    5226.54600524    
  4  Maxtime , Mintime + JacobiMi , JacobiMa    1.98142271400        1.98141217900        1.88547841200        1.92813485500       Residual    27208.6476621      MLUPs    5232.60378855    
