# Threadlevel provided:        3 out of        0        1        2        3
  spat_dim , proc_dim, PBC ? 
           1 -Dim Input         4800           8 T
           2 -Dim Input         3600           6 T
           3 -Dim Input          600           1 T
#   0 Process grid   8   6   1
          22           3           2
          24           3           2
          26           3           2
          28           3           2
          30           3           2
          32           3           2
          34           3           2
          36           3           2
          38           3           2
          40           3           2
          42           3           2
          44           3           2
          46           3           2
           0           3           2
#   0  Allocated 2 arrays with a total of  3490.68      Mbytes 
           2           3           2
           4           3           2
           6           3           2
           8           3           2
          10           3           2
          12           3           2
          14           3           2
          16           3           2
          18           3           2
          20           3           2
           1           3           2
           3           3           2
           5           3           2
           7           3           2
           9           3           2
          11           3           2
          13           3           2
          15           3           2
          17           3           2
          19           3           2
          21           3           2
          23           3           2
          25           3           2
          27           3           2
          29           3           2
          31           3           2
          33           3           2
          35           3           2
          37           3           2
          39           3           2
          41           3           2
          43           3           2
          45           3           2
          47           3           2
# StartResidual    0.00000000000    
  4  Maxtime , Mintime + JacobiMi , JacobiMa    2.00081982300        2.00076800700        1.88257665700        1.92483199300       Residual    62049999.9507      MLUPs    5181.87588948    
  4  Maxtime , Mintime + JacobiMi , JacobiMa    1.98049845800        1.98049082700        1.88376116600        1.92770690000       Residual    10333333.3333      MLUPs    5235.04573211    
  4  Maxtime , Mintime + JacobiMi , JacobiMa    1.98021110800        1.98020709800        1.88426132900        1.92788682700       Residual    2200617.28328      MLUPs    5235.80539373    
  4  Maxtime , Mintime + JacobiMi , JacobiMa    1.98058650300        1.98057885900        1.88441134600        1.92794766900       Residual    653806.584203      MLUPs    5234.81301337    
  4  Maxtime , Mintime + JacobiMi , JacobiMa    1.98079474000        1.98078883700        1.88323887500        1.92766514900       Residual    267768.347048      MLUPs    5234.26268791    
  4  Maxtime , Mintime + JacobiMi , JacobiMa    1.98061426900        1.98060870400        1.88444010300        1.92807130200       Residual    137961.031342      MLUPs    5234.73962713    
  4  Maxtime , Mintime + JacobiMi , JacobiMa    1.98077140600        1.98076315700        1.88402269700        1.92776959700       Residual    82118.9942360      MLUPs    5234.32434888    
  4  Maxtime , Mintime + JacobiMi , JacobiMa    1.97984986000        1.97982402200        1.88594490900        1.92701834800       Residual    53620.9221160      MLUPs    5236.76073094    
  4  Maxtime , Mintime + JacobiMi , JacobiMa    1.98051631500        1.98049290200        1.88676383500        1.92722812100       Residual    37315.0270683      MLUPs    5234.99853118    
  4  Maxtime , Mintime + JacobiMi , JacobiMa    1.97962117900        1.97943015700        1.88677179100        1.92673457600       Residual    27208.6476621      MLUPs    5237.36566874    
