# Threadlevel provided:        3 out of        0        1        2        3
  spat_dim , proc_dim, PBC ? 
           1 -Dim Input          600           1 T
           2 -Dim Input         1200           2 T
           3 -Dim Input        14400          24 T
#   0 Process grid   1   2  24
           6           3           2
           7           3           2
           8           3           2
          10           3           2
          11           3           2
          12           3           2
          14           3           2
          15           3           2
          16           3           2
          17           3           2
          18           3           2
          19           3           2
          20           3           2
          22           3           2
          23           3           2
          24           3           2
          28           3           2
          30           3           2
          32           3           2
          33           3           2
          35           3           2
          36           3           2
          38           3           2
          40           3           2
          41           3           2
          43           3           2
          44           3           2
          46           3           2
          47           3           2
           0           3           2
#   0  Allocated 2 arrays with a total of  3490.68      Mbytes 
           1           3           2
           2           3           2
           3           3           2
           4           3           2
           5           3           2
           9           3           2
          13           3           2
          21           3           2
          25           3           2
          29           3           2
          31           3           2
          37           3           2
          39           3           2
          42           3           2
          45           3           2
          34           3           2
          27           3           2
          26           3           2
# StartResidual    0.00000000000    
  4  Maxtime , Mintime + JacobiMi , JacobiMa    4.09980473700        4.09965447000        3.82031126800        3.98453155600       Residual    74089999.9415      MLUPs    2528.90092702    
  4  Maxtime , Mintime + JacobiMi , JacobiMa    4.09812433500        4.09811619900        3.81943455000        3.98491014500       Residual    12333333.3333      MLUPs    2529.93788194    
  4  Maxtime , Mintime + JacobiMi , JacobiMa    4.09827819200        4.09825206000        3.81978190500        3.98505435100       Residual    2626543.20908      MLUPs    2529.84290335    
  4  Maxtime , Mintime + JacobiMi , JacobiMa    4.10063605000        4.10060726100        3.81974693400        3.98786898700       Residual    780349.794086      MLUPs    2528.38824845    
  4  Maxtime , Mintime + JacobiMi , JacobiMa    4.09809192200        4.09807490200        3.82077332800        3.98526600600       Residual    319594.478736      MLUPs    2529.95789195    
  4  Maxtime , Mintime + JacobiMi , JacobiMa    4.09890446900        4.09888340000        3.82055710200        3.98576999900       Residual    164663.166438      MLUPs    2529.45636533    
  4  Maxtime , Mintime + JacobiMi , JacobiMa    4.09765289700        4.09763260800        3.82075544800        3.98434482400       Residual    98012.9931215      MLUPs    2530.22895316    
  4  Maxtime , Mintime + JacobiMi , JacobiMa    4.09900315300        4.09899032700        3.82088481400        3.98568940500       Residual    63999.1651054      MLUPs    2529.39546836    
  4  Maxtime , Mintime + JacobiMi , JacobiMa    4.09884616300        4.09882759500        3.82114599300        3.98548328100       Residual    44537.2903724      MLUPs    2529.49234680    
  4  Maxtime , Mintime + JacobiMi , JacobiMa    4.10256697700        4.10255879900        3.82250775900        3.98962659300       Residual    32474.8375318      MLUPs    2527.19822933    
