# Threadlevel provided:        3 out of        0        1        2        3
  spat_dim , proc_dim, PBC ? 
           1 -Dim Input         1800           3 T
           2 -Dim Input         2400           4 T
           3 -Dim Input          600           1 T
#   0 Process grid   3   4   1
           0           3           2
           4           3           2
           6           3           2
           8           3           2
          10           3           2
           2           3           2
#   0  Allocated 2 arrays with a total of  3490.68      Mbytes 
           1           3           2
           3           3           2
           5           3           2
           7           3           2
           9           3           2
          11           3           2
# StartResidual    0.00000000000    
  4  Maxtime , Mintime + JacobiMi , JacobiMa    1.95676605600        1.95659089100        1.88162653500        1.89255159400       Residual    19026666.6516      MLUPs    1324.63458882    
  4  Maxtime , Mintime + JacobiMi , JacobiMa    1.95173616600        1.95171498200        1.88170999700        1.89297865200       Residual    3166666.66665      MLUPs    1328.04835262    
  4  Maxtime , Mintime + JacobiMi , JacobiMa    1.95127539500        1.95125974400        1.88170109000        1.89232054900       Residual    674382.715838      MLUPs    1328.36195580    
  4  Maxtime , Mintime + JacobiMi , JacobiMa    1.95161959300        1.95161069000        1.88171485000        1.89290466600       Residual    200360.082259      MLUPs    1328.12767882    
  4  Maxtime , Mintime + JacobiMi , JacobiMa    1.95154820900        1.95153901900        1.88176648600        1.89222276300       Residual    82058.0418382      MLUPs    1328.17625926    
  4  Maxtime , Mintime + JacobiMi , JacobiMa    1.95170927300        1.95169974300        1.88182296800        1.89295745800       Residual    42278.3805730      MLUPs    1328.06665207    
  4  Maxtime , Mintime + JacobiMi , JacobiMa    1.95117514700        1.95116599000        1.88169403100        1.89221996800       Residual    25165.4982338      MLUPs    1328.43020473    
  4  Maxtime , Mintime + JacobiMi , JacobiMa    1.95176827900        1.95175819400        1.88181104900        1.89307486400       Residual    16432.2180677      MLUPs    1328.02650186    
  4  Maxtime , Mintime + JacobiMi , JacobiMa    1.95131688900        1.95130448500        1.88154350600        1.89220678400       Residual    11435.2502304      MLUPs    1328.33370869    
  4  Maxtime , Mintime + JacobiMi , JacobiMa    1.95167076200        1.95165900200        1.88178277400        1.89292521000       Residual    8338.13396110      MLUPs    1328.09285791    
