# Threadlevel provided:        3 out of        0        1        2        3
  spat_dim , proc_dim, PBC ? 
           1 -Dim Input         1800           3 T
           2 -Dim Input         2400           4 T
           3 -Dim Input          600           1 T
#   0 Process grid   3   4   1
           0           3           2
           4           3           2
           6           3           2
           8           3           2
          10           3           2
           2           3           2
#   0  Allocated 2 arrays with a total of  3490.68      Mbytes 
           1           3           2
           3           3           2
           5           3           2
           7           3           2
           9           3           2
          11           3           2
# StartResidual    0.00000000000    
  4  Maxtime , Mintime + JacobiMi , JacobiMa    1.95698450900        1.95691897000        1.88112870100        1.89251593500       Residual    19026666.6516      MLUPs    1324.48672336    
  4  Maxtime , Mintime + JacobiMi , JacobiMa    1.95109099500        1.95108054200        1.88115431800        1.89236952000       Residual    3166666.66665      MLUPs    1328.48750091    
  4  Maxtime , Mintime + JacobiMi , JacobiMa    1.95081472300        1.95079739400        1.88104913000        1.89207273800       Residual    674382.715838      MLUPs    1328.67563969    
  4  Maxtime , Mintime + JacobiMi , JacobiMa    1.95090772200        1.95090035400        1.88116847800        1.89219300000       Residual    200360.082259      MLUPs    1328.61230225    
  4  Maxtime , Mintime + JacobiMi , JacobiMa    1.95075004800        1.95074136000        1.88115689700        1.89208751900       Residual    82058.0418382      MLUPs    1328.71969049    
  4  Maxtime , Mintime + JacobiMi , JacobiMa    1.95111535300        1.95110653000        1.88133872600        1.89237307300       Residual    42278.3805730      MLUPs    1328.47091589    
  4  Maxtime , Mintime + JacobiMi , JacobiMa    1.95081691300        1.95080881500        1.88103226400        1.89210318900       Residual    25165.4982338      MLUPs    1328.67414811    
  4  Maxtime , Mintime + JacobiMi , JacobiMa    1.95104029400        1.95103201100        1.88126204200        1.89224873700       Residual    16432.2180677      MLUPs    1328.52202385    
  4  Maxtime , Mintime + JacobiMi , JacobiMa    1.95073199100        1.95071129500        1.88104565700        1.89212675900       Residual    11435.2502304      MLUPs    1328.73198982    
  4  Maxtime , Mintime + JacobiMi , JacobiMa    1.95092760500        1.95091611600        1.88115171600        1.89230068400       Residual    8338.13396110      MLUPs    1328.59876161    
