# Threadlevel provided:        3 out of        0        1        2        3
  spat_dim , proc_dim, PBC ? 
           1 -Dim Input          600           1 T
           2 -Dim Input         1200           2 T
           3 -Dim Input         2400           4 T
#   0 Process grid   1   2   4
           0           3           2
           2           3           2
           3           3           2
           4           3           2
           5           3           2
           6           3           2
           7           3           2
           1           3           2
#   0  Allocated 2 arrays with a total of  3490.68      Mbytes 
# StartResidual    0.00000000000    
  4  Maxtime , Mintime + JacobiMi , JacobiMa    1.93490320300        1.93370144200        1.88212967600        1.88454633700       Residual    14023333.3223      MLUPs    893.067930903    
  4  Maxtime , Mintime + JacobiMi , JacobiMa    1.93240229100        1.93168011000        1.88209714000        1.88431119100       Residual    2333333.33332      MLUPs    894.223738011    
  4  Maxtime , Mintime + JacobiMi , JacobiMa    1.93137515200        1.93137246200        1.88211872200        1.88405567800       Residual    496913.580084      MLUPs    894.699301796    
  4  Maxtime , Mintime + JacobiMi , JacobiMa    1.93161956200        1.93161771500        1.88223288800        1.88429394100       Residual    147633.744826      MLUPs    894.586094485    
  4  Maxtime , Mintime + JacobiMi , JacobiMa    1.93134774200        1.93134500900        1.88208577800        1.88403499300       Residual    60463.8203021      MLUPs    894.711999513    
  4  Maxtime , Mintime + JacobiMi , JacobiMa    1.93155583600        1.93155319400        1.88227386000        1.88424051900       Residual    31152.4909488      MLUPs    894.615608720    
  4  Maxtime , Mintime + JacobiMi , JacobiMa    1.93281998300        1.93281647800        1.88204135700        1.88520795900       Residual    18542.9986988      MLUPs    894.030491819    
  4  Maxtime , Mintime + JacobiMi , JacobiMa    1.93162341400        1.93162167200        1.88236451400        1.88433917900       Residual    12107.9501550      MLUPs    894.584310521    
  4  Maxtime , Mintime + JacobiMi , JacobiMa    1.93124171200        1.93123916800        1.88195718100        1.88394131300       Residual    8425.97385390      MLUPs    894.761121440    
  4  Maxtime , Mintime + JacobiMi , JacobiMa    1.93148616800        1.93148329500        1.88223859100        1.88420198300       Residual    6143.88818188      MLUPs    894.647877178    
