# Threadlevel provided:        3 out of        0        1        2        3
  spat_dim , proc_dim, PBC ? 
           1 -Dim Input          600           1 T
           2 -Dim Input         1200           2 T
           3 -Dim Input         2400           4 T
#   0 Process grid   1   2   4
           0           3           2
           2           3           2
           3           3           2
           4           3           2
           5           3           2
           6           3           2
           7           3           2
           1           3           2
#   0  Allocated 2 arrays with a total of  3490.68      Mbytes 
# StartResidual    0.00000000000    
  4  Maxtime , Mintime + JacobiMi , JacobiMa    1.93910829700        1.93794632900        1.88242745700        1.88885484000       Residual    14023333.3223      MLUPs    891.131249695    
  4  Maxtime , Mintime + JacobiMi , JacobiMa    1.93700591300        1.93700286000        1.88267087600        1.88947738500       Residual    2333333.33332      MLUPs    892.098464131    
  4  Maxtime , Mintime + JacobiMi , JacobiMa    1.93664883900        1.93605599600        1.88255183900        1.88908661700       Residual    496913.580084      MLUPs    892.262946798    
  4  Maxtime , Mintime + JacobiMi , JacobiMa    1.93720788500        1.93720570700        1.88259283300        1.88964186500       Residual    147633.744826      MLUPs    892.005454541    
  4  Maxtime , Mintime + JacobiMi , JacobiMa    1.93660301300        1.93660175000        1.88244377600        1.88906674300       Residual    60463.8203021      MLUPs    892.284060492    
  4  Maxtime , Mintime + JacobiMi , JacobiMa    1.93772377800        1.93657175400        1.88245287200        1.88898443700       Residual    31152.4909488      MLUPs    891.767970037    
  4  Maxtime , Mintime + JacobiMi , JacobiMa    1.93654551200        1.93654236800        1.88241270500        1.88896889700       Residual    18542.9986988      MLUPs    892.310554693    
  4  Maxtime , Mintime + JacobiMi , JacobiMa    1.93700569400        1.93700374400        1.88258268200        1.88900999600       Residual    12107.9501550      MLUPs    892.098564993    
  4  Maxtime , Mintime + JacobiMi , JacobiMa    1.93662443600        1.93662127500        1.88246234500        1.88913634400       Residual    8425.97385390      MLUPs    892.274190018    
  4  Maxtime , Mintime + JacobiMi , JacobiMa    1.93680984900        1.93680198000        1.88271005100        1.88928221300       Residual    6143.88818188      MLUPs    892.188771599    
