# Threadlevel provided:        3 out of        0        1        2        3
  spat_dim , proc_dim, PBC ? 
           1 -Dim Input          600           1 T
           2 -Dim Input         1200           2 T
           3 -Dim Input         2400           4 T
#   0 Process grid   1   2   4
           4           3           2
           5           3           2
           6           3           2
           7           3           2
           0           3           2
#   0  Allocated 2 arrays with a total of  3490.68      Mbytes 
           1           3           2
           2           3           2
           3           3           2
# StartResidual    0.00000000000    
  4  Maxtime , Mintime + JacobiMi , JacobiMa    1.93930087800        1.93800851900        1.88226377300        1.88868632500       Residual    14023333.3223      MLUPs    891.042756492    
  4  Maxtime , Mintime + JacobiMi , JacobiMa    1.93646371300        1.93646178300        1.88213150200        1.88871269500       Residual    2333333.33332      MLUPs    892.348247168    
  4  Maxtime , Mintime + JacobiMi , JacobiMa    1.93667667500        1.93666996400        1.88227722200        1.88885146000       Residual    496913.580084      MLUPs    892.250122236    
  4  Maxtime , Mintime + JacobiMi , JacobiMa    1.93690157500        1.93689966000        1.88247542800        1.88908341200       Residual    147633.744826      MLUPs    892.146520145    
  4  Maxtime , Mintime + JacobiMi , JacobiMa    1.93655031800        1.93654640800        1.88216504300        1.88867780700       Residual    60463.8203021      MLUPs    892.308340216    
  4  Maxtime , Mintime + JacobiMi , JacobiMa    1.93675161200        1.93674866800        1.88223099400        1.88892922300       Residual    31152.4909488      MLUPs    892.215599199    
  4  Maxtime , Mintime + JacobiMi , JacobiMa    1.93646877300        1.93646213900        1.88213255300        1.88867104000       Residual    18542.9986988      MLUPs    892.345915459    
  4  Maxtime , Mintime + JacobiMi , JacobiMa    1.93674778400        1.93674118400        1.88241853700        1.88895199600       Residual    12107.9501550      MLUPs    892.217362671    
  4  Maxtime , Mintime + JacobiMi , JacobiMa    1.93646579200        1.93646495500        1.88186813800        1.88862315800       Residual    8425.97385390      MLUPs    892.347289138    
  4  Maxtime , Mintime + JacobiMi , JacobiMa    1.93680864200        1.93680467500        1.88223421400        1.88898399900       Residual    6143.88818188      MLUPs    892.189327602    
