# Threadlevel provided:        3 out of        0        1        2        3
  spat_dim , proc_dim, PBC ? 
           1 -Dim Input          600           1 T
           2 -Dim Input         3600           6 T
           3 -Dim Input         4800           8 T
#   0 Process grid   1   6   8
          10           3           2
          11           3           2
          12           3           2
          13           3           2
          14           3           2
          16           3           2
          17           3           2
          18           3           2
          20           3           2
          21           3           2
          22           3           2
          24           3           2
          25           3           2
          26           3           2
          28           3           2
          29           3           2
          30           3           2
          32           3           2
          34           3           2
          35           3           2
          36           3           2
          37           3           2
          38           3           2
          40           3           2
          41           3           2
          42           3           2
          43           3           2
          44           3           2
          45           3           2
          46           3           2
           0           3           2
#   0  Allocated 2 arrays with a total of  3490.68      Mbytes 
           1           3           2
           2           3           2
           3           3           2
           4           3           2
           5           3           2
           6           3           2
           8           3           2
           9           3           2
          27           3           2
           7           3           2
          15           3           2
          23           3           2
          31           3           2
          33           3           2
          39           3           2
          47           3           2
          19           3           2
# StartResidual    0.00000000000    
  4  Maxtime , Mintime + JacobiMi , JacobiMa    4.08187234700        4.08174451000        3.80493115400        3.96152634700       Residual    62049999.9507      MLUPs    2540.01083783    
  4  Maxtime , Mintime + JacobiMi , JacobiMa    4.07983405600        4.07981263800        3.80524083500        3.96187541000       Residual    10333333.3333      MLUPs    2541.27983092    
  4  Maxtime , Mintime + JacobiMi , JacobiMa    4.08056791400        4.08055323500        3.80451274600        3.96268227100       Residual    2200617.28329      MLUPs    2540.82280175    
  4  Maxtime , Mintime + JacobiMi , JacobiMa    4.08963553500        4.08962632400        3.80629345200        3.97334412600       Residual    653806.584240      MLUPs    2535.18923906    
  4  Maxtime , Mintime + JacobiMi , JacobiMa    4.08008367000        4.07977853000        3.80583746700        3.96232943800       Residual    267768.347049      MLUPs    2541.12435885    
  4  Maxtime , Mintime + JacobiMi , JacobiMa    4.08044144400        4.08042519200        3.80554714500        3.96266847100       Residual    137961.031338      MLUPs    2540.90155251    
  4  Maxtime , Mintime + JacobiMi , JacobiMa    4.07953582000        4.07951265200        3.80515132800        3.96183543500       Residual    82118.9942364      MLUPs    2541.46561213    
  4  Maxtime , Mintime + JacobiMi , JacobiMa    4.08053581000        4.08051834400        3.80562937300        3.96258641100       Residual    53620.9221152      MLUPs    2540.84279192    
  4  Maxtime , Mintime + JacobiMi , JacobiMa    4.07963832600        4.07962937100        3.80633264200        3.96151083400       Residual    37315.0270682      MLUPs    2541.40175464    
  4  Maxtime , Mintime + JacobiMi , JacobiMa    4.08099981500        4.08097993900        3.80699782300        3.96371024500       Residual    27208.6476612      MLUPs    2540.55390101    
