# Threadlevel provided:        3 out of        0        1        2        3
  spat_dim , proc_dim, PBC ? 
           1 -Dim Input         1800           3 T
           2 -Dim Input          600           1 T
           3 -Dim Input         2400           4 T
#   0 Process grid   3   1   4
           0           3           2
           1           3           2
           2           3           2
           3           3           2
           4           3           2
           5           3           2
           6           3           2
           7           3           2
           8           3           2
           9           3           2
          10           3           2
          11           3           2
#   0  Allocated 2 arrays with a total of  3490.68      Mbytes 
# StartResidual    0.00000000000    
  4  Maxtime , Mintime + JacobiMi , JacobiMa    1.94160101400        1.94029581100        1.88238554500        1.88858132000       Residual    19026666.6516      MLUPs    1334.98076140    
  4  Maxtime , Mintime + JacobiMi , JacobiMa    1.93839931400        1.93839079000        1.88251503500        1.88892663300       Residual    3166666.66665      MLUPs    1337.18578070    
  4  Maxtime , Mintime + JacobiMi , JacobiMa    1.93824821200        1.93824022700        1.88253741800        1.88867130900       Residual    674382.715838      MLUPs    1337.29002506    
  4  Maxtime , Mintime + JacobiMi , JacobiMa    1.93832799100        1.93832160400        1.88253774800        1.88884264000       Residual    200360.082259      MLUPs    1337.23498398    
  4  Maxtime , Mintime + JacobiMi , JacobiMa    1.93796962200        1.93796297200        1.88243896100        1.88847485500       Residual    82058.0418382      MLUPs    1337.48226524    
  4  Maxtime , Mintime + JacobiMi , JacobiMa    1.93846225600        1.93845193800        1.88263935900        1.88902571800       Residual    42278.3805730      MLUPs    1337.14236219    
  4  Maxtime , Mintime + JacobiMi , JacobiMa    1.93813311100        1.93811977600        1.88252413700        1.88863539000       Residual    25165.4982338      MLUPs    1337.36944346    
  4  Maxtime , Mintime + JacobiMi , JacobiMa    1.93859756600        1.93859207900        1.88274163100        1.88910761700       Residual    16432.2180677      MLUPs    1337.04903249    
  4  Maxtime , Mintime + JacobiMi , JacobiMa    1.93805704300        1.93805176100        1.88227105400        1.88853755900       Residual    11435.2502304      MLUPs    1337.42193470    
  4  Maxtime , Mintime + JacobiMi , JacobiMa    1.93857781900        1.93857340300        1.88253732300        1.88919201400       Residual    8338.13396110      MLUPs    1337.06265211    
