# Threadlevel provided:        3 out of        0        1        2        3
  spat_dim , proc_dim, PBC ? 
           1 -Dim Input         1200           2 T
           2 -Dim Input         7200          12 T
           3 -Dim Input         1200           2 T
#   0 Process grid   2  12   2
          11           3           2
          12           3           2
          15           3           2
          16           3           2
          17           3           2
          18           3           2
          19           3           2
          20           3           2
          21           3           2
          22           3           2
          23           3           2
          24           3           2
          25           3           2
          26           3           2
          27           3           2
          28           3           2
          29           3           2
          31           3           2
          32           3           2
          33           3           2
          34           3           2
          35           3           2
          36           3           2
          37           3           2
          38           3           2
          39           3           2
          40           3           2
          41           3           2
          42           3           2
          43           3           2
          44           3           2
          45           3           2
          47           3           2
           0           3           2
#   0  Allocated 2 arrays with a total of  3490.68      Mbytes 
           1           3           2
           2           3           2
           3           3           2
           4           3           2
           5           3           2
           6           3           2
           7           3           2
           8           3           2
           9           3           2
          10           3           2
          13           3           2
          14           3           2
          30           3           2
          46           3           2
# StartResidual    0.00000000000    
  4  Maxtime , Mintime + JacobiMi , JacobiMa    4.11494765800        4.11478984500        3.82017971700        4.00218062200       Residual    52053333.2921      MLUPs    2519.59462470    
  4  Maxtime , Mintime + JacobiMi , JacobiMa    4.10974303500        4.10972860800        3.82032722300        3.99674433900       Residual    8666666.66662      MLUPs    2522.78546656    
  4  Maxtime , Mintime + JacobiMi , JacobiMa    4.10328110600        4.10326044800        3.82004463800        3.98853545900       Residual    1845679.01179      MLUPs    2526.75839948    
  4  Maxtime , Mintime + JacobiMi , JacobiMa    4.10656987000        4.10654858500        3.81944959900        3.99268076700       Residual    548353.909347      MLUPs    2524.73483423    
  4  Maxtime , Mintime + JacobiMi , JacobiMa    4.10168425100        4.10128130700        3.81861733300        3.98676818400       Residual    224579.903975      MLUPs    2527.74210923    
  4  Maxtime , Mintime + JacobiMi , JacobiMa    4.10658182700        4.10657041900        3.81947935500        3.99158417000       Residual    115709.252092      MLUPs    2524.72748304    
  4  Maxtime , Mintime + JacobiMi , JacobiMa    4.10098729900        4.10095695100        3.82001550900        3.98545692500       Residual    68873.9951658      MLUPs    2528.17169235    
  4  Maxtime , Mintime + JacobiMi , JacobiMa    4.10540546100        4.10537775700        3.81999730200        3.99145610100       Residual    44972.3862906      MLUPs    2525.45092038    
  4  Maxtime , Mintime + JacobiMi , JacobiMa    4.11083452000        4.11082528600        3.81985879600        3.99911283900       Residual    31296.4743154      MLUPs    2522.11563116    
  4  Maxtime , Mintime + JacobiMi , JacobiMa    4.10185364800        4.10182292500        3.82012328500        3.98676662600       Residual    22820.1561033      MLUPs    2527.63771937    
