# Threadlevel provided:        3 out of        0        1        2        3
  spat_dim , proc_dim, PBC ? 
           1 -Dim Input         1800           3 T
           2 -Dim Input          600           1 T
           3 -Dim Input         9600          16 T
#   0 Process grid   3   1  16
           4           3           2
           6           3           2
           8           3           2
          10           3           2
          12           3           2
          14           3           2
          20           3           2
          22           3           2
          24           3           2
          26           3           2
          28           3           2
          30           3           2
          32           3           2
          34           3           2
          36           3           2
          38           3           2
          40           3           2
          42           3           2
          44           3           2
          46           3           2
           0           3           2
           2           3           2
          16           3           2
#   0  Allocated 2 arrays with a total of  3490.68      Mbytes 
          18           3           2
           1           3           2
           3           3           2
           5           3           2
           7           3           2
           9           3           2
          11           3           2
          13           3           2
          15           3           2
          17           3           2
          19           3           2
          21           3           2
          23           3           2
          25           3           2
          27           3           2
          29           3           2
          31           3           2
          33           3           2
          35           3           2
          37           3           2
          39           3           2
          43           3           2
          45           3           2
          47           3           2
          41           3           2
# StartResidual    0.00000000000    
  4  Maxtime , Mintime + JacobiMi , JacobiMa    4.09588852600        4.09544114000        3.81837496800        3.98083466500       Residual    67066666.6135      MLUPs    2531.31889068    
  4  Maxtime , Mintime + JacobiMi , JacobiMa    4.09376601600        4.09374578100        3.81824840200        3.98165900400       Residual    11166666.6666      MLUPs    2532.63131295    
  4  Maxtime , Mintime + JacobiMi , JacobiMa    4.09434912700        4.09433531400        3.81700341700        3.98230199400       Residual    2378086.41904      MLUPs    2532.27061943    
  4  Maxtime , Mintime + JacobiMi , JacobiMa    4.09564966200        4.09562932000        3.81782402600        3.98349734700       Residual    706532.921651      MLUPs    2531.46652073    
  4  Maxtime , Mintime + JacobiMi , JacobiMa    4.09250546800        4.09249411400        3.81722262600        3.98060708200       Residual    289362.568585      MLUPs    2533.41139824    
  4  Maxtime , Mintime + JacobiMi , JacobiMa    4.09366915100        4.09365504000        3.81870371800        3.98148248900       Residual    149086.920966      MLUPs    2532.69124044    
  4  Maxtime , Mintime + JacobiMi , JacobiMa    4.09243573300        4.09242568200        3.81866477600        3.98144007200       Residual    88741.4937712      MLUPs    2533.45456751    
  4  Maxtime , Mintime + JacobiMi , JacobiMa    4.09592812000        4.09591637500        3.81859049600        3.98383036900       Residual    57945.1900284      MLUPs    2531.29442125    
  4  Maxtime , Mintime + JacobiMi , JacobiMa    4.09367275400        4.09364416600        3.81932551000        3.98221481400       Residual    40324.3034450      MLUPs    2532.68901132    
  4  Maxtime , Mintime + JacobiMi , JacobiMa    4.09620349700        4.09617308200        3.81972424700        3.98436484200       Residual    29402.8934412      MLUPs    2531.12424898    
