# Threadlevel provided:        3 out of        0        1        2        3
  spat_dim , proc_dim, PBC ? 
           1 -Dim Input         7200          12 T
           2 -Dim Input          600           1 T
           3 -Dim Input         2400           4 T
#   0 Process grid  12   1   4
           4           3           2
          10           3           2
          12           3           2
          16           3           2
          18           3           2
          20           3           2
          26           3           2
          28           3           2
          32           3           2
          36           3           2
          42           3           2
          44           3           2
           0           3           2
#   0  Allocated 2 arrays with a total of  3490.68      Mbytes 
           2           3           2
           6           3           2
          14           3           2
          22           3           2
          30           3           2
          38           3           2
          46           3           2
          34           3           2
           3           3           2
           7           3           2
           9           3           2
          11           3           2
          15           3           2
          19           3           2
          23           3           2
          27           3           2
          31           3           2
          33           3           2
          35           3           2
          39           3           2
          43           3           2
          47           3           2
           1           3           2
          17           3           2
          25           3           2
          37           3           2
          45           3           2
           5           3           2
          13           3           2
          21           3           2
          29           3           2
          41           3           2
           8           3           2
          40           3           2
          24           3           2
# StartResidual    0.00000000000    
  4  Maxtime , Mintime + JacobiMi , JacobiMa    4.08167755700        4.08133380800        3.80890109000        3.95710591900       Residual    64056666.6158      MLUPs    2540.13205483    
  4  Maxtime , Mintime + JacobiMi , JacobiMa    4.08689129000        4.08688010700        3.80316272500        3.96746662900       Residual    10666666.6666      MLUPs    2536.89155505    
  4  Maxtime , Mintime + JacobiMi , JacobiMa    4.08854198000        4.08853041700        3.80200761500        3.96959924700       Residual    2271604.93757      MLUPs    2535.86732158    
  4  Maxtime , Mintime + JacobiMi , JacobiMa    4.09156725700        4.09155114700        3.80347494900        3.97134468400       Residual    674897.119176      MLUPs    2533.99231853    
  4  Maxtime , Mintime + JacobiMi , JacobiMa    4.09014047400        4.09012245100        3.80403331800        3.97013233800       Residual    276406.035663      MLUPs    2534.87626303    
  4  Maxtime , Mintime + JacobiMi , JacobiMa    4.09881916600        4.09879697100        3.80313964900        3.97100473200       Residual    142411.387192      MLUPs    2529.50900738    
  4  Maxtime , Mintime + JacobiMi , JacobiMa    4.09043971800        4.09042467800        3.80352512500        3.97063091400       Residual    84767.9940500      MLUPs    2534.69081927    
  4  Maxtime , Mintime + JacobiMi , JacobiMa    4.09294427500        4.09291648900        3.80462336200        3.97289460900       Residual    55350.6292810      MLUPs    2533.13978969    
  4  Maxtime , Mintime + JacobiMi , JacobiMa    4.09011282300        4.09009634100        3.80449197800        3.97074921300       Residual    38518.7376189      MLUPs    2534.89339993    
  4  Maxtime , Mintime + JacobiMi , JacobiMa    4.09057435600        4.09056499100        3.80401399400        3.97105272100       Residual    28086.3459739      MLUPs    2534.60739194    
