# Threadlevel provided:        3 out of        0        1        2        3
  spat_dim , proc_dim, PBC ? 
           1 -Dim Input         7200          12 T
           2 -Dim Input          600           1 T
           3 -Dim Input         2400           4 T
#   0 Process grid  12   1   4
           1           3           2
           2           3           2
           4           3           2
           6           3           2
           8           3           2
           9           3           2
          10           3           2
          12           3           2
          13           3           2
          14           3           2
          16           3           2
          17           3           2
          18           3           2
          20           3           2
          21           3           2
          22           3           2
          24           3           2
          25           3           2
          28           3           2
          29           3           2
          30           3           2
          32           3           2
          33           3           2
          34           3           2
          36           3           2
          38           3           2
          40           3           2
          41           3           2
          42           3           2
          44           3           2
          45           3           2
          46           3           2
           0           3           2
#   0  Allocated 2 arrays with a total of  3490.68      Mbytes 
           5           3           2
          37           3           2
          11           3           2
          15           3           2
          19           3           2
          23           3           2
          27           3           2
          31           3           2
          35           3           2
          39           3           2
          43           3           2
          47           3           2
           3           3           2
           7           3           2
          26           3           2
# StartResidual    0.00000000000    
  4  Maxtime , Mintime + JacobiMi , JacobiMa    4.08566140200        4.08556057300        3.80135945700        3.96313741300       Residual    64056666.6158      MLUPs    2537.65522393    
  4  Maxtime , Mintime + JacobiMi , JacobiMa    4.08026608200        4.08024981800        3.80100895600        3.96255522800       Residual    10666666.6666      MLUPs    2541.01075558    
  4  Maxtime , Mintime + JacobiMi , JacobiMa    4.08144366300        4.08142157700        3.80007271800        3.96244319900       Residual    2271604.93757      MLUPs    2540.27762137    
  4  Maxtime , Mintime + JacobiMi , JacobiMa    4.08077938200        4.08075415900        3.80100516700        3.96210297800       Residual    674897.119176      MLUPs    2540.69113506    
  4  Maxtime , Mintime + JacobiMi , JacobiMa    4.08183517600        4.08152576900        3.80195753200        3.96300761700       Residual    276406.035663      MLUPs    2540.03396829    
  4  Maxtime , Mintime + JacobiMi , JacobiMa    4.08245330700        4.08243433900        3.80184455300        3.96356224900       Residual    142411.387192      MLUPs    2539.64937755    
  4  Maxtime , Mintime + JacobiMi , JacobiMa    4.08284859200        4.08282694300        3.80317169000        3.96399098400       Residual    84767.9940500      MLUPs    2539.40349890    
  4  Maxtime , Mintime + JacobiMi , JacobiMa    4.08378978300        4.08377574200        3.80414587400        3.96486144600       Residual    55350.6292810      MLUPs    2538.81824259    
  4  Maxtime , Mintime + JacobiMi , JacobiMa    4.08395879000        4.08393668200        3.80445491100        3.96499870700       Residual    38518.7376189      MLUPs    2538.71317835    
  4  Maxtime , Mintime + JacobiMi , JacobiMa    4.08672014500        4.08669809000        3.80375039100        3.96764121900       Residual    28086.3459739      MLUPs    2536.99779582    
