# Threadlevel provided:        3 out of        0        1        2        3
  spat_dim , proc_dim, PBC ? 
           1 -Dim Input         7200          12 T
           2 -Dim Input          600           1 T
           3 -Dim Input         2400           4 T
#   0 Process grid  12   1   4
          12           3           2
          13           3           2
          14           3           2
          15           3           2
          16           3           2
          17           3           2
          18           3           2
          19           3           2
          21           3           2
          22           3           2
          23           3           2
          24           3           2
          25           3           2
          26           3           2
          27           3           2
          28           3           2
          29           3           2
          30           3           2
          31           3           2
          32           3           2
          33           3           2
          34           3           2
          35           3           2
          36           3           2
          37           3           2
          38           3           2
          39           3           2
          40           3           2
          41           3           2
          42           3           2
          43           3           2
          44           3           2
          45           3           2
          46           3           2
          47           3           2
           0           3           2
#   0  Allocated 2 arrays with a total of  3490.68      Mbytes 
           1           3           2
           2           3           2
           3           3           2
           4           3           2
           5           3           2
           6           3           2
           7           3           2
           8           3           2
           9           3           2
          10           3           2
          11           3           2
          20           3           2
# StartResidual    0.00000000000    
  4  Maxtime , Mintime + JacobiMi , JacobiMa    4.11486423700        4.11448003800        3.81885282700        4.00064097800       Residual    64056666.6158      MLUPs    2519.64570466    
  4  Maxtime , Mintime + JacobiMi , JacobiMa    4.11286492700        4.11249556200        3.81926965200        4.00159937200       Residual    10666666.6666      MLUPs    2520.87053283    
  4  Maxtime , Mintime + JacobiMi , JacobiMa    4.11314529600        4.11278558200        3.81803326300        4.00146957400       Residual    2271604.93757      MLUPs    2520.69869987    
  4  Maxtime , Mintime + JacobiMi , JacobiMa    4.11295227200        4.11258794100        3.81906686400        4.00178975600       Residual    674897.119176      MLUPs    2520.81699819    
  4  Maxtime , Mintime + JacobiMi , JacobiMa    4.11436985800        4.11397326600        3.82106787200        4.00356347200       Residual    276406.035663      MLUPs    2519.94846303    
  4  Maxtime , Mintime + JacobiMi , JacobiMa    4.11529953700        4.11491065100        3.81940076400        4.00441452100       Residual    142411.387192      MLUPs    2519.37918657    
  4  Maxtime , Mintime + JacobiMi , JacobiMa    4.11583112900        4.11543738300        3.82033936700        4.00511781400       Residual    84767.9940500      MLUPs    2519.05378890    
  4  Maxtime , Mintime + JacobiMi , JacobiMa    4.11559755500        4.11519919100        3.82082360000        4.00455189100       Residual    55350.6292810      MLUPs    2519.19675368    
  4  Maxtime , Mintime + JacobiMi , JacobiMa    4.11539324200        4.11499459500        3.82071236700        4.00452441700       Residual    38518.7376189      MLUPs    2519.32182183    
  4  Maxtime , Mintime + JacobiMi , JacobiMa    4.11688311500        4.11649059100        3.82168355300        4.00575160700       Residual    28086.3459739      MLUPs    2518.41009579    
