# Threadlevel provided:        3 out of        0        1        2        3
  spat_dim , proc_dim, PBC ? 
           1 -Dim Input         1200           2 T
           2 -Dim Input         3600           6 T
           3 -Dim Input         2400           4 T
#   0 Process grid   2   6   4
           8           3           2
           9           3           2
          10           3           2
          11           3           2
          14           3           2
          15           3           2
          16           3           2
          17           3           2
          18           3           2
          19           3           2
          22           3           2
          23           3           2
          24           3           2
          26           3           2
          27           3           2
          31           3           2
          32           3           2
          34           3           2
          35           3           2
          38           3           2
          39           3           2
          41           3           2
          42           3           2
          43           3           2
          46           3           2
           0           3           2
#   0  Allocated 2 arrays with a total of  3490.68      Mbytes 
           1           3           2
           2           3           2
           3           3           2
           6           3           2
           7           3           2
          44           3           2
           4           3           2
          12           3           2
          20           3           2
          28           3           2
          33           3           2
          36           3           2
          25           3           2
          30           3           2
          47           3           2
          40           3           2
           5           3           2
          13           3           2
          21           3           2
          29           3           2
          37           3           2
          45           3           2
# StartResidual    0.00000000000    
  4  Maxtime , Mintime + JacobiMi , JacobiMa    4.10611832700        4.10565288800        3.82277419000        3.98806782300       Residual    44039999.9650      MLUPs    2525.01247512    
  4  Maxtime , Mintime + JacobiMi , JacobiMa    4.11350292000        4.10868313500        3.82466150200        3.99998959100       Residual    7333333.33330      MLUPs    2520.47955274    
  4  Maxtime , Mintime + JacobiMi , JacobiMa    4.11456088900        4.11454775300        3.82424550200        3.99950183300       Residual    1561728.39459      MLUPs    2519.83146676    
  4  Maxtime , Mintime + JacobiMi , JacobiMa    4.11386768400        4.11384175300        3.82436927600        3.99883791100       Residual    463991.769447      MLUPs    2520.25606957    
  4  Maxtime , Mintime + JacobiMi , JacobiMa    4.11442595600        4.11440552900        3.82310862300        3.99914448100       Residual    190029.149517      MLUPs    2519.91410488    
  4  Maxtime , Mintime + JacobiMi , JacobiMa    4.11446252500        4.10919435900        3.82430861300        4.00120138200       Residual    97907.8286931      MLUPs    2519.89170809    
  4  Maxtime , Mintime + JacobiMi , JacobiMa    4.11468399500        4.11467548500        3.82389425600        3.99933908600       Residual    58277.9959096      MLUPs    2519.75607668    
  4  Maxtime , Mintime + JacobiMi , JacobiMa    4.11576420100        4.11573898900        3.82350565700        4.00049048000       Residual    38053.5576305      MLUPs    2519.09475219    
  4  Maxtime , Mintime + JacobiMi , JacobiMa    4.11573092600        4.11571833400        3.82408911900        4.00080617500       Residual    26481.6321130      MLUPs    2519.11511865    
  4  Maxtime , Mintime + JacobiMi , JacobiMa    4.11524949200        4.11523759400        3.82442565400        4.00220068300       Residual    19309.3628566      MLUPs    2519.40982440    
