# Threadlevel provided:        3 out of        0        1        2        3
  spat_dim , proc_dim, PBC ? 
           1 -Dim Input         1200           2 T
           2 -Dim Input         3600           6 T
           3 -Dim Input         2400           4 T
#   0 Process grid   2   6   4
           2           3           2
           3           3           2
           4           3           2
           6           3           2
           7           3           2
           9           3           2
          10           3           2
          11           3           2
          12           3           2
          13           3           2
          14           3           2
          15           3           2
          16           3           2
          17           3           2
          18           3           2
          19           3           2
          20           3           2
          21           3           2
          22           3           2
          23           3           2
          24           3           2
          25           3           2
          26           3           2
          27           3           2
          28           3           2
          29           3           2
          30           3           2
          32           3           2
          33           3           2
          34           3           2
          35           3           2
          36           3           2
          37           3           2
          38           3           2
          39           3           2
          40           3           2
          41           3           2
          42           3           2
          44           3           2
          45           3           2
          46           3           2
          47           3           2
           0           3           2
#   0  Allocated 2 arrays with a total of  3490.68      Mbytes 
           1           3           2
           5           3           2
           8           3           2
          31           3           2
          43           3           2
# StartResidual    0.00000000000    
  4  Maxtime , Mintime + JacobiMi , JacobiMa    4.10728135900        4.10688319500        3.82116592900        3.98888090200       Residual    44039999.9650      MLUPs    2524.29748385    
  4  Maxtime , Mintime + JacobiMi , JacobiMa    4.10614422100        4.10611848700        3.82275090900        3.99004276500       Residual    7333333.33330      MLUPs    2524.99655199    
  4  Maxtime , Mintime + JacobiMi , JacobiMa    4.10452801400        4.10451129200        3.82147588700        3.98900970900       Residual    1561728.39459      MLUPs    2525.99079958    
  4  Maxtime , Mintime + JacobiMi , JacobiMa    4.13394242500        4.13392503500        3.82196994100        4.02165746800       Residual    463991.769447      MLUPs    2508.01751309    
  4  Maxtime , Mintime + JacobiMi , JacobiMa    4.13236159900        4.13200447600        3.82002408700        4.02009113400       Residual    190029.149517      MLUPs    2508.97694977    
  4  Maxtime , Mintime + JacobiMi , JacobiMa    4.13367644000        4.13364844900        3.82106560900        4.02124716200       Residual    97907.8286931      MLUPs    2508.17889365    
  4  Maxtime , Mintime + JacobiMi , JacobiMa    4.13357807900        4.13356172000        3.82096938900        4.02116663100       Residual    58277.9959096      MLUPs    2508.23857729    
  4  Maxtime , Mintime + JacobiMi , JacobiMa    4.13519514300        4.13515691400        3.82129819400        4.02278414300       Residual    38053.5576305      MLUPs    2507.25773306    
  4  Maxtime , Mintime + JacobiMi , JacobiMa    4.13350946400        4.13347955300        3.82154896900        4.02104158000       Residual    26481.6321130      MLUPs    2508.28021329    
  4  Maxtime , Mintime + JacobiMi , JacobiMa    4.13573781200        4.13571152900        3.82275361800        4.02340501600       Residual    19309.3628566      MLUPs    2506.92874435    
