# Threadlevel provided:        3 out of        0        1        2        3
  spat_dim , proc_dim, PBC ? 
           1 -Dim Input         2400           4 T
           2 -Dim Input         3600           6 T
           3 -Dim Input         1200           2 T
#   0 Process grid   4   6   2
           6           3           2
           7           3           2
           8           3           2
           9           3           2
          11           3           2
          12           3           2
          14           3           2
          15           3           2
          16           3           2
          21           3           2
          22           3           2
          23           3           2
          24           3           2
          26           3           2
          28           3           2
          29           3           2
          30           3           2
          31           3           2
          32           3           2
          33           3           2
          34           3           2
          35           3           2
          37           3           2
          40           3           2
          41           3           2
          42           3           2
          43           3           2
          44           3           2
          45           3           2
          46           3           2
          47           3           2
           0           3           2
#   0  Allocated 2 arrays with a total of  3490.68      Mbytes 
           1           3           2
           2           3           2
           3           3           2
           4           3           2
           5           3           2
          13           3           2
          18           3           2
          19           3           2
          20           3           2
          25           3           2
          36           3           2
          38           3           2
          10           3           2
          17           3           2
          27           3           2
          39           3           2
# StartResidual    0.00000000000    
  4  Maxtime , Mintime + JacobiMi , JacobiMa    4.07628335800        4.07613399000        3.79900751300        3.94530573400       Residual    44039999.9650      MLUPs    2543.49344475    
  4  Maxtime , Mintime + JacobiMi , JacobiMa    4.07993152700        4.07991455500        3.81279375800        3.95722838300       Residual    7333333.33330      MLUPs    2541.21911885    
  4  Maxtime , Mintime + JacobiMi , JacobiMa    4.07504485400        4.07503569700        3.80045161200        3.94579603400       Residual    1561728.39458      MLUPs    2544.26647349    
  4  Maxtime , Mintime + JacobiMi , JacobiMa    4.08135498900        4.08132812900        3.80142889000        3.94525175100       Residual    463991.769438      MLUPs    2540.33281299    
  4  Maxtime , Mintime + JacobiMi , JacobiMa    4.07398894000        4.07396920900        3.80139239700        3.94457139300       Residual    190029.149518      MLUPs    2544.92590743    
  4  Maxtime , Mintime + JacobiMi , JacobiMa    4.07518214800        4.07516624200        3.80058496100        3.94570547900       Residual    97907.8286940      MLUPs    2544.18075646    
  4  Maxtime , Mintime + JacobiMi , JacobiMa    4.07483916500        4.07482920000        3.80060325600        3.94610547300       Residual    58277.9959096      MLUPs    2544.39490252    
  4  Maxtime , Mintime + JacobiMi , JacobiMa    4.07517205400        4.07514350600        3.80252677300        3.94580817000       Residual    38053.5576307      MLUPs    2544.18705827    
  4  Maxtime , Mintime + JacobiMi , JacobiMa    4.07613305200        4.07611742700        3.80105821500        3.94739544400       Residual    26481.6321130      MLUPs    2543.58723519    
  4  Maxtime , Mintime + JacobiMi , JacobiMa    4.07554396600        4.07553538000        3.80172605400        3.94689814000       Residual    19309.3628568      MLUPs    2543.95488958    
