# Threadlevel provided:        3 out of        0        1        2        3
  spat_dim , proc_dim, PBC ? 
           1 -Dim Input         2400           4 T
           2 -Dim Input         3600           6 T
           3 -Dim Input         1200           2 T
#   0 Process grid   4   6   2
          16           3           2
          17           3           2
          18           3           2
          19           3           2
          20           3           2
          21           3           2
          22           3           2
          23           3           2
          24           3           2
          26           3           2
          27           3           2
          28           3           2
          30           3           2
          32           3           2
          33           3           2
          34           3           2
          36           3           2
          38           3           2
          39           3           2
          40           3           2
          42           3           2
          43           3           2
          44           3           2
          45           3           2
          46           3           2
           0           3           2
#   0  Allocated 2 arrays with a total of  3490.68      Mbytes 
           1           3           2
           2           3           2
           3           3           2
           4           3           2
           5           3           2
           6           3           2
           7           3           2
           8           3           2
          10           3           2
          11           3           2
          12           3           2
          13           3           2
          14           3           2
          15           3           2
          31           3           2
          29           3           2
          47           3           2
           9           3           2
          25           3           2
          35           3           2
          37           3           2
          41           3           2
# StartResidual    0.00000000000    
  4  Maxtime , Mintime + JacobiMi , JacobiMa    4.08553144600        4.08522629400        3.80644733700        3.96251830400       Residual    44039999.9650      MLUPs    2537.73594379    
  4  Maxtime , Mintime + JacobiMi , JacobiMa    4.08309346600        4.08307354100        3.80749412200        3.96310640500       Residual    7333333.33330      MLUPs    2539.25120410    
  4  Maxtime , Mintime + JacobiMi , JacobiMa    4.08403910300        4.08401123000        3.80583747900        3.96412047100       Residual    1561728.39458      MLUPs    2538.66325432    
  4  Maxtime , Mintime + JacobiMi , JacobiMa    4.08444377800        4.08442331800        3.80639872100        3.96409792600       Residual    463991.769438      MLUPs    2538.41173083    
  4  Maxtime , Mintime + JacobiMi , JacobiMa    4.08324265000        4.08321684000        3.80685299300        3.96314079000       Residual    190029.149518      MLUPs    2539.15843086    
  4  Maxtime , Mintime + JacobiMi , JacobiMa    4.08504913600        4.08503243500        3.80683550800        3.96525763600       Residual    97907.8286940      MLUPs    2538.03556697    
  4  Maxtime , Mintime + JacobiMi , JacobiMa    4.08359716000        4.08357036200        3.80552700100        3.96364621500       Residual    58277.9959096      MLUPs    2538.93799848    
  4  Maxtime , Mintime + JacobiMi , JacobiMa    4.08582714300        4.08579158300        3.80734494600        3.96596555600       Residual    38053.5576307      MLUPs    2537.55228431    
  4  Maxtime , Mintime + JacobiMi , JacobiMa    4.08518042900        4.08517002000        3.80679581100        3.96510712700       Residual    26481.6321130      MLUPs    2537.95399743    
  4  Maxtime , Mintime + JacobiMi , JacobiMa    4.08729883300        4.08728360600        3.80725942200        3.96751510000       Residual    19309.3628568      MLUPs    2536.63860256    
