# Threadlevel provided:        3 out of        0        1        2        3
  spat_dim , proc_dim, PBC ? 
           1 -Dim Input         2400           4 T
           2 -Dim Input         3600           6 T
           3 -Dim Input         1200           2 T
#   0 Process grid   4   6   2
           9           3           2
          10           3           2
          11           3           2
          13           3           2
          14           3           2
          15           3           2
          16           3           2
          17           3           2
          18           3           2
          19           3           2
          21           3           2
          22           3           2
          23           3           2
          26           3           2
          27           3           2
          29           3           2
          31           3           2
          32           3           2
          33           3           2
          34           3           2
          35           3           2
          37           3           2
          38           3           2
          39           3           2
          40           3           2
          41           3           2
          42           3           2
          43           3           2
          45           3           2
          46           3           2
          47           3           2
           0           3           2
#   0  Allocated 2 arrays with a total of  3490.68      Mbytes 
           1           3           2
           2           3           2
           3           3           2
           5           3           2
           6           3           2
           7           3           2
           8           3           2
          24           3           2
          25           3           2
          30           3           2
          12           3           2
          20           3           2
          28           3           2
          36           3           2
          44           3           2
           4           3           2
# StartResidual    0.00000000000    
  4  Maxtime , Mintime + JacobiMi , JacobiMa    4.08677269300        4.08647216000        3.80638855100        3.96260278900       Residual    44039999.9650      MLUPs    2536.96517493    
  4  Maxtime , Mintime + JacobiMi , JacobiMa    4.08373124100        4.08370993300        3.80807188700        3.96226331700       Residual    7333333.33330      MLUPs    2538.85463762    
  4  Maxtime , Mintime + JacobiMi , JacobiMa    4.08377954100        4.08376750200        3.80502493700        3.96209587600       Residual    1561728.39458      MLUPs    2538.82460988    
  4  Maxtime , Mintime + JacobiMi , JacobiMa    4.08330110800        4.08329040600        3.80616511700        3.96171048200       Residual    463991.769438      MLUPs    2539.12207936    
  4  Maxtime , Mintime + JacobiMi , JacobiMa    4.08371020800        4.08339701000        3.80592094200        3.96205265700       Residual    190029.149518      MLUPs    2538.86771390    
  4  Maxtime , Mintime + JacobiMi , JacobiMa    4.08472292200        4.08471098100        3.80646752400        3.96379223100       Residual    97907.8286940      MLUPs    2538.23825948    
  4  Maxtime , Mintime + JacobiMi , JacobiMa    4.08303303300        4.08302297800        3.80573374600        3.96150366300       Residual    58277.9959096      MLUPs    2539.28878758    
  4  Maxtime , Mintime + JacobiMi , JacobiMa    4.08413833300        4.08411864900        3.80597795800        3.96271869700       Residual    38053.5576307      MLUPs    2538.60157386    
  4  Maxtime , Mintime + JacobiMi , JacobiMa    4.08456111200        4.08453572900        3.80620031200        3.96291365600       Residual    26481.6321130      MLUPs    2538.33881186    
  4  Maxtime , Mintime + JacobiMi , JacobiMa    4.08476596500        4.08475564100        3.80718703700        3.96328587600       Residual    19309.3628568      MLUPs    2538.21151293    
