# Threadlevel provided:        3 out of        0        1        2        3
  spat_dim , proc_dim, PBC ? 
           1 -Dim Input         1200           2 T
           2 -Dim Input          600           1 T
           3 -Dim Input         3600           6 T
#   0 Process grid   2   1   6
           0           3           2
           2           3           2
           3           3           2
           4           3           2
           5           3           2
           6           3           2
           7           3           2
           8           3           2
           9           3           2
          10           3           2
          11           3           2
#   0  Allocated 2 arrays with a total of  3490.68      Mbytes 
           1           3           2
# StartResidual    0.00000000000    
  4  Maxtime , Mintime + JacobiMi , JacobiMa    2.89025865600        2.88997574500        2.72742004400        2.80201808400       Residual    20029999.9842      MLUPs    896.805548742    
  4  Maxtime , Mintime + JacobiMi , JacobiMa    2.88751468200        2.88749777000        2.72813345900        2.80173556000       Residual    3333333.33332      MLUPs    897.657773364    
  4  Maxtime , Mintime + JacobiMi , JacobiMa    2.88725101700        2.88724679800        2.72712390900        2.80140865900       Residual    709876.542990      MLUPs    897.739747856    
  4  Maxtime , Mintime + JacobiMi , JacobiMa    2.88740756300        2.88739963200        2.72409074600        2.80159232700       Residual    210905.349749      MLUPs    897.691075280    
  4  Maxtime , Mintime + JacobiMi , JacobiMa    2.88731384400        2.88729830400        2.72477163000        2.80147934400       Residual    86376.8861456      MLUPs    897.720213335    
  4  Maxtime , Mintime + JacobiMi , JacobiMa    2.88770116600        2.88769413000        2.71988498200        2.80191787300       Residual    44503.5584978      MLUPs    897.599803788    
  4  Maxtime , Mintime + JacobiMi , JacobiMa    2.88703833500        2.88703266200        2.72068296500        2.80127539600       Residual    26489.9981409      MLUPs    897.805882442    
  4  Maxtime , Mintime + JacobiMi , JacobiMa    2.88739055100        2.88738178000        2.72295629900        2.80150052500       Residual    17297.0716502      MLUPs    897.696364318    
  4  Maxtime , Mintime + JacobiMi , JacobiMa    2.88709545900        2.88709094200        2.72334290800        2.80123942500       Residual    12037.1055058      MLUPs    897.788118477    
  4  Maxtime , Mintime + JacobiMi , JacobiMa    2.88743735000        2.88742733700        2.72565698200        2.80160853800       Residual    8776.98311691      MLUPs    897.681814637    
