# Threadlevel provided:        3 out of        0        1        2        3
  spat_dim , proc_dim, PBC ? 
           1 -Dim Input         2400           4 T
           2 -Dim Input         2400           4 T
           3 -Dim Input         1800           3 T
#   0 Process grid   4   4   3
           1           3           2
           2           3           2
           3           3           2
           4           3           2
           5           3           2
           6           3           2
           7           3           2
           8           3           2
           9           3           2
          10           3           2
          11           3           2
          12           3           2
          13           3           2
          14           3           2
          15           3           2
          16           3           2
          17           3           2
          18           3           2
          19           3           2
          20           3           2
          21           3           2
          22           3           2
          23           3           2
          24           3           2
          25           3           2
          26           3           2
          27           3           2
          29           3           2
          30           3           2
          31           3           2
          32           3           2
          33           3           2
          34           3           2
          35           3           2
          36           3           2
          37           3           2
          39           3           2
          40           3           2
          42           3           2
          43           3           2
          44           3           2
          45           3           2
           0           3           2
#   0  Allocated 2 arrays with a total of  3490.68      Mbytes 
          28           3           2
          38           3           2
          46           3           2
          41           3           2
          47           3           2
# StartResidual    0.00000000000    
  4  Maxtime , Mintime + JacobiMi , JacobiMa    4.08689350100        4.08642515300        3.80415436900        3.96273234800       Residual    40036666.6349      MLUPs    2536.89018260    
  4  Maxtime , Mintime + JacobiMi , JacobiMa    4.09100453100        4.09098513300        3.80468698700        3.97027301700       Residual    6666666.66664      MLUPs    2534.34087433    
  4  Maxtime , Mintime + JacobiMi , JacobiMa    4.08969542500        4.08966430100        3.80440738600        3.96904062100       Residual    1419753.08599      MLUPs    2535.15211344    
  4  Maxtime , Mintime + JacobiMi , JacobiMa    4.09222220600        4.09220741000        3.80601156800        3.97132888700       Residual    421810.699490      MLUPs    2533.58675998    
  4  Maxtime , Mintime + JacobiMi , JacobiMa    4.09058828600        4.09023318700        3.80513882700        3.96968520100       Residual    172753.772289      MLUPs    2534.59876064    
  4  Maxtime , Mintime + JacobiMi , JacobiMa    4.09137175300        4.09135363400        3.80561728800        3.97058180400       Residual    89007.1169946      MLUPs    2534.11340399    
  4  Maxtime , Mintime + JacobiMi , JacobiMa    4.09102335100        4.09100252500        3.80581235000        3.96928103100       Residual    52979.9962815      MLUPs    2534.32921557    
  4  Maxtime , Mintime + JacobiMi , JacobiMa    4.09087384700        4.09084723300        3.80624637200        3.96993129600       Residual    34594.1433006      MLUPs    2534.42183449    
  4  Maxtime , Mintime + JacobiMi , JacobiMa    4.08987473200        4.08985653100        3.80565221900        3.96906363700       Residual    24074.2110118      MLUPs    2535.04096810    
  4  Maxtime , Mintime + JacobiMi , JacobiMa    4.09314065500        4.09312102900        3.80700563600        3.97248364000       Residual    17553.9662335      MLUPs    2533.01825515    
