# Threadlevel provided:        3 out of        0        1        2        3
  spat_dim , proc_dim, PBC ? 
           1 -Dim Input         1800           3 T
           2 -Dim Input          600           1 T
           3 -Dim Input         4800           8 T
#   0 Process grid   3   1   8
           0           3           2
           2           3           2
           3           3           2
           5           3           2
           6           3           2
           7           3           2
           8           3           2
           9           3           2
          10           3           2
          11           3           2
          12           3           2
          13           3           2
          14           3           2
          15           3           2
          16           3           2
          17           3           2
          18           3           2
          19           3           2
          20           3           2
          21           3           2
          22           3           2
          23           3           2
#   0  Allocated 2 arrays with a total of  3490.68      Mbytes 
           1           3           2
           4           3           2
# StartResidual    0.00000000000    
  4  Maxtime , Mintime + JacobiMi , JacobiMa    3.06045813700        3.06039789500        2.84862816000        2.96328958200       Residual    35039999.9723      MLUPs    1693.86404517    
  4  Maxtime , Mintime + JacobiMi , JacobiMa    3.05871546000        3.05870638400        2.84906315700        2.96416413400       Residual    5833333.33330      MLUPs    1694.82910973    
  4  Maxtime , Mintime + JacobiMi , JacobiMa    3.06064054600        3.06063632700        2.84887676800        2.96610259000       Residual    1242283.95024      MLUPs    1693.76309373    
  4  Maxtime , Mintime + JacobiMi , JacobiMa    3.06027701700        3.06026141700        2.84948355400        2.96589406400       Residual    369084.362056      MLUPs    1693.96429513    
  4  Maxtime , Mintime + JacobiMi , JacobiMa    3.06042692200        3.06041568000        2.84855847700        2.96591873400       Residual    151159.550754      MLUPs    1693.88132183    
  4  Maxtime , Mintime + JacobiMi , JacobiMa    3.05965803400        3.05963809600        2.84867694900        2.96463703200       Residual    77881.2273706      MLUPs    1694.30699196    
  4  Maxtime , Mintime + JacobiMi , JacobiMa    3.05863965800        3.05861715400        2.84857006900        2.96368071000       Residual    46357.4967463      MLUPs    1694.87111254    
  4  Maxtime , Mintime + JacobiMi , JacobiMa    3.05862977000        3.05861894900        2.84834944000        2.96378493600       Residual    30269.8753879      MLUPs    1694.87659175    
  4  Maxtime , Mintime + JacobiMi , JacobiMa    3.05950395000        3.05949299300        2.84863528800        2.96450960700       Residual    21064.9346353      MLUPs    1694.39232134    
  4  Maxtime , Mintime + JacobiMi , JacobiMa    3.05850237700        3.05848990400        2.84891911300        2.96361699300       Residual    15359.7204545      MLUPs    1694.94718689    
