# Threadlevel provided:        3 out of        0        1        2        3
  spat_dim , proc_dim, PBC ? 
           1 -Dim Input         3600           6 T
           2 -Dim Input          600           1 T
           3 -Dim Input         1200           2 T
#   0 Process grid   6   1   2
           0           3           2
           2           3           2
           4           3           2
           5           3           2
           6           3           2
           7           3           2
           8           3           2
           9           3           2
          10           3           2
          11           3           2
           1           3           2
#   0  Allocated 2 arrays with a total of  3490.68      Mbytes 
           3           3           2
# StartResidual    0.00000000000    
  4  Maxtime , Mintime + JacobiMi , JacobiMa    2.89015732200        2.89004141400        2.72912546900        2.80200837500       Residual    20029999.9842      MLUPs    896.836992322    
  4  Maxtime , Mintime + JacobiMi , JacobiMa    2.88856126600        2.88855535700        2.72915587900        2.80275686800       Residual    3333333.33331      MLUPs    897.332533850    
  4  Maxtime , Mintime + JacobiMi , JacobiMa    2.88799047800        2.88798486800        2.72924879800        2.80213424700       Residual    709876.542986      MLUPs    897.509884380    
  4  Maxtime , Mintime + JacobiMi , JacobiMa    2.88825781900        2.88825380400        2.72837417000        2.80245120900       Residual    210905.349744      MLUPs    897.426809667    
  4  Maxtime , Mintime + JacobiMi , JacobiMa    2.88770425500        2.88769924600        2.72864242600        2.80184419800       Residual    86376.8861454      MLUPs    897.598843618    
  4  Maxtime , Mintime + JacobiMi , JacobiMa    2.88795590800        2.88794152600        2.72807871800        2.80199578600       Residual    44503.5584980      MLUPs    897.520627936    
  4  Maxtime , Mintime + JacobiMi , JacobiMa    2.88796059800        2.88794288900        2.72845188100        2.80198660700       Residual    26489.9981408      MLUPs    897.519170378    
  4  Maxtime , Mintime + JacobiMi , JacobiMa    2.88874829300        2.88873956200        2.72870085500        2.80293102300       Residual    17297.0716503      MLUPs    897.274437611    
  4  Maxtime , Mintime + JacobiMi , JacobiMa    2.88881241000        2.88880941700        2.72921772300        2.80307589600       Residual    12037.1055057      MLUPs    897.254522664    
  4  Maxtime , Mintime + JacobiMi , JacobiMa    2.89038525400        2.89037395200        2.72964329100        2.80453698000       Residual    8776.98311703      MLUPs    896.766268930    
