# Threadlevel provided:        3 out of        0        1        2        3
  spat_dim , proc_dim, PBC ? 
           1 -Dim Input         3600           6 T
           2 -Dim Input          600           1 T
           3 -Dim Input         1200           2 T
#   0 Process grid   6   1   2
           0           3           2
           8           3           2
          10           3           2
          11           3           2
#   0  Allocated 2 arrays with a total of  3490.68      Mbytes 
           1           3           2
           2           3           2
           3           3           2
           4           3           2
           5           3           2
           6           3           2
           7           3           2
           9           3           2
# StartResidual    0.00000000000    
  4  Maxtime , Mintime + JacobiMi , JacobiMa    2.88980574800        2.88973525800        2.73042812000        2.80157422300       Residual    20029999.9842      MLUPs    896.946101583    
  4  Maxtime , Mintime + JacobiMi , JacobiMa    2.88653151900        2.88652564500        2.73057309100        2.80066485800       Residual    3333333.33331      MLUPs    897.963518825    
  4  Maxtime , Mintime + JacobiMi , JacobiMa    2.88706832100        2.88706503300        2.73052633500        2.80115975100       Residual    709876.542986      MLUPs    897.796557548    
  4  Maxtime , Mintime + JacobiMi , JacobiMa    2.88684163000        2.88683730000        2.72993204700        2.80093805000       Residual    210905.349744      MLUPs    897.867057570    
  4  Maxtime , Mintime + JacobiMi , JacobiMa    2.88693023000        2.88692472800        2.73058954600        2.80104598400       Residual    86376.8861454      MLUPs    897.839501996    
  4  Maxtime , Mintime + JacobiMi , JacobiMa    2.88615954200        2.88614863500        2.73074999700        2.80026769100       Residual    44503.5584980      MLUPs    898.079251088    
  4  Maxtime , Mintime + JacobiMi , JacobiMa    2.88696480800        2.88694927500        2.73200264200        2.80105056100       Residual    26489.9981408      MLUPs    897.828748316    
  4  Maxtime , Mintime + JacobiMi , JacobiMa    2.88859979100        2.88859664400        2.73192520600        2.80267273600       Residual    17297.0716503      MLUPs    897.320566205    
  4  Maxtime , Mintime + JacobiMi , JacobiMa    2.88752775900        2.88752308600        2.73073717100        2.80145109300       Residual    12037.1055057      MLUPs    897.653708063    
  4  Maxtime , Mintime + JacobiMi , JacobiMa    2.88719527900        2.88719013100        2.73020367700        2.80126879100       Residual    8776.98311703      MLUPs    897.757078938    
