# Threadlevel provided:        3 out of        0        1        2        3
  spat_dim , proc_dim, PBC ? 
           1 -Dim Input         1800           3 T
           2 -Dim Input          600           1 T
           3 -Dim Input         2400           4 T
#   0 Process grid   3   1   4
           0           3           2
           8           3           2
          10           3           2
          11           3           2
#   0  Allocated 2 arrays with a total of  3490.68      Mbytes 
           1           3           2
           2           3           2
           3           3           2
           4           3           2
           5           3           2
           6           3           2
           7           3           2
           9           3           2
# StartResidual    0.00000000000    
  4  Maxtime , Mintime + JacobiMi , JacobiMa    2.88700625900        2.88671636000        2.72827608500        2.79899761700       Residual    19026666.6516      MLUPs    897.815857489    
  4  Maxtime , Mintime + JacobiMi , JacobiMa    2.88384240100        2.88382862700        2.72761076600        2.79819437500       Residual    3166666.66665      MLUPs    898.800849554    
  4  Maxtime , Mintime + JacobiMi , JacobiMa    2.88515709100        2.88515011900        2.72728325900        2.79960081800       Residual    674382.715838      MLUPs    898.391289710    
  4  Maxtime , Mintime + JacobiMi , JacobiMa    2.88566373100        2.88537409200        2.72512113800        2.79973437100       Residual    200360.082259      MLUPs    898.233557900    
  4  Maxtime , Mintime + JacobiMi , JacobiMa    2.88569356000        2.88568606800        2.72685049800        2.80007374200       Residual    82058.0418382      MLUPs    898.224272989    
  4  Maxtime , Mintime + JacobiMi , JacobiMa    2.88525074600        2.88524335900        2.72692079600        2.79972012100       Residual    42278.3805730      MLUPs    898.362128003    
  4  Maxtime , Mintime + JacobiMi , JacobiMa    2.88557689200        2.88557313700        2.72709961600        2.80005405700       Residual    25165.4982338      MLUPs    898.260589481    
  4  Maxtime , Mintime + JacobiMi , JacobiMa    2.88462610600        2.88462171800        2.72924909400        2.79903370400       Residual    16432.2180677      MLUPs    898.556660293    
  4  Maxtime , Mintime + JacobiMi , JacobiMa    2.88550419900        2.88549506200        2.72806049100        2.79988197400       Residual    11435.2502304      MLUPs    898.283218891    
  4  Maxtime , Mintime + JacobiMi , JacobiMa    2.88572435400        2.88571680500        2.72828308300        2.80009663400       Residual    8338.13396110      MLUPs    898.214687902    
