# Threadlevel provided:        3 out of        0        1        2        3
  spat_dim , proc_dim, PBC ? 
           1 -Dim Input         1200           2 T
           2 -Dim Input         7200          12 T
           3 -Dim Input         1200           2 T
#   0 Process grid   2  12   2
          14           3           2
          16           3           2
          18           3           2
          20           3           2
          22           3           2
          24           3           2
          26           3           2
          28           3           2
          30           3           2
          32           3           2
          34           3           2
          36           3           2
          38           3           2
          40           3           2
          42           3           2
          44           3           2
          46           3           2
           0           3           2
#   0  Allocated 2 arrays with a total of  3490.68      Mbytes 
           2           3           2
           4           3           2
           6           3           2
           8           3           2
          10           3           2
          12           3           2
           1           3           2
           5           3           2
           7           3           2
           9           3           2
          11           3           2
          13           3           2
          15           3           2
          17           3           2
          19           3           2
          21           3           2
          23           3           2
          25           3           2
          27           3           2
          29           3           2
          31           3           2
          33           3           2
          35           3           2
          37           3           2
          39           3           2
          41           3           2
          43           3           2
          45           3           2
          47           3           2
           3           3           2
# StartResidual    0.00000000000    
  4  Maxtime , Mintime + JacobiMi , JacobiMa    1.97804553300        1.97798190400        1.88238817200        1.91497669400       Residual    52053333.2921      MLUPs    5241.53758194    
  4  Maxtime , Mintime + JacobiMi , JacobiMa    1.97383514800        1.97256178500        1.88254387600        1.91745547700       Residual    8666666.66662      MLUPs    5252.71829844    
  4  Maxtime , Mintime + JacobiMi , JacobiMa    1.98227344400        1.98226102100        1.88491417200        1.92730719900       Residual    1845679.01179      MLUPs    5230.35811804    
  4  Maxtime , Mintime + JacobiMi , JacobiMa    1.97200319400        1.97198087100        1.88308991800        1.91682796100       Residual    548353.909347      MLUPs    5257.59797527    
  4  Maxtime , Mintime + JacobiMi , JacobiMa    1.97902100200        1.97900601600        1.88252608500        1.92393558300       Residual    224579.903975      MLUPs    5238.95400277    
  4  Maxtime , Mintime + JacobiMi , JacobiMa    1.98641382800        1.98640710400        1.88231993200        1.93188669900       Residual    115709.252092      MLUPs    5219.45621494    
  4  Maxtime , Mintime + JacobiMi , JacobiMa    1.97497677800        1.97495574500        1.88256302800        1.91739985100       Residual    68873.9951658      MLUPs    5249.68197879    
  4  Maxtime , Mintime + JacobiMi , JacobiMa    1.97373360300        1.97372736200        1.88327271600        1.91850880900       Residual    44972.3862906      MLUPs    5252.98854123    
  4  Maxtime , Mintime + JacobiMi , JacobiMa    1.97524392400        1.97522789900        1.88358325500        1.92017471100       Residual    31296.4743154      MLUPs    5248.97197456    
  4  Maxtime , Mintime + JacobiMi , JacobiMa    1.98502162300        1.98501095400        1.88477999700        1.93008822900       Residual    22820.1561033      MLUPs    5223.11690707    
