# Threadlevel provided:        3 out of        0        1        2        3
  spat_dim , proc_dim, PBC ? 
           1 -Dim Input         1200           2 T
           2 -Dim Input         3600           6 T
           3 -Dim Input         2400           4 T
#   0 Process grid   2   6   4
           1           3           2
           3           3           2
           4           3           2
           6           3           2
           7           3           2
           8           3           2
          10           3           2
          11           3           2
          12           3           2
          13           3           2
          14           3           2
          15           3           2
          16           3           2
          17           3           2
          18           3           2
          19           3           2
          20           3           2
          21           3           2
          22           3           2
          23           3           2
          24           3           2
          26           3           2
          27           3           2
          28           3           2
          29           3           2
          30           3           2
          31           3           2
          32           3           2
          33           3           2
          34           3           2
          35           3           2
          36           3           2
          37           3           2
          38           3           2
          39           3           2
          40           3           2
          42           3           2
          43           3           2
          45           3           2
          46           3           2
          47           3           2
           0           3           2
#   0  Allocated 2 arrays with a total of  3490.68      Mbytes 
           2           3           2
           5           3           2
           9           3           2
          41           3           2
          44           3           2
          25           3           2
# StartResidual    0.00000000000    
  4  Maxtime , Mintime + JacobiMi , JacobiMa    4.11070511100        4.11060729900        3.81826574800        3.99462202300       Residual    44039999.9650      MLUPs    2522.19502982    
  4  Maxtime , Mintime + JacobiMi , JacobiMa    4.10806402100        4.10804840700        3.81847772600        3.99390103700       Residual    7333333.33330      MLUPs    2523.81655860    
  4  Maxtime , Mintime + JacobiMi , JacobiMa    4.10784661400        4.10783214900        3.81863541200        3.99408880300       Residual    1561728.39459      MLUPs    2523.95013111    
  4  Maxtime , Mintime + JacobiMi , JacobiMa    4.10852854400        4.10850202800        3.81845522100        3.99447407600       Residual    463991.769447      MLUPs    2523.53120806    
  4  Maxtime , Mintime + JacobiMi , JacobiMa    4.10937797400        4.10907256100        3.81835494600        3.99500200100       Residual    190029.149517      MLUPs    2523.00958091    
  4  Maxtime , Mintime + JacobiMi , JacobiMa    4.10718451600        4.10716810000        3.81914739100        3.99279321200       Residual    97907.8286931      MLUPs    2524.35700408    
  4  Maxtime , Mintime + JacobiMi , JacobiMa    4.10823977400        4.10822081800        3.81923164000        3.99396413400       Residual    58277.9959096      MLUPs    2523.70858819    
  4  Maxtime , Mintime + JacobiMi , JacobiMa    4.11098526400        4.11096693100        3.81929730200        3.99690606300       Residual    38053.5576305      MLUPs    2522.02314876    
  4  Maxtime , Mintime + JacobiMi , JacobiMa    4.11147063600        4.11145964100        3.81949572000        3.99762312500       Residual    26481.6321130      MLUPs    2521.72541601    
  4  Maxtime , Mintime + JacobiMi , JacobiMa    4.11131551100        4.11130521300        3.81966433600        3.99713469100       Residual    19309.3628566      MLUPs    2521.82056382    
