# Threadlevel provided:        3 out of        0        1        2        3
  spat_dim , proc_dim, PBC ? 
           1 -Dim Input         1800           3 T
           2 -Dim Input         4800           8 T
           3 -Dim Input         1200           2 T
#   0 Process grid   3   8   2
          24           3           2
          26           3           2
          28           3           2
          30           3           2
          32           3           2
          34           3           2
          36           3           2
          38           3           2
          40           3           2
          42           3           2
          44           3           2
          46           3           2
           0           3           2
#   0  Allocated 2 arrays with a total of  3490.68      Mbytes 
           2           3           2
           4           3           2
           6           3           2
           8           3           2
          10           3           2
          12           3           2
          14           3           2
          16           3           2
          18           3           2
          22           3           2
          20           3           2
           1           3           2
           3           3           2
           5           3           2
           7           3           2
           9           3           2
          11           3           2
          13           3           2
          15           3           2
          17           3           2
          19           3           2
          21           3           2
          23           3           2
          25           3           2
          27           3           2
          29           3           2
          31           3           2
          33           3           2
          35           3           2
          37           3           2
          39           3           2
          41           3           2
          43           3           2
          45           3           2
          47           3           2
# StartResidual    0.00000000000    
  4  Maxtime , Mintime + JacobiMi , JacobiMa    1.99067677100        1.99041931200        1.88434150000        1.93037733000       Residual    46043333.2968      MLUPs    5208.27898885    
  4  Maxtime , Mintime + JacobiMi , JacobiMa    1.97997901000        1.97980476700        1.88670801200        1.92245778800       Residual    7666666.66663      MLUPs    5236.41914770    
  4  Maxtime , Mintime + JacobiMi , JacobiMa    1.97974376200        1.97973070700        1.88679726000        1.92243559800       Residual    1632716.04889      MLUPs    5237.04137829    
  4  Maxtime , Mintime + JacobiMi , JacobiMa    1.98238290800        1.98237686300        1.88699344400        1.92239099600       Residual    485082.304417      MLUPs    5230.06930607    
  4  Maxtime , Mintime + JacobiMi , JacobiMa    1.98072144200        1.98071143800        1.88663359300        1.92310677700       Residual    198666.838132      MLUPs    5234.45638551    
  4  Maxtime , Mintime + JacobiMi , JacobiMa    1.98299371000        1.98297952100        1.88474653200        1.92561091700       Residual    102358.184543      MLUPs    5228.45833939    
  4  Maxtime , Mintime + JacobiMi , JacobiMa    1.97977061800        1.97975132800        1.88610971400        1.92200057900       Residual    60926.9957236      MLUPs    5236.97033673    
  4  Maxtime , Mintime + JacobiMi , JacobiMa    1.98312372300        1.98310492200        1.88555900100        1.92576918400       Residual    39783.2647956      MLUPs    5228.11556322    
  4  Maxtime , Mintime + JacobiMi , JacobiMa    1.98051722800        1.98050886000        1.88625587800        1.92304013200       Residual    27685.3426636      MLUPs    5234.99611789    
  4  Maxtime , Mintime + JacobiMi , JacobiMa    1.98145441400        1.98128679300        1.88668531800        1.92380362700       Residual    20187.0611684      MLUPs    5232.52007553    
