# Threadlevel provided:        3 out of        0        1        2        3
  spat_dim , proc_dim, PBC ? 
           1 -Dim Input         1800           3 T
           2 -Dim Input         4800           8 T
           3 -Dim Input         1200           2 T
#   0 Process grid   3   8   2
           6           3           2
           8           3           2
          10           3           2
          12           3           2
          14           3           2
          16           3           2
          18           3           2
          20           3           2
          22           3           2
          24           3           2
          26           3           2
          28           3           2
          30           3           2
          32           3           2
          34           3           2
          36           3           2
          38           3           2
          40           3           2
          42           3           2
          44           3           2
          46           3           2
           0           3           2
           2           3           2
           4           3           2
#   0  Allocated 2 arrays with a total of  3490.68      Mbytes 
           1           3           2
           3           3           2
           5           3           2
           7           3           2
           9           3           2
          11           3           2
          13           3           2
          15           3           2
          17           3           2
          19           3           2
          21           3           2
          23           3           2
          25           3           2
          27           3           2
          29           3           2
          31           3           2
          33           3           2
          35           3           2
          37           3           2
          39           3           2
          41           3           2
          43           3           2
          45           3           2
          47           3           2
# StartResidual    0.00000000000    
  4  Maxtime , Mintime + JacobiMi , JacobiMa    1.98484622600        1.98388667500        1.88461910000        1.92368250500       Residual    46043333.2968      MLUPs    5223.57846376    
  4  Maxtime , Mintime + JacobiMi , JacobiMa    1.98568893800        1.98567501400        1.88446453200        1.92838243400       Residual    7666666.66663      MLUPs    5221.36161490    
  4  Maxtime , Mintime + JacobiMi , JacobiMa    1.98524607000        1.98522342000        1.88740821500        1.92800786400       Residual    1632716.04889      MLUPs    5222.52639442    
  4  Maxtime , Mintime + JacobiMi , JacobiMa    1.98364817700        1.98363210800        1.88722608000        1.92610767600       Residual    485082.304417      MLUPs    5226.73330897    
  4  Maxtime , Mintime + JacobiMi , JacobiMa    1.98393341200        1.98391262200        1.88905438000        1.92643800900       Residual    198666.838132      MLUPs    5225.98184863    
  4  Maxtime , Mintime + JacobiMi , JacobiMa    1.98492311300        1.98490840200        1.88810989200        1.92722528900       Residual    102358.184543      MLUPs    5223.37612580    
  4  Maxtime , Mintime + JacobiMi , JacobiMa    1.98536313700        1.98535120800        1.88751141400        1.92773012100       Residual    60926.9957236      MLUPs    5222.21844799    
  4  Maxtime , Mintime + JacobiMi , JacobiMa    1.98680207700        1.98679047400        1.88927281000        1.92964432000       Residual    39783.2647956      MLUPs    5218.43625997    
  4  Maxtime , Mintime + JacobiMi , JacobiMa    1.98660730900        1.98660389200        1.88941623300        1.92928788000       Residual    27685.3426636      MLUPs    5218.94787814    
  4  Maxtime , Mintime + JacobiMi , JacobiMa    1.98985055600        1.98964774500        1.88848673900        1.93242132500       Residual    20187.0611684      MLUPs    5210.44154232    
