# Threadlevel provided:        3 out of        0        1        2        3
  spat_dim , proc_dim, PBC ? 
           1 -Dim Input          600           1 T
           2 -Dim Input         9600          16 T
           3 -Dim Input         1800           3 T
#   0 Process grid   1  16   3
          14           3           2
          16           3           2
          18           3           2
          20           3           2
          22           3           2
          24           3           2
          26           3           2
          28           3           2
          30           3           2
          32           3           2
          34           3           2
          36           3           2
          38           3           2
          40           3           2
          42           3           2
          44           3           2
          46           3           2
           0           3           2
#   0  Allocated 2 arrays with a total of  3490.68      Mbytes 
           2           3           2
           4           3           2
           6           3           2
           8           3           2
          10           3           2
          12           3           2
           1           3           2
           3           3           2
           5           3           2
           7           3           2
           9           3           2
          11           3           2
          13           3           2
          15           3           2
          17           3           2
          19           3           2
          21           3           2
          23           3           2
          25           3           2
          27           3           2
          29           3           2
          31           3           2
          33           3           2
          35           3           2
          37           3           2
          39           3           2
          41           3           2
          43           3           2
          45           3           2
          47           3           2
# StartResidual    0.00000000000    
  4  Maxtime , Mintime + JacobiMi , JacobiMa    2.02280124900        2.02169353500        1.88393695700        1.92971105600       Residual    67066666.6135      MLUPs    5125.56535405    
  4  Maxtime , Mintime + JacobiMi , JacobiMa    1.98478321100        1.98477330100        1.88214635000        1.93333122700       Residual    11166666.6666      MLUPs    5223.74430746    
  4  Maxtime , Mintime + JacobiMi , JacobiMa    1.98326970900        1.98326532600        1.88289081900        1.93181825800       Residual    2378086.41904      MLUPs    5227.73072818    
  4  Maxtime , Mintime + JacobiMi , JacobiMa    1.98405742100        1.98404553800        1.88399779700        1.93266996600       Residual    706532.921676      MLUPs    5225.65521051    
  4  Maxtime , Mintime + JacobiMi , JacobiMa    1.98413423800        1.98412437100        1.88282306200        1.93252242700       Residual    289362.568585      MLUPs    5225.45289600    
  4  Maxtime , Mintime + JacobiMi , JacobiMa    1.98286051300        1.98285499200        1.88237188400        1.93169669400       Residual    149086.920963      MLUPs    5228.80955671    
  4  Maxtime , Mintime + JacobiMi , JacobiMa    1.98241290600        1.98239621300        1.88382519700        1.93093900900       Residual    88741.4937718      MLUPs    5229.99016432    
  4  Maxtime , Mintime + JacobiMi , JacobiMa    1.98728583000        1.98727490500        1.88231854200        1.93617275400       Residual    57945.1900278      MLUPs    5217.16596751    
  4  Maxtime , Mintime + JacobiMi , JacobiMa    1.98461891200        1.98461148900        1.88399235100        1.93352061600       Residual    40324.3034450      MLUPs    5224.17676125    
  4  Maxtime , Mintime + JacobiMi , JacobiMa    2.01284847200        2.01268266300        1.89641605900        1.93946775900       Residual    29402.8934406      MLUPs    5150.90934277    
