# Threadlevel provided:        3 out of        0        1        2        3
  spat_dim , proc_dim, PBC ? 
           1 -Dim Input         4800           8 T
           2 -Dim Input         3600           6 T
           3 -Dim Input          600           1 T
#   0 Process grid   8   6   1
          17           3           2
          18           3           2
          19           3           2
          21           3           2
          22           3           2
          23           3           2
          24           3           2
          25           3           2
          26           3           2
          30           3           2
          32           3           2
          33           3           2
          34           3           2
          37           3           2
          38           3           2
          39           3           2
          40           3           2
          41           3           2
          42           3           2
          45           3           2
          46           3           2
          47           3           2
           0           3           2
#   0  Allocated 2 arrays with a total of  3490.68      Mbytes 
           1           3           2
           2           3           2
           3           3           2
           5           3           2
           6           3           2
           7           3           2
           8           3           2
           9           3           2
          10           3           2
          13           3           2
          14           3           2
          15           3           2
          16           3           2
          29           3           2
          31           3           2
          35           3           2
           4           3           2
          11           3           2
          12           3           2
          20           3           2
          27           3           2
          28           3           2
          36           3           2
          43           3           2
          44           3           2
# StartResidual    0.00000000000    
  4  Maxtime , Mintime + JacobiMi , JacobiMa    4.07923233100        4.07881508700        3.80450370700        3.95518512200       Residual    62049999.9507      MLUPs    2541.65469351    
  4  Maxtime , Mintime + JacobiMi , JacobiMa    4.07288679400        4.07286979300        3.80616604000        3.94633973700       Residual    10333333.3333      MLUPs    2545.61457865    
  4  Maxtime , Mintime + JacobiMi , JacobiMa    4.07287097800        4.07283483300        3.80604360700        3.94619248800       Residual    2200617.28328      MLUPs    2545.62446392    
  4  Maxtime , Mintime + JacobiMi , JacobiMa    4.07433306900        4.07431806900        3.80529428200        3.94778916200       Residual    653806.584203      MLUPs    2544.71095623    
  4  Maxtime , Mintime + JacobiMi , JacobiMa    4.07358100600        4.07355327900        3.80608546600        3.94715828500       Residual    267768.347048      MLUPs    2545.18075981    
  4  Maxtime , Mintime + JacobiMi , JacobiMa    4.07294161600        4.07293096900        3.80680886400        3.94678439000       Residual    137961.031342      MLUPs    2545.58031455    
  4  Maxtime , Mintime + JacobiMi , JacobiMa    4.07356857200        4.07354953600        3.80694217600        3.94739623800       Residual    82118.9942360      MLUPs    2545.18852862    
  4  Maxtime , Mintime + JacobiMi , JacobiMa    4.07476500200        4.07474708700        3.80894231000        3.94771456600       Residual    53620.9221160      MLUPs    2544.44121193    
  4  Maxtime , Mintime + JacobiMi , JacobiMa    4.07404488300        4.07403090800        3.80838690200        3.94721182400       Residual    37315.0270683      MLUPs    2544.89096162    
  4  Maxtime , Mintime + JacobiMi , JacobiMa    4.08127868500        4.08125891400        3.80933578500        3.96232226900       Residual    27208.6476621      MLUPs    2540.38030731    
