# Threadlevel provided:        3 out of        0        1        2        3
  spat_dim , proc_dim, PBC ? 
           1 -Dim Input         2400           4 T
           2 -Dim Input         1800           3 T
           3 -Dim Input         2400           4 T
#   0 Process grid   4   3   4
           0           3           2
           1           3           2
           2           3           2
           3           3           2
           5           3           2
           9           3           2
          13           3           2
          16           3           2
          18           3           2
          19           3           2
          21           3           2
          25           3           2
          29           3           2
          32           3           2
          33           3           2
          34           3           2
          37           3           2
          41           3           2
          47           3           2
#   0  Allocated 2 arrays with a total of  3490.68      Mbytes 
           7           3           2
          11           3           2
          15           3           2
          23           3           2
          27           3           2
          31           3           2
          39           3           2
          43           3           2
          10           3           2
          42           3           2
           4           3           2
           8           3           2
          20           3           2
          24           3           2
          36           3           2
          17           3           2
          35           3           2
          45           3           2
           6           3           2
          14           3           2
          38           3           2
          40           3           2
          44           3           2
          46           3           2
          12           3           2
          30           3           2
          26           3           2
          22           3           2
          28           3           2
# StartResidual    0.00000000000    
  4  Maxtime , Mintime + JacobiMi , JacobiMa    4.07683513100        4.07656069600        3.80386329100        3.94417668600       Residual    40036666.6349      MLUPs    2543.14919953    
  4  Maxtime , Mintime + JacobiMi , JacobiMa    4.07507856700        4.07505928300        3.80468248600        3.95045848600       Residual    6666666.66664      MLUPs    2544.24542485    
  4  Maxtime , Mintime + JacobiMi , JacobiMa    4.07219734000        4.07218803200        3.80456577600        3.94350084000       Residual    1419753.08599      MLUPs    2546.04557057    
  4  Maxtime , Mintime + JacobiMi , JacobiMa    4.07478712800        4.07475820100        3.80521820200        3.94864926700       Residual    421810.699490      MLUPs    2544.42739567    
  4  Maxtime , Mintime + JacobiMi , JacobiMa    4.07305822100        4.07303467100        3.80302708600        3.94366890500       Residual    172753.772289      MLUPs    2545.50743875    
  4  Maxtime , Mintime + JacobiMi , JacobiMa    4.07732701700        4.07731557700        3.80445771700        3.95339426400       Residual    89007.1169946      MLUPs    2542.84239571    
  4  Maxtime , Mintime + JacobiMi , JacobiMa    4.07426646600        4.07425741100        3.80540963900        3.94551105100       Residual    52979.9962815      MLUPs    2544.75255522    
  4  Maxtime , Mintime + JacobiMi , JacobiMa    4.07548866900        4.07546106100        3.80463848200        3.94648942000       Residual    34594.1433006      MLUPs    2543.98940644    
  4  Maxtime , Mintime + JacobiMi , JacobiMa    4.46372938100        4.46370612300        3.80404655900        4.34025649100       Residual    24074.2110118      MLUPs    2322.72145443    
  4  Maxtime , Mintime + JacobiMi , JacobiMa    4.07554810600        4.07553416500        3.80590903900        3.94772710100       Residual    17553.9662335      MLUPs    2543.95230539    
