# Threadlevel provided:        3 out of        0        1        2        3
  spat_dim , proc_dim, PBC ? 
           1 -Dim Input         2400           4 T
           2 -Dim Input         1800           3 T
           3 -Dim Input         2400           4 T
#   0 Process grid   4   3   4
           7           3           2
          10           3           2
          12           3           2
          13           3           2
          14           3           2
          15           3           2
          16           3           2
          17           3           2
          18           3           2
          20           3           2
          22           3           2
          23           3           2
          25           3           2
          26           3           2
          28           3           2
          29           3           2
          30           3           2
          31           3           2
          32           3           2
          33           3           2
          34           3           2
          35           3           2
          36           3           2
          37           3           2
          38           3           2
          41           3           2
          42           3           2
          44           3           2
          45           3           2
          47           3           2
           0           3           2
#   0  Allocated 2 arrays with a total of  3490.68      Mbytes 
           1           3           2
           2           3           2
           3           3           2
           4           3           2
           5           3           2
           6           3           2
          11           3           2
          39           3           2
          43           3           2
          21           3           2
          19           3           2
          46           3           2
           8           3           2
          40           3           2
          24           3           2
           9           3           2
          27           3           2
# StartResidual    0.00000000000    
  4  Maxtime , Mintime + JacobiMi , JacobiMa    4.11482265800        4.11434176800        3.81861232700        3.99476309400       Residual    40036666.6349      MLUPs    2519.67116489    
  4  Maxtime , Mintime + JacobiMi , JacobiMa    4.11206242000        4.11204925500        3.81963275700        3.99540510500       Residual    6666666.66664      MLUPs    2521.36250403    
  4  Maxtime , Mintime + JacobiMi , JacobiMa    4.11119307200        4.11116658800        3.81939076200        3.99454970800       Residual    1419753.08599      MLUPs    2521.89566834    
  4  Maxtime , Mintime + JacobiMi , JacobiMa    4.11249666500        4.11247559500        3.81952112100        3.99572629500       Residual    421810.699490      MLUPs    2521.09626939    
  4  Maxtime , Mintime + JacobiMi , JacobiMa    4.11170940200        4.11169721800        3.81966917000        3.99507044400       Residual    172753.772289      MLUPs    2521.57898001    
  4  Maxtime , Mintime + JacobiMi , JacobiMa    4.11213599800        4.11212518700        3.82153604100        3.99562269300       Residual    89007.1169946      MLUPs    2521.31738956    
  4  Maxtime , Mintime + JacobiMi , JacobiMa    4.11202007400        4.11199806900        3.82092214700        3.99542617700       Residual    52979.9962815      MLUPs    2521.38846927    
  4  Maxtime , Mintime + JacobiMi , JacobiMa    4.11407812000        4.11406851200        3.82088146700        3.99759053800       Residual    34594.1433006      MLUPs    2520.12715792    
  4  Maxtime , Mintime + JacobiMi , JacobiMa    4.11263283700        4.11261637100        3.81968855500        3.99600235500       Residual    24074.2110118      MLUPs    2521.01279422    
  4  Maxtime , Mintime + JacobiMi , JacobiMa    4.11517529900        4.11515293700        3.82066068500        3.99861489300       Residual    17553.9662335      MLUPs    2519.45524715    
