# Threadlevel provided:        3 out of        0        1        2        3
  spat_dim , proc_dim, PBC ? 
           1 -Dim Input          600           1 T
           2 -Dim Input         2400           4 T
           3 -Dim Input         1800           3 T
#   0 Process grid   1   4   3
           8           3           2
           9           3           2
          10           3           2
          11           3           2
           0           3           2
#   0  Allocated 2 arrays with a total of  3490.68      Mbytes 
           1           3           2
           2           3           2
           3           3           2
           4           3           2
           5           3           2
           6           3           2
           7           3           2
# StartResidual    0.00000000000    
  4  Maxtime , Mintime + JacobiMi , JacobiMa    3.06425708100        3.06401998400        2.95300255800        2.96949652900       Residual    19026666.6516      MLUPs    845.882029961    
  4  Maxtime , Mintime + JacobiMi , JacobiMa    3.06329740800        3.06329299600        2.95433450200        2.97141625900       Residual    3166666.66665      MLUPs    846.147028764    
  4  Maxtime , Mintime + JacobiMi , JacobiMa    3.06261561600        3.06261258200        2.95395565000        2.97065394200       Residual    674382.715835      MLUPs    846.335395947    
  4  Maxtime , Mintime + JacobiMi , JacobiMa    3.06249073300        3.06248897100        2.95378058300        2.97042580600       Residual    200360.082265      MLUPs    846.369908020    
  4  Maxtime , Mintime + JacobiMi , JacobiMa    3.06207171700        3.06204731500        2.95399314100        2.96980266300       Residual    82058.0418383      MLUPs    846.485725860    
  4  Maxtime , Mintime + JacobiMi , JacobiMa    3.06221144600        3.06219942100        2.95381869100        2.97017509500       Residual    42278.3805727      MLUPs    846.447100636    
  4  Maxtime , Mintime + JacobiMi , JacobiMa    3.06330129900        3.06329100400        2.95402826700        2.97130681400       Residual    25165.4982340      MLUPs    846.145953990    
  4  Maxtime , Mintime + JacobiMi , JacobiMa    3.06360502200        3.06359443100        2.95396308600        2.97164086300       Residual    16432.2180675      MLUPs    846.062067854    
  4  Maxtime , Mintime + JacobiMi , JacobiMa    3.06345479000        3.06344905000        2.95501960200        2.97155533700       Residual    11435.2502304      MLUPs    846.103558786    
  4  Maxtime , Mintime + JacobiMi , JacobiMa    3.06424876000        3.06424196700        2.95597665200        2.97235522100       Residual    8338.13396099      MLUPs    845.884326963    
