# Threadlevel provided:        3 out of        0        1        2        3
  spat_dim , proc_dim, PBC ? 
           1 -Dim Input          600           1 T
           2 -Dim Input          600           1 T
           3 -Dim Input        28800          48 T
#   0 Process grid   1   1  48
          12           3           2
          14           3           2
          18           3           2
          20           3           2
          24           3           2
          26           3           2
          28           3           2
          30           3           2
          32           3           2
          34           3           2
          36           3           2
          38           3           2
          40           3           2
          42           3           2
          44           3           2
          46           3           2
           0           3           2
#   0  Allocated 2 arrays with a total of  3490.68      Mbytes 
           2           3           2
           4           3           2
           6           3           2
           8           3           2
          16           3           2
          10           3           2
           1           3           2
           3           3           2
          22           3           2
           5           3           2
           7           3           2
           9           3           2
          11           3           2
          13           3           2
          15           3           2
          17           3           2
          19           3           2
          21           3           2
          23           3           2
          25           3           2
          29           3           2
          31           3           2
          33           3           2
          35           3           2
          37           3           2
          39           3           2
          41           3           2
          43           3           2
          45           3           2
          47           3           2
          27           3           2
# StartResidual    0.00000000000    
  4  Maxtime , Mintime + JacobiMi , JacobiMa    1.99220553000        1.98414507900        1.88346395300        1.92100608100       Residual    97166666.5905      MLUPs    5204.28231117    
  4  Maxtime , Mintime + JacobiMi , JacobiMa    1.97576489800        1.97533525000        1.88626427900        1.92487260800       Residual    16166666.6666      MLUPs    5247.58791418    
  4  Maxtime , Mintime + JacobiMi , JacobiMa    1.97506147400        1.97504740600        1.88707840000        1.92411708600       Residual    3442901.23332      MLUPs    5249.45685817    
  4  Maxtime , Mintime + JacobiMi , JacobiMa    1.97755123500        1.97753653300        1.88660119300        1.92787263400       Residual    1022890.94628      MLUPs    5242.84772829    
  4  Maxtime , Mintime + JacobiMi , JacobiMa    1.97648632700        1.97646375400        1.88704979100        1.92660871200       Residual    418927.897807      MLUPs    5245.67251408    
  4  Maxtime , Mintime + JacobiMi , JacobiMa    1.97964495900        1.97962960500        1.88685659300        1.93029130100       Residual    215842.258725      MLUPs    5237.30275617    
  4  Maxtime , Mintime + JacobiMi , JacobiMa    1.97547418900        1.97546536800        1.88673681900        1.92400208700       Residual    128476.490986      MLUPs    5248.36014448    
  4  Maxtime , Mintime + JacobiMi , JacobiMa    1.97508234800        1.97507271300        1.88681550000        1.92393268700       Residual    83890.7975032      MLUPs    5249.40137838    
  4  Maxtime , Mintime + JacobiMi , JacobiMa    1.97883757200        1.97883219600        1.88687045700        1.92893301100       Residual    58379.9616994      MLUPs    5239.43963199    
  4  Maxtime , Mintime + JacobiMi , JacobiMa    1.97565127000        1.97564006600        1.88668864200        1.92490128600       Residual    42568.3681189      MLUPs    5247.88972499    
