# Threadlevel provided:        3 out of        0        1        2        3
  spat_dim , proc_dim, PBC ? 
           1 -Dim Input         1800           3 T
           2 -Dim Input         4800           8 T
           3 -Dim Input         1200           2 T
#   0 Process grid   3   8   2
           6           3           2
           7           3           2
           8           3           2
           9           3           2
          10           3           2
          12           3           2
          13           3           2
          14           3           2
          15           3           2
          16           3           2
          17           3           2
          18           3           2
          19           3           2
          20           3           2
          21           3           2
          22           3           2
          24           3           2
          25           3           2
          26           3           2
          28           3           2
          29           3           2
          30           3           2
          32           3           2
          33           3           2
          34           3           2
          35           3           2
          36           3           2
          37           3           2
          38           3           2
          39           3           2
          40           3           2
          42           3           2
          44           3           2
          45           3           2
          46           3           2
          47           3           2
           0           3           2
#   0  Allocated 2 arrays with a total of  3490.68      Mbytes 
           1           3           2
           2           3           2
           3           3           2
           4           3           2
           5           3           2
          41           3           2
          11           3           2
          27           3           2
          43           3           2
          31           3           2
          23           3           2
# StartResidual    0.00000000000    
  4  Maxtime , Mintime + JacobiMi , JacobiMa    4.08524604500        4.08504137300        3.80864506500        3.96308800000       Residual    46043333.2968      MLUPs    2537.91323357    
  4  Maxtime , Mintime + JacobiMi , JacobiMa    4.08411306000        4.08409173000        3.80938807200        3.96224845100       Residual    7666666.66663      MLUPs    2538.61728304    
  4  Maxtime , Mintime + JacobiMi , JacobiMa    4.08413015200        4.08411100500        3.80982628500        3.96246573300       Residual    1632716.04889      MLUPs    2538.60665898    
  4  Maxtime , Mintime + JacobiMi , JacobiMa    4.08307030100        4.08304440400        3.80967770700        3.96352714300       Residual    485082.304417      MLUPs    2539.26561036    
  4  Maxtime , Mintime + JacobiMi , JacobiMa    4.08334249200        4.08332665500        3.80906514400        3.96310613600       Residual    198666.838132      MLUPs    2539.09634578    
  4  Maxtime , Mintime + JacobiMi , JacobiMa    4.09389849300        4.09388651600        3.80962469700        3.96495231400       Residual    102358.184543      MLUPs    2532.54935796    
  4  Maxtime , Mintime + JacobiMi , JacobiMa    4.08165538400        4.08163612200        3.80888856800        3.96181729300       Residual    60926.9957236      MLUPs    2540.14585372    
  4  Maxtime , Mintime + JacobiMi , JacobiMa    4.08506658200        4.08503717900        3.80996674500        3.96479367100       Residual    39783.2647956      MLUPs    2538.02472784    
  4  Maxtime , Mintime + JacobiMi , JacobiMa    4.08343588200        4.08341693800        3.81031592200        3.96361538900       Residual    27685.3426636      MLUPs    2539.03827551    
  4  Maxtime , Mintime + JacobiMi , JacobiMa    4.08456634100        4.08454695900        3.81158485200        3.96491191000       Residual    20187.0611684      MLUPs    2538.33556232    
