# Threadlevel provided:        3 out of        0        1        2        3
  spat_dim , proc_dim, PBC ? 
           1 -Dim Input        14400          24 T
           2 -Dim Input         1200           2 T
           3 -Dim Input          600           1 T
#   0 Process grid  24   2   1
           6           3           2
           8           3           2
           9           3           2
          11           3           2
          12           3           2
          13           3           2
          16           3           2
          17           3           2
          18           3           2
          19           3           2
          20           3           2
          22           3           2
          23           3           2
          24           3           2
          25           3           2
          27           3           2
          28           3           2
          29           3           2
          30           3           2
          31           3           2
          32           3           2
          33           3           2
          34           3           2
          35           3           2
          36           3           2
          38           3           2
          40           3           2
          41           3           2
          42           3           2
          43           3           2
          44           3           2
          45           3           2
          46           3           2
          47           3           2
           0           3           2
#   0  Allocated 2 arrays with a total of  3490.68      Mbytes 
           1           3           2
           2           3           2
           3           3           2
           4           3           2
           5           3           2
          10           3           2
          14           3           2
          15           3           2
          26           3           2
          37           3           2
           7           3           2
          21           3           2
          39           3           2
# StartResidual    0.00000000000    
  4  Maxtime , Mintime + JacobiMi , JacobiMa    4.10088862200        4.10074928300        3.81958832700        3.98587019900       Residual    74089999.9415      MLUPs    2528.23252609    
  4  Maxtime , Mintime + JacobiMi , JacobiMa    4.09952082000        4.09949191800        3.81960703500        3.98757511000       Residual    12333333.3332      MLUPs    2529.07606894    
  4  Maxtime , Mintime + JacobiMi , JacobiMa    4.09890675000        4.09888671800        3.81897946800        3.98685600000       Residual    2626543.20907      MLUPs    2529.45495772    
  4  Maxtime , Mintime + JacobiMi , JacobiMa    4.09925498400        4.09923773300        3.82061771500        3.98725507800       Residual    780349.794049      MLUPs    2529.24007910    
  4  Maxtime , Mintime + JacobiMi , JacobiMa    4.10047188100        4.10013818900        3.81966602500        3.98867573100       Residual    319594.478736      MLUPs    2528.48947655    
  4  Maxtime , Mintime + JacobiMi , JacobiMa    4.10052253200        4.10050316400        3.81989793400        3.98816283400       Residual    164663.166441      MLUPs    2528.45824382    
  4  Maxtime , Mintime + JacobiMi , JacobiMa    4.10143244200        4.10141498200        3.81928621200        3.98956804500       Residual    98012.9931205      MLUPs    2527.89730091    
  4  Maxtime , Mintime + JacobiMi , JacobiMa    4.10124186000        4.10121124600        3.81980059300        3.98941970900       Residual    63999.1651062      MLUPs    2528.01477063    
  4  Maxtime , Mintime + JacobiMi , JacobiMa    4.10295252200        4.10294015200        3.82027866700        3.99080381300       Residual    44537.2903721      MLUPs    2526.96075434    
  4  Maxtime , Mintime + JacobiMi , JacobiMa    4.10328653800        4.10326435200        3.82084799400        3.99113122900       Residual    32474.8375327      MLUPs    2526.75505451    
