# Threadlevel provided:        3 out of        0        1        2        3
  spat_dim , proc_dim, PBC ? 
           1 -Dim Input        14400          24 T
           2 -Dim Input         1200           2 T
           3 -Dim Input          600           1 T
#   0 Process grid  24   2   1
          12           3           2
          16           3           2
          20           3           2
          28           3           2
          32           3           2
          36           3           2
          44           3           2
           0           3           2
#   0  Allocated 2 arrays with a total of  3490.68      Mbytes 
           4           3           2
          13           3           2
          15           3           2
          17           3           2
          19           3           2
          23           3           2
          25           3           2
          27           3           2
          29           3           2
          31           3           2
          33           3           2
          35           3           2
          37           3           2
          39           3           2
          41           3           2
          43           3           2
          45           3           2
          47           3           2
           1           3           2
           3           3           2
           5           3           2
           7           3           2
           9           3           2
          11           3           2
          30           3           2
          34           3           2
          38           3           2
          40           3           2
          42           3           2
          46           3           2
           2           3           2
           6           3           2
           8           3           2
          10           3           2
          14           3           2
          18           3           2
          22           3           2
          24           3           2
          26           3           2
          21           3           2
# StartResidual    0.00000000000    
  4  Maxtime , Mintime + JacobiMi , JacobiMa    4.10460993200        4.10418518000        3.81946961300        3.98984457000       Residual    74089999.9415      MLUPs    2525.94038697    
  4  Maxtime , Mintime + JacobiMi , JacobiMa    4.10198235000        4.10196947400        3.81892504900        3.99043384500       Residual    12333333.3332      MLUPs    2527.55841331    
  4  Maxtime , Mintime + JacobiMi , JacobiMa    4.10168170200        4.10164978300        3.81805790500        3.98980114100       Residual    2626543.20907      MLUPs    2527.74368010    
  4  Maxtime , Mintime + JacobiMi , JacobiMa    4.10167053800        4.10164850300        3.81845724500        3.98989552200       Residual    780349.794049      MLUPs    2527.75056015    
  4  Maxtime , Mintime + JacobiMi , JacobiMa    4.10189035500        4.10159814000        3.81894792500        3.99024125500       Residual    319594.478736      MLUPs    2527.61510004    
  4  Maxtime , Mintime + JacobiMi , JacobiMa    4.10251874900        4.10250573100        3.81899016300        3.99094337400       Residual    164663.166441      MLUPs    2527.22793833    
  4  Maxtime , Mintime + JacobiMi , JacobiMa    4.10378772900        4.10376491900        3.81977032400        3.99202162800       Residual    98012.9931205      MLUPs    2526.44646475    
  4  Maxtime , Mintime + JacobiMi , JacobiMa    4.10331786500        4.10330495900        3.81958064300        3.99155733000       Residual    63999.1651062      MLUPs    2526.73576386    
  4  Maxtime , Mintime + JacobiMi , JacobiMa    4.10370258800        4.10368340600        3.81981456100        3.99097715100       Residual    44537.2903721      MLUPs    2526.49888184    
  4  Maxtime , Mintime + JacobiMi , JacobiMa    4.10413345500        4.10411170400        3.82101948800        3.99286051800       Residual    32474.8375327      MLUPs    2526.23364071    
