# Threadlevel provided:        3 out of        0        1        2        3
  spat_dim , proc_dim, PBC ? 
           1 -Dim Input          600           1 T
           2 -Dim Input         3600           6 T
           3 -Dim Input         1200           2 T
#   0 Process grid   1   6   2
           0           3           2
           2           3           2
           3           3           2
           4           3           2
           5           3           2
           6           3           2
           7           3           2
           8           3           2
           9           3           2
          10           3           2
          11           3           2
           1           3           2
#   0  Allocated 2 arrays with a total of  3490.68      Mbytes 
# StartResidual    0.00000000000    
  4  Maxtime , Mintime + JacobiMi , JacobiMa    1.95825938300        1.95729653500        1.88278918100        1.90641983900       Residual    20029999.9842      MLUPs    1323.62445062    
  4  Maxtime , Mintime + JacobiMi , JacobiMa    1.95463291100        1.95462266400        1.88288632300        1.90583638200       Residual    3333333.33332      MLUPs    1326.08019921    
  4  Maxtime , Mintime + JacobiMi , JacobiMa    1.95471534600        1.95470828700        1.88264176000        1.90590048800       Residual    709876.542984      MLUPs    1326.02427525    
  4  Maxtime , Mintime + JacobiMi , JacobiMa    1.95464448400        1.95463801200        1.88264647300        1.90582123200       Residual    210905.349752      MLUPs    1326.07234779    
  4  Maxtime , Mintime + JacobiMi , JacobiMa    1.95447243400        1.95446819000        1.88241121200        1.90568489200       Residual    86376.8861455      MLUPs    1326.18908044    
  4  Maxtime , Mintime + JacobiMi , JacobiMa    1.95486851800        1.95485579700        1.88297513100        1.90608006200       Residual    44503.5584977      MLUPs    1325.92037579    
  4  Maxtime , Mintime + JacobiMi , JacobiMa    1.95466163000        1.95465655700        1.88249623400        1.90585467000       Residual    26489.9981411      MLUPs    1326.06071569    
  4  Maxtime , Mintime + JacobiMi , JacobiMa    1.95482927000        1.95482424200        1.88306374200        1.90600274800       Residual    17297.0716500      MLUPs    1325.94699690    
  4  Maxtime , Mintime + JacobiMi , JacobiMa    1.95488139200        1.95487413400        1.88281384300        1.90608323900       Residual    12037.1055057      MLUPs    1325.91164385    
  4  Maxtime , Mintime + JacobiMi , JacobiMa    1.95485926700        1.95485306100        1.88289687100        1.90608626000       Residual    8776.98311687      MLUPs    1325.92665045    
