# Threadlevel provided:        3 out of        0        1        2        3
  spat_dim , proc_dim, PBC ? 
           1 -Dim Input        14400          24 T
           2 -Dim Input         1200           2 T
           3 -Dim Input          600           1 T
#   0 Process grid  24   2   1
          12           3           2
          14           3           2
          16           3           2
          18           3           2
          20           3           2
          22           3           2
          24           3           2
          26           3           2
          28           3           2
          30           3           2
          32           3           2
          34           3           2
          36           3           2
          38           3           2
          40           3           2
          42           3           2
          44           3           2
          46           3           2
           0           3           2
#   0  Allocated 2 arrays with a total of  3490.68      Mbytes 
           2           3           2
           4           3           2
           6           3           2
           8           3           2
          10           3           2
           1           3           2
           3           3           2
           5           3           2
           7           3           2
           9           3           2
          11           3           2
          13           3           2
          15           3           2
          17           3           2
          19           3           2
          21           3           2
          23           3           2
          25           3           2
          27           3           2
          29           3           2
          31           3           2
          33           3           2
          35           3           2
          37           3           2
          39           3           2
          41           3           2
          43           3           2
          45           3           2
          47           3           2
# StartResidual    0.00000000000    
  4  Maxtime , Mintime + JacobiMi , JacobiMa    1.99455030700        1.98666032800        1.88466036100        1.93204657400       Residual    74089999.9415      MLUPs    5198.16419953    
  4  Maxtime , Mintime + JacobiMi , JacobiMa    1.97846234200        1.97827042300        1.88643399100        1.92546753800       Residual    12333333.3332      MLUPs    5240.43333042    
  4  Maxtime , Mintime + JacobiMi , JacobiMa    1.98796338300        1.98777026800        1.88627613800        1.93633611800       Residual    2626543.20907      MLUPs    5215.38781280    
  4  Maxtime , Mintime + JacobiMi , JacobiMa    1.97441130500        1.97422488100        1.88723853300        1.92166265200       Residual    780349.794049      MLUPs    5251.18549197    
  4  Maxtime , Mintime + JacobiMi , JacobiMa    1.97964763800        1.97821398900        1.88502664600        1.92506801600       Residual    319594.478736      MLUPs    5237.29566867    
  4  Maxtime , Mintime + JacobiMi , JacobiMa    1.98954855800        1.98935507400        1.88515216200        1.93093378200       Residual    164663.166441      MLUPs    5211.23244683    
  4  Maxtime , Mintime + JacobiMi , JacobiMa    1.97510080500        1.97490994200        1.88483685500        1.92203654400       Residual    98012.9931205      MLUPs    5249.35232356    
  4  Maxtime , Mintime + JacobiMi , JacobiMa    1.97493056500        1.97473126800        1.88530280500        1.92210598900       Residual    63999.1651062      MLUPs    5249.80482035    
  4  Maxtime , Mintime + JacobiMi , JacobiMa    1.98835088500        1.98816486900        1.88745121700        1.93726570200       Residual    44537.2903721      MLUPs    5214.37140608    
  4  Maxtime , Mintime + JacobiMi , JacobiMa    1.98474314100        1.98454317800        1.88811079300        1.93183631600       Residual    32474.8375327      MLUPs    5223.84976969    
