# Threadlevel provided:        3 out of        0        1        2        3
  spat_dim , proc_dim, PBC ? 
           1 -Dim Input         7200          12 T
           2 -Dim Input         2400           4 T
           3 -Dim Input          600           1 T
#   0 Process grid  12   4   1
           4           3           2
           5           3           2
           8           3           2
           9           3           2
          12           3           2
          13           3           2
          16           3           2
          17           3           2
          20           3           2
          21           3           2
          24           3           2
          25           3           2
          29           3           2
          32           3           2
          33           3           2
          36           3           2
          37           3           2
          40           3           2
          41           3           2
          44           3           2
          45           3           2
           0           3           2
#   0  Allocated 2 arrays with a total of  3490.68      Mbytes 
           1           3           2
          18           3           2
          22           3           2
          30           3           2
          34           3           2
          42           3           2
          46           3           2
           2           3           2
           6           3           2
          10           3           2
          14           3           2
          26           3           2
          38           3           2
          28           3           2
           3           3           2
           7           3           2
          11           3           2
          15           3           2
          19           3           2
          23           3           2
          27           3           2
          31           3           2
          35           3           2
          39           3           2
          43           3           2
          47           3           2
# StartResidual    0.00000000000    
  4  Maxtime , Mintime + JacobiMi , JacobiMa    4.08226485000        4.08179805500        3.81089931500        3.95212157700       Residual    64056666.6158      MLUPs    2539.76661999    
  4  Maxtime , Mintime + JacobiMi , JacobiMa    4.08414062500        4.08380937700        3.80502731400        3.96586784600       Residual    10666666.6666      MLUPs    2538.60014921    
  4  Maxtime , Mintime + JacobiMi , JacobiMa    4.08268681900        4.08236088300        3.80455464400        3.96373801800       Residual    2271604.93757      MLUPs    2539.50412061    
  4  Maxtime , Mintime + JacobiMi , JacobiMa    4.08572745100        4.08539400400        3.80456989500        3.96719802700       Residual    674897.119176      MLUPs    2537.61420074    
  4  Maxtime , Mintime + JacobiMi , JacobiMa    4.08474817900        4.08442590300        3.80494014900        3.96546019100       Residual    276406.035663      MLUPs    2538.22256493    
  4  Maxtime , Mintime + JacobiMi , JacobiMa    4.08674722300        4.08644062400        3.80561394200        3.96763121400       Residual    142411.387192      MLUPs    2536.98098616    
  4  Maxtime , Mintime + JacobiMi , JacobiMa    4.08364424800        4.08334493500        3.80459370400        3.96549772200       Residual    84767.9940500      MLUPs    2538.90872230    
  4  Maxtime , Mintime + JacobiMi , JacobiMa    4.08556931000        4.08527074700        3.80514267900        3.96651265000       Residual    55350.6292810      MLUPs    2537.71242471    
  4  Maxtime , Mintime + JacobiMi , JacobiMa    4.08619846500        4.08590764600        3.80541415300        3.96722168100       Residual    38518.7376189      MLUPs    2537.32169125    
  4  Maxtime , Mintime + JacobiMi , JacobiMa    4.08945985600        4.08915636600        3.80637408300        3.97046070500       Residual    28086.3459739      MLUPs    2535.29814819    
