# Threadlevel provided:        3 out of        0        1        2        3
  spat_dim , proc_dim, PBC ? 
           1 -Dim Input         4800           8 T
           2 -Dim Input          600           1 T
           3 -Dim Input          600           1 T
#   0 Process grid   8   1   1
           0           3           2
           3           3           2
           4           3           2
           5           3           2
           6           3           2
           7           3           2
           1           3           2
           2           3           2
#   0  Allocated 2 arrays with a total of  3490.68      Mbytes 
# StartResidual    0.00000000000    
  4  Maxtime , Mintime + JacobiMi , JacobiMa    1.94287380700        1.94273099200        1.88312136300        1.88979849200       Residual    17033333.3200      MLUPs    889.404136169    
  4  Maxtime , Mintime + JacobiMi , JacobiMa    1.93928935100        1.93928059500        1.88306597300        1.88951735100       Residual    2833333.33333      MLUPs    891.048052787    
  4  Maxtime , Mintime + JacobiMi , JacobiMa    1.93947605600        1.93947309100        1.88276932900        1.88946615100       Residual    603395.061531      MLUPs    890.962275432    
  4  Maxtime , Mintime + JacobiMi , JacobiMa    1.93990329500        1.93989580700        1.88299402600        1.88989800500       Residual    179269.547283      MLUPs    890.766052336    
  4  Maxtime , Mintime + JacobiMi , JacobiMa    1.93949363500        1.93948927000        1.88320497800        1.88957466800       Residual    73420.3532250      MLUPs    890.954200012    
  4  Maxtime , Mintime + JacobiMi , JacobiMa    1.93973779500        1.93973113500        1.88330467500        1.88973896200       Residual    37828.0247242      MLUPs    890.842053217    
  4  Maxtime , Mintime + JacobiMi , JacobiMa    1.93943421800        1.93942573600        1.88274748600        1.88942363500       Residual    22516.4984200      MLUPs    890.981495512    
  4  Maxtime , Mintime + JacobiMi , JacobiMa    1.93970946600        1.93970672200        1.88315675200        1.88969156000       Residual    14702.5109027      MLUPs    890.855063755    
  4  Maxtime , Mintime + JacobiMi , JacobiMa    1.93945075900        1.93944797900        1.88295372700        1.88951486000       Residual    10231.5396794      MLUPs    890.973896595    
  4  Maxtime , Mintime + JacobiMi , JacobiMa    1.93968877900        1.93967972200        1.88312425500        1.88978189700       Residual    7460.43564967      MLUPs    890.864564825    
