# Threadlevel provided:        3 out of        0        1        2        3
  spat_dim , proc_dim, PBC ? 
           1 -Dim Input         3600           6 T
           2 -Dim Input         1200           2 T
           3 -Dim Input         2400           4 T
#   0 Process grid   6   2   4
          44           3           2
           0           3           2
#   0  Allocated 2 arrays with a total of  3490.68      Mbytes 
           4           3           2
           8           3           2
          12           3           2
          16           3           2
          20           3           2
          24           3           2
          28           3           2
          32           3           2
          36           3           2
           1           3           2
           3           3           2
           5           3           2
           7           3           2
           9           3           2
          11           3           2
          13           3           2
          15           3           2
          17           3           2
          19           3           2
          21           3           2
          23           3           2
          25           3           2
          27           3           2
          29           3           2
          31           3           2
          33           3           2
          35           3           2
          37           3           2
          39           3           2
          41           3           2
          43           3           2
          45           3           2
          47           3           2
          42           3           2
          46           3           2
           2           3           2
           6           3           2
          10           3           2
          14           3           2
          18           3           2
          22           3           2
          26           3           2
          30           3           2
          34           3           2
          38           3           2
          40           3           2
# StartResidual    0.00000000000    
  4  Maxtime , Mintime + JacobiMi , JacobiMa    4.10766200100        4.10751820300        3.81799899400        3.98871279500       Residual    44039999.9650      MLUPs    2524.06356645    
  4  Maxtime , Mintime + JacobiMi , JacobiMa    4.11030276200        4.11028228300        3.81767137200        3.98967181700       Residual    7333333.33329      MLUPs    2522.44192225    
  4  Maxtime , Mintime + JacobiMi , JacobiMa    4.10555754600        4.10553210100        3.81852970200        3.98973095100       Residual    1561728.39458      MLUPs    2525.35736836    
  4  Maxtime , Mintime + JacobiMi , JacobiMa    4.10634412700        4.10632122900        3.81871031200        3.99069902300       Residual    463991.769434      MLUPs    2524.87362952    
  4  Maxtime , Mintime + JacobiMi , JacobiMa    4.10526561300        4.10525683400        3.81978848200        3.98937757400       Residual    190029.149518      MLUPs    2525.53695117    
  4  Maxtime , Mintime + JacobiMi , JacobiMa    4.10709913000        4.10707866300        3.81942269600        3.99105996600       Residual    97907.8286944      MLUPs    2524.40948510    
  4  Maxtime , Mintime + JacobiMi , JacobiMa    4.10507936700        4.10506208700        3.81866464200        3.98924769200       Residual    58277.9959096      MLUPs    2525.65153389    
  4  Maxtime , Mintime + JacobiMi , JacobiMa    4.10726467500        4.10724927000        3.82029856800        3.99162006700       Residual    38053.5576307      MLUPs    2524.30773773    
  4  Maxtime , Mintime + JacobiMi , JacobiMa    4.10854170300        4.10852300000        3.81921318800        3.99233056100       Residual    26481.6321129      MLUPs    2523.52312560    
  4  Maxtime , Mintime + JacobiMi , JacobiMa    4.10809405300        4.10806613400        3.82037507100        3.99227259300       Residual    19309.3628569      MLUPs    2523.79810838    
