# Threadlevel provided:        3 out of        0        1        2        3
  spat_dim , proc_dim, PBC ? 
           1 -Dim Input         1200           2 T
           2 -Dim Input         3600           6 T
           3 -Dim Input          600           1 T
#   0 Process grid   2   6   1
           0           3           2
           1           3           2
           2           3           2
           3           3           2
           4           3           2
           5           3           2
           6           3           2
           7           3           2
           8           3           2
           9           3           2
          10           3           2
          11           3           2
#   0  Allocated 2 arrays with a total of  3490.68      Mbytes 
# StartResidual    0.00000000000    
  4  Maxtime , Mintime + JacobiMi , JacobiMa    1.96946512700        1.96932860400        1.89949946600        1.91246820200       Residual    20029999.9842      MLUPs    1316.09337198    
  4  Maxtime , Mintime + JacobiMi , JacobiMa    1.96746702200        1.96745837900        1.89946503200        1.91317201600       Residual    3333333.33332      MLUPs    1317.42995995    
  4  Maxtime , Mintime + JacobiMi , JacobiMa    1.96742934800        1.96742700300        1.89942016800        1.91296675400       Residual    709876.542990      MLUPs    1317.45518721    
  4  Maxtime , Mintime + JacobiMi , JacobiMa    1.96666030000        1.96665169300        1.89890011000        1.91233441500       Residual    210905.349749      MLUPs    1317.97036834    
  4  Maxtime , Mintime + JacobiMi , JacobiMa    1.96600930900        1.96599280400        1.89821768800        1.91161015800       Residual    86376.8861456      MLUPs    1318.40677871    
  4  Maxtime , Mintime + JacobiMi , JacobiMa    1.96681637100        1.96681230100        1.89917325800        1.91245618600       Residual    44503.5584978      MLUPs    1317.86578463    
  4  Maxtime , Mintime + JacobiMi , JacobiMa    1.96664491900        1.96664111800        1.89908644600        1.91221225500       Residual    26489.9981409      MLUPs    1317.98067610    
  4  Maxtime , Mintime + JacobiMi , JacobiMa    1.96692239900        1.96691259300        1.89940011700        1.91254565900       Residual    17297.0716502      MLUPs    1317.79474438    
  4  Maxtime , Mintime + JacobiMi , JacobiMa    1.96808397800        1.96807681300        1.90032098900        1.91361305400       Residual    12037.1055058      MLUPs    1317.01697132    
  4  Maxtime , Mintime + JacobiMi , JacobiMa    1.96946675200        1.96945901500        1.90172862700        1.91504464600       Residual    8776.98311691      MLUPs    1316.09228608    
