# Threadlevel provided:        3 out of        0        1        2        3
  spat_dim , proc_dim, PBC ? 
           1 -Dim Input         3600           6 T
           2 -Dim Input         1200           2 T
           3 -Dim Input          600           1 T
#   0 Process grid   6   2   1
           0           3           2
           4           3           2
           5           3           2
           6           3           2
           7           3           2
           8           3           2
           9           3           2
          10           3           2
          11           3           2
           1           3           2
           2           3           2
           3           3           2
#   0  Allocated 2 arrays with a total of  3490.68      Mbytes 
# StartResidual    0.00000000000    
  4  Maxtime , Mintime + JacobiMi , JacobiMa    1.94268447200        1.94143847800        1.88236116200        1.88943475100       Residual    20029999.9842      MLUPs    1334.23622691    
  4  Maxtime , Mintime + JacobiMi , JacobiMa    1.93934736800        1.93934079600        1.88271734000        1.88964847300       Residual    3333333.33331      MLUPs    1336.53209465    
  4  Maxtime , Mintime + JacobiMi , JacobiMa    1.93924120400        1.93923570000        1.88233350000        1.88949207100       Residual    709876.542986      MLUPs    1336.60526326    
  4  Maxtime , Mintime + JacobiMi , JacobiMa    1.93938747300        1.93938278200        1.88268733600        1.88963420700       Residual    210905.349744      MLUPs    1336.50445622    
  4  Maxtime , Mintime + JacobiMi , JacobiMa    1.93911572700        1.93910998200        1.88245631600        1.88939277200       Residual    86376.8861454      MLUPs    1336.69175280    
  4  Maxtime , Mintime + JacobiMi , JacobiMa    1.93936940900        1.93935054700        1.88257534600        1.88958277900       Residual    44503.5584980      MLUPs    1336.51690491    
  4  Maxtime , Mintime + JacobiMi , JacobiMa    1.93922071400        1.93921544900        1.88239248900        1.88950506100       Residual    26489.9981408      MLUPs    1336.61938597    
  4  Maxtime , Mintime + JacobiMi , JacobiMa    1.93942686400        1.93942173100        1.88283528800        1.88968452700       Residual    17297.0716503      MLUPs    1336.47731096    
  4  Maxtime , Mintime + JacobiMi , JacobiMa    1.93906848600        1.93906450800        1.88231125900        1.88931872100       Residual    12037.1055057      MLUPs    1336.72431826    
  4  Maxtime , Mintime + JacobiMi , JacobiMa    1.93938184400        1.93937764600        1.88262968900        1.88967377400       Residual    8776.98311703      MLUPs    1336.50833538    
