# Threadlevel provided:        3 out of        0        1        2        3
  spat_dim , proc_dim, PBC ? 
           1 -Dim Input          600           1 T
           2 -Dim Input          600           1 T
           3 -Dim Input         4800           8 T
#   0 Process grid   1   1   8
           0           3           2
           1           3           2
           2           3           2
           3           3           2
           4           3           2
           5           3           2
           6           3           2
           7           3           2
#   0  Allocated 2 arrays with a total of  3490.68      Mbytes 
# StartResidual    0.00000000000    
  4  Maxtime , Mintime + JacobiMi , JacobiMa    1.95456034900        1.95399800900        1.88234101200        1.90467085500       Residual    17033333.3200      MLUPs    884.086286148    
  4  Maxtime , Mintime + JacobiMi , JacobiMa    1.95228600700        1.95228472100        1.88242411000        1.90453725600       Residual    2833333.33332      MLUPs    885.116214430    
  4  Maxtime , Mintime + JacobiMi , JacobiMa    1.95220330400        1.95220112400        1.88219462500        1.90446728300       Residual    603395.061508      MLUPs    885.153711429    
  4  Maxtime , Mintime + JacobiMi , JacobiMa    1.95232957400        1.95232793500        1.88236978600        1.90468073200       Residual    179269.547286      MLUPs    885.096462714    
  4  Maxtime , Mintime + JacobiMi , JacobiMa    1.95225608400        1.95225440500        1.88207323400        1.90449614200       Residual    73420.3532249      MLUPs    885.129780956    
  4  Maxtime , Mintime + JacobiMi , JacobiMa    1.95222443300        1.95222246500        1.88238256000        1.90450549400       Residual    37828.0247253      MLUPs    885.144131377    
  4  Maxtime , Mintime + JacobiMi , JacobiMa    1.95238179100        1.95238021800        1.88231950400        1.90462712700       Residual    22516.4984204      MLUPs    885.072790561    
  4  Maxtime , Mintime + JacobiMi , JacobiMa    1.95236770100        1.95236596700        1.88244566100        1.90464710500       Residual    14702.5109025      MLUPs    885.079178023    
  4  Maxtime , Mintime + JacobiMi , JacobiMa    1.95233557400        1.95233442100        1.88230641600        1.90460922100       Residual    10231.5396791      MLUPs    885.093742599    
  4  Maxtime , Mintime + JacobiMi , JacobiMa    1.95246899100        1.95246773200        1.88250789000        1.90471502100       Residual    7460.43564966      MLUPs    885.033261970    
