# Threadlevel provided:        3 out of        0        1        2        3
  spat_dim , proc_dim, PBC ? 
           1 -Dim Input          600           1 T
           2 -Dim Input         1800           3 T
           3 -Dim Input         2400           4 T
#   0 Process grid   1   3   4
           2           3           2
           3           3           2
           4           3           2
           5           3           2
           6           3           2
           7           3           2
           8           3           2
           9           3           2
          10           3           2
          11           3           2
           0           3           2
#   0  Allocated 2 arrays with a total of  3490.68      Mbytes 
           1           3           2
# StartResidual    0.00000000000    
  4  Maxtime , Mintime + JacobiMi , JacobiMa    2.89428184700        2.89422853800        2.73078284600        2.80578277600       Residual    19026666.6516      MLUPs    895.558945887    
  4  Maxtime , Mintime + JacobiMi , JacobiMa    2.89092860100        2.89092244300        2.73152969700        2.80511424000       Residual    3166666.66665      MLUPs    896.597722650    
  4  Maxtime , Mintime + JacobiMi , JacobiMa    2.89102051800        2.89101310200        2.73121988000        2.80517494200       Residual    674382.715835      MLUPs    896.569216255    
  4  Maxtime , Mintime + JacobiMi , JacobiMa    2.89080514400        2.89079578900        2.73161070000        2.80490019400       Residual    200360.082265      MLUPs    896.636013458    
  4  Maxtime , Mintime + JacobiMi , JacobiMa    2.89140908800        2.89139520300        2.73137771200        2.80545219000       Residual    82058.0418383      MLUPs    896.448728323    
  4  Maxtime , Mintime + JacobiMi , JacobiMa    2.89244510200        2.89242470900        2.73142360100        2.80659980600       Residual    42278.3805727      MLUPs    896.127638933    
  4  Maxtime , Mintime + JacobiMi , JacobiMa    2.89244462200        2.89243605700        2.73133436300        2.80658992200       Residual    25165.4982340      MLUPs    896.127787646    
  4  Maxtime , Mintime + JacobiMi , JacobiMa    2.89228258500        2.89227292800        2.73112376700        2.80637946500       Residual    16432.2180675      MLUPs    896.177992234    
  4  Maxtime , Mintime + JacobiMi , JacobiMa    2.89130711400        2.89130125600        2.73147245100        2.80540195900       Residual    11435.2502304      MLUPs    896.480345325    
  4  Maxtime , Mintime + JacobiMi , JacobiMa    2.89249696300        2.89249343600        2.73175821400        2.80662236400       Residual    8338.13396099      MLUPs    896.111571821    
