# Threadlevel provided:        3 out of        0        1        2        3
  spat_dim , proc_dim, PBC ? 
           1 -Dim Input          600           1 T
           2 -Dim Input         1800           3 T
           3 -Dim Input         2400           4 T
#   0 Process grid   1   3   4
           0           3           2
           2           3           2
           3           3           2
           4           3           2
           5           3           2
           6           3           2
           7           3           2
           8           3           2
           9           3           2
          10           3           2
          11           3           2
#   0  Allocated 2 arrays with a total of  3490.68      Mbytes 
           1           3           2
# StartResidual    0.00000000000    
  4  Maxtime , Mintime + JacobiMi , JacobiMa    2.89274842100        2.89244259500        2.72980328800        2.80423774300       Residual    19026666.6516      MLUPs    896.033675512    
  4  Maxtime , Mintime + JacobiMi , JacobiMa    2.88948761200        2.88948251800        2.72930717000        2.80363768900       Residual    3166666.66665      MLUPs    897.044856408    
  4  Maxtime , Mintime + JacobiMi , JacobiMa    2.88884813600        2.88884420600        2.72903741900        2.80298524300       Residual    674382.715835      MLUPs    897.243426437    
  4  Maxtime , Mintime + JacobiMi , JacobiMa    2.88843971200        2.88843548800        2.72922468000        2.80270600100       Residual    200360.082265      MLUPs    897.370296230    
  4  Maxtime , Mintime + JacobiMi , JacobiMa    2.88872094400        2.88871532700        2.72974771100        2.80292658700       Residual    82058.0418383      MLUPs    897.282932567    
  4  Maxtime , Mintime + JacobiMi , JacobiMa    2.88822878000        2.88821826600        2.73025963500        2.80238190800       Residual    42278.3805727      MLUPs    897.435832628    
  4  Maxtime , Mintime + JacobiMi , JacobiMa    2.88780852300        2.88779304800        2.72995978700        2.80200388200       Residual    25165.4982340      MLUPs    897.566434670    
  4  Maxtime , Mintime + JacobiMi , JacobiMa    2.88926322500        2.88925814900        2.72934237100        2.80347154600       Residual    16432.2180675      MLUPs    897.114523029    
  4  Maxtime , Mintime + JacobiMi , JacobiMa    2.88880086800        2.88879604200        2.72971023800        2.80304905500       Residual    11435.2502304      MLUPs    897.258107581    
  4  Maxtime , Mintime + JacobiMi , JacobiMa    2.88947402400        2.88946900600        2.72937869400        2.80368871300       Residual    8338.13396099      MLUPs    897.049074839    
