# Threadlevel provided:        3 out of        0        1        2        3
  spat_dim , proc_dim, PBC ? 
           1 -Dim Input         7200          12 T
           2 -Dim Input          600           1 T
           3 -Dim Input         1200           2 T
#   0 Process grid  12   1   2
           0           3           2
           2           3           2
           4           3           2
           6           3           2
           8           3           2
          10           3           2
          12           3           2
          14           3           2
          16           3           2
          18           3           2
          20           3           2
          22           3           2
#   0  Allocated 2 arrays with a total of  3490.68      Mbytes 
           1           3           2
           3           3           2
           5           3           2
           7           3           2
           9           3           2
          11           3           2
          13           3           2
          15           3           2
          17           3           2
          19           3           2
          21           3           2
          23           3           2
# StartResidual    0.00000000000    
  4  Maxtime , Mintime + JacobiMi , JacobiMa    1.96148951800        1.96144102400        1.88185422300        1.90101432100       Residual    38049999.9700      MLUPs    2642.88947375    
  4  Maxtime , Mintime + JacobiMi , JacobiMa    1.95914150100        1.95913365600        1.88188755100        1.90109960700       Residual    6333333.33329      MLUPs    2646.05695778    
  4  Maxtime , Mintime + JacobiMi , JacobiMa    1.95912974400        1.95911463500        1.88177653600        1.90105295300       Residual    1348765.43168      MLUPs    2646.07283712    
  4  Maxtime , Mintime + JacobiMi , JacobiMa    1.95922499400        1.95922134600        1.88210710100        1.90115439700       Residual    400720.164513      MLUPs    2645.94419522    
  4  Maxtime , Mintime + JacobiMi , JacobiMa    1.95900012300        1.95899350400        1.88167130100        1.90090898000       Residual    164116.083675      MLUPs    2646.24791961    
  4  Maxtime , Mintime + JacobiMi , JacobiMa    1.95920454200        1.95919863900        1.88190439700        1.90107839900       Residual    84556.7611456      MLUPs    2645.97181605    
  4  Maxtime , Mintime + JacobiMi , JacobiMa    1.95901177500        1.95900643300        1.88169163800        1.90093929800       Residual    50330.9964674      MLUPs    2646.23218000    
  4  Maxtime , Mintime + JacobiMi , JacobiMa    1.95931036000        1.95929969500        1.88202656800        1.90116768100       Residual    32864.4361356      MLUPs    2645.82891299    
  4  Maxtime , Mintime + JacobiMi , JacobiMa    1.95918321900        1.95917311400        1.88162517400        1.90109740600       Residual    22870.5004612      MLUPs    2646.00061379    
  4  Maxtime , Mintime + JacobiMi , JacobiMa    1.96005995500        1.96004718000        1.88200491900        1.90187158100       Residual    16676.2679222      MLUPs    2644.81705612    
