# Threadlevel provided:        3 out of        0        1        2        3
  spat_dim , proc_dim, PBC ? 
           1 -Dim Input         7200          12 T
           2 -Dim Input          600           1 T
           3 -Dim Input         1200           2 T
#   0 Process grid  12   1   2
          22           3           2
           0           3           2
#   0  Allocated 2 arrays with a total of  3490.68      Mbytes 
           2           3           2
           4           3           2
           6           3           2
           8           3           2
          10           3           2
          12           3           2
          14           3           2
          16           3           2
          18           3           2
          20           3           2
           1           3           2
           5           3           2
           9           3           2
          13           3           2
          17           3           2
          21           3           2
           3           3           2
           7           3           2
          11           3           2
          15           3           2
          19           3           2
          23           3           2
# StartResidual    0.00000000000    
  4  Maxtime , Mintime + JacobiMi , JacobiMa    1.95965825000        1.95853805700        1.88146341200        1.89604328700       Residual    38049999.9700      MLUPs    2645.35920995    
  4  Maxtime , Mintime + JacobiMi , JacobiMa    1.95764804200        1.95762637400        1.88186889800        1.89639687200       Residual    6333333.33329      MLUPs    2648.07559315    
  4  Maxtime , Mintime + JacobiMi , JacobiMa    1.95724600900        1.95723790000        1.88142657600        1.89590628500       Residual    1348765.43168      MLUPs    2648.61952773    
  4  Maxtime , Mintime + JacobiMi , JacobiMa    1.95747670000        1.95747062600        1.88175161500        1.89624025600       Residual    400720.164513      MLUPs    2648.30738471    
  4  Maxtime , Mintime + JacobiMi , JacobiMa    1.95742575000        1.95741921300        1.88142588100        1.89614737600       Residual    164116.083675      MLUPs    2648.37631772    
  4  Maxtime , Mintime + JacobiMi , JacobiMa    1.95749786400        1.95749075100        1.88177597700        1.89622477900       Residual    84556.7611456      MLUPs    2648.27875184    
  4  Maxtime , Mintime + JacobiMi , JacobiMa    1.95719181100        1.95718394800        1.88134279300        1.89597931700       Residual    50330.9964674      MLUPs    2648.69287255    
  4  Maxtime , Mintime + JacobiMi , JacobiMa    1.95738951100        1.95737636100        1.88187022000        1.89610219700       Residual    32864.4361356      MLUPs    2648.42534961    
  4  Maxtime , Mintime + JacobiMi , JacobiMa    1.95730405100        1.95729783700        1.88127105300        1.89596872900       Residual    22870.5004612      MLUPs    2648.54098542    
  4  Maxtime , Mintime + JacobiMi , JacobiMa    1.95749743200        1.95748981400        1.88159757900        1.89620453900       Residual    16676.2679222      MLUPs    2648.27933629    
