# Threadlevel provided:        3 out of        0        1        2        3
  spat_dim , proc_dim, PBC ? 
           1 -Dim Input         2400           4 T
           2 -Dim Input         1800           3 T
           3 -Dim Input         2400           4 T
#   0 Process grid   4   3   4
          16           3           2
          17           3           2
          18           3           2
          21           3           2
          24           3           2
          25           3           2
          26           3           2
          27           3           2
          28           3           2
          29           3           2
          30           3           2
          31           3           2
          32           3           2
          34           3           2
          35           3           2
          36           3           2
          37           3           2
          38           3           2
          39           3           2
          40           3           2
          41           3           2
          42           3           2
          43           3           2
          44           3           2
          45           3           2
          46           3           2
          47           3           2
           0           3           2
#   0  Allocated 2 arrays with a total of  3490.68      Mbytes 
           1           3           2
           2           3           2
           3           3           2
           5           3           2
           6           3           2
           7           3           2
           8           3           2
           9           3           2
          10           3           2
          12           3           2
          13           3           2
          14           3           2
          15           3           2
          19           3           2
          20           3           2
          22           3           2
          23           3           2
          33           3           2
           4           3           2
          11           3           2
# StartResidual    0.00000000000    
  4  Maxtime , Mintime + JacobiMi , JacobiMa    4.07551873700        4.07526240900        3.80566004700        3.94399235900       Residual    40036666.6349      MLUPs    2543.97063762    
  4  Maxtime , Mintime + JacobiMi , JacobiMa    4.07306177300        4.07304204300        3.80659669100        3.94519754800       Residual    6666666.66664      MLUPs    2545.50521888    
  4  Maxtime , Mintime + JacobiMi , JacobiMa    4.07415740000        4.07414352300        3.80553548200        3.94538859900       Residual    1419753.08599      MLUPs    2544.82067875    
  4  Maxtime , Mintime + JacobiMi , JacobiMa    4.07438309400        4.07436652500        3.80548264200        3.94662509900       Residual    421810.699490      MLUPs    2544.67971244    
  4  Maxtime , Mintime + JacobiMi , JacobiMa    4.07507746900        4.07505514300        3.80552456000        3.94664744000       Residual    172753.772289      MLUPs    2544.24611038    
  4  Maxtime , Mintime + JacobiMi , JacobiMa    4.07437503800        4.07436596500        3.80564955200        3.94612049200       Residual    89007.1169946      MLUPs    2544.68474387    
  4  Maxtime , Mintime + JacobiMi , JacobiMa    4.07386037500        4.07384283100        3.80620124900        3.94564731400       Residual    52979.9962815      MLUPs    2545.00622153    
  4  Maxtime , Mintime + JacobiMi , JacobiMa    4.07510187600        4.07507619000        3.80584758200        3.94780252300       Residual    34594.1433006      MLUPs    2544.23087213    
  4  Maxtime , Mintime + JacobiMi , JacobiMa    4.07809602100        4.07807489200        3.80559422400        3.94569893600       Residual    24074.2110118      MLUPs    2542.36289352    
  4  Maxtime , Mintime + JacobiMi , JacobiMa    4.07453587600        4.07452884100        3.80612543000        3.94641804600       Residual    17553.9662335      MLUPs    2544.58429513    
