# Threadlevel provided:        3 out of        0        1        2        3
  spat_dim , proc_dim, PBC ? 
           1 -Dim Input         2400           4 T
           2 -Dim Input         1800           3 T
           3 -Dim Input         2400           4 T
#   0 Process grid   4   3   4
           3           3           2
           4           3           2
           5           3           2
           8           3           2
           9           3           2
          11           3           2
          13           3           2
          16           3           2
          17           3           2
          19           3           2
          20           3           2
          25           3           2
          32           3           2
          33           3           2
          35           3           2
          36           3           2
          40           3           2
          41           3           2
          43           3           2
          45           3           2
           0           3           2
#   0  Allocated 2 arrays with a total of  3490.68      Mbytes 
           1           3           2
          27           3           2
          37           3           2
          24           3           2
          29           3           2
          21           3           2
          28           3           2
          44           3           2
          12           3           2
           7           3           2
          15           3           2
          23           3           2
          31           3           2
          39           3           2
          47           3           2
           2           3           2
           6           3           2
          10           3           2
          14           3           2
          18           3           2
          22           3           2
          26           3           2
          30           3           2
          34           3           2
          38           3           2
          42           3           2
          46           3           2
# StartResidual    0.00000000000    
  4  Maxtime , Mintime + JacobiMi , JacobiMa    4.10627107700        4.10590435800        3.81810014100        3.98524850500       Residual    40036666.6349      MLUPs    2524.91854668    
  4  Maxtime , Mintime + JacobiMi , JacobiMa    4.10494137300        4.10493052900        3.81908266400        3.98734080300       Residual    6666666.66664      MLUPs    2525.73643760    
  4  Maxtime , Mintime + JacobiMi , JacobiMa    4.10333573600        4.10331023700        3.81758830100        3.98566560200       Residual    1419753.08599      MLUPs    2526.72475933    
  4  Maxtime , Mintime + JacobiMi , JacobiMa    4.10448375000        4.10446719800        3.81938809200        3.98656102900       Residual    421810.699490      MLUPs    2526.01804064    
  4  Maxtime , Mintime + JacobiMi , JacobiMa    4.10397478700        4.10357122100        3.81960746100        3.98632093400       Residual    172753.772289      MLUPs    2526.33131004    
  4  Maxtime , Mintime + JacobiMi , JacobiMa    4.10522995900        4.10521227100        3.82013426700        3.98749962000       Residual    89007.1169946      MLUPs    2525.55888551    
  4  Maxtime , Mintime + JacobiMi , JacobiMa    4.10419527300        4.10418638700        3.81909914600        3.98673481500       Residual    52979.9962815      MLUPs    2526.19559021    
  4  Maxtime , Mintime + JacobiMi , JacobiMa    4.10554588500        4.10551831300        3.81899869600        3.98790604800       Residual    34594.1433006      MLUPs    2525.36454114    
  4  Maxtime , Mintime + JacobiMi , JacobiMa    4.10527809900        4.10526532300        3.81838857200        3.98769363600       Residual    24074.2110118      MLUPs    2525.52926987    
  4  Maxtime , Mintime + JacobiMi , JacobiMa    4.11222657100        4.11221621500        3.82003752500        3.98867826100       Residual    17553.9662335      MLUPs    2521.26185680    
