# Threadlevel provided:        3 out of        0        1        2        3
  spat_dim , proc_dim, PBC ? 
           1 -Dim Input         2400           4 T
           2 -Dim Input         1800           3 T
           3 -Dim Input         2400           4 T
#   0 Process grid   4   3   4
          25           3           2
          26           3           2
          30           3           2
          32           3           2
          33           3           2
          35           3           2
          36           3           2
          37           3           2
          38           3           2
          40           3           2
          41           3           2
          42           3           2
          44           3           2
          46           3           2
          47           3           2
           0           3           2
#   0  Allocated 2 arrays with a total of  3490.68      Mbytes 
           1           3           2
           2           3           2
           3           3           2
           4           3           2
           5           3           2
           6           3           2
           7           3           2
           8           3           2
           9           3           2
          10           3           2
          12           3           2
          14           3           2
          15           3           2
          16           3           2
          17           3           2
          18           3           2
          19           3           2
          20           3           2
          22           3           2
          23           3           2
          24           3           2
          28           3           2
          31           3           2
          34           3           2
          21           3           2
          13           3           2
          29           3           2
          39           3           2
          45           3           2
          11           3           2
          27           3           2
          43           3           2
# StartResidual    0.00000000000    
  4  Maxtime , Mintime + JacobiMi , JacobiMa    4.08532047600        4.08461034000        3.81226089100        3.95693939000       Residual    40036666.6349      MLUPs    2537.86699499    
  4  Maxtime , Mintime + JacobiMi , JacobiMa    4.08452056400        4.08450033900        3.81329773100        3.95888382900       Residual    6666666.66664      MLUPs    2538.36401055    
  4  Maxtime , Mintime + JacobiMi , JacobiMa    4.08390154000        4.08387973700        3.81255297900        3.95824347800       Residual    1419753.08599      MLUPs    2538.74876719    
  4  Maxtime , Mintime + JacobiMi , JacobiMa    4.08253571100        4.08252368700        3.81422408700        3.95815282900       Residual    421810.699490      MLUPs    2539.59811596    
  4  Maxtime , Mintime + JacobiMi , JacobiMa    4.08344231700        4.08343045100        3.81335902900        3.95778544800       Residual    172753.772289      MLUPs    2539.03427430    
  4  Maxtime , Mintime + JacobiMi , JacobiMa    4.08362784200        4.08360827100        3.81394520700        3.95912330600       Residual    89007.1169946      MLUPs    2538.91892238    
  4  Maxtime , Mintime + JacobiMi , JacobiMa    4.08730896400        4.08728100500        3.81394338300        3.95956567600       Residual    52979.9962815      MLUPs    2536.63231513    
  4  Maxtime , Mintime + JacobiMi , JacobiMa    4.08588488900        4.08586373900        3.81415913300        3.96054320300       Residual    34594.1433006      MLUPs    2537.51642096    
  4  Maxtime , Mintime + JacobiMi , JacobiMa    4.08512662400        4.08511166500        3.81409215400        3.96061893000       Residual    24074.2110118      MLUPs    2537.98742470    
  4  Maxtime , Mintime + JacobiMi , JacobiMa    4.08515849300        4.08514891500        3.81412447000        3.96051253800       Residual    17553.9662335      MLUPs    2537.96762543    
