# Threadlevel provided:        3 out of        0        1        2        3
  spat_dim , proc_dim, PBC ? 
           1 -Dim Input         1800           3 T
           2 -Dim Input         2400           4 T
           3 -Dim Input          600           1 T
#   0 Process grid   3   4   1
           5           3           2
           6           3           2
           7           3           2
           8           3           2
           9           3           2
          10           3           2
          11           3           2
           0           3           2
#   0  Allocated 2 arrays with a total of  3490.68      Mbytes 
           1           3           2
           2           3           2
           3           3           2
           4           3           2
# StartResidual    0.00000000000    
  4  Maxtime , Mintime + JacobiMi , JacobiMa    3.06265077900        3.06234159200        2.94240298700        2.96793962800       Residual    19026666.6516      MLUPs    846.325678975    
  4  Maxtime , Mintime + JacobiMi , JacobiMa    3.06216454200        3.06215546800        2.94274004400        2.97052720400       Residual    3166666.66665      MLUPs    846.460065894    
  4  Maxtime , Mintime + JacobiMi , JacobiMa    3.06027914200        3.06027499000        2.94228493200        2.96846744100       Residual    674382.715838      MLUPs    846.981559436    
  4  Maxtime , Mintime + JacobiMi , JacobiMa    3.06315837300        3.06315489600        2.94313597900        2.97147322600       Residual    200360.082259      MLUPs    846.185434892    
  4  Maxtime , Mintime + JacobiMi , JacobiMa    3.05932047000        3.05929755600        2.94283981600        2.96733789700       Residual    82058.0418382      MLUPs    847.246970501    
  4  Maxtime , Mintime + JacobiMi , JacobiMa    3.06011111000        3.06009488400        2.94217871000        2.96814214600       Residual    42278.3805730      MLUPs    847.028067553    
  4  Maxtime , Mintime + JacobiMi , JacobiMa    3.06095396800        3.06094223200        2.94243026900        2.96880150000       Residual    25165.4982338      MLUPs    846.794831643    
  4  Maxtime , Mintime + JacobiMi , JacobiMa    3.06052026700        3.06050736700        2.94283955300        2.96890444500       Residual    16432.2180677      MLUPs    846.914829465    
  4  Maxtime , Mintime + JacobiMi , JacobiMa    3.05942804500        3.05942550300        2.94294291300        2.96764906700       Residual    11435.2502304      MLUPs    847.217179772    
  4  Maxtime , Mintime + JacobiMi , JacobiMa    3.06007637100        3.06006797200        2.94209520800        2.96817173600       Residual    8338.13396110      MLUPs    847.037683296    
