# Threadlevel provided:        3 out of        0        1        2        3
  spat_dim , proc_dim, PBC ? 
           1 -Dim Input         4800           8 T
           2 -Dim Input         3600           6 T
           3 -Dim Input          600           1 T
#   0 Process grid   8   6   1
           8           3           2
           9           3           2
          11           3           2
          12           3           2
          13           3           2
          15           3           2
          16           3           2
          17           3           2
          19           3           2
          20           3           2
          21           3           2
          23           3           2
          24           3           2
          27           3           2
          28           3           2
          29           3           2
          31           3           2
          32           3           2
          33           3           2
          35           3           2
          36           3           2
          37           3           2
          39           3           2
          40           3           2
          41           3           2
          43           3           2
          44           3           2
          45           3           2
          47           3           2
           0           3           2
#   0  Allocated 2 arrays with a total of  3490.68      Mbytes 
           1           3           2
           3           3           2
           4           3           2
           5           3           2
           7           3           2
           2           3           2
           6           3           2
          10           3           2
          14           3           2
          18           3           2
          22           3           2
          26           3           2
          30           3           2
          34           3           2
          38           3           2
          42           3           2
          46           3           2
          25           3           2
# StartResidual    0.00000000000    
  4  Maxtime , Mintime + JacobiMi , JacobiMa    4.10726383500        4.10713926400        3.81885927400        3.99307757400       Residual    62049999.9507      MLUPs    2524.30825399    
  4  Maxtime , Mintime + JacobiMi , JacobiMa    4.10383595400        4.10381716200        3.81964394200        3.99266135600       Residual    10333333.3333      MLUPs    2526.41677597    
  4  Maxtime , Mintime + JacobiMi , JacobiMa    4.10402278800        4.10399804700        3.81911289600        3.99299606000       Residual    2200617.28328      MLUPs    2526.30176185    
  4  Maxtime , Mintime + JacobiMi , JacobiMa    4.10342166500        4.10340527800        3.81898871500        3.99230291500       Residual    653806.584203      MLUPs    2526.67184765    
  4  Maxtime , Mintime + JacobiMi , JacobiMa    4.10357973400        4.10356894500        3.81811661400        3.99235347500       Residual    267768.347048      MLUPs    2526.57452080    
  4  Maxtime , Mintime + JacobiMi , JacobiMa    4.10477142000        4.10474307700        3.81936575300        3.99343317400       Residual    137961.031342      MLUPs    2525.84101260    
  4  Maxtime , Mintime + JacobiMi , JacobiMa    4.10422928800        4.10422215700        3.81975963300        3.99322469100       Residual    82118.9942360      MLUPs    2526.17465362    
  4  Maxtime , Mintime + JacobiMi , JacobiMa    4.10896316900        4.10895421500        3.82037895400        3.99284019300       Residual    53620.9221160      MLUPs    2523.26428190    
  4  Maxtime , Mintime + JacobiMi , JacobiMa    4.10492387700        4.10491577700        3.82098861600        3.99383411600       Residual    37315.0270683      MLUPs    2525.74720279    
  4  Maxtime , Mintime + JacobiMi , JacobiMa    4.10681153700        4.10679165400        3.82113388500        3.99572390700       Residual    27208.6476621      MLUPs    2524.58626518    
