# Threadlevel provided:        3 out of        0        1        2        3
  spat_dim , proc_dim, PBC ? 
           1 -Dim Input         4800           8 T
           2 -Dim Input         3600           6 T
           3 -Dim Input          600           1 T
#   0 Process grid   8   6   1
           4           3           2
           5           3           2
           6           3           2
           9           3           2
          10           3           2
          12           3           2
          17           3           2
          18           3           2
          20           3           2
          21           3           2
          22           3           2
          25           3           2
          26           3           2
          28           3           2
          32           3           2
          34           3           2
          36           3           2
          37           3           2
          41           3           2
          42           3           2
          44           3           2
          46           3           2
           0           3           2
#   0  Allocated 2 arrays with a total of  3490.68      Mbytes 
           1           3           2
           2           3           2
          14           3           2
           3           3           2
           7           3           2
          11           3           2
          15           3           2
          19           3           2
          23           3           2
          27           3           2
          30           3           2
          31           3           2
          35           3           2
          39           3           2
          43           3           2
          47           3           2
          24           3           2
          33           3           2
          38           3           2
          40           3           2
           8           3           2
          16           3           2
          13           3           2
          29           3           2
          45           3           2
# StartResidual    0.00000000000    
  4  Maxtime , Mintime + JacobiMi , JacobiMa    4.08681978200        4.08658639900        3.80757788900        3.96614038400       Residual    62049999.9507      MLUPs    2536.93594361    
  4  Maxtime , Mintime + JacobiMi , JacobiMa    4.08325806600        4.08322235400        3.80783991600        3.96567423900       Residual    10333333.3333      MLUPs    2539.14884448    
  4  Maxtime , Mintime + JacobiMi , JacobiMa    4.08157315500        4.08153816300        3.80776035200        3.96409115400       Residual    2200617.28328      MLUPs    2540.19702852    
  4  Maxtime , Mintime + JacobiMi , JacobiMa    4.08305245700        4.08302666000        3.80934669000        3.96537991400       Residual    653806.584203      MLUPs    2539.27670761    
  4  Maxtime , Mintime + JacobiMi , JacobiMa    4.08203408100        4.08201854600        3.80860914000        3.96421486300       Residual    267768.347048      MLUPs    2539.91020023    
  4  Maxtime , Mintime + JacobiMi , JacobiMa    4.08368528200        4.08335146000        3.80945754700        3.96634381700       Residual    137961.031342      MLUPs    2538.88321064    
  4  Maxtime , Mintime + JacobiMi , JacobiMa    4.08448118500        4.08446319400        3.80793561300        3.96476614900       Residual    82118.9942360      MLUPs    2538.38848324    
  4  Maxtime , Mintime + JacobiMi , JacobiMa    4.08484325200        4.08482003900        3.80907160800        3.96726586900       Residual    53620.9221160      MLUPs    2538.16348887    
  4  Maxtime , Mintime + JacobiMi , JacobiMa    4.08518351400        4.08515758900        3.80934695500        3.96776906600       Residual    37315.0270683      MLUPs    2537.95208085    
  4  Maxtime , Mintime + JacobiMi , JacobiMa    4.08577248600        4.08575222600        3.80956199600        3.96807024200       Residual    27208.6476621      MLUPs    2537.58623015    
