# Threadlevel provided:        3 out of        0        1        2        3
  spat_dim , proc_dim, PBC ? 
           1 -Dim Input         3600           6 T
           2 -Dim Input         2400           4 T
           3 -Dim Input          600           1 T
#   0 Process grid   6   4   1
           8           3           2
           9           3           2
          10           3           2
          11           3           2
          12           3           2
          13           3           2
          14           3           2
          15           3           2
          16           3           2
          17           3           2
          18           3           2
          19           3           2
          20           3           2
          21           3           2
          22           3           2
          23           3           2
           0           3           2
#   0  Allocated 2 arrays with a total of  3490.68      Mbytes 
           1           3           2
           2           3           2
           3           3           2
           4           3           2
           5           3           2
           6           3           2
           7           3           2
# StartResidual    0.00000000000    
  4  Maxtime , Mintime + JacobiMi , JacobiMa    3.06278250600        3.06269879200        2.85318054900        2.96718321900       Residual    34036666.6397      MLUPs    1692.57855883    
  4  Maxtime , Mintime + JacobiMi , JacobiMa    3.06118031500        3.06117503700        2.85096459100        2.96800905900       Residual    5666666.66663      MLUPs    1693.46443743    
  4  Maxtime , Mintime + JacobiMi , JacobiMa    3.06122006000        3.06121695400        2.85136590000        2.96781629900       Residual    1206790.12308      MLUPs    1693.44245052    
  4  Maxtime , Mintime + JacobiMi , JacobiMa    3.06031723700        3.06031368100        2.85157688100        2.96722960300       Residual    358539.094565      MLUPs    1693.94203232    
  4  Maxtime , Mintime + JacobiMi , JacobiMa    3.06078974300        3.06076703300        2.85224780400        2.96759360900       Residual    146840.706446      MLUPs    1693.68053191    
  4  Maxtime , Mintime + JacobiMi , JacobiMa    3.06069066500        3.06066815700        2.85184757700        2.96762709700       Residual    75656.0494459      MLUPs    1693.73535826    
  4  Maxtime , Mintime + JacobiMi , JacobiMa    3.06061310400        3.06060322500        2.85144437700        2.96747369600       Residual    45032.9968392      MLUPs    1693.77828031    
  4  Maxtime , Mintime + JacobiMi , JacobiMa    3.06243857000        3.06243482000        2.85236198200        2.96929764400       Residual    29405.0218055      MLUPs    1692.76864874    
  4  Maxtime , Mintime + JacobiMi , JacobiMa    3.06043298600        3.06042883800        2.85153368500        2.96724793200       Residual    20463.0793599      MLUPs    1693.87796554    
  4  Maxtime , Mintime + JacobiMi , JacobiMa    3.06224081700        3.06223680400        2.85188580500        2.96898008400       Residual    14920.8712987      MLUPs    1692.87796414    
