# Threadlevel provided:        3 out of        0        1        2        3
  spat_dim , proc_dim, PBC ? 
           1 -Dim Input         1800           3 T
           2 -Dim Input         1200           2 T
           3 -Dim Input         4800           8 T
#   0 Process grid   3   2   8
          10           3           2
          12           3           2
          14           3           2
          16           3           2
          18           3           2
          20           3           2
          22           3           2
          24           3           2
          26           3           2
          28           3           2
          30           3           2
          32           3           2
          34           3           2
          36           3           2
          38           3           2
          42           3           2
          44           3           2
          46           3           2
           0           3           2
#   0  Allocated 2 arrays with a total of  3490.68      Mbytes 
           2           3           2
           4           3           2
           6           3           2
           8           3           2
          40           3           2
           1           3           2
           3           3           2
           5           3           2
           7           3           2
           9           3           2
          11           3           2
          15           3           2
          17           3           2
          19           3           2
          21           3           2
          23           3           2
          25           3           2
          27           3           2
          29           3           2
          31           3           2
          33           3           2
          35           3           2
          37           3           2
          39           3           2
          41           3           2
          43           3           2
          45           3           2
          47           3           2
          13           3           2
# StartResidual    0.00000000000    
  4  Maxtime , Mintime + JacobiMi , JacobiMa    2.01603132600        2.00791370500        1.88427197200        1.92701474100       Residual    46043333.2968      MLUPs    5142.77723083    
  4  Maxtime , Mintime + JacobiMi , JacobiMa    1.99084897800        1.99083633500        1.88460237800        1.93536183800       Residual    7666666.66663      MLUPs    5207.82847648    
  4  Maxtime , Mintime + JacobiMi , JacobiMa    1.98828057500        1.98827535500        1.88419397300        1.93332204700       Residual    1632716.04889      MLUPs    5214.55579779    
  4  Maxtime , Mintime + JacobiMi , JacobiMa    1.98877322500        1.98875691500        1.88515348700        1.93375694800       Residual    485082.304417      MLUPs    5213.26407137    
  4  Maxtime , Mintime + JacobiMi , JacobiMa    1.98994668100        1.98991814300        1.88521325000        1.93420766000       Residual    198666.838132      MLUPs    5210.18985031    
  4  Maxtime , Mintime + JacobiMi , JacobiMa    1.98917273600        1.98915118400        1.88529118600        1.93301608600       Residual    102358.184543      MLUPs    5212.21702488    
  4  Maxtime , Mintime + JacobiMi , JacobiMa    1.99188380800        1.99187418700        1.88586736900        1.93433992500       Residual    60926.9957236      MLUPs    5205.12288837    
  4  Maxtime , Mintime + JacobiMi , JacobiMa    1.98793364900        1.98792435400        1.88554461000        1.93309398200       Residual    39783.2647956      MLUPs    5215.46582061    
  4  Maxtime , Mintime + JacobiMi , JacobiMa    1.98836064200        1.98834344100        1.88494666400        1.93262691300       Residual    27685.3426636      MLUPs    5214.34581886    
  4  Maxtime , Mintime + JacobiMi , JacobiMa    1.98740439900        1.98739717700        1.88578521700        1.93324876400       Residual    20187.0611684      MLUPs    5216.85471020    
