# Threadlevel provided:        3 out of        0        1        2        3
  spat_dim , proc_dim, PBC ? 
           1 -Dim Input         1800           3 T
           2 -Dim Input         1200           2 T
           3 -Dim Input         4800           8 T
#   0 Process grid   3   2   8
           2           3           2
           8           3           2
          10           3           2
          12           3           2
          16           3           2
          18           3           2
          20           3           2
          22           3           2
          28           3           2
          30           3           2
          32           3           2
          34           3           2
          36           3           2
          38           3           2
          42           3           2
          44           3           2
          46           3           2
           0           3           2
#   0  Allocated 2 arrays with a total of  3490.68      Mbytes 
           4           3           2
           6           3           2
          14           3           2
          26           3           2
          40           3           2
           1           3           2
           3           3           2
           5           3           2
           7           3           2
           9           3           2
          11           3           2
          13           3           2
          24           3           2
          15           3           2
          17           3           2
          19           3           2
          21           3           2
          23           3           2
          25           3           2
          27           3           2
          29           3           2
          31           3           2
          33           3           2
          35           3           2
          37           3           2
          39           3           2
          41           3           2
          43           3           2
          45           3           2
          47           3           2
# StartResidual    0.00000000000    
  4  Maxtime , Mintime + JacobiMi , JacobiMa    2.01233073500        2.00439571500        1.88483714800        1.94086867200       Residual    46043333.2968      MLUPs    5152.23458037    
  4  Maxtime , Mintime + JacobiMi , JacobiMa    1.98005383200        1.98004061600        1.88406507400        1.92161642300       Residual    7666666.66663      MLUPs    5236.22127461    
  4  Maxtime , Mintime + JacobiMi , JacobiMa    1.97779872600        1.97778497700        1.88449462200        1.92139856600       Residual    1632716.04889      MLUPs    5242.19166678    
  4  Maxtime , Mintime + JacobiMi , JacobiMa    1.98630861600        1.98629446200        1.88418601000        1.92930118900       Residual    485082.304417      MLUPs    5219.73268227    
  4  Maxtime , Mintime + JacobiMi , JacobiMa    1.97765923600        1.97764724500        1.88451724700        1.92092723800       Residual    198666.838132      MLUPs    5242.56141365    
  4  Maxtime , Mintime + JacobiMi , JacobiMa    1.97767597300        1.97765197400        1.88420706500        1.92131057600       Residual    102358.184543      MLUPs    5242.51704604    
  4  Maxtime , Mintime + JacobiMi , JacobiMa    1.98161752200        1.98159936100        1.88472032300        1.92535824300       Residual    60926.9957236      MLUPs    5232.08938400    
  4  Maxtime , Mintime + JacobiMi , JacobiMa    1.97835560200        1.97834775900        1.88429139300        1.92170213600       Residual    39783.2647956      MLUPs    5240.71607224    
  4  Maxtime , Mintime + JacobiMi , JacobiMa    1.97812533900        1.97811949800        1.88437673200        1.92152035300       Residual    27685.3426636      MLUPs    5241.32611599    
  4  Maxtime , Mintime + JacobiMi , JacobiMa    1.98559332800        1.98540975300        1.88392202300        1.92906144400       Residual    20187.0611684      MLUPs    5221.61303314    
