# Threadlevel provided:        3 out of        0        1        2        3
  spat_dim , proc_dim, PBC ? 
           1 -Dim Input          600           1 T
           2 -Dim Input         3600           6 T
           3 -Dim Input         4800           8 T
#   0 Process grid   1   6   8
           3           3           2
           4           3           2
           5           3           2
           6           3           2
           7           3           2
           8           3           2
           9           3           2
          11           3           2
          16           3           2
          17           3           2
          18           3           2
          19           3           2
          20           3           2
          21           3           2
          22           3           2
          24           3           2
          25           3           2
          26           3           2
          27           3           2
          29           3           2
          32           3           2
          34           3           2
          35           3           2
          36           3           2
          37           3           2
          38           3           2
          39           3           2
          40           3           2
          41           3           2
          43           3           2
          45           3           2
           0           3           2
#   0  Allocated 2 arrays with a total of  3490.68      Mbytes 
           1           3           2
           2           3           2
          14           3           2
          23           3           2
          30           3           2
          46           3           2
          10           3           2
          13           3           2
          42           3           2
          44           3           2
          12           3           2
          28           3           2
          33           3           2
          15           3           2
          31           3           2
          47           3           2
# StartResidual    0.00000000000    
  4  Maxtime , Mintime + JacobiMi , JacobiMa    4.11726480800        4.11692739100        3.81904788300        4.00710637800       Residual    62049999.9507      MLUPs    2518.17662538    
  4  Maxtime , Mintime + JacobiMi , JacobiMa    4.11419397200        4.11417528200        3.81897326600        4.00701449200       Residual    10333333.3333      MLUPs    2520.05619340    
  4  Maxtime , Mintime + JacobiMi , JacobiMa    4.11491727800        4.11490122900        3.81896865800        4.00758256200       Residual    2200617.28329      MLUPs    2519.61322660    
  4  Maxtime , Mintime + JacobiMi , JacobiMa    4.11555623000        4.11554095300        3.81974252100        4.00822563500       Residual    653806.584240      MLUPs    2519.22204936    
  4  Maxtime , Mintime + JacobiMi , JacobiMa    4.11441820900        4.11408102800        3.81956640400        4.00707909300       Residual    267768.347049      MLUPs    2519.91884960    
  4  Maxtime , Mintime + JacobiMi , JacobiMa    4.11593573800        4.11592660000        3.81944097900        4.00831489800       Residual    137961.031338      MLUPs    2518.98976563    
  4  Maxtime , Mintime + JacobiMi , JacobiMa    4.11671877500        4.11670847000        3.82012623000        4.00966457700       Residual    82118.9942364      MLUPs    2518.51063108    
  4  Maxtime , Mintime + JacobiMi , JacobiMa    4.11714545300        4.11711193700        3.82004106000        4.00989473800       Residual    53620.9221152      MLUPs    2518.24962668    
  4  Maxtime , Mintime + JacobiMi , JacobiMa    4.11695786600        4.11694979900        3.82040276200        4.00958216700       Residual    37315.0270682      MLUPs    2518.36436939    
  4  Maxtime , Mintime + JacobiMi , JacobiMa    4.11815263500        4.11813441100        3.82108716100        4.01085616600       Residual    27208.6476612      MLUPs    2517.63373506    
