# Threadlevel provided:        3 out of        0        1        2        3
  spat_dim , proc_dim, PBC ? 
           1 -Dim Input          600           1 T
           2 -Dim Input         2400           4 T
           3 -Dim Input         7200          12 T
#   0 Process grid   1   4  12
           9           3           2
          12           3           2
          16           3           2
          17           3           2
          20           3           2
          24           3           2
          25           3           2
          28           3           2
          32           3           2
          33           3           2
          34           3           2
          36           3           2
          38           3           2
          40           3           2
          41           3           2
           0           3           2
           1           3           2
           2           3           2
           3           3           2
           4           3           2
           6           3           2
           7           3           2
           8           3           2
          19           3           2
          23           3           2
          35           3           2
          39           3           2
          15           3           2
          31           3           2
          47           3           2
          22           3           2
          44           3           2
          45           3           2
          46           3           2
#   0  Allocated 2 arrays with a total of  3490.68      Mbytes 
           5           3           2
          11           3           2
          13           3           2
          14           3           2
          18           3           2
          21           3           2
          27           3           2
          29           3           2
          30           3           2
          37           3           2
          43           3           2
          10           3           2
          26           3           2
          42           3           2
# StartResidual    0.00000000000    
  4  Maxtime , Mintime + JacobiMi , JacobiMa    4.11601237900        4.11591810900        3.81713002200        4.00500715900       Residual    64056666.6158      MLUPs    2518.94286152    
  4  Maxtime , Mintime + JacobiMi , JacobiMa    4.10099011100        4.10097848800        3.81769256700        3.98718480500       Residual    10666666.6666      MLUPs    2528.16995881    
  4  Maxtime , Mintime + JacobiMi , JacobiMa    4.10099628300        4.10097043000        3.81843408400        3.98608597500       Residual    2271604.93759      MLUPs    2528.16615391    
  4  Maxtime , Mintime + JacobiMi , JacobiMa    4.10193845700        4.10191793000        3.81769918100        3.98726581100       Residual    674897.119214      MLUPs    2527.58545958    
  4  Maxtime , Mintime + JacobiMi , JacobiMa    4.10318771100        4.10280184500        3.81670950300        3.98843553600       Residual    276406.035664      MLUPs    2526.81591247    
  4  Maxtime , Mintime + JacobiMi , JacobiMa    4.10338952700        4.10336435500        3.81901769800        3.98865700000       Residual    142411.387188      MLUPs    2526.69163670    
  4  Maxtime , Mintime + JacobiMi , JacobiMa    4.10295318100        4.10294408400        3.81943415100        3.98797611800       Residual    84767.9940506      MLUPs    2526.96034847    
  4  Maxtime , Mintime + JacobiMi , JacobiMa    4.10383630000        4.10382794500        3.81957711200        3.98878945000       Residual    55350.6292802      MLUPs    2526.41656296    
  4  Maxtime , Mintime + JacobiMi , JacobiMa    4.10302484000        4.10300882700        3.81956108700        3.98829576000       Residual    38518.7376189      MLUPs    2526.91621531    
  4  Maxtime , Mintime + JacobiMi , JacobiMa    4.10385238500        4.10383842000        3.81972439600        3.98873714200       Residual    28086.3459730      MLUPs    2526.40666070    
