# Threadlevel provided:        3 out of        0        1        2        3
  spat_dim , proc_dim, PBC ? 
           1 -Dim Input         1800           3 T
           2 -Dim Input         2400           4 T
           3 -Dim Input         2400           4 T
#   0 Process grid   3   4   4
           9           3           2
          10           3           2
          11           3           2
          12           3           2
          13           3           2
          14           3           2
          16           3           2
          17           3           2
          19           3           2
          23           3           2
          26           3           2
          28           3           2
          31           3           2
          32           3           2
          33           3           2
          34           3           2
          35           3           2
          38           3           2
          39           3           2
          40           3           2
          41           3           2
          42           3           2
          45           3           2
          46           3           2
          47           3           2
           0           3           2
           1           3           2
           2           3           2
           3           3           2
           4           3           2
           5           3           2
           6           3           2
           7           3           2
           8           3           2
          15           3           2
          18           3           2
          20           3           2
          21           3           2
          22           3           2
          24           3           2
          25           3           2
          29           3           2
          30           3           2
          36           3           2
          43           3           2
          44           3           2
#   0  Allocated 2 arrays with a total of  3490.68      Mbytes 
          27           3           2
          37           3           2
# StartResidual    0.00000000000    
  4  Maxtime , Mintime + JacobiMi , JacobiMa    4.13593794200        4.13578093400        3.81887129600        4.01883911600       Residual    40036666.6349      MLUPs    2506.80743894    
  4  Maxtime , Mintime + JacobiMi , JacobiMa    4.13477245400        4.13475982100        3.82041559900        4.02099663000       Residual    6666666.66664      MLUPs    2507.51404469    
  4  Maxtime , Mintime + JacobiMi , JacobiMa    4.13454556800        4.13452584500        3.81985197900        4.02059614100       Residual    1419753.08599      MLUPs    2507.65164623    
  4  Maxtime , Mintime + JacobiMi , JacobiMa    4.13330699200        4.13328447600        3.81918919100        4.01942682800       Residual    421810.699493      MLUPs    2508.40308258    
  4  Maxtime , Mintime + JacobiMi , JacobiMa    4.13463101000        4.13462037500        3.81943950800        4.02071483200       Residual    172753.772289      MLUPs    2507.59982570    
  4  Maxtime , Mintime + JacobiMi , JacobiMa    4.13507910600        4.13505735300        3.81969277300        4.02125426700       Residual    89007.1169942      MLUPs    2507.32809076    
  4  Maxtime , Mintime + JacobiMi , JacobiMa    4.13383388100        4.13382357200        3.81895350100        4.01990701000       Residual    52979.9962815      MLUPs    2508.08336727    
  4  Maxtime , Mintime + JacobiMi , JacobiMa    4.13378174300        4.13374771900        3.82119334400        4.01985620800       Residual    34594.1433005      MLUPs    2508.11500088    
  4  Maxtime , Mintime + JacobiMi , JacobiMa    4.13522014800        4.13520237000        3.82054788400        4.02130510300       Residual    24074.2110118      MLUPs    2507.24257208    
  4  Maxtime , Mintime + JacobiMi , JacobiMa    4.13521712300        4.13520803700        3.82129463100        4.02139336400       Residual    17553.9662334      MLUPs    2507.24440618    
