# Threadlevel provided:        3 out of        0        1        2        3
  spat_dim , proc_dim, PBC ? 
           1 -Dim Input         1800           3 T
           2 -Dim Input         2400           4 T
           3 -Dim Input         2400           4 T
#   0 Process grid   3   4   4
           6           3           2
           7           3           2
           8           3           2
           9           3           2
          10           3           2
          11           3           2
          12           3           2
          13           3           2
          14           3           2
          15           3           2
          16           3           2
          17           3           2
          18           3           2
          19           3           2
          20           3           2
          21           3           2
          22           3           2
          23           3           2
          24           3           2
          25           3           2
          26           3           2
          27           3           2
          28           3           2
          29           3           2
          30           3           2
          31           3           2
          32           3           2
          33           3           2
          34           3           2
          35           3           2
          36           3           2
          37           3           2
          38           3           2
          39           3           2
          40           3           2
          41           3           2
          42           3           2
          44           3           2
          45           3           2
          46           3           2
          47           3           2
           0           3           2
#   0  Allocated 2 arrays with a total of  3490.68      Mbytes 
           1           3           2
           2           3           2
           3           3           2
           4           3           2
           5           3           2
          43           3           2
# StartResidual    0.00000000000    
  4  Maxtime , Mintime + JacobiMi , JacobiMa    4.11113030400        4.11103018800        3.81844594100        3.99078033700       Residual    40036666.6349      MLUPs    2521.93417219    
  4  Maxtime , Mintime + JacobiMi , JacobiMa    4.12882716400        4.12879263100        3.81939201500        4.01414867300       Residual    6666666.66664      MLUPs    2511.12473063    
  4  Maxtime , Mintime + JacobiMi , JacobiMa    4.12785206100        4.12783955800        3.81855860800        4.01359462400       Residual    1419753.08599      MLUPs    2511.71792176    
  4  Maxtime , Mintime + JacobiMi , JacobiMa    4.12951822300        4.12949056500        3.81803532700        4.01524937300       Residual    421810.699493      MLUPs    2510.70450356    
  4  Maxtime , Mintime + JacobiMi , JacobiMa    4.12938124100        4.12936444000        3.81903513000        4.01462580600       Residual    172753.772289      MLUPs    2510.78778996    
  4  Maxtime , Mintime + JacobiMi , JacobiMa    4.12980807200        4.12979764500        3.81971459500        4.01544325400       Residual    89007.1169942      MLUPs    2510.52829072    
  4  Maxtime , Mintime + JacobiMi , JacobiMa    4.13045714100        4.13044739500        3.81956174600        4.01605254100       Residual    52979.9962815      MLUPs    2510.13378086    
  4  Maxtime , Mintime + JacobiMi , JacobiMa    4.13703260900        4.13701690900        3.82029930500        4.01504920200       Residual    34594.1433005      MLUPs    2506.14413274    
  4  Maxtime , Mintime + JacobiMi , JacobiMa    4.12985631400        4.12984146600        3.81939483300        4.01556657500       Residual    24074.2110118      MLUPs    2510.49896454    
  4  Maxtime , Mintime + JacobiMi , JacobiMa    4.13208933800        4.13207722400        3.81954495600        4.01779322800       Residual    17553.9662334      MLUPs    2509.14226482    
