# Threadlevel provided:        3 out of        0        1        2        3
  spat_dim , proc_dim, PBC ? 
           1 -Dim Input         1200           2 T
           2 -Dim Input         4800           8 T
           3 -Dim Input         1800           3 T
#   0 Process grid   2   8   3
           6           3           2
          10           3           2
          12           3           2
          14           3           2
          16           3           2
          18           3           2
          22           3           2
          28           3           2
          32           3           2
          34           3           2
          36           3           2
          38           3           2
          42           3           2
          44           3           2
          46           3           2
           0           3           2
#   0  Allocated 2 arrays with a total of  3490.68      Mbytes 
           2           3           2
           4           3           2
          41           3           2
          43           3           2
          45           3           2
           1           3           2
           3           3           2
           5           3           2
           7           3           2
           8           3           2
           9           3           2
          11           3           2
          13           3           2
          15           3           2
          17           3           2
          19           3           2
          20           3           2
          21           3           2
          23           3           2
          24           3           2
          25           3           2
          26           3           2
          27           3           2
          29           3           2
          31           3           2
          33           3           2
          35           3           2
          37           3           2
          39           3           2
          47           3           2
          30           3           2
          40           3           2
# StartResidual    0.00000000000    
  4  Maxtime , Mintime + JacobiMi , JacobiMa    4.10407465200        4.10357998200        3.81763936500        3.98777107300       Residual    46043333.2968      MLUPs    2526.26983648    
  4  Maxtime , Mintime + JacobiMi , JacobiMa    4.11597899600        4.11595242700        3.81814010100        4.00538710400       Residual    7666666.66663      MLUPs    2518.96329162    
  4  Maxtime , Mintime + JacobiMi , JacobiMa    4.11554563500        4.11553106900        3.81804246200        4.00499661600       Residual    1632716.04889      MLUPs    2519.22853481    
  4  Maxtime , Mintime + JacobiMi , JacobiMa    4.11623306100        4.11621764400        3.81816258200        4.00548274200       Residual    485082.304422      MLUPs    2518.80781441    
  4  Maxtime , Mintime + JacobiMi , JacobiMa    4.11786578200        4.11784424000        3.81763514600        4.00480782300       Residual    198666.838132      MLUPs    2517.80911494    
  4  Maxtime , Mintime + JacobiMi , JacobiMa    4.11844452600        4.11842968000        3.81694640100        4.00532638800       Residual    102358.184543      MLUPs    2517.45530006    
  4  Maxtime , Mintime + JacobiMi , JacobiMa    4.11851908200        4.11849664900        3.81764323600        4.00533334600       Residual    60926.9957236      MLUPs    2517.40972752    
  4  Maxtime , Mintime + JacobiMi , JacobiMa    4.11922389400        4.11919847900        3.81853266400        4.00616241500       Residual    39783.2647955      MLUPs    2516.97899090    
  4  Maxtime , Mintime + JacobiMi , JacobiMa    4.11905653800        4.11903762000        3.81871342200        4.00596790700       Residual    27685.3426636      MLUPs    2517.08125498    
  4  Maxtime , Mintime + JacobiMi , JacobiMa    4.11897527800        4.11896285700        3.81997935800        4.00584539600       Residual    20187.0611683      MLUPs    2517.13091248    
