# Threadlevel provided:        3 out of        0        1        2        3
  spat_dim , proc_dim, PBC ? 
           1 -Dim Input         1800           3 T
           2 -Dim Input         1200           2 T
           3 -Dim Input         1200           2 T
#   0 Process grid   3   2   2
           3           3           2
           4           3           2
           5           3           2
           6           3           2
           7           3           2
           8           3           2
           9           3           2
          10           3           2
          11           3           2
           0           3           2
#   0  Allocated 2 arrays with a total of  3490.68      Mbytes 
           1           3           2
           2           3           2
# StartResidual    0.00000000000    
  4  Maxtime , Mintime + JacobiMi , JacobiMa    3.06893848800        3.06887559100        2.95690155700        2.97391748900       Residual    16023333.3207      MLUPs    844.591708219    
  4  Maxtime , Mintime + JacobiMi , JacobiMa    3.06723784100        3.06705256100        2.95656544300        2.97431618200       Residual    2666666.66665      MLUPs    845.059996767    
  4  Maxtime , Mintime + JacobiMi , JacobiMa    3.06718598900        3.06718316200        2.95670379300        2.97456028300       Residual    567901.234394      MLUPs    845.074282843    
  4  Maxtime , Mintime + JacobiMi , JacobiMa    3.06654125400        3.06652496400        2.95582610000        2.97384961400       Residual    168724.279797      MLUPs    845.251958251    
  4  Maxtime , Mintime + JacobiMi , JacobiMa    3.06668403400        3.06667901500        2.95605024700        2.97402600600       Residual    69101.5089160      MLUPs    845.212604645    
  4  Maxtime , Mintime + JacobiMi , JacobiMa    3.06786018400        3.06785021800        2.95699360600        2.97517999700       Residual    35602.8467980      MLUPs    844.888568755    
  4  Maxtime , Mintime + JacobiMi , JacobiMa    3.06722821700        3.06722409300        2.95620431400        2.97448610800       Residual    21191.9985126      MLUPs    845.062648300    
  4  Maxtime , Mintime + JacobiMi , JacobiMa    3.06750391100        3.06749416500        2.95675962400        2.97479802900       Residual    13837.6573202      MLUPs    844.986697720    
  4  Maxtime , Mintime + JacobiMi , JacobiMa    3.06501596600        3.06500620800        2.95603172200        2.97236645700       Residual    9629.68440473      MLUPs    845.672593146    
  4  Maxtime , Mintime + JacobiMi , JacobiMa    3.06771523900        3.06771110700        2.95671995200        2.97496097600       Residual    7021.58649346      MLUPs    844.928488488    
