# Threadlevel provided:        3 out of        0        1        2        3
  spat_dim , proc_dim, PBC ? 
           1 -Dim Input        14400          24 T
           2 -Dim Input         1200           2 T
           3 -Dim Input          600           1 T
#   0 Process grid  24   2   1
          11           3           2
          12           3           2
          13           3           2
          14           3           2
          15           3           2
          16           3           2
          17           3           2
          18           3           2
          19           3           2
          20           3           2
          22           3           2
          23           3           2
          26           3           2
          27           3           2
          28           3           2
          29           3           2
          30           3           2
          31           3           2
          32           3           2
          33           3           2
          34           3           2
          36           3           2
          37           3           2
          38           3           2
          39           3           2
          41           3           2
          42           3           2
          43           3           2
          44           3           2
          45           3           2
          46           3           2
          47           3           2
           0           3           2
#   0  Allocated 2 arrays with a total of  3490.68      Mbytes 
           1           3           2
           2           3           2
           3           3           2
           4           3           2
           5           3           2
           6           3           2
           7           3           2
           9           3           2
          10           3           2
          21           3           2
          25           3           2
          35           3           2
           8           3           2
          24           3           2
          40           3           2
# StartResidual    0.00000000000    
  4  Maxtime , Mintime + JacobiMi , JacobiMa    4.07968170200        4.07955156200        3.80435050500        3.95955156000       Residual    74089999.9415      MLUPs    2541.37473394    
  4  Maxtime , Mintime + JacobiMi , JacobiMa    4.07726814900        4.07725610300        3.80494185800        3.95845531100       Residual    12333333.3332      MLUPs    2542.87910952    
  4  Maxtime , Mintime + JacobiMi , JacobiMa    4.07814145900        4.07813380500        3.80407761600        3.96109519700       Residual    2626543.20907      MLUPs    2542.33456692    
  4  Maxtime , Mintime + JacobiMi , JacobiMa    4.08057126900        4.08054550800        3.80483538600        3.96368996400       Residual    780349.794049      MLUPs    2540.82071272    
  4  Maxtime , Mintime + JacobiMi , JacobiMa    4.07986127500        4.07947677400        3.80441714100        3.96238066200       Residual    319594.478736      MLUPs    2541.26287664    
  4  Maxtime , Mintime + JacobiMi , JacobiMa    4.08013837200        4.08011623400        3.80473360400        3.96287954200       Residual    164663.166441      MLUPs    2541.09029026    
  4  Maxtime , Mintime + JacobiMi , JacobiMa    4.08035124200        4.08032249300        3.80674573100        3.96319266400       Residual    98012.9931205      MLUPs    2540.95772278    
  4  Maxtime , Mintime + JacobiMi , JacobiMa    4.08032298400        4.08030480000        3.80669480700        3.96323830800       Residual    63999.1651062      MLUPs    2540.97532001    
  4  Maxtime , Mintime + JacobiMi , JacobiMa    4.08583009500        4.08581789000        3.80636796900        3.96266748700       Residual    44537.2903721      MLUPs    2537.55045093    
  4  Maxtime , Mintime + JacobiMi , JacobiMa    4.08229244900        4.08227847700        3.81341992000        3.96527291800       Residual    32474.8375327      MLUPs    2539.74944949    
