# Threadlevel provided:        3 out of        0        1        2        3
  spat_dim , proc_dim, PBC ? 
           1 -Dim Input          600           1 T
           2 -Dim Input         4800           8 T
           3 -Dim Input         3600           6 T
#   0 Process grid   1   8   6
          12           3           2
          14           3           2
          16           3           2
          18           3           2
          20           3           2
          22           3           2
          24           3           2
          26           3           2
          28           3           2
          30           3           2
          32           3           2
          34           3           2
          36           3           2
          38           3           2
          40           3           2
          42           3           2
          44           3           2
          46           3           2
           0           3           2
#   0  Allocated 2 arrays with a total of  3490.68      Mbytes 
           2           3           2
           4           3           2
           6           3           2
           8           3           2
          10           3           2
           1           3           2
           3           3           2
           5           3           2
           7           3           2
           9           3           2
          11           3           2
          13           3           2
          15           3           2
          17           3           2
          19           3           2
          21           3           2
          23           3           2
          25           3           2
          27           3           2
          29           3           2
          31           3           2
          33           3           2
          35           3           2
          37           3           2
          39           3           2
          41           3           2
          43           3           2
          45           3           2
          47           3           2
# StartResidual    0.00000000000    
  4  Maxtime , Mintime + JacobiMi , JacobiMa    2.01452360300        2.00711191000        1.88392977400        1.92509445700       Residual    62049999.9507      MLUPs    5146.62622198    
  4  Maxtime , Mintime + JacobiMi , JacobiMa    1.98018747900        1.98018067900        1.88432876200        1.92657660600       Residual    10333333.3333      MLUPs    5235.86787107    
  4  Maxtime , Mintime + JacobiMi , JacobiMa    1.97831862400        1.97831205500        1.88458689300        1.92472810600       Residual    2200617.28329      MLUPs    5240.81402976    
  4  Maxtime , Mintime + JacobiMi , JacobiMa    1.97941442400        1.97940840300        1.88378895900        1.92548866000       Residual    653806.584240      MLUPs    5237.91272524    
  4  Maxtime , Mintime + JacobiMi , JacobiMa    1.97898861000        1.97894981200        1.88387091700        1.92498460200       Residual    267768.347049      MLUPs    5239.03975375    
  4  Maxtime , Mintime + JacobiMi , JacobiMa    1.97783416100        1.97782611600        1.88351677400        1.92445794600       Residual    137961.031338      MLUPs    5242.09774734    
  4  Maxtime , Mintime + JacobiMi , JacobiMa    1.97894412900        1.97893152100        1.88467538100        1.92532335800       Residual    82118.9942364      MLUPs    5239.15751236    
  4  Maxtime , Mintime + JacobiMi , JacobiMa    1.97725098300        1.97724472700        1.88362482900        1.92405889200       Residual    53620.9221152      MLUPs    5243.64387179    
  4  Maxtime , Mintime + JacobiMi , JacobiMa    1.98493221000        1.98013449100        1.88384902700        1.92406094200       Residual    37315.0270682      MLUPs    5223.35218692    
  4  Maxtime , Mintime + JacobiMi , JacobiMa    1.97864318000        1.97862066300        1.88427304000        1.92479130500       Residual    27208.6476612      MLUPs    5239.95438126    
