# Threadlevel provided:        3 out of        0        1        2        3
  spat_dim , proc_dim, PBC ? 
           1 -Dim Input          600           1 T
           2 -Dim Input         4800           8 T
           3 -Dim Input         3600           6 T
#   0 Process grid   1   8   6
           2           3           2
           4           3           2
           6           3           2
           8           3           2
          10           3           2
          12           3           2
          14           3           2
          16           3           2
          18           3           2
          20           3           2
          22           3           2
          24           3           2
          26           3           2
          28           3           2
          30           3           2
          32           3           2
          34           3           2
          36           3           2
          38           3           2
          40           3           2
          42           3           2
          44           3           2
          46           3           2
           0           3           2
#   0  Allocated 2 arrays with a total of  3490.68      Mbytes 
           1           3           2
           3           3           2
           5           3           2
           7           3           2
           9           3           2
          11           3           2
          13           3           2
          15           3           2
          17           3           2
          19           3           2
          21           3           2
          23           3           2
          25           3           2
          27           3           2
          29           3           2
          31           3           2
          33           3           2
          35           3           2
          37           3           2
          39           3           2
          41           3           2
          43           3           2
          45           3           2
          47           3           2
# StartResidual    0.00000000000    
  4  Maxtime , Mintime + JacobiMi , JacobiMa    2.01086829600        2.00957404900        1.88451973100        1.92562390600       Residual    62049999.9507      MLUPs    5155.98163272    
  4  Maxtime , Mintime + JacobiMi , JacobiMa    1.97712019900        1.97710544700        1.88573231700        1.92353303200       Residual    10333333.3333      MLUPs    5243.99073220    
  4  Maxtime , Mintime + JacobiMi , JacobiMa    1.97619852600        1.97619432400        1.88652877600        1.92212993600       Residual    2200617.28329      MLUPs    5246.43646050    
  4  Maxtime , Mintime + JacobiMi , JacobiMa    1.97493190100        1.97492493900        1.88572472000        1.92131415800       Residual    653806.584240      MLUPs    5249.80126897    
  4  Maxtime , Mintime + JacobiMi , JacobiMa    1.97759165600        1.97758311700        1.88721733500        1.92270294000       Residual    267768.347049      MLUPs    5242.74056706    
  4  Maxtime , Mintime + JacobiMi , JacobiMa    1.97615077400        1.97614604400        1.88690603500        1.92299673200       Residual    137961.031338      MLUPs    5246.56323617    
  4  Maxtime , Mintime + JacobiMi , JacobiMa    1.97632862900        1.97632205000        1.88544182600        1.92268922100       Residual    82118.9942364      MLUPs    5246.09108418    
  4  Maxtime , Mintime + JacobiMi , JacobiMa    1.97784351900        1.97782139200        1.88565566700        1.92477624100       Residual    53620.9221152      MLUPs    5242.07294480    
  4  Maxtime , Mintime + JacobiMi , JacobiMa    1.97783922300        1.97782074900        1.88662130900        1.92480372900       Residual    37315.0270682      MLUPs    5242.08433094    
  4  Maxtime , Mintime + JacobiMi , JacobiMa    1.97887240800        1.97885755500        1.88627436100        1.92533783800       Residual    27208.6476612      MLUPs    5239.34739708    
