# Threadlevel provided:        3 out of        0        1        2        3
  spat_dim , proc_dim, PBC ? 
           1 -Dim Input          600           1 T
           2 -Dim Input         4800           8 T
           3 -Dim Input         3600           6 T
#   0 Process grid   1   8   6
           8           3           2
          10           3           2
          12           3           2
          14           3           2
          16           3           2
          18           3           2
          20           3           2
          22           3           2
          24           3           2
          26           3           2
          28           3           2
          30           3           2
          32           3           2
          34           3           2
          36           3           2
          38           3           2
          40           3           2
          42           3           2
          46           3           2
           0           3           2
#   0  Allocated 2 arrays with a total of  3490.68      Mbytes 
           2           3           2
           4           3           2
           6           3           2
          44           3           2
           1           3           2
           3           3           2
           5           3           2
           7           3           2
           9           3           2
          11           3           2
          13           3           2
          15           3           2
          17           3           2
          19           3           2
          21           3           2
          23           3           2
          25           3           2
          27           3           2
          29           3           2
          31           3           2
          33           3           2
          35           3           2
          37           3           2
          39           3           2
          41           3           2
          43           3           2
          45           3           2
          47           3           2
# StartResidual    0.00000000000    
  4  Maxtime , Mintime + JacobiMi , JacobiMa    1.99232964600        1.99103813500        1.88219927000        1.92535648700       Residual    62049999.9507      MLUPs    5203.95810042    
  4  Maxtime , Mintime + JacobiMi , JacobiMa    1.97678424100        1.97658516100        1.88284198200        1.92293337400       Residual    10333333.3333      MLUPs    5244.88195776    
  4  Maxtime , Mintime + JacobiMi , JacobiMa    1.97370404400        1.97369591500        1.88370606600        1.91902907200       Residual    2200617.28329      MLUPs    5253.06721214    
  4  Maxtime , Mintime + JacobiMi , JacobiMa    1.97460990000        1.97365960600        1.88321642100        1.92058943500       Residual    653806.584240      MLUPs    5250.65735769    
  4  Maxtime , Mintime + JacobiMi , JacobiMa    1.97489130500        1.97487660600        1.88225714400        1.91979156500       Residual    267768.347049      MLUPs    5249.90918424    
  4  Maxtime , Mintime + JacobiMi , JacobiMa    1.97463296900        1.97461824200        1.88222450600        1.91881775000       Residual    137961.031338      MLUPs    5250.59601595    
  4  Maxtime , Mintime + JacobiMi , JacobiMa    1.97477737900        1.97475168400        1.88233607200        1.92095615600       Residual    82118.9942364      MLUPs    5250.21205441    
  4  Maxtime , Mintime + JacobiMi , JacobiMa    1.97333665600        1.97333048400        1.88211026100        1.91883393200       Residual    53620.9221152      MLUPs    5254.04520738    
  4  Maxtime , Mintime + JacobiMi , JacobiMa    1.98122136400        1.98120877000        1.88202902200        1.91933439100       Residual    37315.0270682      MLUPs    5233.13557404    
  4  Maxtime , Mintime + JacobiMi , JacobiMa    1.97416887300        1.97415270000        1.88197465800        1.91849687600       Residual    27208.6476612      MLUPs    5251.83034836    
