# Threadlevel provided:        3 out of        0        1        2        3
  spat_dim , proc_dim, PBC ? 
           1 -Dim Input         2400           4 T
           2 -Dim Input         1200           2 T
           3 -Dim Input         1800           3 T
#   0 Process grid   4   2   3
           0           3           2
           2           3           2
           3           3           2
           4           3           2
           5           3           2
           6           3           2
           7           3           2
           8           3           2
           9           3           2
          10           3           2
          11           3           2
          12           3           2
          13           3           2
          14           3           2
          15           3           2
          16           3           2
          17           3           2
          18           3           2
          19           3           2
          20           3           2
          21           3           2
          22           3           2
          23           3           2
#   0  Allocated 2 arrays with a total of  3490.68      Mbytes 
           1           3           2
# StartResidual    0.00000000000    
  4  Maxtime , Mintime + JacobiMi , JacobiMa    3.06066224000        3.06059229200        2.84843200600        2.96299233600       Residual    26029999.9794      MLUPs    1693.75108833    
  4  Maxtime , Mintime + JacobiMi , JacobiMa    3.05882050300        3.05881605100        2.84771582600        2.96339426300       Residual    4333333.33331      MLUPs    1694.77090758    
  4  Maxtime , Mintime + JacobiMi , JacobiMa    3.06069109100        3.06067736000        2.84768996300        2.96587330900       Residual    922839.505890      MLUPs    1693.73512252    
  4  Maxtime , Mintime + JacobiMi , JacobiMa    3.05902810100        3.05900634900        2.84791487400        2.96371143300       Residual    274176.954668      MLUPs    1694.65589358    
  4  Maxtime , Mintime + JacobiMi , JacobiMa    3.05968171100        3.05967646600        2.84745894000        2.96509780500       Residual    112289.951988      MLUPs    1694.29388075    
  4  Maxtime , Mintime + JacobiMi , JacobiMa    3.05902013700        3.05901733200        2.84886268800        2.96375307600       Residual    57854.6260466      MLUPs    1694.66030553    
  4  Maxtime , Mintime + JacobiMi , JacobiMa    3.05986864400        3.05986685100        2.84914433900        2.96526337300       Residual    34436.9975829      MLUPs    1694.19037323    
  4  Maxtime , Mintime + JacobiMi , JacobiMa    3.05982379800        3.05981630600        2.84928716400        2.96450199400       Residual    22486.1931454      MLUPs    1694.21520396    
  4  Maxtime , Mintime + JacobiMi , JacobiMa    3.06000782600        3.05998536500        2.84893012200        2.96517996600       Residual    15648.2371577      MLUPs    1694.11331434    
  4  Maxtime , Mintime + JacobiMi , JacobiMa    3.05824712800        3.05823172500        2.84882169700        2.96274661300       Residual    11410.0780518      MLUPs    1695.08865145    
