# Threadlevel provided:        3 out of        0        1        2        3
  spat_dim , proc_dim, PBC ? 
           1 -Dim Input         2400           4 T
           2 -Dim Input         7200          12 T
           3 -Dim Input          600           1 T
#   0 Process grid   4  12   1
           3           3           2
           4           3           2
           7           3           2
           8           3           2
          11           3           2
          12           3           2
          15           3           2
          16           3           2
          17           3           2
          19           3           2
          20           3           2
          28           3           2
          31           3           2
          32           3           2
          33           3           2
          39           3           2
          40           3           2
          43           3           2
          44           3           2
          47           3           2
           0           3           2
#   0  Allocated 2 arrays with a total of  3490.68      Mbytes 
           1           3           2
          23           3           2
          36           3           2
          27           3           2
          34           3           2
          35           3           2
          46           3           2
           2           3           2
           6           3           2
          14           3           2
          18           3           2
          22           3           2
          24           3           2
          26           3           2
          30           3           2
          38           3           2
          42           3           2
           5           3           2
          10           3           2
          21           3           2
          37           3           2
          13           3           2
          29           3           2
          45           3           2
           9           3           2
          25           3           2
          41           3           2
# StartResidual    0.00000000000    
  4  Maxtime , Mintime + JacobiMi , JacobiMa    4.85837656200        4.84776538300        3.05578962600        4.71189411100       Residual    64056666.6158      MLUPs    2134.04619170    
  4  Maxtime , Mintime + JacobiMi , JacobiMa    6.30725109200        6.29897133200        3.10082686600        6.14611535000       Residual    10666666.6666      MLUPs    1643.82230052    
  4  Maxtime , Mintime + JacobiMi , JacobiMa    6.28969372200        6.27480866100        3.10143713300        6.14514733600       Residual    2271604.93758      MLUPs    1648.41094944    
  4  Maxtime , Mintime + JacobiMi , JacobiMa    6.19751107200        6.18821569600        3.09874052300        6.02919563900       Residual    674897.119184      MLUPs    1672.92964539    
  4  Maxtime , Mintime + JacobiMi , JacobiMa    6.29216733600        6.27474418200        3.09787045400        6.10406950500       Residual    276406.035663      MLUPs    1647.76291639    
  4  Maxtime , Mintime + JacobiMi , JacobiMa    6.13709413900        6.12418899800        3.10125661800        5.92891449400       Residual    142411.387191      MLUPs    1689.39888572    
  4  Maxtime , Mintime + JacobiMi , JacobiMa    6.23350342700        6.23024630300        3.10613767400        6.06224061300       Residual    84767.9940501      MLUPs    1663.27012112    
  4  Maxtime , Mintime + JacobiMi , JacobiMa    6.08520706000        6.06991476700        3.10082830600        5.90692082200       Residual    55350.6292809      MLUPs    1703.80397869    
  4  Maxtime , Mintime + JacobiMi , JacobiMa    6.33600300000        6.33319604800        3.10140528700        6.13837937400       Residual    38518.7376190      MLUPs    1636.36286157    
  4  Maxtime , Mintime + JacobiMi , JacobiMa    6.09024992000        6.08272977200        3.10232348800        5.90056328300       Residual    28086.3459737      MLUPs    1702.39319177    
