# Threadlevel provided:        3 out of        0        1        2        3
  spat_dim , proc_dim, PBC ? 
           1 -Dim Input         2400           4 T
           2 -Dim Input          600           1 T
           3 -Dim Input         1200           2 T
#   0 Process grid   4   1   2
           0           3           2
           4           3           2
           6           3           2
           7           3           2
           1           3           2
           2           3           2
           3           3           2
           5           3           2
#   0  Allocated 2 arrays with a total of  3490.68      Mbytes 
# StartResidual    0.00000000000    
  4  Maxtime , Mintime + JacobiMi , JacobiMa    1.95507438100        1.95506385500        1.88189062800        1.90494935700       Residual    14023333.3223      MLUPs    883.853840444    
  4  Maxtime , Mintime + JacobiMi , JacobiMa    1.95362096900        1.95285184400        1.88162638400        1.90514415300       Residual    2333333.33332      MLUPs    884.511390602    
  4  Maxtime , Mintime + JacobiMi , JacobiMa    1.95290988300        1.95290692900        1.88182476000        1.90511917700       Residual    496913.580088      MLUPs    884.833455472    
  4  Maxtime , Mintime + JacobiMi , JacobiMa    1.95270449400        1.95269677900        1.88194452600        1.90500864100       Residual    147633.744822      MLUPs    884.926523859    
  4  Maxtime , Mintime + JacobiMi , JacobiMa    1.95279940600        1.95279765400        1.88180213100        1.90502013500       Residual    60463.8203020      MLUPs    884.883513735    
  4  Maxtime , Mintime + JacobiMi , JacobiMa    1.95270051100        1.95269862500        1.88198786800        1.90494193900       Residual    31152.4909488      MLUPs    884.928328879    
  4  Maxtime , Mintime + JacobiMi , JacobiMa    1.95281378800        1.95281167300        1.88177820600        1.90501607600       Residual    18542.9986987      MLUPs    884.876996782    
  4  Maxtime , Mintime + JacobiMi , JacobiMa    1.95284942500        1.95284615600        1.88206002900        1.90507215300       Residual    12107.9501552      MLUPs    884.860848911    
  4  Maxtime , Mintime + JacobiMi , JacobiMa    1.95261116800        1.95260853800        1.88175819600        1.90485793100       Residual    8425.97385391      MLUPs    884.968819353    
  4  Maxtime , Mintime + JacobiMi , JacobiMa    1.95266302700        1.95266182200        1.88203439900        1.90495616000       Residual    6143.88818196      MLUPs    884.945316271    
