# Threadlevel provided:        3 out of        0        1        2        3
  spat_dim , proc_dim, PBC ? 
           1 -Dim Input         3600           6 T
           2 -Dim Input         4800           8 T
           3 -Dim Input          600           1 T
#   0 Process grid   6   8   1
          30           3           2
          32           3           2
          34           3           2
          36           3           2
          38           3           2
          40           3           2
          42           3           2
          44           3           2
          46           3           2
           0           3           2
#   0  Allocated 2 arrays with a total of  3490.68      Mbytes 
           2           3           2
           4           3           2
           6           3           2
           8           3           2
          10           3           2
          12           3           2
          14           3           2
          16           3           2
          18           3           2
          20           3           2
          22           3           2
          24           3           2
          26           3           2
          28           3           2
           1           3           2
           3           3           2
           5           3           2
           7           3           2
           9           3           2
          11           3           2
          13           3           2
          15           3           2
          17           3           2
          19           3           2
          21           3           2
          23           3           2
          25           3           2
          27           3           2
          29           3           2
          31           3           2
          33           3           2
          35           3           2
          37           3           2
          39           3           2
          41           3           2
          43           3           2
          45           3           2
          47           3           2
# StartResidual    0.00000000000    
  4  Maxtime , Mintime + JacobiMi , JacobiMa    1.99592601300        1.99399138300        1.88437572500        1.92007116700       Residual    62049999.9507      MLUPs    5194.58132840    
  4  Maxtime , Mintime + JacobiMi , JacobiMa    1.98742850500        1.98741686800        1.88607414200        1.93528094800       Residual    10333333.3333      MLUPs    5216.79143371    
  4  Maxtime , Mintime + JacobiMi , JacobiMa    1.98741166600        1.98740398400        1.88723631700        1.93514039300       Residual    2200617.28328      MLUPs    5216.83563470    
  4  Maxtime , Mintime + JacobiMi , JacobiMa    1.98727529500        1.98726723500        1.88649764500        1.93509667000       Residual    653806.584205      MLUPs    5217.19362490    
  4  Maxtime , Mintime + JacobiMi , JacobiMa    1.98837771500        1.98836742600        1.88715013600        1.93592821600       Residual    267768.347048      MLUPs    5214.30104642    
  4  Maxtime , Mintime + JacobiMi , JacobiMa    1.98814882000        1.98813865900        1.88763979900        1.93567339100       Residual    137961.031342      MLUPs    5214.90136739    
  4  Maxtime , Mintime + JacobiMi , JacobiMa    1.98716464100        1.98715503500        1.88656864100        1.93505287500       Residual    82118.9942360      MLUPs    5217.48414101    
  4  Maxtime , Mintime + JacobiMi , JacobiMa    1.98708953900        1.98707282900        1.88654048800        1.93477516300       Residual    53620.9221159      MLUPs    5217.68133570    
  4  Maxtime , Mintime + JacobiMi , JacobiMa    1.98782532600        1.98781196200        1.88811024400        1.93545322500       Residual    37315.0270683      MLUPs    5215.75002813    
  4  Maxtime , Mintime + JacobiMi , JacobiMa    1.98879607800        1.98877924900        1.88831896700        1.93662482500       Residual    27208.6476620      MLUPs    5213.20416643    
