# Threadlevel provided:        3 out of        0        1        2        3
  spat_dim , proc_dim, PBC ? 
           1 -Dim Input         7200          12 T
           2 -Dim Input          600           1 T
           3 -Dim Input         2400           4 T
#   0 Process grid  12   1   4
          14           3           2
          16           3           2
          18           3           2
          20           3           2
          22           3           2
          24           3           2
          26           3           2
          28           3           2
          30           3           2
          32           3           2
          34           3           2
          36           3           2
          38           3           2
          42           3           2
          44           3           2
          46           3           2
           0           3           2
#   0  Allocated 2 arrays with a total of  3490.68      Mbytes 
           2           3           2
           4           3           2
           6           3           2
           8           3           2
          10           3           2
          12           3           2
          40           3           2
           1           3           2
           3           3           2
           5           3           2
           7           3           2
           9           3           2
          11           3           2
          13           3           2
          15           3           2
          17           3           2
          19           3           2
          21           3           2
          23           3           2
          25           3           2
          27           3           2
          29           3           2
          33           3           2
          35           3           2
          37           3           2
          39           3           2
          41           3           2
          43           3           2
          45           3           2
          47           3           2
          31           3           2
# StartResidual    0.00000000000    
  4  Maxtime , Mintime + JacobiMi , JacobiMa    1.99111507700        1.98955592000        1.88219441300        1.92142001200       Residual    64056666.6158      MLUPs    5207.13248559    
  4  Maxtime , Mintime + JacobiMi , JacobiMa    1.98980389700        1.98961678700        1.88560545900        1.93694559900       Residual    10666666.6666      MLUPs    5210.56372220    
  4  Maxtime , Mintime + JacobiMi , JacobiMa    1.99244513600        1.99242704800        1.88748849900        1.94054092800       Residual    2271604.93757      MLUPs    5203.65645842    
  4  Maxtime , Mintime + JacobiMi , JacobiMa    1.98897554300        1.98896368500        1.88735904400        1.93750395100       Residual    674897.119176      MLUPs    5212.73377970    
  4  Maxtime , Mintime + JacobiMi , JacobiMa    1.98917724200        1.98916881300        1.88712521200        1.93752269400       Residual    276406.035663      MLUPs    5212.20521786    
  4  Maxtime , Mintime + JacobiMi , JacobiMa    1.98928980500        1.98927764200        1.88747369700        1.93704478200       Residual    142411.387192      MLUPs    5211.91028775    
  4  Maxtime , Mintime + JacobiMi , JacobiMa    1.98891563000        1.98890140900        1.88802920100        1.93673420200       Residual    84767.9940500      MLUPs    5212.89080523    
  4  Maxtime , Mintime + JacobiMi , JacobiMa    1.98767716400        1.98767306900        1.88779488800        1.93618340200       Residual    55350.6292810      MLUPs    5216.13881156    
  4  Maxtime , Mintime + JacobiMi , JacobiMa    1.98797055400        1.98795432800        1.88803697500        1.93642891800       Residual    38518.7376189      MLUPs    5215.36899988    
  4  Maxtime , Mintime + JacobiMi , JacobiMa    1.98774703100        1.98773860300        1.88762753000        1.93478511500       Residual    28086.3459739      MLUPs    5215.95547034    
