# Threadlevel provided:        3 out of        0        1        2        3
  spat_dim , proc_dim, PBC ? 
           1 -Dim Input         2400           4 T
           2 -Dim Input          600           1 T
           3 -Dim Input         7200          12 T
#   0 Process grid   4   1  12
          14           3           2
          15           3           2
          16           3           2
          17           3           2
          18           3           2
          19           3           2
          20           3           2
          22           3           2
          23           3           2
          24           3           2
          25           3           2
          26           3           2
          28           3           2
          30           3           2
          31           3           2
          32           3           2
          35           3           2
          36           3           2
          38           3           2
          39           3           2
          40           3           2
          41           3           2
          43           3           2
          44           3           2
          46           3           2
          47           3           2
           0           3           2
#   0  Allocated 2 arrays with a total of  3490.68      Mbytes 
           1           3           2
           2           3           2
           3           3           2
           4           3           2
           6           3           2
           7           3           2
           8           3           2
           9           3           2
          10           3           2
          11           3           2
          12           3           2
          27           3           2
          34           3           2
          42           3           2
          33           3           2
           5           3           2
          13           3           2
          21           3           2
          29           3           2
          37           3           2
          45           3           2
# StartResidual    0.00000000000    
  4  Maxtime , Mintime + JacobiMi , JacobiMa    4.10096085500        4.10051599400        3.81683936700        3.98787867800       Residual    64056666.6158      MLUPs    2528.18799462    
  4  Maxtime , Mintime + JacobiMi , JacobiMa    4.10059244100        4.10057126800        3.81692501600        3.99047662300       Residual    10666666.6666      MLUPs    2528.41513737    
  4  Maxtime , Mintime + JacobiMi , JacobiMa    4.09975098400        4.09973091700        3.81748036200        3.98940775700       Residual    2271604.93758      MLUPs    2528.93408416    
  4  Maxtime , Mintime + JacobiMi , JacobiMa    4.10118541200        4.10117058400        3.81819431900        3.99006736400       Residual    674897.119184      MLUPs    2528.04956578    
  4  Maxtime , Mintime + JacobiMi , JacobiMa    4.09993928700        4.09957489700        3.81729670300        3.98968489300       Residual    276406.035663      MLUPs    2528.81793466    
  4  Maxtime , Mintime + JacobiMi , JacobiMa    4.11208842600        4.11205768300        3.81844156400        3.99302082800       Residual    142411.387191      MLUPs    2521.34655822    
  4  Maxtime , Mintime + JacobiMi , JacobiMa    4.10494872400        4.10492834200        3.81882677300        3.99388761200       Residual    84767.9940501      MLUPs    2525.73191460    
  4  Maxtime , Mintime + JacobiMi , JacobiMa    4.10508445400        4.10506001100        3.81941005200        3.99374081500       Residual    55350.6292809      MLUPs    2525.64840411    
  4  Maxtime , Mintime + JacobiMi , JacobiMa    4.10410551900        4.10408465100        3.82003706400        3.99316712400       Residual    38518.7376190      MLUPs    2526.25083639    
  4  Maxtime , Mintime + JacobiMi , JacobiMa    4.10533158500        4.10529991400        3.82001900600        3.99406324400       Residual    28086.3459737      MLUPs    2525.49636621    
