# Threadlevel provided:        3 out of        0        1        2        3
  spat_dim , proc_dim, PBC ? 
           1 -Dim Input         2400           4 T
           2 -Dim Input          600           1 T
           3 -Dim Input         7200          12 T
#   0 Process grid   4   1  12
           2           3           2
           4           3           2
           5           3           2
           6           3           2
           8           3           2
           9           3           2
          11           3           2
          12           3           2
          13           3           2
          14           3           2
          15           3           2
          17           3           2
          18           3           2
          19           3           2
          20           3           2
          22           3           2
          23           3           2
          24           3           2
          25           3           2
          26           3           2
          27           3           2
          28           3           2
          29           3           2
          31           3           2
          33           3           2
          34           3           2
          35           3           2
          36           3           2
          37           3           2
          38           3           2
          39           3           2
          40           3           2
          41           3           2
          44           3           2
          45           3           2
          46           3           2
          47           3           2
           0           3           2
#   0  Allocated 2 arrays with a total of  3490.68      Mbytes 
           1           3           2
           3           3           2
           7           3           2
          10           3           2
          16           3           2
          21           3           2
          32           3           2
          30           3           2
          42           3           2
          43           3           2
# StartResidual    0.00000000000    
  4  Maxtime , Mintime + JacobiMi , JacobiMa    4.67049866900        4.66804534400        3.04845463700        4.57102491200       Residual    64056666.6158      MLUPs    2219.89143661    
  4  Maxtime , Mintime + JacobiMi , JacobiMa    4.15878783100        4.15877079900        3.82264601800        4.01884267600       Residual    10666666.6666      MLUPs    2493.03412949    
  4  Maxtime , Mintime + JacobiMi , JacobiMa    4.15430474200        4.15408801800        3.82132956900        4.01372691800       Residual    2271604.93758      MLUPs    2495.72446989    
  4  Maxtime , Mintime + JacobiMi , JacobiMa    4.15278630900        4.15277065100        3.82378877900        4.01245731500       Residual    674897.119184      MLUPs    2496.63701152    
  4  Maxtime , Mintime + JacobiMi , JacobiMa    4.15752337600        4.15717774900        3.82145609700        4.01745044800       Residual    276406.035663      MLUPs    2493.79235240    
  4  Maxtime , Mintime + JacobiMi , JacobiMa    4.15590435700        4.15588841900        3.82305882200        4.01547705700       Residual    142411.387191      MLUPs    2494.76386109    
  4  Maxtime , Mintime + JacobiMi , JacobiMa    4.15381547600        4.15380351300        3.82291121800        4.01332423100       Residual    84767.9940501      MLUPs    2496.01843411    
  4  Maxtime , Mintime + JacobiMi , JacobiMa    4.16034627200        4.16033197100        3.82403519100        4.02041562900       Residual    55350.6292809      MLUPs    2492.10025372    
  4  Maxtime , Mintime + JacobiMi , JacobiMa    4.21950700900        4.21948803900        3.82361391900        4.08062390200       Residual    38518.7376190      MLUPs    2457.15908941    
  4  Maxtime , Mintime + JacobiMi , JacobiMa    4.20129016600        4.20126860900        3.82386216800        4.06358150000       Residual    28086.3459737      MLUPs    2467.81335979    
