# Threadlevel provided:        3 out of        0        1        2        3
  spat_dim , proc_dim, PBC ? 
           1 -Dim Input         1800           3 T
           2 -Dim Input         4800           8 T
           3 -Dim Input          600           1 T
#   0 Process grid   3   8   1
           6           3           2
           7           3           2
           8           3           2
           9           3           2
          10           3           2
          11           3           2
          12           3           2
          13           3           2
          14           3           2
          15           3           2
          16           3           2
          17           3           2
          18           3           2
          19           3           2
          20           3           2
          21           3           2
          22           3           2
          23           3           2
           0           3           2
#   0  Allocated 2 arrays with a total of  3490.68      Mbytes 
           1           3           2
           2           3           2
           3           3           2
           4           3           2
           5           3           2
# StartResidual    0.00000000000    
  4  Maxtime , Mintime + JacobiMi , JacobiMa    3.08353812800        3.08348068300        2.84904619500        2.98910001700       Residual    35039999.9723      MLUPs    1681.18563313    
  4  Maxtime , Mintime + JacobiMi , JacobiMa    3.08248426000        3.08248030500        2.85019193000        2.99047770000       Residual    5833333.33330      MLUPs    1681.76041230    
  4  Maxtime , Mintime + JacobiMi , JacobiMa    3.08186338000        3.08185985700        2.84945040600        2.98970688800       Residual    1242283.95024      MLUPs    1682.09922401    
  4  Maxtime , Mintime + JacobiMi , JacobiMa    3.08428832100        3.08428571100        2.84801998600        2.99208089500       Residual    369084.362056      MLUPs    1680.77671750    
  4  Maxtime , Mintime + JacobiMi , JacobiMa    3.08167970300        3.08167505700        2.84902626100        2.98950021500       Residual    151159.550754      MLUPs    1682.19948198    
  4  Maxtime , Mintime + JacobiMi , JacobiMa    3.08418564900        3.08416769900        2.84990540200        2.99198571300       Residual    77881.2273706      MLUPs    1680.83267026    
  4  Maxtime , Mintime + JacobiMi , JacobiMa    3.08209968400        3.08209683400        2.85064225800        2.98981793500       Residual    46357.4967463      MLUPs    1681.97025778    
  4  Maxtime , Mintime + JacobiMi , JacobiMa    3.08390699000        3.08390366000        2.85008880300        2.99166078900       Residual    30269.8753879      MLUPs    1680.98454876    
  4  Maxtime , Mintime + JacobiMi , JacobiMa    3.08332493400        3.08332071700        2.85112520700        2.99105532800       Residual    21064.9346353      MLUPs    1681.30187735    
  4  Maxtime , Mintime + JacobiMi , JacobiMa    3.08301691500        3.08301414600        2.85065964000        2.99051053400       Residual    15359.7204545      MLUPs    1681.46985337    
