# Threadlevel provided:        3 out of        0        1        2        3
  spat_dim , proc_dim, PBC ? 
           1 -Dim Input         3600           6 T
           2 -Dim Input          600           1 T
           3 -Dim Input         4800           8 T
#   0 Process grid   6   1   8
          19           3           2
          20           3           2
          21           3           2
          22           3           2
          25           3           2
          26           3           2
          28           3           2
          29           3           2
          30           3           2
          33           3           2
          34           3           2
          35           3           2
          36           3           2
          37           3           2
          38           3           2
          39           3           2
          40           3           2
          41           3           2
          42           3           2
          43           3           2
          45           3           2
          46           3           2
           0           3           2
#   0  Allocated 2 arrays with a total of  3490.68      Mbytes 
           1           3           2
           2           3           2
           3           3           2
           4           3           2
           5           3           2
           6           3           2
           7           3           2
           8           3           2
           9           3           2
          10           3           2
          11           3           2
          12           3           2
          14           3           2
          16           3           2
          17           3           2
          23           3           2
          24           3           2
          27           3           2
          32           3           2
          44           3           2
          13           3           2
          18           3           2
          15           3           2
          31           3           2
          47           3           2
# StartResidual    0.00000000000    
  4  Maxtime , Mintime + JacobiMi , JacobiMa    4.08698104100        4.08633572200        3.80367488600        3.96765116000       Residual    62049999.9507      MLUPs    2536.83584435    
  4  Maxtime , Mintime + JacobiMi , JacobiMa    4.08388056600        4.08386398900        3.80373632300        3.96618245500       Residual    10333333.3333      MLUPs    2538.76180570    
  4  Maxtime , Mintime + JacobiMi , JacobiMa    4.08365005200        4.08363073300        3.80369577200        3.96735368400       Residual    2200617.28328      MLUPs    2538.90511380    
  4  Maxtime , Mintime + JacobiMi , JacobiMa    4.08335959000        4.08334952500        3.80700589800        3.96663570000       Residual    653806.584205      MLUPs    2539.08571398    
  4  Maxtime , Mintime + JacobiMi , JacobiMa    4.08427265100        4.08425159400        3.80415565900        3.96740698200       Residual    267768.347048      MLUPs    2538.51808778    
  4  Maxtime , Mintime + JacobiMi , JacobiMa    4.08471518300        4.08470385500        3.80447933800        3.96787899900       Residual    137961.031342      MLUPs    2538.24306849    
  4  Maxtime , Mintime + JacobiMi , JacobiMa    4.08326642000        4.08324907000        3.80448238300        3.96637399800       Residual    82118.9942360      MLUPs    2539.14364961    
  4  Maxtime , Mintime + JacobiMi , JacobiMa    4.08350154100        4.08348885100        3.80514077000        3.96669273700       Residual    53620.9221159      MLUPs    2538.99745008    
  4  Maxtime , Mintime + JacobiMi , JacobiMa    4.08467488000        4.08465897900        3.80515893700        3.96800226100       Residual    37315.0270683      MLUPs    2538.26811303    
  4  Maxtime , Mintime + JacobiMi , JacobiMa    4.08524935400        4.08521355800        3.80567371200        3.96857937300       Residual    27208.6476620      MLUPs    2537.91117789    
