# Threadlevel provided:        3 out of        0        1        2        3
  spat_dim , proc_dim, PBC ? 
           1 -Dim Input         1200           2 T
           2 -Dim Input         2400           4 T
           3 -Dim Input         3600           6 T
#   0 Process grid   2   4   6
           2           3           2
           4           3           2
           6           3           2
           8           3           2
          10           3           2
          12           3           2
          16           3           2
          18           3           2
          20           3           2
          24           3           2
          26           3           2
          28           3           2
          32           3           2
          36           3           2
          38           3           2
          40           3           2
          42           3           2
          44           3           2
           0           3           2
#   0  Allocated 2 arrays with a total of  3490.68      Mbytes 
          22           3           2
          34           3           2
          43           3           2
          45           3           2
          47           3           2
           1           3           2
           3           3           2
           5           3           2
           7           3           2
           9           3           2
          11           3           2
          13           3           2
          15           3           2
          17           3           2
          19           3           2
          21           3           2
          23           3           2
          25           3           2
          29           3           2
          31           3           2
          33           3           2
          35           3           2
          37           3           2
          41           3           2
          14           3           2
          30           3           2
          46           3           2
          27           3           2
          39           3           2
# StartResidual    0.00000000000    
  4  Maxtime , Mintime + JacobiMi , JacobiMa    4.08278861400        4.08267633400        3.80808859300        3.96010125800       Residual    44039999.9650      MLUPs    2539.44080388    
  4  Maxtime , Mintime + JacobiMi , JacobiMa    4.08043932000        4.08042923200        3.80819618100        3.96068157600       Residual    7333333.33330      MLUPs    2540.90287513    
  4  Maxtime , Mintime + JacobiMi , JacobiMa    4.07868565700        4.07867662600        3.80717333600        3.95885078800       Residual    1561728.39459      MLUPs    2541.99535632    
  4  Maxtime , Mintime + JacobiMi , JacobiMa    4.07975156700        4.07973884500        3.80781732700        3.95986904500       Residual    463991.769447      MLUPs    2541.33121337    
  4  Maxtime , Mintime + JacobiMi , JacobiMa    4.09790640900        4.09749422400        3.80656425000        3.97747320300       Residual    190029.149517      MLUPs    2530.07242362    
  4  Maxtime , Mintime + JacobiMi , JacobiMa    4.07956461200        4.07954636600        3.80716900000        3.95974639900       Residual    97907.8286931      MLUPs    2541.44767545    
  4  Maxtime , Mintime + JacobiMi , JacobiMa    4.07959819000        4.07957423400        3.80712280400        3.95968964800       Residual    58277.9959096      MLUPs    2541.42675752    
  4  Maxtime , Mintime + JacobiMi , JacobiMa    4.08067317000        4.08065391900        3.80777358800        3.96078512500       Residual    38053.5576305      MLUPs    2540.75726432    
  4  Maxtime , Mintime + JacobiMi , JacobiMa    4.07974502600        4.07973295800        3.80901890400        3.95969192500       Residual    26481.6321130      MLUPs    2541.33528785    
  4  Maxtime , Mintime + JacobiMi , JacobiMa    4.08086417300        4.08085343100        3.80839746800        3.96075681000       Residual    19309.3628566      MLUPs    2540.63834533    
