# Threadlevel provided:        3 out of        0        1        2        3
  spat_dim , proc_dim, PBC ? 
           1 -Dim Input          600           1 T
           2 -Dim Input          600           1 T
           3 -Dim Input         7200          12 T
#   0 Process grid   1   1  12
           0           3           2
           1           3           2
           2           3           2
           3           3           2
           4           3           2
           5           3           2
           6           3           2
           7           3           2
           8           3           2
           9           3           2
          10           3           2
          11           3           2
#   0  Allocated 2 arrays with a total of  3490.68      Mbytes 
# StartResidual    0.00000000000    
  4  Maxtime , Mintime + JacobiMi , JacobiMa    3.05644521900        3.05638992600        2.95576338800        2.96138379400       Residual    25046666.6470      MLUPs    848.043990413    
  4  Maxtime , Mintime + JacobiMi , JacobiMa    3.05401482700        3.05400231900        2.95551068100        2.96145894300       Residual    4166666.66665      MLUPs    848.718865765    
  4  Maxtime , Mintime + JacobiMi , JacobiMa    3.05459105400        3.05458344200        2.95591454600        2.96207973500       Residual    887345.678689      MLUPs    848.558760953    
  4  Maxtime , Mintime + JacobiMi , JacobiMa    3.05402180800        3.05401929000        2.95564229600        2.96150999300       Residual    263631.687185      MLUPs    848.716925731    
  4  Maxtime , Mintime + JacobiMi , JacobiMa    3.05437561800        3.05437386100        2.95577484600        2.96184819600       Residual    107971.107683      MLUPs    848.618612827    
  4  Maxtime , Mintime + JacobiMi , JacobiMa    3.05459906300        3.05459718100        2.95602193100        2.96218977100       Residual    55629.4481252      MLUPs    848.556536076    
  4  Maxtime , Mintime + JacobiMi , JacobiMa    3.05400046300        3.05399879400        2.95544865600        2.96132303100       Residual    33112.4976770      MLUPs    848.722857577    
  4  Maxtime , Mintime + JacobiMi , JacobiMa    3.05482921200        3.05482108800        2.95640063100        2.96223965000       Residual    21621.3395625      MLUPs    848.492606336    
  4  Maxtime , Mintime + JacobiMi , JacobiMa    3.05444199200        3.05442402700        2.95606592000        2.96195189100       Residual    15046.3818811      MLUPs    848.600172074    
  4  Maxtime , Mintime + JacobiMi , JacobiMa    3.05416100000        3.05415380300        2.95560771600        2.96167187700       Residual    10971.2288966      MLUPs    848.678245842    
