# Threadlevel provided:        3 out of        0        1        2        3
  spat_dim , proc_dim, PBC ? 
           1 -Dim Input         1800           3 T
           2 -Dim Input          600           1 T
           3 -Dim Input         9600          16 T
#   0 Process grid   3   1  16
          20           3           2
          22           3           2
          24           3           2
          26           3           2
          28           3           2
          30           3           2
          32           3           2
          36           3           2
          38           3           2
          40           3           2
          42           3           2
          44           3           2
          46           3           2
           0           3           2
           2           3           2
           4           3           2
           6           3           2
           8           3           2
          10           3           2
          12           3           2
          14           3           2
          16           3           2
          18           3           2
#   0  Allocated 2 arrays with a total of  3490.68      Mbytes 
          34           3           2
           1           3           2
           3           3           2
           5           3           2
           7           3           2
           9           3           2
          11           3           2
          13           3           2
          15           3           2
          17           3           2
          19           3           2
          21           3           2
          23           3           2
          25           3           2
          27           3           2
          29           3           2
          31           3           2
          33           3           2
          35           3           2
          37           3           2
          39           3           2
          41           3           2
          43           3           2
          45           3           2
          47           3           2
# StartResidual    0.00000000000    
  4  Maxtime , Mintime + JacobiMi , JacobiMa    2.00583057900        1.99573465400        1.88521227100        1.92299294200       Residual    67066666.6135      MLUPs    5168.93106953    
  4  Maxtime , Mintime + JacobiMi , JacobiMa    1.98584166900        1.98583427900        1.88758161000        1.93448168100       Residual    11166666.6666      MLUPs    5220.96004019    
  4  Maxtime , Mintime + JacobiMi , JacobiMa    1.98747695900        1.98745960500        1.89017947600        1.93568209300       Residual    2378086.41904      MLUPs    5216.66425014    
  4  Maxtime , Mintime + JacobiMi , JacobiMa    1.98904660400        1.98903515900        1.88779903500        1.93754222700       Residual    706532.921651      MLUPs    5212.54754874    
  4  Maxtime , Mintime + JacobiMi , JacobiMa    1.98900048800        1.98898126800        1.89076360200        1.93638910700       Residual    289362.568585      MLUPs    5212.66840433    
  4  Maxtime , Mintime + JacobiMi , JacobiMa    1.98850835600        1.98848902800        1.88785595000        1.93688093700       Residual    149086.920966      MLUPs    5213.95847733    
  4  Maxtime , Mintime + JacobiMi , JacobiMa    1.98771275400        1.98770662900        1.88875222300        1.93634128900       Residual    88741.4937712      MLUPs    5216.04541659    
  4  Maxtime , Mintime + JacobiMi , JacobiMa    1.98879588100        1.98878393400        1.88881297300        1.93642229400       Residual    57945.1900284      MLUPs    5213.20468282    
  4  Maxtime , Mintime + JacobiMi , JacobiMa    1.98800414800        1.98799097400        1.88981422700        1.93653666200       Residual    40324.3034450      MLUPs    5215.28086872    
  4  Maxtime , Mintime + JacobiMi , JacobiMa    1.99126427300        1.99106506200        1.88943463900        1.93567064100       Residual    29402.8934412      MLUPs    5206.74233982    
