# Threadlevel provided:        3 out of        0        1        2        3
  spat_dim , proc_dim, PBC ? 
           1 -Dim Input         1800           3 T
           2 -Dim Input          600           1 T
           3 -Dim Input         9600          16 T
#   0 Process grid   3   1  16
          12           3           2
          14           3           2
          16           3           2
          18           3           2
          24           3           2
          26           3           2
          28           3           2
          30           3           2
          32           3           2
          34           3           2
          36           3           2
          38           3           2
          40           3           2
          42           3           2
          44           3           2
          46           3           2
           0           3           2
#   0  Allocated 2 arrays with a total of  3490.68      Mbytes 
           2           3           2
           4           3           2
           6           3           2
          10           3           2
          20           3           2
          22           3           2
           8           3           2
           1           3           2
           3           3           2
           5           3           2
           7           3           2
           9           3           2
          11           3           2
          13           3           2
          15           3           2
          17           3           2
          19           3           2
          21           3           2
          23           3           2
          25           3           2
          27           3           2
          29           3           2
          31           3           2
          33           3           2
          35           3           2
          37           3           2
          39           3           2
          41           3           2
          43           3           2
          45           3           2
          47           3           2
# StartResidual    0.00000000000    
  4  Maxtime , Mintime + JacobiMi , JacobiMa    1.99675199800        1.98941454300        1.88467506000        1.92626136300       Residual    67066666.6135      MLUPs    5192.43251560    
  4  Maxtime , Mintime + JacobiMi , JacobiMa    1.97448994600        1.97447050600        1.88490214100        1.92125418900       Residual    11166666.6666      MLUPs    5250.97634506    
  4  Maxtime , Mintime + JacobiMi , JacobiMa    1.97386028100        1.97384763700        1.88620771500        1.92136365000       Residual    2378086.41904      MLUPs    5252.65141601    
  4  Maxtime , Mintime + JacobiMi , JacobiMa    1.97394350300        1.97393559200        1.88600968900        1.92147994800       Residual    706532.921651      MLUPs    5252.42996278    
  4  Maxtime , Mintime + JacobiMi , JacobiMa    1.97355308500        1.97354229100        1.88852437400        1.92106633100       Residual    289362.568585      MLUPs    5253.46902437    
  4  Maxtime , Mintime + JacobiMi , JacobiMa    1.97465585100        1.97465034200        1.88470153600        1.92144378300       Residual    149086.920966      MLUPs    5250.53517288    
  4  Maxtime , Mintime + JacobiMi , JacobiMa    1.97451264600        1.97449727900        1.88474880800        1.92133338600       Residual    88741.4937712      MLUPs    5250.91597717    
  4  Maxtime , Mintime + JacobiMi , JacobiMa    1.97388134300        1.97386944400        1.88733593900        1.92085821000       Residual    57945.1900284      MLUPs    5252.59536839    
  4  Maxtime , Mintime + JacobiMi , JacobiMa    1.97400842300        1.97399197700        1.88613789600        1.92107393800       Residual    40324.3034450      MLUPs    5252.25722403    
  4  Maxtime , Mintime + JacobiMi , JacobiMa    1.97395195800        1.97394437300        1.88842319800        1.92152398000       Residual    29402.8934412      MLUPs    5252.40746513    
