# Threadlevel provided:        3 out of        0        1        2        3
  spat_dim , proc_dim, PBC ? 
           1 -Dim Input         2400           4 T
           2 -Dim Input         1200           2 T
           3 -Dim Input          600           1 T
#   0 Process grid   4   2   1
           0           3           2
           3           3           2
           4           3           2
           5           3           2
           6           3           2
           7           3           2
           1           3           2
           2           3           2
#   0  Allocated 2 arrays with a total of  3490.68      Mbytes 
# StartResidual    0.00000000000    
  4  Maxtime , Mintime + JacobiMi , JacobiMa    1.93497931400        1.93497306200        1.88224319600        1.88489313300       Residual    14023333.3223      MLUPs    893.032802727    
  4  Maxtime , Mintime + JacobiMi , JacobiMa    1.93378467800        1.93378152800        1.88269862200        1.88535134200       Residual    2333333.33332      MLUPs    893.584492451    
  4  Maxtime , Mintime + JacobiMi , JacobiMa    1.93317755600        1.93317381700        1.88228615400        1.88466608600       Residual    496913.580088      MLUPs    893.865126168    
  4  Maxtime , Mintime + JacobiMi , JacobiMa    1.93345211600        1.93344670700        1.88240986600        1.88503920500       Residual    147633.744822      MLUPs    893.738192790    
  4  Maxtime , Mintime + JacobiMi , JacobiMa    1.93348210900        1.93347526000        1.88238155900        1.88506799000       Residual    60463.8203020      MLUPs    893.724328742    
  4  Maxtime , Mintime + JacobiMi , JacobiMa    1.93357627000        1.93357026600        1.88258207500        1.88514622300       Residual    31152.4909488      MLUPs    893.680806292    
  4  Maxtime , Mintime + JacobiMi , JacobiMa    1.93340695800        1.93340527000        1.88245002400        1.88497399800       Residual    18542.9986987      MLUPs    893.759067562    
  4  Maxtime , Mintime + JacobiMi , JacobiMa    1.93355059300        1.93354848400        1.88271680200        1.88512514700       Residual    12107.9501552      MLUPs    893.692674118    
  4  Maxtime , Mintime + JacobiMi , JacobiMa    1.93343384400        1.93342678900        1.88246611200        1.88497655000       Residual    8425.97385391      MLUPs    893.746639101    
  4  Maxtime , Mintime + JacobiMi , JacobiMa    1.93335985400        1.93335770800        1.88250035500        1.88490297800       Residual    6143.88818196      MLUPs    893.780842933    
