# Threadlevel provided:        3 out of        0        1        2        3
  spat_dim , proc_dim, PBC ? 
           1 -Dim Input          600           1 T
           2 -Dim Input         3600           6 T
           3 -Dim Input         1200           2 T
#   0 Process grid   1   6   2
           0           3           2
           8           3           2
          10           3           2
           2           3           2
           4           3           2
           6           3           2
#   0  Allocated 2 arrays with a total of  3490.68      Mbytes 
           1           3           2
           3           3           2
           5           3           2
           7           3           2
           9           3           2
          11           3           2
# StartResidual    0.00000000000    
  4  Maxtime , Mintime + JacobiMi , JacobiMa    1.96055642000        1.96051355800        1.88156614200        1.89918918300       Residual    20029999.9842      MLUPs    1322.07365907    
  4  Maxtime , Mintime + JacobiMi , JacobiMa    1.95806037100        1.95805431300        1.88121762900        1.89886466900       Residual    3333333.33332      MLUPs    1323.75898026    
  4  Maxtime , Mintime + JacobiMi , JacobiMa    1.95794882800        1.95794333300        1.88119517700        1.89891912700       Residual    709876.542984      MLUPs    1323.83439390    
  4  Maxtime , Mintime + JacobiMi , JacobiMa    1.95811067100        1.95810029000        1.88118786800        1.89897478100       Residual    210905.349752      MLUPs    1323.72497550    
  4  Maxtime , Mintime + JacobiMi , JacobiMa    1.95800141000        1.95799038400        1.88109152700        1.89891240000       Residual    86376.8861455      MLUPs    1323.79884241    
  4  Maxtime , Mintime + JacobiMi , JacobiMa    1.95802779600        1.95802316300        1.88116451400        1.89887442200       Residual    44503.5584977      MLUPs    1323.78100316    
  4  Maxtime , Mintime + JacobiMi , JacobiMa    1.95799393500        1.95798570100        1.88112045300        1.89899647300       Residual    26489.9981411      MLUPs    1323.80389626    
  4  Maxtime , Mintime + JacobiMi , JacobiMa    1.95803375400        1.95802944100        1.88115817800        1.89887218900       Residual    17297.0716500      MLUPs    1323.77697509    
  4  Maxtime , Mintime + JacobiMi , JacobiMa    1.95822088900        1.95819921500        1.88115432700        1.89912514900       Residual    12037.1055057      MLUPs    1323.65046995    
  4  Maxtime , Mintime + JacobiMi , JacobiMa    1.95801912100        1.95801038000        1.88114233100        1.89893624100       Residual    8776.98311687      MLUPs    1323.78686817    
