# Threadlevel provided:        3 out of        0        1        2        3
  spat_dim , proc_dim, PBC ? 
           1 -Dim Input          600           1 T
           2 -Dim Input         3600           6 T
           3 -Dim Input         1200           2 T
#   0 Process grid   1   6   2
           0           3           2
           4           3           2
          10           3           2
           2           3           2
#   0  Allocated 2 arrays with a total of  3490.68      Mbytes 
           6           3           2
           8           3           2
           1           3           2
           3           3           2
           5           3           2
           7           3           2
           9           3           2
          11           3           2
# StartResidual    0.00000000000    
  4  Maxtime , Mintime + JacobiMi , JacobiMa    1.95071964600        1.94997862700        1.88176775600        1.88866006600       Residual    20029999.9842      MLUPs    1328.74039861    
  4  Maxtime , Mintime + JacobiMi , JacobiMa    1.94776476900        1.94774929700        1.88170831700        1.88865918700       Residual    3333333.33332      MLUPs    1330.75617819    
  4  Maxtime , Mintime + JacobiMi , JacobiMa    1.94763178500        1.94761963800        1.88159178000        1.88858044500       Residual    709876.542984      MLUPs    1330.84704201    
  4  Maxtime , Mintime + JacobiMi , JacobiMa    1.94778227000        1.94777551200        1.88173148300        1.88876602300       Residual    210905.349752      MLUPs    1330.74422122    
  4  Maxtime , Mintime + JacobiMi , JacobiMa    1.94772360200        1.94771769400        1.88169230700        1.88871744500       Residual    86376.8861455      MLUPs    1330.78430499    
  4  Maxtime , Mintime + JacobiMi , JacobiMa    1.94782427800        1.94781807600        1.88156839300        1.88871601500       Residual    44503.5584977      MLUPs    1330.71552156    
  4  Maxtime , Mintime + JacobiMi , JacobiMa    1.94752793500        1.94752208100        1.88162720700        1.88851927200       Residual    26489.9981411      MLUPs    1330.91800812    
  4  Maxtime , Mintime + JacobiMi , JacobiMa    1.94785644300        1.94784894300        1.88160747700        1.88871809800       Residual    17297.0716500      MLUPs    1330.69354742    
  4  Maxtime , Mintime + JacobiMi , JacobiMa    1.94774786500        1.94772314500        1.88199011100        1.88870787700       Residual    12037.1055057      MLUPs    1330.76772747    
  4  Maxtime , Mintime + JacobiMi , JacobiMa    1.94782422100        1.94781215900        1.88174925800        1.88877972800       Residual    8776.98311687      MLUPs    1330.71556050    
