# Threadlevel provided:        3 out of        0        1        2        3
  spat_dim , proc_dim, PBC ? 
           1 -Dim Input         1200           2 T
           2 -Dim Input         1800           3 T
           3 -Dim Input         1200           2 T
#   0 Process grid   2   3   2
           0           3           2
           4           3           2
           5           3           2
           6           3           2
           7           3           2
           8           3           2
           9           3           2
          10           3           2
          11           3           2
#   0  Allocated 2 arrays with a total of  3490.68      Mbytes 
           1           3           2
           2           3           2
           3           3           2
# StartResidual    0.00000000000    
  4  Maxtime , Mintime + JacobiMi , JacobiMa    2.89428924400        2.89423810200        2.73044141000        2.80630889200       Residual    16023333.3207      MLUPs    895.556657087    
  4  Maxtime , Mintime + JacobiMi , JacobiMa    2.89100596400        2.89099680900        2.73072434000        2.80532173400       Residual    2666666.66665      MLUPs    896.573729794    
  4  Maxtime , Mintime + JacobiMi , JacobiMa    2.88822800300        2.88822545000        2.73053867400        2.80253854300       Residual    567901.234395      MLUPs    897.436074059    
  4  Maxtime , Mintime + JacobiMi , JacobiMa    2.88981833500        2.88981338900        2.73043909800        2.80411452800       Residual    168724.279799      MLUPs    896.942194811    
  4  Maxtime , Mintime + JacobiMi , JacobiMa    2.89007310100        2.89006359300        2.73029028500        2.80429568100       Residual    69101.5089160      MLUPs    896.863127477    
  4  Maxtime , Mintime + JacobiMi , JacobiMa    2.89060148900        2.89059740300        2.73068301200        2.80483140100       Residual    35602.8467978      MLUPs    896.699185226    
  4  Maxtime , Mintime + JacobiMi , JacobiMa    2.89014326500        2.89013706000        2.73056551600        2.80442062600       Residual    21191.9985126      MLUPs    896.841354333    
  4  Maxtime , Mintime + JacobiMi , JacobiMa    2.89002645500        2.89001948100        2.73036009600        2.80441498500       Residual    13837.6573202      MLUPs    896.877603150    
  4  Maxtime , Mintime + JacobiMi , JacobiMa    2.89112444300        2.89111619900        2.73143290800        2.80540319500       Residual    9629.68440473      MLUPs    896.536987979    
  4  Maxtime , Mintime + JacobiMi , JacobiMa    2.89090596300        2.89089811600        2.73010389800        2.80519800200       Residual    7021.58649341      MLUPs    896.604743694    
