# Threadlevel provided:        3 out of        0        1        2        3
  spat_dim , proc_dim, PBC ? 
           1 -Dim Input         1800           3 T
           2 -Dim Input         9600          16 T
           3 -Dim Input          600           1 T
#   0 Process grid   3  16   1
           4           3           2
           6           3           2
           7           3           2
           8           3           2
           9           3           2
          10           3           2
          11           3           2
          12           3           2
          14           3           2
          15           3           2
          16           3           2
          17           3           2
          18           3           2
          19           3           2
          20           3           2
          22           3           2
          24           3           2
          26           3           2
          27           3           2
          28           3           2
          30           3           2
          31           3           2
          32           3           2
          33           3           2
          34           3           2
          35           3           2
          36           3           2
          38           3           2
          40           3           2
          41           3           2
          42           3           2
          43           3           2
          44           3           2
          46           3           2
          47           3           2
           0           3           2
#   0  Allocated 2 arrays with a total of  3490.68      Mbytes 
           1           3           2
           2           3           2
           3           3           2
          23           3           2
          25           3           2
          39           3           2
           5           3           2
          13           3           2
          29           3           2
          37           3           2
          45           3           2
          21           3           2
# StartResidual    0.00000000000    
  4  Maxtime , Mintime + JacobiMi , JacobiMa    4.08587946500        4.08539623500        3.80925282000        3.96261073400       Residual    67066666.6135      MLUPs    2537.51978951    
  4  Maxtime , Mintime + JacobiMi , JacobiMa    4.08078932100        4.08077766800        3.81067423600        3.96167611800       Residual    11166666.6666      MLUPs    2540.68494706    
  4  Maxtime , Mintime + JacobiMi , JacobiMa    4.08069015300        4.08067554600        3.80993068300        3.96154638200       Residual    2378086.41904      MLUPs    2540.74669021    
  4  Maxtime , Mintime + JacobiMi , JacobiMa    4.08320294200        4.08318790700        3.81277488100        3.96286869000       Residual    706532.921651      MLUPs    2539.18312346    
  4  Maxtime , Mintime + JacobiMi , JacobiMa    4.08241437900        4.08211194600        3.80997386600        3.96340234000       Residual    289362.568585      MLUPs    2539.67359446    
  4  Maxtime , Mintime + JacobiMi , JacobiMa    4.08391543200        4.08388883200        3.81139809300        3.96423725900       Residual    149086.920966      MLUPs    2538.74013129    
  4  Maxtime , Mintime + JacobiMi , JacobiMa    4.08534258800        4.08502806100        3.81045682500        3.96659253400       Residual    88741.4937712      MLUPs    2537.85325873    
  4  Maxtime , Mintime + JacobiMi , JacobiMa    4.08525041900        4.08523808200        3.81143470200        3.96646621400       Residual    57945.1900284      MLUPs    2537.91051628    
  4  Maxtime , Mintime + JacobiMi , JacobiMa    4.08825319500        4.08823154100        3.81248436000        3.96730606800       Residual    40324.3034450      MLUPs    2536.04644954    
  4  Maxtime , Mintime + JacobiMi , JacobiMa    4.08588012500        4.08584971500        3.81142570700        3.96682357300       Residual    29402.8934412      MLUPs    2537.51937962    
