# Threadlevel provided:        3 out of        0        1        2        3
  spat_dim , proc_dim, PBC ? 
           1 -Dim Input         1800           3 T
           2 -Dim Input         9600          16 T
           3 -Dim Input          600           1 T
#   0 Process grid   3  16   1
          16           3           2
          17           3           2
          18           3           2
          19           3           2
          20           3           2
          21           3           2
          22           3           2
          23           3           2
          24           3           2
          26           3           2
          27           3           2
          28           3           2
          30           3           2
          32           3           2
          34           3           2
          35           3           2
          36           3           2
          37           3           2
          38           3           2
          39           3           2
          40           3           2
          41           3           2
          42           3           2
          43           3           2
          44           3           2
          45           3           2
          46           3           2
          47           3           2
           0           3           2
#   0  Allocated 2 arrays with a total of  3490.68      Mbytes 
           1           3           2
           2           3           2
           3           3           2
           4           3           2
           5           3           2
           6           3           2
           7           3           2
           8           3           2
           9           3           2
          10           3           2
          11           3           2
          13           3           2
          14           3           2
          15           3           2
          25           3           2
          31           3           2
          33           3           2
          29           3           2
          12           3           2
# StartResidual    0.00000000000    
  4  Maxtime , Mintime + JacobiMi , JacobiMa    4.10648890000        4.10634022600        3.81983456000        3.99455729300       Residual    67066666.6135      MLUPs    2524.78461588    
  4  Maxtime , Mintime + JacobiMi , JacobiMa    4.10473609700        4.10471570800        3.82002434500        3.99575751700       Residual    11166666.6666      MLUPs    2525.86274854    
  4  Maxtime , Mintime + JacobiMi , JacobiMa    4.10458275200        4.10423054500        3.82010412400        3.99496812000       Residual    2378086.41904      MLUPs    2525.95711341    
  4  Maxtime , Mintime + JacobiMi , JacobiMa    4.10596272900        4.10595068700        3.81934695400        3.99663748800       Residual    706532.921651      MLUPs    2525.10816203    
  4  Maxtime , Mintime + JacobiMi , JacobiMa    4.10782655000        4.10746389000        3.81940140300        3.99805614700       Residual    289362.568585      MLUPs    2523.96245893    
  4  Maxtime , Mintime + JacobiMi , JacobiMa    4.10806576400        4.10804888800        3.82068672600        3.99934911800       Residual    149086.920966      MLUPs    2523.81548778    
  4  Maxtime , Mintime + JacobiMi , JacobiMa    4.10556609000        4.10555058200        3.82136822200        3.99598948700       Residual    88741.4937712      MLUPs    2525.35211289    
  4  Maxtime , Mintime + JacobiMi , JacobiMa    4.10846414300        4.10845299800        3.82108025900        3.99928305200       Residual    57945.1900284      MLUPs    2523.57076492    
  4  Maxtime , Mintime + JacobiMi , JacobiMa    4.10819509300        4.10784076700        3.82122804500        3.99870277100       Residual    40324.3034450      MLUPs    2523.73603621    
  4  Maxtime , Mintime + JacobiMi , JacobiMa    4.10980613400        4.10979541400        3.82204438400        4.00064310400       Residual    29402.8934412      MLUPs    2522.74673353    
