# Threadlevel provided:        3 out of        0        1        2        3
  spat_dim , proc_dim, PBC ? 
           1 -Dim Input         1800           3 T
           2 -Dim Input         9600          16 T
           3 -Dim Input          600           1 T
#   0 Process grid   3  16   1
           6           3           2
           7           3           2
           9           3           2
          10           3           2
          12           3           2
          14           3           2
          16           3           2
          19           3           2
          20           3           2
          21           3           2
          22           3           2
          24           3           2
          25           3           2
          26           3           2
          27           3           2
          28           3           2
          29           3           2
          30           3           2
          32           3           2
          33           3           2
          34           3           2
          35           3           2
          36           3           2
          37           3           2
          38           3           2
          39           3           2
          40           3           2
          41           3           2
          42           3           2
          43           3           2
          44           3           2
          45           3           2
          46           3           2
           0           3           2
#   0  Allocated 2 arrays with a total of  3490.68      Mbytes 
           1           3           2
           2           3           2
           3           3           2
           4           3           2
           5           3           2
           8           3           2
          11           3           2
          13           3           2
          17           3           2
          23           3           2
          18           3           2
          15           3           2
          31           3           2
          47           3           2
# StartResidual    0.00000000000    
  4  Maxtime , Mintime + JacobiMi , JacobiMa    4.11637320200        4.11592226100        3.81889449000        4.00592039000       Residual    67066666.6135      MLUPs    2518.72206217    
  4  Maxtime , Mintime + JacobiMi , JacobiMa    4.11330040900        4.11326979100        3.81874346300        4.00590494900       Residual    11166666.6666      MLUPs    2520.60364405    
  4  Maxtime , Mintime + JacobiMi , JacobiMa    4.11330071500        4.11328676500        3.81956764300        4.00565822800       Residual    2378086.41904      MLUPs    2520.60345654    
  4  Maxtime , Mintime + JacobiMi , JacobiMa    4.11409181900        4.11406849900        3.81957033800        4.00652504300       Residual    706532.921651      MLUPs    2520.11876646    
  4  Maxtime , Mintime + JacobiMi , JacobiMa    4.11452343500        4.11418775800        3.82004371900        4.00688094500       Residual    289362.568585      MLUPs    2519.85440447    
  4  Maxtime , Mintime + JacobiMi , JacobiMa    4.11604997100        4.11570475600        3.81887336200        4.00825959700       Residual    149086.920966      MLUPs    2518.91985594    
  4  Maxtime , Mintime + JacobiMi , JacobiMa    4.11457698400        4.11455665800        3.82019543900        4.00696454700       Residual    88741.4937712      MLUPs    2519.82160993    
  4  Maxtime , Mintime + JacobiMi , JacobiMa    4.11630398400        4.11629167500        3.82032101300        4.00858665400       Residual    57945.1900284      MLUPs    2518.76441592    
  4  Maxtime , Mintime + JacobiMi , JacobiMa    4.11606286900        4.11604745600        3.82020083000        4.00861123600       Residual    40324.3034450      MLUPs    2518.91196271    
  4  Maxtime , Mintime + JacobiMi , JacobiMa    4.11718061300        4.11716301900        3.82066518000        4.00959120700       Residual    29402.8934412      MLUPs    2518.22812127    
