# Threadlevel provided:        3 out of        0        1        2        3
  spat_dim , proc_dim, PBC ? 
           1 -Dim Input         1800           3 T
           2 -Dim Input         9600          16 T
           3 -Dim Input          600           1 T
#   0 Process grid   3  16   1
          11           3           2
          13           3           2
          15           3           2
          16           3           2
          17           3           2
          18           3           2
          21           3           2
          22           3           2
          24           3           2
          25           3           2
          26           3           2
          29           3           2
          32           3           2
          33           3           2
          34           3           2
          35           3           2
          37           3           2
          38           3           2
          39           3           2
          40           3           2
          41           3           2
          42           3           2
          43           3           2
          45           3           2
          47           3           2
           0           3           2
           1           3           2
           2           3           2
           3           3           2
           5           3           2
           6           3           2
           7           3           2
           8           3           2
           9           3           2
          10           3           2
          31           3           2
          14           3           2
          30           3           2
          46           3           2
           4           3           2
          20           3           2
          19           3           2
          36           3           2
          28           3           2
          23           3           2
          44           3           2
#   0  Allocated 2 arrays with a total of  3490.68      Mbytes 
          12           3           2
          27           3           2
# StartResidual    0.00000000000    
  4  Maxtime , Mintime + JacobiMi , JacobiMa    4.11718768000        4.11690731900        3.81763564600        4.00823889800       Residual    67066666.6135      MLUPs    2518.22379882    
  4  Maxtime , Mintime + JacobiMi , JacobiMa    4.11190179200        4.11187909900        3.81833317700        4.00740977100       Residual    11166666.6666      MLUPs    2521.46099894    
  4  Maxtime , Mintime + JacobiMi , JacobiMa    4.11147462500        4.11145242100        3.81728221600        4.00663151600       Residual    2378086.41904      MLUPs    2521.72296941    
  4  Maxtime , Mintime + JacobiMi , JacobiMa    4.11244680600        4.11242217600        3.81870525600        4.00779894900       Residual    706532.921651      MLUPs    2521.12683497    
  4  Maxtime , Mintime + JacobiMi , JacobiMa    4.11566214200        4.11564403000        3.81845042900        4.00816101400       Residual    289362.568585      MLUPs    2519.15721998    
  4  Maxtime , Mintime + JacobiMi , JacobiMa    4.11152530500        4.11151676100        3.81923536900        4.00673082800       Residual    149086.920966      MLUPs    2521.69188583    
  4  Maxtime , Mintime + JacobiMi , JacobiMa    4.11384139800        4.11382542100        3.81835369800        4.00896800900       Residual    88741.4937712      MLUPs    2520.27217312    
  4  Maxtime , Mintime + JacobiMi , JacobiMa    4.11434134600        4.11432856200        3.81777566100        4.00984661300       Residual    57945.1900284      MLUPs    2519.96592604    
  4  Maxtime , Mintime + JacobiMi , JacobiMa    4.11386468800        4.11385100100        3.81860902400        4.00902142900       Residual    40324.3034450      MLUPs    2520.25790499    
  4  Maxtime , Mintime + JacobiMi , JacobiMa    4.11566204300        4.11565220200        3.81957802800        4.01105348600       Residual    29402.8934412      MLUPs    2519.15728057    
