# Threadlevel provided:        3 out of        0        1        2        3
  spat_dim , proc_dim, PBC ? 
           1 -Dim Input          600           1 T
           2 -Dim Input         2400           4 T
           3 -Dim Input         1800           3 T
#   0 Process grid   1   4   3
           0           3           2
           2           3           2
           3           3           2
           4           3           2
           5           3           2
           6           3           2
           7           3           2
           8           3           2
           9           3           2
          10           3           2
          11           3           2
#   0  Allocated 2 arrays with a total of  3490.68      Mbytes 
           1           3           2
# StartResidual    0.00000000000    
  4  Maxtime , Mintime + JacobiMi , JacobiMa    2.88939481700        2.88906618800        2.72909147100        2.80097849600       Residual    19026666.6516      MLUPs    897.073665651    
  4  Maxtime , Mintime + JacobiMi , JacobiMa    2.88756848000        2.88756288500        2.73126510300        2.80182347000       Residual    3166666.66665      MLUPs    897.641049192    
  4  Maxtime , Mintime + JacobiMi , JacobiMa    2.88742083600        2.88741615500        2.73038801100        2.80165611400       Residual    674382.715835      MLUPs    897.686948741    
  4  Maxtime , Mintime + JacobiMi , JacobiMa    2.88760600000        2.88760306100        2.73005180200        2.80192916200       Residual    200360.082265      MLUPs    897.629385726    
  4  Maxtime , Mintime + JacobiMi , JacobiMa    2.88695423400        2.88693700500        2.72860123000        2.80119536300       Residual    82058.0418383      MLUPs    897.832036779    
  4  Maxtime , Mintime + JacobiMi , JacobiMa    2.88648034300        2.88646850900        2.72959942300        2.80076025200       Residual    42278.3805727      MLUPs    897.979439315    
  4  Maxtime , Mintime + JacobiMi , JacobiMa    2.88685501600        2.88685141600        2.72958272600        2.80110161000       Residual    25165.4982340      MLUPs    897.862894269    
  4  Maxtime , Mintime + JacobiMi , JacobiMa    2.88712141300        2.88711275200        2.73005142700        2.80136348500       Residual    16432.2180675      MLUPs    897.780047742    
  4  Maxtime , Mintime + JacobiMi , JacobiMa    2.88805676900        2.88805120900        2.72961189100        2.80241696400       Residual    11435.2502304      MLUPs    897.489283390    
  4  Maxtime , Mintime + JacobiMi , JacobiMa    2.88716078200        2.88715591500        2.72989644500        2.80144459500       Residual    8338.13396099      MLUPs    897.767805714    
