# Threadlevel provided:        3 out of        0        1        2        3
  spat_dim , proc_dim, PBC ? 
           1 -Dim Input         4800           8 T
           2 -Dim Input         1800           3 T
           3 -Dim Input         1200           2 T
#   0 Process grid   8   3   2
          12           3           2
          14           3           2
          16           3           2
          18           3           2
          20           3           2
          22           3           2
          24           3           2
          26           3           2
          28           3           2
          30           3           2
          32           3           2
          34           3           2
          36           3           2
          38           3           2
          40           3           2
          42           3           2
          44           3           2
          46           3           2
           0           3           2
#   0  Allocated 2 arrays with a total of  3490.68      Mbytes 
           2           3           2
           4           3           2
           6           3           2
           8           3           2
          10           3           2
           1           3           2
           3           3           2
           5           3           2
           7           3           2
           9           3           2
          11           3           2
          13           3           2
          15           3           2
          17           3           2
          19           3           2
          21           3           2
          23           3           2
          25           3           2
          27           3           2
          29           3           2
          31           3           2
          33           3           2
          35           3           2
          39           3           2
          41           3           2
          43           3           2
          45           3           2
          47           3           2
          37           3           2
# StartResidual    0.00000000000    
  4  Maxtime , Mintime + JacobiMi , JacobiMa    1.98225420100        1.97757474600        1.88214700400        1.91611506100       Residual    46043333.2968      MLUPs    5230.40889245    
  4  Maxtime , Mintime + JacobiMi , JacobiMa    1.97545824700        1.97545283300        1.88165630100        1.91740255800       Residual    7666666.66662      MLUPs    5248.40249889    
  4  Maxtime , Mintime + JacobiMi , JacobiMa    1.97612315300        1.97611258600        1.88186300400        1.91827834400       Residual    1632716.04888      MLUPs    5246.63656932    
  4  Maxtime , Mintime + JacobiMi , JacobiMa    1.97601495100        1.97600052200        1.88198813700        1.91802893200       Residual    485082.304407      MLUPs    5246.92386298    
  4  Maxtime , Mintime + JacobiMi , JacobiMa    1.97602026000        1.97600424000        1.88177465000        1.91786833600       Residual    198666.838132      MLUPs    5246.90976600    
  4  Maxtime , Mintime + JacobiMi , JacobiMa    1.97534031700        1.97533204300        1.88198127600        1.91745634000       Residual    102358.184544      MLUPs    5248.71583432    
  4  Maxtime , Mintime + JacobiMi , JacobiMa    1.98239724100        1.98238958200        1.88173184300        1.91768736900       Residual    60926.9957236      MLUPs    5230.03149196    
  4  Maxtime , Mintime + JacobiMi , JacobiMa    1.97687829800        1.97686571400        1.88156130100        1.91872278200       Residual    39783.2647958      MLUPs    5244.63241389    
  4  Maxtime , Mintime + JacobiMi , JacobiMa    1.97860990600        1.97860261600        1.88183659800        1.92036679100       Residual    27685.3426636      MLUPs    5240.04250083    
  4  Maxtime , Mintime + JacobiMi , JacobiMa    1.97458417300        1.97440204800        1.88170358600        1.91673301900       Residual    20187.0611687      MLUPs    5250.72576888    
