# Threadlevel provided:        3 out of        0        1        2        3
  spat_dim , proc_dim, PBC ? 
           1 -Dim Input         4800           8 T
           2 -Dim Input         1800           3 T
           3 -Dim Input         1200           2 T
#   0 Process grid   8   3   2
          18           3           2
          20           3           2
          22           3           2
          24           3           2
          26           3           2
          28           3           2
          30           3           2
          32           3           2
          34           3           2
          36           3           2
          38           3           2
          40           3           2
          42           3           2
          44           3           2
          46           3           2
           0           3           2
#   0  Allocated 2 arrays with a total of  3490.68      Mbytes 
           2           3           2
           4           3           2
           6           3           2
           8           3           2
          10           3           2
          12           3           2
          14           3           2
          16           3           2
           1           3           2
           3           3           2
           5           3           2
           7           3           2
           9           3           2
          11           3           2
          13           3           2
          15           3           2
          17           3           2
          19           3           2
          21           3           2
          23           3           2
          25           3           2
          27           3           2
          29           3           2
          31           3           2
          33           3           2
          35           3           2
          37           3           2
          39           3           2
          41           3           2
          43           3           2
          45           3           2
          47           3           2
# StartResidual    0.00000000000    
  4  Maxtime , Mintime + JacobiMi , JacobiMa    1.98554010000        1.98402667000        1.88224676500        1.92486661500       Residual    46043333.2968      MLUPs    5221.75301320    
  4  Maxtime , Mintime + JacobiMi , JacobiMa    1.98607351500        1.98605107400        1.88489633600        1.92852568900       Residual    7666666.66662      MLUPs    5220.35056693    
  4  Maxtime , Mintime + JacobiMi , JacobiMa    1.98397175200        1.98396122000        1.88483797100        1.92610420700       Residual    1632716.04888      MLUPs    5225.88085720    
  4  Maxtime , Mintime + JacobiMi , JacobiMa    1.98545595500        1.98543709600        1.88594143900        1.92761055800       Residual    485082.304407      MLUPs    5221.97431471    
  4  Maxtime , Mintime + JacobiMi , JacobiMa    1.98723452300        1.98721260000        1.88662605500        1.92973234100       Residual    198666.838132      MLUPs    5217.30066583    
  4  Maxtime , Mintime + JacobiMi , JacobiMa    1.98475071700        1.98473376600        1.88613091400        1.92687134700       Residual    102358.184544      MLUPs    5223.82982971    
  4  Maxtime , Mintime + JacobiMi , JacobiMa    1.98528653600        1.97948463300        1.88649655000        1.92766120000       Residual    60926.9957236      MLUPs    5222.41994392    
  4  Maxtime , Mintime + JacobiMi , JacobiMa    1.98708734500        1.98707313600        1.88609952100        1.92959268100       Residual    39783.2647958      MLUPs    5217.68709669    
  4  Maxtime , Mintime + JacobiMi , JacobiMa    1.98549778000        1.98548918400        1.88642034100        1.92768634300       Residual    27685.3426636      MLUPs    5221.86431254    
  4  Maxtime , Mintime + JacobiMi , JacobiMa    1.98573653900        1.98554902100        1.88667296000        1.92815802300       Residual    20187.0611687      MLUPs    5221.23645125    
