# Threadlevel provided:        3 out of        0        1        2        3
  spat_dim , proc_dim, PBC ? 
           1 -Dim Input         4800           8 T
           2 -Dim Input         1800           3 T
           3 -Dim Input         1200           2 T
#   0 Process grid   8   3   2
           2           3           2
           4           3           2
           6           3           2
           8           3           2
          10           3           2
          12           3           2
          14           3           2
          16           3           2
          18           3           2
          20           3           2
          22           3           2
          24           3           2
          26           3           2
          28           3           2
          30           3           2
          32           3           2
          34           3           2
          36           3           2
          38           3           2
          40           3           2
          42           3           2
          44           3           2
          46           3           2
           0           3           2
#   0  Allocated 2 arrays with a total of  3490.68      Mbytes 
           1           3           2
           3           3           2
           5           3           2
           7           3           2
           9           3           2
          11           3           2
          13           3           2
          15           3           2
          17           3           2
          19           3           2
          21           3           2
          23           3           2
          25           3           2
          27           3           2
          29           3           2
          31           3           2
          33           3           2
          35           3           2
          37           3           2
          39           3           2
          41           3           2
          43           3           2
          45           3           2
          47           3           2
# StartResidual    0.00000000000    
  4  Maxtime , Mintime + JacobiMi , JacobiMa    1.99148215200        1.98232922100        1.88207791600        1.92188802300       Residual    46043333.2968      MLUPs    5206.17269383    
  4  Maxtime , Mintime + JacobiMi , JacobiMa    1.98032446100        1.98031545900        1.88407326800        1.92264757100       Residual    7666666.66662      MLUPs    5235.50569828    
  4  Maxtime , Mintime + JacobiMi , JacobiMa    1.97886268800        1.97884529300        1.88423083300        1.92100051300       Residual    1632716.04888      MLUPs    5239.37313229    
  4  Maxtime , Mintime + JacobiMi , JacobiMa    1.97833339500        1.97832237800        1.88508676300        1.92054434400       Residual    485082.304407      MLUPs    5240.77489982    
  4  Maxtime , Mintime + JacobiMi , JacobiMa    1.98263534000        1.98261931200        1.88467064400        1.92507154200       Residual    198666.838132      MLUPs    5229.40340607    
  4  Maxtime , Mintime + JacobiMi , JacobiMa    1.97794483100        1.97793700900        1.88434737900        1.91979139300       Residual    102358.184544      MLUPs    5241.80444141    
  4  Maxtime , Mintime + JacobiMi , JacobiMa    1.97760065500        1.97759398800        1.88323408400        1.91980068700       Residual    60926.9957236      MLUPs    5242.71671016    
  4  Maxtime , Mintime + JacobiMi , JacobiMa    1.98681531300        1.98680729000        1.88367381300        1.92896763900       Residual    39783.2647958      MLUPs    5218.40149518    
  4  Maxtime , Mintime + JacobiMi , JacobiMa    1.97763739000        1.97763089900        1.88505576000        1.91949907900       Residual    27685.3426636      MLUPs    5242.61932568    
  4  Maxtime , Mintime + JacobiMi , JacobiMa    1.97771351600        1.97769713100        1.88588971100        1.91998495000       Residual    20187.0611687      MLUPs    5242.41752717    
