# Threadlevel provided:        3 out of        0        1        2        3
  spat_dim , proc_dim, PBC ? 
           1 -Dim Input         4800           8 T
           2 -Dim Input         1800           3 T
           3 -Dim Input         1200           2 T
#   0 Process grid   8   3   2
           8           3           2
          10           3           2
          12           3           2
          14           3           2
          16           3           2
          18           3           2
          20           3           2
          22           3           2
          24           3           2
          26           3           2
          28           3           2
          30           3           2
          32           3           2
          34           3           2
          36           3           2
          38           3           2
          40           3           2
          42           3           2
          46           3           2
           0           3           2
#   0  Allocated 2 arrays with a total of  3490.68      Mbytes 
           2           3           2
           4           3           2
           6           3           2
          44           3           2
           1           3           2
           3           3           2
           5           3           2
           7           3           2
           9           3           2
          11           3           2
          13           3           2
          15           3           2
          17           3           2
          19           3           2
          21           3           2
          23           3           2
          25           3           2
          27           3           2
          29           3           2
          31           3           2
          33           3           2
          35           3           2
          37           3           2
          39           3           2
          41           3           2
          43           3           2
          45           3           2
          47           3           2
# StartResidual    0.00000000000    
  4  Maxtime , Mintime + JacobiMi , JacobiMa    1.99044673500        1.98028897600        1.88200480900        1.92419736500       Residual    46043333.2968      MLUPs    5208.88090984    
  4  Maxtime , Mintime + JacobiMi , JacobiMa    1.98996142700        1.98993998700        1.88267517200        1.93270517900       Residual    7666666.66662      MLUPs    5210.15124179    
  4  Maxtime , Mintime + JacobiMi , JacobiMa    1.98399208800        1.98397631000        1.88309613000        1.92608907800       Residual    1632716.04888      MLUPs    5225.82729171    
  4  Maxtime , Mintime + JacobiMi , JacobiMa    1.98475871600        1.98473712900        1.88456717200        1.92772316700       Residual    485082.304407      MLUPs    5223.80877656    
  4  Maxtime , Mintime + JacobiMi , JacobiMa    1.98452611700        1.98450465400        1.88344407500        1.92726119900       Residual    198666.838132      MLUPs    5224.42103996    
  4  Maxtime , Mintime + JacobiMi , JacobiMa    1.98875423100        1.98373304100        1.88440815500        1.92671697600       Residual    102358.184544      MLUPs    5213.31386171    
  4  Maxtime , Mintime + JacobiMi , JacobiMa    1.98331712900        1.98330935500        1.88437834100        1.92627716500       Residual    60926.9957236      MLUPs    5227.60573607    
  4  Maxtime , Mintime + JacobiMi , JacobiMa    1.98988756600        1.98987268100        1.88339966000        1.93333201700       Residual    39783.2647958      MLUPs    5210.34463311    
  4  Maxtime , Mintime + JacobiMi , JacobiMa    1.98516582300        1.98515930700        1.88577249800        1.92804623400       Residual    27685.3426636      MLUPs    5222.73750630    
  4  Maxtime , Mintime + JacobiMi , JacobiMa    1.98364747600        1.98346634700        1.88473013600        1.92665200700       Residual    20187.0611687      MLUPs    5226.73515604    
