# Threadlevel provided:        3 out of        0        1        2        3
  spat_dim , proc_dim, PBC ? 
           1 -Dim Input          600           1 T
           2 -Dim Input        14400          24 T
           3 -Dim Input         1200           2 T
#   0 Process grid   1  24   2
          10           3           2
          12           3           2
          14           3           2
          16           3           2
          18           3           2
          20           3           2
          22           3           2
          24           3           2
          26           3           2
          28           3           2
          30           3           2
          32           3           2
          34           3           2
          36           3           2
          38           3           2
          40           3           2
          42           3           2
          44           3           2
          46           3           2
           0           3           2
#   0  Allocated 2 arrays with a total of  3490.68      Mbytes 
           2           3           2
           4           3           2
           6           3           2
           8           3           2
           1           3           2
           7           3           2
           9           3           2
          11           3           2
          13           3           2
          17           3           2
          19           3           2
          21           3           2
          23           3           2
          25           3           2
          27           3           2
          29           3           2
          33           3           2
          35           3           2
          37           3           2
          39           3           2
          41           3           2
          43           3           2
           3           3           2
           5           3           2
          45           3           2
          31           3           2
          47           3           2
          15           3           2
# StartResidual    0.00000000000    
  4  Maxtime , Mintime + JacobiMi , JacobiMa    1.99203190000        1.98555443900        1.88278116900        1.92441672000       Residual    74089999.9415      MLUPs    5204.73592817    
  4  Maxtime , Mintime + JacobiMi , JacobiMa    1.99199404200        1.99178613800        1.88646922500        1.94124727600       Residual    12333333.3333      MLUPs    5204.83484458    
  4  Maxtime , Mintime + JacobiMi , JacobiMa    1.97381747800        1.97361608300        1.88743799600        1.92083762100       Residual    2626543.20908      MLUPs    5252.76532180    
  4  Maxtime , Mintime + JacobiMi , JacobiMa    1.97079602500        1.97078925100        1.88587619800        1.91766734100       Residual    780349.794086      MLUPs    5260.81840458    
  4  Maxtime , Mintime + JacobiMi , JacobiMa    1.97539328300        1.97538338000        1.88501360000        1.92246773700       Residual    319594.478736      MLUPs    5248.57510108    
  4  Maxtime , Mintime + JacobiMi , JacobiMa    1.97067230600        1.97066187600        1.88566662600        1.91749340800       Residual    164663.166438      MLUPs    5261.14867928    
  4  Maxtime , Mintime + JacobiMi , JacobiMa    1.98061668000        1.98059704800        1.88653921200        1.92809642800       Residual    98012.9931215      MLUPs    5234.73325490    
  4  Maxtime , Mintime + JacobiMi , JacobiMa    1.97065935800        1.97064397500        1.88521270800        1.91737649000       Residual    63999.1651054      MLUPs    5261.18324707    
  4  Maxtime , Mintime + JacobiMi , JacobiMa    1.97162645300        1.97034288600        1.88506984600        1.91682108100       Residual    44537.2903724      MLUPs    5258.60260407    
  4  Maxtime , Mintime + JacobiMi , JacobiMa    1.97138673200        1.97137202600        1.88535268200        1.91840952200       Residual    32474.8375318      MLUPs    5259.24205114    
