# Threadlevel provided:        3 out of        0        1        2        3
  spat_dim , proc_dim, PBC ? 
           1 -Dim Input          600           1 T
           2 -Dim Input        14400          24 T
           3 -Dim Input         1200           2 T
#   0 Process grid   1  24   2
           8           3           2
          10           3           2
          14           3           2
          16           3           2
          20           3           2
          22           3           2
          26           3           2
          28           3           2
          30           3           2
          32           3           2
          34           3           2
          36           3           2
          38           3           2
          42           3           2
          44           3           2
          46           3           2
           0           3           2
#   0  Allocated 2 arrays with a total of  3490.68      Mbytes 
           2           3           2
           4           3           2
           6           3           2
          12           3           2
          18           3           2
          24           3           2
          40           3           2
           1           3           2
           3           3           2
           5           3           2
           7           3           2
           9           3           2
          11           3           2
          13           3           2
          15           3           2
          17           3           2
          19           3           2
          21           3           2
          23           3           2
          25           3           2
          27           3           2
          29           3           2
          31           3           2
          33           3           2
          35           3           2
          37           3           2
          39           3           2
          41           3           2
          45           3           2
          47           3           2
          43           3           2
# StartResidual    0.00000000000    
  4  Maxtime , Mintime + JacobiMi , JacobiMa    1.98419839400        1.98310351600        1.88240074200        1.92855855300       Residual    74089999.9415      MLUPs    5225.28393902    
  4  Maxtime , Mintime + JacobiMi , JacobiMa    1.97137942100        1.97118095500        1.88707961400        1.91713330800       Residual    12333333.3333      MLUPs    5259.26155541    
  4  Maxtime , Mintime + JacobiMi , JacobiMa    1.97703625300        1.97702823100        1.88628636000        1.92401656000       Residual    2626543.20908      MLUPs    5244.21339481    
  4  Maxtime , Mintime + JacobiMi , JacobiMa    1.97088814100        1.97088278700        1.88662940800        1.91668248600       Residual    780349.794086      MLUPs    5260.57252277    
  4  Maxtime , Mintime + JacobiMi , JacobiMa    1.97014255800        1.97012991300        1.88555478600        1.91655134700       Residual    319594.478736      MLUPs    5262.56333985    
  4  Maxtime , Mintime + JacobiMi , JacobiMa    1.97797457000        1.97795642800        1.88565190300        1.92477364600       Residual    164663.166438      MLUPs    5241.72563048    
  4  Maxtime , Mintime + JacobiMi , JacobiMa    1.97023229200        1.97021561400        1.88427236800        1.91639003700       Residual    98012.9931215      MLUPs    5262.32365701    
  4  Maxtime , Mintime + JacobiMi , JacobiMa    1.97048512900        1.97047205800        1.88375547200        1.91669270700       Residual    63999.1651054      MLUPs    5261.64843744    
  4  Maxtime , Mintime + JacobiMi , JacobiMa    1.97325733200        1.97323775000        1.88380155900        1.91984811800       Residual    44537.2903724      MLUPs    5254.25641748    
  4  Maxtime , Mintime + JacobiMi , JacobiMa    1.97082533200        1.97081864000        1.88481224700        1.91731827000       Residual    32474.8375318      MLUPs    5260.74017401    
