# Threadlevel provided:        3 out of        0        1        2        3
  spat_dim , proc_dim, PBC ? 
           1 -Dim Input          600           1 T
           2 -Dim Input        14400          24 T
           3 -Dim Input         1200           2 T
#   0 Process grid   1  24   2
          14           3           2
          16           3           2
          18           3           2
          20           3           2
          22           3           2
          24           3           2
          26           3           2
          28           3           2
          30           3           2
          32           3           2
          34           3           2
          36           3           2
          38           3           2
          40           3           2
          42           3           2
          44           3           2
          46           3           2
           0           3           2
#   0  Allocated 2 arrays with a total of  3490.68      Mbytes 
           2           3           2
           4           3           2
           6           3           2
           8           3           2
          10           3           2
          12           3           2
           1           3           2
           3           3           2
           5           3           2
           9           3           2
          11           3           2
          13           3           2
          15           3           2
          17           3           2
          19           3           2
          21           3           2
          23           3           2
          25           3           2
          27           3           2
          29           3           2
          31           3           2
          33           3           2
          35           3           2
          37           3           2
          39           3           2
          41           3           2
          43           3           2
          45           3           2
          47           3           2
           7           3           2
# StartResidual    0.00000000000    
  4  Maxtime , Mintime + JacobiMi , JacobiMa    1.97558940700        1.97546001100        1.88248561900        1.91698338600       Residual    74089999.9415      MLUPs    5248.05405580    
  4  Maxtime , Mintime + JacobiMi , JacobiMa    1.97212745400        1.97211326600        1.88678138800        1.91825767800       Residual    12333333.3333      MLUPs    5257.26670402    
  4  Maxtime , Mintime + JacobiMi , JacobiMa    1.97249207100        1.97247143400        1.88635626500        1.91785321700       Residual    2626543.20908      MLUPs    5256.29489336    
  4  Maxtime , Mintime + JacobiMi , JacobiMa    1.97469613500        1.97468234200        1.88676625300        1.92100308800       Residual    780349.794086      MLUPs    5250.42806143    
  4  Maxtime , Mintime + JacobiMi , JacobiMa    1.97183539900        1.97182303300        1.88649389900        1.91837840000       Residual    319594.478736      MLUPs    5258.04537501    
  4  Maxtime , Mintime + JacobiMi , JacobiMa    1.97158228200        1.97157806400        1.88614520700        1.91775429200       Residual    164663.166438      MLUPs    5258.72041692    
  4  Maxtime , Mintime + JacobiMi , JacobiMa    1.97261773900        1.97261229600        1.88632374600        1.91789046300       Residual    98012.9931215      MLUPs    5255.96003474    
  4  Maxtime , Mintime + JacobiMi , JacobiMa    1.97427127500        1.97424699100        1.88551526900        1.92024295900       Residual    63999.1651054      MLUPs    5251.55794510    
  4  Maxtime , Mintime + JacobiMi , JacobiMa    1.97190613300        1.97188285500        1.88681836200        1.91752047100       Residual    44537.2903724      MLUPs    5257.85676432    
  4  Maxtime , Mintime + JacobiMi , JacobiMa    1.97218705600        1.97217259600        1.88725551700        1.91849030500       Residual    32474.8375318      MLUPs    5257.10782274    
