# Threadlevel provided:        3 out of        0        1        2        3
  spat_dim , proc_dim, PBC ? 
           1 -Dim Input         2400           4 T
           2 -Dim Input         1800           3 T
           3 -Dim Input          600           1 T
#   0 Process grid   4   3   1
           0           3           2
           2           3           2
           6           3           2
           7           3           2
           8           3           2
           9           3           2
          10           3           2
          11           3           2
#   0  Allocated 2 arrays with a total of  3490.68      Mbytes 
           1           3           2
           3           3           2
           4           3           2
           5           3           2
# StartResidual    0.00000000000    
  4  Maxtime , Mintime + JacobiMi , JacobiMa    2.90834689800        2.90824707900        2.72885220500        2.81977432000       Residual    19026666.6516      MLUPs    891.227934942    
  4  Maxtime , Mintime + JacobiMi , JacobiMa    2.90605463400        2.90604814000        2.72812200700        2.81998273600       Residual    3166666.66665      MLUPs    891.930925756    
  4  Maxtime , Mintime + JacobiMi , JacobiMa    2.90499954400        2.90499372000        2.72769565900        2.81894242300       Residual    674382.715837      MLUPs    892.254873276    
  4  Maxtime , Mintime + JacobiMi , JacobiMa    2.90551954100        2.90551264000        2.72774198500        2.81948409200       Residual    200360.082258      MLUPs    892.095187599    
  4  Maxtime , Mintime + JacobiMi , JacobiMa    2.90498845500        2.90498222300        2.72819885100        2.81901131700       Residual    82058.0418381      MLUPs    892.258279216    
  4  Maxtime , Mintime + JacobiMi , JacobiMa    2.90512764200        2.90511944200        2.72731912000        2.81908610000       Residual    42278.3805730      MLUPs    892.215530405    
  4  Maxtime , Mintime + JacobiMi , JacobiMa    2.90584364800        2.90583096300        2.72790189900        2.81980850000       Residual    25165.4982338      MLUPs    891.995686617    
  4  Maxtime , Mintime + JacobiMi , JacobiMa    2.90659707900        2.90659065300        2.72759757000        2.82053017500       Residual    16432.2180677      MLUPs    891.764468741    
  4  Maxtime , Mintime + JacobiMi , JacobiMa    2.90671029600        2.90669808500        2.72674739700        2.82064859900       Residual    11435.2502304      MLUPs    891.729734321    
  4  Maxtime , Mintime + JacobiMi , JacobiMa    2.90711952300        2.90710934100        2.72751880300        2.82108447300       Residual    8338.13396113      MLUPs    891.604208046    
