# Threadlevel provided:        3 out of        0        1        2        3
  spat_dim , proc_dim, PBC ? 
           1 -Dim Input         9600          16 T
           2 -Dim Input          600           1 T
           3 -Dim Input         1800           3 T
#   0 Process grid  16   1   3
          24           3           2
          26           3           2
          28           3           2
          30           3           2
          32           3           2
          34           3           2
          36           3           2
          38           3           2
          40           3           2
          42           3           2
          44           3           2
          46           3           2
           0           3           2
           2           3           2
           4           3           2
           6           3           2
           8           3           2
          10           3           2
          12           3           2
          14           3           2
          16           3           2
          18           3           2
          20           3           2
          22           3           2
#   0  Allocated 2 arrays with a total of  3490.68      Mbytes 
           1           3           2
           3           3           2
           5           3           2
           7           3           2
           9           3           2
          11           3           2
          13           3           2
          15           3           2
          17           3           2
          19           3           2
          21           3           2
          23           3           2
          25           3           2
          27           3           2
          29           3           2
          31           3           2
          33           3           2
          35           3           2
          37           3           2
          39           3           2
          41           3           2
          43           3           2
          45           3           2
          47           3           2
# StartResidual    0.00000000000    
  4  Maxtime , Mintime + JacobiMi , JacobiMa    2.01721663600        2.01598070200        1.88206181400        1.92220221600       Residual    67066666.6135      MLUPs    5139.75535149    
  4  Maxtime , Mintime + JacobiMi , JacobiMa    1.97401597500        1.97383540200        1.88730284000        1.92308361200       Residual    11166666.6666      MLUPs    5252.23713045    
  4  Maxtime , Mintime + JacobiMi , JacobiMa    1.97629331500        1.97628426000        1.88743435300        1.92424740800       Residual    2378086.41902      MLUPs    5246.18482556    
  4  Maxtime , Mintime + JacobiMi , JacobiMa    1.97372091600        1.97370991300        1.88735402200        1.92274904700       Residual    706532.921637      MLUPs    5253.02230723    
  4  Maxtime , Mintime + JacobiMi , JacobiMa    1.97454235800        1.97452361700        1.88721140800        1.92369850600       Residual    289362.568584      MLUPs    5250.83696381    
  4  Maxtime , Mintime + JacobiMi , JacobiMa    1.97513165600        1.97511489500        1.88734929900        1.92272797900       Residual    149086.920966      MLUPs    5249.27033016    
  4  Maxtime , Mintime + JacobiMi , JacobiMa    1.97561853500        1.97561048000        1.88733957700        1.92279448700       Residual    88741.4937712      MLUPs    5247.97667987    
  4  Maxtime , Mintime + JacobiMi , JacobiMa    1.97597333900        1.97596452400        1.88759966200        1.92401174200       Residual    57945.1900286      MLUPs    5247.03435789    
  4  Maxtime , Mintime + JacobiMi , JacobiMa    1.97753718500        1.97625662100        1.88820783600        1.92417775800       Residual    40324.3034448      MLUPs    5242.88497766    
  4  Maxtime , Mintime + JacobiMi , JacobiMa    1.97526083500        1.97525477700        1.88747020000        1.92336815400       Residual    29402.8934415      MLUPs    5248.92703601    
