# Threadlevel provided:        3 out of        0        1        2        3
  spat_dim , proc_dim, PBC ? 
           1 -Dim Input         9600          16 T
           2 -Dim Input          600           1 T
           3 -Dim Input         1800           3 T
#   0 Process grid  16   1   3
          26           3           2
          28           3           2
          30           3           2
          32           3           2
          34           3           2
          36           3           2
          38           3           2
          40           3           2
          42           3           2
          44           3           2
          46           3           2
           0           3           2
           2           3           2
           4           3           2
           6           3           2
           8           3           2
          10           3           2
          12           3           2
          14           3           2
          16           3           2
          18           3           2
          20           3           2
          22           3           2
          24           3           2
#   0  Allocated 2 arrays with a total of  3490.68      Mbytes 
           1           3           2
           3           3           2
           5           3           2
           7           3           2
           9           3           2
          11           3           2
          13           3           2
          15           3           2
          17           3           2
          19           3           2
          21           3           2
          23           3           2
          25           3           2
          27           3           2
          29           3           2
          31           3           2
          33           3           2
          35           3           2
          37           3           2
          39           3           2
          41           3           2
          43           3           2
          45           3           2
          47           3           2
# StartResidual    0.00000000000    
  4  Maxtime , Mintime + JacobiMi , JacobiMa    2.01668415800        2.00851105700        1.88212222500        1.91528278300       Residual    67066666.6135      MLUPs    5141.11243393    
  4  Maxtime , Mintime + JacobiMi , JacobiMa    1.97039135200        1.97037615600        1.88203407500        1.91610114000       Residual    11166666.6666      MLUPs    5261.89885551    
  4  Maxtime , Mintime + JacobiMi , JacobiMa    1.97838590700        1.97837813500        1.88181448000        1.92585400100       Residual    2378086.41902      MLUPs    5240.63579472    
  4  Maxtime , Mintime + JacobiMi , JacobiMa    1.96983070600        1.96981483000        1.88236457700        1.91515452700       Residual    706532.921637      MLUPs    5263.39647789    
  4  Maxtime , Mintime + JacobiMi , JacobiMa    1.97209089600        1.97208256100        1.88189833800        1.91877185200       Residual    289362.568584      MLUPs    5257.36416158    
  4  Maxtime , Mintime + JacobiMi , JacobiMa    1.98078671000        1.98077051000        1.88169542900        1.92953865700       Residual    149086.920966      MLUPs    5234.28390733    
  4  Maxtime , Mintime + JacobiMi , JacobiMa    1.97028252100        1.97027666000        1.88217376900        1.91692455300       Residual    88741.4937712      MLUPs    5262.18950303    
  4  Maxtime , Mintime + JacobiMi , JacobiMa    1.97789066100        1.97788414100        1.88155268600        1.92517455500       Residual    57945.1900286      MLUPs    5241.94800271    
  4  Maxtime , Mintime + JacobiMi , JacobiMa    1.97019994000        1.97018880300        1.88189641400        1.91673599000       Residual    40324.3034448      MLUPs    5262.41006788    
  4  Maxtime , Mintime + JacobiMi , JacobiMa    1.97549569700        1.97548483100        1.88341425700        1.92192019400       Residual    29402.8934415      MLUPs    5248.30300352    
