# Threadlevel provided:        3 out of        0        1        2        3
  spat_dim , proc_dim, PBC ? 
           1 -Dim Input         1200           2 T
           2 -Dim Input         1800           3 T
           3 -Dim Input         1200           2 T
#   0 Process grid   2   3   2
           0           3           2
          10           3           2
           2           3           2
           4           3           2
           6           3           2
           8           3           2
#   0  Allocated 2 arrays with a total of  3490.68      Mbytes 
           1           3           2
           3           3           2
           5           3           2
           7           3           2
           9           3           2
          11           3           2
# StartResidual    0.00000000000    
  4  Maxtime , Mintime + JacobiMi , JacobiMa    1.95486520500        1.95425897900        1.88180975200        1.89177270900       Residual    16023333.3207      MLUPs    1325.92262288    
  4  Maxtime , Mintime + JacobiMi , JacobiMa    1.95223907200        1.95223456000        1.88143777100        1.89192575600       Residual    2666666.66665      MLUPs    1327.70624109    
  4  Maxtime , Mintime + JacobiMi , JacobiMa    1.95205500200        1.95204689400        1.88169478200        1.89184819100       Residual    567901.234395      MLUPs    1327.83143782    
  4  Maxtime , Mintime + JacobiMi , JacobiMa    1.95230300200        1.95229793600        1.88152719000        1.89203418000       Residual    168724.279799      MLUPs    1327.66276410    
  4  Maxtime , Mintime + JacobiMi , JacobiMa    1.95207023000        1.95206200000        1.88163789900        1.89176732900       Residual    69101.5089160      MLUPs    1327.82107947    
  4  Maxtime , Mintime + JacobiMi , JacobiMa    1.95229497300        1.95229060400        1.88172103600        1.89203219100       Residual    35602.8467978      MLUPs    1327.66822424    
  4  Maxtime , Mintime + JacobiMi , JacobiMa    1.95208503500        1.95208017300        1.88153229300        1.89180601200       Residual    21191.9985126      MLUPs    1327.81100901    
  4  Maxtime , Mintime + JacobiMi , JacobiMa    1.95243996300        1.95243507000        1.88159186500        1.89212484000       Residual    13837.6573202      MLUPs    1327.56963037    
  4  Maxtime , Mintime + JacobiMi , JacobiMa    1.95202708500        1.95202348200        1.88152965800        1.89172458800       Residual    9629.68440473      MLUPs    1327.85042785    
  4  Maxtime , Mintime + JacobiMi , JacobiMa    1.95229093800        1.95228585100        1.88161633500        1.89204805000       Residual    7021.58649341      MLUPs    1327.67096827    
