# Threadlevel provided:        3 out of        0        1        2        3
  spat_dim , proc_dim, PBC ? 
           1 -Dim Input         3600           6 T
           2 -Dim Input         2400           4 T
           3 -Dim Input          600           1 T
#   0 Process grid   6   4   1
           0           3           2
          12           3           2
          14           3           2
          16           3           2
          18           3           2
          20           3           2
          22           3           2
           2           3           2
           4           3           2
           6           3           2
           8           3           2
          10           3           2
#   0  Allocated 2 arrays with a total of  3490.68      Mbytes 
           1           3           2
           5           3           2
           9           3           2
          13           3           2
          17           3           2
          21           3           2
           3           3           2
           7           3           2
          11           3           2
          15           3           2
          19           3           2
          23           3           2
# StartResidual    0.00000000000    
  4  Maxtime , Mintime + JacobiMi , JacobiMa    1.96282337900        1.96165241400        1.88164594700        1.90591600000       Residual    34036666.6397      MLUPs    2641.09346539    
  4  Maxtime , Mintime + JacobiMi , JacobiMa    1.95610506500        1.95609291000        1.88132472700        1.90571202800       Residual    5666666.66663      MLUPs    2650.16439697    
  4  Maxtime , Mintime + JacobiMi , JacobiMa    1.95621995400        1.95620997400        1.88106118000        1.90582037400       Residual    1206790.12308      MLUPs    2650.00875254    
  4  Maxtime , Mintime + JacobiMi , JacobiMa    1.95635819500        1.95635167000        1.88146086700        1.90597670900       Residual    358539.094565      MLUPs    2649.82149652    
  4  Maxtime , Mintime + JacobiMi , JacobiMa    1.95643211000        1.95642851200        1.88121140200        1.90611848700       Residual    146840.706446      MLUPs    2649.72138491    
  4  Maxtime , Mintime + JacobiMi , JacobiMa    1.95640462300        1.95640125700        1.88143202000        1.90603901000       Residual    75656.0494459      MLUPs    2649.75861284    
  4  Maxtime , Mintime + JacobiMi , JacobiMa    1.95605781300        1.95605206700        1.88113487000        1.90568485700       Residual    45032.9968392      MLUPs    2650.22841633    
  4  Maxtime , Mintime + JacobiMi , JacobiMa    1.95669700800        1.95668240300        1.88150196100        1.90627380500       Residual    29405.0218055      MLUPs    2649.36266515    
  4  Maxtime , Mintime + JacobiMi , JacobiMa    1.95616404700        1.95615573900        1.88151128200        1.90567216000       Residual    20463.0793599      MLUPs    2650.08448957    
  4  Maxtime , Mintime + JacobiMi , JacobiMa    1.95618006000        1.95617580900        1.88143955000        1.90576712000       Residual    14920.8712987      MLUPs    2650.06279637    
