# Threadlevel provided:        3 out of        0        1        2        3
  spat_dim , proc_dim, PBC ? 
           1 -Dim Input         1200           2 T
           2 -Dim Input         1200           2 T
           3 -Dim Input         1800           3 T
#   0 Process grid   2   2   3
           7           3           2
           8           3           2
           9           3           2
          10           3           2
          11           3           2
           0           3           2
#   0  Allocated 2 arrays with a total of  3490.68      Mbytes 
           1           3           2
           2           3           2
           3           3           2
           4           3           2
           5           3           2
           6           3           2
# StartResidual    0.00000000000    
  4  Maxtime , Mintime + JacobiMi , JacobiMa    1.94447850200        1.94442992500        1.88229566900        1.89243718000       Residual    16023333.3207      MLUPs    1333.00522342    
  4  Maxtime , Mintime + JacobiMi , JacobiMa    1.94251117100        1.94250556400        1.88238417500        1.89240113000       Residual    2666666.66665      MLUPs    1334.35526070    
  4  Maxtime , Mintime + JacobiMi , JacobiMa    1.94239558300        1.94239218600        1.88194961100        1.89226950900       Residual    567901.234395      MLUPs    1334.43466546    
  4  Maxtime , Mintime + JacobiMi , JacobiMa    1.94257042400        1.94256474000        1.88247614400        1.89245940500       Residual    168724.279799      MLUPs    1334.31455971    
  4  Maxtime , Mintime + JacobiMi , JacobiMa    1.94241184200        1.94239893600        1.88215037200        1.89233963300       Residual    69101.5089160      MLUPs    1334.42349555    
  4  Maxtime , Mintime + JacobiMi , JacobiMa    1.94259377200        1.94258844600        1.88244081700        1.89245426300       Residual    35602.8467978      MLUPs    1334.29852260    
  4  Maxtime , Mintime + JacobiMi , JacobiMa    1.94232044600        1.94231583200        1.88206055100        1.89219516400       Residual    21191.9985126      MLUPs    1334.48628692    
  4  Maxtime , Mintime + JacobiMi , JacobiMa    1.94254753900        1.94254267100        1.88231944400        1.89242249800       Residual    13837.6573202      MLUPs    1334.33027916    
  4  Maxtime , Mintime + JacobiMi , JacobiMa    1.94246952500        1.94246044300        1.88210634600        1.89231473000       Residual    9629.68440473      MLUPs    1334.38386891    
  4  Maxtime , Mintime + JacobiMi , JacobiMa    1.94290447300        1.94289885400        1.88241265600        1.89274042800       Residual    7021.58649341      MLUPs    1334.08514727    
