# Threadlevel provided:        3 out of        0        1        2        3
  spat_dim , proc_dim, PBC ? 
           1 -Dim Input         1200           2 T
           2 -Dim Input         2400           4 T
           3 -Dim Input          600           1 T
#   0 Process grid   2   4   1
           0           3           2
           4           3           2
           6           3           2
           7           3           2
           1           3           2
           2           3           2
           3           3           2
#   0  Allocated 2 arrays with a total of  3490.68      Mbytes 
           5           3           2
# StartResidual    0.00000000000    
  4  Maxtime , Mintime + JacobiMi , JacobiMa    1.95447041300        1.95337099000        1.88211244000        1.90180565400       Residual    14023333.3223      MLUPs    884.126967851    
  4  Maxtime , Mintime + JacobiMi , JacobiMa    1.95165104600        1.95050953000        1.88232589400        1.90194399200       Residual    2333333.33332      MLUPs    885.404183059    
  4  Maxtime , Mintime + JacobiMi , JacobiMa    1.95034055300        1.95033770500        1.88199626700        1.90181574300       Residual    496913.580090      MLUPs    885.999112997    
  4  Maxtime , Mintime + JacobiMi , JacobiMa    1.95040985300        1.95040826000        1.88212256400        1.90186760600       Residual    147633.744824      MLUPs    885.967632568    
  4  Maxtime , Mintime + JacobiMi , JacobiMa    1.95034360400        1.95034157500        1.88214605500        1.90181058400       Residual    60463.8203021      MLUPs    885.997726993    
  4  Maxtime , Mintime + JacobiMi , JacobiMa    1.95042345900        1.95042142900        1.88233952400        1.90189724800       Residual    31152.4909487      MLUPs    885.961452128    
  4  Maxtime , Mintime + JacobiMi , JacobiMa    1.95033180100        1.95033011200        1.88203061600        1.90176201200       Residual    18542.9986987      MLUPs    886.003088866    
  4  Maxtime , Mintime + JacobiMi , JacobiMa    1.95044107500        1.95043443000        1.88222889300        1.90194626200       Residual    12107.9501551      MLUPs    885.953450298    
  4  Maxtime , Mintime + JacobiMi , JacobiMa    1.95033526200        1.95033266800        1.88210427500        1.90177354000       Residual    8425.97385394      MLUPs    886.001516595    
  4  Maxtime , Mintime + JacobiMi , JacobiMa    1.95047206000        1.95047030700        1.88240629400        1.90196077600       Residual    6143.88818190      MLUPs    885.939376132    
