# Threadlevel provided:        3 out of        0        1        2        3
  spat_dim , proc_dim, PBC ? 
           1 -Dim Input         1200           2 T
           2 -Dim Input         2400           4 T
           3 -Dim Input          600           1 T
#   0 Process grid   2   4   1
           0           3           2
           2           3           2
           3           3           2
           4           3           2
           5           3           2
           6           3           2
           7           3           2
           1           3           2
#   0  Allocated 2 arrays with a total of  3490.68      Mbytes 
# StartResidual    0.00000000000    
  4  Maxtime , Mintime + JacobiMi , JacobiMa    1.94132361100        1.94117488600        1.88225070000        1.88846730500       Residual    14023333.3223      MLUPs    890.114347865    
  4  Maxtime , Mintime + JacobiMi , JacobiMa    1.93729133000        1.93728972800        1.88235971900        1.88890958300       Residual    2333333.33332      MLUPs    891.967033167    
  4  Maxtime , Mintime + JacobiMi , JacobiMa    1.93680253600        1.93679655600        1.88182958300        1.88843256200       Residual    496913.580090      MLUPs    892.192140335    
  4  Maxtime , Mintime + JacobiMi , JacobiMa    1.93710276600        1.93710042000        1.88198042500        1.88872591000       Residual    147633.744824      MLUPs    892.053860193    
  4  Maxtime , Mintime + JacobiMi , JacobiMa    1.93666160600        1.93665377100        1.88204206100        1.88828605500       Residual    60463.8203021      MLUPs    892.257064758    
  4  Maxtime , Mintime + JacobiMi , JacobiMa    1.93710614100        1.93710515600        1.88200370100        1.88869680300       Residual    31152.4909487      MLUPs    892.052305976    
  4  Maxtime , Mintime + JacobiMi , JacobiMa    1.93679228700        1.93678407000        1.88189107100        1.88837126100       Residual    18542.9986987      MLUPs    892.196861583    
  4  Maxtime , Mintime + JacobiMi , JacobiMa    1.93702113900        1.93701465500        1.88189094700        1.88862104900       Residual    12107.9501551      MLUPs    892.091451770    
  4  Maxtime , Mintime + JacobiMi , JacobiMa    1.93699511400        1.93698838300        1.88169961800        1.88852401100       Residual    8425.97385394      MLUPs    892.103437696    
  4  Maxtime , Mintime + JacobiMi , JacobiMa    1.93712523100        1.93712310000        1.88197437500        1.88874637400       Residual    6143.88818190      MLUPs    892.043514971    
