# Threadlevel provided:        3 out of        0        1        2        3
  spat_dim , proc_dim, PBC ? 
           1 -Dim Input         1200           2 T
           2 -Dim Input        14400          24 T
           3 -Dim Input          600           1 T
#   0 Process grid   2  24   1
          10           3           2
          12           3           2
          14           3           2
          16           3           2
          18           3           2
          20           3           2
          22           3           2
          24           3           2
          26           3           2
          28           3           2
          30           3           2
          32           3           2
          34           3           2
          36           3           2
          38           3           2
          40           3           2
          42           3           2
          44           3           2
          46           3           2
           0           3           2
#   0  Allocated 2 arrays with a total of  3490.68      Mbytes 
           2           3           2
           4           3           2
           6           3           2
           8           3           2
           1           3           2
           3           3           2
           5           3           2
           7           3           2
           9           3           2
          11           3           2
          13           3           2
          15           3           2
          17           3           2
          19           3           2
          21           3           2
          23           3           2
          25           3           2
          27           3           2
          29           3           2
          31           3           2
          33           3           2
          35           3           2
          37           3           2
          39           3           2
          41           3           2
          43           3           2
          45           3           2
          47           3           2
# StartResidual    0.00000000000    
  4  Maxtime , Mintime + JacobiMi , JacobiMa    1.99804345700        1.99798005500        1.88242166400        1.92559905500       Residual    74089999.9415      MLUPs    5189.07632548    
  4  Maxtime , Mintime + JacobiMi , JacobiMa    1.97539401500        1.97521321200        1.88466277200        1.92335511300       Residual    12333333.3333      MLUPs    5248.57315618    
  4  Maxtime , Mintime + JacobiMi , JacobiMa    1.97665270400        1.97664478200        1.88709569500        1.92502689200       Residual    2626543.20909      MLUPs    5245.23098014    
  4  Maxtime , Mintime + JacobiMi , JacobiMa    1.97452504000        1.97451517300        1.88612169500        1.92289694800       Residual    780349.794072      MLUPs    5250.88301742    
  4  Maxtime , Mintime + JacobiMi , JacobiMa    1.97550718100        1.97549829300        1.88572512000        1.92376048500       Residual    319594.478737      MLUPs    5248.27249413    
  4  Maxtime , Mintime + JacobiMi , JacobiMa    1.97472141800        1.97471261300        1.88661762500        1.92276201700       Residual    164663.166440      MLUPs    5250.36083849    
  4  Maxtime , Mintime + JacobiMi , JacobiMa    1.97417163200        1.97415047000        1.88565310200        1.92224115500       Residual    98012.9931206      MLUPs    5251.82300867    
  4  Maxtime , Mintime + JacobiMi , JacobiMa    1.97623228900        1.97622093300        1.88480289300        1.92346875300       Residual    63999.1651059      MLUPs    5246.34682760    
  4  Maxtime , Mintime + JacobiMi , JacobiMa    1.97542863300        1.97541423700        1.88634366300        1.92288782100       Residual    44537.2903723      MLUPs    5248.48117862    
  4  Maxtime , Mintime + JacobiMi , JacobiMa    1.97862271900        1.97860554100        1.88538181700        1.92615984800       Residual    32474.8375320      MLUPs    5240.00856780    
