# Threadlevel provided:        3 out of        0        1        2        3
  spat_dim , proc_dim, PBC ? 
           1 -Dim Input          600           1 T
           2 -Dim Input         1800           3 T
           3 -Dim Input         9600          16 T
#   0 Process grid   1   3  16
           4           3           2
           6           3           2
           7           3           2
           8           3           2
           9           3           2
          10           3           2
          11           3           2
          12           3           2
          14           3           2
          15           3           2
          16           3           2
          17           3           2
          18           3           2
          20           3           2
          22           3           2
          23           3           2
          24           3           2
          25           3           2
          26           3           2
          27           3           2
          28           3           2
          30           3           2
          31           3           2
          32           3           2
          33           3           2
          34           3           2
          35           3           2
          36           3           2
          38           3           2
          39           3           2
          40           3           2
          41           3           2
          42           3           2
          43           3           2
          44           3           2
          46           3           2
          47           3           2
           0           3           2
#   0  Allocated 2 arrays with a total of  3490.68      Mbytes 
           1           3           2
           2           3           2
           3           3           2
          13           3           2
          21           3           2
          29           3           2
          37           3           2
          45           3           2
          19           3           2
           5           3           2
# StartResidual    0.00000000000    
  4  Maxtime , Mintime + JacobiMi , JacobiMa    4.09540135200        4.09495400100        3.82015428600        3.98192662200       Residual    67066666.6135      MLUPs    2531.62000714    
  4  Maxtime , Mintime + JacobiMi , JacobiMa    4.09661710600        4.09659347800        3.82010110900        3.98495885600       Residual    11166666.6666      MLUPs    2530.86869769    
  4  Maxtime , Mintime + JacobiMi , JacobiMa    4.09514394700        4.09513017800        3.81967274500        3.98389270100       Residual    2378086.41904      MLUPs    2531.77913504    
  4  Maxtime , Mintime + JacobiMi , JacobiMa    4.09629999200        4.09628227100        3.82018809100        3.98488894200       Residual    706532.921676      MLUPs    2531.06462423    
  4  Maxtime , Mintime + JacobiMi , JacobiMa    4.09553570400        4.09551630000        3.82058155300        3.98427765800       Residual    289362.568585      MLUPs    2531.53695861    
  4  Maxtime , Mintime + JacobiMi , JacobiMa    4.09730304200        4.09728693100        3.81971388800        3.98613675900       Residual    149086.920963      MLUPs    2530.44500095    
  4  Maxtime , Mintime + JacobiMi , JacobiMa    4.09583493000        4.09582112400        3.81944485400        3.98458595000       Residual    88741.4937718      MLUPs    2531.35201423    
  4  Maxtime , Mintime + JacobiMi , JacobiMa    4.09640428500        4.09637533300        3.82112154600        3.98503910600       Residual    57945.1900278      MLUPs    2531.00018423    
  4  Maxtime , Mintime + JacobiMi , JacobiMa    4.12568730600        4.12566505700        3.82074485100        4.02396094800       Residual    40324.3034450      MLUPs    2513.03582434    
  4  Maxtime , Mintime + JacobiMi , JacobiMa    4.12534397800        4.12531872000        3.82242581500        4.02360483900       Residual    29402.8934406      MLUPs    2513.24496946    
