# Threadlevel provided:        3 out of        0        1        2        3
  spat_dim , proc_dim, PBC ? 
           1 -Dim Input          600           1 T
           2 -Dim Input         1800           3 T
           3 -Dim Input         9600          16 T
#   0 Process grid   1   3  16
           8           3           2
           9           3           2
          10           3           2
          12           3           2
          13           3           2
          14           3           2
          16           3           2
          17           3           2
          18           3           2
          20           3           2
          21           3           2
          22           3           2
          24           3           2
          25           3           2
          26           3           2
          28           3           2
          29           3           2
          30           3           2
          32           3           2
          33           3           2
          34           3           2
          36           3           2
          37           3           2
          38           3           2
          40           3           2
          41           3           2
          42           3           2
          44           3           2
          45           3           2
          46           3           2
           0           3           2
#   0  Allocated 2 arrays with a total of  3490.68      Mbytes 
           1           3           2
           2           3           2
           4           3           2
           5           3           2
           6           3           2
           3           3           2
           7           3           2
          11           3           2
          15           3           2
          19           3           2
          23           3           2
          27           3           2
          31           3           2
          35           3           2
          39           3           2
          43           3           2
          47           3           2
# StartResidual    0.00000000000    
  4  Maxtime , Mintime + JacobiMi , JacobiMa    4.11445319900        4.11430047100        3.82020210400        4.00738931600       Residual    67066666.6135      MLUPs    2519.89741979    
  4  Maxtime , Mintime + JacobiMi , JacobiMa    4.11282005900        4.11279947800        3.82057851300        4.00893699900       Residual    11166666.6666      MLUPs    2520.89803377    
  4  Maxtime , Mintime + JacobiMi , JacobiMa    4.12921827600        4.12919372300        3.81879534400        4.02570577000       Residual    2378086.41904      MLUPs    2510.88688149    
  4  Maxtime , Mintime + JacobiMi , JacobiMa    4.12819196100        4.12817050200        3.81993657700        4.02649755400       Residual    706532.921676      MLUPs    2511.51111623    
  4  Maxtime , Mintime + JacobiMi , JacobiMa    4.12688984800        4.12650484300        3.81998194400        4.02477326900       Residual    289362.568585      MLUPs    2512.30354622    
  4  Maxtime , Mintime + JacobiMi , JacobiMa    4.12912118000        4.12909987700        3.82135022000        4.02711971400       Residual    149086.920963      MLUPs    2510.94592482    
  4  Maxtime , Mintime + JacobiMi , JacobiMa    4.12827343600        4.12825423000        3.82178231400        4.02620647000       Residual    88741.4937718      MLUPs    2511.46154942    
  4  Maxtime , Mintime + JacobiMi , JacobiMa    4.12838955300        4.12836418400        3.82142869900        4.02672763600       Residual    57945.1900278      MLUPs    2511.39091089    
  4  Maxtime , Mintime + JacobiMi , JacobiMa    4.12839753200        4.12838600500        3.82183505200        4.02656503400       Residual    40324.3034450      MLUPs    2511.38605709    
  4  Maxtime , Mintime + JacobiMi , JacobiMa    4.13011742900        4.13009879100        3.82233997100        4.02802179800       Residual    29402.8934406      MLUPs    2510.34024534    
