# Threadlevel provided:        3 out of        0        1        2        3
  spat_dim , proc_dim, PBC ? 
           1 -Dim Input          600           1 T
           2 -Dim Input         1800           3 T
           3 -Dim Input         9600          16 T
#   0 Process grid   1   3  16
          12           3           2
          13           3           2
          15           3           2
          16           3           2
          17           3           2
          19           3           2
          20           3           2
          21           3           2
          23           3           2
          24           3           2
          25           3           2
          27           3           2
          28           3           2
          29           3           2
          31           3           2
          32           3           2
          33           3           2
          35           3           2
          36           3           2
          37           3           2
          39           3           2
          40           3           2
          43           3           2
          44           3           2
          45           3           2
          47           3           2
           0           3           2
#   0  Allocated 2 arrays with a total of  3490.68      Mbytes 
           1           3           2
           3           3           2
           4           3           2
           5           3           2
           7           3           2
           8           3           2
           9           3           2
          11           3           2
           2           3           2
           6           3           2
          10           3           2
          14           3           2
          18           3           2
          22           3           2
          26           3           2
          30           3           2
          34           3           2
          38           3           2
          41           3           2
          42           3           2
          46           3           2
# StartResidual    0.00000000000    
  4  Maxtime , Mintime + JacobiMi , JacobiMa    4.09907320100        4.09876624100        3.82137230200        3.98561695700       Residual    67066666.6135      MLUPs    2529.35224418    
  4  Maxtime , Mintime + JacobiMi , JacobiMa    4.09520428000        4.09517809400        3.82091740700        3.98442324600       Residual    11166666.6666      MLUPs    2531.74183535    
  4  Maxtime , Mintime + JacobiMi , JacobiMa    4.09553817000        4.09551303300        3.82029774700        3.98473939300       Residual    2378086.41904      MLUPs    2531.53543433    
  4  Maxtime , Mintime + JacobiMi , JacobiMa    4.09440912400        4.09439510200        3.82005450300        3.98318414100       Residual    706532.921676      MLUPs    2532.23351307    
  4  Maxtime , Mintime + JacobiMi , JacobiMa    4.09413062500        4.09410551100        3.82107881600        3.98306587500       Residual    289362.568585      MLUPs    2532.40576563    
  4  Maxtime , Mintime + JacobiMi , JacobiMa    4.09595986500        4.09594284700        3.82234648000        3.98479643900       Residual    149086.920963      MLUPs    2531.27480291    
  4  Maxtime , Mintime + JacobiMi , JacobiMa    4.09500929300        4.09499487500        3.82207257900        3.98377538500       Residual    88741.4937718      MLUPs    2531.86238618    
  4  Maxtime , Mintime + JacobiMi , JacobiMa    4.09133697600        4.09131999200        3.82062726100        3.97905251800       Residual    57945.1900278      MLUPs    2534.13494435    
  4  Maxtime , Mintime + JacobiMi , JacobiMa    4.10716653300        4.10714932900        3.82220075000        4.00168527700       Residual    40324.3034450      MLUPs    2524.36805683    
  4  Maxtime , Mintime + JacobiMi , JacobiMa    4.10815005200        4.10812133100        3.82286453900        4.00270467200       Residual    29402.8934406      MLUPs    2523.76370599    
