# Threadlevel provided:        3 out of        0        1        2        3
  spat_dim , proc_dim, PBC ? 
           1 -Dim Input         2400           4 T
           2 -Dim Input          600           1 T
           3 -Dim Input          600           1 T
#   0 Process grid   4   1   1
           0           3           2
           1           3           2
           2           3           2
           3           3           2
#   0  Allocated 2 arrays with a total of  3490.68      Mbytes 
# StartResidual    0.00000000000    
  4  Maxtime , Mintime + JacobiMi , JacobiMa    1.93640140100        1.93634710600        1.88631072700        1.88846045700       Residual    9019999.99294      MLUPs    446.188481145    
  4  Maxtime , Mintime + JacobiMi , JacobiMa    1.93356796300        1.93356757500        1.88608722900        1.88818796900       Residual    1500000.00000      MLUPs    446.842322863    
  4  Maxtime , Mintime + JacobiMi , JacobiMa    1.93378604000        1.93378567500        1.88618582900        1.88836352600       Residual    319444.444335      MLUPs    446.791931542    
  4  Maxtime , Mintime + JacobiMi , JacobiMa    1.93347737700        1.93347662300        1.88607396700        1.88803958900       Residual    94907.4073853      MLUPs    446.863258023    
  4  Maxtime , Mintime + JacobiMi , JacobiMa    1.93365523000        1.93365446600        1.88621303300        1.88821404900       Residual    38869.5987666      MLUPs    446.822156605    
  4  Maxtime , Mintime + JacobiMi , JacobiMa    1.93373561500        1.93373461000        1.88630416900        1.88827772600       Residual    20026.6013249      MLUPs    446.803582298    
  4  Maxtime , Mintime + JacobiMi , JacobiMa    1.93377818200        1.93377745000        1.88617708300        1.88832877500       Residual    11920.4991636      MLUPs    446.793747102    
  4  Maxtime , Mintime + JacobiMi , JacobiMa    1.93371361100        1.93371237300        1.88627808900        1.88830287100       Residual    7783.68224251      MLUPs    446.808666539    
  4  Maxtime , Mintime + JacobiMi , JacobiMa    1.93391681100        1.93391598500        1.88633596400        1.88848539500       Residual    5416.69747719      MLUPs    446.761719576    
  4  Maxtime , Mintime + JacobiMi , JacobiMa    1.93364770800        1.93364684700        1.88612593700        1.88817653600       Residual    3949.64240276      MLUPs    446.823894769    
