# Threadlevel provided:        3 out of        0        1        2        3
  spat_dim , proc_dim, PBC ? 
           1 -Dim Input         2400           4 T
           2 -Dim Input          600           1 T
           3 -Dim Input          600           1 T
#   0 Process grid   4   1   1
           0           3           2
           2           3           2
           1           3           2
           3           3           2
#   0  Allocated 2 arrays with a total of  3490.68      Mbytes 
# StartResidual    0.00000000000    
  4  Maxtime , Mintime + JacobiMi , JacobiMa    1.93729999400        1.93725439300        1.88619205600        1.88915139300       Residual    9019999.99294      MLUPs    445.981522054    
  4  Maxtime , Mintime + JacobiMi , JacobiMa    1.93432891100        1.93432822700        1.88597216400        1.88869723500       Residual    1500000.00000      MLUPs    446.666539019    
  4  Maxtime , Mintime + JacobiMi , JacobiMa    1.93456853200        1.93456721000        1.88591128300        1.88895405600       Residual    319444.444335      MLUPs    446.611213668    
  4  Maxtime , Mintime + JacobiMi , JacobiMa    1.93434451100        1.93434372800        1.88592366800        1.88871832100       Residual    94907.4073853      MLUPs    446.662936766    
  4  Maxtime , Mintime + JacobiMi , JacobiMa    1.93469933900        1.93469826400        1.88612743800        1.88908538200       Residual    38869.5987666      MLUPs    446.581017827    
  4  Maxtime , Mintime + JacobiMi , JacobiMa    1.93415822500        1.93415695800        1.88596934000        1.88849303700       Residual    20026.6013249      MLUPs    446.705956541    
  4  Maxtime , Mintime + JacobiMi , JacobiMa    1.93476059600        1.93475996500        1.88601601200        1.88910484100       Residual    11920.4991636      MLUPs    446.566878500    
  4  Maxtime , Mintime + JacobiMi , JacobiMa    1.93406046200        1.93405956900        1.88575401300        1.88844659300       Residual    7783.68224251      MLUPs    446.728536659    
  4  Maxtime , Mintime + JacobiMi , JacobiMa    1.93489242900        1.93489139100        1.88625608200        1.88921133500       Residual    5416.69747719      MLUPs    446.536451872    
  4  Maxtime , Mintime + JacobiMi , JacobiMa    1.93449273000        1.93449167700        1.88623956000        1.88884848800       Residual    3949.64240276      MLUPs    446.628713875    
