# Threadlevel provided:        3 out of        0        1        2        3
  spat_dim , proc_dim, PBC ? 
           1 -Dim Input         4800           8 T
           2 -Dim Input         1200           2 T
           3 -Dim Input         1800           3 T
#   0 Process grid   8   2   3
          24           3           2
          26           3           2
          28           3           2
          30           3           2
          32           3           2
          34           3           2
          36           3           2
          38           3           2
          40           3           2
          42           3           2
          44           3           2
          46           3           2
           0           3           2
#   0  Allocated 2 arrays with a total of  3490.68      Mbytes 
           2           3           2
           4           3           2
           6           3           2
           8           3           2
          10           3           2
          12           3           2
          14           3           2
          16           3           2
          18           3           2
          20           3           2
          22           3           2
           1           3           2
           3           3           2
           5           3           2
           7           3           2
          11           3           2
          13           3           2
          15           3           2
          17           3           2
          19           3           2
          21           3           2
          23           3           2
          25           3           2
          27           3           2
          29           3           2
          31           3           2
          33           3           2
          37           3           2
          39           3           2
          41           3           2
          43           3           2
          45           3           2
          47           3           2
           9           3           2
          35           3           2
# StartResidual    0.00000000000    
  4  Maxtime , Mintime + JacobiMi , JacobiMa    1.99535161400        1.99436288500        1.88287094800        1.92173849300       Residual    46043333.2968      MLUPs    5196.07668506    
  4  Maxtime , Mintime + JacobiMi , JacobiMa    1.97438645900        1.97437196600        1.88203672000        1.91768235500       Residual    7666666.66662      MLUPs    5251.25157374    
  4  Maxtime , Mintime + JacobiMi , JacobiMa    1.97447071100        1.97446760300        1.88356389700        1.91624024100       Residual    1632716.04888      MLUPs    5251.02749929    
  4  Maxtime , Mintime + JacobiMi , JacobiMa    1.97413272300        1.97411287300        1.88328598900        1.91628832800       Residual    485082.304407      MLUPs    5251.92651903    
  4  Maxtime , Mintime + JacobiMi , JacobiMa    1.97546036200        1.97544449700        1.88342846200        1.91765306600       Residual    198666.838132      MLUPs    5248.39687975    
  4  Maxtime , Mintime + JacobiMi , JacobiMa    1.97463994900        1.97462306200        1.88247856500        1.91681561500       Residual    102358.184544      MLUPs    5250.57745603    
  4  Maxtime , Mintime + JacobiMi , JacobiMa    1.97311634800        1.97310896000        1.88260967800        1.91619669500       Residual    60926.9957236      MLUPs    5254.63184698    
  4  Maxtime , Mintime + JacobiMi , JacobiMa    1.97484385100        1.97482393400        1.88258790100        1.91766160700       Residual    39783.2647958      MLUPs    5250.03533558    
  4  Maxtime , Mintime + JacobiMi , JacobiMa    1.97539812100        1.97538836500        1.88289906500        1.91747367500       Residual    27685.3426636      MLUPs    5248.56224666    
  4  Maxtime , Mintime + JacobiMi , JacobiMa    1.97528328800        1.97526422200        1.88365741800        1.91687347800       Residual    20187.0611687      MLUPs    5248.86737157    
