# Threadlevel provided:        3 out of        0        1        2        3
  spat_dim , proc_dim, PBC ? 
           1 -Dim Input         4800           8 T
           2 -Dim Input         1200           2 T
           3 -Dim Input         1800           3 T
#   0 Process grid   8   2   3
          20           3           2
          24           3           2
          26           3           2
          28           3           2
          32           3           2
          34           3           2
          36           3           2
          40           3           2
          42           3           2
          44           3           2
           0           3           2
           2           3           2
           4           3           2
           8           3           2
          10           3           2
          12           3           2
          16           3           2
          18           3           2
#   0  Allocated 2 arrays with a total of  3490.68      Mbytes 
           1           3           2
           3           3           2
           5           3           2
           7           3           2
           9           3           2
          11           3           2
          13           3           2
          15           3           2
          17           3           2
          19           3           2
          21           3           2
          23           3           2
          25           3           2
          27           3           2
          29           3           2
          31           3           2
          33           3           2
          35           3           2
          37           3           2
          39           3           2
          41           3           2
          43           3           2
          45           3           2
          47           3           2
           6           3           2
          14           3           2
          30           3           2
          38           3           2
          46           3           2
          22           3           2
# StartResidual    0.00000000000    
  4  Maxtime , Mintime + JacobiMi , JacobiMa    2.00284811800        2.00276325700        1.88270769000        1.91969980700       Residual    46043333.2968      MLUPs    5176.62817606    
  4  Maxtime , Mintime + JacobiMi , JacobiMa    1.97582133500        1.97563707300        1.88246243700        1.91875685200       Residual    7666666.66662      MLUPs    5247.43802303    
  4  Maxtime , Mintime + JacobiMi , JacobiMa    1.97781912900        1.97761563400        1.88383036900        1.92097135300       Residual    1632716.04888      MLUPs    5242.13758881    
  4  Maxtime , Mintime + JacobiMi , JacobiMa    1.97566730300        1.97564785100        1.88340061800        1.91905772200       Residual    485082.304407      MLUPs    5247.84713715    
  4  Maxtime , Mintime + JacobiMi , JacobiMa    1.97617021700        1.97597889100        1.88262287600        1.91909741800       Residual    198666.838132      MLUPs    5246.51161667    
  4  Maxtime , Mintime + JacobiMi , JacobiMa    1.97524501500        1.97523104400        1.88234753600        1.91841555900       Residual    102358.184544      MLUPs    5248.96907536    
  4  Maxtime , Mintime + JacobiMi , JacobiMa    1.97820949500        1.97820288100        1.88251397100        1.92050095800       Residual    60926.9957236      MLUPs    5241.10314211    
  4  Maxtime , Mintime + JacobiMi , JacobiMa    1.97636712600        1.97620256800        1.88253772100        1.91972375500       Residual    39783.2647958      MLUPs    5245.98889731    
  4  Maxtime , Mintime + JacobiMi , JacobiMa    1.97682722500        1.97682287100        1.88329874900        1.91964148600       Residual    27685.3426636      MLUPs    5244.76791339    
  4  Maxtime , Mintime + JacobiMi , JacobiMa    1.97612278600        1.97593618000        1.88327290600        1.91953420900       Residual    20187.0611687      MLUPs    5246.63754371    
