# Threadlevel provided:        3 out of        0        1        2        3
  spat_dim , proc_dim, PBC ? 
           1 -Dim Input         7200          12 T
           2 -Dim Input         2400           4 T
           3 -Dim Input          600           1 T
#   0 Process grid  12   4   1
           4           3           2
           6           3           2
           8           3           2
          10           3           2
          12           3           2
          14           3           2
          16           3           2
          18           3           2
          22           3           2
          24           3           2
          26           3           2
          30           3           2
          32           3           2
          34           3           2
          36           3           2
          38           3           2
          40           3           2
          42           3           2
          46           3           2
           0           3           2
#   0  Allocated 2 arrays with a total of  3490.68      Mbytes 
           2           3           2
          20           3           2
          44           3           2
          28           3           2
           3           3           2
           5           3           2
           7           3           2
           9           3           2
          11           3           2
          13           3           2
          15           3           2
          19           3           2
          21           3           2
          23           3           2
          25           3           2
          27           3           2
          29           3           2
          31           3           2
          33           3           2
          35           3           2
          37           3           2
          39           3           2
          41           3           2
          43           3           2
          45           3           2
          47           3           2
           1           3           2
          17           3           2
# StartResidual    0.00000000000    
  4  Maxtime , Mintime + JacobiMi , JacobiMa    4.11726045300        4.11703484300        3.81951013400        4.00180069300       Residual    64056666.6158      MLUPs    2518.17928896    
  4  Maxtime , Mintime + JacobiMi , JacobiMa    4.11035080000        4.11032822900        3.82007484100        3.99808670800       Residual    10666666.6666      MLUPs    2522.41244227    
  4  Maxtime , Mintime + JacobiMi , JacobiMa    4.11143920400        4.11142482400        3.81941063600        3.99977133300       Residual    2271604.93757      MLUPs    2521.74469463    
  4  Maxtime , Mintime + JacobiMi , JacobiMa    4.11235082200        4.11232519500        3.81949933600        4.00060912100       Residual    674897.119176      MLUPs    2521.18567913    
  4  Maxtime , Mintime + JacobiMi , JacobiMa    4.11177241000        4.11144866600        3.81967261900        3.99978766700       Residual    276406.035663      MLUPs    2521.54033983    
  4  Maxtime , Mintime + JacobiMi , JacobiMa    4.11194281200        4.11193484900        3.82016648600        4.00027812700       Residual    142411.387192      MLUPs    2521.43584530    
  4  Maxtime , Mintime + JacobiMi , JacobiMa    4.11264491100        4.11263593000        3.81985413500        4.00102834100       Residual    84767.9940500      MLUPs    2521.00539297    
  4  Maxtime , Mintime + JacobiMi , JacobiMa    4.11206695700        4.11205554700        3.81954593500        4.00012996300       Residual    55350.6292810      MLUPs    2521.35972211    
  4  Maxtime , Mintime + JacobiMi , JacobiMa    4.11926212600        4.11924553100        3.82008952600        4.01237808400       Residual    38518.7376189      MLUPs    2516.95563013    
  4  Maxtime , Mintime + JacobiMi , JacobiMa    4.12136831100        4.12134758600        3.82019684400        4.01393685500       Residual    28086.3459739      MLUPs    2515.66936455    
