# Threadlevel provided:        3 out of        0        1        2        3
  spat_dim , proc_dim, PBC ? 
           1 -Dim Input         1800           3 T
           2 -Dim Input          600           1 T
           3 -Dim Input         9600          16 T
#   0 Process grid   3   1  16
          24           3           2
          26           3           2
          28           3           2
          30           3           2
          32           3           2
          36           3           2
          38           3           2
          40           3           2
          42           3           2
          44           3           2
          46           3           2
           0           3           2
#   0  Allocated 2 arrays with a total of  3490.68      Mbytes 
           2           3           2
           4           3           2
           6           3           2
           8           3           2
          10           3           2
          12           3           2
          14           3           2
          16           3           2
          18           3           2
          20           3           2
          22           3           2
          34           3           2
           1           3           2
           3           3           2
           5           3           2
           7           3           2
           9           3           2
          11           3           2
          13           3           2
          15           3           2
          17           3           2
          19           3           2
          21           3           2
          23           3           2
          25           3           2
          27           3           2
          29           3           2
          31           3           2
          33           3           2
          35           3           2
          39           3           2
          41           3           2
          43           3           2
          45           3           2
          47           3           2
          37           3           2
# StartResidual    0.00000000000    
  4  Maxtime , Mintime + JacobiMi , JacobiMa    1.99367459200        1.98327261500        1.88483208400        1.92323908200       Residual    67066666.6135      MLUPs    5200.44747603    
  4  Maxtime , Mintime + JacobiMi , JacobiMa    1.98698906500        1.98697610400        1.88800877500        1.93514079100       Residual    11166666.6666      MLUPs    5217.94517274    
  4  Maxtime , Mintime + JacobiMi , JacobiMa    1.98662923100        1.98661805900        1.88772187000        1.93524130300       Residual    2378086.41904      MLUPs    5218.89028824    
  4  Maxtime , Mintime + JacobiMi , JacobiMa    1.98624270900        1.98623699500        1.88807736500        1.93526271900       Residual    706532.921651      MLUPs    5219.90588211    
  4  Maxtime , Mintime + JacobiMi , JacobiMa    1.98764211800        1.98763180500        1.88962094300        1.93509722900       Residual    289362.568585      MLUPs    5216.23078225    
  4  Maxtime , Mintime + JacobiMi , JacobiMa    1.98814098700        1.98812460900        1.88960898800        1.93653827400       Residual    149086.920966      MLUPs    5214.92191338    
  4  Maxtime , Mintime + JacobiMi , JacobiMa    1.98744232600        1.98742306400        1.88981730600        1.93689550500       Residual    88741.4937712      MLUPs    5216.75515529    
  4  Maxtime , Mintime + JacobiMi , JacobiMa    1.99058570000        1.99056632600        1.88838410400        1.93584632900       Residual    57945.1900284      MLUPs    5208.51727208    
  4  Maxtime , Mintime + JacobiMi , JacobiMa    1.98877446700        1.98837022600        1.89040592800        1.93546246600       Residual    40324.3034450      MLUPs    5213.26081566    
  4  Maxtime , Mintime + JacobiMi , JacobiMa    1.99057413700        1.99055983500        1.89700406200        1.93764720100       Residual    29402.8934412      MLUPs    5208.54752771    
