# Threadlevel provided:        3 out of        0        1        2        3
  spat_dim , proc_dim, PBC ? 
           1 -Dim Input          600           1 T
           2 -Dim Input        14400          24 T
           3 -Dim Input          600           1 T
#   0 Process grid   1  24   1
           0           3           2
           2           3           2
           3           3           2
           4           3           2
           5           3           2
           6           3           2
           7           3           2
           8           3           2
           9           3           2
          10           3           2
          11           3           2
          12           3           2
          13           3           2
          14           3           2
          15           3           2
          16           3           2
          17           3           2
          18           3           2
          19           3           2
          20           3           2
          21           3           2
          22           3           2
          23           3           2
#   0  Allocated 2 arrays with a total of  3490.68      Mbytes 
           1           3           2
# StartResidual    0.00000000000    
  4  Maxtime , Mintime + JacobiMi , JacobiMa    3.07217057000        3.07210392900        2.85134172300        2.97742291400       Residual    49086666.6282      MLUPs    1687.40630830    
  4  Maxtime , Mintime + JacobiMi , JacobiMa    3.07104803500        3.07103524900        2.84934925200        2.97888259400       Residual    8166666.66662      MLUPs    1688.02309209    
  4  Maxtime , Mintime + JacobiMi , JacobiMa    3.07162286000        3.07161667100        2.84978631400        2.97924961800       Residual    1739197.53023      MLUPs    1687.70719463    
  4  Maxtime , Mintime + JacobiMi , JacobiMa    3.07163274600        3.07162601500        2.84993707500        2.97947013700       Residual    516718.106883      MLUPs    1687.70176277    
  4  Maxtime , Mintime + JacobiMi , JacobiMa    3.07106551800        3.07105365300        2.84999671400        2.97876510800       Residual    211623.371058      MLUPs    1688.01348249    
  4  Maxtime , Mintime + JacobiMi , JacobiMa    3.07238771800        3.07238147500        2.84928131900        2.98019361800       Residual    109033.718325      MLUPs    1687.28704702    
  4  Maxtime , Mintime + JacobiMi , JacobiMa    3.07189984200        3.07188694800        2.84864227400        2.97952998300       Residual    64900.4954468      MLUPs    1687.55502023    
  4  Maxtime , Mintime + JacobiMi , JacobiMa    3.07136095900        3.07134755400        2.85014394000        2.97913411800       Residual    42377.8255427      MLUPs    1687.85110874    
  4  Maxtime , Mintime + JacobiMi , JacobiMa    3.06965322900        3.06964006500        2.84983519900        2.97737147400       Residual    29490.9084872      MLUPs    1688.79010535    
  4  Maxtime , Mintime + JacobiMi , JacobiMa    3.07031906000        3.07030521900        2.85195409100        2.97816454500       Residual    21503.6086373      MLUPs    1688.42387345    
