# Threadlevel provided:        3 out of        0        1        2        3
  spat_dim , proc_dim, PBC ? 
           1 -Dim Input         3600           6 T
           2 -Dim Input         1200           2 T
           3 -Dim Input          600           1 T
#   0 Process grid   6   2   1
           0           3           2
           1           3           2
           2           3           2
           3           3           2
           4           3           2
           5           3           2
           6           3           2
           7           3           2
           9           3           2
          10           3           2
          11           3           2
#   0  Allocated 2 arrays with a total of  3490.68      Mbytes 
           8           3           2
# StartResidual    0.00000000000    
  4  Maxtime , Mintime + JacobiMi , JacobiMa    1.97178851400        1.97026505600        1.89766540100        1.91376465800       Residual    20029999.9842      MLUPs    1314.54260008    
  4  Maxtime , Mintime + JacobiMi , JacobiMa    1.96860791000        1.96860447200        1.89839498400        1.91490287600       Residual    3333333.33331      MLUPs    1316.66645594    
  4  Maxtime , Mintime + JacobiMi , JacobiMa    1.96915159100        1.96914888100        1.89923496700        1.91541628300       Residual    709876.542986      MLUPs    1316.30292551    
  4  Maxtime , Mintime + JacobiMi , JacobiMa    1.96705192900        1.96704736200        1.89706942900        1.91329888200       Residual    210905.349744      MLUPs    1317.70796784    
  4  Maxtime , Mintime + JacobiMi , JacobiMa    1.96720296300        1.96719921400        1.89719196100        1.91352528300       Residual    86376.8861454      MLUPs    1317.60679948    
  4  Maxtime , Mintime + JacobiMi , JacobiMa    1.96645430200        1.96645052000        1.89627410500        1.91275745300       Residual    44503.5584980      MLUPs    1318.10843372    
  4  Maxtime , Mintime + JacobiMi , JacobiMa    1.96664249600        1.96663492700        1.89665423000        1.91289216400       Residual    26489.9981408      MLUPs    1317.98229992    
  4  Maxtime , Mintime + JacobiMi , JacobiMa    1.96617386700        1.96617115000        1.89606017700        1.91242020900       Residual    17297.0716503      MLUPs    1318.29643528    
  4  Maxtime , Mintime + JacobiMi , JacobiMa    1.96773368500        1.96772775300        1.89778767900        1.91398429800       Residual    12037.1055057      MLUPs    1317.25142470    
  4  Maxtime , Mintime + JacobiMi , JacobiMa    1.96753864100        1.96752641600        1.89731391300        1.91377239700       Residual    8776.98311703      MLUPs    1317.38200510    
