# Threadlevel provided:        3 out of        0        1        2        3
  spat_dim , proc_dim, PBC ? 
           1 -Dim Input         1200           2 T
           2 -Dim Input         1200           2 T
           3 -Dim Input         7200          12 T
#   0 Process grid   2   2  12
           1           3           2
           3           3           2
           4           3           2
           5           3           2
           6           3           2
           7           3           2
           8           3           2
           9           3           2
          10           3           2
          11           3           2
          12           3           2
          13           3           2
          14           3           2
          15           3           2
          16           3           2
          17           3           2
          18           3           2
          19           3           2
          20           3           2
          21           3           2
          22           3           2
          23           3           2
          24           3           2
          25           3           2
          26           3           2
          27           3           2
          28           3           2
          29           3           2
          30           3           2
          31           3           2
          32           3           2
          33           3           2
          34           3           2
          35           3           2
          36           3           2
          37           3           2
          38           3           2
          39           3           2
          40           3           2
          41           3           2
          42           3           2
          43           3           2
          44           3           2
          45           3           2
          46           3           2
          47           3           2
           0           3           2
#   0  Allocated 2 arrays with a total of  3490.68      Mbytes 
           2           3           2
# StartResidual    0.00000000000    
  4  Maxtime , Mintime + JacobiMi , JacobiMa    4.09119246300        4.09077491300        3.81258373500        3.96518303100       Residual    52053333.2921      MLUPs    2534.22445748    
  4  Maxtime , Mintime + JacobiMi , JacobiMa    4.08867997700        4.08866494200        3.80843390600        3.96541091300       Residual    8666666.66662      MLUPs    2535.78173355    
  4  Maxtime , Mintime + JacobiMi , JacobiMa    4.08549759100        4.08548644700        3.81361761200        3.96235078900       Residual    1845679.01179      MLUPs    2537.75697306    
  4  Maxtime , Mintime + JacobiMi , JacobiMa    4.08725524700        4.08723237400        3.81412859100        3.96392530600       Residual    548353.909347      MLUPs    2536.66565297    
  4  Maxtime , Mintime + JacobiMi , JacobiMa    4.08775676800        4.08743935400        3.80805608800        3.96456443900       Residual    224579.903975      MLUPs    2536.35443311    
  4  Maxtime , Mintime + JacobiMi , JacobiMa    4.08602773500        4.08600940200        3.81334112400        3.96369289500       Residual    115709.252092      MLUPs    2537.42771034    
  4  Maxtime , Mintime + JacobiMi , JacobiMa    4.09393687400        4.08090165400        3.80843683900        3.95144288300       Residual    68873.9951658      MLUPs    2532.52561510    
  4  Maxtime , Mintime + JacobiMi , JacobiMa    4.08782668800        4.08780326900        3.80822992300        3.96486556800       Residual    44972.3862906      MLUPs    2536.31105018    
  4  Maxtime , Mintime + JacobiMi , JacobiMa    4.08786440500        4.08784335300        3.81370315500        3.96453465300       Residual    31296.4743154      MLUPs    2536.28764871    
  4  Maxtime , Mintime + JacobiMi , JacobiMa    4.08800479800        4.08799117900        3.81030694400        3.96479352200       Residual    22820.1561033      MLUPs    2536.20054582    
