# Threadlevel provided:        3 out of        0        1        2        3
  spat_dim , proc_dim, PBC ? 
           1 -Dim Input         1200           2 T
           2 -Dim Input         1200           2 T
           3 -Dim Input         7200          12 T
#   0 Process grid   2   2  12
          11           3           2
          12           3           2
          13           3           2
          15           3           2
          16           3           2
          18           3           2
          19           3           2
          20           3           2
          21           3           2
          23           3           2
          25           3           2
          26           3           2
          27           3           2
          29           3           2
          31           3           2
          32           3           2
          33           3           2
          34           3           2
          35           3           2
          36           3           2
          37           3           2
          38           3           2
          39           3           2
          40           3           2
          41           3           2
          42           3           2
          44           3           2
          45           3           2
          46           3           2
          47           3           2
           0           3           2
#   0  Allocated 2 arrays with a total of  3490.68      Mbytes 
           1           3           2
           2           3           2
           3           3           2
           4           3           2
           5           3           2
           6           3           2
           8           3           2
           9           3           2
          10           3           2
          14           3           2
          17           3           2
          22           3           2
          24           3           2
          28           3           2
          30           3           2
          43           3           2
           7           3           2
# StartResidual    0.00000000000    
  4  Maxtime , Mintime + JacobiMi , JacobiMa    4.10438532400        4.09703742500        3.82091599900        3.97887132300       Residual    52053333.2921      MLUPs    2526.07861630    
  4  Maxtime , Mintime + JacobiMi , JacobiMa    4.09344531600        4.09342332500        3.82025633300        3.97788558400       Residual    8666666.66662      MLUPs    2532.82973135    
  4  Maxtime , Mintime + JacobiMi , JacobiMa    4.09349795500        4.09347596500        3.82029902500        3.97862309800       Residual    1845679.01179      MLUPs    2532.79716125    
  4  Maxtime , Mintime + JacobiMi , JacobiMa    4.10103102900        4.10100215400        3.82112754000        3.98987681800       Residual    548353.909347      MLUPs    2528.14473402    
  4  Maxtime , Mintime + JacobiMi , JacobiMa    4.10068596300        4.10037622200        3.82045726400        3.98937201700       Residual    224579.903975      MLUPs    2528.35747325    
  4  Maxtime , Mintime + JacobiMi , JacobiMa    4.10207897800        4.10206096800        3.82094073800        3.99094884700       Residual    115709.252092      MLUPs    2527.49887450    
  4  Maxtime , Mintime + JacobiMi , JacobiMa    4.10240646100        4.10239310400        3.82115233400        3.99141706500       Residual    68873.9951658      MLUPs    2527.29711172    
  4  Maxtime , Mintime + JacobiMi , JacobiMa    4.10250005800        4.10247874600        3.82108716300        3.99109025800       Residual    44972.3862906      MLUPs    2527.23945239    
  4  Maxtime , Mintime + JacobiMi , JacobiMa    4.10382296600        4.10379608700        3.82109973600        3.99371457600       Residual    31296.4743154      MLUPs    2526.42477171    
  4  Maxtime , Mintime + JacobiMi , JacobiMa    4.10420259000        4.10417296300        3.82227376700        3.99320089800       Residual    22820.1561033      MLUPs    2526.19108649    
