# Threadlevel provided:        3 out of        0        1        2        3
  spat_dim , proc_dim, PBC ? 
           1 -Dim Input         7200          12 T
           2 -Dim Input         1200           2 T
           3 -Dim Input         1200           2 T
#   0 Process grid  12   2   2
           1           3           2
           2           3           2
           4           3           2
           5           3           2
           8           3           2
           9           3           2
          10           3           2
          12           3           2
          13           3           2
          16           3           2
          17           3           2
          18           3           2
          20           3           2
          21           3           2
          24           3           2
          25           3           2
          26           3           2
          32           3           2
          33           3           2
          34           3           2
          36           3           2
          37           3           2
          40           3           2
          41           3           2
          42           3           2
          44           3           2
          45           3           2
           0           3           2
#   0  Allocated 2 arrays with a total of  3490.68      Mbytes 
          28           3           2
          27           3           2
          35           3           2
          39           3           2
          43           3           2
          47           3           2
           3           3           2
           7           3           2
          11           3           2
          15           3           2
          19           3           2
          23           3           2
          29           3           2
          31           3           2
          22           3           2
          30           3           2
          38           3           2
          46           3           2
           6           3           2
          14           3           2
# StartResidual    0.00000000000    
  4  Maxtime , Mintime + JacobiMi , JacobiMa    4.13556631100        4.13534530400        3.81129902300        4.01474582500       Residual    52053333.2921      MLUPs    2507.03270612    
  4  Maxtime , Mintime + JacobiMi , JacobiMa    4.14356611400        4.14354280800        3.81063106600        4.01565138600       Residual    8666666.66660      MLUPs    2502.19248704    
  4  Maxtime , Mintime + JacobiMi , JacobiMa    4.13282222500        4.13280597700        3.80886744800        4.01491308300       Residual    1845679.01178      MLUPs    2508.69731035    
  4  Maxtime , Mintime + JacobiMi , JacobiMa    4.13408698200        4.13360591300        3.80893925500        4.01557162500       Residual    548353.909327      MLUPs    2507.92981501    
  4  Maxtime , Mintime + JacobiMi , JacobiMa    4.13748728800        4.13745304900        3.81131786100        4.02112182000       Residual    224579.903975      MLUPs    2505.86872619    
  4  Maxtime , Mintime + JacobiMi , JacobiMa    4.13530853300        4.13529584600        3.81056717200        4.01869431500       Residual    115709.252094      MLUPs    2507.18898415    
  4  Maxtime , Mintime + JacobiMi , JacobiMa    4.13339454900        4.13337051100        3.81125784600        4.01611282800       Residual    68873.9951657      MLUPs    2508.34994750    
  4  Maxtime , Mintime + JacobiMi , JacobiMa    4.13405262100        4.13401550700        3.81454910300        4.01617589900       Residual    44972.3862910      MLUPs    2507.95066017    
  4  Maxtime , Mintime + JacobiMi , JacobiMa    4.13282097800        4.13278644300        3.81197420600        4.01502176800       Residual    31296.4743154      MLUPs    2508.69806730    
  4  Maxtime , Mintime + JacobiMi , JacobiMa    4.13368942900        4.13367356600        3.81316390700        4.01596618100       Residual    22820.1561038      MLUPs    2508.17101238    
