# Threadlevel provided:        3 out of        0        1        2        3
  spat_dim , proc_dim, PBC ? 
           1 -Dim Input         7200          12 T
           2 -Dim Input         1200           2 T
           3 -Dim Input         1200           2 T
#   0 Process grid  12   2   2
           3           3           2
           4           3           2
           6           3           2
           7           3           2
           8           3           2
           9           3           2
          10           3           2
          11           3           2
          12           3           2
          14           3           2
          16           3           2
          17           3           2
          18           3           2
          19           3           2
          20           3           2
          22           3           2
          23           3           2
          24           3           2
          26           3           2
          27           3           2
          28           3           2
          30           3           2
          32           3           2
          33           3           2
          34           3           2
          35           3           2
          39           3           2
          40           3           2
          41           3           2
          42           3           2
          43           3           2
          44           3           2
          46           3           2
           0           3           2
#   0  Allocated 2 arrays with a total of  3490.68      Mbytes 
           1           3           2
           2           3           2
          15           3           2
          25           3           2
          31           3           2
          47           3           2
          36           3           2
          38           3           2
          21           3           2
          29           3           2
          37           3           2
          45           3           2
           5           3           2
          13           3           2
# StartResidual    0.00000000000    
  4  Maxtime , Mintime + JacobiMi , JacobiMa    4.11604842300        4.11557628500        3.81883196700        4.00162019300       Residual    52053333.2921      MLUPs    2518.92080328    
  4  Maxtime , Mintime + JacobiMi , JacobiMa    4.11498194800        4.11495656200        3.81891128200        4.00401601300       Residual    8666666.66660      MLUPs    2519.57362900    
  4  Maxtime , Mintime + JacobiMi , JacobiMa    4.11381387400        4.11379134300        3.81864180200        4.00283050800       Residual    1845679.01178      MLUPs    2520.28903532    
  4  Maxtime , Mintime + JacobiMi , JacobiMa    4.11604813300        4.11602583900        3.81944842100        4.00443819400       Residual    548353.909327      MLUPs    2518.92098075    
  4  Maxtime , Mintime + JacobiMi , JacobiMa    4.11421137400        4.11419783700        3.81965119000        4.00354402900       Residual    224579.903975      MLUPs    2520.04553425    
  4  Maxtime , Mintime + JacobiMi , JacobiMa    4.11520102500        4.11518364100        3.81978490900        4.00427378900       Residual    115709.252094      MLUPs    2519.43949688    
  4  Maxtime , Mintime + JacobiMi , JacobiMa    4.11319827800        4.11290214800        3.81880431300        4.00255052300       Residual    68873.9951657      MLUPs    2520.66623081    
  4  Maxtime , Mintime + JacobiMi , JacobiMa    4.11510236900        4.11507917300        3.82202992600        4.00489593800       Residual    44972.3862910      MLUPs    2519.49989825    
  4  Maxtime , Mintime + JacobiMi , JacobiMa    4.11562857400        4.11559860100        3.82156596900        4.00422412900       Residual    31296.4743154      MLUPs    2519.17776679    
  4  Maxtime , Mintime + JacobiMi , JacobiMa    4.11689903400        4.11687418600        3.82269990200        4.00563705800       Residual    22820.1561038      MLUPs    2518.40035774    
