# Threadlevel provided:        3 out of        0        1        2        3
  spat_dim , proc_dim, PBC ? 
           1 -Dim Input          600           1 T
           2 -Dim Input         1200           2 T
           3 -Dim Input         3600           6 T
#   0 Process grid   1   2   6
           0           3           2
           4           3           2
           6           3           2
           8           3           2
          10           3           2
           2           3           2
#   0  Allocated 2 arrays with a total of  3490.68      Mbytes 
           1           3           2
           3           3           2
           5           3           2
           7           3           2
           9           3           2
          11           3           2
# StartResidual    0.00000000000    
  4  Maxtime , Mintime + JacobiMi , JacobiMa    1.95552911600        1.95530937700        1.88168587400        1.88972751200       Residual    20029999.9842      MLUPs    1325.47246614    
  4  Maxtime , Mintime + JacobiMi , JacobiMa    1.94729265900        1.94727864300        1.88136970100        1.88934924600       Residual    3333333.33332      MLUPs    1331.07881243    
  4  Maxtime , Mintime + JacobiMi , JacobiMa    1.94721476500        1.94720917000        1.88127183400        1.88923701900       Residual    709876.542984      MLUPs    1331.13205928    
  4  Maxtime , Mintime + JacobiMi , JacobiMa    1.94721479400        1.94721098900        1.88131351900        1.88921983200       Residual    210905.349752      MLUPs    1331.13203946    
  4  Maxtime , Mintime + JacobiMi , JacobiMa    1.94725465900        1.94724800400        1.88170612300        1.88925263600       Residual    86376.8861455      MLUPs    1331.10478797    
  4  Maxtime , Mintime + JacobiMi , JacobiMa    1.94740135700        1.94739635000        1.88174143500        1.88937383500       Residual    44503.5584977      MLUPs    1331.00451568    
  4  Maxtime , Mintime + JacobiMi , JacobiMa    1.94732875200        1.94732384300        1.88162959200        1.88931461200       Residual    26489.9981411      MLUPs    1331.05414139    
  4  Maxtime , Mintime + JacobiMi , JacobiMa    1.94730459400        1.94729899300        1.88170269700        1.88930302700       Residual    17297.0716500      MLUPs    1331.07065427    
  4  Maxtime , Mintime + JacobiMi , JacobiMa    1.94725977700        1.94724328400        1.88161775800        1.88922182200       Residual    12037.1055057      MLUPs    1331.10128942    
  4  Maxtime , Mintime + JacobiMi , JacobiMa    1.94747584400        1.94746241100        1.88197360800        1.88944055200       Residual    8776.98311687      MLUPs    1330.95360745    
