# Threadlevel provided:        3 out of        0        1        2        3
  spat_dim , proc_dim, PBC ? 
           1 -Dim Input         3600           6 T
           2 -Dim Input          600           1 T
           3 -Dim Input         1200           2 T
#   0 Process grid   6   1   2
           0           3           2
           3           3           2
           4           3           2
           5           3           2
           6           3           2
           7           3           2
           8           3           2
           9           3           2
          10           3           2
          11           3           2
           1           3           2
           2           3           2
#   0  Allocated 2 arrays with a total of  3490.68      Mbytes 
# StartResidual    0.00000000000    
  4  Maxtime , Mintime + JacobiMi , JacobiMa    1.94491484300        1.94487544000        1.88242082500        1.89261584800       Residual    20029999.9842      MLUPs    1332.70616414    
  4  Maxtime , Mintime + JacobiMi , JacobiMa    1.94251598800        1.94250526100        1.88247383800        1.89262768800       Residual    3333333.33331      MLUPs    1334.35195180    
  4  Maxtime , Mintime + JacobiMi , JacobiMa    1.94268632700        1.94267996100        1.88238493700        1.89276348400       Residual    709876.542986      MLUPs    1334.23495290    
  4  Maxtime , Mintime + JacobiMi , JacobiMa    1.94282164800        1.94281627900        1.88248878400        1.89290738700       Residual    210905.349744      MLUPs    1334.14202105    
  4  Maxtime , Mintime + JacobiMi , JacobiMa    1.94243925900        1.94243485100        1.88205371900        1.89251194800       Residual    86376.8861454      MLUPs    1334.40466053    
  4  Maxtime , Mintime + JacobiMi , JacobiMa    1.94271530600        1.94270794400        1.88246422100        1.89278637200       Residual    44503.5584980      MLUPs    1334.21505045    
  4  Maxtime , Mintime + JacobiMi , JacobiMa    1.94240285700        1.94238959200        1.88210458100        1.89247854000       Residual    26489.9981408      MLUPs    1334.42966821    
  4  Maxtime , Mintime + JacobiMi , JacobiMa    1.94279765200        1.94279158900        1.88232756000        1.89286494000       Residual    17297.0716503      MLUPs    1334.15849938    
  4  Maxtime , Mintime + JacobiMi , JacobiMa    1.94239623300        1.94239102900        1.88213641300        1.89257992600       Residual    12037.1055057      MLUPs    1334.43421891    
  4  Maxtime , Mintime + JacobiMi , JacobiMa    1.94265001800        1.94264444100        1.88235589600        1.89273798700       Residual    8776.98311703      MLUPs    1334.25989035    
