# Threadlevel provided:        3 out of        0        1        2        3
  spat_dim , proc_dim, PBC ? 
           1 -Dim Input         3600           6 T
           2 -Dim Input          600           1 T
           3 -Dim Input         1200           2 T
#   0 Process grid   6   1   2
           0           3           2
           2           3           2
           4           3           2
           6           3           2
           8           3           2
          10           3           2
#   0  Allocated 2 arrays with a total of  3490.68      Mbytes 
           1           3           2
           3           3           2
           5           3           2
           7           3           2
           9           3           2
          11           3           2
# StartResidual    0.00000000000    
  4  Maxtime , Mintime + JacobiMi , JacobiMa    1.95423686300        1.95419143000        1.88107861100        1.89325616800       Residual    20029999.9842      MLUPs    1326.34894422    
  4  Maxtime , Mintime + JacobiMi , JacobiMa    1.95259493200        1.95258484800        1.88139278600        1.89384598900       Residual    3333333.33331      MLUPs    1327.46426692    
  4  Maxtime , Mintime + JacobiMi , JacobiMa    1.95195874500        1.95195296700        1.88117612900        1.89332627000       Residual    709876.542986      MLUPs    1327.89691721    
  4  Maxtime , Mintime + JacobiMi , JacobiMa    1.95252517900        1.95252083300        1.88115340500        1.89374233000       Residual    210905.349744      MLUPs    1327.51168993    
  4  Maxtime , Mintime + JacobiMi , JacobiMa    1.95202742800        1.95202262000        1.88125944600        1.89329491700       Residual    86376.8861454      MLUPs    1327.85019453    
  4  Maxtime , Mintime + JacobiMi , JacobiMa    1.95262377900        1.95261920300        1.88141945600        1.89382828600       Residual    44503.5584980      MLUPs    1327.44465569    
  4  Maxtime , Mintime + JacobiMi , JacobiMa    1.95199045500        1.95198581900        1.88123373800        1.89330732400       Residual    26489.9981408      MLUPs    1327.87534558    
  4  Maxtime , Mintime + JacobiMi , JacobiMa    1.95242551000        1.95241977300        1.88136343100        1.89367481000       Residual    17297.0716503      MLUPs    1327.57945782    
  4  Maxtime , Mintime + JacobiMi , JacobiMa    1.95196239500        1.95194739300        1.88121044800        1.89323762100       Residual    12037.1055057      MLUPs    1327.89443415    
  4  Maxtime , Mintime + JacobiMi , JacobiMa    1.95253852900        1.95253030800        1.88124115100        1.89386328300       Residual    8776.98311703      MLUPs    1327.50261339    
