# Threadlevel provided:        3 out of        0        1        2        3
  spat_dim , proc_dim, PBC ? 
           1 -Dim Input          600           1 T
           2 -Dim Input         1800           3 T
           3 -Dim Input         4800           8 T
#   0 Process grid   1   3   8
           3           3           2
           4           3           2
           5           3           2
           6           3           2
           7           3           2
           8           3           2
           9           3           2
          10           3           2
          11           3           2
          12           3           2
          13           3           2
          14           3           2
          15           3           2
          16           3           2
          17           3           2
          18           3           2
          19           3           2
          20           3           2
          21           3           2
          22           3           2
          23           3           2
           0           3           2
#   0  Allocated 2 arrays with a total of  3490.68      Mbytes 
           1           3           2
           2           3           2
# StartResidual    0.00000000000    
  4  Maxtime , Mintime + JacobiMi , JacobiMa    3.06102854100        3.06072200700        2.84886066100        2.96591984300       Residual    35039999.9723      MLUPs    1693.54840393    
  4  Maxtime , Mintime + JacobiMi , JacobiMa    3.05940640700        3.05939845200        2.84813693600        2.96704269600       Residual    5833333.33331      MLUPs    1694.44634362    
  4  Maxtime , Mintime + JacobiMi , JacobiMa    3.05909382400        3.05909036100        2.84877981500        2.96679944400       Residual    1242283.95023      MLUPs    1694.61948481    
  4  Maxtime , Mintime + JacobiMi , JacobiMa    3.05867801700        3.05867429200        2.84809569200        2.96636339300       Residual    369084.362069      MLUPs    1694.84985709    
  4  Maxtime , Mintime + JacobiMi , JacobiMa    3.05933257300        3.05931304500        2.84746155000        2.96697456000       Residual    151159.550754      MLUPs    1694.48723743    
  4  Maxtime , Mintime + JacobiMi , JacobiMa    3.05915461200        3.05914434200        2.84798196400        2.96685901300       Residual    77881.2273696      MLUPs    1694.58581128    
  4  Maxtime , Mintime + JacobiMi , JacobiMa    3.05857496700        3.05856856600        2.84786768500        2.96627249700       Residual    46357.4967466      MLUPs    1694.90696025    
  4  Maxtime , Mintime + JacobiMi , JacobiMa    3.05983046400        3.05981925100        2.84908945900        2.96737550000       Residual    30269.8753876      MLUPs    1694.21151302    
  4  Maxtime , Mintime + JacobiMi , JacobiMa    3.05888676300        3.05888325300        2.84824491100        2.96647985900       Residual    21064.9346353      MLUPs    1694.73419634    
  4  Maxtime , Mintime + JacobiMi , JacobiMa    3.05950670800        3.05950177100        2.85000449300        2.96715028200       Residual    15359.7204542      MLUPs    1694.39079393    
