# Threadlevel provided:        3 out of        0        1        2        3
  spat_dim , proc_dim, PBC ? 
           1 -Dim Input         1200           2 T
           2 -Dim Input         2400           4 T
           3 -Dim Input         1800           3 T
#   0 Process grid   2   4   3
           4           3           2
           7           3           2
           8           3           2
           9           3           2
          10           3           2
          11           3           2
          12           3           2
          13           3           2
          14           3           2
          15           3           2
          16           3           2
          17           3           2
          18           3           2
          19           3           2
          20           3           2
          21           3           2
          22           3           2
          23           3           2
           0           3           2
#   0  Allocated 2 arrays with a total of  3490.68      Mbytes 
           1           3           2
           2           3           2
           3           3           2
           5           3           2
           6           3           2
# StartResidual    0.00000000000    
  4  Maxtime , Mintime + JacobiMi , JacobiMa    3.06630620900        3.06623564300        2.85120668000        2.96964056400       Residual    26029999.9794      MLUPs    1690.63350059    
  4  Maxtime , Mintime + JacobiMi , JacobiMa    3.06506194100        3.06505750200        2.85104301000        2.97127431800       Residual    4333333.33331      MLUPs    1691.31981663    
  4  Maxtime , Mintime + JacobiMi , JacobiMa    3.06476144300        3.06475226600        2.85280115800        2.97070635200       Residual    922839.505892      MLUPs    1691.48564951    
  4  Maxtime , Mintime + JacobiMi , JacobiMa    3.06455849200        3.06453591600        2.85150207000        2.97039395000       Residual    274176.954673      MLUPs    1691.59766848    
  4  Maxtime , Mintime + JacobiMi , JacobiMa    3.06356589500        3.06356201600        2.84988935600        2.96944094900       Residual    112289.951988      MLUPs    1692.14574704    
  4  Maxtime , Mintime + JacobiMi , JacobiMa    3.06275019500        3.06274182700        2.84976590900        2.96859011800       Residual    57854.6260461      MLUPs    1692.59641497    
  4  Maxtime , Mintime + JacobiMi , JacobiMa    3.06344536000        3.06344248300        2.85199444300        2.96958581800       Residual    34436.9975830      MLUPs    1692.21232658    
  4  Maxtime , Mintime + JacobiMi , JacobiMa    3.06263852600        3.06262844400        2.85184230700        2.96852247300       Residual    22486.1931453      MLUPs    1692.65812991    
  4  Maxtime , Mintime + JacobiMi , JacobiMa    3.06339029200        3.06338113100        2.85213296800        2.96960127500       Residual    15648.2371577      MLUPs    1692.24274606    
  4  Maxtime , Mintime + JacobiMi , JacobiMa    3.06339065100        3.06338793600        2.85455407000        2.96912351200       Residual    11410.0780517      MLUPs    1692.24254775    
