# Threadlevel provided:        3 out of        0        1        2        3
  spat_dim , proc_dim, PBC ? 
           1 -Dim Input          600           1 T
           2 -Dim Input          600           1 T
           3 -Dim Input         2400           4 T
#   0 Process grid   1   1   4
           0           3           2
           3           3           2
           1           3           2
           2           3           2
#   0  Allocated 2 arrays with a total of  3490.68      Mbytes 
# StartResidual    0.00000000000    
  4  Maxtime , Mintime + JacobiMi , JacobiMa    1.93140437800        1.93140041500        1.88240397600        1.88313642900       Residual    9019999.99294      MLUPs    447.342881606    
  4  Maxtime , Mintime + JacobiMi , JacobiMa    1.92964409100        1.92964349100        1.88232299200        1.88315088000       Residual    1500000.00000      MLUPs    447.750963004    
  4  Maxtime , Mintime + JacobiMi , JacobiMa    1.92941528100        1.92941404200        1.88229833000        1.88303724900       Residual    319444.444326      MLUPs    447.804061940    
  4  Maxtime , Mintime + JacobiMi , JacobiMa    1.92954658300        1.92954591000        1.88235139400        1.88313152800       Residual    94907.4073866      MLUPs    447.773589719    
  4  Maxtime , Mintime + JacobiMi , JacobiMa    1.92923851900        1.92923713500        1.88208438900        1.88285604400       Residual    38869.5987667      MLUPs    447.845090947    
  4  Maxtime , Mintime + JacobiMi , JacobiMa    1.92966124700        1.92965992000        1.88232808500        1.88329635600       Residual    20026.6013253      MLUPs    447.746982194    
  4  Maxtime , Mintime + JacobiMi , JacobiMa    1.92932202100        1.92932085200        1.88211557200        1.88292633200       Residual    11920.4991638      MLUPs    447.825707993    
  4  Maxtime , Mintime + JacobiMi , JacobiMa    1.92941519500        1.92941447100        1.88237120100        1.88308104400       Residual    7783.68224239      MLUPs    447.804081900    
  4  Maxtime , Mintime + JacobiMi , JacobiMa    1.92943888100        1.92943795600        1.88221237600        1.88301687500       Residual    5416.69747709      MLUPs    447.798584608    
  4  Maxtime , Mintime + JacobiMi , JacobiMa    1.92961845600        1.92961745400        1.88240483300        1.88305899200       Residual    3949.64240274      MLUPs    447.756911380    
