# Threadlevel provided:        3 out of        0        1        2        3
  spat_dim , proc_dim, PBC ? 
           1 -Dim Input         9600          16 T
           2 -Dim Input         1800           3 T
           3 -Dim Input          600           1 T
#   0 Process grid  16   3   1
          12           3           2
          14           3           2
          16           3           2
          18           3           2
          20           3           2
          22           3           2
          24           3           2
          26           3           2
          28           3           2
          30           3           2
          32           3           2
          34           3           2
          36           3           2
          38           3           2
          40           3           2
          42           3           2
          44           3           2
          46           3           2
           0           3           2
           2           3           2
           4           3           2
           6           3           2
           8           3           2
          10           3           2
#   0  Allocated 2 arrays with a total of  3490.68      Mbytes 
           1           3           2
           3           3           2
           5           3           2
           7           3           2
           9           3           2
          11           3           2
          13           3           2
          15           3           2
          17           3           2
          19           3           2
          21           3           2
          23           3           2
          25           3           2
          27           3           2
          29           3           2
          31           3           2
          33           3           2
          35           3           2
          37           3           2
          39           3           2
          41           3           2
          43           3           2
          45           3           2
          47           3           2
# StartResidual    0.00000000000    
  4  Maxtime , Mintime + JacobiMi , JacobiMa    2.00176234700        2.00055468500        1.88364938700        1.92066011100       Residual    67066666.6135      MLUPs    5179.43601824    
  4  Maxtime , Mintime + JacobiMi , JacobiMa    1.97576568600        1.97557092400        1.88303538100        1.92235444000       Residual    11166666.6666      MLUPs    5247.58582127    
  4  Maxtime , Mintime + JacobiMi , JacobiMa    1.98060621200        1.98059944600        1.88243278700        1.92777525100       Residual    2378086.41902      MLUPs    5234.76092177    
  4  Maxtime , Mintime + JacobiMi , JacobiMa    1.97534990100        1.97533742100        1.88328165400        1.91971538500       Residual    706532.921637      MLUPs    5248.69036860    
  4  Maxtime , Mintime + JacobiMi , JacobiMa    1.97184523800        1.97183785400        1.88311089300        1.91914961600       Residual    289362.568584      MLUPs    5258.01913872    
  4  Maxtime , Mintime + JacobiMi , JacobiMa    1.98009148500        1.98007671900        1.88317856000        1.92121381400       Residual    149086.920966      MLUPs    5236.12170374    
  4  Maxtime , Mintime + JacobiMi , JacobiMa    1.97267226700        1.97266288200        1.88357087900        1.91949255700       Residual    88741.4937712      MLUPs    5255.81475111    
  4  Maxtime , Mintime + JacobiMi , JacobiMa    1.97167455100        1.97165636500        1.88269836900        1.91926668700       Residual    57945.1900286      MLUPs    5258.47432313    
  4  Maxtime , Mintime + JacobiMi , JacobiMa    1.97518418800        1.97517475500        1.88384256200        1.92267224100       Residual    40324.3034448      MLUPs    5249.13072056    
  4  Maxtime , Mintime + JacobiMi , JacobiMa    1.97208298100        1.97206645800        1.88247615800        1.91957578200       Residual    29402.8934415      MLUPs    5257.38526213    
