# Threadlevel provided:        3 out of        0        1        2        3
  spat_dim , proc_dim, PBC ? 
           1 -Dim Input         9600          16 T
           2 -Dim Input         1800           3 T
           3 -Dim Input          600           1 T
#   0 Process grid  16   3   1
          14           3           2
          18           3           2
          20           3           2
          22           3           2
          28           3           2
          30           3           2
          32           3           2
          34           3           2
          36           3           2
          38           3           2
          40           3           2
          42           3           2
          44           3           2
           0           3           2
#   0  Allocated 2 arrays with a total of  3490.68      Mbytes 
           2           3           2
           4           3           2
           6           3           2
           8           3           2
          10           3           2
          12           3           2
          16           3           2
          26           3           2
          46           3           2
          24           3           2
           1           3           2
           3           3           2
           5           3           2
           7           3           2
           9           3           2
          11           3           2
          13           3           2
          15           3           2
          17           3           2
          19           3           2
          21           3           2
          23           3           2
          25           3           2
          27           3           2
          29           3           2
          31           3           2
          33           3           2
          37           3           2
          39           3           2
          41           3           2
          43           3           2
          45           3           2
          47           3           2
          35           3           2
# StartResidual    0.00000000000    
  4  Maxtime , Mintime + JacobiMi , JacobiMa    2.00388977900        2.00263719400        1.88184483200        1.92268401800       Residual    67066666.6135      MLUPs    5173.93726374    
  4  Maxtime , Mintime + JacobiMi , JacobiMa    1.96746515800        1.96743970800        1.88315591200        1.91390880900       Residual    11166666.6666      MLUPs    5269.72483240    
  4  Maxtime , Mintime + JacobiMi , JacobiMa    1.97003230400        1.97002194500        1.88471446100        1.91722248700       Residual    2378086.41902      MLUPs    5262.85786225    
  4  Maxtime , Mintime + JacobiMi , JacobiMa    1.96874750000        1.96873098200        1.88496120700        1.91566171500       Residual    706532.921637      MLUPs    5266.29240164    
  4  Maxtime , Mintime + JacobiMi , JacobiMa    1.97032925500        1.97031307100        1.88541650100        1.91611489500       Residual    289362.568584      MLUPs    5262.06468979    
  4  Maxtime , Mintime + JacobiMi , JacobiMa    1.96887104000        1.96886256100        1.88587315300        1.91591013100       Residual    149086.920966      MLUPs    5265.96195960    
  4  Maxtime , Mintime + JacobiMi , JacobiMa    1.97728970500        1.97727856000        1.88581817400        1.92543017400       Residual    88741.4937712      MLUPs    5243.54118356    
  4  Maxtime , Mintime + JacobiMi , JacobiMa    1.97080418200        1.97077786300        1.88497719600        1.91672694500       Residual    57945.1900286      MLUPs    5260.79663048    
  4  Maxtime , Mintime + JacobiMi , JacobiMa    1.97214939300        1.97213271500        1.88610469900        1.91970298400       Residual    40324.3034448      MLUPs    5257.20822003    
  4  Maxtime , Mintime + JacobiMi , JacobiMa    1.96999278300        1.96998712900        1.88501096000        1.91707771900       Residual    29402.8934415      MLUPs    5262.96344305    
