# Threadlevel provided:        3 out of        0        1        2        3
  spat_dim , proc_dim, PBC ? 
           1 -Dim Input         3600           6 T
           2 -Dim Input          600           1 T
           3 -Dim Input         1200           2 T
#   0 Process grid   6   1   2
           0           3           2
           1           3           2
           2           3           2
           3           3           2
           4           3           2
           5           3           2
           6           3           2
           7           3           2
           8           3           2
           9           3           2
          10           3           2
          11           3           2
#   0  Allocated 2 arrays with a total of  3490.68      Mbytes 
# StartResidual    0.00000000000    
  4  Maxtime , Mintime + JacobiMi , JacobiMa    1.96023865600        1.95896163300        1.89529783100        1.90204501900       Residual    20029999.9842      MLUPs    1322.28797349    
  4  Maxtime , Mintime + JacobiMi , JacobiMa    1.95657799200        1.95657391100        1.89522921800        1.90201868700       Residual    3333333.33331      MLUPs    1324.76191115    
  4  Maxtime , Mintime + JacobiMi , JacobiMa    1.95666585100        1.95666276800        1.89533950400        1.90219349300       Residual    709876.542986      MLUPs    1324.70242616    
  4  Maxtime , Mintime + JacobiMi , JacobiMa    1.95624273800        1.95623942900        1.89493900900        1.90176758200       Residual    210905.349744      MLUPs    1324.98894419    
  4  Maxtime , Mintime + JacobiMi , JacobiMa    1.95681804600        1.95681607600        1.89544798600        1.90226166400       Residual    86376.8861454      MLUPs    1324.59939507    
  4  Maxtime , Mintime + JacobiMi , JacobiMa    1.95629885300        1.95629128800        1.89495927500        1.90185903700       Residual    44503.5584980      MLUPs    1324.95093785    
  4  Maxtime , Mintime + JacobiMi , JacobiMa    1.95679529100        1.95679242600        1.89545325700        1.90231581000       Residual    26489.9981408      MLUPs    1324.61479845    
  4  Maxtime , Mintime + JacobiMi , JacobiMa    1.95680266700        1.95679889000        1.89520437300        1.90247558700       Residual    17297.0716503      MLUPs    1324.60980543    
  4  Maxtime , Mintime + JacobiMi , JacobiMa    1.95643655600        1.95643420400        1.89514409100        1.90193375500       Residual    12037.1055057      MLUPs    1324.85768171    
  4  Maxtime , Mintime + JacobiMi , JacobiMa    1.95704163300        1.95703713300        1.89549550100        1.90268003300       Residual    8776.98311703      MLUPs    1324.44806298    
