# Threadlevel provided:        3 out of        0        1        2        3
  spat_dim , proc_dim, PBC ? 
           1 -Dim Input          600           1 T
           2 -Dim Input         1200           2 T
           3 -Dim Input         3600           6 T
#   0 Process grid   1   2   6
           0           3           2
           1           3           2
           2           3           2
           3           3           2
           4           3           2
           5           3           2
           6           3           2
           7           3           2
           8           3           2
           9           3           2
          10           3           2
          11           3           2
#   0  Allocated 2 arrays with a total of  3490.68      Mbytes 
# StartResidual    0.00000000000    
  4  Maxtime , Mintime + JacobiMi , JacobiMa    1.94369925100        1.94254886500        1.88238380300        1.88872380600       Residual    20029999.9842      MLUPs    1333.53964028    
  4  Maxtime , Mintime + JacobiMi , JacobiMa    1.93895985200        1.93894746100        1.88232514600        1.88924803800       Residual    3333333.33332      MLUPs    1336.79921084    
  4  Maxtime , Mintime + JacobiMi , JacobiMa    1.93837643100        1.93837181000        1.88203353500        1.88849928000       Residual    709876.542984      MLUPs    1337.20156650    
  4  Maxtime , Mintime + JacobiMi , JacobiMa    1.93890717400        1.93890028700        1.88220817400        1.88921257700       Residual    210905.349752      MLUPs    1336.83553022    
  4  Maxtime , Mintime + JacobiMi , JacobiMa    1.93854131400        1.93852514100        1.88205792600        1.88883146000       Residual    86376.8861455      MLUPs    1337.08783057    
  4  Maxtime , Mintime + JacobiMi , JacobiMa    1.93882677500        1.93881191100        1.88216678300        1.88911916900       Residual    44503.5584977      MLUPs    1336.89096593    
  4  Maxtime , Mintime + JacobiMi , JacobiMa    1.93842559200        1.93841835600        1.88251568700        1.88873708400       Residual    26489.9981411      MLUPs    1337.16765333    
  4  Maxtime , Mintime + JacobiMi , JacobiMa    1.94023161600        1.93900492200        1.88228595400        1.88931650400       Residual    17297.0716500      MLUPs    1335.92297880    
  4  Maxtime , Mintime + JacobiMi , JacobiMa    1.93841017300        1.93839808400        1.88202281700        1.88874650900       Residual    12037.1055057      MLUPs    1337.17828977    
  4  Maxtime , Mintime + JacobiMi , JacobiMa    1.93901403800        1.93900952200        1.88211873300        1.88926678100       Residual    8776.98311687      MLUPs    1336.76185381    
