# Threadlevel provided:        3 out of        0        1        2        3
  spat_dim , proc_dim, PBC ? 
           1 -Dim Input          600           1 T
           2 -Dim Input         2400           4 T
           3 -Dim Input         1800           3 T
#   0 Process grid   1   4   3
           6           3           2
           7           3           2
           8           3           2
           9           3           2
          10           3           2
          11           3           2
           0           3           2
#   0  Allocated 2 arrays with a total of  3490.68      Mbytes 
           1           3           2
           2           3           2
           3           3           2
           4           3           2
           5           3           2
# StartResidual    0.00000000000    
  4  Maxtime , Mintime + JacobiMi , JacobiMa    2.88949722500        2.88920806000        2.72872230300        2.80124417400       Residual    19026666.6516      MLUPs    897.041872051    
  4  Maxtime , Mintime + JacobiMi , JacobiMa    2.88799815600        2.88799306100        2.72828754400        2.80214386100       Residual    3166666.66665      MLUPs    897.507498270    
  4  Maxtime , Mintime + JacobiMi , JacobiMa    2.88717674700        2.88716567100        2.72818992000        2.80129506800       Residual    674382.715835      MLUPs    897.762841396    
  4  Maxtime , Mintime + JacobiMi , JacobiMa    2.88739711600        2.88739223400        2.72792835300        2.80166152400       Residual    200360.082265      MLUPs    897.694323249    
  4  Maxtime , Mintime + JacobiMi , JacobiMa    2.88848802200        2.88847192000        2.72719877400        2.80274539500       Residual    82058.0418383      MLUPs    897.355287700    
  4  Maxtime , Mintime + JacobiMi , JacobiMa    2.88903680900        2.88902116100        2.72831949000        2.80320077900       Residual    42278.3805727      MLUPs    897.184830572    
  4  Maxtime , Mintime + JacobiMi , JacobiMa    2.88890785200        2.88890329900        2.72874985400        2.80325084500       Residual    25165.4982340      MLUPs    897.224879709    
  4  Maxtime , Mintime + JacobiMi , JacobiMa    2.88751349600        2.88750431000        2.72829414700        2.80172412800       Residual    16432.2180675      MLUPs    897.658142063    
  4  Maxtime , Mintime + JacobiMi , JacobiMa    2.88773820300        2.88773284400        2.72820077400        2.80200433100       Residual    11435.2502304      MLUPs    897.588291524    
  4  Maxtime , Mintime + JacobiMi , JacobiMa    2.88875019000        2.88874508200        2.72802008400        2.80305613400       Residual    8338.13396099      MLUPs    897.273848384    
