# Threadlevel provided:        3 out of        0        1        2        3
  spat_dim , proc_dim, PBC ? 
           1 -Dim Input         1800           3 T
           2 -Dim Input         1200           2 T
           3 -Dim Input         1200           2 T
#   0 Process grid   3   2   2
           0           3           2
           3           3           2
           4           3           2
           5           3           2
           6           3           2
           7           3           2
           8           3           2
           9           3           2
          10           3           2
          11           3           2
#   0  Allocated 2 arrays with a total of  3490.68      Mbytes 
           1           3           2
           2           3           2
# StartResidual    0.00000000000    
  4  Maxtime , Mintime + JacobiMi , JacobiMa    3.06813925600        3.06807969800        2.95194650600        2.97315662400       Residual    16023333.3207      MLUPs    844.811719328    
  4  Maxtime , Mintime + JacobiMi , JacobiMa    3.06701873500        3.06701415400        2.95419181000        2.97439028100       Residual    2666666.66665      MLUPs    845.120367352    
  4  Maxtime , Mintime + JacobiMi , JacobiMa    3.06645442400        3.06645066000        2.95403405500        2.97391369600       Residual    567901.234394      MLUPs    845.275892481    
  4  Maxtime , Mintime + JacobiMi , JacobiMa    3.06625142700        3.06624156200        2.95336914500        2.97361538300       Residual    168724.279797      MLUPs    845.331852821    
  4  Maxtime , Mintime + JacobiMi , JacobiMa    3.06702641600        3.06701163200        2.95488220700        2.97432843100       Residual    69101.5089160      MLUPs    845.118250850    
  4  Maxtime , Mintime + JacobiMi , JacobiMa    3.06648735900        3.06648388400        2.95383517500        2.97375931300       Residual    35602.8467980      MLUPs    845.266813963    
  4  Maxtime , Mintime + JacobiMi , JacobiMa    3.06625726800        3.06624766800        2.95371267700        2.97367832900       Residual    21191.9985126      MLUPs    845.330242524    
  4  Maxtime , Mintime + JacobiMi , JacobiMa    3.06723605700        3.06722723100        2.95485489300        2.97458164500       Residual    13837.6573202      MLUPs    845.060488281    
  4  Maxtime , Mintime + JacobiMi , JacobiMa    3.06700389500        3.06699439200        2.95423868000        2.97424848800       Residual    9629.68440473      MLUPs    845.124456550    
  4  Maxtime , Mintime + JacobiMi , JacobiMa    3.06842601400        3.06842117500        2.95544780700        2.97570361000       Residual    7021.58649346      MLUPs    844.732767932    
