# Threadlevel provided:        3 out of        0        1        2        3
  spat_dim , proc_dim, PBC ? 
           1 -Dim Input         1800           3 T
           2 -Dim Input         1200           2 T
           3 -Dim Input         1200           2 T
#   0 Process grid   3   2   2
           0           3           2
           6           3           2
           7           3           2
           8           3           2
           9           3           2
          10           3           2
          11           3           2
#   0  Allocated 2 arrays with a total of  3490.68      Mbytes 
           1           3           2
           2           3           2
           3           3           2
           4           3           2
           5           3           2
# StartResidual    0.00000000000    
  4  Maxtime , Mintime + JacobiMi , JacobiMa    3.06527441900        3.06521698000        2.95540521400        2.96991431500       Residual    16023333.3207      MLUPs    845.601289051    
  4  Maxtime , Mintime + JacobiMi , JacobiMa    3.06393815600        3.06393078400        2.95613604700        2.97106463300       Residual    2666666.66665      MLUPs    845.970077733    
  4  Maxtime , Mintime + JacobiMi , JacobiMa    3.06296432400        3.06296192500        2.95572040000        2.97014402800       Residual    567901.234394      MLUPs    846.239043560    
  4  Maxtime , Mintime + JacobiMi , JacobiMa    3.06341119100        3.06339785700        2.95600710900        2.97051936200       Residual    168724.279797      MLUPs    846.115600679    
  4  Maxtime , Mintime + JacobiMi , JacobiMa    3.06459637400        3.06459339000        2.95707740600        2.97160703900       Residual    69101.5089160      MLUPs    845.788379178    
  4  Maxtime , Mintime + JacobiMi , JacobiMa    3.06368041200        3.06366842100        2.95611690200        2.97076632600       Residual    35602.8467980      MLUPs    846.041248248    
  4  Maxtime , Mintime + JacobiMi , JacobiMa    3.06360785600        3.06360556500        2.95605109800        2.97077324000       Residual    21191.9985126      MLUPs    846.061285201    
  4  Maxtime , Mintime + JacobiMi , JacobiMa    3.06384610500        3.06383602600        2.95606565200        2.97093691200       Residual    13837.6573202      MLUPs    845.995494281    
  4  Maxtime , Mintime + JacobiMi , JacobiMa    3.06473720200        3.06472425200        2.95711750100        2.97182510500       Residual    9629.68440473      MLUPs    845.749514284    
  4  Maxtime , Mintime + JacobiMi , JacobiMa    3.06495034800        3.06494622600        2.95689729400        2.97202376700       Residual    7021.58649346      MLUPs    845.690698282    
