# Threadlevel provided:        3 out of        0        1        2        3
  spat_dim , proc_dim, PBC ? 
           1 -Dim Input         1800           3 T
           2 -Dim Input          600           1 T
           3 -Dim Input         2400           4 T
#   0 Process grid   3   1   4
           0           3           2
           4           3           2
           5           3           2
           6           3           2
           7           3           2
           8           3           2
           9           3           2
          10           3           2
          11           3           2
#   0  Allocated 2 arrays with a total of  3490.68      Mbytes 
           1           3           2
           2           3           2
           3           3           2
# StartResidual    0.00000000000    
  4  Maxtime , Mintime + JacobiMi , JacobiMa    3.08373703600        3.08354183100        2.95646149100        2.98961099100       Residual    19026666.6516      MLUPs    840.538596430    
  4  Maxtime , Mintime + JacobiMi , JacobiMa    3.08211272700        3.08210473000        2.95670115400        2.99080185200       Residual    3166666.66665      MLUPs    840.981569977    
  4  Maxtime , Mintime + JacobiMi , JacobiMa    3.08276359100        3.08276089600        2.95719643000        2.99146067300       Residual    674382.715838      MLUPs    840.804013505    
  4  Maxtime , Mintime + JacobiMi , JacobiMa    3.08078572800        3.08077685900        2.95597646600        2.98961381700       Residual    200360.082259      MLUPs    841.343809289    
  4  Maxtime , Mintime + JacobiMi , JacobiMa    3.08119347300        3.08118402500        2.95666715900        2.98986876400       Residual    82058.0418382      MLUPs    841.232471350    
  4  Maxtime , Mintime + JacobiMi , JacobiMa    3.08089262700        3.08086847400        2.95628027800        2.98957310500       Residual    42278.3805730      MLUPs    841.314616837    
  4  Maxtime , Mintime + JacobiMi , JacobiMa    3.08139155900        3.08138282100        2.95677318200        2.99004089700       Residual    25165.4982338      MLUPs    841.178393064    
  4  Maxtime , Mintime + JacobiMi , JacobiMa    3.08169053800        3.08168776900        2.95688787000        2.99047904100       Residual    16432.2180677      MLUPs    841.096783742    
  4  Maxtime , Mintime + JacobiMi , JacobiMa    3.08133585000        3.08133229400        2.95647466700        2.99005498700       Residual    11435.2502304      MLUPs    841.193601145    
  4  Maxtime , Mintime + JacobiMi , JacobiMa    3.08294427900        3.08294189100        2.95665482100        2.99163721800       Residual    8338.13396110      MLUPs    840.754734899    
