# Threadlevel provided:        3 out of        0        1        2        3
  spat_dim , proc_dim, PBC ? 
           1 -Dim Input         1800           3 T
           2 -Dim Input          600           1 T
           3 -Dim Input         2400           4 T
#   0 Process grid   3   1   4
           0           3           2
           3           3           2
           4           3           2
           5           3           2
           6           3           2
           7           3           2
           8           3           2
           9           3           2
          10           3           2
          11           3           2
#   0  Allocated 2 arrays with a total of  3490.68      Mbytes 
           1           3           2
           2           3           2
# StartResidual    0.00000000000    
  4  Maxtime , Mintime + JacobiMi , JacobiMa    3.05995440400        3.05964851200        2.95743899100        2.96482876400       Residual    19026666.6516      MLUPs    847.071445448    
  4  Maxtime , Mintime + JacobiMi , JacobiMa    3.05753765800        3.05753537900        2.95757466800        2.96499281700       Residual    3166666.66665      MLUPs    847.740989622    
  4  Maxtime , Mintime + JacobiMi , JacobiMa    3.05728799000        3.05728503400        2.95690071400        2.96474785900       Residual    674382.715838      MLUPs    847.810218886    
  4  Maxtime , Mintime + JacobiMi , JacobiMa    3.05712099200        3.05711731800        2.95690883800        2.96479237800       Residual    200360.082259      MLUPs    847.856531286    
  4  Maxtime , Mintime + JacobiMi , JacobiMa    3.05712874400        3.05712533700        2.95665606300        2.96464195000       Residual    82058.0418382      MLUPs    847.854381366    
  4  Maxtime , Mintime + JacobiMi , JacobiMa    3.05830674700        3.05829536300        2.95813988000        2.96581073600       Residual    42278.3805730      MLUPs    847.527803593    
  4  Maxtime , Mintime + JacobiMi , JacobiMa    3.05716579700        3.05715508000        2.95733520900        2.96474872400       Residual    25165.4982338      MLUPs    847.844105329    
  4  Maxtime , Mintime + JacobiMi , JacobiMa    3.05798257200        3.05797962800        2.95794579300        2.96554444300       Residual    16432.2180677      MLUPs    847.617649536    
  4  Maxtime , Mintime + JacobiMi , JacobiMa    3.05775401400        3.05775081000        2.95710928900        2.96535145900       Residual    11435.2502304      MLUPs    847.681006429    
  4  Maxtime , Mintime + JacobiMi , JacobiMa    3.06082387900        3.06081587900        2.95681005900        2.96853794800       Residual    8338.13396110      MLUPs    846.830821526    
