# Threadlevel provided:        3 out of        0        1        2        3
  spat_dim , proc_dim, PBC ? 
           1 -Dim Input          600           1 T
           2 -Dim Input          600           1 T
           3 -Dim Input         4800           8 T
#   0 Process grid   1   1   8
           0           3           2
           3           3           2
           4           3           2
           5           3           2
           6           3           2
           7           3           2
           1           3           2
           2           3           2
#   0  Allocated 2 arrays with a total of  3490.68      Mbytes 
# StartResidual    0.00000000000    
  4  Maxtime , Mintime + JacobiMi , JacobiMa    1.93569485100        1.93568671800        1.88283032500        1.88373826200       Residual    17033333.3200      MLUPs    892.702689738    
  4  Maxtime , Mintime + JacobiMi , JacobiMa    1.93374724300        1.93374569900        1.88309485500        1.88412497200       Residual    2833333.33332      MLUPs    893.601791162    
  4  Maxtime , Mintime + JacobiMi , JacobiMa    1.93314107500        1.93313870500        1.88298939700        1.88367349000       Residual    603395.061508      MLUPs    893.881994619    
  4  Maxtime , Mintime + JacobiMi , JacobiMa    1.93347906000        1.93347674900        1.88311060200        1.88405490100       Residual    179269.547286      MLUPs    893.725738100    
  4  Maxtime , Mintime + JacobiMi , JacobiMa    1.93311931500        1.93311730900        1.88278704600        1.88362241900       Residual    73420.3532249      MLUPs    893.892056528    
  4  Maxtime , Mintime + JacobiMi , JacobiMa    1.93330958700        1.93330772800        1.88304275500        1.88387885700       Residual    37828.0247253      MLUPs    893.804081674    
  4  Maxtime , Mintime + JacobiMi , JacobiMa    1.93336349500        1.93336163800        1.88286808000        1.88381893100       Residual    22516.4984204      MLUPs    893.779159723    
  4  Maxtime , Mintime + JacobiMi , JacobiMa    1.93332530800        1.93332266200        1.88308459200        1.88394397200       Residual    14702.5109025      MLUPs    893.796813630    
  4  Maxtime , Mintime + JacobiMi , JacobiMa    1.93306993200        1.93306757900        1.88281038300        1.88352598100       Residual    10231.5396791      MLUPs    893.914892263    
  4  Maxtime , Mintime + JacobiMi , JacobiMa    1.93332314500        1.93332196100        1.88303405700        1.88388627100       Residual    7460.43564966      MLUPs    893.797813609    
