# Threadlevel provided:        3 out of        0        1        2        3
  spat_dim , proc_dim, PBC ? 
           1 -Dim Input         2400           4 T
           2 -Dim Input         2400           4 T
           3 -Dim Input         1800           3 T
#   0 Process grid   4   4   3
          15           3           2
          17           3           2
          18           3           2
          19           3           2
          23           3           2
          24           3           2
          25           3           2
          26           3           2
          27           3           2
          28           3           2
          31           3           2
          32           3           2
          33           3           2
          34           3           2
          35           3           2
          38           3           2
          39           3           2
          40           3           2
          41           3           2
          42           3           2
          43           3           2
          44           3           2
          46           3           2
          47           3           2
           0           3           2
#   0  Allocated 2 arrays with a total of  3490.68      Mbytes 
           1           3           2
           2           3           2
           3           3           2
           4           3           2
           6           3           2
           7           3           2
           8           3           2
           9           3           2
          10           3           2
          11           3           2
          12           3           2
          14           3           2
          22           3           2
          20           3           2
          30           3           2
          16           3           2
           5           3           2
          13           3           2
          21           3           2
          29           3           2
          36           3           2
          37           3           2
          45           3           2
# StartResidual    0.00000000000    
  4  Maxtime , Mintime + JacobiMi , JacobiMa    4.90130950500        4.89563363700        3.05573141600        4.76707567800       Residual    40036666.6349      MLUPs    2115.35304788    
  4  Maxtime , Mintime + JacobiMi , JacobiMa    4.14017398700        4.14015959100        3.82191778500        4.00374906800       Residual    6666666.66664      MLUPs    2504.24258318    
  4  Maxtime , Mintime + JacobiMi , JacobiMa    4.12848116300        4.12845994200        3.82191862800        3.98890868700       Residual    1419753.08599      MLUPs    2511.33518373    
  4  Maxtime , Mintime + JacobiMi , JacobiMa    4.12243867900        4.12242747200        3.82393369900        3.98794004900       Residual    421810.699490      MLUPs    2515.01618516    
  4  Maxtime , Mintime + JacobiMi , JacobiMa    4.12781122900        4.12780124900        3.82152258900        3.99439513600       Residual    172753.772289      MLUPs    2511.74276749    
  4  Maxtime , Mintime + JacobiMi , JacobiMa    4.13070684200        4.13067813900        3.82175072100        3.99145998400       Residual    89007.1169946      MLUPs    2509.98204341    
  4  Maxtime , Mintime + JacobiMi , JacobiMa    4.12868167100        4.12866789600        3.82256270000        3.98862933700       Residual    52979.9962815      MLUPs    2511.21322160    
  4  Maxtime , Mintime + JacobiMi , JacobiMa    4.13464102700        4.13462431700        3.82300239900        3.99196737100       Residual    34594.1433006      MLUPs    2507.59375053    
  4  Maxtime , Mintime + JacobiMi , JacobiMa    4.15481712600        4.15480728900        3.82310964700        4.01845650900       Residual    24074.2110118      MLUPs    2495.41668997    
  4  Maxtime , Mintime + JacobiMi , JacobiMa    4.15507903900        4.15506420300        3.82490366800        4.01900745800       Residual    17553.9662335      MLUPs    2495.25939283    
