# Threadlevel provided:        3 out of        0        1        2        3
  spat_dim , proc_dim, PBC ? 
           1 -Dim Input         2400           4 T
           2 -Dim Input         2400           4 T
           3 -Dim Input         1800           3 T
#   0 Process grid   4   4   3
           4           3           2
           6           3           2
           7           3           2
           9           3           2
          10           3           2
          11           3           2
          12           3           2
          14           3           2
          15           3           2
          16           3           2
          17           3           2
          18           3           2
          19           3           2
          20           3           2
          23           3           2
          25           3           2
          26           3           2
          28           3           2
          30           3           2
          31           3           2
          32           3           2
          33           3           2
          34           3           2
          35           3           2
          36           3           2
          38           3           2
          39           3           2
          41           3           2
          42           3           2
          43           3           2
          44           3           2
          46           3           2
          47           3           2
           0           3           2
#   0  Allocated 2 arrays with a total of  3490.68      Mbytes 
           1           3           2
           2           3           2
           3           3           2
          22           3           2
          27           3           2
           5           3           2
          13           3           2
          21           3           2
          29           3           2
          37           3           2
          40           3           2
          45           3           2
           8           3           2
          24           3           2
# StartResidual    0.00000000000    
  4  Maxtime , Mintime + JacobiMi , JacobiMa    4.11814112600        4.11769427700        3.81817141500        3.99626522100       Residual    40036666.6349      MLUPs    2517.64077111    
  4  Maxtime , Mintime + JacobiMi , JacobiMa    4.11571650400        4.11569350600        3.81832775700        3.99739024900       Residual    6666666.66664      MLUPs    2519.12394596    
  4  Maxtime , Mintime + JacobiMi , JacobiMa    4.11590117900        4.11588656700        3.81818466100        3.99732111300       Residual    1419753.08599      MLUPs    2519.01091622    
  4  Maxtime , Mintime + JacobiMi , JacobiMa    4.11480309200        4.11479013800        3.81894015400        3.99640807500       Residual    421810.699490      MLUPs    2519.68314599    
  4  Maxtime , Mintime + JacobiMi , JacobiMa    4.11543634000        4.11541971300        3.81872681100        3.99728270600       Residual    172753.772289      MLUPs    2519.29543879    
  4  Maxtime , Mintime + JacobiMi , JacobiMa    4.11605358500        4.11603593000        3.81803133900        3.99796938100       Residual    89007.1169946      MLUPs    2518.91764427    
  4  Maxtime , Mintime + JacobiMi , JacobiMa    4.11548819200        4.11547853100        3.81845970900        3.99706488900       Residual    52979.9962815      MLUPs    2519.26369760    
  4  Maxtime , Mintime + JacobiMi , JacobiMa    4.11575626400        4.11572503100        3.81959759300        3.99745665800       Residual    34594.1433006      MLUPs    2519.09961012    
  4  Maxtime , Mintime + JacobiMi , JacobiMa    4.11655771600        4.11654282800        3.81872714200        3.99821133900       Residual    24074.2110118      MLUPs    2518.60916700    
  4  Maxtime , Mintime + JacobiMi , JacobiMa    4.11532199100        4.11531018500        3.81989252200        3.99712301400       Residual    17553.9662335      MLUPs    2519.36544034    
