# Threadlevel provided:        3 out of        0        1        2        3
  spat_dim , proc_dim, PBC ? 
           1 -Dim Input         1800           3 T
           2 -Dim Input         2400           4 T
           3 -Dim Input         1200           2 T
#   0 Process grid   3   4   2
           8           3           2
          11           3           2
          12           3           2
          13           3           2
          14           3           2
          15           3           2
          16           3           2
          17           3           2
          18           3           2
          19           3           2
          20           3           2
          21           3           2
          22           3           2
          23           3           2
           0           3           2
#   0  Allocated 2 arrays with a total of  3490.68      Mbytes 
           1           3           2
           2           3           2
           3           3           2
           4           3           2
           5           3           2
           6           3           2
           7           3           2
           9           3           2
          10           3           2
# StartResidual    0.00000000000    
  4  Maxtime , Mintime + JacobiMi , JacobiMa    3.06434217000        3.06400377400        2.85050471000        2.96639649300       Residual    26029999.9794      MLUPs    1691.71708393    
  4  Maxtime , Mintime + JacobiMi , JacobiMa    3.06169432100        3.06169100800        2.84989359900        2.96614327000       Residual    4333333.33331      MLUPs    1693.18013377    
  4  Maxtime , Mintime + JacobiMi , JacobiMa    3.06135272500        3.06134948400        2.85126996300        2.96577858600       Residual    922839.505891      MLUPs    1693.36906449    
  4  Maxtime , Mintime + JacobiMi , JacobiMa    3.06201493800        3.06201039300        2.85112516600        2.96668179700       Residual    274176.954670      MLUPs    1693.00284452    
  4  Maxtime , Mintime + JacobiMi , JacobiMa    3.06185748800        3.06185517600        2.85043593500        2.96628854600       Residual    112289.951988      MLUPs    1693.08990386    
  4  Maxtime , Mintime + JacobiMi , JacobiMa    3.06197095900        3.06195966500        2.85115764600        2.96649517600       Residual    57854.6260465      MLUPs    1693.02716107    
  4  Maxtime , Mintime + JacobiMi , JacobiMa    3.06242792200        3.06242090400        2.85044599100        2.96694569900       Residual    34436.9975830      MLUPs    1692.77453447    
  4  Maxtime , Mintime + JacobiMi , JacobiMa    3.06231369400        3.06230189300        2.85085309400        2.96684185500       Residual    22486.1931454      MLUPs    1692.83767700    
  4  Maxtime , Mintime + JacobiMi , JacobiMa    3.06280978000        3.06279348500        2.85189485800        2.96701418800       Residual    15648.2371577      MLUPs    1692.56348659    
  4  Maxtime , Mintime + JacobiMi , JacobiMa    3.06274974900        3.06274443200        2.85134868700        2.96754003800       Residual    11410.0780518      MLUPs    1692.59666145    
