# Threadlevel provided:        3 out of        0        1        2        3
  spat_dim , proc_dim, PBC ? 
           1 -Dim Input          600           1 T
           2 -Dim Input         2400           4 T
           3 -Dim Input         7200          12 T
#   0 Process grid   1   4  12
          20           3           2
          22           3           2
          24           3           2
          26           3           2
          28           3           2
          30           3           2
          32           3           2
          34           3           2
          36           3           2
          38           3           2
          40           3           2
          42           3           2
          44           3           2
          46           3           2
           0           3           2
#   0  Allocated 2 arrays with a total of  3490.68      Mbytes 
           2           3           2
           4           3           2
           6           3           2
           8           3           2
          10           3           2
          12           3           2
          14           3           2
          16           3           2
          18           3           2
           1           3           2
           3           3           2
           5           3           2
           7           3           2
           9           3           2
          11           3           2
          13           3           2
          15           3           2
          17           3           2
          19           3           2
          21           3           2
          23           3           2
          25           3           2
          27           3           2
          29           3           2
          31           3           2
          33           3           2
          35           3           2
          37           3           2
          39           3           2
          41           3           2
          43           3           2
          45           3           2
          47           3           2
# StartResidual    0.00000000000    
  4  Maxtime , Mintime + JacobiMi , JacobiMa    2.00082832100        1.99289425000        1.88432817400        1.92397642500       Residual    64056666.6158      MLUPs    5181.85388081    
  4  Maxtime , Mintime + JacobiMi , JacobiMa    1.97591198400        1.97572634400        1.88675857700        1.92343237500       Residual    10666666.6666      MLUPs    5247.19728609    
  4  Maxtime , Mintime + JacobiMi , JacobiMa    1.98330346500        1.98329340700        1.88590383700        1.93025551300       Residual    2271604.93759      MLUPs    5227.64175174    
  4  Maxtime , Mintime + JacobiMi , JacobiMa    1.97587885000        1.97586225800        1.88676256100        1.92307008300       Residual    674897.119214      MLUPs    5247.28527764    
  4  Maxtime , Mintime + JacobiMi , JacobiMa    1.97660177100        1.97659597400        1.88576498400        1.92430629500       Residual    276406.035664      MLUPs    5245.36613906    
  4  Maxtime , Mintime + JacobiMi , JacobiMa    1.97459154700        1.97458475400        1.88659556400        1.92235263800       Residual    142411.387188      MLUPs    5250.70616035    
  4  Maxtime , Mintime + JacobiMi , JacobiMa    1.97529490900        1.97528044200        1.88518245000        1.92214579500       Residual    84767.9940506      MLUPs    5248.83649158    
  4  Maxtime , Mintime + JacobiMi , JacobiMa    1.97525393700        1.97523712000        1.88588032400        1.92282315800       Residual    55350.6292802      MLUPs    5248.94536636    
  4  Maxtime , Mintime + JacobiMi , JacobiMa    1.97645671900        1.97644685600        1.88687566100        1.92341877900       Residual    38518.7376189      MLUPs    5245.75109606    
  4  Maxtime , Mintime + JacobiMi , JacobiMa    1.97596129800        1.97594965600        1.88643110200        1.92360555800       Residual    28086.3459730      MLUPs    5247.06633196    
