# Threadlevel provided:        3 out of        0        1        2        3
  spat_dim , proc_dim, PBC ? 
           1 -Dim Input         9600          16 T
           2 -Dim Input         1800           3 T
           3 -Dim Input          600           1 T
#   0 Process grid  16   3   1
           2           3           2
           3           3           2
           4           3           2
           5           3           2
           7           3           2
           8           3           2
           9           3           2
          11           3           2
          12           3           2
          15           3           2
          16           3           2
          17           3           2
          18           3           2
          19           3           2
          20           3           2
          21           3           2
          23           3           2
          25           3           2
          28           3           2
          29           3           2
          31           3           2
          33           3           2
          34           3           2
          35           3           2
          36           3           2
          37           3           2
          39           3           2
          40           3           2
          41           3           2
          43           3           2
          44           3           2
          45           3           2
          47           3           2
           0           3           2
#   0  Allocated 2 arrays with a total of  3490.68      Mbytes 
           1           3           2
           6           3           2
          13           3           2
          14           3           2
          24           3           2
          27           3           2
          30           3           2
          38           3           2
          46           3           2
          10           3           2
          22           3           2
          26           3           2
          42           3           2
          32           3           2
# StartResidual    0.00000000000    
  4  Maxtime , Mintime + JacobiMi , JacobiMa    4.11319565000        4.11272043600        3.81779430100        3.99722369800       Residual    67066666.6135      MLUPs    2520.66784132    
  4  Maxtime , Mintime + JacobiMi , JacobiMa    4.10940332400        4.10937772800        3.81879989700        3.99591705200       Residual    11166666.6666      MLUPs    2522.99401703    
  4  Maxtime , Mintime + JacobiMi , JacobiMa    4.10943579500        4.10940851500        3.81751958800        3.99610088600       Residual    2378086.41902      MLUPs    2522.97408141    
  4  Maxtime , Mintime + JacobiMi , JacobiMa    4.11245424600        4.11243675600        3.81882378400        3.99940119100       Residual    706532.921637      MLUPs    2521.12227390    
  4  Maxtime , Mintime + JacobiMi , JacobiMa    4.11177179200        4.11175858900        3.81858858800        3.99865776300       Residual    289362.568584      MLUPs    2521.54071881    
  4  Maxtime , Mintime + JacobiMi , JacobiMa    4.11207395900        4.11176130800        3.81835664000        3.99888972200       Residual    149086.920966      MLUPs    2521.35542876    
  4  Maxtime , Mintime + JacobiMi , JacobiMa    4.11084955500        4.11082521300        3.81867219500        3.99779482600       Residual    88741.4937712      MLUPs    2522.10640679    
  4  Maxtime , Mintime + JacobiMi , JacobiMa    4.11131800800        4.11130198200        3.81842119200        3.99820630200       Residual    57945.1900286      MLUPs    2521.81903220    
  4  Maxtime , Mintime + JacobiMi , JacobiMa    4.11310298500        4.11280295700        3.82083017500        3.99973611900       Residual    40324.3034448      MLUPs    2520.72463000    
  4  Maxtime , Mintime + JacobiMi , JacobiMa    4.11484728400        4.11483359100        3.82178595700        4.00161658100       Residual    29402.8934415      MLUPs    2519.65608549    
