# Threadlevel provided:        3 out of        0        1        2        3
  spat_dim , proc_dim, PBC ? 
           1 -Dim Input         9600          16 T
           2 -Dim Input         1800           3 T
           3 -Dim Input          600           1 T
#   0 Process grid  16   3   1
           1           3           2
           2           3           2
           3           3           2
           5           3           2
           6           3           2
           7           3           2
           8           3           2
           9           3           2
          10           3           2
          11           3           2
          13           3           2
          14           3           2
          15           3           2
          16           3           2
          17           3           2
          18           3           2
          19           3           2
          22           3           2
          23           3           2
          24           3           2
          25           3           2
          26           3           2
          27           3           2
          29           3           2
          31           3           2
          33           3           2
          35           3           2
          37           3           2
          39           3           2
          40           3           2
          42           3           2
          46           3           2
          47           3           2
           0           3           2
#   0  Allocated 2 arrays with a total of  3490.68      Mbytes 
           4           3           2
          12           3           2
          20           3           2
          28           3           2
          30           3           2
          36           3           2
          38           3           2
          41           3           2
          44           3           2
          34           3           2
          43           3           2
          32           3           2
          45           3           2
          21           3           2
# StartResidual    0.00000000000    
  4  Maxtime , Mintime + JacobiMi , JacobiMa    4.10152333300        4.10112463300        3.81222141200        3.98331377700       Residual    67066666.6135      MLUPs    2527.84128194    
  4  Maxtime , Mintime + JacobiMi , JacobiMa    4.09758842900        4.09757434800        3.81133422800        3.98220200200       Residual    11166666.6666      MLUPs    2530.26876165    
  4  Maxtime , Mintime + JacobiMi , JacobiMa    4.09762882300        4.09760764000        3.81122084500        3.98238120700       Residual    2378086.41902      MLUPs    2530.24381852    
  4  Maxtime , Mintime + JacobiMi , JacobiMa    4.09848106200        4.09846179600        3.81270757000        3.98330049200       Residual    706532.921637      MLUPs    2529.71767910    
  4  Maxtime , Mintime + JacobiMi , JacobiMa    4.09761644800        4.09759336200        3.81283822600        3.98246818200       Residual    289362.568584      MLUPs    2530.25145998    
  4  Maxtime , Mintime + JacobiMi , JacobiMa    4.15842060400        4.15810337700        3.75705767300        4.01152456900       Residual    149086.920966      MLUPs    2493.25428746    
  4  Maxtime , Mintime + JacobiMi , JacobiMa    4.13647009500        4.13644627100        3.80759490600        3.98723687100       Residual    88741.4937712      MLUPs    2506.48494051    
  4  Maxtime , Mintime + JacobiMi , JacobiMa    4.13742994600        4.13741725000        3.81011917800        3.98818964300       Residual    57945.1900286      MLUPs    2505.90345585    
  4  Maxtime , Mintime + JacobiMi , JacobiMa    4.13882025800        4.13880311900        3.81030332400        3.98943116800       Residual    40324.3034448      MLUPs    2505.06167306    
  4  Maxtime , Mintime + JacobiMi , JacobiMa    4.13933733300        4.13930854300        3.81244323600        3.99048348400       Residual    29402.8934415      MLUPs    2504.74874742    
