# Threadlevel provided:        3 out of        0        1        2        3
  spat_dim , proc_dim, PBC ? 
           1 -Dim Input          600           1 T
           2 -Dim Input         4800           8 T
           3 -Dim Input         3600           6 T
#   0 Process grid   1   8   6
           1           3           2
           3           3           2
           4           3           2
           5           3           2
           6           3           2
           7           3           2
           8           3           2
           9           3           2
          10           3           2
          11           3           2
          12           3           2
          13           3           2
          14           3           2
          15           3           2
          16           3           2
          17           3           2
          18           3           2
          19           3           2
          20           3           2
          21           3           2
          22           3           2
          23           3           2
          24           3           2
          25           3           2
          26           3           2
          27           3           2
          28           3           2
          29           3           2
          30           3           2
          31           3           2
          32           3           2
          33           3           2
          34           3           2
          35           3           2
          36           3           2
          37           3           2
          38           3           2
          39           3           2
          40           3           2
          42           3           2
          43           3           2
          44           3           2
          45           3           2
          46           3           2
          47           3           2
           0           3           2
#   0  Allocated 2 arrays with a total of  3490.68      Mbytes 
           2           3           2
          41           3           2
# StartResidual    0.00000000000    
  4  Maxtime , Mintime + JacobiMi , JacobiMa    5.05341490800        5.04259683200        3.05039566700        4.93343681700       Residual    62049999.9507      MLUPs    2051.68191980    
  4  Maxtime , Mintime + JacobiMi , JacobiMa    4.11181834100        4.11178784700        3.82295669600        4.00377113100       Residual    10333333.3333      MLUPs    2521.51217300    
  4  Maxtime , Mintime + JacobiMi , JacobiMa    4.10940747800        4.10939562900        3.82135656800        4.00093295200       Residual    2200617.28329      MLUPs    2522.99146665    
  4  Maxtime , Mintime + JacobiMi , JacobiMa    4.12295636600        4.12293871300        3.82154742900        4.01533193200       Residual    653806.584240      MLUPs    2514.70039448    
  4  Maxtime , Mintime + JacobiMi , JacobiMa    4.10402541600        4.10399328200        3.82171639400        3.99009608500       Residual    267768.347049      MLUPs    2526.30014414    
  4  Maxtime , Mintime + JacobiMi , JacobiMa    4.10302064200        4.10300634000        3.82137313600        3.98927747700       Residual    137961.031338      MLUPs    2526.91880072    
  4  Maxtime , Mintime + JacobiMi , JacobiMa    4.10399597100        4.10398466300        3.82237167500        3.99011733300       Residual    82118.9942364      MLUPs    2526.31826962    
  4  Maxtime , Mintime + JacobiMi , JacobiMa    4.10363293500        4.10361423100        3.82394314600        3.99047122400       Residual    53620.9221152      MLUPs    2526.54176536    
  4  Maxtime , Mintime + JacobiMi , JacobiMa    4.10482866500        4.10480786600        3.82407246800        3.98989892200       Residual    37315.0270682      MLUPs    2525.80578780    
  4  Maxtime , Mintime + JacobiMi , JacobiMa    4.10602745500        4.10599282100        3.82567211300        3.99179021800       Residual    27208.6476612      MLUPs    2525.06835710    
