# Threadlevel provided:        3 out of        0        1        2        3
  spat_dim , proc_dim, PBC ? 
           1 -Dim Input         3600           6 T
           2 -Dim Input         4800           8 T
           3 -Dim Input          600           1 T
#   0 Process grid   6   8   1
           4           3           2
           6           3           2
           8           3           2
          10           3           2
          12           3           2
          14           3           2
          20           3           2
          22           3           2
          24           3           2
          26           3           2
          30           3           2
          32           3           2
          34           3           2
          36           3           2
          40           3           2
          42           3           2
          44           3           2
           0           3           2
#   0  Allocated 2 arrays with a total of  3490.68      Mbytes 
           2           3           2
          16           3           2
          28           3           2
          38           3           2
          46           3           2
          18           3           2
           3           3           2
           5           3           2
           7           3           2
          13           3           2
          19           3           2
          21           3           2
          29           3           2
          31           3           2
          43           3           2
          45           3           2
           1           3           2
           9           3           2
          15           3           2
          17           3           2
          23           3           2
          25           3           2
          27           3           2
          33           3           2
          35           3           2
          37           3           2
          39           3           2
          41           3           2
          47           3           2
          11           3           2
# StartResidual    0.00000000000    
  4  Maxtime , Mintime + JacobiMi , JacobiMa    1.99141864700        1.98347408100        1.88446629000        1.92378636300       Residual    62049999.9507      MLUPs    5206.33871518    
  4  Maxtime , Mintime + JacobiMi , JacobiMa    1.97567098500        1.97564895300        1.88604279700        1.92235209600       Residual    10333333.3333      MLUPs    5247.83735689    
  4  Maxtime , Mintime + JacobiMi , JacobiMa    1.97598609200        1.97598115400        1.88644323100        1.92235139100       Residual    2200617.28328      MLUPs    5247.00049356    
  4  Maxtime , Mintime + JacobiMi , JacobiMa    1.97699451200        1.97698935900        1.88451428900        1.92335184300       Residual    653806.584205      MLUPs    5244.32411778    
  4  Maxtime , Mintime + JacobiMi , JacobiMa    1.97615558400        1.97614588700        1.88515774800        1.92237385400       Residual    267768.347048      MLUPs    5246.55046594    
  4  Maxtime , Mintime + JacobiMi , JacobiMa    1.97566587800        1.97565955100        1.88548189000        1.92231928600       Residual    137961.031342      MLUPs    5247.85092229    
  4  Maxtime , Mintime + JacobiMi , JacobiMa    1.97704806300        1.97704129200        1.88515711800        1.92350988300       Residual    82118.9942360      MLUPs    5244.18206822    
  4  Maxtime , Mintime + JacobiMi , JacobiMa    1.97904320900        1.97901701300        1.88504926500        1.92534364300       Residual    53620.9221159      MLUPs    5238.89521606    
  4  Maxtime , Mintime + JacobiMi , JacobiMa    1.97903210600        1.97901006900        1.88669253600        1.92582592700       Residual    37315.0270683      MLUPs    5238.92460793    
  4  Maxtime , Mintime + JacobiMi , JacobiMa    1.97885353900        1.97884180400        1.88684485400        1.92541099000       Residual    27208.6476620      MLUPs    5239.39735593    
