# Threadlevel provided:        3 out of        0        1        2        3
  spat_dim , proc_dim, PBC ? 
           1 -Dim Input         3600           6 T
           2 -Dim Input         1200           2 T
           3 -Dim Input         1200           2 T
#   0 Process grid   6   2   2
          18           3           2
          20           3           2
          22           3           2
           0           3           2
#   0  Allocated 2 arrays with a total of  3490.68      Mbytes 
           2           3           2
           4           3           2
           6           3           2
           8           3           2
          10           3           2
          12           3           2
          14           3           2
          16           3           2
           1           3           2
           5           3           2
           9           3           2
          13           3           2
          17           3           2
          19           3           2
          21           3           2
          23           3           2
           3           3           2
           7           3           2
          11           3           2
          15           3           2
# StartResidual    0.00000000000    
  4  Maxtime , Mintime + JacobiMi , JacobiMa    1.94525006600        1.94408052100        1.88138831700        1.88891679900       Residual    28033333.3112      MLUPs    2664.95300044    
  4  Maxtime , Mintime + JacobiMi , JacobiMa    1.94181685900        1.94180550200        1.88155363900        1.88882249700       Residual    4666666.66664      MLUPs    2669.66473999    
  4  Maxtime , Mintime + JacobiMi , JacobiMa    1.94111618800        1.94111213100        1.88127774600        1.88853049300       Residual    993827.160188      MLUPs    2670.62839002    
  4  Maxtime , Mintime + JacobiMi , JacobiMa    1.94166634000        1.94166165800        1.88182245800        1.88897720000       Residual    295267.489640      MLUPs    2669.87169382    
  4  Maxtime , Mintime + JacobiMi , JacobiMa    1.94120571300        1.94119911100        1.88138042600        1.88843239300       Residual    120927.640602      MLUPs    2670.50522533    
  4  Maxtime , Mintime + JacobiMi , JacobiMa    1.94167204500        1.94165762500        1.88168114100        1.88910708900       Residual    62304.9818966      MLUPs    2669.86384923    
  4  Maxtime , Mintime + JacobiMi , JacobiMa    1.94126526000        1.94126008900        1.88133014700        1.88868768300       Residual    37085.9973970      MLUPs    2670.42330938    
  4  Maxtime , Mintime + JacobiMi , JacobiMa    1.94142682900        1.94142142900        1.88157750000        1.88887071000       Residual    24215.9003105      MLUPs    2670.20107200    
  4  Maxtime , Mintime + JacobiMi , JacobiMa    1.94124823100        1.94124046700        1.88135739500        1.88860313600       Residual    16851.9477083      MLUPs    2670.44673485    
  4  Maxtime , Mintime + JacobiMi , JacobiMa    1.94135455500        1.94135002000        1.88145770600        1.88875359700       Residual    12287.7763636      MLUPs    2670.30047997    
