# Threadlevel provided:        3 out of        0        1        2        3
  spat_dim , proc_dim, PBC ? 
           1 -Dim Input         9600          16 T
           2 -Dim Input          600           1 T
           3 -Dim Input         1800           3 T
#   0 Process grid  16   1   3
           1           3           2
           4           3           2
           5           3           2
           6           3           2
           7           3           2
           8           3           2
           9           3           2
          10           3           2
          11           3           2
          12           3           2
          13           3           2
          14           3           2
          15           3           2
          16           3           2
          18           3           2
          19           3           2
          20           3           2
          21           3           2
          22           3           2
          23           3           2
          24           3           2
          25           3           2
          26           3           2
          27           3           2
          28           3           2
          29           3           2
          30           3           2
          32           3           2
          34           3           2
          35           3           2
          36           3           2
          37           3           2
          38           3           2
          39           3           2
          40           3           2
          41           3           2
          42           3           2
          43           3           2
          44           3           2
          45           3           2
          46           3           2
          47           3           2
           0           3           2
#   0  Allocated 2 arrays with a total of  3490.68      Mbytes 
           2           3           2
           3           3           2
          17           3           2
          31           3           2
          33           3           2
# StartResidual    0.00000000000    
  4  Maxtime , Mintime + JacobiMi , JacobiMa    4.10458403400        4.10448840500        3.81668897700        3.99153974500       Residual    67066666.6135      MLUPs    2525.95632447    
  4  Maxtime , Mintime + JacobiMi , JacobiMa    4.10129781800        4.10128029600        3.81671648600        3.99020969200       Residual    11166666.6666      MLUPs    2527.98027846    
  4  Maxtime , Mintime + JacobiMi , JacobiMa    4.10197095100        4.10193770200        3.81690778300        3.99014746100       Residual    2378086.41902      MLUPs    2527.56543716    
  4  Maxtime , Mintime + JacobiMi , JacobiMa    4.10239321500        4.10236125000        3.81781325400        3.99089999800       Residual    706532.921637      MLUPs    2527.30527198    
  4  Maxtime , Mintime + JacobiMi , JacobiMa    4.10244723500        4.10208662700        3.81665635700        3.99075719600       Residual    289362.568584      MLUPs    2527.27199305    
  4  Maxtime , Mintime + JacobiMi , JacobiMa    4.10300654800        4.10264538600        3.81814523200        3.99127204600       Residual    149086.920966      MLUPs    2526.92748079    
  4  Maxtime , Mintime + JacobiMi , JacobiMa    4.10253370700        4.10252443000        3.81720929400        3.99069814400       Residual    88741.4937712      MLUPs    2527.21872396    
  4  Maxtime , Mintime + JacobiMi , JacobiMa    4.10369431200        4.10368007100        3.81864945000        3.99193164100       Residual    57945.1900286      MLUPs    2526.50397708    
  4  Maxtime , Mintime + JacobiMi , JacobiMa    4.10279940300        4.10278561400        3.81734382300        3.99096205500       Residual    40324.3034448      MLUPs    2527.05506207    
  4  Maxtime , Mintime + JacobiMi , JacobiMa    4.10291118000        4.10289052300        3.81867925600        3.99159680100       Residual    29402.8934415      MLUPs    2526.98621665    
