# Threadlevel provided:        3 out of        0        1        2        3
  spat_dim , proc_dim, PBC ? 
           1 -Dim Input         9600          16 T
           2 -Dim Input         1800           3 T
           3 -Dim Input          600           1 T
#   0 Process grid  16   3   1
          14           3           2
          16           3           2
          18           3           2
          20           3           2
          22           3           2
          24           3           2
          26           3           2
          28           3           2
          30           3           2
          32           3           2
          34           3           2
          36           3           2
          38           3           2
          40           3           2
          42           3           2
          44           3           2
          46           3           2
           0           3           2
#   0  Allocated 2 arrays with a total of  3490.68      Mbytes 
           2           3           2
           4           3           2
           6           3           2
           8           3           2
          10           3           2
          12           3           2
           1           3           2
           3           3           2
           5           3           2
           7           3           2
           9           3           2
          11           3           2
          13           3           2
          15           3           2
          17           3           2
          19           3           2
          21           3           2
          23           3           2
          25           3           2
          27           3           2
          29           3           2
          31           3           2
          33           3           2
          35           3           2
          37           3           2
          39           3           2
          41           3           2
          43           3           2
          45           3           2
          47           3           2
# StartResidual    0.00000000000    
  4  Maxtime , Mintime + JacobiMi , JacobiMa    2.00889986900        2.00773599000        1.88205840600        1.92379875000       Residual    67066666.6135      MLUPs    5161.03373791    
  4  Maxtime , Mintime + JacobiMi , JacobiMa    1.97941574200        1.97922726100        1.88182313000        1.92743970200       Residual    11166666.6666      MLUPs    5237.90923756    
  4  Maxtime , Mintime + JacobiMi , JacobiMa    1.96996957300        1.96995355700        1.88216158800        1.91798194400       Residual    2378086.41902      MLUPs    5263.02545080    
  4  Maxtime , Mintime + JacobiMi , JacobiMa    1.98367009200        1.98365461000        1.88200504700        1.93293446200       Residual    706532.921637      MLUPs    5226.67556557    
  4  Maxtime , Mintime + JacobiMi , JacobiMa    1.97929667300        1.97928312000        1.88221865500        1.91689617000       Residual    289362.568584      MLUPs    5238.22433566    
  4  Maxtime , Mintime + JacobiMi , JacobiMa    1.97431845100        1.97430831800        1.88177699300        1.92184022900       Residual    149086.920966      MLUPs    5251.43246002    
  4  Maxtime , Mintime + JacobiMi , JacobiMa    1.97126079100        1.97125336900        1.88222746700        1.91597076400       Residual    88741.4937712      MLUPs    5259.57805651    
  4  Maxtime , Mintime + JacobiMi , JacobiMa    1.96983544100        1.96983018900        1.88197813600        1.91824303400       Residual    57945.1900286      MLUPs    5263.38382598    
  4  Maxtime , Mintime + JacobiMi , JacobiMa    1.96999836600        1.96999013000        1.88229735400        1.91636064700       Residual    40324.3034448      MLUPs    5262.94852775    
  4  Maxtime , Mintime + JacobiMi , JacobiMa    1.97419587500        1.97418561300        1.88246000400        1.92106037800       Residual    29402.8934415      MLUPs    5251.75851662    
