# Threadlevel provided:        3 out of        0        1        2        3
  spat_dim , proc_dim, PBC ? 
           1 -Dim Input         9600          16 T
           2 -Dim Input         1800           3 T
           3 -Dim Input          600           1 T
#   0 Process grid  16   3   1
           4           3           2
           6           3           2
           8           3           2
          10           3           2
          14           3           2
          16           3           2
          18           3           2
          20           3           2
          22           3           2
          24           3           2
          26           3           2
          28           3           2
          30           3           2
          32           3           2
          34           3           2
          36           3           2
          38           3           2
          40           3           2
          42           3           2
          44           3           2
          46           3           2
           0           3           2
#   0  Allocated 2 arrays with a total of  3490.68      Mbytes 
           2           3           2
          12           3           2
           1           3           2
           3           3           2
           5           3           2
           7           3           2
           9           3           2
          11           3           2
          13           3           2
          15           3           2
          17           3           2
          19           3           2
          21           3           2
          23           3           2
          25           3           2
          27           3           2
          29           3           2
          31           3           2
          33           3           2
          35           3           2
          37           3           2
          39           3           2
          41           3           2
          43           3           2
          45           3           2
          47           3           2
# StartResidual    0.00000000000    
  4  Maxtime , Mintime + JacobiMi , JacobiMa    2.03718175100        2.02689691100        1.88225786000        1.91568941600       Residual    67066666.6135      MLUPs    5089.38389759    
  4  Maxtime , Mintime + JacobiMi , JacobiMa    1.97033355500        1.97015451000        1.88445942800        1.91736070800       Residual    11166666.6666      MLUPs    5262.05320601    
  4  Maxtime , Mintime + JacobiMi , JacobiMa    1.97514753600        1.97512802100        1.88571664200        1.92315553200       Residual    2378086.41902      MLUPs    5249.22812652    
  4  Maxtime , Mintime + JacobiMi , JacobiMa    1.97081785000        1.97080117300        1.88577365400        1.91789502300       Residual    706532.921637      MLUPs    5260.76014585    
  4  Maxtime , Mintime + JacobiMi , JacobiMa    1.97032814600        1.97030970300        1.88564211800        1.91741749600       Residual    289362.568584      MLUPs    5262.06765155    
  4  Maxtime , Mintime + JacobiMi , JacobiMa    1.97022236100        1.97021319400        1.88645126000        1.91643806100       Residual    149086.920966      MLUPs    5262.35018201    
  4  Maxtime , Mintime + JacobiMi , JacobiMa    2.02316715700        2.01077562300        1.89587850200        1.94692067000       Residual    88741.4937712      MLUPs    5124.63834940    
  4  Maxtime , Mintime + JacobiMi , JacobiMa    1.97012621900        1.97010635000        1.88679625100        1.91758518600       Residual    57945.1900286      MLUPs    5262.60698427    
  4  Maxtime , Mintime + JacobiMi , JacobiMa    1.97389439600        1.97370243400        1.88691867200        1.92039754500       Residual    40324.3034448      MLUPs    5252.56063395    
  4  Maxtime , Mintime + JacobiMi , JacobiMa    1.97035524100        1.97034228700        1.88683348000        1.91732677100       Residual    29402.8934415      MLUPs    5261.99529113    
