# Threadlevel provided:        3 out of        0        1        2        3
  spat_dim , proc_dim, PBC ? 
           1 -Dim Input         4800           8 T
           2 -Dim Input         3600           6 T
           3 -Dim Input          600           1 T
#   0 Process grid   8   6   1
           2           3           2
           4           3           2
           6           3           2
           8           3           2
          10           3           2
          12           3           2
          14           3           2
          16           3           2
          18           3           2
          20           3           2
          22           3           2
          24           3           2
          26           3           2
          28           3           2
          30           3           2
          32           3           2
          34           3           2
          36           3           2
          38           3           2
          40           3           2
          42           3           2
          44           3           2
          46           3           2
           0           3           2
#   0  Allocated 2 arrays with a total of  3490.68      Mbytes 
           1           3           2
           3           3           2
           5           3           2
           7           3           2
           9           3           2
          11           3           2
          13           3           2
          15           3           2
          17           3           2
          19           3           2
          21           3           2
          23           3           2
          25           3           2
          27           3           2
          29           3           2
          31           3           2
          33           3           2
          35           3           2
          37           3           2
          39           3           2
          41           3           2
          43           3           2
          45           3           2
          47           3           2
# StartResidual    0.00000000000    
  4  Maxtime , Mintime + JacobiMi , JacobiMa    2.00115071400        1.99207815100        1.88220440100        1.92396881900       Residual    62049999.9507      MLUPs    5181.01906441    
  4  Maxtime , Mintime + JacobiMi , JacobiMa    1.98887016500        1.98885331900        1.88400768100        1.93615253600       Residual    10333333.3333      MLUPs    5213.00997041    
  4  Maxtime , Mintime + JacobiMi , JacobiMa    1.98026586600        1.98025842600        1.88507502700        1.92689831600       Residual    2200617.28328      MLUPs    5235.66061407    
  4  Maxtime , Mintime + JacobiMi , JacobiMa    1.98326605700        1.98324999400        1.88524173000        1.92659684400       Residual    653806.584203      MLUPs    5227.74035456    
  4  Maxtime , Mintime + JacobiMi , JacobiMa    1.99194449600        1.99070104000        1.88639354200        1.93827595100       Residual    267768.347048      MLUPs    5204.96430539    
  4  Maxtime , Mintime + JacobiMi , JacobiMa    1.98127003600        1.98088300000        1.88600027500        1.92788219800       Residual    137961.031342      MLUPs    5233.00701652    
  4  Maxtime , Mintime + JacobiMi , JacobiMa    1.98092275700        1.98073745900        1.88625516700        1.92795450500       Residual    82118.9942360      MLUPs    5233.92442404    
  4  Maxtime , Mintime + JacobiMi , JacobiMa    1.99014974400        1.99012100300        1.88617289300        1.93738688400       Residual    53620.9221160      MLUPs    5209.65823364    
  4  Maxtime , Mintime + JacobiMi , JacobiMa    1.98212998700        1.98211260200        1.88690476600        1.92919113800       Residual    37315.0270683      MLUPs    5230.73666611    
  4  Maxtime , Mintime + JacobiMi , JacobiMa    1.99263554200        1.99244792300        1.88660001800        1.93986928900       Residual    27208.6476621      MLUPs    5203.15922379    
