# Threadlevel provided:        3 out of        0        1        2        3
  spat_dim , proc_dim, PBC ? 
           1 -Dim Input         4800           8 T
           2 -Dim Input         1800           3 T
           3 -Dim Input         1200           2 T
#   0 Process grid   8   3   2
           3           3           2
           4           3           2
           5           3           2
           7           3           2
           8           3           2
           9           3           2
          11           3           2
          12           3           2
          13           3           2
          16           3           2
          17           3           2
          19           3           2
          20           3           2
          21           3           2
          23           3           2
          24           3           2
          25           3           2
          27           3           2
          28           3           2
          29           3           2
          32           3           2
          33           3           2
          35           3           2
          36           3           2
          37           3           2
          40           3           2
          41           3           2
          43           3           2
          44           3           2
          45           3           2
          47           3           2
           0           3           2
#   0  Allocated 2 arrays with a total of  3490.68      Mbytes 
           1           3           2
          15           3           2
          31           3           2
           2           3           2
          10           3           2
          18           3           2
          26           3           2
          34           3           2
          42           3           2
          39           3           2
           6           3           2
          14           3           2
          22           3           2
          30           3           2
          38           3           2
          46           3           2
# StartResidual    0.00000000000    
  4  Maxtime , Mintime + JacobiMi , JacobiMa    4.11516193300        4.11473127100        3.82060287800        3.99656790400       Residual    46043333.2968      MLUPs    2519.46343031    
  4  Maxtime , Mintime + JacobiMi , JacobiMa    4.11119083600        4.11116545500        3.81961234700        3.99567760400       Residual    7666666.66662      MLUPs    2521.89703996    
  4  Maxtime , Mintime + JacobiMi , JacobiMa    4.11173229200        4.11170133200        3.81944727200        3.99611571400       Residual    1632716.04888      MLUPs    2521.56494239    
  4  Maxtime , Mintime + JacobiMi , JacobiMa    4.11157296900        4.11154821100        3.81846364000        3.99584971200       Residual    485082.304407      MLUPs    2521.66265275    
  4  Maxtime , Mintime + JacobiMi , JacobiMa    4.11183647100        4.11181725800        3.81940354100        3.99637319700       Residual    198666.838132      MLUPs    2521.50105509    
  4  Maxtime , Mintime + JacobiMi , JacobiMa    4.11203394800        4.11170502600        3.82035398200        3.99652906300       Residual    102358.184544      MLUPs    2521.37996211    
  4  Maxtime , Mintime + JacobiMi , JacobiMa    4.11248594300        4.11246996200        3.81938651800        3.99661290900       Residual    60926.9957236      MLUPs    2521.10284234    
  4  Maxtime , Mintime + JacobiMi , JacobiMa    4.11702117600        4.11700182600        3.82060121600        3.99725674500       Residual    39783.2647958      MLUPs    2518.32564293    
  4  Maxtime , Mintime + JacobiMi , JacobiMa    4.11365466400        4.11363727100        3.82114838800        3.99794518200       Residual    27685.3426636      MLUPs    2520.38657759    
  4  Maxtime , Mintime + JacobiMi , JacobiMa    4.11363972000        4.11362457500        3.82100939300        3.99792837000       Residual    20187.0611687      MLUPs    2520.39573364    
