# Threadlevel provided:        3 out of        0        1        2        3
  spat_dim , proc_dim, PBC ? 
           1 -Dim Input         4800           8 T
           2 -Dim Input         1800           3 T
           3 -Dim Input         1200           2 T
#   0 Process grid   8   3   2
           2           3           2
           4           3           2
           6           3           2
          12           3           2
          14           3           2
          16           3           2
          18           3           2
          20           3           2
          22           3           2
          28           3           2
          30           3           2
          32           3           2
          34           3           2
          36           3           2
          38           3           2
          44           3           2
          46           3           2
           0           3           2
#   0  Allocated 2 arrays with a total of  3490.68      Mbytes 
           5           3           2
           7           3           2
           8           3           2
           9           3           2
          11           3           2
          13           3           2
          15           3           2
          17           3           2
          21           3           2
          23           3           2
          24           3           2
          25           3           2
          27           3           2
          29           3           2
          31           3           2
          33           3           2
          37           3           2
          39           3           2
          40           3           2
          41           3           2
          43           3           2
          45           3           2
          47           3           2
           1           3           2
           3           3           2
          35           3           2
          10           3           2
          26           3           2
          42           3           2
          19           3           2
# StartResidual    0.00000000000    
  4  Maxtime , Mintime + JacobiMi , JacobiMa    4.10342146300        4.10306892200        3.81965935200        3.98447281000       Residual    46043333.2968      MLUPs    2526.67197203    
  4  Maxtime , Mintime + JacobiMi , JacobiMa    4.14336321400        4.14333834200        3.81953807600        4.03515708200       Residual    7666666.66662      MLUPs    2502.31501911    
  4  Maxtime , Mintime + JacobiMi , JacobiMa    4.14324838600        4.14321189700        3.81906773000        4.03505671600       Residual    1632716.04888      MLUPs    2502.38436948    
  4  Maxtime , Mintime + JacobiMi , JacobiMa    4.14368941800        4.14367696600        3.81942662500        4.03540316600       Residual    485082.304407      MLUPs    2502.11802916    
  4  Maxtime , Mintime + JacobiMi , JacobiMa    4.14323506600        4.14321044100        3.81910518800        4.03517370800       Residual    198666.838132      MLUPs    2502.39241434    
  4  Maxtime , Mintime + JacobiMi , JacobiMa    4.14459328700        4.14456756800        3.81981268300        4.03653158300       Residual    102358.184544      MLUPs    2501.57235754    
  4  Maxtime , Mintime + JacobiMi , JacobiMa    4.14364886500        4.14255486500        3.81971198400        4.03438135500       Residual    60926.9957236      MLUPs    2502.14251685    
  4  Maxtime , Mintime + JacobiMi , JacobiMa    4.14383901900        4.14382097800        3.81788788800        4.03578762500       Residual    39783.2647958      MLUPs    2502.02769762    
  4  Maxtime , Mintime + JacobiMi , JacobiMa    4.14327001600        4.14324745100        3.81864091700        4.03524049200       Residual    27685.3426636      MLUPs    2502.37130575    
  4  Maxtime , Mintime + JacobiMi , JacobiMa    4.14708539000        4.14705105400        3.82043641600        4.03907033200       Residual    20187.0611687      MLUPs    2500.06909069    
