# Threadlevel provided:        3 out of        0        1        2        3
  spat_dim , proc_dim, PBC ? 
           1 -Dim Input         1200           2 T
           2 -Dim Input         1200           2 T
           3 -Dim Input         7200          12 T
#   0 Process grid   2   2  12
           2           3           2
           3           3           2
           4           3           2
           5           3           2
           7           3           2
           8           3           2
           9           3           2
          10           3           2
          11           3           2
          12           3           2
          13           3           2
          15           3           2
          16           3           2
          17           3           2
          18           3           2
          19           3           2
          20           3           2
          21           3           2
          23           3           2
          24           3           2
          25           3           2
          26           3           2
          27           3           2
          29           3           2
          31           3           2
          32           3           2
          33           3           2
          34           3           2
          35           3           2
          36           3           2
          37           3           2
          39           3           2
          40           3           2
          41           3           2
          42           3           2
          43           3           2
          44           3           2
          45           3           2
          47           3           2
           0           3           2
#   0  Allocated 2 arrays with a total of  3490.68      Mbytes 
           1           3           2
           6           3           2
          14           3           2
          22           3           2
          28           3           2
          30           3           2
          38           3           2
          46           3           2
# StartResidual    0.00000000000    
  4  Maxtime , Mintime + JacobiMi , JacobiMa    4.11440980900        4.11411425100        3.81928997400        4.00103639500       Residual    52053333.2921      MLUPs    2519.92399428    
  4  Maxtime , Mintime + JacobiMi , JacobiMa    4.10871191100        4.10870041000        3.81817089400        3.99682717800       Residual    8666666.66662      MLUPs    2523.41858582    
  4  Maxtime , Mintime + JacobiMi , JacobiMa    4.10826612800        4.10824403100        3.81789549700        3.99710369500       Residual    1845679.01179      MLUPs    2523.69239893    
  4  Maxtime , Mintime + JacobiMi , JacobiMa    4.11188729000        4.11185975300        3.81930657000        4.00215861700       Residual    548353.909347      MLUPs    2521.46989175    
  4  Maxtime , Mintime + JacobiMi , JacobiMa    4.10807545900        4.10776251500        3.81860008900        3.99718295900       Residual    224579.903975      MLUPs    2523.80953161    
  4  Maxtime , Mintime + JacobiMi , JacobiMa    4.11434522800        4.11432415400        3.81989387500        4.00349055500       Residual    115709.252092      MLUPs    2519.96354838    
  4  Maxtime , Mintime + JacobiMi , JacobiMa    4.11305130100        4.11303884000        3.81879292800        4.00287337700       Residual    68873.9951658      MLUPs    2520.75630505    
  4  Maxtime , Mintime + JacobiMi , JacobiMa    4.11114826000        4.11112925900        3.81970169700        4.00000963300       Residual    44972.3862906      MLUPs    2521.92315730    
  4  Maxtime , Mintime + JacobiMi , JacobiMa    4.11350770600        4.11348262000        3.81921002500        4.00317293100       Residual    31296.4743154      MLUPs    2520.47662020    
  4  Maxtime , Mintime + JacobiMi , JacobiMa    4.12551610400        4.12549866800        3.82028208500        4.00389924300       Residual    22820.1561033      MLUPs    2513.14011111    
