# Threadlevel provided:        3 out of        0        1        2        3
  spat_dim , proc_dim, PBC ? 
           1 -Dim Input         1200           2 T
           2 -Dim Input         1200           2 T
           3 -Dim Input         7200          12 T
#   0 Process grid   2   2  12
          16           3           2
          18           3           2
          20           3           2
          24           3           2
          26           3           2
          28           3           2
          30           3           2
          32           3           2
          34           3           2
          36           3           2
          38           3           2
          42           3           2
          44           3           2
          46           3           2
           0           3           2
#   0  Allocated 2 arrays with a total of  3490.68      Mbytes 
           2           3           2
           4           3           2
           6           3           2
           8           3           2
          10           3           2
          12           3           2
          14           3           2
          40           3           2
          22           3           2
           3           3           2
           5           3           2
           7           3           2
           9           3           2
          11           3           2
          13           3           2
          15           3           2
          17           3           2
          19           3           2
          21           3           2
          23           3           2
          25           3           2
          27           3           2
          29           3           2
          31           3           2
          33           3           2
          35           3           2
          37           3           2
          39           3           2
          41           3           2
          43           3           2
          45           3           2
          47           3           2
           1           3           2
# StartResidual    0.00000000000    
  4  Maxtime , Mintime + JacobiMi , JacobiMa    4.10617811000        4.10604864200        3.82080565700        3.98665380400       Residual    52053333.2921      MLUPs    2524.97571276    
  4  Maxtime , Mintime + JacobiMi , JacobiMa    4.10299963900        4.10297947400        3.81920648700        3.98862737500       Residual    8666666.66662      MLUPs    2526.93173586    
  4  Maxtime , Mintime + JacobiMi , JacobiMa    4.10203214100        4.10201739800        3.81947115100        3.98784300900       Residual    1845679.01179      MLUPs    2527.52773348    
  4  Maxtime , Mintime + JacobiMi , JacobiMa    4.10290399200        4.10288152800        3.82017029400        3.98874815500       Residual    548353.909347      MLUPs    2526.99064375    
  4  Maxtime , Mintime + JacobiMi , JacobiMa    4.10675279000        4.10300957100        3.82039723400        3.98825524200       Residual    224579.903975      MLUPs    2524.62237933    
  4  Maxtime , Mintime + JacobiMi , JacobiMa    4.10464466700        4.10463767900        3.82029095200        3.99055114500       Residual    115709.252092      MLUPs    2525.91901154    
  4  Maxtime , Mintime + JacobiMi , JacobiMa    4.10457696400        4.10455580500        3.82092689700        3.98984651000       Residual    68873.9951658      MLUPs    2525.96067535    
  4  Maxtime , Mintime + JacobiMi , JacobiMa    4.10631555100        4.10629238800        3.82086204400        3.99185834700       Residual    44972.3862906      MLUPs    2524.89120021    
  4  Maxtime , Mintime + JacobiMi , JacobiMa    4.10496649900        4.10495838900        3.82170661600        3.99092389600       Residual    31296.4743154      MLUPs    2525.72097788    
  4  Maxtime , Mintime + JacobiMi , JacobiMa    4.10623838700        4.10621967300        3.82341991200        3.99215547100       Residual    22820.1561033      MLUPs    2524.93864770    
