# Threadlevel provided:        3 out of        0        1        2        3
  spat_dim , proc_dim, PBC ? 
           1 -Dim Input         1800           3 T
           2 -Dim Input         2400           4 T
           3 -Dim Input         1200           2 T
#   0 Process grid   3   4   2
          20           3           2
          22           3           2
          23           3           2
           0           3           2
#   0  Allocated 2 arrays with a total of  3490.68      Mbytes 
           1           3           2
           2           3           2
           3           3           2
           4           3           2
           5           3           2
           6           3           2
           7           3           2
           8           3           2
           9           3           2
          10           3           2
          11           3           2
          12           3           2
          13           3           2
          14           3           2
          15           3           2
          16           3           2
          17           3           2
          18           3           2
          19           3           2
          21           3           2
# StartResidual    0.00000000000    
  4  Maxtime , Mintime + JacobiMi , JacobiMa    3.05973363400        3.05967763900        2.85084179600        2.96160319100       Residual    26029999.9794      MLUPs    1694.26512896    
  4  Maxtime , Mintime + JacobiMi , JacobiMa    3.05646334600        3.05645669500        2.85011481600        2.96064294700       Residual    4333333.33331      MLUPs    1696.07792182    
  4  Maxtime , Mintime + JacobiMi , JacobiMa    3.05749604600        3.05748076900        2.84941123100        2.96144749400       Residual    922839.505891      MLUPs    1695.50505447    
  4  Maxtime , Mintime + JacobiMi , JacobiMa    3.05671892600        3.05670680000        2.84946747800        2.96117803700       Residual    274176.954670      MLUPs    1695.93610845    
  4  Maxtime , Mintime + JacobiMi , JacobiMa    3.05737125600        3.05736362200        2.85021401200        2.96175593200       Residual    112289.951988      MLUPs    1695.57425839    
  4  Maxtime , Mintime + JacobiMi , JacobiMa    3.05753742600        3.05753001000        2.85228055900        2.96154203300       Residual    57854.6260465      MLUPs    1695.48210789    
  4  Maxtime , Mintime + JacobiMi , JacobiMa    3.05732215900        3.05730452400        2.85052446700        2.96147834900       Residual    34436.9975830      MLUPs    1695.60148731    
  4  Maxtime , Mintime + JacobiMi , JacobiMa    3.05718524700        3.05717614700        2.85098281700        2.96128409300       Residual    22486.1931454      MLUPs    1695.67742259    
  4  Maxtime , Mintime + JacobiMi , JacobiMa    3.05706638200        3.05704705600        2.85127526100        2.96123022300       Residual    15648.2371577      MLUPs    1695.74335400    
  4  Maxtime , Mintime + JacobiMi , JacobiMa    3.05749162300        3.05748108400        2.85185574900        2.96184711800       Residual    11410.0780518      MLUPs    1695.50750720    
