# Threadlevel provided:        3 out of        0        1        2        3
  spat_dim , proc_dim, PBC ? 
           1 -Dim Input        14400          24 T
           2 -Dim Input          600           1 T
           3 -Dim Input         1200           2 T
#   0 Process grid  24   1   2
          10           3           2
          12           3           2
          14           3           2
          16           3           2
          18           3           2
          20           3           2
          22           3           2
          24           3           2
          26           3           2
          28           3           2
          30           3           2
          32           3           2
          34           3           2
          36           3           2
          38           3           2
          42           3           2
          44           3           2
          46           3           2
           0           3           2
#   0  Allocated 2 arrays with a total of  3490.68      Mbytes 
           2           3           2
           4           3           2
           6           3           2
           8           3           2
          40           3           2
           1           3           2
           3           3           2
           5           3           2
           7           3           2
           9           3           2
          11           3           2
          13           3           2
          15           3           2
          17           3           2
          19           3           2
          21           3           2
          23           3           2
          25           3           2
          27           3           2
          29           3           2
          31           3           2
          33           3           2
          35           3           2
          37           3           2
          39           3           2
          41           3           2
          43           3           2
          45           3           2
          47           3           2
# StartResidual    0.00000000000    
  4  Maxtime , Mintime + JacobiMi , JacobiMa    1.99040184300        1.98878705300        1.88515815400        1.93679902300       Residual    74089999.9415      MLUPs    5208.99839219    
  4  Maxtime , Mintime + JacobiMi , JacobiMa    1.99060044500        1.99058711900        1.88664179400        1.93938328600       Residual    12333333.3332      MLUPs    5208.47869096    
  4  Maxtime , Mintime + JacobiMi , JacobiMa    1.98805711100        1.98804810400        1.88709727300        1.93673040200       Residual    2626543.20907      MLUPs    5215.14193060    
  4  Maxtime , Mintime + JacobiMi , JacobiMa    1.98887089400        1.98886490600        1.88777394400        1.93703704000       Residual    780349.794049      MLUPs    5213.00805964    
  4  Maxtime , Mintime + JacobiMi , JacobiMa    1.98772767200        1.98771994900        1.88670573400        1.93608611800       Residual    319594.478736      MLUPs    5216.00626990    
  4  Maxtime , Mintime + JacobiMi , JacobiMa    1.98751854400        1.98751387000        1.88548372800        1.93633186100       Residual    164663.166441      MLUPs    5216.55510149    
  4  Maxtime , Mintime + JacobiMi , JacobiMa    1.98725292400        1.98723954300        1.88488257400        1.93589308400       Residual    98012.9931205      MLUPs    5217.25235615    
  4  Maxtime , Mintime + JacobiMi , JacobiMa    1.99358711600        1.99357543200        1.88734696800        1.93690466900       Residual    63999.1651062      MLUPs    5200.67566488    
  4  Maxtime , Mintime + JacobiMi , JacobiMa    1.98908904800        1.98907004000        1.88686823500        1.93774498200       Residual    44537.2903721      MLUPs    5212.43632125    
  4  Maxtime , Mintime + JacobiMi , JacobiMa    1.98794365100        1.98774819100        1.88715214100        1.93626144600       Residual    32474.8375327      MLUPs    5215.43957988    
